[UnityMemory] Configuration Parameters - Can be set up in boot.config
    "memorysetup-bucket-allocator-granularity=16"
    "memorysetup-bucket-allocator-bucket-count=8"
    "memorysetup-bucket-allocator-block-size=4194304"
    "memorysetup-bucket-allocator-block-count=1"
    "memorysetup-main-allocator-block-size=16777216"
    "memorysetup-thread-allocator-block-size=16777216"
    "memorysetup-gfx-main-allocator-block-size=16777216"
    "memorysetup-gfx-thread-allocator-block-size=16777216"
    "memorysetup-cache-allocator-block-size=4194304"
    "memorysetup-typetree-allocator-block-size=2097152"
    "memorysetup-profiler-bucket-allocator-granularity=16"
    "memorysetup-profiler-bucket-allocator-bucket-count=8"
    "memorysetup-profiler-bucket-allocator-block-size=4194304"
    "memorysetup-profiler-bucket-allocator-block-count=1"
    "memorysetup-profiler-allocator-block-size=16777216"
    "memorysetup-profiler-editor-allocator-block-size=1048576"
    "memorysetup-temp-allocator-size-main=4194304"
    "memorysetup-job-temp-allocator-block-size=2097152"
    "memorysetup-job-temp-allocator-block-size-background=1048576"
    "memorysetup-job-temp-allocator-reduction-small-platforms=262144"
    "memorysetup-allocator-temp-initial-block-size-main=262144"
    "memorysetup-allocator-temp-initial-block-size-worker=262144"
    "memorysetup-temp-allocator-size-background-worker=32768"
    "memorysetup-temp-allocator-size-job-worker=262144"
    "memorysetup-temp-allocator-size-preload-manager=262144"
    "memorysetup-temp-allocator-size-nav-mesh-worker=65536"
    "memorysetup-temp-allocator-size-audio-worker=65536"
    "memorysetup-temp-allocator-size-cloud-worker=32768"
    "memorysetup-temp-allocator-size-gfx=262144"
Remaining time:29s
Found 2 interfaces on host : 0) 10.141.0.33 1) 10.149.0.33
Player connection [140275625844608] Multi-casting "[IP] 10.141.0.33 [Port] 55015 [Flags] 19 [Guid] 2332430766 [EditorId] 3765082745 [Version] 1048832 [Id] LinuxPlayer(13,10.141.0.33) [Debug] 0 [PackageName] LinuxPlayer [ProjectName] Opencraft" to [225.0.0.222:54997]...

Direct connection to host time out.
Stopping profiler. Profiler is not able to flush data to a file or socket and exceeded maximum allowed memory for buffering.
Please use Profiler.maxUsedMemory API or -profiler-maxusedmemory command line parameter to increase maximum allowed memory usage.
Using 134234112 bytes while Profiler.maxUsedMemory is 134217728 bytes.
Failed to initialize networking layer after 30 seconds, skipping waiting for connection before starting playback.
Preloaded 'lib_burst_generated.so'
Preloaded 'libwebrtc.so'
[Physics::Module] Initialized MultithreadedJobDispatcher with 47 workers.
Initialize engine version: 2022.3.16f1 (d2c21f0ef2f1)
[Subsystems] Discovering subsystems at path /var/scratch/zmr280/opencraft/opencraft_Data/UnitySubsystems
Forcing GfxDevice: Null
GfxDevice: creating device client; threaded=0; jobified=0
NullGfxDevice:
    Version:  NULL 1.0 [1.0]
    Renderer: Null Device
    Vendor:   Unity Technologies
ERROR: Shader Hidden/Universal Render Pipeline/Blit shader is not supported on this GPU (none of subshaders/fallbacks are suitable)
ERROR: Shader Hidden/Universal Render Pipeline/CopyDepth shader is not supported on this GPU (none of subshaders/fallbacks are suitable)
ERROR: Shader Hidden/Universal Render Pipeline/Sampling shader is not supported on this GPU (none of subshaders/fallbacks are suitable)
ERROR: Shader Hidden/Universal Render Pipeline/LutBuilderLdr shader is not supported on this GPU (none of subshaders/fallbacks are suitable)
ERROR: Shader Hidden/Universal Render Pipeline/LutBuilderHdr shader is not supported on this GPU (none of subshaders/fallbacks are suitable)
ERROR: Shader Hidden/Universal Render Pipeline/UberPost shader is not supported on this GPU (none of subshaders/fallbacks are suitable)
ERROR: Shader Hidden/Universal Render Pipeline/Debug/DebugReplacement shader is not supported on this GPU (none of subshaders/fallbacks are suitable)
ERROR: Shader Hidden/Universal/HDRDebugView shader is not supported on this GPU (none of subshaders/fallbacks are suitable)
WARNING: Shader Unsupported: 'Hidden/Universal Render Pipeline/FallbackError' - All subshaders removed
WARNING: Shader Did you use #pragma only_renderers and omit this platform?
WARNING: Shader If subshaders removal was intentional, you may have forgotten turning Fallback off?
ERROR: Shader Hidden/Universal Render Pipeline/FallbackError shader is not supported on this GPU (none of subshaders/fallbacks are suitable)
WARNING: Shader Unsupported: 'Hidden/Universal Render Pipeline/FallbackError' - All subshaders removed
WARNING: Shader Did you use #pragma only_renderers and omit this platform?
WARNING: Shader If subshaders removal was intentional, you may have forgotten turning Fallback off?
WARNING: Shader Unsupported: 'Hidden/Universal Render Pipeline/StencilDeferred' - All subshaders removed
WARNING: Shader Did you use #pragma only_renderers and omit this platform?
WARNING: Shader If subshaders removal was intentional, you may have forgotten turning Fallback off?
ERROR: Shader Hidden/Universal Render Pipeline/StencilDeferred shader is not supported on this GPU (none of subshaders/fallbacks are suitable)
WARNING: Shader Unsupported: 'Hidden/Universal Render Pipeline/StencilDeferred' - All subshaders removed
WARNING: Shader Did you use #pragma only_renderers and omit this platform?
WARNING: Shader If subshaders removal was intentional, you may have forgotten turning Fallback off?
ERROR: Shader Hidden/Universal Render Pipeline/CameraMotionVectors shader is not supported on this GPU (none of subshaders/fallbacks are suitable)
ERROR: Shader Hidden/Universal Render Pipeline/ObjectMotionVectors shader is not supported on this GPU (none of subshaders/fallbacks are suitable)
ERROR: Shader Hidden/Universal Render Pipeline/LensFlareDataDriven shader is not supported on this GPU (none of subshaders/fallbacks are suitable)
ERROR: Shader Hidden/Universal Render Pipeline/ScreenSpaceAmbientOcclusion shader is not supported on this GPU (none of subshaders/fallbacks are suitable)
ERROR: Shader Hidden/Universal Render Pipeline/Stop NaN shader is not supported on this GPU (none of subshaders/fallbacks are suitable)
ERROR: Shader Hidden/Universal Render Pipeline/SubpixelMorphologicalAntialiasing shader is not supported on this GPU (none of subshaders/fallbacks are suitable)
ERROR: Shader Hidden/Universal Render Pipeline/TemporalAA shader is not supported on this GPU (none of subshaders/fallbacks are suitable)
ERROR: Shader Hidden/Universal Render Pipeline/Scaling Setup shader is not supported on this GPU (none of subshaders/fallbacks are suitable)
ERROR: Shader Hidden/Universal Render Pipeline/Edge Adaptive Spatial Upsampling shader is not supported on this GPU (none of subshaders/fallbacks are suitable)
ERROR: Shader Hidden/Universal Render Pipeline/FinalPost shader is not supported on this GPU (none of subshaders/fallbacks are suitable)
ERROR: Shader Sprites/Default shader is not supported on this GPU (none of subshaders/fallbacks are suitable)
ERROR: Shader Sprites/Mask shader is not supported on this GPU (none of subshaders/fallbacks are suitable)
ERROR: Shader GUI/Text Shader shader is not supported on this GPU (none of subshaders/fallbacks are suitable)
UnloadTime: 0.905308 ms
Parsing args: /var/scratch/zmr280/opencraft/opencraft.x86_64, -batchmode, -nographics, -logStats, True, -serverUrl, 10.141.0.1, -statsFile, /var/scratch/zmr280/runs/players-activeLogic_2-Layer_6x_6z_200p_120s/opencraft_stats/client159.csv, -userID, 159, -playType, Client, -emulationType, Simulation
Setting up worlds with playType Client and streaming role Disabled
Adding type with UniqueSystemAttribute: StatisticsSystem
Adding type with UniqueSystemAttribute: StatisticsSystem
Failed to create websocket: System.Net.Sockets.SocketException (0x80004005): Address already in use
  at System.Net.Sockets.Socket.Bind (System.Net.EndPoint localEP) [0x00000] in <00000000000000000000000000000000>:0 
  at Unity.NetCode.DebugWebSocket..ctor (System.UInt16 port) [0x00000] in <00000000000000000000000000000000>:0 
  at Unity.NetCode.GhostStatsConnection..ctor () [0x00000] in <00000000000000000000000000000000>:0 
  at Unity.NetCode.GhostStatsFlushSystem.OnCreate () [0x00000] in <00000000000000000000000000000000>:0 
  at Unity.Entities.ComponentSystemBase.CreateInstance (Unity.Entities.World world) [0x00000] in <00000000000000000000000000000000>:0 
  at Unity.Entities.World.AddSystem_OnCreate_Internal (Unity.Entities.ComponentSystemBase system) [0x00000] in <00000000000000000000000000000000>:0 
  at Unity.Entities.World.GetOrCreateSystemsAndLogException (Unity.Collections.NativeList`1[T] types, System.Int32 typesCount, Unity.Collections.AllocatorManager+AllocatorHandle allocator) [0x00000] in <00000000000000000000000000000000>:0 
  at Unity.Entities.World.GetOrCreateSystemsAndLogException (Unity.Collections.NativeList`1[T] types, Unity.Collections.AllocatorManager+AllocatorHandle allocator) [0x00000] in <00000000000000000000000000000000>:0 
  at Unity.Entities.DefaultWorldInitialization.AddSystemToRootLevelSystemGroupsInternal[T] (Unity.Entities.World world, Unity.Collections.NativeList`1[T] systemTypesOrig, Unity.Entities.ComponentSystemGroup defaultGroup, T rootGroups) [0x00000] in <00000000000000000000000000000000>:0 
  at Unity.Entities.DefaultWorldInitialization.AddSystemToRootLevelSystemGroupsInternal (Unity.Entities.World world, Unity.Collections.NativeList`1[T] systemTypesOrig) [0x00000] in <00000000000000000000000000000000>:0 
  at Unity.Entities.DefaultWorldInitialization.AddSystemsToRootLevelSystemGroups (Unity.Entities.World world, System.Collections.Generic.IReadOnlyList`1[T] systemTypes) [0x00000] in <00000000000000000000000000000000>:0 
  at PolkaDOTS.Bootstrap.GameBootstrap.CreateClientWorld (System.String name, Unity.Entities.WorldFlags flags, System.Collections.Generic.IReadOnlyList`1[T] systems) [0x00000] in <00000000000000000000000000000000>:0 
  at PolkaDOTS.Bootstrap.GameBootstrap.CreateDefaultClientWorld (System.String worldName, System.Boolean isHost, System.Boolean isCloudHost) [0x00000] in <00000000000000000000000000000000>:0 
  at PolkaDOTS.Bootstrap.GameBootstrap.SetupWorlds (PolkaDOTS.Deployment.MultiplayStreamingRoles mRole, PolkaDOTS.Bootstrap.GameBootstrap+BootstrapPlayTypes playTypes, Unity.Collections.NativeList`1[Unity.Entities.WorldUnmanaged]& worldReferences, System.Int32 numSimulatedClients, System.Boolean autoStart, System.Boolean autoConnect, System.String serverUrl, System.UInt16 serverPort, System.String signalingUrl, System.String worldName) [0x00000] in <00000000000000000000000000000000>:0 
  at PolkaDOTS.Bootstrap.GameBootstrap.SetupWorldsFromLocalConfig () [0x00000] in <00000000000000000000000000000000>:0 
  at PolkaDOTS.Bootstrap.GameBootstrap.Initialize (System.String defaultWorldName) [0x00000] in <00000000000000000000000000000000>:0 
  at Unity.Entities.CustomWorldInitialization.Initialize (System.String defaultWorldName, System.Boolean editorWorld) [0x00000] in <00000000000000000000000000000000>:0 
  at Unity.Entities.CustomAutomaticWorldBootstrap.Initialize () [0x00000] in <00000000000000000000000000000000>:0 
UnityEngine.DebugLogHandler:Internal_Log(LogType, LogOption, String, Object)
UnityEngine.DebugLogHandler:LogFormat(LogType, Object, String, Object[])
UnityEngine.Logger:Log(LogType, Object)
UnityEngine.Debug:LogError(Object)
Unity.NetCode.DebugWebSocket:.ctor(UInt16)
Unity.NetCode.GhostStatsConnection:.ctor()
Unity.NetCode.GhostStatsFlushSystem:OnCreate()
Unity.Entities.ComponentSystemBase:CreateInstance(World)
Unity.Entities.World:AddSystem_OnCreate_Internal(ComponentSystemBase)
Unity.Entities.World:GetOrCreateSystemsAndLogException(NativeList`1, Int32, AllocatorHandle)
Unity.Entities.World:GetOrCreateSystemsAndLogException(NativeList`1, AllocatorHandle)
Unity.Entities.DefaultWorldInitialization:AddSystemToRootLevelSystemGroupsInternal(World, NativeList`1, ComponentSystemGroup, T)
Unity.Entities.DefaultWorldInitialization:AddSystemToRootLevelSystemGroupsInternal(World, NativeList`1)
Unity.Entities.DefaultWorldInitialization:AddSystemsToRootLevelSystemGroups(World, IReadOnlyList`1)
PolkaDOTS.Bootstrap.GameBootstrap:CreateClientWorld(String, WorldFlags, IReadOnlyList`1)
PolkaDOTS.Bootstrap.GameBootstrap:CreateDefaultClientWorld(String, Boolean, Boolean)
PolkaDOTS.Bootstrap.GameBootstrap:SetupWorlds(MultiplayStreamingRoles, BootstrapPlayTypes, NativeList`1&, Int32, Boolean, Boolean, String, UInt16, String, String)
PolkaDOTS.Bootstrap.GameBootstrap:SetupWorldsFromLocalConfig()
PolkaDOTS.Bootstrap.GameBootstrap:Initialize(String)
Unity.Entities.CustomWorldInitialization:Initialize(String, Boolean)
Unity.Entities.CustomAutomaticWorldBootstrap:Initialize()

Adding world ClientWorld to update list
Connecting worlds with playType Client and streaming role Disabled
Created connection request for 10.141.0.1:7979
Creating statistics writer!
Recorder [ServerFixedUpdate] is invalid!
UnityEngine.DebugLogHandler:Internal_Log(LogType, LogOption, String, Object)
UnityEngine.DebugLogHandler:LogFormat(LogType, Object, String, Object[])
UnityEngine.Logger:Log(LogType, Object)
UnityEngine.Debug:LogWarning(Object)
PolkaDOTS.Statistics.StatisticsWriter:.ctor()
PolkaDOTS.Statistics.StatisticsWriterInstance:Awake()

Recorder [TerrainGeneration] is invalid!
UnityEngine.DebugLogHandler:Internal_Log(LogType, LogOption, String, Object)
UnityEngine.DebugLogHandler:LogFormat(LogType, Object, String, Object[])
UnityEngine.Logger:Log(LogType, Object)
UnityEngine.Debug:LogWarning(Object)
PolkaDOTS.Statistics.StatisticsWriter:.ctor()
PolkaDOTS.Statistics.StatisticsWriterInstance:Awake()

Recorder [PlayerTerrainGenCheck] is invalid!
UnityEngine.DebugLogHandler:Internal_Log(LogType, LogOption, String, Object)
UnityEngine.DebugLogHandler:LogFormat(LogType, Object, String, Object[])
UnityEngine.Logger:Log(LogType, Object)
UnityEngine.Debug:LogWarning(Object)
PolkaDOTS.Statistics.StatisticsWriter:.ctor()
PolkaDOTS.Statistics.StatisticsWriterInstance:Awake()

Recorder [StructureGeneration] is invalid!
UnityEngine.DebugLogHandler:Internal_Log(LogType, LogOption, String, Object)
UnityEngine.DebugLogHandler:LogFormat(LogType, Object, String, Object[])
UnityEngine.Logger:Log(LogType, Object)
UnityEngine.Debug:LogWarning(Object)
PolkaDOTS.Statistics.StatisticsWriter:.ctor()
PolkaDOTS.Statistics.StatisticsWriterInstance:Awake()

Recorder [TerrainLogicSystem] is invalid!
UnityEngine.DebugLogHandler:Internal_Log(LogType, LogOption, String, Object)
UnityEngine.DebugLogHandler:LogFormat(LogType, Object, String, Object[])
UnityEngine.Logger:Log(LogType, Object)
UnityEngine.Debug:LogWarning(Object)
PolkaDOTS.Statistics.StatisticsWriter:.ctor()
PolkaDOTS.Statistics.StatisticsWriterInstance:Awake()

Recorder [GetUpdates] is invalid!
UnityEngine.DebugLogHandler:Internal_Log(LogType, LogOption, String, Object)
UnityEngine.DebugLogHandler:LogFormat(LogType, Object, String, Object[])
UnityEngine.Logger:Log(LogType, Object)
UnityEngine.Debug:LogWarning(Object)
PolkaDOTS.Statistics.StatisticsWriter:.ctor()
PolkaDOTS.Statistics.StatisticsWriterInstance:Awake()

Recorder [ReevaluatePropagateMarker] is invalid!
UnityEngine.DebugLogHandler:Internal_Log(LogType, LogOption, String, Object)
UnityEngine.DebugLogHandler:LogFormat(LogType, Object, String, Object[])
UnityEngine.Logger:Log(LogType, Object)
UnityEngine.Debug:LogWarning(Object)
PolkaDOTS.Statistics.StatisticsWriter:.ctor()
PolkaDOTS.Statistics.StatisticsWriterInstance:Awake()

Recorder [PropagateLogicState] is invalid!
UnityEngine.DebugLogHandler:Internal_Log(LogType, LogOption, String, Object)
UnityEngine.DebugLogHandler:LogFormat(LogType, Object, String, Object[])
UnityEngine.Logger:Log(LogType, Object)
UnityEngine.Debug:LogWarning(Object)
PolkaDOTS.Statistics.StatisticsWriter:.ctor()
PolkaDOTS.Statistics.StatisticsWriterInstance:Awake()

Recorder [PropInputBlocks] is invalid!
UnityEngine.DebugLogHandler:Internal_Log(LogType, LogOption, String, Object)
UnityEngine.DebugLogHandler:LogFormat(LogType, Object, String, Object[])
UnityEngine.Logger:Log(LogType, Object)
UnityEngine.Debug:LogWarning(Object)
PolkaDOTS.Statistics.StatisticsWriter:.ctor()
PolkaDOTS.Statistics.StatisticsWriterInstance:Awake()

Recorder [PropActiveLogicBlocks] is invalid!
UnityEngine.DebugLogHandler:Internal_Log(LogType, LogOption, String, Object)
UnityEngine.DebugLogHandler:LogFormat(LogType, Object, String, Object[])
UnityEngine.Logger:Log(LogType, Object)
UnityEngine.Debug:LogWarning(Object)
PolkaDOTS.Statistics.StatisticsWriter:.ctor()
PolkaDOTS.Statistics.StatisticsWriterInstance:Awake()

Recorder [CheckGateState] is invalid!
UnityEngine.DebugLogHandler:Internal_Log(LogType, LogOption, String, Object)
UnityEngine.DebugLogHandler:LogFormat(LogType, Object, String, Object[])
UnityEngine.Logger:Log(LogType, Object)
UnityEngine.Debug:LogWarning(Object)
PolkaDOTS.Statistics.StatisticsWriter:.ctor()
PolkaDOTS.Statistics.StatisticsWriterInstance:Awake()

Recorder [GhostSimulationSystemGroup] is invalid!
UnityEngine.DebugLogHandler:Internal_Log(LogType, LogOption, String, Object)
UnityEngine.DebugLogHandler:LogFormat(LogType, Object, String, Object[])
UnityEngine.Logger:Log(LogType, Object)
UnityEngine.Debug:LogWarning(Object)
PolkaDOTS.Statistics.StatisticsWriter:.ctor()
PolkaDOTS.Statistics.StatisticsWriterInstance:Awake()

Recorder [PredictedSimulationSystemGroup] is invalid!
UnityEngine.DebugLogHandler:Internal_Log(LogType, LogOption, String, Object)
UnityEngine.DebugLogHandler:LogFormat(LogType, Object, String, Object[])
UnityEngine.Logger:Log(LogType, Object)
UnityEngine.Debug:LogWarning(Object)
PolkaDOTS.Statistics.StatisticsWriter:.ctor()
PolkaDOTS.Statistics.StatisticsWriterInstance:Awake()

Initializing multiplay!
Found non-specified codec: VP8 Internal video/VP8 implementation_name=Internal
Found codec: VP9 Profile0
Found codec: VP9 Profile2
Found codec: VP9 Profile1
Found codec: VP9 Profile3
Found codec: AV1 Profile0
Found codec: AV1 Profile1
Could not find H264.High as streaming codec!
Adding terrain areas statistics recorders
Streamed scene with   57ms latency from /var/scratch/zmr280/opencraft/opencraft_Data/StreamingAssets/EntityScenes/bea83102298cfb741939cdba85abe535.0.entities
AutoLoading authoring scene in world ClientWorld
[03:21:01.0366070]:[ClientWorld] New connection ID:157
ERROR: Shader Custom/VoxelShader shader is not supported on this GPU (none of subshaders/fallbacks are suitable)
WARNING: Shader Unsupported: 'Hidden/Universal Render Pipeline/FallbackError' - All subshaders removed
WARNING: Shader Did you use #pragma only_renderers and omit this platform?
WARNING: Shader If subshaders removal was intentional, you may have forgotten turning Fallback off?
ERROR: Shader Hidden/Universal Render Pipeline/FallbackError shader is not supported on this GPU (none of subshaders/fallbacks are suitable)
WARNING: Shader Unsupported: 'Hidden/Universal Render Pipeline/FallbackError' - All subshaders removed
WARNING: Shader Did you use #pragma only_renderers and omit this platform?
WARNING: Shader If subshaders removal was intentional, you may have forgotten turning Fallback off?
WARNING: Shader Unsupported: 'Universal Render Pipeline/Lit' - All subshaders removed
WARNING: Shader Did you use #pragma only_renderers and omit this platform?
WARNING: Shader If subshaders removal was intentional, you may have forgotten turning Fallback off?
ERROR: Shader Universal Render Pipeline/Lit shader is not supported on this GPU (none of subshaders/fallbacks are suitable)
WARNING: Shader Unsupported: 'Universal Render Pipeline/Lit' - All subshaders removed
WARNING: Shader Did you use #pragma only_renderers and omit this platform?
WARNING: Shader If subshaders removal was intentional, you may have forgotten turning Fallback off?
WARNING: Shader Unsupported: 'Universal Render Pipeline/Unlit' - All subshaders removed
WARNING: Shader Did you use #pragma only_renderers and omit this platform?
WARNING: Shader If subshaders removal was intentional, you may have forgotten turning Fallback off?
ERROR: Shader Universal Render Pipeline/Unlit shader is not supported on this GPU (none of subshaders/fallbacks are suitable)
WARNING: Shader Unsupported: 'Universal Render Pipeline/Unlit' - All subshaders removed
WARNING: Shader Did you use #pragma only_renderers and omit this platform?
WARNING: Shader If subshaders removal was intentional, you may have forgotten turning Fallback off?
Streamed scene with   51ms latency from /var/scratch/zmr280/opencraft/opencraft_Data/StreamingAssets/EntityScenes/62561c7118c5bbb46929c6bf65331faa.0.entities
Sending start game stream RPC
Emulation type is Idle, Simulation
Creating local player object
Sending spawn player RPC for user 159
ERROR: Shader UI/Default shader is not supported on this GPU (none of subshaders/fallbacks are suitable)
Player 159 has no connection ID!
UnityEngine.DebugLogHandler:Internal_Log(LogType, LogOption, String, Object)
UnityEngine.DebugLogHandler:LogFormat(LogType, Object, String, Object[])
UnityEngine.Logger:Log(LogType, Object)
UnityEngine.Debug:LogWarning(Object)
Opencraft.Player.SamplePlayerInput:OnUpdate(SystemState&)
Opencraft.Player.SamplePlayerInput:__codegen__OnUpdate(IntPtr, IntPtr)

Linking player entity Entity(177:1) to 159@LOCALPLAYER
Player simulation searching for path from float3(0.5f, 7f, 0.5f) = int3(0, 7, 0) to int3(6, 7, 4)
Player simulation could not find a path from int3(0, 7, 0) to int3(6, 7, 4), will choose new target
Player simulation searching for path from float3(0.5f, 7f, 0.5f) = int3(0, 7, 0) to int3(6, 7, 7)
Player simulation could not find a path from int3(0, 7, 0) to int3(6, 7, 7), will choose new target
    2: Could not find target at int3(0, 7, 0)
    3: Could not find target at int3(0, 7, 0)
Player simulation searching for path from float3(0.5f, 7f, 0.5f) = int3(0, 7, 0) to int3(2, 7, 6)
Player simulation could not find a path from int3(0, 7, 0) to int3(2, 7, 6), will choose new target
    5: Could not find target at int3(0, 7, 0)
    6: Could not find target at int3(0, 7, 0)
Player simulation searching for path from float3(0.5f, 7f, 0.5f) = int3(0, 7, 0) to int3(0, 7, 14)
Player simulation could not find a path from int3(0, 7, 0) to int3(0, 7, 14), will choose new target
Player simulation searching for path from float3(0.5f, 7f, 0.5f) = int3(0, 7, 0) to int3(1, 7, 9)
Player simulation could not find a path from int3(0, 7, 0) to int3(1, 7, 9), will choose new target
ClientWorld player simulation could not find a path in 9 attempts, waiting to try again
Player simulation searching for path from float3(0.5f, 7f, 0.5f) = int3(0, 7, 0) to int3(6, 7, 4)
ClientWorld player simulation set new target int3(6, 7, 4)
ClientWorld player simulation reached target int3(6, 7, 4)
Player simulation searching for path from float3(6.509f, 7.1f, 4.361f) = int3(6, 7, 4) to int3(-4, 7, -1)
ClientWorld player simulation set new target int3(-4, 7, -1)
ClientWorld player simulation reached target int3(-4, 7, -1)
Player simulation searching for path from float3(-3.324421f, 7.1f, -0.4824215f) = int3(-4, 7, -1) to int3(14, 7, -12)
ClientWorld player simulation set new target int3(14, 7, -12)
ClientWorld player simulation reached target int3(14, 7, -12)
Player simulation searching for path from float3(14.53042f, 7.1f, -11.36143f) = int3(14, 7, -12) to int3(-6, 7, -12)
ClientWorld player simulation set new target int3(-6, 7, -12)
ClientWorld player simulation reached target int3(-6, 7, -12)
Player simulation searching for path from float3(-5.339999f, 7.1f, -11.533f) = int3(-6, 7, -12) to int3(-1, 7, -2)
ClientWorld player simulation set new target int3(-1, 7, -2)
ClientWorld player simulation reached target int3(-1, 7, -2)
Player simulation searching for path from float3(-0.6770254f, 7.1f, -1.535711f) = int3(-1, 7, -2) to int3(14, 7, -13)
ClientWorld player simulation set new target int3(14, 7, -13)
ClientWorld player simulation reached target int3(14, 7, -13)
Player simulation searching for path from float3(14.32243f, 7.1f, -12.50042f) = int3(14, 7, -13) to int3(-7, 7, 3)
ClientWorld player simulation set new target int3(-7, 7, 3)
ClientWorld player simulation reached target int3(-7, 7, 3)
Player simulation searching for path from float3(-6.47f, 7.1f, 3.395421f) = int3(-7, 7, 3) to int3(8, 7, 8)
ClientWorld player simulation set new target int3(8, 7, 8)
ClientWorld player simulation reached target int3(8, 7, 8)
Player simulation searching for path from float3(8.339002f, 7.1f, 8.522f) = int3(8, 7, 8) to int3(6, 7, 1)
ClientWorld player simulation set new target int3(6, 7, 1)
ClientWorld player simulation reached target int3(6, 7, 1)
Player simulation searching for path from float3(6.49f, 7.1f, 1.691f) = int3(6, 7, 1) to int3(6, 7, -14)
ClientWorld player simulation set new target int3(6, 7, -14)
ClientWorld player simulation reached target int3(6, 7, -14)
Player simulation searching for path from float3(6.49f, 7.1f, -13.309f) = int3(6, 7, -14) to int3(-12, 7, 2)
ClientWorld player simulation set new target int3(-12, 7, 2)
ClientWorld player simulation reached target int3(-12, 7, 2)
Player simulation searching for path from float3(-11.512f, 7.1f, 2.347421f) = int3(-12, 7, 2) to int3(13, 7, -13)
ClientWorld player simulation set new target int3(13, 7, -13)
ClientWorld player simulation reached target int3(13, 7, -13)
Player simulation searching for path from float3(13.38298f, 7.1f, -12.53071f) = int3(13, 7, -13) to int3(-4, 7, -11)
ClientWorld player simulation set new target int3(-4, 7, -11)
ClientWorld player simulation reached target int3(-4, 7, -11)
Player simulation searching for path from float3(-3.37f, 7.1f, -10.511f) = int3(-4, 7, -11) to int3(14, 7, 15)
ClientWorld player simulation set new target int3(14, 7, 15)
ClientWorld player simulation reached target int3(14, 7, 15)
Player simulation searching for path from float3(14.50529f, 7.1f, 15.34471f) = int3(14, 7, 15) to int3(-7, 7, 3)
ClientWorld player simulation set new target int3(-7, 7, 3)
ClientWorld player simulation reached target int3(-7, 7, 3)
Player simulation searching for path from float3(-6.378132f, 7.1f, 3.482132f) = int3(-7, 7, 3) to int3(8, 7, 8)
ClientWorld player simulation set new target int3(8, 7, 8)
ClientWorld player simulation reached target int3(8, 7, 8)
Player simulation searching for path from float3(8.331001f, 7.1f, 8.515f) = int3(8, 7, 8) to int3(6, 7, 1)
ClientWorld player simulation set new target int3(6, 7, 1)
ClientWorld player simulation reached target int3(6, 7, 1)
Player simulation searching for path from float3(6.47f, 7.1f, 1.689579f) = int3(6, 7, 1) to int3(6, 7, -14)
ClientWorld player simulation set new target int3(6, 7, -14)
ClientWorld player simulation reached target int3(6, 7, -14)
Player simulation searching for path from float3(6.47f, 7.1f, -13.311f) = int3(6, 7, -14) to int3(-12, 7, 2)
ClientWorld player simulation set new target int3(-12, 7, 2)
ClientWorld player simulation reached target int3(-12, 7, 2)
Player simulation searching for path from float3(-11.474f, 7.1f, 2.37f) = int3(-12, 7, 2) to int3(13, 7, -13)
ClientWorld player simulation set new target int3(13, 7, -13)
ClientWorld player simulation reached target int3(13, 7, -13)
Player simulation searching for path from float3(13.32f, 7.1f, -12.523f) = int3(13, 7, -13) to int3(-4, 7, -11)
ClientWorld player simulation set new target int3(-4, 7, -11)
ClientWorld player simulation reached target int3(-4, 7, -11)
Player simulation searching for path from float3(-3.37571f, 7.1f, -10.32829f) = int3(-4, 7, -11) to int3(14, 7, 15)
ClientWorld player simulation set new target int3(14, 7, 15)
ClientWorld player simulation reached target int3(14, 7, 15)
Player simulation searching for path from float3(14.508f, 7.1f, 15.39642f) = int3(14, 7, 15) to int3(-7, 7, 3)
ClientWorld player simulation set new target int3(-7, 7, 3)
ClientWorld player simulation reached target int3(-7, 7, 3)
Player simulation searching for path from float3(-6.388f, 7.1f, 3.48f) = int3(-7, 7, 3) to int3(8, 7, 8)
ClientWorld player simulation set new target int3(8, 7, 8)
ClientWorld player simulation reached target int3(8, 7, 8)
Player simulation searching for path from float3(8.350001f, 7.1f, 8.494f) = int3(8, 7, 8) to int3(6, 7, 1)
ClientWorld player simulation set new target int3(6, 7, 1)
ClientWorld player simulation reached target int3(6, 7, 1)
Player simulation searching for path from float3(6.606421f, 7.1f, 1.685736f) = int3(6, 7, 1) to int3(6, 7, -14)
ClientWorld player simulation set new target int3(6, 7, -14)
ClientWorld player simulation reached target int3(6, 7, -14)
Player simulation searching for path from float3(6.529f, 7.1f, -13.309f) = int3(6, 7, -14) to int3(-12, 7, 2)
ClientWorld player simulation set new target int3(-12, 7, 2)
ClientWorld player simulation reached target int3(-12, 7, 2)
Player simulation searching for path from float3(-11.53185f, 7.1f, 2.395843f) = int3(-12, 7, 2) to int3(13, 7, -13)
ClientWorld player simulation set new target int3(13, 7, -13)
ClientWorld player simulation reached target int3(13, 7, -13)
Player simulation searching for path from float3(13.39756f, 7.1f, -12.48529f) = int3(13, 7, -13) to int3(-4, 7, -11)
ClientWorld player simulation set new target int3(-4, 7, -11)
ClientWorld player simulation reached target int3(-4, 7, -11)
Player simulation searching for path from float3(-3.363421f, 7.1f, -10.531f) = int3(-4, 7, -11) to int3(14, 7, 15)
ClientWorld player simulation set new target int3(14, 7, 15)
ClientWorld player simulation reached target int3(14, 7, 15)
Player simulation searching for path from float3(14.37144f, 7.1f, 15.39298f) = int3(14, 7, 15) to int3(-7, 7, 3)
ClientWorld player simulation set new target int3(-7, 7, 3)
ClientWorld player simulation reached target int3(-7, 7, 3)
Player simulation searching for path from float3(-6.349239f, 7.1f, 3.53052f) = int3(-7, 7, 3) to int3(8, 7, 8)
ClientWorld player simulation set new target int3(8, 7, 8)
[03:23:17.1610320]:[ClientWorld] Connection disconnected ID:157 Reason:Timeout
Caught fatal signal - signo:15 code:0 errno:0 addr:0x150200090b52
Obtained 20 stack frames.
#0  0x007f94754e49c9 in PlayerMain(int, char**)
#1  0x007f94754d94b7 in (Unknown)
#2  0x007f9473241c20 in funlockfile
#3  0x007ffeaf9f9b58 in clock_gettime
#4  0x007f9472f2d97a in clock_gettime
#5  0x007f94762bcbb8 in __clock_gettime
#6  0x007f94752ea18a in PlayerMain(int, char**)
#7  0x007f9474fcf424 in (Unknown)
#8  0x007f94750ff1c3 in (Unknown)
#9  0x007f9475be7c50 in (Unknown)
#10 0x007f9475be85df in PlayerMain(int, char**)
#11 0x007f9475bd84bd in PlayerMain(int, char**)
#12 0x007f9475bd8c29 in PlayerMain(int, char**)
#13 0x007f9474f6fdae in PlayerMain(int, char**)
#14 0x007f9474f5c247 in (Unknown)
#15 0x007f9474f5c201 in (Unknown)
#16 0x007f9474f5c570 in (Unknown)
#17 0x007f94754db077 in (Unknown)
#18 0x007f9472e8d493 in PlayerMain(int, char**)
#19 0x00000000201029 in __libc_start_main
Setting up 12 worker threads for Enlighten.
Calling DomainUnloadOrPlayModeChangeShutdown!
Writing stats to file
Caught fatal signal - signo:11 code:1 errno:0 addr:0x48
Obtained 25 stack frames.
#0  0x007f94754e49c9 in PlayerMain(int, char**)
#1  0x007f94754d94b7 in (Unknown)
#2  0x007f9473241c20 in funlockfile
#3  0x007f9474e9cff3 in (Unknown)
#4  0x007f9474e9d671 in (Unknown)
#5  0x007f9474e7de7a in (Unknown)
#6  0x007f947587942e in PlayerMain(int, char**)
#7  0x007f947482b426 in (Unknown)
#8  0x007f93aef6d320 in ContentLoadInterface_ContentFile_UnloadAsync_Injected_mBD2F1D561285B0DE37DCDA4DEA75931201B5E680
#9  0x007f93aef6c78f in ContentLoadInterface_ContentFile_UnloadAsync_m197A3C60564D4E9F9049BAD57B46FB404A8F17BD
#10 0x007f93aef6c635 in ContentFile_UnloadAsync_mF35518E83FCF4C1701AF2C6CEBF7E507490481D6
#11 0x007f93ae1e456a in RuntimeContentManager_ReleaseFile_m12EDB377B39EF4D01B3268E711303D79747A4F4C
#12 0x007f93ae1e245c in RuntimeContentManager_ReleaseObjectImpl_m84E24B7727CAA367D95ABC97FC529A5594840414
#13 0x007f93ae1e0ae8 in RuntimeContentManager_Cleanup_m6436DF58ED05204D0A7DFACFB212018BD6B813FD
#14 0x007f93ae1e1f38 in RuntimeContentManager_OnShutdown_m09B1F0AD37BE7168472DDB84F55C43F02CD40113
#15 0x007f93a9cdde76 in EventHandler_Invoke_m9D3126CBE291A3E7E7C304094E1DA846832F9B96_Multicast(EventHandler_tC6323FD7E6163F965259C33D72612C0E5B9BAB82*, Il2CppObject*, EventArgs_t37273F03EAC87217701DD431B190FBD84AD7C377*, MethodInfo const*)
#16 0x007f93ad64f7b0 in EventHandler_Invoke_m9D3126CBE291A3E7E7C304094E1DA846832F9B96
#17 0x007f93a9e88073 in il2cpp::vm::Runtime::InvokeWithThrow(MethodInfo const*, void*, void**)
#18 0x007f93a9e87fdb in il2cpp::vm::Runtime::Invoke(MethodInfo const*, void*, void**, Il2CppException**)
#19 0x007f93a9e87b1c in il2cpp::vm::Runtime::Shutdown()
#20 0x007f9475432f56 in (Unknown)
#21 0x007f9474f6e658 in (Unknown)
#22 0x007f94754daee6 in PlayerMain(int, char**)
#23 0x007f9472e8d493 in __libc_start_main
#24 0x00000000201029 in _start
