[UnityMemory] Configuration Parameters - Can be set up in boot.config
    "memorysetup-bucket-allocator-granularity=16"
    "memorysetup-bucket-allocator-bucket-count=8"
    "memorysetup-bucket-allocator-block-size=4194304"
    "memorysetup-bucket-allocator-block-count=1"
    "memorysetup-main-allocator-block-size=16777216"
    "memorysetup-thread-allocator-block-size=16777216"
    "memorysetup-gfx-main-allocator-block-size=16777216"
    "memorysetup-gfx-thread-allocator-block-size=16777216"
    "memorysetup-cache-allocator-block-size=4194304"
    "memorysetup-typetree-allocator-block-size=2097152"
    "memorysetup-profiler-bucket-allocator-granularity=16"
    "memorysetup-profiler-bucket-allocator-bucket-count=8"
    "memorysetup-profiler-bucket-allocator-block-size=4194304"
    "memorysetup-profiler-bucket-allocator-block-count=1"
    "memorysetup-profiler-allocator-block-size=16777216"
    "memorysetup-profiler-editor-allocator-block-size=1048576"
    "memorysetup-temp-allocator-size-main=4194304"
    "memorysetup-job-temp-allocator-block-size=2097152"
    "memorysetup-job-temp-allocator-block-size-background=1048576"
    "memorysetup-job-temp-allocator-reduction-small-platforms=262144"
    "memorysetup-allocator-temp-initial-block-size-main=262144"
    "memorysetup-allocator-temp-initial-block-size-worker=262144"
    "memorysetup-temp-allocator-size-background-worker=32768"
    "memorysetup-temp-allocator-size-job-worker=262144"
    "memorysetup-temp-allocator-size-preload-manager=262144"
    "memorysetup-temp-allocator-size-nav-mesh-worker=65536"
    "memorysetup-temp-allocator-size-audio-worker=65536"
    "memorysetup-temp-allocator-size-cloud-worker=32768"
    "memorysetup-temp-allocator-size-gfx=262144"
Remaining time:29s
Found 2 interfaces on host : 0) 10.141.0.14 1) 10.149.0.14
Player connection [139926238965632] Multi-casting "[IP] 10.141.0.14 [Port] 55013 [Flags] 19 [Guid] 1503424874 [EditorId] 3765082745 [Version] 1048832 [Id] LinuxPlayer(13,10.141.0.14) [Debug] 0 [PackageName] LinuxPlayer [ProjectName] Opencraft" to [225.0.0.222:54997]...

Direct connection to host time out.
Stopping profiler. Profiler is not able to flush data to a file or socket and exceeded maximum allowed memory for buffering.
Please use Profiler.maxUsedMemory API or -profiler-maxusedmemory command line parameter to increase maximum allowed memory usage.
Using 134234112 bytes while Profiler.maxUsedMemory is 134217728 bytes.
Failed to initialize networking layer after 30 seconds, skipping waiting for connection before starting playback.
Preloaded 'lib_burst_generated.so'
Preloaded 'libwebrtc.so'
[Physics::Module] Initialized MultithreadedJobDispatcher with 47 workers.
Initialize engine version: 2022.3.16f1 (d2c21f0ef2f1)
[Subsystems] Discovering subsystems at path /var/scratch/zmr280/opencraft/opencraft_Data/UnitySubsystems
Forcing GfxDevice: Null
GfxDevice: creating device client; threaded=0; jobified=0
NullGfxDevice:
    Version:  NULL 1.0 [1.0]
    Renderer: Null Device
    Vendor:   Unity Technologies
ERROR: Shader Hidden/Universal Render Pipeline/Blit shader is not supported on this GPU (none of subshaders/fallbacks are suitable)
ERROR: Shader Hidden/Universal Render Pipeline/CopyDepth shader is not supported on this GPU (none of subshaders/fallbacks are suitable)
ERROR: Shader Hidden/Universal Render Pipeline/Sampling shader is not supported on this GPU (none of subshaders/fallbacks are suitable)
ERROR: Shader Hidden/Universal Render Pipeline/LutBuilderLdr shader is not supported on this GPU (none of subshaders/fallbacks are suitable)
ERROR: Shader Hidden/Universal Render Pipeline/LutBuilderHdr shader is not supported on this GPU (none of subshaders/fallbacks are suitable)
ERROR: Shader Hidden/Universal Render Pipeline/UberPost shader is not supported on this GPU (none of subshaders/fallbacks are suitable)
ERROR: Shader Hidden/Universal Render Pipeline/Debug/DebugReplacement shader is not supported on this GPU (none of subshaders/fallbacks are suitable)
ERROR: Shader Hidden/Universal/HDRDebugView shader is not supported on this GPU (none of subshaders/fallbacks are suitable)
WARNING: Shader Unsupported: 'Hidden/Universal Render Pipeline/FallbackError' - All subshaders removed
WARNING: Shader Did you use #pragma only_renderers and omit this platform?
WARNING: Shader If subshaders removal was intentional, you may have forgotten turning Fallback off?
ERROR: Shader Hidden/Universal Render Pipeline/FallbackError shader is not supported on this GPU (none of subshaders/fallbacks are suitable)
WARNING: Shader Unsupported: 'Hidden/Universal Render Pipeline/FallbackError' - All subshaders removed
WARNING: Shader Did you use #pragma only_renderers and omit this platform?
WARNING: Shader If subshaders removal was intentional, you may have forgotten turning Fallback off?
WARNING: Shader Unsupported: 'Hidden/Universal Render Pipeline/StencilDeferred' - All subshaders removed
WARNING: Shader Did you use #pragma only_renderers and omit this platform?
WARNING: Shader If subshaders removal was intentional, you may have forgotten turning Fallback off?
ERROR: Shader Hidden/Universal Render Pipeline/StencilDeferred shader is not supported on this GPU (none of subshaders/fallbacks are suitable)
WARNING: Shader Unsupported: 'Hidden/Universal Render Pipeline/StencilDeferred' - All subshaders removed
WARNING: Shader Did you use #pragma only_renderers and omit this platform?
WARNING: Shader If subshaders removal was intentional, you may have forgotten turning Fallback off?
ERROR: Shader Hidden/Universal Render Pipeline/CameraMotionVectors shader is not supported on this GPU (none of subshaders/fallbacks are suitable)
ERROR: Shader Hidden/Universal Render Pipeline/ObjectMotionVectors shader is not supported on this GPU (none of subshaders/fallbacks are suitable)
ERROR: Shader Hidden/Universal Render Pipeline/LensFlareDataDriven shader is not supported on this GPU (none of subshaders/fallbacks are suitable)
ERROR: Shader Hidden/Universal Render Pipeline/ScreenSpaceAmbientOcclusion shader is not supported on this GPU (none of subshaders/fallbacks are suitable)
ERROR: Shader Hidden/Universal Render Pipeline/Stop NaN shader is not supported on this GPU (none of subshaders/fallbacks are suitable)
ERROR: Shader Hidden/Universal Render Pipeline/SubpixelMorphologicalAntialiasing shader is not supported on this GPU (none of subshaders/fallbacks are suitable)
ERROR: Shader Hidden/Universal Render Pipeline/TemporalAA shader is not supported on this GPU (none of subshaders/fallbacks are suitable)
ERROR: Shader Hidden/Universal Render Pipeline/Scaling Setup shader is not supported on this GPU (none of subshaders/fallbacks are suitable)
ERROR: Shader Hidden/Universal Render Pipeline/Edge Adaptive Spatial Upsampling shader is not supported on this GPU (none of subshaders/fallbacks are suitable)
ERROR: Shader Hidden/Universal Render Pipeline/FinalPost shader is not supported on this GPU (none of subshaders/fallbacks are suitable)
ERROR: Shader Sprites/Default shader is not supported on this GPU (none of subshaders/fallbacks are suitable)
ERROR: Shader Sprites/Mask shader is not supported on this GPU (none of subshaders/fallbacks are suitable)
ERROR: Shader GUI/Text Shader shader is not supported on this GPU (none of subshaders/fallbacks are suitable)
UnloadTime: 0.700133 ms
Parsing args: /var/scratch/zmr280/opencraft/opencraft.x86_64, -batchmode, -nographics, -logStats, True, -serverUrl, 10.141.0.1, -statsFile, /var/scratch/zmr280/runs/players-activeLogic_3-Layer_6x_6z_160p_120s/opencraft_stats/client137.csv, -userID, 137, -playType, Client, -emulationType, Simulation
Setting up worlds with playType Client and streaming role Disabled
Adding type with UniqueSystemAttribute: StatisticsSystem
Adding type with UniqueSystemAttribute: StatisticsSystem
Failed to create websocket: System.Net.Sockets.SocketException (0x80004005): Address already in use
  at System.Net.Sockets.Socket.Bind (System.Net.EndPoint localEP) [0x00000] in <00000000000000000000000000000000>:0 
  at Unity.NetCode.DebugWebSocket..ctor (System.UInt16 port) [0x00000] in <00000000000000000000000000000000>:0 
  at Unity.NetCode.GhostStatsConnection..ctor () [0x00000] in <00000000000000000000000000000000>:0 
  at Unity.NetCode.GhostStatsFlushSystem.OnCreate () [0x00000] in <00000000000000000000000000000000>:0 
  at Unity.Entities.ComponentSystemBase.CreateInstance (Unity.Entities.World world) [0x00000] in <00000000000000000000000000000000>:0 
  at Unity.Entities.World.AddSystem_OnCreate_Internal (Unity.Entities.ComponentSystemBase system) [0x00000] in <00000000000000000000000000000000>:0 
  at Unity.Entities.World.GetOrCreateSystemsAndLogException (Unity.Collections.NativeList`1[T] types, System.Int32 typesCount, Unity.Collections.AllocatorManager+AllocatorHandle allocator) [0x00000] in <00000000000000000000000000000000>:0 
  at Unity.Entities.World.GetOrCreateSystemsAndLogException (Unity.Collections.NativeList`1[T] types, Unity.Collections.AllocatorManager+AllocatorHandle allocator) [0x00000] in <00000000000000000000000000000000>:0 
  at Unity.Entities.DefaultWorldInitialization.AddSystemToRootLevelSystemGroupsInternal[T] (Unity.Entities.World world, Unity.Collections.NativeList`1[T] systemTypesOrig, Unity.Entities.ComponentSystemGroup defaultGroup, T rootGroups) [0x00000] in <00000000000000000000000000000000>:0 
  at Unity.Entities.DefaultWorldInitialization.AddSystemToRootLevelSystemGroupsInternal (Unity.Entities.World world, Unity.Collections.NativeList`1[T] systemTypesOrig) [0x00000] in <00000000000000000000000000000000>:0 
  at Unity.Entities.DefaultWorldInitialization.AddSystemsToRootLevelSystemGroups (Unity.Entities.World world, System.Collections.Generic.IReadOnlyList`1[T] systemTypes) [0x00000] in <00000000000000000000000000000000>:0 
  at PolkaDOTS.Bootstrap.GameBootstrap.CreateClientWorld (System.String name, Unity.Entities.WorldFlags flags, System.Collections.Generic.IReadOnlyList`1[T] systems) [0x00000] in <00000000000000000000000000000000>:0 
  at PolkaDOTS.Bootstrap.GameBootstrap.CreateDefaultClientWorld (System.String worldName, System.Boolean isHost, System.Boolean isCloudHost) [0x00000] in <00000000000000000000000000000000>:0 
  at PolkaDOTS.Bootstrap.GameBootstrap.SetupWorlds (PolkaDOTS.Deployment.MultiplayStreamingRoles mRole, PolkaDOTS.Bootstrap.GameBootstrap+BootstrapPlayTypes playTypes, Unity.Collections.NativeList`1[Unity.Entities.WorldUnmanaged]& worldReferences, System.Int32 numSimulatedClients, System.Boolean autoStart, System.Boolean autoConnect, System.String serverUrl, System.UInt16 serverPort, System.String signalingUrl, System.String worldName) [0x00000] in <00000000000000000000000000000000>:0 
  at PolkaDOTS.Bootstrap.GameBootstrap.SetupWorldsFromLocalConfig () [0x00000] in <00000000000000000000000000000000>:0 
  at PolkaDOTS.Bootstrap.GameBootstrap.Initialize (System.String defaultWorldName) [0x00000] in <00000000000000000000000000000000>:0 
  at Unity.Entities.CustomWorldInitialization.Initialize (System.String defaultWorldName, System.Boolean editorWorld) [0x00000] in <00000000000000000000000000000000>:0 
  at Unity.Entities.CustomAutomaticWorldBootstrap.Initialize () [0x00000] in <00000000000000000000000000000000>:0 
UnityEngine.DebugLogHandler:Internal_Log(LogType, LogOption, String, Object)
UnityEngine.DebugLogHandler:LogFormat(LogType, Object, String, Object[])
UnityEngine.Logger:Log(LogType, Object)
UnityEngine.Debug:LogError(Object)
Unity.NetCode.DebugWebSocket:.ctor(UInt16)
Unity.NetCode.GhostStatsConnection:.ctor()
Unity.NetCode.GhostStatsFlushSystem:OnCreate()
Unity.Entities.ComponentSystemBase:CreateInstance(World)
Unity.Entities.World:AddSystem_OnCreate_Internal(ComponentSystemBase)
Unity.Entities.World:GetOrCreateSystemsAndLogException(NativeList`1, Int32, AllocatorHandle)
Unity.Entities.World:GetOrCreateSystemsAndLogException(NativeList`1, AllocatorHandle)
Unity.Entities.DefaultWorldInitialization:AddSystemToRootLevelSystemGroupsInternal(World, NativeList`1, ComponentSystemGroup, T)
Unity.Entities.DefaultWorldInitialization:AddSystemToRootLevelSystemGroupsInternal(World, NativeList`1)
Unity.Entities.DefaultWorldInitialization:AddSystemsToRootLevelSystemGroups(World, IReadOnlyList`1)
PolkaDOTS.Bootstrap.GameBootstrap:CreateClientWorld(String, WorldFlags, IReadOnlyList`1)
PolkaDOTS.Bootstrap.GameBootstrap:CreateDefaultClientWorld(String, Boolean, Boolean)
PolkaDOTS.Bootstrap.GameBootstrap:SetupWorlds(MultiplayStreamingRoles, BootstrapPlayTypes, NativeList`1&, Int32, Boolean, Boolean, String, UInt16, String, String)
PolkaDOTS.Bootstrap.GameBootstrap:SetupWorldsFromLocalConfig()
PolkaDOTS.Bootstrap.GameBootstrap:Initialize(String)
Unity.Entities.CustomWorldInitialization:Initialize(String, Boolean)
Unity.Entities.CustomAutomaticWorldBootstrap:Initialize()

Adding world ClientWorld to update list
Connecting worlds with playType Client and streaming role Disabled
Created connection request for 10.141.0.1:7979
Creating statistics writer!
Recorder [ServerFixedUpdate] is invalid!
UnityEngine.DebugLogHandler:Internal_Log(LogType, LogOption, String, Object)
UnityEngine.DebugLogHandler:LogFormat(LogType, Object, String, Object[])
UnityEngine.Logger:Log(LogType, Object)
UnityEngine.Debug:LogWarning(Object)
PolkaDOTS.Statistics.StatisticsWriter:.ctor()
PolkaDOTS.Statistics.StatisticsWriterInstance:Awake()

Recorder [TerrainGeneration] is invalid!
UnityEngine.DebugLogHandler:Internal_Log(LogType, LogOption, String, Object)
UnityEngine.DebugLogHandler:LogFormat(LogType, Object, String, Object[])
UnityEngine.Logger:Log(LogType, Object)
UnityEngine.Debug:LogWarning(Object)
PolkaDOTS.Statistics.StatisticsWriter:.ctor()
PolkaDOTS.Statistics.StatisticsWriterInstance:Awake()

Recorder [PlayerTerrainGenCheck] is invalid!
UnityEngine.DebugLogHandler:Internal_Log(LogType, LogOption, String, Object)
UnityEngine.DebugLogHandler:LogFormat(LogType, Object, String, Object[])
UnityEngine.Logger:Log(LogType, Object)
UnityEngine.Debug:LogWarning(Object)
PolkaDOTS.Statistics.StatisticsWriter:.ctor()
PolkaDOTS.Statistics.StatisticsWriterInstance:Awake()

Recorder [StructureGeneration] is invalid!
UnityEngine.DebugLogHandler:Internal_Log(LogType, LogOption, String, Object)
UnityEngine.DebugLogHandler:LogFormat(LogType, Object, String, Object[])
UnityEngine.Logger:Log(LogType, Object)
UnityEngine.Debug:LogWarning(Object)
PolkaDOTS.Statistics.StatisticsWriter:.ctor()
PolkaDOTS.Statistics.StatisticsWriterInstance:Awake()

Recorder [TerrainLogicSystem] is invalid!
UnityEngine.DebugLogHandler:Internal_Log(LogType, LogOption, String, Object)
UnityEngine.DebugLogHandler:LogFormat(LogType, Object, String, Object[])
UnityEngine.Logger:Log(LogType, Object)
UnityEngine.Debug:LogWarning(Object)
PolkaDOTS.Statistics.StatisticsWriter:.ctor()
PolkaDOTS.Statistics.StatisticsWriterInstance:Awake()

Recorder [GetUpdates] is invalid!
UnityEngine.DebugLogHandler:Internal_Log(LogType, LogOption, String, Object)
UnityEngine.DebugLogHandler:LogFormat(LogType, Object, String, Object[])
UnityEngine.Logger:Log(LogType, Object)
UnityEngine.Debug:LogWarning(Object)
PolkaDOTS.Statistics.StatisticsWriter:.ctor()
PolkaDOTS.Statistics.StatisticsWriterInstance:Awake()

Recorder [ReevaluatePropagateMarker] is invalid!
UnityEngine.DebugLogHandler:Internal_Log(LogType, LogOption, String, Object)
UnityEngine.DebugLogHandler:LogFormat(LogType, Object, String, Object[])
UnityEngine.Logger:Log(LogType, Object)
UnityEngine.Debug:LogWarning(Object)
PolkaDOTS.Statistics.StatisticsWriter:.ctor()
PolkaDOTS.Statistics.StatisticsWriterInstance:Awake()

Recorder [PropagateLogicState] is invalid!
UnityEngine.DebugLogHandler:Internal_Log(LogType, LogOption, String, Object)
UnityEngine.DebugLogHandler:LogFormat(LogType, Object, String, Object[])
UnityEngine.Logger:Log(LogType, Object)
UnityEngine.Debug:LogWarning(Object)
PolkaDOTS.Statistics.StatisticsWriter:.ctor()
PolkaDOTS.Statistics.StatisticsWriterInstance:Awake()

Recorder [PropInputBlocks] is invalid!
UnityEngine.DebugLogHandler:Internal_Log(LogType, LogOption, String, Object)
UnityEngine.DebugLogHandler:LogFormat(LogType, Object, String, Object[])
UnityEngine.Logger:Log(LogType, Object)
UnityEngine.Debug:LogWarning(Object)
PolkaDOTS.Statistics.StatisticsWriter:.ctor()
PolkaDOTS.Statistics.StatisticsWriterInstance:Awake()

Recorder [PropActiveLogicBlocks] is invalid!
UnityEngine.DebugLogHandler:Internal_Log(LogType, LogOption, String, Object)
UnityEngine.DebugLogHandler:LogFormat(LogType, Object, String, Object[])
UnityEngine.Logger:Log(LogType, Object)
UnityEngine.Debug:LogWarning(Object)
PolkaDOTS.Statistics.StatisticsWriter:.ctor()
PolkaDOTS.Statistics.StatisticsWriterInstance:Awake()

Recorder [CheckGateState] is invalid!
UnityEngine.DebugLogHandler:Internal_Log(LogType, LogOption, String, Object)
UnityEngine.DebugLogHandler:LogFormat(LogType, Object, String, Object[])
UnityEngine.Logger:Log(LogType, Object)
UnityEngine.Debug:LogWarning(Object)
PolkaDOTS.Statistics.StatisticsWriter:.ctor()
PolkaDOTS.Statistics.StatisticsWriterInstance:Awake()

Recorder [GhostSimulationSystemGroup] is invalid!
UnityEngine.DebugLogHandler:Internal_Log(LogType, LogOption, String, Object)
UnityEngine.DebugLogHandler:LogFormat(LogType, Object, String, Object[])
UnityEngine.Logger:Log(LogType, Object)
UnityEngine.Debug:LogWarning(Object)
PolkaDOTS.Statistics.StatisticsWriter:.ctor()
PolkaDOTS.Statistics.StatisticsWriterInstance:Awake()

Recorder [PredictedSimulationSystemGroup] is invalid!
UnityEngine.DebugLogHandler:Internal_Log(LogType, LogOption, String, Object)
UnityEngine.DebugLogHandler:LogFormat(LogType, Object, String, Object[])
UnityEngine.Logger:Log(LogType, Object)
UnityEngine.Debug:LogWarning(Object)
PolkaDOTS.Statistics.StatisticsWriter:.ctor()
PolkaDOTS.Statistics.StatisticsWriterInstance:Awake()

Initializing multiplay!
Found non-specified codec: VP8 Internal video/VP8 implementation_name=Internal
Found codec: VP9 Profile0
Found codec: VP9 Profile2
Found codec: VP9 Profile1
Found codec: VP9 Profile3
Found codec: AV1 Profile0
Found codec: AV1 Profile1
Could not find H264.High as streaming codec!
Adding terrain areas statistics recorders
Streamed scene with   61ms latency from /var/scratch/zmr280/opencraft/opencraft_Data/StreamingAssets/EntityScenes/bea83102298cfb741939cdba85abe535.0.entities
AutoLoading authoring scene in world ClientWorld
ERROR: Shader Custom/VoxelShader shader is not supported on this GPU (none of subshaders/fallbacks are suitable)
WARNING: Shader Unsupported: 'Hidden/Universal Render Pipeline/FallbackError' - All subshaders removed
WARNING: Shader Did you use #pragma only_renderers and omit this platform?
WARNING: Shader If subshaders removal was intentional, you may have forgotten turning Fallback off?
ERROR: Shader Hidden/Universal Render Pipeline/FallbackError shader is not supported on this GPU (none of subshaders/fallbacks are suitable)
WARNING: Shader Unsupported: 'Hidden/Universal Render Pipeline/FallbackError' - All subshaders removed
WARNING: Shader Did you use #pragma only_renderers and omit this platform?
WARNING: Shader If subshaders removal was intentional, you may have forgotten turning Fallback off?
WARNING: Shader Unsupported: 'Universal Render Pipeline/Lit' - All subshaders removed
WARNING: Shader Did you use #pragma only_renderers and omit this platform?
WARNING: Shader If subshaders removal was intentional, you may have forgotten turning Fallback off?
ERROR: Shader Universal Render Pipeline/Lit shader is not supported on this GPU (none of subshaders/fallbacks are suitable)
WARNING: Shader Unsupported: 'Universal Render Pipeline/Lit' - All subshaders removed
WARNING: Shader Did you use #pragma only_renderers and omit this platform?
WARNING: Shader If subshaders removal was intentional, you may have forgotten turning Fallback off?
WARNING: Shader Unsupported: 'Universal Render Pipeline/Unlit' - All subshaders removed
WARNING: Shader Did you use #pragma only_renderers and omit this platform?
WARNING: Shader If subshaders removal was intentional, you may have forgotten turning Fallback off?
ERROR: Shader Universal Render Pipeline/Unlit shader is not supported on this GPU (none of subshaders/fallbacks are suitable)
WARNING: Shader Unsupported: 'Universal Render Pipeline/Unlit' - All subshaders removed
WARNING: Shader Did you use #pragma only_renderers and omit this platform?
WARNING: Shader If subshaders removal was intentional, you may have forgotten turning Fallback off?
Streamed scene with   27ms latency from /var/scratch/zmr280/opencraft/opencraft_Data/StreamingAssets/EntityScenes/62561c7118c5bbb46929c6bf65331faa.0.entities
[03:00:01.8027440]:[ClientWorld] New connection ID:140
Sending start game stream RPC
Emulation type is Idle, Simulation
Creating local player object
Sending spawn player RPC for user 137
ERROR: Shader UI/Default shader is not supported on this GPU (none of subshaders/fallbacks are suitable)
Player 137 has no connection ID!
UnityEngine.DebugLogHandler:Internal_Log(LogType, LogOption, String, Object)
UnityEngine.DebugLogHandler:LogFormat(LogType, Object, String, Object[])
UnityEngine.Logger:Log(LogType, Object)
UnityEngine.Debug:LogWarning(Object)
Opencraft.Player.SamplePlayerInput:OnUpdate(SystemState&)
Opencraft.Player.SamplePlayerInput:__codegen__OnUpdate(IntPtr, IntPtr)

Linking player entity Entity(201:1) to 137@LOCALPLAYER
    0: Could not find target at int3(0, 9, 0)
Player simulation searching for path from float3(0.5f, 9f, 0.5f) = int3(0, 9, 0) to int3(8, 9, 6)
Player simulation could not find a path from int3(0, 9, 0) to int3(8, 9, 6), will choose new target
    2: Could not find target at int3(0, 9, 0)
    3: Could not find target at int3(0, 9, 0)
Player simulation searching for path from float3(0.5f, 9f, 0.5f) = int3(0, 9, 0) to int3(9, 9, 4)
Player simulation could not find a path from int3(0, 9, 0) to int3(9, 9, 4), will choose new target
    5: Could not find target at int3(0, 9, 0)
    6: Could not find target at int3(0, 9, 0)
    7: Could not find target at int3(0, 9, 0)
    8: Could not find target at int3(0, 9, 0)
ClientWorld player simulation could not find a path in 9 attempts, waiting to try again
Player simulation searching for path from float3(0.5f, 9f, 0.5f) = int3(0, 9, 0) to int3(-13, 9, 4)
ClientWorld player simulation set new target int3(-13, 9, 4)
ClientWorld player simulation reached target int3(-13, 9, 4)
Player simulation searching for path from float3(-12.33143f, 9f, 4.497421f) = int3(-13, 9, 4) to int3(3, 9, 1)
ClientWorld player simulation set new target int3(3, 9, 1)
ClientWorld player simulation reached target int3(3, 9, 1)
Player simulation searching for path from float3(3.370842f, 9f, 1.512158f) = int3(3, 9, 1) to int3(2, 9, 10)
ClientWorld player simulation set new target int3(2, 9, 10)
ClientWorld player simulation reached target int3(2, 9, 10)
Player simulation searching for path from float3(2.666f, 9f, 10.5f) = int3(2, 9, 10) to int3(0, 9, 5)
ClientWorld player simulation set new target int3(0, 9, 5)
ClientWorld player simulation reached target int3(0, 9, 5)
Player simulation searching for path from float3(0.6705786f, 9f, 5.497579f) = int3(0, 9, 5) to int3(8, 9, -4)
ClientWorld player simulation set new target int3(8, 9, -4)
ClientWorld player simulation reached target int3(8, 9, -4)
Player simulation searching for path from float3(8.528001f, 9f, -3.318f) = int3(8, 9, -4) to int3(4, 9, 11)
ClientWorld player simulation set new target int3(4, 9, 11)
ClientWorld player simulation reached target int3(4, 9, 11)
Player simulation searching for path from float3(4.697001f, 9f, 11.52f) = int3(4, 9, 11) to int3(6, 9, -12)
ClientWorld player simulation set new target int3(6, 9, -12)
ClientWorld player simulation reached target int3(6, 9, -12)
Player simulation searching for path from float3(6.535711f, 9f, -11.31156f) = int3(6, 9, -12) to int3(-1, 9, 12)
ClientWorld player simulation set new target int3(-1, 9, 12)
ClientWorld player simulation reached target int3(-1, 9, 12)
Player simulation searching for path from float3(-0.3857107f, 9f, 12.52229f) = int3(-1, 9, 12) to int3(-8, 9, 11)
ClientWorld player simulation set new target int3(-8, 9, 11)
ClientWorld player simulation reached target int3(-8, 9, 11)
Player simulation searching for path from float3(-7.527f, 9f, 11.681f) = int3(-8, 9, 11) to int3(3, 9, 4)
ClientWorld player simulation set new target int3(3, 9, 4)
ClientWorld player simulation reached target int3(3, 9, 4)
Player simulation searching for path from float3(3.352f, 9f, 4.481f) = int3(3, 9, 4) to int3(-13, 9, -8)
ClientWorld player simulation set new target int3(-13, 9, -8)
ClientWorld player simulation reached target int3(-13, 9, -8)
Player simulation searching for path from float3(-12.525f, 9f, -7.313f) = int3(-13, 9, -8) to int3(3, 9, 1)
ClientWorld player simulation set new target int3(3, 9, 1)
ClientWorld player simulation reached target int3(3, 9, 1)
Player simulation searching for path from float3(3.359f, 9f, 1.474f) = int3(3, 9, 1) to int3(2, 9, 10)
ClientWorld player simulation set new target int3(2, 9, 10)
ClientWorld player simulation reached target int3(2, 9, 10)
Player simulation searching for path from float3(2.646579f, 9f, 10.42758f) = int3(2, 9, 10) to int3(0, 9, 5)
ClientWorld player simulation set new target int3(0, 9, 5)
ClientWorld player simulation reached target int3(0, 9, 5)
Player simulation searching for path from float3(0.6569999f, 9f, 5.479f) = int3(0, 9, 5) to int3(8, 9, -4)
ClientWorld player simulation set new target int3(8, 9, -4)
ClientWorld player simulation reached target int3(8, 9, -4)
Player simulation searching for path from float3(8.532001f, 9f, -3.303f) = int3(8, 9, -4) to int3(4, 9, 11)
ClientWorld player simulation set new target int3(4, 9, 11)
ClientWorld player simulation reached target int3(4, 9, 11)
Player simulation searching for path from float3(4.618001f, 9f, 11.529f) = int3(4, 9, 11) to int3(6, 9, -12)
ClientWorld player simulation set new target int3(6, 9, -12)
ClientWorld player simulation reached target int3(6, 9, -12)
Player simulation searching for path from float3(6.529422f, 9f, -11.30785f) = int3(6, 9, -12) to int3(-1, 9, 12)
ClientWorld player simulation set new target int3(-1, 9, 12)
ClientWorld player simulation reached target int3(-1, 9, 12)
Player simulation searching for path from float3(-0.3770001f, 9f, 12.474f) = int3(-1, 9, 12) to int3(-8, 9, 11)
ClientWorld player simulation set new target int3(-8, 9, 11)
ClientWorld player simulation reached target int3(-8, 9, 11)
Player simulation searching for path from float3(-7.51829f, 9f, 11.69129f) = int3(-8, 9, 11) to int3(3, 9, 4)
ClientWorld player simulation set new target int3(3, 9, 4)
ClientWorld player simulation reached target int3(3, 9, 4)
Player simulation searching for path from float3(3.435f, 9f, 4.515f) = int3(3, 9, 4) to int3(-13, 9, -8)
ClientWorld player simulation set new target int3(-13, 9, -8)
ClientWorld player simulation reached target int3(-13, 9, -8)
Player simulation searching for path from float3(-12.49571f, 9f, -7.309132f) = int3(-13, 9, -8) to int3(3, 9, 1)
ClientWorld player simulation set new target int3(3, 9, 1)
ClientWorld player simulation reached target int3(3, 9, 1)
Player simulation searching for path from float3(3.374f, 9f, 1.502f) = int3(3, 9, 1) to int3(2, 9, 10)
ClientWorld player simulation set new target int3(2, 9, 10)
ClientWorld player simulation reached target int3(2, 9, 10)
Player simulation searching for path from float3(2.674001f, 9f, 10.527f) = int3(2, 9, 10) to int3(0, 9, 5)
ClientWorld player simulation set new target int3(0, 9, 5)
ClientWorld player simulation reached target int3(0, 9, 5)
Player simulation searching for path from float3(0.638f, 9f, 5.49f) = int3(0, 9, 5) to int3(8, 9, -4)
ClientWorld player simulation set new target int3(8, 9, -4)
ClientWorld player simulation reached target int3(8, 9, -4)
Player simulation searching for path from float3(8.525001f, 9f, -3.372f) = int3(8, 9, -4) to int3(4, 9, 11)
ClientWorld player simulation set new target int3(4, 9, 11)
ClientWorld player simulation reached target int3(4, 9, 11)
Player simulation searching for path from float3(4.681001f, 9f, 11.53f) = int3(4, 9, 11) to int3(6, 9, -12)
ClientWorld player simulation set new target int3(6, 9, -12)
ClientWorld player simulation reached target int3(6, 9, -12)
Player simulation searching for path from float3(6.493001f, 9f, -11.365f) = int3(6, 9, -12) to int3(-1, 9, 12)
ClientWorld player simulation set new target int3(-1, 9, 12)
ClientWorld player simulation reached target int3(-1, 9, 12)
Player simulation searching for path from float3(-0.3700001f, 9f, 12.515f) = int3(-1, 9, 12) to int3(-8, 9, 11)
ClientWorld player simulation set new target int3(-8, 9, 11)
ClientWorld player simulation reached target int3(-8, 9, 11)
Player simulation searching for path from float3(-7.511f, 9f, 11.673f) = int3(-8, 9, 11) to int3(3, 9, 4)
ClientWorld player simulation set new target int3(3, 9, 4)
ClientWorld player simulation reached target int3(3, 9, 4)
Player simulation searching for path from float3(3.371f, 9f, 4.533f) = int3(3, 9, 4) to int3(-13, 9, -8)
ClientWorld player simulation set new target int3(-13, 9, -8)
ClientWorld player simulation reached target int3(-13, 9, -8)
Player simulation searching for path from float3(-12.484f, 9f, -7.308f) = int3(-13, 9, -8) to int3(3, 9, 1)
ClientWorld player simulation set new target int3(3, 9, 1)
ClientWorld player simulation reached target int3(3, 9, 1)
Player simulation searching for path from float3(3.364f, 9f, 1.523f) = int3(3, 9, 1) to int3(2, 9, 10)
ClientWorld player simulation set new target int3(2, 9, 10)
ClientWorld player simulation reached target int3(2, 9, 10)
Player simulation searching for path from float3(2.657157f, 9f, 10.464f) = int3(2, 9, 10) to int3(0, 9, 5)
ClientWorld player simulation set new target int3(0, 9, 5)
ClientWorld player simulation reached target int3(0, 9, 5)
Player simulation searching for path from float3(0.6379999f, 9f, 5.503f) = int3(0, 9, 5) to int3(8, 9, -4)
ClientWorld player simulation set new target int3(8, 9, -4)
ClientWorld player simulation reached target int3(8, 9, -4)
Player simulation searching for path from float3(8.488001f, 9f, -3.353999f) = int3(8, 9, -4) to int3(4, 9, 11)
ClientWorld player simulation set new target int3(4, 9, 11)
ClientWorld player simulation reached target int3(4, 9, 11)
Player simulation searching for path from float3(4.638f, 9f, 11.489f) = int3(4, 9, 11) to int3(6, 9, -12)
ClientWorld player simulation set new target int3(6, 9, -12)
ClientWorld player simulation reached target int3(6, 9, -12)
Player simulation searching for path from float3(6.52f, 9f, -11.31842f) = int3(6, 9, -12) to int3(-1, 9, 12)
ClientWorld player simulation set new target int3(-1, 9, 12)
ClientWorld player simulation reached target int3(-1, 9, 12)
Player simulation searching for path from float3(-0.332f, 9f, 12.479f) = int3(-1, 9, 12) to int3(-8, 9, 11)
ClientWorld player simulation set new target int3(-8, 9, 11)
ClientWorld player simulation reached target int3(-8, 9, 11)
Player simulation searching for path from float3(-7.474f, 9f, 11.613f) = int3(-8, 9, 11) to int3(3, 9, 4)
ClientWorld player simulation set new target int3(3, 9, 4)
ClientWorld player simulation reached target int3(3, 9, 4)
Player simulation searching for path from float3(3.479f, 9f, 4.529f) = int3(3, 9, 4) to int3(-13, 9, -8)
ClientWorld player simulation set new target int3(-13, 9, -8)
[03:02:05.2677960]:[ClientWorld] Connection disconnected ID:140 Reason:ClosedByRemote
Caught fatal signal - signo:15 code:0 errno:0 addr:0x15020006fd2c
Obtained 12 stack frames.
#0  0x007f431c3999c9 in PlayerMain(int, char**)
#1  0x007f431c38e4b7 in (Unknown)
#2  0x007f431a0f6c20 in funlockfile
#3  0x007f431c3b056e in PlayerMain(int, char**)
#4  0x007f431c3b04a5 in PlayerMain(int, char**)
#5  0x007f431c84828f in PlayerMain(int, char**)
#6  0x007f431be11247 in (Unknown)
#7  0x007f431be11201 in (Unknown)
#8  0x007f431be11570 in (Unknown)
#9  0x007f431c390077 in PlayerMain(int, char**)
#10 0x007f4319d42493 in __libc_start_main
#11 0x00000000201029 in _start
Setting up 12 worker threads for Enlighten.
Writing stats to file
Calling DomainUnloadOrPlayModeChangeShutdown!
Caught fatal signal - signo:11 code:1 errno:0 addr:0x48
Obtained 25 stack frames.
#0  0x007f431c3999c9 in PlayerMain(int, char**)
#1  0x007f431c38e4b7 in (Unknown)
#2  0x007f431a0f6c20 in funlockfile
#3  0x007f431bd51ff3 in (Unknown)
#4  0x007f431bd52671 in (Unknown)
#5  0x007f431bd32e7a in (Unknown)
#6  0x007f431c72e42e in PlayerMain(int, char**)
#7  0x007f431b6e0426 in (Unknown)
#8  0x007f42bc85f320 in ContentLoadInterface_ContentFile_UnloadAsync_Injected_mBD2F1D561285B0DE37DCDA4DEA75931201B5E680
#9  0x007f42bc85e78f in ContentLoadInterface_ContentFile_UnloadAsync_m197A3C60564D4E9F9049BAD57B46FB404A8F17BD
#10 0x007f42bc85e635 in ContentFile_UnloadAsync_mF35518E83FCF4C1701AF2C6CEBF7E507490481D6
#11 0x007f42bbad656a in RuntimeContentManager_ReleaseFile_m12EDB377B39EF4D01B3268E711303D79747A4F4C
#12 0x007f42bbad445c in RuntimeContentManager_ReleaseObjectImpl_m84E24B7727CAA367D95ABC97FC529A5594840414
#13 0x007f42bbad2ae8 in RuntimeContentManager_Cleanup_m6436DF58ED05204D0A7DFACFB212018BD6B813FD
#14 0x007f42bbad3f38 in RuntimeContentManager_OnShutdown_m09B1F0AD37BE7168472DDB84F55C43F02CD40113
#15 0x007f42b75cfe76 in EventHandler_Invoke_m9D3126CBE291A3E7E7C304094E1DA846832F9B96_Multicast(EventHandler_tC6323FD7E6163F965259C33D72612C0E5B9BAB82*, Il2CppObject*, EventArgs_t37273F03EAC87217701DD431B190FBD84AD7C377*, MethodInfo const*)
#16 0x007f42baf417b0 in EventHandler_Invoke_m9D3126CBE291A3E7E7C304094E1DA846832F9B96
#17 0x007f42b777a073 in il2cpp::vm::Runtime::InvokeWithThrow(MethodInfo const*, void*, void**)
#18 0x007f42b7779fdb in il2cpp::vm::Runtime::Invoke(MethodInfo const*, void*, void**, Il2CppException**)
#19 0x007f42b7779b1c in il2cpp::vm::Runtime::Shutdown()
#20 0x007f431c2e7f56 in (Unknown)
#21 0x007f431be23658 in (Unknown)
#22 0x007f431c38fee6 in PlayerMain(int, char**)
#23 0x007f4319d42493 in __libc_start_main
#24 0x00000000201029 in _start
