[UnityMemory] Configuration Parameters - Can be set up in boot.config
    "memorysetup-bucket-allocator-granularity=16"
    "memorysetup-bucket-allocator-bucket-count=8"
    "memorysetup-bucket-allocator-block-size=4194304"
    "memorysetup-bucket-allocator-block-count=1"
    "memorysetup-main-allocator-block-size=16777216"
    "memorysetup-thread-allocator-block-size=16777216"
    "memorysetup-gfx-main-allocator-block-size=16777216"
    "memorysetup-gfx-thread-allocator-block-size=16777216"
    "memorysetup-cache-allocator-block-size=4194304"
    "memorysetup-typetree-allocator-block-size=2097152"
    "memorysetup-profiler-bucket-allocator-granularity=16"
    "memorysetup-profiler-bucket-allocator-bucket-count=8"
    "memorysetup-profiler-bucket-allocator-block-size=4194304"
    "memorysetup-profiler-bucket-allocator-block-count=1"
    "memorysetup-profiler-allocator-block-size=16777216"
    "memorysetup-profiler-editor-allocator-block-size=1048576"
    "memorysetup-temp-allocator-size-main=4194304"
    "memorysetup-job-temp-allocator-block-size=2097152"
    "memorysetup-job-temp-allocator-block-size-background=1048576"
    "memorysetup-job-temp-allocator-reduction-small-platforms=262144"
    "memorysetup-allocator-temp-initial-block-size-main=262144"
    "memorysetup-allocator-temp-initial-block-size-worker=262144"
    "memorysetup-temp-allocator-size-background-worker=32768"
    "memorysetup-temp-allocator-size-job-worker=262144"
    "memorysetup-temp-allocator-size-preload-manager=262144"
    "memorysetup-temp-allocator-size-nav-mesh-worker=65536"
    "memorysetup-temp-allocator-size-audio-worker=65536"
    "memorysetup-temp-allocator-size-cloud-worker=32768"
    "memorysetup-temp-allocator-size-gfx=262144"
Remaining time:29s
Found 2 interfaces on host : 0) 10.141.0.7 1) 10.149.0.7
Player connection [139870808801152] Multi-casting "[IP] 10.141.0.7 [Port] 55009 [Flags] 19 [Guid] 2404281849 [EditorId] 3765082745 [Version] 1048832 [Id] LinuxPlayer(13,10.141.0.7) [Debug] 0 [PackageName] LinuxPlayer [ProjectName] Opencraft" to [225.0.0.222:54997]...

Direct connection to host time out.
Stopping profiler. Profiler is not able to flush data to a file or socket and exceeded maximum allowed memory for buffering.
Please use Profiler.maxUsedMemory API or -profiler-maxusedmemory command line parameter to increase maximum allowed memory usage.
Using 134234112 bytes while Profiler.maxUsedMemory is 134217728 bytes.
Failed to initialize networking layer after 30 seconds, skipping waiting for connection before starting playback.
Preloaded 'lib_burst_generated.so'
Preloaded 'libwebrtc.so'
[Physics::Module] Initialized MultithreadedJobDispatcher with 47 workers.
Initialize engine version: 2022.3.16f1 (d2c21f0ef2f1)
[Subsystems] Discovering subsystems at path /var/scratch/zmr280/opencraft/opencraft_Data/UnitySubsystems
Forcing GfxDevice: Null
GfxDevice: creating device client; threaded=0; jobified=0
NullGfxDevice:
    Version:  NULL 1.0 [1.0]
    Renderer: Null Device
    Vendor:   Unity Technologies
ERROR: Shader Hidden/Universal Render Pipeline/Blit shader is not supported on this GPU (none of subshaders/fallbacks are suitable)
ERROR: Shader Hidden/Universal Render Pipeline/CopyDepth shader is not supported on this GPU (none of subshaders/fallbacks are suitable)
ERROR: Shader Hidden/Universal Render Pipeline/Sampling shader is not supported on this GPU (none of subshaders/fallbacks are suitable)
ERROR: Shader Hidden/Universal Render Pipeline/LutBuilderLdr shader is not supported on this GPU (none of subshaders/fallbacks are suitable)
ERROR: Shader Hidden/Universal Render Pipeline/LutBuilderHdr shader is not supported on this GPU (none of subshaders/fallbacks are suitable)
ERROR: Shader Hidden/Universal Render Pipeline/UberPost shader is not supported on this GPU (none of subshaders/fallbacks are suitable)
ERROR: Shader Hidden/Universal Render Pipeline/Debug/DebugReplacement shader is not supported on this GPU (none of subshaders/fallbacks are suitable)
ERROR: Shader Hidden/Universal/HDRDebugView shader is not supported on this GPU (none of subshaders/fallbacks are suitable)
WARNING: Shader Unsupported: 'Hidden/Universal Render Pipeline/FallbackError' - All subshaders removed
WARNING: Shader Did you use #pragma only_renderers and omit this platform?
WARNING: Shader If subshaders removal was intentional, you may have forgotten turning Fallback off?
ERROR: Shader Hidden/Universal Render Pipeline/FallbackError shader is not supported on this GPU (none of subshaders/fallbacks are suitable)
WARNING: Shader Unsupported: 'Hidden/Universal Render Pipeline/FallbackError' - All subshaders removed
WARNING: Shader Did you use #pragma only_renderers and omit this platform?
WARNING: Shader If subshaders removal was intentional, you may have forgotten turning Fallback off?
WARNING: Shader Unsupported: 'Hidden/Universal Render Pipeline/StencilDeferred' - All subshaders removed
WARNING: Shader Did you use #pragma only_renderers and omit this platform?
WARNING: Shader If subshaders removal was intentional, you may have forgotten turning Fallback off?
ERROR: Shader Hidden/Universal Render Pipeline/StencilDeferred shader is not supported on this GPU (none of subshaders/fallbacks are suitable)
WARNING: Shader Unsupported: 'Hidden/Universal Render Pipeline/StencilDeferred' - All subshaders removed
WARNING: Shader Did you use #pragma only_renderers and omit this platform?
WARNING: Shader If subshaders removal was intentional, you may have forgotten turning Fallback off?
ERROR: Shader Hidden/Universal Render Pipeline/CameraMotionVectors shader is not supported on this GPU (none of subshaders/fallbacks are suitable)
ERROR: Shader Hidden/Universal Render Pipeline/ObjectMotionVectors shader is not supported on this GPU (none of subshaders/fallbacks are suitable)
ERROR: Shader Hidden/Universal Render Pipeline/LensFlareDataDriven shader is not supported on this GPU (none of subshaders/fallbacks are suitable)
ERROR: Shader Hidden/Universal Render Pipeline/ScreenSpaceAmbientOcclusion shader is not supported on this GPU (none of subshaders/fallbacks are suitable)
ERROR: Shader Hidden/Universal Render Pipeline/Stop NaN shader is not supported on this GPU (none of subshaders/fallbacks are suitable)
ERROR: Shader Hidden/Universal Render Pipeline/SubpixelMorphologicalAntialiasing shader is not supported on this GPU (none of subshaders/fallbacks are suitable)
ERROR: Shader Hidden/Universal Render Pipeline/TemporalAA shader is not supported on this GPU (none of subshaders/fallbacks are suitable)
ERROR: Shader Hidden/Universal Render Pipeline/Scaling Setup shader is not supported on this GPU (none of subshaders/fallbacks are suitable)
ERROR: Shader Hidden/Universal Render Pipeline/Edge Adaptive Spatial Upsampling shader is not supported on this GPU (none of subshaders/fallbacks are suitable)
ERROR: Shader Hidden/Universal Render Pipeline/FinalPost shader is not supported on this GPU (none of subshaders/fallbacks are suitable)
ERROR: Shader Sprites/Default shader is not supported on this GPU (none of subshaders/fallbacks are suitable)
ERROR: Shader Sprites/Mask shader is not supported on this GPU (none of subshaders/fallbacks are suitable)
ERROR: Shader GUI/Text Shader shader is not supported on this GPU (none of subshaders/fallbacks are suitable)
UnloadTime: 1.165606 ms
Parsing args: /var/scratch/zmr280/opencraft/opencraft.x86_64, -batchmode, -nographics, -logStats, True, -serverUrl, 10.141.0.1, -statsFile, /var/scratch/zmr280/runs/players-activeLogic_1-Layer_6x_6z_160p_120s/opencraft_stats/client94.csv, -userID, 94, -playType, Client, -emulationType, Simulation
Setting up worlds with playType Client and streaming role Disabled
Adding type with UniqueSystemAttribute: StatisticsSystem
Adding type with UniqueSystemAttribute: StatisticsSystem
Failed to create websocket: System.Net.Sockets.SocketException (0x80004005): Address already in use
  at System.Net.Sockets.Socket.Bind (System.Net.EndPoint localEP) [0x00000] in <00000000000000000000000000000000>:0 
  at Unity.NetCode.DebugWebSocket..ctor (System.UInt16 port) [0x00000] in <00000000000000000000000000000000>:0 
  at Unity.NetCode.GhostStatsConnection..ctor () [0x00000] in <00000000000000000000000000000000>:0 
  at Unity.NetCode.GhostStatsFlushSystem.OnCreate () [0x00000] in <00000000000000000000000000000000>:0 
  at Unity.Entities.ComponentSystemBase.CreateInstance (Unity.Entities.World world) [0x00000] in <00000000000000000000000000000000>:0 
  at Unity.Entities.World.AddSystem_OnCreate_Internal (Unity.Entities.ComponentSystemBase system) [0x00000] in <00000000000000000000000000000000>:0 
  at Unity.Entities.World.GetOrCreateSystemsAndLogException (Unity.Collections.NativeList`1[T] types, System.Int32 typesCount, Unity.Collections.AllocatorManager+AllocatorHandle allocator) [0x00000] in <00000000000000000000000000000000>:0 
  at Unity.Entities.World.GetOrCreateSystemsAndLogException (Unity.Collections.NativeList`1[T] types, Unity.Collections.AllocatorManager+AllocatorHandle allocator) [0x00000] in <00000000000000000000000000000000>:0 
  at Unity.Entities.DefaultWorldInitialization.AddSystemToRootLevelSystemGroupsInternal[T] (Unity.Entities.World world, Unity.Collections.NativeList`1[T] systemTypesOrig, Unity.Entities.ComponentSystemGroup defaultGroup, T rootGroups) [0x00000] in <00000000000000000000000000000000>:0 
  at Unity.Entities.DefaultWorldInitialization.AddSystemToRootLevelSystemGroupsInternal (Unity.Entities.World world, Unity.Collections.NativeList`1[T] systemTypesOrig) [0x00000] in <00000000000000000000000000000000>:0 
  at Unity.Entities.DefaultWorldInitialization.AddSystemsToRootLevelSystemGroups (Unity.Entities.World world, System.Collections.Generic.IReadOnlyList`1[T] systemTypes) [0x00000] in <00000000000000000000000000000000>:0 
  at PolkaDOTS.Bootstrap.GameBootstrap.CreateClientWorld (System.String name, Unity.Entities.WorldFlags flags, System.Collections.Generic.IReadOnlyList`1[T] systems) [0x00000] in <00000000000000000000000000000000>:0 
  at PolkaDOTS.Bootstrap.GameBootstrap.CreateDefaultClientWorld (System.String worldName, System.Boolean isHost, System.Boolean isCloudHost) [0x00000] in <00000000000000000000000000000000>:0 
  at PolkaDOTS.Bootstrap.GameBootstrap.SetupWorlds (PolkaDOTS.Deployment.MultiplayStreamingRoles mRole, PolkaDOTS.Bootstrap.GameBootstrap+BootstrapPlayTypes playTypes, Unity.Collections.NativeList`1[Unity.Entities.WorldUnmanaged]& worldReferences, System.Int32 numSimulatedClients, System.Boolean autoStart, System.Boolean autoConnect, System.String serverUrl, System.UInt16 serverPort, System.String signalingUrl, System.String worldName) [0x00000] in <00000000000000000000000000000000>:0 
  at PolkaDOTS.Bootstrap.GameBootstrap.SetupWorldsFromLocalConfig () [0x00000] in <00000000000000000000000000000000>:0 
  at PolkaDOTS.Bootstrap.GameBootstrap.Initialize (System.String defaultWorldName) [0x00000] in <00000000000000000000000000000000>:0 
  at Unity.Entities.CustomWorldInitialization.Initialize (System.String defaultWorldName, System.Boolean editorWorld) [0x00000] in <00000000000000000000000000000000>:0 
  at Unity.Entities.CustomAutomaticWorldBootstrap.Initialize () [0x00000] in <00000000000000000000000000000000>:0 
UnityEngine.DebugLogHandler:Internal_Log(LogType, LogOption, String, Object)
UnityEngine.DebugLogHandler:LogFormat(LogType, Object, String, Object[])
UnityEngine.Logger:Log(LogType, Object)
UnityEngine.Debug:LogError(Object)
Unity.NetCode.DebugWebSocket:.ctor(UInt16)
Unity.NetCode.GhostStatsConnection:.ctor()
Unity.NetCode.GhostStatsFlushSystem:OnCreate()
Unity.Entities.ComponentSystemBase:CreateInstance(World)
Unity.Entities.World:AddSystem_OnCreate_Internal(ComponentSystemBase)
Unity.Entities.World:GetOrCreateSystemsAndLogException(NativeList`1, Int32, AllocatorHandle)
Unity.Entities.World:GetOrCreateSystemsAndLogException(NativeList`1, AllocatorHandle)
Unity.Entities.DefaultWorldInitialization:AddSystemToRootLevelSystemGroupsInternal(World, NativeList`1, ComponentSystemGroup, T)
Unity.Entities.DefaultWorldInitialization:AddSystemToRootLevelSystemGroupsInternal(World, NativeList`1)
Unity.Entities.DefaultWorldInitialization:AddSystemsToRootLevelSystemGroups(World, IReadOnlyList`1)
PolkaDOTS.Bootstrap.GameBootstrap:CreateClientWorld(String, WorldFlags, IReadOnlyList`1)
PolkaDOTS.Bootstrap.GameBootstrap:CreateDefaultClientWorld(String, Boolean, Boolean)
PolkaDOTS.Bootstrap.GameBootstrap:SetupWorlds(MultiplayStreamingRoles, BootstrapPlayTypes, NativeList`1&, Int32, Boolean, Boolean, String, UInt16, String, String)
PolkaDOTS.Bootstrap.GameBootstrap:SetupWorldsFromLocalConfig()
PolkaDOTS.Bootstrap.GameBootstrap:Initialize(String)
Unity.Entities.CustomWorldInitialization:Initialize(String, Boolean)
Unity.Entities.CustomAutomaticWorldBootstrap:Initialize()

Adding world ClientWorld to update list
Connecting worlds with playType Client and streaming role Disabled
Created connection request for 10.141.0.1:7979
Creating statistics writer!
Recorder [ServerFixedUpdate] is invalid!
UnityEngine.DebugLogHandler:Internal_Log(LogType, LogOption, String, Object)
UnityEngine.DebugLogHandler:LogFormat(LogType, Object, String, Object[])
UnityEngine.Logger:Log(LogType, Object)
UnityEngine.Debug:LogWarning(Object)
PolkaDOTS.Statistics.StatisticsWriter:.ctor()
PolkaDOTS.Statistics.StatisticsWriterInstance:Awake()

Recorder [TerrainGeneration] is invalid!
UnityEngine.DebugLogHandler:Internal_Log(LogType, LogOption, String, Object)
UnityEngine.DebugLogHandler:LogFormat(LogType, Object, String, Object[])
UnityEngine.Logger:Log(LogType, Object)
UnityEngine.Debug:LogWarning(Object)
PolkaDOTS.Statistics.StatisticsWriter:.ctor()
PolkaDOTS.Statistics.StatisticsWriterInstance:Awake()

Recorder [PlayerTerrainGenCheck] is invalid!
UnityEngine.DebugLogHandler:Internal_Log(LogType, LogOption, String, Object)
UnityEngine.DebugLogHandler:LogFormat(LogType, Object, String, Object[])
UnityEngine.Logger:Log(LogType, Object)
UnityEngine.Debug:LogWarning(Object)
PolkaDOTS.Statistics.StatisticsWriter:.ctor()
PolkaDOTS.Statistics.StatisticsWriterInstance:Awake()

Recorder [StructureGeneration] is invalid!
UnityEngine.DebugLogHandler:Internal_Log(LogType, LogOption, String, Object)
UnityEngine.DebugLogHandler:LogFormat(LogType, Object, String, Object[])
UnityEngine.Logger:Log(LogType, Object)
UnityEngine.Debug:LogWarning(Object)
PolkaDOTS.Statistics.StatisticsWriter:.ctor()
PolkaDOTS.Statistics.StatisticsWriterInstance:Awake()

Recorder [TerrainLogicSystem] is invalid!
UnityEngine.DebugLogHandler:Internal_Log(LogType, LogOption, String, Object)
UnityEngine.DebugLogHandler:LogFormat(LogType, Object, String, Object[])
UnityEngine.Logger:Log(LogType, Object)
UnityEngine.Debug:LogWarning(Object)
PolkaDOTS.Statistics.StatisticsWriter:.ctor()
PolkaDOTS.Statistics.StatisticsWriterInstance:Awake()

Recorder [GetUpdates] is invalid!
UnityEngine.DebugLogHandler:Internal_Log(LogType, LogOption, String, Object)
UnityEngine.DebugLogHandler:LogFormat(LogType, Object, String, Object[])
UnityEngine.Logger:Log(LogType, Object)
UnityEngine.Debug:LogWarning(Object)
PolkaDOTS.Statistics.StatisticsWriter:.ctor()
PolkaDOTS.Statistics.StatisticsWriterInstance:Awake()

Recorder [ReevaluatePropagateMarker] is invalid!
UnityEngine.DebugLogHandler:Internal_Log(LogType, LogOption, String, Object)
UnityEngine.DebugLogHandler:LogFormat(LogType, Object, String, Object[])
UnityEngine.Logger:Log(LogType, Object)
UnityEngine.Debug:LogWarning(Object)
PolkaDOTS.Statistics.StatisticsWriter:.ctor()
PolkaDOTS.Statistics.StatisticsWriterInstance:Awake()

Recorder [PropagateLogicState] is invalid!
UnityEngine.DebugLogHandler:Internal_Log(LogType, LogOption, String, Object)
UnityEngine.DebugLogHandler:LogFormat(LogType, Object, String, Object[])
UnityEngine.Logger:Log(LogType, Object)
UnityEngine.Debug:LogWarning(Object)
PolkaDOTS.Statistics.StatisticsWriter:.ctor()
PolkaDOTS.Statistics.StatisticsWriterInstance:Awake()

Recorder [PropInputBlocks] is invalid!
UnityEngine.DebugLogHandler:Internal_Log(LogType, LogOption, String, Object)
UnityEngine.DebugLogHandler:LogFormat(LogType, Object, String, Object[])
UnityEngine.Logger:Log(LogType, Object)
UnityEngine.Debug:LogWarning(Object)
PolkaDOTS.Statistics.StatisticsWriter:.ctor()
PolkaDOTS.Statistics.StatisticsWriterInstance:Awake()

Recorder [PropActiveLogicBlocks] is invalid!
UnityEngine.DebugLogHandler:Internal_Log(LogType, LogOption, String, Object)
UnityEngine.DebugLogHandler:LogFormat(LogType, Object, String, Object[])
UnityEngine.Logger:Log(LogType, Object)
UnityEngine.Debug:LogWarning(Object)
PolkaDOTS.Statistics.StatisticsWriter:.ctor()
PolkaDOTS.Statistics.StatisticsWriterInstance:Awake()

Recorder [CheckGateState] is invalid!
UnityEngine.DebugLogHandler:Internal_Log(LogType, LogOption, String, Object)
UnityEngine.DebugLogHandler:LogFormat(LogType, Object, String, Object[])
UnityEngine.Logger:Log(LogType, Object)
UnityEngine.Debug:LogWarning(Object)
PolkaDOTS.Statistics.StatisticsWriter:.ctor()
PolkaDOTS.Statistics.StatisticsWriterInstance:Awake()

Recorder [GhostSimulationSystemGroup] is invalid!
UnityEngine.DebugLogHandler:Internal_Log(LogType, LogOption, String, Object)
UnityEngine.DebugLogHandler:LogFormat(LogType, Object, String, Object[])
UnityEngine.Logger:Log(LogType, Object)
UnityEngine.Debug:LogWarning(Object)
PolkaDOTS.Statistics.StatisticsWriter:.ctor()
PolkaDOTS.Statistics.StatisticsWriterInstance:Awake()

Recorder [PredictedSimulationSystemGroup] is invalid!
UnityEngine.DebugLogHandler:Internal_Log(LogType, LogOption, String, Object)
UnityEngine.DebugLogHandler:LogFormat(LogType, Object, String, Object[])
UnityEngine.Logger:Log(LogType, Object)
UnityEngine.Debug:LogWarning(Object)
PolkaDOTS.Statistics.StatisticsWriter:.ctor()
PolkaDOTS.Statistics.StatisticsWriterInstance:Awake()

Initializing multiplay!
Found non-specified codec: VP8 Internal video/VP8 implementation_name=Internal
Found codec: VP9 Profile0
Found codec: VP9 Profile2
Found codec: VP9 Profile1
Found codec: VP9 Profile3
Found codec: AV1 Profile0
Found codec: AV1 Profile1
Could not find H264.High as streaming codec!
Adding terrain areas statistics recorders
Streamed scene with   60ms latency from /var/scratch/zmr280/opencraft/opencraft_Data/StreamingAssets/EntityScenes/bea83102298cfb741939cdba85abe535.0.entities
AutoLoading authoring scene in world ClientWorld
[02:51:31.0797560]:[ClientWorld] New connection ID:96
ERROR: Shader Custom/VoxelShader shader is not supported on this GPU (none of subshaders/fallbacks are suitable)
WARNING: Shader Unsupported: 'Hidden/Universal Render Pipeline/FallbackError' - All subshaders removed
WARNING: Shader Did you use #pragma only_renderers and omit this platform?
WARNING: Shader If subshaders removal was intentional, you may have forgotten turning Fallback off?
ERROR: Shader Hidden/Universal Render Pipeline/FallbackError shader is not supported on this GPU (none of subshaders/fallbacks are suitable)
WARNING: Shader Unsupported: 'Hidden/Universal Render Pipeline/FallbackError' - All subshaders removed
WARNING: Shader Did you use #pragma only_renderers and omit this platform?
WARNING: Shader If subshaders removal was intentional, you may have forgotten turning Fallback off?
WARNING: Shader Unsupported: 'Universal Render Pipeline/Lit' - All subshaders removed
WARNING: Shader Did you use #pragma only_renderers and omit this platform?
WARNING: Shader If subshaders removal was intentional, you may have forgotten turning Fallback off?
ERROR: Shader Universal Render Pipeline/Lit shader is not supported on this GPU (none of subshaders/fallbacks are suitable)
WARNING: Shader Unsupported: 'Universal Render Pipeline/Lit' - All subshaders removed
WARNING: Shader Did you use #pragma only_renderers and omit this platform?
WARNING: Shader If subshaders removal was intentional, you may have forgotten turning Fallback off?
WARNING: Shader Unsupported: 'Universal Render Pipeline/Unlit' - All subshaders removed
WARNING: Shader Did you use #pragma only_renderers and omit this platform?
WARNING: Shader If subshaders removal was intentional, you may have forgotten turning Fallback off?
ERROR: Shader Universal Render Pipeline/Unlit shader is not supported on this GPU (none of subshaders/fallbacks are suitable)
WARNING: Shader Unsupported: 'Universal Render Pipeline/Unlit' - All subshaders removed
WARNING: Shader Did you use #pragma only_renderers and omit this platform?
WARNING: Shader If subshaders removal was intentional, you may have forgotten turning Fallback off?
Streamed scene with   33ms latency from /var/scratch/zmr280/opencraft/opencraft_Data/StreamingAssets/EntityScenes/62561c7118c5bbb46929c6bf65331faa.0.entities
Sending start game stream RPC
Emulation type is Idle, Simulation
Creating local player object
Sending spawn player RPC for user 94
ERROR: Shader UI/Default shader is not supported on this GPU (none of subshaders/fallbacks are suitable)
Player 94 has no connection ID!
UnityEngine.DebugLogHandler:Internal_Log(LogType, LogOption, String, Object)
UnityEngine.DebugLogHandler:LogFormat(LogType, Object, String, Object[])
UnityEngine.Logger:Log(LogType, Object)
UnityEngine.Debug:LogWarning(Object)
Opencraft.Player.SamplePlayerInput:OnUpdate(SystemState&)
Opencraft.Player.SamplePlayerInput:__codegen__OnUpdate(IntPtr, IntPtr)

Linking player entity Entity(262:1) to 94@LOCALPLAYER
    0: Could not find target at int3(0, 5, 0)
Player simulation searching for path from float3(0.5f, 5.1f, 0.5f) = int3(0, 5, 0) to int3(-3, 5, 6)
Player simulation could not find a path from int3(0, 5, 0) to int3(-3, 5, 6), will choose new target
Player simulation searching for path from float3(0.5f, 5.1f, 0.5f) = int3(0, 5, 0) to int3(-3, 5, 3)
Player simulation could not find a path from int3(0, 5, 0) to int3(-3, 5, 3), will choose new target
Player simulation searching for path from float3(0.5f, 5.1f, 0.5f) = int3(0, 5, 0) to int3(-4, 5, 3)
Player simulation could not find a path from int3(0, 5, 0) to int3(-4, 5, 3), will choose new target
Player simulation searching for path from float3(0.5f, 5.1f, 0.5f) = int3(0, 5, 0) to int3(-5, 5, 9)
Player simulation could not find a path from int3(0, 5, 0) to int3(-5, 5, 9), will choose new target
    5: Could not find target at int3(0, 5, 0)
Player simulation searching for path from float3(0.5f, 5.1f, 0.5f) = int3(0, 5, 0) to int3(6, 5, -6)
Player simulation could not find a path from int3(0, 5, 0) to int3(6, 5, -6), will choose new target
    7: Could not find target at int3(0, 5, 0)
Player simulation searching for path from float3(0.5f, 5.1f, 0.5f) = int3(0, 5, 0) to int3(-8, 5, 4)
Player simulation could not find a path from int3(0, 5, 0) to int3(-8, 5, 4), will choose new target
ClientWorld player simulation could not find a path in 9 attempts, waiting to try again
Player simulation searching for path from float3(0.5f, 5.1f, 0.5f) = int3(0, 5, 0) to int3(-6, 5, -6)
ClientWorld player simulation set new target int3(-6, 5, -6)
ClientWorld player simulation reached target int3(-6, 5, -6)
Player simulation searching for path from float3(-5.516f, 5.1f, -5.368f) = int3(-6, 5, -6) to int3(-4, 5, -1)
ClientWorld player simulation set new target int3(-4, 5, -1)
ClientWorld player simulation reached target int3(-4, 5, -1)
Player simulation searching for path from float3(-3.48f, 5.1f, -0.673f) = int3(-4, 5, -1) to int3(13, 5, -4)
ClientWorld player simulation set new target int3(13, 5, -4)
ClientWorld player simulation reached target int3(13, 5, -4)
Player simulation searching for path from float3(13.317f, 5.1f, -3.521f) = int3(13, 5, -4) to int3(-6, 5, 1)
ClientWorld player simulation set new target int3(-6, 5, 1)
ClientWorld player simulation reached target int3(-6, 5, 1)
Player simulation searching for path from float3(-5.473f, 5.1f, 1.31f) = int3(-6, 5, 1) to int3(2, 5, -15)
ClientWorld player simulation set new target int3(2, 5, -15)
ClientWorld player simulation reached target int3(2, 5, -15)
Player simulation searching for path from float3(2.302421f, 5.1f, -14.503f) = int3(2, 5, -15) to int3(-6, 5, -1)
ClientWorld player simulation set new target int3(-6, 5, -1)
ClientWorld player simulation reached target int3(-6, 5, -1)
Player simulation searching for path from float3(-5.536711f, 5.1f, -0.6918681f) = int3(-6, 5, -1) to int3(6, 5, -14)
ClientWorld player simulation set new target int3(6, 5, -14)
ClientWorld player simulation reached target int3(6, 5, -14)
Player simulation searching for path from float3(6.528711f, 5.1f, -13.32214f) = int3(6, 5, -14) to int3(-9, 5, -1)
ClientWorld player simulation set new target int3(-9, 5, -1)
ClientWorld player simulation reached target int3(-9, 5, -1)
Player simulation searching for path from float3(-8.535711f, 5.1f, -0.6318681f) = int3(-9, 5, -1) to int3(8, 5, -9)
ClientWorld player simulation set new target int3(8, 5, -9)
ClientWorld player simulation reached target int3(8, 5, -9)
Player simulation searching for path from float3(8.310001f, 5.1f, -8.511001f) = int3(8, 5, -9) to int3(-12, 5, 0)
ClientWorld player simulation set new target int3(-12, 5, 0)
ClientWorld player simulation reached target int3(-12, 5, 0)
Player simulation searching for path from float3(-11.51f, 5.1f, 0.3710001f) = int3(-12, 5, 0) to int3(-2, 5, -14)
ClientWorld player simulation set new target int3(-2, 5, -14)
ClientWorld player simulation reached target int3(-2, 5, -14)
Player simulation searching for path from float3(-1.664868f, 5.1f, -13.48229f) = int3(-2, 5, -14) to int3(-10, 5, 12)
ClientWorld player simulation set new target int3(-10, 5, 12)
ClientWorld player simulation reached target int3(-10, 5, 12)
Player simulation searching for path from float3(-9.457001f, 5.1f, 12.38242f) = int3(-10, 5, 12) to int3(-5, 5, -7)
ClientWorld player simulation set new target int3(-5, 5, -7)
ClientWorld player simulation reached target int3(-5, 5, -7)
Player simulation searching for path from float3(-4.643001f, 5.1f, -6.473001f) = int3(-5, 5, -7) to int3(5, 5, -5)
ClientWorld player simulation set new target int3(5, 5, -5)
ClientWorld player simulation reached target int3(5, 5, -5)
Player simulation searching for path from float3(5.494f, 5.1f, -4.695001f) = int3(5, 5, -5) to int3(1, 5, -1)
ClientWorld player simulation set new target int3(1, 5, -1)
ClientWorld player simulation reached target int3(1, 5, -1)
Player simulation searching for path from float3(1.492f, 5.1f, -0.676f) = int3(1, 5, -1) to int3(-7, 5, 15)
ClientWorld player simulation set new target int3(-7, 5, 15)
ClientWorld player simulation reached target int3(-7, 5, 15)
Player simulation searching for path from float3(-6.497f, 5.1f, 15.375f) = int3(-7, 5, 15) to int3(2, 5, 5)
ClientWorld player simulation set new target int3(2, 5, 5)
ClientWorld player simulation reached target int3(2, 5, 5)
Player simulation searching for path from float3(2.309f, 5.1f, 5.483f) = int3(2, 5, 5) to int3(5, 5, -12)
ClientWorld player simulation set new target int3(5, 5, -12)
ClientWorld player simulation reached target int3(5, 5, -12)
Player simulation searching for path from float3(5.528f, 5.1f, -11.378f) = int3(5, 5, -12) to int3(-15, 5, -6)
ClientWorld player simulation set new target int3(-15, 5, -6)
ClientWorld player simulation reached target int3(-15, 5, -6)
Player simulation searching for path from float3(-14.513f, 5.1f, -5.651001f) = int3(-15, 5, -6) to int3(-5, 5, 0)
ClientWorld player simulation set new target int3(-5, 5, 0)
ClientWorld player simulation reached target int3(-5, 5, 0)
Player simulation searching for path from float3(-4.479f, 5.1f, 0.316f) = int3(-5, 5, 0) to int3(15, 5, 12)
ClientWorld player simulation set new target int3(15, 5, 12)
ClientWorld player simulation reached target int3(15, 5, 12)
Player simulation searching for path from float3(15.486f, 5.1f, 12.364f) = int3(15, 5, 12) to int3(-11, 5, -15)
ClientWorld player simulation set new target int3(-11, 5, -15)
ClientWorld player simulation reached target int3(-11, 5, -15)
Player simulation searching for path from float3(-10.36342f, 5.1f, -14.45058f) = int3(-11, 5, -15) to int3(-4, 5, -3)
ClientWorld player simulation set new target int3(-4, 5, -3)
ClientWorld player simulation reached target int3(-4, 5, -3)
Player simulation searching for path from float3(-3.483f, 5.1f, -2.654001f) = int3(-4, 5, -3) to int3(13, 5, -8)
ClientWorld player simulation set new target int3(13, 5, -8)
ClientWorld player simulation reached target int3(13, 5, -8)
Player simulation searching for path from float3(13.502f, 5.1f, -7.331f) = int3(13, 5, -8) to int3(-6, 5, -8)
ClientWorld player simulation set new target int3(-6, 5, -8)
ClientWorld player simulation reached target int3(-6, 5, -8)
Player simulation searching for path from float3(-5.381f, 5.1f, -7.473001f) = int3(-6, 5, -8) to int3(13, 5, -11)
ClientWorld player simulation set new target int3(13, 5, -11)
ClientWorld player simulation reached target int3(13, 5, -11)
Player simulation searching for path from float3(13.321f, 5.1f, -10.475f) = int3(13, 5, -11) to int3(5, 5, 14)
ClientWorld player simulation set new target int3(5, 5, 14)
ClientWorld player simulation reached target int3(5, 5, 14)
Player simulation searching for path from float3(5.482f, 5.1f, 14.336f) = int3(5, 5, 14) to int3(-15, 5, 9)
ClientWorld player simulation set new target int3(-15, 5, 9)
ClientWorld player simulation reached target int3(-15, 5, 9)
Player simulation searching for path from float3(-14.36313f, 5.1f, 9.463289f) = int3(-15, 5, 9) to int3(-9, 5, 11)
ClientWorld player simulation set new target int3(-9, 5, 11)
ClientWorld player simulation reached target int3(-9, 5, 11)
Player simulation searching for path from float3(-8.65f, 5.1f, 11.5f) = int3(-9, 5, 11) to int3(11, 5, 6)
ClientWorld player simulation set new target int3(11, 5, 6)
ClientWorld player simulation reached target int3(11, 5, 6)
Player simulation searching for path from float3(11.377f, 5.1f, 6.474f) = int3(11, 5, 6) to int3(-3, 5, -13)
ClientWorld player simulation set new target int3(-3, 5, -13)
ClientWorld player simulation reached target int3(-3, 5, -13)
Player simulation searching for path from float3(-2.49f, 5.1f, -12.493f) = int3(-3, 5, -13) to int3(13, 5, -11)
ClientWorld player simulation set new target int3(13, 5, -11)
ClientWorld player simulation reached target int3(13, 5, -11)
Player simulation searching for path from float3(13.334f, 5.1f, -10.469f) = int3(13, 5, -11) to int3(5, 5, 14)
ClientWorld player simulation set new target int3(5, 5, 14)
ClientWorld player simulation reached target int3(5, 5, 14)
Player simulation searching for path from float3(5.476f, 5.1f, 14.364f) = int3(5, 5, 14) to int3(-15, 5, 9)
ClientWorld player simulation set new target int3(-15, 5, 9)
ClientWorld player simulation reached target int3(-15, 5, 9)
Player simulation searching for path from float3(-14.316f, 5.1f, 9.48f) = int3(-15, 5, 9) to int3(-9, 5, 11)
ClientWorld player simulation set new target int3(-9, 5, 11)
ClientWorld player simulation reached target int3(-9, 5, 11)
Player simulation searching for path from float3(-8.638f, 5.1f, 11.516f) = int3(-9, 5, 11) to int3(11, 5, 6)
ClientWorld player simulation set new target int3(11, 5, 6)
ClientWorld player simulation reached target int3(11, 5, 6)
Player simulation searching for path from float3(11.32242f, 5.1f, 6.514f) = int3(11, 5, 6) to int3(-3, 5, -13)
ClientWorld player simulation set new target int3(-3, 5, -13)
[02:53:47.6074950]:[ClientWorld] Connection disconnected ID:96 Reason:ClosedByRemote
Caught fatal signal - signo:15 code:0 errno:0 addr:0x15020007e1e1
Obtained 32 stack frames.
#0  0x007f36345469c9 in PlayerMain(int, char**)
#1  0x007f363453b4b7 in (Unknown)
#2  0x007f36322a3c20 in funlockfile
#3  0x007f35d1e347b4 in Unity.Entities.ChunkIterationUtility+CalculateEntityCount_00000A48$BurstDirectCall, Unity.Entities, Version=0.0.0.0, Culture=neutral, PublicKeyToken=null.Invoke(Unity.Entities.UnsafeCachedChunkList&, Unity.Entities, Version=0.0.0.0, Culture=neutral, PublicKeyToken=null cachedChunkList, Unity.Entities.UnsafeMatchingArchetypePtrList&, Unity.Entities, Version=0.0.0.0, Culture=neutral, PublicKeyToken=null matchingArchetypes, Unity.Entities.EntityQueryFilter&, Unity.Entities, Version=0.0.0.0, Culture=neutral, PublicKeyToken=null filter, System.Int32, mscorlib, Version=4.0.0.0, Culture=neutral, PublicKeyToken=b77a5c561934e089 hasEnableableComponents) -> System.Int32, mscorlib, Version=4.0.0.0, Culture=neutral, PublicKeyToken=b77a5c561934e089_362f43fd44a9be961edc90136d9814c5 from Unity.Entities, Version=0.0.0.0, Culture=neutral, PublicKeyToken=null
#4  0x007f35d1e3515e in Unity.Entities.EntityQueryImpl, Unity.Entities, Version=0.0.0.0, Culture=neutral, PublicKeyToken=null.CalculateEntityCount(Unity.Entities.EntityQueryImpl*, Unity.Entities, Version=0.0.0.0, Culture=neutral, PublicKeyToken=null this) -> System.Int32, mscorlib, Version=4.0.0.0, Culture=neutral, PublicKeyToken=b77a5c561934e089_362f43fd44a9be961edc90136d9814c5 from Unity.Entities, Version=0.0.0.0, Culture=neutral, PublicKeyToken=null
#5  0x007f35d20caecd in Unity.NetCode.NetworkStreamReceiveSystem, Unity.NetCode, Version=0.0.0.0, Culture=neutral, PublicKeyToken=null.OnUpdate(Unity.NetCode.NetworkStreamReceiveSystem*, Unity.NetCode, Version=0.0.0.0, Culture=neutral, PublicKeyToken=null this, Unity.Entities.SystemState&, Unity.Entities, Version=0.0.0.0, Culture=neutral, PublicKeyToken=null state) -> System.Void, mscorlib, Version=4.0.0.0, Culture=neutral, PublicKeyToken=b77a5c561934e089_362f43fd44a9be961edc90136d9814c5 from Unity.NetCode, Version=0.0.0.0, Culture=neutral, PublicKeyToken=null
#6  0x007f35d20c6cf9 in 773a697fbd874c659adc2a66daf876c8_avx2
#7  0x007f35d2a92faa in 773a697fbd874c659adc2a66daf876c8
#8  0x007f35d21a3dc1 in Unity.Entities.WorldUnmanagedImpl+UnmanagedUpdate_00001534$BurstDirectCall, Unity.Entities, Version=0.0.0.0, Culture=neutral, PublicKeyToken=null.Invoke(System.Void*, mscorlib, Version=4.0.0.0, Culture=neutral, PublicKeyToken=b77a5c561934e089 pSystemState) -> System.Void, mscorlib, Version=4.0.0.0, Culture=neutral, PublicKeyToken=b77a5c561934e089_362f43fd44a9be961edc90136d9814c5 from Unity.Entities, Version=0.0.0.0, Culture=neutral, PublicKeyToken=null
#9  0x007f35d21a2c59 in 7bf3b3dc1c88cb657fd69b548232391d_avx2
#10 0x007f35d2a930aa in 7bf3b3dc1c88cb657fd69b548232391d
#11 0x007f356e1a0667 in UnmanagedUpdate_00001534U24BurstDirectCall_Invoke_m55B79C7CC8127CC26C857F8B7EF2D354EBB3ADBC
#12 0x007f356e19d311 in WorldUnmanagedImpl_UnmanagedUpdate_m679FEB4A8B994B459B1A4ADF7BBC58B8187633B6
#13 0x007f356e19d072 in WorldUnmanagedImpl_UpdateSystem_m542D9AE08601A66843934B06A609FDA778A0670B
#14 0x007f356e0946d3 in ComponentSystemGroup_UpdateAllSystems_m78B1AA9EAF07133497E9BA556B592AC93935441C
#15 0x007f356e0944d8 in ComponentSystemGroup_OnUpdate_m83128938DF97469E0D1CB883E5C9000C0C2DA9A7
#16 0x007f356e2f642f in SystemBase_Update_m795994EE60C054DFA78C313A60ED025B2668C9B4
#17 0x007f356e094758 in ComponentSystemGroup_UpdateAllSystems_m78B1AA9EAF07133497E9BA556B592AC93935441C
#18 0x007f356e0944cb in ComponentSystemGroup_OnUpdate_m83128938DF97469E0D1CB883E5C9000C0C2DA9A7
#19 0x007f356e2f642f in SystemBase_Update_m795994EE60C054DFA78C313A60ED025B2668C9B4
#20 0x007f356e2e47c6 in DummyDelegateWrapper_TriggerUpdate_m2C37F16899DE9C87FE35B065E0FF7E410E463FE7
#21 0x007f356effb1a0 in UpdateFunction_Invoke_m9BCEE4E5BEE924EB804DA64314B78D0E831C179B
#22 0x007f3569e88073 in il2cpp::vm::Runtime::InvokeWithThrow(MethodInfo const*, void*, void**)
#23 0x007f3569e87fdb in il2cpp::vm::Runtime::Invoke(MethodInfo const*, void*, void**, Il2CppException**)
#24 0x007f363447ff0b in (Unknown)
#25 0x007f363448acd7 in (Unknown)
#26 0x007f3633fbe2e8 in (Unknown)
#27 0x007f3633fbe201 in (Unknown)
#28 0x007f3633fbe570 in (Unknown)
#29 0x007f363453d077 in PlayerMain(int, char**)
#30 0x007f3631eef493 in __libc_start_main
#31 0x00000000201029 in _start
Setting up 12 worker threads for Enlighten.
Writing stats to file
Calling DomainUnloadOrPlayModeChangeShutdown!
Caught fatal signal - signo:11 code:1 errno:0 addr:0x48
Obtained 25 stack frames.
#0  0x007f36345469c9 in PlayerMain(int, char**)
#1  0x007f363453b4b7 in (Unknown)
#2  0x007f36322a3c20 in funlockfile
#3  0x007f3633efeff3 in (Unknown)
#4  0x007f3633eff671 in (Unknown)
#5  0x007f3633edfe7a in (Unknown)
#6  0x007f36348db42e in PlayerMain(int, char**)
#7  0x007f363388d426 in (Unknown)
#8  0x007f356ef6d320 in ContentLoadInterface_ContentFile_UnloadAsync_Injected_mBD2F1D561285B0DE37DCDA4DEA75931201B5E680
#9  0x007f356ef6c78f in ContentLoadInterface_ContentFile_UnloadAsync_m197A3C60564D4E9F9049BAD57B46FB404A8F17BD
#10 0x007f356ef6c635 in ContentFile_UnloadAsync_mF35518E83FCF4C1701AF2C6CEBF7E507490481D6
#11 0x007f356e1e456a in RuntimeContentManager_ReleaseFile_m12EDB377B39EF4D01B3268E711303D79747A4F4C
#12 0x007f356e1e245c in RuntimeContentManager_ReleaseObjectImpl_m84E24B7727CAA367D95ABC97FC529A5594840414
#13 0x007f356e1e0ae8 in RuntimeContentManager_Cleanup_m6436DF58ED05204D0A7DFACFB212018BD6B813FD
#14 0x007f356e1e1f38 in RuntimeContentManager_OnShutdown_m09B1F0AD37BE7168472DDB84F55C43F02CD40113
#15 0x007f3569cdde76 in EventHandler_Invoke_m9D3126CBE291A3E7E7C304094E1DA846832F9B96_Multicast(EventHandler_tC6323FD7E6163F965259C33D72612C0E5B9BAB82*, Il2CppObject*, EventArgs_t37273F03EAC87217701DD431B190FBD84AD7C377*, MethodInfo const*)
#16 0x007f356d64f7b0 in EventHandler_Invoke_m9D3126CBE291A3E7E7C304094E1DA846832F9B96
#17 0x007f3569e88073 in il2cpp::vm::Runtime::InvokeWithThrow(MethodInfo const*, void*, void**)
#18 0x007f3569e87fdb in il2cpp::vm::Runtime::Invoke(MethodInfo const*, void*, void**, Il2CppException**)
#19 0x007f3569e87b1c in il2cpp::vm::Runtime::Shutdown()
#20 0x007f3634494f56 in (Unknown)
#21 0x007f3633fd0658 in (Unknown)
#22 0x007f363453cee6 in PlayerMain(int, char**)
#23 0x007f3631eef493 in __libc_start_main
#24 0x00000000201029 in _start
