[UnityMemory] Configuration Parameters - Can be set up in boot.config
    "memorysetup-bucket-allocator-granularity=16"
    "memorysetup-bucket-allocator-bucket-count=8"
    "memorysetup-bucket-allocator-block-size=4194304"
    "memorysetup-bucket-allocator-block-count=1"
    "memorysetup-main-allocator-block-size=16777216"
    "memorysetup-thread-allocator-block-size=16777216"
    "memorysetup-gfx-main-allocator-block-size=16777216"
    "memorysetup-gfx-thread-allocator-block-size=16777216"
    "memorysetup-cache-allocator-block-size=4194304"
    "memorysetup-typetree-allocator-block-size=2097152"
    "memorysetup-profiler-bucket-allocator-granularity=16"
    "memorysetup-profiler-bucket-allocator-bucket-count=8"
    "memorysetup-profiler-bucket-allocator-block-size=4194304"
    "memorysetup-profiler-bucket-allocator-block-count=1"
    "memorysetup-profiler-allocator-block-size=16777216"
    "memorysetup-profiler-editor-allocator-block-size=1048576"
    "memorysetup-temp-allocator-size-main=4194304"
    "memorysetup-job-temp-allocator-block-size=2097152"
    "memorysetup-job-temp-allocator-block-size-background=1048576"
    "memorysetup-job-temp-allocator-reduction-small-platforms=262144"
    "memorysetup-allocator-temp-initial-block-size-main=262144"
    "memorysetup-allocator-temp-initial-block-size-worker=262144"
    "memorysetup-temp-allocator-size-background-worker=32768"
    "memorysetup-temp-allocator-size-job-worker=262144"
    "memorysetup-temp-allocator-size-preload-manager=262144"
    "memorysetup-temp-allocator-size-nav-mesh-worker=65536"
    "memorysetup-temp-allocator-size-audio-worker=65536"
    "memorysetup-temp-allocator-size-cloud-worker=32768"
    "memorysetup-temp-allocator-size-gfx=262144"
Remaining time:29s
Found 2 interfaces on host : 0) 10.141.0.34 1) 10.149.0.34
Player connection [140633049739136] Multi-casting "[IP] 10.141.0.34 [Port] 55000 [Flags] 19 [Guid] 2677802968 [EditorId] 3765082745 [Version] 1048832 [Id] LinuxPlayer(13,10.141.0.34) [Debug] 0 [PackageName] LinuxPlayer [ProjectName] Opencraft" to [225.0.0.222:54997]...

Direct connection to host time out.
Stopping profiler. Profiler is not able to flush data to a file or socket and exceeded maximum allowed memory for buffering.
Please use Profiler.maxUsedMemory API or -profiler-maxusedmemory command line parameter to increase maximum allowed memory usage.
Using 134234112 bytes while Profiler.maxUsedMemory is 134217728 bytes.
Failed to initialize networking layer after 30 seconds, skipping waiting for connection before starting playback.
Preloaded 'lib_burst_generated.so'
Preloaded 'libwebrtc.so'
[Physics::Module] Initialized MultithreadedJobDispatcher with 47 workers.
Initialize engine version: 2022.3.16f1 (d2c21f0ef2f1)
[Subsystems] Discovering subsystems at path /var/scratch/zmr280/opencraft/opencraft_Data/UnitySubsystems
Forcing GfxDevice: Null
GfxDevice: creating device client; threaded=0; jobified=0
NullGfxDevice:
    Version:  NULL 1.0 [1.0]
    Renderer: Null Device
    Vendor:   Unity Technologies
ERROR: Shader Hidden/Universal Render Pipeline/Blit shader is not supported on this GPU (none of subshaders/fallbacks are suitable)
ERROR: Shader Hidden/Universal Render Pipeline/CopyDepth shader is not supported on this GPU (none of subshaders/fallbacks are suitable)
ERROR: Shader Hidden/Universal Render Pipeline/Sampling shader is not supported on this GPU (none of subshaders/fallbacks are suitable)
ERROR: Shader Hidden/Universal Render Pipeline/LutBuilderLdr shader is not supported on this GPU (none of subshaders/fallbacks are suitable)
ERROR: Shader Hidden/Universal Render Pipeline/LutBuilderHdr shader is not supported on this GPU (none of subshaders/fallbacks are suitable)
ERROR: Shader Hidden/Universal Render Pipeline/UberPost shader is not supported on this GPU (none of subshaders/fallbacks are suitable)
ERROR: Shader Hidden/Universal Render Pipeline/Debug/DebugReplacement shader is not supported on this GPU (none of subshaders/fallbacks are suitable)
ERROR: Shader Hidden/Universal/HDRDebugView shader is not supported on this GPU (none of subshaders/fallbacks are suitable)
WARNING: Shader Unsupported: 'Hidden/Universal Render Pipeline/FallbackError' - All subshaders removed
WARNING: Shader Did you use #pragma only_renderers and omit this platform?
WARNING: Shader If subshaders removal was intentional, you may have forgotten turning Fallback off?
ERROR: Shader Hidden/Universal Render Pipeline/FallbackError shader is not supported on this GPU (none of subshaders/fallbacks are suitable)
WARNING: Shader Unsupported: 'Hidden/Universal Render Pipeline/FallbackError' - All subshaders removed
WARNING: Shader Did you use #pragma only_renderers and omit this platform?
WARNING: Shader If subshaders removal was intentional, you may have forgotten turning Fallback off?
WARNING: Shader Unsupported: 'Hidden/Universal Render Pipeline/StencilDeferred' - All subshaders removed
WARNING: Shader Did you use #pragma only_renderers and omit this platform?
WARNING: Shader If subshaders removal was intentional, you may have forgotten turning Fallback off?
ERROR: Shader Hidden/Universal Render Pipeline/StencilDeferred shader is not supported on this GPU (none of subshaders/fallbacks are suitable)
WARNING: Shader Unsupported: 'Hidden/Universal Render Pipeline/StencilDeferred' - All subshaders removed
WARNING: Shader Did you use #pragma only_renderers and omit this platform?
WARNING: Shader If subshaders removal was intentional, you may have forgotten turning Fallback off?
ERROR: Shader Hidden/Universal Render Pipeline/CameraMotionVectors shader is not supported on this GPU (none of subshaders/fallbacks are suitable)
ERROR: Shader Hidden/Universal Render Pipeline/ObjectMotionVectors shader is not supported on this GPU (none of subshaders/fallbacks are suitable)
ERROR: Shader Hidden/Universal Render Pipeline/LensFlareDataDriven shader is not supported on this GPU (none of subshaders/fallbacks are suitable)
ERROR: Shader Hidden/Universal Render Pipeline/ScreenSpaceAmbientOcclusion shader is not supported on this GPU (none of subshaders/fallbacks are suitable)
ERROR: Shader Hidden/Universal Render Pipeline/Stop NaN shader is not supported on this GPU (none of subshaders/fallbacks are suitable)
ERROR: Shader Hidden/Universal Render Pipeline/SubpixelMorphologicalAntialiasing shader is not supported on this GPU (none of subshaders/fallbacks are suitable)
ERROR: Shader Hidden/Universal Render Pipeline/TemporalAA shader is not supported on this GPU (none of subshaders/fallbacks are suitable)
ERROR: Shader Hidden/Universal Render Pipeline/Scaling Setup shader is not supported on this GPU (none of subshaders/fallbacks are suitable)
ERROR: Shader Hidden/Universal Render Pipeline/Edge Adaptive Spatial Upsampling shader is not supported on this GPU (none of subshaders/fallbacks are suitable)
ERROR: Shader Hidden/Universal Render Pipeline/FinalPost shader is not supported on this GPU (none of subshaders/fallbacks are suitable)
ERROR: Shader Sprites/Default shader is not supported on this GPU (none of subshaders/fallbacks are suitable)
ERROR: Shader Sprites/Mask shader is not supported on this GPU (none of subshaders/fallbacks are suitable)
ERROR: Shader GUI/Text Shader shader is not supported on this GPU (none of subshaders/fallbacks are suitable)
UnloadTime: 0.889829 ms
Parsing args: /var/scratch/zmr280/opencraft/opencraft.x86_64, -batchmode, -nographics, -logStats, True, -serverUrl, 10.141.0.1, -statsFile, /var/scratch/zmr280/runs/players-activeLogic_2-Layer_6x_6z_160p_120s/opencraft_stats/client10.csv, -userID, 10, -playType, Client, -emulationType, Simulation
Setting up worlds with playType Client and streaming role Disabled
Adding type with UniqueSystemAttribute: StatisticsSystem
Adding type with UniqueSystemAttribute: StatisticsSystem
Adding world ClientWorld to update list
Connecting worlds with playType Client and streaming role Disabled
Created connection request for 10.141.0.1:7979
Creating statistics writer!
Recorder [ServerFixedUpdate] is invalid!
UnityEngine.DebugLogHandler:Internal_Log(LogType, LogOption, String, Object)
UnityEngine.DebugLogHandler:LogFormat(LogType, Object, String, Object[])
UnityEngine.Logger:Log(LogType, Object)
UnityEngine.Debug:LogWarning(Object)
PolkaDOTS.Statistics.StatisticsWriter:.ctor()
PolkaDOTS.Statistics.StatisticsWriterInstance:Awake()

Recorder [TerrainGeneration] is invalid!
UnityEngine.DebugLogHandler:Internal_Log(LogType, LogOption, String, Object)
UnityEngine.DebugLogHandler:LogFormat(LogType, Object, String, Object[])
UnityEngine.Logger:Log(LogType, Object)
UnityEngine.Debug:LogWarning(Object)
PolkaDOTS.Statistics.StatisticsWriter:.ctor()
PolkaDOTS.Statistics.StatisticsWriterInstance:Awake()

Recorder [PlayerTerrainGenCheck] is invalid!
UnityEngine.DebugLogHandler:Internal_Log(LogType, LogOption, String, Object)
UnityEngine.DebugLogHandler:LogFormat(LogType, Object, String, Object[])
UnityEngine.Logger:Log(LogType, Object)
UnityEngine.Debug:LogWarning(Object)
PolkaDOTS.Statistics.StatisticsWriter:.ctor()
PolkaDOTS.Statistics.StatisticsWriterInstance:Awake()

Recorder [StructureGeneration] is invalid!
UnityEngine.DebugLogHandler:Internal_Log(LogType, LogOption, String, Object)
UnityEngine.DebugLogHandler:LogFormat(LogType, Object, String, Object[])
UnityEngine.Logger:Log(LogType, Object)
UnityEngine.Debug:LogWarning(Object)
PolkaDOTS.Statistics.StatisticsWriter:.ctor()
PolkaDOTS.Statistics.StatisticsWriterInstance:Awake()

Recorder [TerrainLogicSystem] is invalid!
UnityEngine.DebugLogHandler:Internal_Log(LogType, LogOption, String, Object)
UnityEngine.DebugLogHandler:LogFormat(LogType, Object, String, Object[])
UnityEngine.Logger:Log(LogType, Object)
UnityEngine.Debug:LogWarning(Object)
PolkaDOTS.Statistics.StatisticsWriter:.ctor()
PolkaDOTS.Statistics.StatisticsWriterInstance:Awake()

Recorder [GetUpdates] is invalid!
UnityEngine.DebugLogHandler:Internal_Log(LogType, LogOption, String, Object)
UnityEngine.DebugLogHandler:LogFormat(LogType, Object, String, Object[])
UnityEngine.Logger:Log(LogType, Object)
UnityEngine.Debug:LogWarning(Object)
PolkaDOTS.Statistics.StatisticsWriter:.ctor()
PolkaDOTS.Statistics.StatisticsWriterInstance:Awake()

Recorder [ReevaluatePropagateMarker] is invalid!
UnityEngine.DebugLogHandler:Internal_Log(LogType, LogOption, String, Object)
UnityEngine.DebugLogHandler:LogFormat(LogType, Object, String, Object[])
UnityEngine.Logger:Log(LogType, Object)
UnityEngine.Debug:LogWarning(Object)
PolkaDOTS.Statistics.StatisticsWriter:.ctor()
PolkaDOTS.Statistics.StatisticsWriterInstance:Awake()

Recorder [PropagateLogicState] is invalid!
UnityEngine.DebugLogHandler:Internal_Log(LogType, LogOption, String, Object)
UnityEngine.DebugLogHandler:LogFormat(LogType, Object, String, Object[])
UnityEngine.Logger:Log(LogType, Object)
UnityEngine.Debug:LogWarning(Object)
PolkaDOTS.Statistics.StatisticsWriter:.ctor()
PolkaDOTS.Statistics.StatisticsWriterInstance:Awake()

Recorder [PropInputBlocks] is invalid!
UnityEngine.DebugLogHandler:Internal_Log(LogType, LogOption, String, Object)
UnityEngine.DebugLogHandler:LogFormat(LogType, Object, String, Object[])
UnityEngine.Logger:Log(LogType, Object)
UnityEngine.Debug:LogWarning(Object)
PolkaDOTS.Statistics.StatisticsWriter:.ctor()
PolkaDOTS.Statistics.StatisticsWriterInstance:Awake()

Recorder [PropActiveLogicBlocks] is invalid!
UnityEngine.DebugLogHandler:Internal_Log(LogType, LogOption, String, Object)
UnityEngine.DebugLogHandler:LogFormat(LogType, Object, String, Object[])
UnityEngine.Logger:Log(LogType, Object)
UnityEngine.Debug:LogWarning(Object)
PolkaDOTS.Statistics.StatisticsWriter:.ctor()
PolkaDOTS.Statistics.StatisticsWriterInstance:Awake()

Recorder [CheckGateState] is invalid!
UnityEngine.DebugLogHandler:Internal_Log(LogType, LogOption, String, Object)
UnityEngine.DebugLogHandler:LogFormat(LogType, Object, String, Object[])
UnityEngine.Logger:Log(LogType, Object)
UnityEngine.Debug:LogWarning(Object)
PolkaDOTS.Statistics.StatisticsWriter:.ctor()
PolkaDOTS.Statistics.StatisticsWriterInstance:Awake()

Recorder [GhostSimulationSystemGroup] is invalid!
UnityEngine.DebugLogHandler:Internal_Log(LogType, LogOption, String, Object)
UnityEngine.DebugLogHandler:LogFormat(LogType, Object, String, Object[])
UnityEngine.Logger:Log(LogType, Object)
UnityEngine.Debug:LogWarning(Object)
PolkaDOTS.Statistics.StatisticsWriter:.ctor()
PolkaDOTS.Statistics.StatisticsWriterInstance:Awake()

Recorder [PredictedSimulationSystemGroup] is invalid!
UnityEngine.DebugLogHandler:Internal_Log(LogType, LogOption, String, Object)
UnityEngine.DebugLogHandler:LogFormat(LogType, Object, String, Object[])
UnityEngine.Logger:Log(LogType, Object)
UnityEngine.Debug:LogWarning(Object)
PolkaDOTS.Statistics.StatisticsWriter:.ctor()
PolkaDOTS.Statistics.StatisticsWriterInstance:Awake()

Initializing multiplay!
Found non-specified codec: VP8 Internal video/VP8 implementation_name=Internal
Found codec: VP9 Profile0
Found codec: VP9 Profile2
Found codec: VP9 Profile1
Found codec: VP9 Profile3
Found codec: AV1 Profile0
Found codec: AV1 Profile1
Could not find H264.High as streaming codec!
Adding terrain areas statistics recorders
Streamed scene with   34ms latency from /var/scratch/zmr280/opencraft/opencraft_Data/StreamingAssets/EntityScenes/bea83102298cfb741939cdba85abe535.0.entities
AutoLoading authoring scene in world ClientWorld
[02:55:12.3058780]:[ClientWorld] New connection ID:6
ERROR: Shader Custom/VoxelShader shader is not supported on this GPU (none of subshaders/fallbacks are suitable)
WARNING: Shader Unsupported: 'Hidden/Universal Render Pipeline/FallbackError' - All subshaders removed
WARNING: Shader Did you use #pragma only_renderers and omit this platform?
WARNING: Shader If subshaders removal was intentional, you may have forgotten turning Fallback off?
ERROR: Shader Hidden/Universal Render Pipeline/FallbackError shader is not supported on this GPU (none of subshaders/fallbacks are suitable)
WARNING: Shader Unsupported: 'Hidden/Universal Render Pipeline/FallbackError' - All subshaders removed
WARNING: Shader Did you use #pragma only_renderers and omit this platform?
WARNING: Shader If subshaders removal was intentional, you may have forgotten turning Fallback off?
WARNING: Shader Unsupported: 'Universal Render Pipeline/Lit' - All subshaders removed
WARNING: Shader Did you use #pragma only_renderers and omit this platform?
WARNING: Shader If subshaders removal was intentional, you may have forgotten turning Fallback off?
ERROR: Shader Universal Render Pipeline/Lit shader is not supported on this GPU (none of subshaders/fallbacks are suitable)
WARNING: Shader Unsupported: 'Universal Render Pipeline/Lit' - All subshaders removed
WARNING: Shader Did you use #pragma only_renderers and omit this platform?
WARNING: Shader If subshaders removal was intentional, you may have forgotten turning Fallback off?
WARNING: Shader Unsupported: 'Universal Render Pipeline/Unlit' - All subshaders removed
WARNING: Shader Did you use #pragma only_renderers and omit this platform?
WARNING: Shader If subshaders removal was intentional, you may have forgotten turning Fallback off?
ERROR: Shader Universal Render Pipeline/Unlit shader is not supported on this GPU (none of subshaders/fallbacks are suitable)
WARNING: Shader Unsupported: 'Universal Render Pipeline/Unlit' - All subshaders removed
WARNING: Shader Did you use #pragma only_renderers and omit this platform?
WARNING: Shader If subshaders removal was intentional, you may have forgotten turning Fallback off?
Streamed scene with   46ms latency from /var/scratch/zmr280/opencraft/opencraft_Data/StreamingAssets/EntityScenes/62561c7118c5bbb46929c6bf65331faa.0.entities
Sending start game stream RPC
Emulation type is Idle, Simulation
Creating local player object
Sending spawn player RPC for user 10
ERROR: Shader UI/Default shader is not supported on this GPU (none of subshaders/fallbacks are suitable)
Player 10 has no connection ID!
UnityEngine.DebugLogHandler:Internal_Log(LogType, LogOption, String, Object)
UnityEngine.DebugLogHandler:LogFormat(LogType, Object, String, Object[])
UnityEngine.Logger:Log(LogType, Object)
UnityEngine.Debug:LogWarning(Object)
Opencraft.Player.SamplePlayerInput:OnUpdate(SystemState&)
Opencraft.Player.SamplePlayerInput:__codegen__OnUpdate(IntPtr, IntPtr)

Linking player entity Entity(168:1) to 10@LOCALPLAYER
Player simulation searching for path from float3(0.5f, 7.1f, 0.5f) = int3(0, 7, 0) to int3(6, 7, 4)
Player simulation could not find a path from int3(0, 7, 0) to int3(6, 7, 4), will choose new target
Player simulation searching for path from float3(0.5f, 7.1f, 0.5f) = int3(0, 7, 0) to int3(6, 7, 7)
Player simulation could not find a path from int3(0, 7, 0) to int3(6, 7, 7), will choose new target
Player simulation searching for path from float3(0.5f, 7.1f, 0.5f) = int3(0, 7, 0) to int3(-12, 7, 14)
Player simulation could not find a path from int3(0, 7, 0) to int3(-12, 7, 14), will choose new target
Player simulation searching for path from float3(0.5f, 7.1f, 0.5f) = int3(0, 7, 0) to int3(10, 7, -1)
Player simulation could not find a path from int3(0, 7, 0) to int3(10, 7, -1), will choose new target
Player simulation searching for path from float3(0.5f, 7.1f, 0.5f) = int3(0, 7, 0) to int3(2, 7, 6)
Player simulation could not find a path from int3(0, 7, 0) to int3(2, 7, 6), will choose new target
    5: Could not find target at int3(0, 7, 0)
Player simulation searching for path from float3(0.5f, 7.1f, 0.5f) = int3(0, 7, 0) to int3(-13, 7, 15)
Player simulation could not find a path from int3(0, 7, 0) to int3(-13, 7, 15), will choose new target
Player simulation searching for path from float3(0.5f, 7.1f, 0.5f) = int3(0, 7, 0) to int3(0, 7, 14)
Player simulation could not find a path from int3(0, 7, 0) to int3(0, 7, 14), will choose new target
Player simulation searching for path from float3(0.5f, 7.1f, 0.5f) = int3(0, 7, 0) to int3(1, 7, 9)
Player simulation could not find a path from int3(0, 7, 0) to int3(1, 7, 9), will choose new target
ClientWorld player simulation could not find a path in 9 attempts, waiting to try again
Player simulation searching for path from float3(0.5f, 7.1f, 0.5f) = int3(0, 7, 0) to int3(6, 7, 4)
ClientWorld player simulation set new target int3(6, 7, 4)
ClientWorld player simulation reached target int3(6, 7, 4)
Player simulation searching for path from float3(6.497f, 7.1f, 4.331f) = int3(6, 7, 4) to int3(-4, 7, -1)
ClientWorld player simulation set new target int3(-4, 7, -1)
ClientWorld player simulation reached target int3(-4, 7, -1)
Player simulation searching for path from float3(-3.377711f, 7.1f, -0.4362894f) = int3(-4, 7, -1) to int3(14, 7, -12)
ClientWorld player simulation set new target int3(14, 7, -12)
ClientWorld player simulation reached target int3(14, 7, -12)
Player simulation searching for path from float3(14.531f, 7.1f, -11.338f) = int3(14, 7, -12) to int3(-6, 7, -12)
ClientWorld player simulation set new target int3(-6, 7, -12)
ClientWorld player simulation reached target int3(-6, 7, -12)
Player simulation searching for path from float3(-5.352f, 7.1f, -11.479f) = int3(-6, 7, -12) to int3(-1, 7, -2)
ClientWorld player simulation set new target int3(-1, 7, -2)
ClientWorld player simulation reached target int3(-1, 7, -2)
Player simulation searching for path from float3(-0.6012893f, 7.1f, -1.487289f) = int3(-1, 7, -2) to int3(14, 7, -13)
ClientWorld player simulation set new target int3(14, 7, -13)
ClientWorld player simulation reached target int3(14, 7, -13)
Player simulation searching for path from float3(14.368f, 7.1f, -12.495f) = int3(14, 7, -13) to int3(-7, 7, 3)
ClientWorld player simulation set new target int3(-7, 7, 3)
ClientWorld player simulation reached target int3(-7, 7, 3)
Player simulation searching for path from float3(-6.482f, 7.1f, 3.369f) = int3(-7, 7, 3) to int3(8, 7, 8)
ClientWorld player simulation set new target int3(8, 7, 8)
ClientWorld player simulation reached target int3(8, 7, 8)
Player simulation searching for path from float3(8.366001f, 7.1f, 8.502001f) = int3(8, 7, 8) to int3(6, 7, 1)
ClientWorld player simulation set new target int3(6, 7, 1)
ClientWorld player simulation reached target int3(6, 7, 1)
Player simulation searching for path from float3(6.53f, 7.1f, 1.6f) = int3(6, 7, 1) to int3(6, 7, -14)
ClientWorld player simulation set new target int3(6, 7, -14)
ClientWorld player simulation reached target int3(6, 7, -14)
Player simulation searching for path from float3(6.53f, 7.1f, -13.3f) = int3(6, 7, -14) to int3(-12, 7, 2)
ClientWorld player simulation set new target int3(-12, 7, 2)
ClientWorld player simulation reached target int3(-12, 7, 2)
Player simulation searching for path from float3(-11.526f, 7.1f, 2.335f) = int3(-12, 7, 2) to int3(13, 7, -13)
ClientWorld player simulation set new target int3(13, 7, -13)
ClientWorld player simulation reached target int3(13, 7, -13)
Player simulation searching for path from float3(13.33042f, 7.1f, -12.368f) = int3(13, 7, -13) to int3(-4, 7, -11)
ClientWorld player simulation set new target int3(-4, 7, -11)
ClientWorld player simulation reached target int3(-4, 7, -11)
Player simulation searching for path from float3(-3.332264f, 7.1f, -10.48458f) = int3(-4, 7, -11) to int3(14, 7, 15)
ClientWorld player simulation set new target int3(14, 7, 15)
ClientWorld player simulation reached target int3(14, 7, 15)
Player simulation searching for path from float3(14.5f, 7.1f, 15.33f) = int3(14, 7, 15) to int3(-7, 7, 3)
ClientWorld player simulation set new target int3(-7, 7, 3)
ClientWorld player simulation reached target int3(-7, 7, 3)
Player simulation searching for path from float3(-6.370131f, 7.1f, 3.483869f) = int3(-7, 7, 3) to int3(8, 7, 8)
ClientWorld player simulation set new target int3(8, 7, 8)
ClientWorld player simulation reached target int3(8, 7, 8)
Player simulation searching for path from float3(8.334002f, 7.1f, 8.512f) = int3(8, 7, 8) to int3(6, 7, 1)
ClientWorld player simulation set new target int3(6, 7, 1)
ClientWorld player simulation reached target int3(6, 7, 1)
Player simulation searching for path from float3(6.49f, 7.1f, 1.693f) = int3(6, 7, 1) to int3(6, 7, -14)
ClientWorld player simulation set new target int3(6, 7, -14)
ClientWorld player simulation path has strayed from int3(6, 7, -10) to int3(6, 7, -7), searching for a correction
ClientWorld player simulation reached target int3(6, 7, -14)
Player simulation searching for path from float3(6.49f, 7.1f, -13.307f) = int3(6, 7, -14) to int3(-12, 7, 2)
ClientWorld player simulation set new target int3(-12, 7, 2)
ClientWorld player simulation reached target int3(-12, 7, 2)
Player simulation searching for path from float3(-11.481f, 7.1f, 2.340421f) = int3(-12, 7, 2) to int3(13, 7, -13)
ClientWorld player simulation set new target int3(13, 7, -13)
ClientWorld player simulation reached target int3(13, 7, -13)
Player simulation searching for path from float3(13.366f, 7.1f, -12.482f) = int3(13, 7, -13) to int3(-4, 7, -11)
ClientWorld player simulation set new target int3(-4, 7, -11)
ClientWorld player simulation reached target int3(-4, 7, -11)
Player simulation searching for path from float3(-3.329f, 7.1f, -10.488f) = int3(-4, 7, -11) to int3(14, 7, 15)
ClientWorld player simulation set new target int3(14, 7, 15)
ClientWorld player simulation reached target int3(14, 7, 15)
Player simulation searching for path from float3(14.513f, 7.1f, 15.333f) = int3(14, 7, 15) to int3(-7, 7, 3)
ClientWorld player simulation set new target int3(-7, 7, 3)
ClientWorld player simulation reached target int3(-7, 7, 3)
Player simulation searching for path from float3(-6.305f, 7.1f, 3.47f) = int3(-7, 7, 3) to int3(8, 7, 8)
ClientWorld player simulation set new target int3(8, 7, 8)
ClientWorld player simulation reached target int3(8, 7, 8)
Player simulation searching for path from float3(8.350001f, 7.1f, 8.492001f) = int3(8, 7, 8) to int3(6, 7, 1)
ClientWorld player simulation set new target int3(6, 7, 1)
ClientWorld player simulation reached target int3(6, 7, 1)
Player simulation searching for path from float3(6.526f, 7.1f, 1.643f) = int3(6, 7, 1) to int3(6, 7, -14)
ClientWorld player simulation set new target int3(6, 7, -14)
ClientWorld player simulation reached target int3(6, 7, -14)
Player simulation searching for path from float3(6.526f, 7.1f, -13.357f) = int3(6, 7, -14) to int3(-12, 7, 2)
ClientWorld player simulation set new target int3(-12, 7, 2)
ClientWorld player simulation reached target int3(-12, 7, 2)
Player simulation searching for path from float3(-11.533f, 7.1f, 2.385f) = int3(-12, 7, 2) to int3(13, 7, -13)
ClientWorld player simulation set new target int3(13, 7, -13)
ClientWorld player simulation reached target int3(13, 7, -13)
Player simulation searching for path from float3(13.3f, 7.1f, -12.524f) = int3(13, 7, -13) to int3(-4, 7, -11)
ClientWorld player simulation set new target int3(-4, 7, -11)
ClientWorld player simulation reached target int3(-4, 7, -11)
Player simulation searching for path from float3(-3.354f, 7.1f, -10.511f) = int3(-4, 7, -11) to int3(14, 7, 15)
ClientWorld player simulation set new target int3(14, 7, 15)
ClientWorld player simulation reached target int3(14, 7, 15)
Player simulation searching for path from float3(14.529f, 7.1f, 15.362f) = int3(14, 7, 15) to int3(-7, 7, 3)
ClientWorld player simulation set new target int3(-7, 7, 3)
ClientWorld player simulation reached target int3(-7, 7, 3)
Player simulation searching for path from float3(-6.387f, 7.1f, 3.483f) = int3(-7, 7, 3) to int3(8, 7, 8)
ClientWorld player simulation set new target int3(8, 7, 8)
ClientWorld player simulation reached target int3(8, 7, 8)
Player simulation searching for path from float3(8.312001f, 7.1f, 8.485001f) = int3(8, 7, 8) to int3(6, 7, 1)
ClientWorld player simulation set new target int3(6, 7, 1)
ClientWorld player simulation reached target int3(6, 7, 1)
Player simulation searching for path from float3(6.528711f, 7.1f, 1.695289f) = int3(6, 7, 1) to int3(6, 7, -14)
ClientWorld player simulation set new target int3(6, 7, -14)
ClientWorld player simulation path has strayed from int3(6, 7, -8) to int3(6, 7, -5), searching for a correction
ClientWorld player simulation reached target int3(6, 7, -14)
Player simulation searching for path from float3(6.529f, 7.1f, -13.305f) = int3(6, 7, -14) to int3(-12, 7, 2)
ClientWorld player simulation set new target int3(-12, 7, 2)
ClientWorld player simulation reached target int3(-12, 7, 2)
Player simulation searching for path from float3(-11.505f, 7.1f, 2.374f) = int3(-12, 7, 2) to int3(13, 7, -13)
ClientWorld player simulation set new target int3(13, 7, -13)
ClientWorld player simulation reached target int3(13, 7, -13)
Player simulation searching for path from float3(13.322f, 7.1f, -12.522f) = int3(13, 7, -13) to int3(-4, 7, -11)
ClientWorld player simulation set new target int3(-4, 7, -11)
ClientWorld player simulation reached target int3(-4, 7, -11)
Player simulation searching for path from float3(-3.331f, 7.1f, -10.469f) = int3(-4, 7, -11) to int3(14, 7, 15)
ClientWorld player simulation set new target int3(14, 7, 15)
ClientWorld player simulation reached target int3(14, 7, 15)
Player simulation searching for path from float3(14.481f, 7.1f, 15.395f) = int3(14, 7, 15) to int3(-7, 7, 3)
ClientWorld player simulation set new target int3(-7, 7, 3)
[02:57:55.7706730]:[ClientWorld] Connection disconnected ID:6 Reason:ClosedByRemote
Caught fatal signal - signo:15 code:0 errno:0 addr:0x1502000a4015
Obtained 30 stack frames.
#0  0x007fe7ad6e19c9 in PlayerMain(int, char**)
#1  0x007fe7ad6d64b7 in (Unknown)
#2  0x007fe7ab43ec20 in funlockfile
#3  0x007fe6cf603782 in Unity.NetCode.GhostDespawnSystem, Unity.NetCode, Version=0.0.0.0, Culture=neutral, PublicKeyToken=null.OnUpdate(Unity.NetCode.GhostDespawnSystem*, Unity.NetCode, Version=0.0.0.0, Culture=neutral, PublicKeyToken=null this, Unity.Entities.SystemState&, Unity.Entities, Version=0.0.0.0, Culture=neutral, PublicKeyToken=null state) -> System.Void, mscorlib, Version=4.0.0.0, Culture=neutral, PublicKeyToken=b77a5c561934e089_362f43fd44a9be961edc90136d9814c5 from Unity.NetCode, Version=0.0.0.0, Culture=neutral, PublicKeyToken=null
#4  0x007fe6cf6018a9 in a836ccce497dd792d51edb29b7bbf9fc_avx2
#5  0x007fe6cff9bbaa in a836ccce497dd792d51edb29b7bbf9fc
#6  0x007fe6cf6abdc1 in Unity.Entities.WorldUnmanagedImpl+UnmanagedUpdate_00001534$BurstDirectCall, Unity.Entities, Version=0.0.0.0, Culture=neutral, PublicKeyToken=null.Invoke(System.Void*, mscorlib, Version=4.0.0.0, Culture=neutral, PublicKeyToken=b77a5c561934e089 pSystemState) -> System.Void, mscorlib, Version=4.0.0.0, Culture=neutral, PublicKeyToken=b77a5c561934e089_362f43fd44a9be961edc90136d9814c5 from Unity.Entities, Version=0.0.0.0, Culture=neutral, PublicKeyToken=null
#7  0x007fe6cf6aac59 in 7bf3b3dc1c88cb657fd69b548232391d_avx2
#8  0x007fe6cff9b0aa in 7bf3b3dc1c88cb657fd69b548232391d
#9  0x007fe6ecb57667 in UnmanagedUpdate_00001534U24BurstDirectCall_Invoke_m55B79C7CC8127CC26C857F8B7EF2D354EBB3ADBC
#10 0x007fe6ecb54311 in WorldUnmanagedImpl_UnmanagedUpdate_m679FEB4A8B994B459B1A4ADF7BBC58B8187633B6
#11 0x007fe6ecb54072 in WorldUnmanagedImpl_UpdateSystem_m542D9AE08601A66843934B06A609FDA778A0670B
#12 0x007fe6eca4b6d3 in ComponentSystemGroup_UpdateAllSystems_m78B1AA9EAF07133497E9BA556B592AC93935441C
#13 0x007fe6eca4b4d8 in ComponentSystemGroup_OnUpdate_m83128938DF97469E0D1CB883E5C9000C0C2DA9A7
#14 0x007fe6eccad42f in SystemBase_Update_m795994EE60C054DFA78C313A60ED025B2668C9B4
#15 0x007fe6eca4b758 in ComponentSystemGroup_UpdateAllSystems_m78B1AA9EAF07133497E9BA556B592AC93935441C
#16 0x007fe6eca4b4cb in ComponentSystemGroup_OnUpdate_m83128938DF97469E0D1CB883E5C9000C0C2DA9A7
#17 0x007fe6eccad42f in SystemBase_Update_m795994EE60C054DFA78C313A60ED025B2668C9B4
#18 0x007fe6ecc9b7c6 in DummyDelegateWrapper_TriggerUpdate_m2C37F16899DE9C87FE35B065E0FF7E410E463FE7
#19 0x007fe6ed9b21a0 in UpdateFunction_Invoke_m9BCEE4E5BEE924EB804DA64314B78D0E831C179B
#20 0x007fe6e883f073 in il2cpp::vm::Runtime::InvokeWithThrow(MethodInfo const*, void*, void**)
#21 0x007fe6e883efdb in il2cpp::vm::Runtime::Invoke(MethodInfo const*, void*, void**, Il2CppException**)
#22 0x007fe7ad61af0b in (Unknown)
#23 0x007fe7ad625cd7 in (Unknown)
#24 0x007fe7ad1592e8 in (Unknown)
#25 0x007fe7ad159201 in (Unknown)
#26 0x007fe7ad159570 in (Unknown)
#27 0x007fe7ad6d8077 in PlayerMain(int, char**)
#28 0x007fe7ab08a493 in __libc_start_main
#29 0x00000000201029 in _start
Setting up 12 worker threads for Enlighten.
Writing stats to file
Calling DomainUnloadOrPlayModeChangeShutdown!
Caught fatal signal - signo:11 code:1 errno:0 addr:0x48
Obtained 25 stack frames.
#0  0x007fe7ad6e19c9 in PlayerMain(int, char**)
#1  0x007fe7ad6d64b7 in (Unknown)
#2  0x007fe7ab43ec20 in funlockfile
#3  0x007fe7ad099ff3 in (Unknown)
#4  0x007fe7ad09a671 in (Unknown)
#5  0x007fe7ad07ae7a in (Unknown)
#6  0x007fe7ada7642e in PlayerMain(int, char**)
#7  0x007fe7aca28426 in (Unknown)
#8  0x007fe6ed924320 in ContentLoadInterface_ContentFile_UnloadAsync_Injected_mBD2F1D561285B0DE37DCDA4DEA75931201B5E680
#9  0x007fe6ed92378f in ContentLoadInterface_ContentFile_UnloadAsync_m197A3C60564D4E9F9049BAD57B46FB404A8F17BD
#10 0x007fe6ed923635 in ContentFile_UnloadAsync_mF35518E83FCF4C1701AF2C6CEBF7E507490481D6
#11 0x007fe6ecb9b56a in RuntimeContentManager_ReleaseFile_m12EDB377B39EF4D01B3268E711303D79747A4F4C
#12 0x007fe6ecb9945c in RuntimeContentManager_ReleaseObjectImpl_m84E24B7727CAA367D95ABC97FC529A5594840414
#13 0x007fe6ecb97ae8 in RuntimeContentManager_Cleanup_m6436DF58ED05204D0A7DFACFB212018BD6B813FD
#14 0x007fe6ecb98f38 in RuntimeContentManager_OnShutdown_m09B1F0AD37BE7168472DDB84F55C43F02CD40113
#15 0x007fe6e8694e76 in EventHandler_Invoke_m9D3126CBE291A3E7E7C304094E1DA846832F9B96_Multicast(EventHandler_tC6323FD7E6163F965259C33D72612C0E5B9BAB82*, Il2CppObject*, EventArgs_t37273F03EAC87217701DD431B190FBD84AD7C377*, MethodInfo const*)
#16 0x007fe6ec0067b0 in EventHandler_Invoke_m9D3126CBE291A3E7E7C304094E1DA846832F9B96
#17 0x007fe6e883f073 in il2cpp::vm::Runtime::InvokeWithThrow(MethodInfo const*, void*, void**)
#18 0x007fe6e883efdb in il2cpp::vm::Runtime::Invoke(MethodInfo const*, void*, void**, Il2CppException**)
#19 0x007fe6e883eb1c in il2cpp::vm::Runtime::Shutdown()
#20 0x007fe7ad62ff56 in (Unknown)
#21 0x007fe7ad16b658 in (Unknown)
#22 0x007fe7ad6d7ee6 in PlayerMain(int, char**)
#23 0x007fe7ab08a493 in __libc_start_main
#24 0x00000000201029 in _start
