[UnityMemory] Configuration Parameters - Can be set up in boot.config
    "memorysetup-bucket-allocator-granularity=16"
    "memorysetup-bucket-allocator-bucket-count=8"
    "memorysetup-bucket-allocator-block-size=4194304"
    "memorysetup-bucket-allocator-block-count=1"
    "memorysetup-main-allocator-block-size=16777216"
    "memorysetup-thread-allocator-block-size=16777216"
    "memorysetup-gfx-main-allocator-block-size=16777216"
    "memorysetup-gfx-thread-allocator-block-size=16777216"
    "memorysetup-cache-allocator-block-size=4194304"
    "memorysetup-typetree-allocator-block-size=2097152"
    "memorysetup-profiler-bucket-allocator-granularity=16"
    "memorysetup-profiler-bucket-allocator-bucket-count=8"
    "memorysetup-profiler-bucket-allocator-block-size=4194304"
    "memorysetup-profiler-bucket-allocator-block-count=1"
    "memorysetup-profiler-allocator-block-size=16777216"
    "memorysetup-profiler-editor-allocator-block-size=1048576"
    "memorysetup-temp-allocator-size-main=4194304"
    "memorysetup-job-temp-allocator-block-size=2097152"
    "memorysetup-job-temp-allocator-block-size-background=1048576"
    "memorysetup-job-temp-allocator-reduction-small-platforms=262144"
    "memorysetup-allocator-temp-initial-block-size-main=262144"
    "memorysetup-allocator-temp-initial-block-size-worker=262144"
    "memorysetup-temp-allocator-size-background-worker=32768"
    "memorysetup-temp-allocator-size-job-worker=262144"
    "memorysetup-temp-allocator-size-preload-manager=262144"
    "memorysetup-temp-allocator-size-nav-mesh-worker=65536"
    "memorysetup-temp-allocator-size-audio-worker=65536"
    "memorysetup-temp-allocator-size-cloud-worker=32768"
    "memorysetup-temp-allocator-size-gfx=262144"
Remaining time:29s
Found 2 interfaces on host : 0) 10.141.0.1 1) 10.149.0.1
Player connection [139867927113600] Multi-casting "[IP] 10.141.0.1 [Port] 55000 [Flags] 19 [Guid] 1841655171 [EditorId] 3765082745 [Version] 1048832 [Id] LinuxPlayer(13,10.141.0.1) [Debug] 0 [PackageName] LinuxPlayer [ProjectName] Opencraft" to [225.0.0.222:54997]...

Direct connection to host time out.
Stopping profiler. Profiler is not able to flush data to a file or socket and exceeded maximum allowed memory for buffering.
Please use Profiler.maxUsedMemory API or -profiler-maxusedmemory command line parameter to increase maximum allowed memory usage.
Using 134234112 bytes while Profiler.maxUsedMemory is 134217728 bytes.
Failed to initialize networking layer after 30 seconds, skipping waiting for connection before starting playback.
Preloaded 'lib_burst_generated.so'
Preloaded 'libwebrtc.so'
[Physics::Module] Initialized MultithreadedJobDispatcher with 47 workers.
Initialize engine version: 2022.3.16f1 (d2c21f0ef2f1)
[Subsystems] Discovering subsystems at path /var/scratch/zmr280/opencraft/opencraft_Data/UnitySubsystems
Forcing GfxDevice: Null
GfxDevice: creating device client; threaded=0; jobified=0
NullGfxDevice:
    Version:  NULL 1.0 [1.0]
    Renderer: Null Device
    Vendor:   Unity Technologies
ERROR: Shader Hidden/Universal Render Pipeline/Blit shader is not supported on this GPU (none of subshaders/fallbacks are suitable)
ERROR: Shader Hidden/Universal Render Pipeline/CopyDepth shader is not supported on this GPU (none of subshaders/fallbacks are suitable)
ERROR: Shader Hidden/Universal Render Pipeline/Sampling shader is not supported on this GPU (none of subshaders/fallbacks are suitable)
ERROR: Shader Hidden/Universal Render Pipeline/LutBuilderLdr shader is not supported on this GPU (none of subshaders/fallbacks are suitable)
ERROR: Shader Hidden/Universal Render Pipeline/LutBuilderHdr shader is not supported on this GPU (none of subshaders/fallbacks are suitable)
ERROR: Shader Hidden/Universal Render Pipeline/UberPost shader is not supported on this GPU (none of subshaders/fallbacks are suitable)
ERROR: Shader Hidden/Universal Render Pipeline/Debug/DebugReplacement shader is not supported on this GPU (none of subshaders/fallbacks are suitable)
ERROR: Shader Hidden/Universal/HDRDebugView shader is not supported on this GPU (none of subshaders/fallbacks are suitable)
WARNING: Shader Unsupported: 'Hidden/Universal Render Pipeline/FallbackError' - All subshaders removed
WARNING: Shader Did you use #pragma only_renderers and omit this platform?
WARNING: Shader If subshaders removal was intentional, you may have forgotten turning Fallback off?
ERROR: Shader Hidden/Universal Render Pipeline/FallbackError shader is not supported on this GPU (none of subshaders/fallbacks are suitable)
WARNING: Shader Unsupported: 'Hidden/Universal Render Pipeline/FallbackError' - All subshaders removed
WARNING: Shader Did you use #pragma only_renderers and omit this platform?
WARNING: Shader If subshaders removal was intentional, you may have forgotten turning Fallback off?
WARNING: Shader Unsupported: 'Hidden/Universal Render Pipeline/StencilDeferred' - All subshaders removed
WARNING: Shader Did you use #pragma only_renderers and omit this platform?
WARNING: Shader If subshaders removal was intentional, you may have forgotten turning Fallback off?
ERROR: Shader Hidden/Universal Render Pipeline/StencilDeferred shader is not supported on this GPU (none of subshaders/fallbacks are suitable)
WARNING: Shader Unsupported: 'Hidden/Universal Render Pipeline/StencilDeferred' - All subshaders removed
WARNING: Shader Did you use #pragma only_renderers and omit this platform?
WARNING: Shader If subshaders removal was intentional, you may have forgotten turning Fallback off?
ERROR: Shader Hidden/Universal Render Pipeline/CameraMotionVectors shader is not supported on this GPU (none of subshaders/fallbacks are suitable)
ERROR: Shader Hidden/Universal Render Pipeline/ObjectMotionVectors shader is not supported on this GPU (none of subshaders/fallbacks are suitable)
ERROR: Shader Hidden/Universal Render Pipeline/LensFlareDataDriven shader is not supported on this GPU (none of subshaders/fallbacks are suitable)
ERROR: Shader Hidden/Universal Render Pipeline/ScreenSpaceAmbientOcclusion shader is not supported on this GPU (none of subshaders/fallbacks are suitable)
ERROR: Shader Hidden/Universal Render Pipeline/Stop NaN shader is not supported on this GPU (none of subshaders/fallbacks are suitable)
ERROR: Shader Hidden/Universal Render Pipeline/SubpixelMorphologicalAntialiasing shader is not supported on this GPU (none of subshaders/fallbacks are suitable)
ERROR: Shader Hidden/Universal Render Pipeline/TemporalAA shader is not supported on this GPU (none of subshaders/fallbacks are suitable)
ERROR: Shader Hidden/Universal Render Pipeline/Scaling Setup shader is not supported on this GPU (none of subshaders/fallbacks are suitable)
ERROR: Shader Hidden/Universal Render Pipeline/Edge Adaptive Spatial Upsampling shader is not supported on this GPU (none of subshaders/fallbacks are suitable)
ERROR: Shader Hidden/Universal Render Pipeline/FinalPost shader is not supported on this GPU (none of subshaders/fallbacks are suitable)
ERROR: Shader Sprites/Default shader is not supported on this GPU (none of subshaders/fallbacks are suitable)
ERROR: Shader Sprites/Mask shader is not supported on this GPU (none of subshaders/fallbacks are suitable)
ERROR: Shader GUI/Text Shader shader is not supported on this GPU (none of subshaders/fallbacks are suitable)
UnloadTime: 1.164594 ms
Parsing args: /var/scratch/zmr280/opencraft/opencraft.x86_64, -batchmode, -nographics, -logStats, True, -terrainType, Empty, -statsFile, /var/scratch/zmr280/runs/players-activeLogic_Empty_0x_0z_30p_120s/opencraft_stats/server.csv, -activeLogic, -circuitX, 0, -circuitZ, 0, -playType, Server
Setting up worlds with playType Server and streaming role Disabled
Connecting worlds with playType Server and streaming role Disabled
Created listen request for 0.0.0.0:7979
Creating statistics writer!
Recorder [GhostSimulationSystemGroup] is invalid!
UnityEngine.DebugLogHandler:Internal_Log(LogType, LogOption, String, Object)
UnityEngine.DebugLogHandler:LogFormat(LogType, Object, String, Object[])
UnityEngine.Logger:Log(LogType, Object)
UnityEngine.Debug:LogWarning(Object)
PolkaDOTS.Statistics.StatisticsWriter:.ctor()
PolkaDOTS.Statistics.StatisticsWriterInstance:Awake()

Recorder [PredictedSimulationSystemGroup] is invalid!
UnityEngine.DebugLogHandler:Internal_Log(LogType, LogOption, String, Object)
UnityEngine.DebugLogHandler:LogFormat(LogType, Object, String, Object[])
UnityEngine.Logger:Log(LogType, Object)
UnityEngine.Debug:LogWarning(Object)
PolkaDOTS.Statistics.StatisticsWriter:.ctor()
PolkaDOTS.Statistics.StatisticsWriterInstance:Awake()

Initializing multiplay!
Found non-specified codec: VP8 Internal video/VP8 implementation_name=Internal
Found codec: VP9 Profile0
Found codec: VP9 Profile2
Found codec: VP9 Profile1
Found codec: VP9 Profile3
Found codec: AV1 Profile0
Found codec: AV1 Profile1
Could not find H264.High as streaming codec!
Adding terrain areas statistics recorders
Streamed scene with   56ms latency from /var/scratch/zmr280/opencraft/opencraft_Data/StreamingAssets/EntityScenes/bea83102298cfb741939cdba85abe535.0.entities
AutoLoading authoring scene in world ServerWorld
ERROR: Shader Custom/VoxelShader shader is not supported on this GPU (none of subshaders/fallbacks are suitable)
WARNING: Shader Unsupported: 'Hidden/Universal Render Pipeline/FallbackError' - All subshaders removed
WARNING: Shader Did you use #pragma only_renderers and omit this platform?
WARNING: Shader If subshaders removal was intentional, you may have forgotten turning Fallback off?
ERROR: Shader Hidden/Universal Render Pipeline/FallbackError shader is not supported on this GPU (none of subshaders/fallbacks are suitable)
WARNING: Shader Unsupported: 'Hidden/Universal Render Pipeline/FallbackError' - All subshaders removed
WARNING: Shader Did you use #pragma only_renderers and omit this platform?
WARNING: Shader If subshaders removal was intentional, you may have forgotten turning Fallback off?
WARNING: Shader Unsupported: 'Universal Render Pipeline/Lit' - All subshaders removed
WARNING: Shader Did you use #pragma only_renderers and omit this platform?
WARNING: Shader If subshaders removal was intentional, you may have forgotten turning Fallback off?
ERROR: Shader Universal Render Pipeline/Lit shader is not supported on this GPU (none of subshaders/fallbacks are suitable)
WARNING: Shader Unsupported: 'Universal Render Pipeline/Lit' - All subshaders removed
WARNING: Shader Did you use #pragma only_renderers and omit this platform?
WARNING: Shader If subshaders removal was intentional, you may have forgotten turning Fallback off?
WARNING: Shader Unsupported: 'Universal Render Pipeline/Unlit' - All subshaders removed
WARNING: Shader Did you use #pragma only_renderers and omit this platform?
WARNING: Shader If subshaders removal was intentional, you may have forgotten turning Fallback off?
ERROR: Shader Universal Render Pipeline/Unlit shader is not supported on this GPU (none of subshaders/fallbacks are suitable)
WARNING: Shader Unsupported: 'Universal Render Pipeline/Unlit' - All subshaders removed
WARNING: Shader Did you use #pragma only_renderers and omit this platform?
WARNING: Shader If subshaders removal was intentional, you may have forgotten turning Fallback off?
Streamed scene with   43ms latency from /var/scratch/zmr280/opencraft/opencraft_Data/StreamingAssets/EntityScenes/62561c7118c5bbb46929c6bf65331faa.0.entities
Setting player spawn to 0, 3, 0
TerrainLogicSystem Tick 1
[20:10:42.4821220]:[ServerWorld] New connection ID:1
[20:10:42.5141490]:[ServerWorld] New connection ID:2
[20:10:42.5141490]:[ServerWorld] New connection ID:3
[20:10:42.5493780]:[ServerWorld] New connection ID:4
[20:10:42.5493780]:[ServerWorld] New connection ID:5
[20:10:42.5493780]:[ServerWorld] New connection ID:6
Starting game stream on connection 1!
'Spawning a Ghost '' for user '10' on connection '1'!
[20:10:42.5819530]:[ServerWorld] Connection disconnected ID:0 Reason:ConnectionClose
Starting game stream on connection 3!
'Spawning a Ghost '' for user '7' on connection '3'!
[20:10:42.6143540]:[ServerWorld] Connection disconnected ID:0 Reason:ConnectionClose
Starting game stream on connection 6!
Starting game stream on connection 2!
Starting game stream on connection 4!
Starting game stream on connection 5!
'Spawning a Ghost '' for user '2' on connection '6'!
'Spawning a Ghost '' for user '4' on connection '2'!
'Spawning a Ghost '' for user '5' on connection '4'!
'Spawning a Ghost '' for user '6' on connection '5'!
[20:10:42.6510860]:[ServerWorld] Connection disconnected ID:0 Reason:ConnectionClose
[20:10:42.6510860]:[ServerWorld] Connection disconnected ID:0 Reason:ConnectionClose
[20:10:42.6510860]:[ServerWorld] Connection disconnected ID:0 Reason:ConnectionClose
[20:10:42.6510860]:[ServerWorld] Connection disconnected ID:0 Reason:ConnectionClose
[20:10:42.6644990]:[ServerWorld] New connection ID:7
Starting game stream on connection 7!
'Spawning a Ghost '' for user '1' on connection '7'!
[20:10:42.7483790]:[ServerWorld] Connection disconnected ID:0 Reason:ConnectionClose
[20:10:42.9171150]:[ServerWorld] New connection ID:8
[20:10:42.9827750]:[ServerWorld] New connection ID:9
Starting game stream on connection 8!
'Spawning a Ghost '' for user '3' on connection '8'!
[20:10:43.0170840]:[ServerWorld] New connection ID:10
[20:10:43.0170840]:[ServerWorld] Connection disconnected ID:0 Reason:ConnectionClose
Starting game stream on connection 9!
'Spawning a Ghost '' for user '9' on connection '9'!
[20:10:43.1158800]:[ServerWorld] Connection disconnected ID:0 Reason:ConnectionClose
Starting game stream on connection 10!
'Spawning a Ghost '' for user '8' on connection '10'!
[20:10:43.1485570]:[ServerWorld] Connection disconnected ID:0 Reason:ConnectionClose
TerrainLogicSystem Tick 2
[20:10:45.4479430]:[ServerWorld] New connection ID:11
[20:10:45.4837900]:[ServerWorld] New connection ID:12
Starting game stream on connection 11!
[20:10:45.5340750]:[ServerWorld] New connection ID:13
[20:10:45.5340750]:[ServerWorld] New connection ID:14
'Spawning a Ghost '' for user '16' on connection '11'!
[20:10:45.5476570]:[ServerWorld] Connection disconnected ID:0 Reason:ConnectionClose
Starting game stream on connection 12!
'Spawning a Ghost '' for user '11' on connection '12'!
[20:10:45.5830870]:[ServerWorld] Connection disconnected ID:0 Reason:ConnectionClose
Starting game stream on connection 14!
'Spawning a Ghost '' for user '18' on connection '14'!
[20:10:45.6323290]:[ServerWorld] Connection disconnected ID:0 Reason:ConnectionClose
Starting game stream on connection 13!
'Spawning a Ghost '' for user '14' on connection '13'!
[20:10:45.6490530]:[ServerWorld] New connection ID:15
[20:10:45.6490530]:[ServerWorld] Connection disconnected ID:0 Reason:ConnectionClose
[20:10:45.7004770]:[ServerWorld] New connection ID:16
Starting game stream on connection 15!
[20:10:45.7481410]:[ServerWorld] New connection ID:17
'Spawning a Ghost '' for user '15' on connection '15'!
[20:10:45.7658320]:[ServerWorld] Connection disconnected ID:0 Reason:ConnectionClose
Starting game stream on connection 16!
[20:10:45.8143910]:[ServerWorld] New connection ID:18
'Spawning a Ghost '' for user '12' on connection '16'!
[20:10:45.8324470]:[ServerWorld] Connection disconnected ID:0 Reason:ConnectionClose
Starting game stream on connection 17!
'Spawning a Ghost '' for user '17' on connection '17'!
[20:10:45.8670410]:[ServerWorld] New connection ID:19
[20:10:45.8670410]:[ServerWorld] Connection disconnected ID:0 Reason:ConnectionClose
Starting game stream on connection 18!
'Spawning a Ghost '' for user '20' on connection '18'!
[20:10:45.9506800]:[ServerWorld] Connection disconnected ID:0 Reason:ConnectionClose
Starting game stream on connection 19!
[20:10:45.9813520]:[ServerWorld] New connection ID:20
'Spawning a Ghost '' for user '19' on connection '19'!
[20:10:46.0010280]:[ServerWorld] Connection disconnected ID:0 Reason:ConnectionClose
Starting game stream on connection 20!
'Spawning a Ghost '' for user '13' on connection '20'!
[20:10:46.1176920]:[ServerWorld] Connection disconnected ID:0 Reason:ConnectionClose
[20:10:48.5325240]:[ServerWorld] New connection ID:21
[20:10:48.5325240]:[ServerWorld] New connection ID:22
Starting game stream on connection 21!
Starting game stream on connection 22!
'Spawning a Ghost '' for user '30' on connection '21'!
'Spawning a Ghost '' for user '29' on connection '22'!
[20:10:48.6329940]:[ServerWorld] New connection ID:23
[20:10:48.6329940]:[ServerWorld] Connection disconnected ID:0 Reason:ConnectionClose
[20:10:48.6329940]:[ServerWorld] Connection disconnected ID:0 Reason:ConnectionClose
Starting game stream on connection 23!
[20:10:48.7330580]:[ServerWorld] New connection ID:24
'Spawning a Ghost '' for user '21' on connection '23'!
[20:10:48.7505170]:[ServerWorld] Connection disconnected ID:0 Reason:ConnectionClose
[20:10:48.8168060]:[ServerWorld] New connection ID:25
Starting game stream on connection 24!
'Spawning a Ghost '' for user '28' on connection '24'!
[20:10:48.8319730]:[ServerWorld] Connection disconnected ID:0 Reason:ConnectionClose
[20:10:48.8817440]:[ServerWorld] New connection ID:26
[20:10:48.8817440]:[ServerWorld] New connection ID:27
Starting game stream on connection 25!
'Spawning a Ghost '' for user '27' on connection '25'!
[20:10:48.9167780]:[ServerWorld] Connection disconnected ID:0 Reason:ConnectionClose
[20:10:48.9500100]:[ServerWorld] New connection ID:28
Starting game stream on connection 27!
Starting game stream on connection 26!
[20:10:48.9820730]:[ServerWorld] New connection ID:29
'Spawning a Ghost '' for user '23' on connection '27'!
'Spawning a Ghost '' for user '25' on connection '26'!
[20:10:49.0043950]:[ServerWorld] Connection disconnected ID:0 Reason:ConnectionClose
[20:10:49.0043950]:[ServerWorld] Connection disconnected ID:0 Reason:ConnectionClose
[20:10:49.0504100]:[ServerWorld] New connection ID:30
Starting game stream on connection 28!
'Spawning a Ghost '' for user '26' on connection '28'!
[20:10:49.0655250]:[ServerWorld] Connection disconnected ID:0 Reason:ConnectionClose
Starting game stream on connection 29!
'Spawning a Ghost '' for user '24' on connection '29'!
[20:10:49.1142250]:[ServerWorld] Connection disconnected ID:0 Reason:ConnectionClose
Starting game stream on connection 30!
'Spawning a Ghost '' for user '22' on connection '30'!
[20:10:49.1666690]:[ServerWorld] Connection disconnected ID:0 Reason:ConnectionClose
TerrainLogicSystem Tick 3
TerrainLogicSystem Tick 4
TerrainLogicSystem Tick 5
TerrainLogicSystem Tick 6
TerrainLogicSystem Tick 7
TerrainLogicSystem Tick 8
TerrainLogicSystem Tick 9
TerrainLogicSystem Tick 10
TerrainLogicSystem Tick 11
TerrainLogicSystem Tick 12
TerrainLogicSystem Tick 13
TerrainLogicSystem Tick 14
TerrainLogicSystem Tick 15
TerrainLogicSystem Tick 16
TerrainLogicSystem Tick 17
TerrainLogicSystem Tick 18
TerrainLogicSystem Tick 19
TerrainLogicSystem Tick 20
TerrainLogicSystem Tick 21
TerrainLogicSystem Tick 22
TerrainLogicSystem Tick 23
TerrainLogicSystem Tick 24
TerrainLogicSystem Tick 25
TerrainLogicSystem Tick 26
TerrainLogicSystem Tick 27
TerrainLogicSystem Tick 28
Caught fatal signal - signo:15 code:0 errno:0 addr:0x15020006320d
Obtained 20 stack frames.
#0  0x007f35889159c9 in PlayerMain(int, char**)
#1  0x007f358890a4b7 in (Unknown)
#2  0x007f3586672c20 in funlockfile
#3  0x007ffffb6f7bba in clock_gettime
#4  0x007f358635e97a in clock_gettime
#5  0x007f3586352a35 in __clock_gettime
#6  0x007f34b9f0d97e in clock
#7  0x007f34b9f0e4d7 in GC_timeout_stop_func
#8  0x007f34b9f0db2c in GC_stopped_mark
#9  0x007f34b9f0f117 in GC_maybe_gc
#10 0x007f34b9f0da75 in GC_collect_a_little_inner
#11 0x007f3588855088 in GC_collect_a_little
#12 0x007f358885517e in (Unknown)
#13 0x007f35883a0373 in (Unknown)
#14 0x007f358838d247 in (Unknown)
#15 0x007f358838d201 in (Unknown)
#16 0x007f358838d570 in (Unknown)
#17 0x007f358890c077 in (Unknown)
#18 0x007f35862be493 in PlayerMain(int, char**)
#19 0x00000000201029 in __libc_start_main
Setting up 12 worker threads for Enlighten.
Writing stats to file
Calling DomainUnloadOrPlayModeChangeShutdown!
Caught fatal signal - signo:11 code:1 errno:0 addr:0x48
Obtained 25 stack frames.
#0  0x007f35889159c9 in PlayerMain(int, char**)
#1  0x007f358890a4b7 in (Unknown)
#2  0x007f3586672c20 in funlockfile
#3  0x007f35882cdff3 in (Unknown)
#4  0x007f35882ce671 in (Unknown)
#5  0x007f35882aee7a in (Unknown)
#6  0x007f3588caa42e in PlayerMain(int, char**)
#7  0x007f3587c5c426 in (Unknown)
#8  0x007f34bef6d320 in ContentLoadInterface_ContentFile_UnloadAsync_Injected_mBD2F1D561285B0DE37DCDA4DEA75931201B5E680
#9  0x007f34bef6c78f in ContentLoadInterface_ContentFile_UnloadAsync_m197A3C60564D4E9F9049BAD57B46FB404A8F17BD
#10 0x007f34bef6c635 in ContentFile_UnloadAsync_mF35518E83FCF4C1701AF2C6CEBF7E507490481D6
#11 0x007f34be1e456a in RuntimeContentManager_ReleaseFile_m12EDB377B39EF4D01B3268E711303D79747A4F4C
#12 0x007f34be1e245c in RuntimeContentManager_ReleaseObjectImpl_m84E24B7727CAA367D95ABC97FC529A5594840414
#13 0x007f34be1e0ae8 in RuntimeContentManager_Cleanup_m6436DF58ED05204D0A7DFACFB212018BD6B813FD
#14 0x007f34be1e1f38 in RuntimeContentManager_OnShutdown_m09B1F0AD37BE7168472DDB84F55C43F02CD40113
#15 0x007f34b9cdde76 in EventHandler_Invoke_m9D3126CBE291A3E7E7C304094E1DA846832F9B96_Multicast(EventHandler_tC6323FD7E6163F965259C33D72612C0E5B9BAB82*, Il2CppObject*, EventArgs_t37273F03EAC87217701DD431B190FBD84AD7C377*, MethodInfo const*)
#16 0x007f34bd64f7b0 in EventHandler_Invoke_m9D3126CBE291A3E7E7C304094E1DA846832F9B96
#17 0x007f34b9e88073 in il2cpp::vm::Runtime::InvokeWithThrow(MethodInfo const*, void*, void**)
#18 0x007f34b9e87fdb in il2cpp::vm::Runtime::Invoke(MethodInfo const*, void*, void**, Il2CppException**)
#19 0x007f34b9e87b1c in il2cpp::vm::Runtime::Shutdown()
#20 0x007f3588863f56 in (Unknown)
#21 0x007f358839f658 in (Unknown)
#22 0x007f358890bee6 in PlayerMain(int, char**)
#23 0x007f35862be493 in __libc_start_main
#24 0x00000000201029 in _start
