[UnityMemory] Configuration Parameters - Can be set up in boot.config
    "memorysetup-bucket-allocator-granularity=16"
    "memorysetup-bucket-allocator-bucket-count=8"
    "memorysetup-bucket-allocator-block-size=4194304"
    "memorysetup-bucket-allocator-block-count=1"
    "memorysetup-main-allocator-block-size=16777216"
    "memorysetup-thread-allocator-block-size=16777216"
    "memorysetup-gfx-main-allocator-block-size=16777216"
    "memorysetup-gfx-thread-allocator-block-size=16777216"
    "memorysetup-cache-allocator-block-size=4194304"
    "memorysetup-typetree-allocator-block-size=2097152"
    "memorysetup-profiler-bucket-allocator-granularity=16"
    "memorysetup-profiler-bucket-allocator-bucket-count=8"
    "memorysetup-profiler-bucket-allocator-block-size=4194304"
    "memorysetup-profiler-bucket-allocator-block-count=1"
    "memorysetup-profiler-allocator-block-size=16777216"
    "memorysetup-profiler-editor-allocator-block-size=1048576"
    "memorysetup-temp-allocator-size-main=4194304"
    "memorysetup-job-temp-allocator-block-size=2097152"
    "memorysetup-job-temp-allocator-block-size-background=1048576"
    "memorysetup-job-temp-allocator-reduction-small-platforms=262144"
    "memorysetup-allocator-temp-initial-block-size-main=262144"
    "memorysetup-allocator-temp-initial-block-size-worker=262144"
    "memorysetup-temp-allocator-size-background-worker=32768"
    "memorysetup-temp-allocator-size-job-worker=262144"
    "memorysetup-temp-allocator-size-preload-manager=262144"
    "memorysetup-temp-allocator-size-nav-mesh-worker=65536"
    "memorysetup-temp-allocator-size-audio-worker=65536"
    "memorysetup-temp-allocator-size-cloud-worker=32768"
    "memorysetup-temp-allocator-size-gfx=262144"
Remaining time:29s
Found 2 interfaces on host : 0) 10.141.0.31 1) 10.149.0.31
Player connection [139968613797760] Multi-casting "[IP] 10.141.0.31 [Port] 55000 [Flags] 19 [Guid] 928738613 [EditorId] 3765082745 [Version] 1048832 [Id] LinuxPlayer(13,10.141.0.31) [Debug] 0 [PackageName] LinuxPlayer [ProjectName] Opencraft" to [225.0.0.222:54997]...

Direct connection to host time out.
Stopping profiler. Profiler is not able to flush data to a file or socket and exceeded maximum allowed memory for buffering.
Please use Profiler.maxUsedMemory API or -profiler-maxusedmemory command line parameter to increase maximum allowed memory usage.
Using 134234112 bytes while Profiler.maxUsedMemory is 134217728 bytes.
Failed to initialize networking layer after 30 seconds, skipping waiting for connection before starting playback.
Preloaded 'lib_burst_generated.so'
Preloaded 'libwebrtc.so'
[Physics::Module] Initialized MultithreadedJobDispatcher with 47 workers.
Initialize engine version: 2022.3.16f1 (d2c21f0ef2f1)
[Subsystems] Discovering subsystems at path /var/scratch/zmr280/opencraft/opencraft_Data/UnitySubsystems
Forcing GfxDevice: Null
GfxDevice: creating device client; threaded=0; jobified=0
NullGfxDevice:
    Version:  NULL 1.0 [1.0]
    Renderer: Null Device
    Vendor:   Unity Technologies
ERROR: Shader Hidden/Universal Render Pipeline/Blit shader is not supported on this GPU (none of subshaders/fallbacks are suitable)
ERROR: Shader Hidden/Universal Render Pipeline/CopyDepth shader is not supported on this GPU (none of subshaders/fallbacks are suitable)
ERROR: Shader Hidden/Universal Render Pipeline/Sampling shader is not supported on this GPU (none of subshaders/fallbacks are suitable)
ERROR: Shader Hidden/Universal Render Pipeline/LutBuilderLdr shader is not supported on this GPU (none of subshaders/fallbacks are suitable)
ERROR: Shader Hidden/Universal Render Pipeline/LutBuilderHdr shader is not supported on this GPU (none of subshaders/fallbacks are suitable)
ERROR: Shader Hidden/Universal Render Pipeline/UberPost shader is not supported on this GPU (none of subshaders/fallbacks are suitable)
ERROR: Shader Hidden/Universal Render Pipeline/Debug/DebugReplacement shader is not supported on this GPU (none of subshaders/fallbacks are suitable)
ERROR: Shader Hidden/Universal/HDRDebugView shader is not supported on this GPU (none of subshaders/fallbacks are suitable)
WARNING: Shader Unsupported: 'Hidden/Universal Render Pipeline/FallbackError' - All subshaders removed
WARNING: Shader Did you use #pragma only_renderers and omit this platform?
WARNING: Shader If subshaders removal was intentional, you may have forgotten turning Fallback off?
ERROR: Shader Hidden/Universal Render Pipeline/FallbackError shader is not supported on this GPU (none of subshaders/fallbacks are suitable)
WARNING: Shader Unsupported: 'Hidden/Universal Render Pipeline/FallbackError' - All subshaders removed
WARNING: Shader Did you use #pragma only_renderers and omit this platform?
WARNING: Shader If subshaders removal was intentional, you may have forgotten turning Fallback off?
WARNING: Shader Unsupported: 'Hidden/Universal Render Pipeline/StencilDeferred' - All subshaders removed
WARNING: Shader Did you use #pragma only_renderers and omit this platform?
WARNING: Shader If subshaders removal was intentional, you may have forgotten turning Fallback off?
ERROR: Shader Hidden/Universal Render Pipeline/StencilDeferred shader is not supported on this GPU (none of subshaders/fallbacks are suitable)
WARNING: Shader Unsupported: 'Hidden/Universal Render Pipeline/StencilDeferred' - All subshaders removed
WARNING: Shader Did you use #pragma only_renderers and omit this platform?
WARNING: Shader If subshaders removal was intentional, you may have forgotten turning Fallback off?
ERROR: Shader Hidden/Universal Render Pipeline/CameraMotionVectors shader is not supported on this GPU (none of subshaders/fallbacks are suitable)
ERROR: Shader Hidden/Universal Render Pipeline/ObjectMotionVectors shader is not supported on this GPU (none of subshaders/fallbacks are suitable)
ERROR: Shader Hidden/Universal Render Pipeline/LensFlareDataDriven shader is not supported on this GPU (none of subshaders/fallbacks are suitable)
ERROR: Shader Hidden/Universal Render Pipeline/ScreenSpaceAmbientOcclusion shader is not supported on this GPU (none of subshaders/fallbacks are suitable)
ERROR: Shader Hidden/Universal Render Pipeline/Stop NaN shader is not supported on this GPU (none of subshaders/fallbacks are suitable)
ERROR: Shader Hidden/Universal Render Pipeline/SubpixelMorphologicalAntialiasing shader is not supported on this GPU (none of subshaders/fallbacks are suitable)
ERROR: Shader Hidden/Universal Render Pipeline/TemporalAA shader is not supported on this GPU (none of subshaders/fallbacks are suitable)
ERROR: Shader Hidden/Universal Render Pipeline/Scaling Setup shader is not supported on this GPU (none of subshaders/fallbacks are suitable)
ERROR: Shader Hidden/Universal Render Pipeline/Edge Adaptive Spatial Upsampling shader is not supported on this GPU (none of subshaders/fallbacks are suitable)
ERROR: Shader Hidden/Universal Render Pipeline/FinalPost shader is not supported on this GPU (none of subshaders/fallbacks are suitable)
ERROR: Shader Sprites/Default shader is not supported on this GPU (none of subshaders/fallbacks are suitable)
ERROR: Shader Sprites/Mask shader is not supported on this GPU (none of subshaders/fallbacks are suitable)
ERROR: Shader GUI/Text Shader shader is not supported on this GPU (none of subshaders/fallbacks are suitable)
UnloadTime: 0.906430 ms
Parsing args: /var/scratch/zmr280/opencraft/opencraft.x86_64, -batchmode, -nographics, -logStats, True, -serverUrl, 10.141.0.1, -statsFile, /var/scratch/zmr280/runs/players-activeLogic_3-Layer_6x_6z_120p_120s/opencraft_stats/client8.csv, -userID, 8, -playType, Client, -emulationType, Simulation
Setting up worlds with playType Client and streaming role Disabled
Adding type with UniqueSystemAttribute: StatisticsSystem
Adding type with UniqueSystemAttribute: StatisticsSystem
Adding world ClientWorld to update list
Connecting worlds with playType Client and streaming role Disabled
Created connection request for 10.141.0.1:7979
Creating statistics writer!
Recorder [ServerFixedUpdate] is invalid!
UnityEngine.DebugLogHandler:Internal_Log(LogType, LogOption, String, Object)
UnityEngine.DebugLogHandler:LogFormat(LogType, Object, String, Object[])
UnityEngine.Logger:Log(LogType, Object)
UnityEngine.Debug:LogWarning(Object)
PolkaDOTS.Statistics.StatisticsWriter:.ctor()
PolkaDOTS.Statistics.StatisticsWriterInstance:Awake()

Recorder [TerrainGeneration] is invalid!
UnityEngine.DebugLogHandler:Internal_Log(LogType, LogOption, String, Object)
UnityEngine.DebugLogHandler:LogFormat(LogType, Object, String, Object[])
UnityEngine.Logger:Log(LogType, Object)
UnityEngine.Debug:LogWarning(Object)
PolkaDOTS.Statistics.StatisticsWriter:.ctor()
PolkaDOTS.Statistics.StatisticsWriterInstance:Awake()

Recorder [PlayerTerrainGenCheck] is invalid!
UnityEngine.DebugLogHandler:Internal_Log(LogType, LogOption, String, Object)
UnityEngine.DebugLogHandler:LogFormat(LogType, Object, String, Object[])
UnityEngine.Logger:Log(LogType, Object)
UnityEngine.Debug:LogWarning(Object)
PolkaDOTS.Statistics.StatisticsWriter:.ctor()
PolkaDOTS.Statistics.StatisticsWriterInstance:Awake()

Recorder [StructureGeneration] is invalid!
UnityEngine.DebugLogHandler:Internal_Log(LogType, LogOption, String, Object)
UnityEngine.DebugLogHandler:LogFormat(LogType, Object, String, Object[])
UnityEngine.Logger:Log(LogType, Object)
UnityEngine.Debug:LogWarning(Object)
PolkaDOTS.Statistics.StatisticsWriter:.ctor()
PolkaDOTS.Statistics.StatisticsWriterInstance:Awake()

Recorder [TerrainLogicSystem] is invalid!
UnityEngine.DebugLogHandler:Internal_Log(LogType, LogOption, String, Object)
UnityEngine.DebugLogHandler:LogFormat(LogType, Object, String, Object[])
UnityEngine.Logger:Log(LogType, Object)
UnityEngine.Debug:LogWarning(Object)
PolkaDOTS.Statistics.StatisticsWriter:.ctor()
PolkaDOTS.Statistics.StatisticsWriterInstance:Awake()

Recorder [GetUpdates] is invalid!
UnityEngine.DebugLogHandler:Internal_Log(LogType, LogOption, String, Object)
UnityEngine.DebugLogHandler:LogFormat(LogType, Object, String, Object[])
UnityEngine.Logger:Log(LogType, Object)
UnityEngine.Debug:LogWarning(Object)
PolkaDOTS.Statistics.StatisticsWriter:.ctor()
PolkaDOTS.Statistics.StatisticsWriterInstance:Awake()

Recorder [ReevaluatePropagateMarker] is invalid!
UnityEngine.DebugLogHandler:Internal_Log(LogType, LogOption, String, Object)
UnityEngine.DebugLogHandler:LogFormat(LogType, Object, String, Object[])
UnityEngine.Logger:Log(LogType, Object)
UnityEngine.Debug:LogWarning(Object)
PolkaDOTS.Statistics.StatisticsWriter:.ctor()
PolkaDOTS.Statistics.StatisticsWriterInstance:Awake()

Recorder [PropagateLogicState] is invalid!
UnityEngine.DebugLogHandler:Internal_Log(LogType, LogOption, String, Object)
UnityEngine.DebugLogHandler:LogFormat(LogType, Object, String, Object[])
UnityEngine.Logger:Log(LogType, Object)
UnityEngine.Debug:LogWarning(Object)
PolkaDOTS.Statistics.StatisticsWriter:.ctor()
PolkaDOTS.Statistics.StatisticsWriterInstance:Awake()

Recorder [PropInputBlocks] is invalid!
UnityEngine.DebugLogHandler:Internal_Log(LogType, LogOption, String, Object)
UnityEngine.DebugLogHandler:LogFormat(LogType, Object, String, Object[])
UnityEngine.Logger:Log(LogType, Object)
UnityEngine.Debug:LogWarning(Object)
PolkaDOTS.Statistics.StatisticsWriter:.ctor()
PolkaDOTS.Statistics.StatisticsWriterInstance:Awake()

Recorder [PropActiveLogicBlocks] is invalid!
UnityEngine.DebugLogHandler:Internal_Log(LogType, LogOption, String, Object)
UnityEngine.DebugLogHandler:LogFormat(LogType, Object, String, Object[])
UnityEngine.Logger:Log(LogType, Object)
UnityEngine.Debug:LogWarning(Object)
PolkaDOTS.Statistics.StatisticsWriter:.ctor()
PolkaDOTS.Statistics.StatisticsWriterInstance:Awake()

Recorder [CheckGateState] is invalid!
UnityEngine.DebugLogHandler:Internal_Log(LogType, LogOption, String, Object)
UnityEngine.DebugLogHandler:LogFormat(LogType, Object, String, Object[])
UnityEngine.Logger:Log(LogType, Object)
UnityEngine.Debug:LogWarning(Object)
PolkaDOTS.Statistics.StatisticsWriter:.ctor()
PolkaDOTS.Statistics.StatisticsWriterInstance:Awake()

Recorder [GhostSimulationSystemGroup] is invalid!
UnityEngine.DebugLogHandler:Internal_Log(LogType, LogOption, String, Object)
UnityEngine.DebugLogHandler:LogFormat(LogType, Object, String, Object[])
UnityEngine.Logger:Log(LogType, Object)
UnityEngine.Debug:LogWarning(Object)
PolkaDOTS.Statistics.StatisticsWriter:.ctor()
PolkaDOTS.Statistics.StatisticsWriterInstance:Awake()

Recorder [PredictedSimulationSystemGroup] is invalid!
UnityEngine.DebugLogHandler:Internal_Log(LogType, LogOption, String, Object)
UnityEngine.DebugLogHandler:LogFormat(LogType, Object, String, Object[])
UnityEngine.Logger:Log(LogType, Object)
UnityEngine.Debug:LogWarning(Object)
PolkaDOTS.Statistics.StatisticsWriter:.ctor()
PolkaDOTS.Statistics.StatisticsWriterInstance:Awake()

Initializing multiplay!
Found non-specified codec: VP8 Internal video/VP8 implementation_name=Internal
Found codec: VP9 Profile0
Found codec: VP9 Profile2
Found codec: VP9 Profile1
Found codec: VP9 Profile3
Found codec: AV1 Profile0
Found codec: AV1 Profile1
Could not find H264.High as streaming codec!
Adding terrain areas statistics recorders
Streamed scene with   34ms latency from /var/scratch/zmr280/opencraft/opencraft_Data/StreamingAssets/EntityScenes/bea83102298cfb741939cdba85abe535.0.entities
AutoLoading authoring scene in world ClientWorld
[02:35:18.1000430]:[ClientWorld] New connection ID:1
ERROR: Shader Custom/VoxelShader shader is not supported on this GPU (none of subshaders/fallbacks are suitable)
WARNING: Shader Unsupported: 'Hidden/Universal Render Pipeline/FallbackError' - All subshaders removed
WARNING: Shader Did you use #pragma only_renderers and omit this platform?
WARNING: Shader If subshaders removal was intentional, you may have forgotten turning Fallback off?
ERROR: Shader Hidden/Universal Render Pipeline/FallbackError shader is not supported on this GPU (none of subshaders/fallbacks are suitable)
WARNING: Shader Unsupported: 'Hidden/Universal Render Pipeline/FallbackError' - All subshaders removed
WARNING: Shader Did you use #pragma only_renderers and omit this platform?
WARNING: Shader If subshaders removal was intentional, you may have forgotten turning Fallback off?
WARNING: Shader Unsupported: 'Universal Render Pipeline/Lit' - All subshaders removed
WARNING: Shader Did you use #pragma only_renderers and omit this platform?
WARNING: Shader If subshaders removal was intentional, you may have forgotten turning Fallback off?
ERROR: Shader Universal Render Pipeline/Lit shader is not supported on this GPU (none of subshaders/fallbacks are suitable)
WARNING: Shader Unsupported: 'Universal Render Pipeline/Lit' - All subshaders removed
WARNING: Shader Did you use #pragma only_renderers and omit this platform?
WARNING: Shader If subshaders removal was intentional, you may have forgotten turning Fallback off?
WARNING: Shader Unsupported: 'Universal Render Pipeline/Unlit' - All subshaders removed
WARNING: Shader Did you use #pragma only_renderers and omit this platform?
WARNING: Shader If subshaders removal was intentional, you may have forgotten turning Fallback off?
ERROR: Shader Universal Render Pipeline/Unlit shader is not supported on this GPU (none of subshaders/fallbacks are suitable)
WARNING: Shader Unsupported: 'Universal Render Pipeline/Unlit' - All subshaders removed
WARNING: Shader Did you use #pragma only_renderers and omit this platform?
WARNING: Shader If subshaders removal was intentional, you may have forgotten turning Fallback off?
Streamed scene with   38ms latency from /var/scratch/zmr280/opencraft/opencraft_Data/StreamingAssets/EntityScenes/62561c7118c5bbb46929c6bf65331faa.0.entities
Sending start game stream RPC
Emulation type is Idle, Simulation
Creating local player object
Sending spawn player RPC for user 8
ERROR: Shader UI/Default shader is not supported on this GPU (none of subshaders/fallbacks are suitable)
Player 8 has no connection ID!
UnityEngine.DebugLogHandler:Internal_Log(LogType, LogOption, String, Object)
UnityEngine.DebugLogHandler:LogFormat(LogType, Object, String, Object[])
UnityEngine.Logger:Log(LogType, Object)
UnityEngine.Debug:LogWarning(Object)
Opencraft.Player.SamplePlayerInput:OnUpdate(SystemState&)
Opencraft.Player.SamplePlayerInput:__codegen__OnUpdate(IntPtr, IntPtr)

Linking player entity Entity(157:1) to 8@LOCALPLAYER
    0: Could not find target at int3(0, 8, 0)
    1: Could not find target at int3(0, 8, 0)
    2: Could not find target at int3(0, 8, 0)
Player simulation searching for path from float3(0.5f, 8.9f, 0.5f) = int3(0, 8, 0) to int3(3, 9, 5)
Player simulation could not find a path from int3(0, 8, 0) to int3(3, 9, 5), will choose new target
    4: Could not find target at int3(0, 8, 0)
    5: Could not find target at int3(0, 8, 0)
    6: Could not find target at int3(0, 8, 0)
    7: Could not find target at int3(0, 8, 0)
    8: Could not find target at int3(0, 8, 0)
ClientWorld player simulation could not find a path in 9 attempts, waiting to try again
Player simulation searching for path from float3(0.5f, 9f, 0.5f) = int3(0, 9, 0) to int3(-13, 9, 4)
AStar halted as encountered unloaded blocks, retrying...
Player simulation could not find a path from int3(0, 9, 0) to int3(-13, 9, 4), will choose new target
Player simulation searching for path from float3(0.5f, 9f, 0.5f) = int3(0, 9, 0) to int3(8, 9, 6)
AStar halted as encountered unloaded blocks, retrying...
Player simulation could not find a path from int3(0, 9, 0) to int3(8, 9, 6), will choose new target
    2: Could not find target at int3(0, 9, 0)
Player simulation searching for path from float3(0.5f, 9f, 0.5f) = int3(0, 9, 0) to int3(-12, 9, 14)
AStar halted as encountered unloaded blocks, retrying...
Player simulation could not find a path from int3(0, 9, 0) to int3(-12, 9, 14), will choose new target
Player simulation searching for path from float3(0.5f, 9f, 0.5f) = int3(0, 9, 0) to int3(9, 9, 4)
AStar halted as encountered unloaded blocks, retrying...
Player simulation could not find a path from int3(0, 9, 0) to int3(9, 9, 4), will choose new target
    5: Could not find target at int3(0, 9, 0)
Player simulation searching for path from float3(0.5f, 9f, 0.5f) = int3(0, 9, 0) to int3(5, 9, -5)
AStar halted as encountered unloaded blocks, retrying...
Player simulation could not find a path from int3(0, 9, 0) to int3(5, 9, -5), will choose new target
Player simulation searching for path from float3(0.5f, 9f, 0.5f) = int3(0, 9, 0) to int3(15, 9, -2)
AStar halted as encountered unloaded blocks, retrying...
Player simulation could not find a path from int3(0, 9, 0) to int3(15, 9, -2), will choose new target
Player simulation searching for path from float3(0.5f, 9f, 0.5f) = int3(0, 9, 0) to int3(11, 9, -3)
AStar halted as encountered unloaded blocks, retrying...
Player simulation could not find a path from int3(0, 9, 0) to int3(11, 9, -3), will choose new target
ClientWorld player simulation could not find a path in 9 attempts, waiting to try again
Player simulation searching for path from float3(0.5f, 9.1f, 0.5f) = int3(0, 9, 0) to int3(-13, 9, 4)
AStar halted as encountered unloaded blocks, retrying...
Player simulation could not find a path from int3(0, 9, 0) to int3(-13, 9, 4), will choose new target
Player simulation searching for path from float3(0.5f, 9.1f, 0.5f) = int3(0, 9, 0) to int3(8, 9, 6)
AStar halted as encountered unloaded blocks, retrying...
Player simulation could not find a path from int3(0, 9, 0) to int3(8, 9, 6), will choose new target
    2: Could not find target at int3(0, 9, 0)
Player simulation searching for path from float3(0.5f, 9.1f, 0.5f) = int3(0, 9, 0) to int3(-12, 9, 14)
AStar halted as encountered unloaded blocks, retrying...
Player simulation could not find a path from int3(0, 9, 0) to int3(-12, 9, 14), will choose new target
Player simulation searching for path from float3(0.5f, 9.1f, 0.5f) = int3(0, 9, 0) to int3(9, 9, 4)
AStar halted as encountered unloaded blocks, retrying...
Player simulation could not find a path from int3(0, 9, 0) to int3(9, 9, 4), will choose new target
    5: Could not find target at int3(0, 9, 0)
Player simulation searching for path from float3(0.5f, 9.1f, 0.5f) = int3(0, 9, 0) to int3(5, 9, -5)
AStar halted as encountered unloaded blocks, retrying...
Player simulation could not find a path from int3(0, 9, 0) to int3(5, 9, -5), will choose new target
Player simulation searching for path from float3(0.5f, 9.1f, 0.5f) = int3(0, 9, 0) to int3(15, 9, -2)
AStar halted as encountered unloaded blocks, retrying...
Player simulation could not find a path from int3(0, 9, 0) to int3(15, 9, -2), will choose new target
Player simulation searching for path from float3(0.5f, 9.1f, 0.5f) = int3(0, 9, 0) to int3(11, 9, -3)
AStar halted as encountered unloaded blocks, retrying...
Player simulation could not find a path from int3(0, 9, 0) to int3(11, 9, -3), will choose new target
ClientWorld player simulation could not find a path in 9 attempts, waiting to try again
Player simulation searching for path from float3(0.5f, 9.1f, 0.5f) = int3(0, 9, 0) to int3(-13, 9, 4)
ClientWorld player simulation set new target int3(-13, 9, 4)
ClientWorld player simulation reached target int3(-13, 9, 4)
Player simulation searching for path from float3(-12.33171f, 9.12929f, 4.526f) = int3(-13, 9, 4) to int3(3, 9, 1)
ClientWorld player simulation set new target int3(3, 9, 1)
ClientWorld player simulation reached target int3(3, 9, 1)
Player simulation searching for path from float3(3.336711f, 9.12929f, 1.507f) = int3(3, 9, 1) to int3(2, 9, 10)
ClientWorld player simulation set new target int3(2, 9, 10)
ClientWorld player simulation reached target int3(2, 9, 10)
Player simulation searching for path from float3(2.65329f, 9.12929f, 10.49f) = int3(2, 9, 10) to int3(0, 9, 5)
ClientWorld player simulation set new target int3(0, 9, 5)
ClientWorld player simulation reached target int3(0, 9, 5)
Player simulation searching for path from float3(0.6765543f, 9.142265f, 5.516025f) = int3(0, 9, 5) to int3(8, 9, -4)
ClientWorld player simulation set new target int3(8, 9, -4)
ClientWorld player simulation reached target int3(8, 9, -4)
Player simulation searching for path from float3(8.528001f, 9.12929f, -3.33071f) = int3(8, 9, -4) to int3(4, 9, 11)
ClientWorld player simulation set new target int3(4, 9, 11)
ClientWorld player simulation reached target int3(4, 9, 11)
Player simulation searching for path from float3(4.677868f, 9.12929f, 11.479f) = int3(4, 9, 11) to int3(6, 9, -12)
ClientWorld player simulation set new target int3(6, 9, -12)
ClientWorld player simulation reached target int3(6, 9, -12)
Player simulation searching for path from float3(6.531f, 9.12929f, -11.32313f) = int3(6, 9, -12) to int3(-1, 9, 12)
ClientWorld player simulation set new target int3(-1, 9, 12)
ClientWorld player simulation reached target int3(-1, 9, 12)
Player simulation searching for path from float3(-0.3904215f, 9.12929f, 12.48829f) = int3(-1, 9, 12) to int3(-8, 9, 11)
ClientWorld player simulation set new target int3(-8, 9, 11)
ClientWorld player simulation reached target int3(-8, 9, 11)
Player simulation searching for path from float3(-7.531132f, 9.12929f, 11.60515f) = int3(-8, 9, 11) to int3(3, 9, 4)
ClientWorld player simulation set new target int3(3, 9, 4)
ClientWorld player simulation reached target int3(3, 9, 4)
Player simulation searching for path from float3(3.39571f, 9.12929f, 4.506f) = int3(3, 9, 4) to int3(-13, 9, -8)
ClientWorld player simulation set new target int3(-13, 9, -8)
ClientWorld player simulation reached target int3(-13, 9, -8)
Player simulation searching for path from float3(-12.524f, 9.12929f, -7.348711f) = int3(-13, 9, -8) to int3(3, 9, 1)
ClientWorld player simulation set new target int3(3, 9, 1)
ClientWorld player simulation reached target int3(3, 9, 1)
Player simulation searching for path from float3(3.340711f, 9.12929f, 1.492f) = int3(3, 9, 1) to int3(2, 9, 10)
ClientWorld player simulation set new target int3(2, 9, 10)
ClientWorld player simulation reached target int3(2, 9, 10)
Player simulation searching for path from float3(2.54529f, 9.12929f, 10.504f) = int3(2, 9, 10) to int3(0, 9, 5)
ClientWorld player simulation set new target int3(0, 9, 5)
ClientWorld player simulation reached target int3(0, 9, 5)
Player simulation searching for path from float3(0.6552894f, 9.12929f, 5.497f) = int3(0, 9, 5) to int3(8, 9, -4)
ClientWorld player simulation set new target int3(8, 9, -4)
ClientWorld player simulation reached target int3(8, 9, -4)
Player simulation searching for path from float3(8.484976f, 9.142265f, -3.401446f) = int3(8, 9, -4) to int3(4, 9, 11)
ClientWorld player simulation set new target int3(4, 9, 11)
ClientWorld player simulation reached target int3(4, 9, 11)
Player simulation searching for path from float3(4.64029f, 9.12929f, 11.502f) = int3(4, 9, 11) to int3(6, 9, -12)
ClientWorld player simulation set new target int3(6, 9, -12)
ClientWorld player simulation reached target int3(6, 9, -12)
Player simulation searching for path from float3(6.482f, 9.12929f, -11.31271f) = int3(6, 9, -12) to int3(-1, 9, 12)
ClientWorld player simulation set new target int3(-1, 9, 12)
ClientWorld player simulation reached target int3(-1, 9, 12)
Player simulation searching for path from float3(-0.3097107f, 9.12929f, 12.497f) = int3(-1, 9, 12) to int3(-8, 9, 11)
ClientWorld player simulation set new target int3(-8, 9, 11)
ClientWorld player simulation reached target int3(-8, 9, 11)
Player simulation searching for path from float3(-7.481f, 9.12929f, 11.60129f) = int3(-8, 9, 11) to int3(3, 9, 4)
ClientWorld player simulation set new target int3(3, 9, 4)
ClientWorld player simulation reached target int3(3, 9, 4)
Player simulation searching for path from float3(3.325711f, 9.12929f, 4.52f) = int3(3, 9, 4) to int3(-13, 9, -8)
ClientWorld player simulation set new target int3(-13, 9, -8)
ClientWorld player simulation reached target int3(-13, 9, -8)
Player simulation searching for path from float3(-12.47626f, 9.142265f, -7.365157f) = int3(-13, 9, -8) to int3(3, 9, 1)
ClientWorld player simulation set new target int3(3, 9, 1)
ClientWorld player simulation reached target int3(3, 9, 1)
Player simulation searching for path from float3(3.342421f, 9.12929f, 1.491711f) = int3(3, 9, 1) to int3(2, 9, 10)
ClientWorld player simulation set new target int3(2, 9, 10)
ClientWorld player simulation reached target int3(2, 9, 10)
Player simulation searching for path from float3(2.60129f, 9.12929f, 10.516f) = int3(2, 9, 10) to int3(0, 9, 5)
ClientWorld player simulation set new target int3(0, 9, 5)
ClientWorld player simulation reached target int3(0, 9, 5)
Player simulation searching for path from float3(0.6062893f, 9.12929f, 5.479f) = int3(0, 9, 5) to int3(8, 9, -4)
ClientWorld player simulation set new target int3(8, 9, -4)
ClientWorld player simulation reached target int3(8, 9, -4)
Player simulation searching for path from float3(8.559976f, 9.142265f, -3.336446f) = int3(8, 9, -4) to int3(4, 9, 11)
ClientWorld player simulation set new target int3(4, 9, 11)
ClientWorld player simulation reached target int3(4, 9, 11)
Player simulation searching for path from float3(4.638844f, 9.142265f, 11.47631f) = int3(4, 9, 11) to int3(6, 9, -12)
ClientWorld player simulation set new target int3(6, 9, -12)
ClientWorld player simulation reached target int3(6, 9, -12)
Player simulation searching for path from float3(6.532024f, 9.142265f, -11.33445f) = int3(6, 9, -12) to int3(-1, 9, 12)
ClientWorld player simulation set new target int3(-1, 9, 12)
ClientWorld player simulation reached target int3(-1, 9, 12)
Player simulation searching for path from float3(-0.3817107f, 9.12929f, 12.467f) = int3(-1, 9, 12) to int3(-8, 9, 11)
ClientWorld player simulation set new target int3(-8, 9, 11)
ClientWorld player simulation reached target int3(-8, 9, 11)
Player simulation searching for path from float3(-7.469025f, 9.142265f, 11.66755f) = int3(-8, 9, 11) to int3(3, 9, 4)
ClientWorld player simulation set new target int3(3, 9, 4)
ClientWorld player simulation reached target int3(3, 9, 4)
Player simulation searching for path from float3(3.324264f, 9.12929f, 4.509132f) = int3(3, 9, 4) to int3(-13, 9, -8)
ClientWorld player simulation set new target int3(-13, 9, -8)
ClientWorld player simulation reached target int3(-13, 9, -8)
Player simulation searching for path from float3(-12.475f, 9.12929f, -7.338711f) = int3(-13, 9, -8) to int3(3, 9, 1)
ClientWorld player simulation set new target int3(3, 9, 1)
ClientWorld player simulation reached target int3(3, 9, 1)
Player simulation searching for path from float3(3.302421f, 9.12929f, 1.490553f) = int3(3, 9, 1) to int3(2, 9, 10)
ClientWorld player simulation set new target int3(2, 9, 10)
ClientWorld player simulation reached target int3(2, 9, 10)
Player simulation searching for path from float3(2.661555f, 9.142265f, 10.46045f) = int3(2, 9, 10) to int3(0, 9, 5)
ClientWorld player simulation set new target int3(0, 9, 5)
ClientWorld player simulation reached target int3(0, 9, 5)
Player simulation searching for path from float3(0.6308437f, 9.142265f, 5.453314f) = int3(0, 9, 5) to int3(8, 9, -4)
ClientWorld player simulation set new target int3(8, 9, -4)
ClientWorld player simulation reached target int3(8, 9, -4)
Player simulation searching for path from float3(8.485001f, 9.12929f, -3.310711f) = int3(8, 9, -4) to int3(4, 9, 11)
ClientWorld player simulation set new target int3(4, 9, 11)
ClientWorld player simulation reached target int3(4, 9, 11)
Player simulation searching for path from float3(4.647555f, 9.142265f, 11.46602f) = int3(4, 9, 11) to int3(6, 9, -12)
ClientWorld player simulation set new target int3(6, 9, -12)
ClientWorld player simulation reached target int3(6, 9, -12)
Player simulation searching for path from float3(6.53f, 9.12929f, -11.38671f) = int3(6, 9, -12) to int3(-1, 9, 12)
ClientWorld player simulation set new target int3(-1, 9, 12)
ClientWorld player simulation reached target int3(-1, 9, 12)
Player simulation searching for path from float3(-0.3507107f, 9.12929f, 12.476f) = int3(-1, 9, 12) to int3(-8, 9, 11)
ClientWorld player simulation set new target int3(-8, 9, 11)
ClientWorld player simulation reached target int3(-8, 9, 11)
Player simulation searching for path from float3(-7.508446f, 9.142265f, 11.64755f) = int3(-8, 9, 11) to int3(3, 9, 4)
ClientWorld player simulation set new target int3(3, 9, 4)
ClientWorld player simulation reached target int3(3, 9, 4)
Player simulation searching for path from float3(3.309156f, 9.142265f, 4.492735f) = int3(3, 9, 4) to int3(-13, 9, -8)
ClientWorld player simulation set new target int3(-13, 9, -8)
ClientWorld player simulation reached target int3(-13, 9, -8)
Player simulation searching for path from float3(-12.472f, 9.12929f, -7.324711f) = int3(-13, 9, -8) to int3(3, 9, 1)
ClientWorld player simulation set new target int3(3, 9, 1)
ClientWorld player simulation reached target int3(3, 9, 1)
Player simulation searching for path from float3(3.333711f, 9.12929f, 1.482f) = int3(3, 9, 1) to int3(2, 9, 10)
ClientWorld player simulation set new target int3(2, 9, 10)
ClientWorld player simulation reached target int3(2, 9, 10)
Player simulation searching for path from float3(2.68029f, 9.12929f, 10.494f) = int3(2, 9, 10) to int3(0, 9, 5)
ClientWorld player simulation set new target int3(0, 9, 5)
ClientWorld player simulation reached target int3(0, 9, 5)
Player simulation searching for path from float3(0.6782894f, 9.12929f, 5.502f) = int3(0, 9, 5) to int3(8, 9, -4)
ClientWorld player simulation set new target int3(8, 9, -4)
ClientWorld player simulation reached target int3(8, 9, -4)
Player simulation searching for path from float3(8.478265f, 9.142265f, -3.350156f) = int3(8, 9, -4) to int3(4, 9, 11)
ClientWorld player simulation set new target int3(4, 9, 11)
ClientWorld player simulation reached target int3(4, 9, 11)
Player simulation searching for path from float3(4.65129f, 9.12929f, 11.524f) = int3(4, 9, 11) to int3(6, 9, -12)
ClientWorld player simulation set new target int3(6, 9, -12)
ClientWorld player simulation reached target int3(6, 9, -12)
Player simulation searching for path from float3(6.463f, 9.12929f, -11.35313f) = int3(6, 9, -12) to int3(-1, 9, 12)
ClientWorld player simulation set new target int3(-1, 9, 12)
[02:37:49.4646480]:[ClientWorld] Connection disconnected ID:1 Reason:ClosedByRemote
Caught fatal signal - signo:15 code:0 errno:0 addr:0x150200068038
Obtained 31 stack frames.
#0  0x007f4cf9f639c9 in PlayerMain(int, char**)
#1  0x007f4cf9f584b7 in (Unknown)
#2  0x007f4cf7cc0c20 in funlockfile
#3  0x007f4c29e17e41 in GC_gcj_vector_proc(unsigned long*, GC_ms_entry*, GC_ms_entry*, unsigned long)
#4  0x007f4c29f131c3 in GC_mark_from
#5  0x007f4c29f0f339 in GC_mark_some
#6  0x007f4c29f0e4cd in GC_stopped_mark
#7  0x007f4c29f0f152 in GC_collect_a_little_inner
#8  0x007f4c29f145f3 in GC_alloc_large
#9  0x007f4c29f11454 in GC_generic_malloc
#10 0x007f4c29f147da in GC_malloc_kind_global
#11 0x007f4c29ee2389 in il2cpp::vm::Object::AllocatePtrFree(unsigned long, Il2CppClass*)
#12 0x007f4c29e4f362 in il2cpp::vm::String::NewSize(int)
#13 0x007f4c2d417b7a in String_FastAllocateString_m071BD33B9EFB2375443E1550C028861164D0F104
#14 0x007f4c2d404589 in String_Concat_m9E3155FB84015C823606188F53B47CB44C444991
#15 0x007f4c2d8bd857 in StatisticsWriter_Update_m24123BF001E17A5463E4292E5A6CFD276BBDA76C
#16 0x007f4c2d8bd523 in StatisticsWriterInstance_Update_m336F478398EDE3BFB1A5F3FBFF6830892C7A1FF0
#17 0x007f4c29e88073 in il2cpp::vm::Runtime::InvokeWithThrow(MethodInfo const*, void*, void**)
#18 0x007f4c29e87fdb in il2cpp::vm::Runtime::Invoke(MethodInfo const*, void*, void**, Il2CppException**)
#19 0x007f4cf9e9cf0b in (Unknown)
#20 0x007f4cf9ea7cd7 in (Unknown)
#21 0x007f4cf9ece9a4 in (Unknown)
#22 0x007f4cf96d1c96 in (Unknown)
#23 0x007f4cf96d1aae in (Unknown)
#24 0x007f4cf99ef8cd in (Unknown)
#25 0x007f4cf99db247 in (Unknown)
#26 0x007f4cf99db201 in (Unknown)
#27 0x007f4cf99db570 in (Unknown)
#28 0x007f4cf9f5a077 in PlayerMain(int, char**)
#29 0x007f4cf790c493 in __libc_start_main
#30 0x00000000201029 in _start
Setting up 12 worker threads for Enlighten.
Calling DomainUnloadOrPlayModeChangeShutdown!
Writing stats to file
Caught fatal signal - signo:11 code:1 errno:0 addr:0x48
Obtained 25 stack frames.
#0  0x007f4cf9f639c9 in PlayerMain(int, char**)
#1  0x007f4cf9f584b7 in (Unknown)
#2  0x007f4cf7cc0c20 in funlockfile
#3  0x007f4cf991bff3 in (Unknown)
#4  0x007f4cf991c671 in (Unknown)
#5  0x007f4cf98fce7a in (Unknown)
#6  0x007f4cfa2f842e in PlayerMain(int, char**)
#7  0x007f4cf92aa426 in (Unknown)
#8  0x007f4c2ef6d320 in ContentLoadInterface_ContentFile_UnloadAsync_Injected_mBD2F1D561285B0DE37DCDA4DEA75931201B5E680
#9  0x007f4c2ef6c78f in ContentLoadInterface_ContentFile_UnloadAsync_m197A3C60564D4E9F9049BAD57B46FB404A8F17BD
#10 0x007f4c2ef6c635 in ContentFile_UnloadAsync_mF35518E83FCF4C1701AF2C6CEBF7E507490481D6
#11 0x007f4c2e1e456a in RuntimeContentManager_ReleaseFile_m12EDB377B39EF4D01B3268E711303D79747A4F4C
#12 0x007f4c2e1e245c in RuntimeContentManager_ReleaseObjectImpl_m84E24B7727CAA367D95ABC97FC529A5594840414
#13 0x007f4c2e1e0ae8 in RuntimeContentManager_Cleanup_m6436DF58ED05204D0A7DFACFB212018BD6B813FD
#14 0x007f4c2e1e1f38 in RuntimeContentManager_OnShutdown_m09B1F0AD37BE7168472DDB84F55C43F02CD40113
#15 0x007f4c29cdde76 in EventHandler_Invoke_m9D3126CBE291A3E7E7C304094E1DA846832F9B96_Multicast(EventHandler_tC6323FD7E6163F965259C33D72612C0E5B9BAB82*, Il2CppObject*, EventArgs_t37273F03EAC87217701DD431B190FBD84AD7C377*, MethodInfo const*)
#16 0x007f4c2d64f7b0 in EventHandler_Invoke_m9D3126CBE291A3E7E7C304094E1DA846832F9B96
#17 0x007f4c29e88073 in il2cpp::vm::Runtime::InvokeWithThrow(MethodInfo const*, void*, void**)
#18 0x007f4c29e87fdb in il2cpp::vm::Runtime::Invoke(MethodInfo const*, void*, void**, Il2CppException**)
#19 0x007f4c29e87b1c in il2cpp::vm::Runtime::Shutdown()
#20 0x007f4cf9eb1f56 in (Unknown)
#21 0x007f4cf99ed658 in (Unknown)
#22 0x007f4cf9f59ee6 in PlayerMain(int, char**)
#23 0x007f4cf790c493 in __libc_start_main
#24 0x00000000201029 in _start
