[UnityMemory] Configuration Parameters - Can be set up in boot.config
    "memorysetup-bucket-allocator-granularity=16"
    "memorysetup-bucket-allocator-bucket-count=8"
    "memorysetup-bucket-allocator-block-size=4194304"
    "memorysetup-bucket-allocator-block-count=1"
    "memorysetup-main-allocator-block-size=16777216"
    "memorysetup-thread-allocator-block-size=16777216"
    "memorysetup-gfx-main-allocator-block-size=16777216"
    "memorysetup-gfx-thread-allocator-block-size=16777216"
    "memorysetup-cache-allocator-block-size=4194304"
    "memorysetup-typetree-allocator-block-size=2097152"
    "memorysetup-profiler-bucket-allocator-granularity=16"
    "memorysetup-profiler-bucket-allocator-bucket-count=8"
    "memorysetup-profiler-bucket-allocator-block-size=4194304"
    "memorysetup-profiler-bucket-allocator-block-count=1"
    "memorysetup-profiler-allocator-block-size=16777216"
    "memorysetup-profiler-editor-allocator-block-size=1048576"
    "memorysetup-temp-allocator-size-main=4194304"
    "memorysetup-job-temp-allocator-block-size=2097152"
    "memorysetup-job-temp-allocator-block-size-background=1048576"
    "memorysetup-job-temp-allocator-reduction-small-platforms=262144"
    "memorysetup-allocator-temp-initial-block-size-main=262144"
    "memorysetup-allocator-temp-initial-block-size-worker=262144"
    "memorysetup-temp-allocator-size-background-worker=32768"
    "memorysetup-temp-allocator-size-job-worker=262144"
    "memorysetup-temp-allocator-size-preload-manager=262144"
    "memorysetup-temp-allocator-size-nav-mesh-worker=65536"
    "memorysetup-temp-allocator-size-audio-worker=65536"
    "memorysetup-temp-allocator-size-cloud-worker=32768"
    "memorysetup-temp-allocator-size-gfx=262144"
Remaining time:29s
Found 2 interfaces on host : 0) 10.141.0.31 1) 10.149.0.31
Player connection [140033361866624] Multi-casting "[IP] 10.141.0.31 [Port] 55009 [Flags] 19 [Guid] 3091623412 [EditorId] 3765082745 [Version] 1048832 [Id] LinuxPlayer(13,10.141.0.31) [Debug] 0 [PackageName] LinuxPlayer [ProjectName] Opencraft" to [225.0.0.222:54997]...

Direct connection to host time out.
Stopping profiler. Profiler is not able to flush data to a file or socket and exceeded maximum allowed memory for buffering.
Please use Profiler.maxUsedMemory API or -profiler-maxusedmemory command line parameter to increase maximum allowed memory usage.
Using 134234112 bytes while Profiler.maxUsedMemory is 134217728 bytes.
Failed to initialize networking layer after 30 seconds, skipping waiting for connection before starting playback.
Preloaded 'lib_burst_generated.so'
Preloaded 'libwebrtc.so'
[Physics::Module] Initialized MultithreadedJobDispatcher with 47 workers.
Initialize engine version: 2022.3.16f1 (d2c21f0ef2f1)
[Subsystems] Discovering subsystems at path /var/scratch/zmr280/opencraft/opencraft_Data/UnitySubsystems
Forcing GfxDevice: Null
GfxDevice: creating device client; threaded=0; jobified=0
NullGfxDevice:
    Version:  NULL 1.0 [1.0]
    Renderer: Null Device
    Vendor:   Unity Technologies
ERROR: Shader Hidden/Universal Render Pipeline/Blit shader is not supported on this GPU (none of subshaders/fallbacks are suitable)
ERROR: Shader Hidden/Universal Render Pipeline/CopyDepth shader is not supported on this GPU (none of subshaders/fallbacks are suitable)
ERROR: Shader Hidden/Universal Render Pipeline/Sampling shader is not supported on this GPU (none of subshaders/fallbacks are suitable)
ERROR: Shader Hidden/Universal Render Pipeline/LutBuilderLdr shader is not supported on this GPU (none of subshaders/fallbacks are suitable)
ERROR: Shader Hidden/Universal Render Pipeline/LutBuilderHdr shader is not supported on this GPU (none of subshaders/fallbacks are suitable)
ERROR: Shader Hidden/Universal Render Pipeline/UberPost shader is not supported on this GPU (none of subshaders/fallbacks are suitable)
ERROR: Shader Hidden/Universal Render Pipeline/Debug/DebugReplacement shader is not supported on this GPU (none of subshaders/fallbacks are suitable)
ERROR: Shader Hidden/Universal/HDRDebugView shader is not supported on this GPU (none of subshaders/fallbacks are suitable)
WARNING: Shader Unsupported: 'Hidden/Universal Render Pipeline/FallbackError' - All subshaders removed
WARNING: Shader Did you use #pragma only_renderers and omit this platform?
WARNING: Shader If subshaders removal was intentional, you may have forgotten turning Fallback off?
ERROR: Shader Hidden/Universal Render Pipeline/FallbackError shader is not supported on this GPU (none of subshaders/fallbacks are suitable)
WARNING: Shader Unsupported: 'Hidden/Universal Render Pipeline/FallbackError' - All subshaders removed
WARNING: Shader Did you use #pragma only_renderers and omit this platform?
WARNING: Shader If subshaders removal was intentional, you may have forgotten turning Fallback off?
WARNING: Shader Unsupported: 'Hidden/Universal Render Pipeline/StencilDeferred' - All subshaders removed
WARNING: Shader Did you use #pragma only_renderers and omit this platform?
WARNING: Shader If subshaders removal was intentional, you may have forgotten turning Fallback off?
ERROR: Shader Hidden/Universal Render Pipeline/StencilDeferred shader is not supported on this GPU (none of subshaders/fallbacks are suitable)
WARNING: Shader Unsupported: 'Hidden/Universal Render Pipeline/StencilDeferred' - All subshaders removed
WARNING: Shader Did you use #pragma only_renderers and omit this platform?
WARNING: Shader If subshaders removal was intentional, you may have forgotten turning Fallback off?
ERROR: Shader Hidden/Universal Render Pipeline/CameraMotionVectors shader is not supported on this GPU (none of subshaders/fallbacks are suitable)
ERROR: Shader Hidden/Universal Render Pipeline/ObjectMotionVectors shader is not supported on this GPU (none of subshaders/fallbacks are suitable)
ERROR: Shader Hidden/Universal Render Pipeline/LensFlareDataDriven shader is not supported on this GPU (none of subshaders/fallbacks are suitable)
ERROR: Shader Hidden/Universal Render Pipeline/ScreenSpaceAmbientOcclusion shader is not supported on this GPU (none of subshaders/fallbacks are suitable)
ERROR: Shader Hidden/Universal Render Pipeline/Stop NaN shader is not supported on this GPU (none of subshaders/fallbacks are suitable)
ERROR: Shader Hidden/Universal Render Pipeline/SubpixelMorphologicalAntialiasing shader is not supported on this GPU (none of subshaders/fallbacks are suitable)
ERROR: Shader Hidden/Universal Render Pipeline/TemporalAA shader is not supported on this GPU (none of subshaders/fallbacks are suitable)
ERROR: Shader Hidden/Universal Render Pipeline/Scaling Setup shader is not supported on this GPU (none of subshaders/fallbacks are suitable)
ERROR: Shader Hidden/Universal Render Pipeline/Edge Adaptive Spatial Upsampling shader is not supported on this GPU (none of subshaders/fallbacks are suitable)
ERROR: Shader Hidden/Universal Render Pipeline/FinalPost shader is not supported on this GPU (none of subshaders/fallbacks are suitable)
ERROR: Shader Sprites/Default shader is not supported on this GPU (none of subshaders/fallbacks are suitable)
ERROR: Shader Sprites/Mask shader is not supported on this GPU (none of subshaders/fallbacks are suitable)
ERROR: Shader GUI/Text Shader shader is not supported on this GPU (none of subshaders/fallbacks are suitable)
UnloadTime: 1.169272 ms
Parsing args: /var/scratch/zmr280/opencraft/opencraft.x86_64, -batchmode, -nographics, -logStats, True, -serverUrl, 10.141.0.1, -statsFile, /var/scratch/zmr280/runs/players-activeLogic_Empty_6x_6z_160p_120s/opencraft_stats/client98.csv, -userID, 98, -playType, Client, -emulationType, Simulation
Setting up worlds with playType Client and streaming role Disabled
Adding type with UniqueSystemAttribute: StatisticsSystem
Adding type with UniqueSystemAttribute: StatisticsSystem
Failed to create websocket: System.Net.Sockets.SocketException (0x80004005): Address already in use
  at System.Net.Sockets.Socket.Bind (System.Net.EndPoint localEP) [0x00000] in <00000000000000000000000000000000>:0 
  at Unity.NetCode.DebugWebSocket..ctor (System.UInt16 port) [0x00000] in <00000000000000000000000000000000>:0 
  at Unity.NetCode.GhostStatsConnection..ctor () [0x00000] in <00000000000000000000000000000000>:0 
  at Unity.NetCode.GhostStatsFlushSystem.OnCreate () [0x00000] in <00000000000000000000000000000000>:0 
  at Unity.Entities.ComponentSystemBase.CreateInstance (Unity.Entities.World world) [0x00000] in <00000000000000000000000000000000>:0 
  at Unity.Entities.World.AddSystem_OnCreate_Internal (Unity.Entities.ComponentSystemBase system) [0x00000] in <00000000000000000000000000000000>:0 
  at Unity.Entities.World.GetOrCreateSystemsAndLogException (Unity.Collections.NativeList`1[T] types, System.Int32 typesCount, Unity.Collections.AllocatorManager+AllocatorHandle allocator) [0x00000] in <00000000000000000000000000000000>:0 
  at Unity.Entities.World.GetOrCreateSystemsAndLogException (Unity.Collections.NativeList`1[T] types, Unity.Collections.AllocatorManager+AllocatorHandle allocator) [0x00000] in <00000000000000000000000000000000>:0 
  at Unity.Entities.DefaultWorldInitialization.AddSystemToRootLevelSystemGroupsInternal[T] (Unity.Entities.World world, Unity.Collections.NativeList`1[T] systemTypesOrig, Unity.Entities.ComponentSystemGroup defaultGroup, T rootGroups) [0x00000] in <00000000000000000000000000000000>:0 
  at Unity.Entities.DefaultWorldInitialization.AddSystemToRootLevelSystemGroupsInternal (Unity.Entities.World world, Unity.Collections.NativeList`1[T] systemTypesOrig) [0x00000] in <00000000000000000000000000000000>:0 
  at Unity.Entities.DefaultWorldInitialization.AddSystemsToRootLevelSystemGroups (Unity.Entities.World world, System.Collections.Generic.IReadOnlyList`1[T] systemTypes) [0x00000] in <00000000000000000000000000000000>:0 
  at PolkaDOTS.Bootstrap.GameBootstrap.CreateClientWorld (System.String name, Unity.Entities.WorldFlags flags, System.Collections.Generic.IReadOnlyList`1[T] systems) [0x00000] in <00000000000000000000000000000000>:0 
  at PolkaDOTS.Bootstrap.GameBootstrap.CreateDefaultClientWorld (System.String worldName, System.Boolean isHost, System.Boolean isCloudHost) [0x00000] in <00000000000000000000000000000000>:0 
  at PolkaDOTS.Bootstrap.GameBootstrap.SetupWorlds (PolkaDOTS.Deployment.MultiplayStreamingRoles mRole, PolkaDOTS.Bootstrap.GameBootstrap+BootstrapPlayTypes playTypes, Unity.Collections.NativeList`1[Unity.Entities.WorldUnmanaged]& worldReferences, System.Int32 numSimulatedClients, System.Boolean autoStart, System.Boolean autoConnect, System.String serverUrl, System.UInt16 serverPort, System.String signalingUrl, System.String worldName) [0x00000] in <00000000000000000000000000000000>:0 
  at PolkaDOTS.Bootstrap.GameBootstrap.SetupWorldsFromLocalConfig () [0x00000] in <00000000000000000000000000000000>:0 
  at PolkaDOTS.Bootstrap.GameBootstrap.Initialize (System.String defaultWorldName) [0x00000] in <00000000000000000000000000000000>:0 
  at Unity.Entities.CustomWorldInitialization.Initialize (System.String defaultWorldName, System.Boolean editorWorld) [0x00000] in <00000000000000000000000000000000>:0 
  at Unity.Entities.CustomAutomaticWorldBootstrap.Initialize () [0x00000] in <00000000000000000000000000000000>:0 
UnityEngine.DebugLogHandler:Internal_Log(LogType, LogOption, String, Object)
UnityEngine.DebugLogHandler:LogFormat(LogType, Object, String, Object[])
UnityEngine.Logger:Log(LogType, Object)
UnityEngine.Debug:LogError(Object)
Unity.NetCode.DebugWebSocket:.ctor(UInt16)
Unity.NetCode.GhostStatsConnection:.ctor()
Unity.NetCode.GhostStatsFlushSystem:OnCreate()
Unity.Entities.ComponentSystemBase:CreateInstance(World)
Unity.Entities.World:AddSystem_OnCreate_Internal(ComponentSystemBase)
Unity.Entities.World:GetOrCreateSystemsAndLogException(NativeList`1, Int32, AllocatorHandle)
Unity.Entities.World:GetOrCreateSystemsAndLogException(NativeList`1, AllocatorHandle)
Unity.Entities.DefaultWorldInitialization:AddSystemToRootLevelSystemGroupsInternal(World, NativeList`1, ComponentSystemGroup, T)
Unity.Entities.DefaultWorldInitialization:AddSystemToRootLevelSystemGroupsInternal(World, NativeList`1)
Unity.Entities.DefaultWorldInitialization:AddSystemsToRootLevelSystemGroups(World, IReadOnlyList`1)
PolkaDOTS.Bootstrap.GameBootstrap:CreateClientWorld(String, WorldFlags, IReadOnlyList`1)
PolkaDOTS.Bootstrap.GameBootstrap:CreateDefaultClientWorld(String, Boolean, Boolean)
PolkaDOTS.Bootstrap.GameBootstrap:SetupWorlds(MultiplayStreamingRoles, BootstrapPlayTypes, NativeList`1&, Int32, Boolean, Boolean, String, UInt16, String, String)
PolkaDOTS.Bootstrap.GameBootstrap:SetupWorldsFromLocalConfig()
PolkaDOTS.Bootstrap.GameBootstrap:Initialize(String)
Unity.Entities.CustomWorldInitialization:Initialize(String, Boolean)
Unity.Entities.CustomAutomaticWorldBootstrap:Initialize()

Adding world ClientWorld to update list
Connecting worlds with playType Client and streaming role Disabled
Created connection request for 10.141.0.1:7979
Creating statistics writer!
Recorder [ServerFixedUpdate] is invalid!
UnityEngine.DebugLogHandler:Internal_Log(LogType, LogOption, String, Object)
UnityEngine.DebugLogHandler:LogFormat(LogType, Object, String, Object[])
UnityEngine.Logger:Log(LogType, Object)
UnityEngine.Debug:LogWarning(Object)
PolkaDOTS.Statistics.StatisticsWriter:.ctor()
PolkaDOTS.Statistics.StatisticsWriterInstance:Awake()

Recorder [TerrainGeneration] is invalid!
UnityEngine.DebugLogHandler:Internal_Log(LogType, LogOption, String, Object)
UnityEngine.DebugLogHandler:LogFormat(LogType, Object, String, Object[])
UnityEngine.Logger:Log(LogType, Object)
UnityEngine.Debug:LogWarning(Object)
PolkaDOTS.Statistics.StatisticsWriter:.ctor()
PolkaDOTS.Statistics.StatisticsWriterInstance:Awake()

Recorder [PlayerTerrainGenCheck] is invalid!
UnityEngine.DebugLogHandler:Internal_Log(LogType, LogOption, String, Object)
UnityEngine.DebugLogHandler:LogFormat(LogType, Object, String, Object[])
UnityEngine.Logger:Log(LogType, Object)
UnityEngine.Debug:LogWarning(Object)
PolkaDOTS.Statistics.StatisticsWriter:.ctor()
PolkaDOTS.Statistics.StatisticsWriterInstance:Awake()

Recorder [StructureGeneration] is invalid!
UnityEngine.DebugLogHandler:Internal_Log(LogType, LogOption, String, Object)
UnityEngine.DebugLogHandler:LogFormat(LogType, Object, String, Object[])
UnityEngine.Logger:Log(LogType, Object)
UnityEngine.Debug:LogWarning(Object)
PolkaDOTS.Statistics.StatisticsWriter:.ctor()
PolkaDOTS.Statistics.StatisticsWriterInstance:Awake()

Recorder [TerrainLogicSystem] is invalid!
UnityEngine.DebugLogHandler:Internal_Log(LogType, LogOption, String, Object)
UnityEngine.DebugLogHandler:LogFormat(LogType, Object, String, Object[])
UnityEngine.Logger:Log(LogType, Object)
UnityEngine.Debug:LogWarning(Object)
PolkaDOTS.Statistics.StatisticsWriter:.ctor()
PolkaDOTS.Statistics.StatisticsWriterInstance:Awake()

Recorder [GetUpdates] is invalid!
UnityEngine.DebugLogHandler:Internal_Log(LogType, LogOption, String, Object)
UnityEngine.DebugLogHandler:LogFormat(LogType, Object, String, Object[])
UnityEngine.Logger:Log(LogType, Object)
UnityEngine.Debug:LogWarning(Object)
PolkaDOTS.Statistics.StatisticsWriter:.ctor()
PolkaDOTS.Statistics.StatisticsWriterInstance:Awake()

Recorder [ReevaluatePropagateMarker] is invalid!
UnityEngine.DebugLogHandler:Internal_Log(LogType, LogOption, String, Object)
UnityEngine.DebugLogHandler:LogFormat(LogType, Object, String, Object[])
UnityEngine.Logger:Log(LogType, Object)
UnityEngine.Debug:LogWarning(Object)
PolkaDOTS.Statistics.StatisticsWriter:.ctor()
PolkaDOTS.Statistics.StatisticsWriterInstance:Awake()

Recorder [PropagateLogicState] is invalid!
UnityEngine.DebugLogHandler:Internal_Log(LogType, LogOption, String, Object)
UnityEngine.DebugLogHandler:LogFormat(LogType, Object, String, Object[])
UnityEngine.Logger:Log(LogType, Object)
UnityEngine.Debug:LogWarning(Object)
PolkaDOTS.Statistics.StatisticsWriter:.ctor()
PolkaDOTS.Statistics.StatisticsWriterInstance:Awake()

Recorder [PropInputBlocks] is invalid!
UnityEngine.DebugLogHandler:Internal_Log(LogType, LogOption, String, Object)
UnityEngine.DebugLogHandler:LogFormat(LogType, Object, String, Object[])
UnityEngine.Logger:Log(LogType, Object)
UnityEngine.Debug:LogWarning(Object)
PolkaDOTS.Statistics.StatisticsWriter:.ctor()
PolkaDOTS.Statistics.StatisticsWriterInstance:Awake()

Recorder [PropActiveLogicBlocks] is invalid!
UnityEngine.DebugLogHandler:Internal_Log(LogType, LogOption, String, Object)
UnityEngine.DebugLogHandler:LogFormat(LogType, Object, String, Object[])
UnityEngine.Logger:Log(LogType, Object)
UnityEngine.Debug:LogWarning(Object)
PolkaDOTS.Statistics.StatisticsWriter:.ctor()
PolkaDOTS.Statistics.StatisticsWriterInstance:Awake()

Recorder [CheckGateState] is invalid!
UnityEngine.DebugLogHandler:Internal_Log(LogType, LogOption, String, Object)
UnityEngine.DebugLogHandler:LogFormat(LogType, Object, String, Object[])
UnityEngine.Logger:Log(LogType, Object)
UnityEngine.Debug:LogWarning(Object)
PolkaDOTS.Statistics.StatisticsWriter:.ctor()
PolkaDOTS.Statistics.StatisticsWriterInstance:Awake()

Recorder [GhostSimulationSystemGroup] is invalid!
UnityEngine.DebugLogHandler:Internal_Log(LogType, LogOption, String, Object)
UnityEngine.DebugLogHandler:LogFormat(LogType, Object, String, Object[])
UnityEngine.Logger:Log(LogType, Object)
UnityEngine.Debug:LogWarning(Object)
PolkaDOTS.Statistics.StatisticsWriter:.ctor()
PolkaDOTS.Statistics.StatisticsWriterInstance:Awake()

Recorder [PredictedSimulationSystemGroup] is invalid!
UnityEngine.DebugLogHandler:Internal_Log(LogType, LogOption, String, Object)
UnityEngine.DebugLogHandler:LogFormat(LogType, Object, String, Object[])
UnityEngine.Logger:Log(LogType, Object)
UnityEngine.Debug:LogWarning(Object)
PolkaDOTS.Statistics.StatisticsWriter:.ctor()
PolkaDOTS.Statistics.StatisticsWriterInstance:Awake()

Initializing multiplay!
Found non-specified codec: VP8 Internal video/VP8 implementation_name=Internal
Found codec: VP9 Profile0
Found codec: VP9 Profile2
Found codec: VP9 Profile1
Found codec: VP9 Profile3
Found codec: AV1 Profile0
Found codec: AV1 Profile1
Could not find H264.High as streaming codec!
Adding terrain areas statistics recorders
Streamed scene with   48ms latency from /var/scratch/zmr280/opencraft/opencraft_Data/StreamingAssets/EntityScenes/bea83102298cfb741939cdba85abe535.0.entities
AutoLoading authoring scene in world ClientWorld
[03:12:14.2183240]:[ClientWorld] New connection ID:95
ERROR: Shader Custom/VoxelShader shader is not supported on this GPU (none of subshaders/fallbacks are suitable)
WARNING: Shader Unsupported: 'Hidden/Universal Render Pipeline/FallbackError' - All subshaders removed
WARNING: Shader Did you use #pragma only_renderers and omit this platform?
WARNING: Shader If subshaders removal was intentional, you may have forgotten turning Fallback off?
ERROR: Shader Hidden/Universal Render Pipeline/FallbackError shader is not supported on this GPU (none of subshaders/fallbacks are suitable)
WARNING: Shader Unsupported: 'Hidden/Universal Render Pipeline/FallbackError' - All subshaders removed
WARNING: Shader Did you use #pragma only_renderers and omit this platform?
WARNING: Shader If subshaders removal was intentional, you may have forgotten turning Fallback off?
WARNING: Shader Unsupported: 'Universal Render Pipeline/Lit' - All subshaders removed
WARNING: Shader Did you use #pragma only_renderers and omit this platform?
WARNING: Shader If subshaders removal was intentional, you may have forgotten turning Fallback off?
ERROR: Shader Universal Render Pipeline/Lit shader is not supported on this GPU (none of subshaders/fallbacks are suitable)
WARNING: Shader Unsupported: 'Universal Render Pipeline/Lit' - All subshaders removed
WARNING: Shader Did you use #pragma only_renderers and omit this platform?
WARNING: Shader If subshaders removal was intentional, you may have forgotten turning Fallback off?
WARNING: Shader Unsupported: 'Universal Render Pipeline/Unlit' - All subshaders removed
WARNING: Shader Did you use #pragma only_renderers and omit this platform?
WARNING: Shader If subshaders removal was intentional, you may have forgotten turning Fallback off?
ERROR: Shader Universal Render Pipeline/Unlit shader is not supported on this GPU (none of subshaders/fallbacks are suitable)
WARNING: Shader Unsupported: 'Universal Render Pipeline/Unlit' - All subshaders removed
WARNING: Shader Did you use #pragma only_renderers and omit this platform?
WARNING: Shader If subshaders removal was intentional, you may have forgotten turning Fallback off?
Streamed scene with   37ms latency from /var/scratch/zmr280/opencraft/opencraft_Data/StreamingAssets/EntityScenes/62561c7118c5bbb46929c6bf65331faa.0.entities
Sending start game stream RPC
Emulation type is Idle, Simulation
Creating local player object
Sending spawn player RPC for user 98
ERROR: Shader UI/Default shader is not supported on this GPU (none of subshaders/fallbacks are suitable)
Player 98 has no connection ID!
UnityEngine.DebugLogHandler:Internal_Log(LogType, LogOption, String, Object)
UnityEngine.DebugLogHandler:LogFormat(LogType, Object, String, Object[])
UnityEngine.Logger:Log(LogType, Object)
UnityEngine.Debug:LogWarning(Object)
Opencraft.Player.SamplePlayerInput:OnUpdate(SystemState&)
Opencraft.Player.SamplePlayerInput:__codegen__OnUpdate(IntPtr, IntPtr)

Linking player entity Entity(261:1) to 98@LOCALPLAYER
Player simulation searching for path from float3(0.5f, 3.1f, 0.5f) = int3(0, 3, 0) to int3(2, 3, 5)
Player simulation could not find a path from int3(0, 3, 0) to int3(2, 3, 5), will choose new target
Player simulation searching for path from float3(0.5f, 3.1f, 0.5f) = int3(0, 3, 0) to int3(11, 3, 15)
Player simulation could not find a path from int3(0, 3, 0) to int3(11, 3, 15), will choose new target
    2: Could not find target at int3(0, 3, 0)
Player simulation searching for path from float3(0.5f, 3.1f, 0.5f) = int3(0, 3, 0) to int3(11, 3, 4)
Player simulation could not find a path from int3(0, 3, 0) to int3(11, 3, 4), will choose new target
Player simulation searching for path from float3(0.5f, 3.1f, 0.5f) = int3(0, 3, 0) to int3(8, 3, 14)
Player simulation could not find a path from int3(0, 3, 0) to int3(8, 3, 14), will choose new target
Player simulation searching for path from float3(0.5f, 3.1f, 0.5f) = int3(0, 3, 0) to int3(6, 3, 15)
Player simulation could not find a path from int3(0, 3, 0) to int3(6, 3, 15), will choose new target
Player simulation searching for path from float3(0.5f, 3.1f, 0.5f) = int3(0, 3, 0) to int3(2, 3, -11)
Player simulation could not find a path from int3(0, 3, 0) to int3(2, 3, -11), will choose new target
Player simulation searching for path from float3(0.5f, 3.1f, 0.5f) = int3(0, 3, 0) to int3(-9, 3, 10)
Player simulation could not find a path from int3(0, 3, 0) to int3(-9, 3, 10), will choose new target
Player simulation searching for path from float3(0.5f, 3.1f, 0.5f) = int3(0, 3, 0) to int3(-3, 3, 13)
Player simulation could not find a path from int3(0, 3, 0) to int3(-3, 3, 13), will choose new target
ClientWorld player simulation could not find a path in 9 attempts, waiting to try again
Player simulation searching for path from float3(0.5f, 3.1f, 0.5f) = int3(0, 3, 0) to int3(2, 3, 5)
ClientWorld player simulation set new target int3(2, 3, 5)
ClientWorld player simulation reached target int3(2, 3, 5)
Player simulation searching for path from float3(2.536f, 3.1f, 5.302264f) = int3(2, 3, 5) to int3(-3, 3, 7)
ClientWorld player simulation set new target int3(-3, 3, 7)
ClientWorld player simulation reached target int3(-3, 3, 7)
Player simulation searching for path from float3(-2.5f, 3.1f, 7.338f) = int3(-3, 3, 7) to int3(10, 3, -15)
ClientWorld player simulation set new target int3(10, 3, -15)
ClientWorld player simulation reached target int3(10, 3, -15)
Player simulation searching for path from float3(10.318f, 3.1f, -14.521f) = int3(10, 3, -15) to int3(-2, 3, -4)
ClientWorld player simulation set new target int3(-2, 3, -4)
ClientWorld player simulation reached target int3(-2, 3, -4)
Player simulation searching for path from float3(-1.495f, 3.1f, -3.659f) = int3(-2, 3, -4) to int3(10, 3, 2)
ClientWorld player simulation set new target int3(10, 3, 2)
ClientWorld player simulation reached target int3(10, 3, 2)
Player simulation searching for path from float3(10.32885f, 3.1f, 2.464f) = int3(10, 3, 2) to int3(-13, 3, -3)
ClientWorld player simulation set new target int3(-13, 3, -3)
ClientWorld player simulation reached target int3(-13, 3, -3)
Player simulation searching for path from float3(-12.334f, 3.1f, -2.487f) = int3(-13, 3, -3) to int3(2, 3, 2)
ClientWorld player simulation set new target int3(2, 3, 2)
ClientWorld player simulation reached target int3(2, 3, 2)
Player simulation searching for path from float3(2.468f, 3.1f, 2.374f) = int3(2, 3, 2) to int3(14, 3, -8)
ClientWorld player simulation set new target int3(14, 3, -8)
ClientWorld player simulation reached target int3(14, 3, -8)
Player simulation searching for path from float3(14.308f, 3.1f, -7.532001f) = int3(14, 3, -8) to int3(-10, 3, 12)
ClientWorld player simulation set new target int3(-10, 3, 12)
ClientWorld player simulation reached target int3(-10, 3, 12)
Player simulation searching for path from float3(-9.490001f, 3.1f, 12.356f) = int3(-10, 3, 12) to int3(2, 3, 1)
ClientWorld player simulation set new target int3(2, 3, 1)
ClientWorld player simulation reached target int3(2, 3, 1)
Player simulation searching for path from float3(2.374711f, 3.1f, 1.508289f) = int3(2, 3, 1) to int3(13, 3, 12)
ClientWorld player simulation set new target int3(13, 3, 12)
ClientWorld player simulation reached target int3(13, 3, 12)
Player simulation searching for path from float3(13.486f, 3.1f, 12.337f) = int3(13, 3, 12) to int3(-10, 3, 11)
ClientWorld player simulation set new target int3(-10, 3, 11)
ClientWorld player simulation reached target int3(-10, 3, 11)
Player simulation searching for path from float3(-9.338001f, 3.1f, 11.495f) = int3(-10, 3, 11) to int3(-10, 3, 8)
ClientWorld player simulation set new target int3(-10, 3, 8)
ClientWorld player simulation reached target int3(-10, 3, 8)
Player simulation searching for path from float3(-9.479f, 3.1f, 8.653999f) = int3(-10, 3, 8) to int3(7, 3, 4)
ClientWorld player simulation set new target int3(7, 3, 4)
ClientWorld player simulation reached target int3(7, 3, 4)
Player simulation searching for path from float3(7.381f, 3.1f, 4.486f) = int3(7, 3, 4) to int3(-7, 3, 8)
ClientWorld player simulation set new target int3(-7, 3, 8)
ClientWorld player simulation reached target int3(-7, 3, 8)
Player simulation searching for path from float3(-6.533f, 3.1f, 8.376001f) = int3(-7, 3, 8) to int3(-8, 3, -13)
ClientWorld player simulation set new target int3(-8, 3, -13)
ClientWorld player simulation reached target int3(-8, 3, -13)
Player simulation searching for path from float3(-7.311132f, 3.1f, -12.53571f) = int3(-8, 3, -13) to int3(11, 3, 13)
ClientWorld player simulation set new target int3(11, 3, 13)
ClientWorld player simulation reached target int3(11, 3, 13)
Player simulation searching for path from float3(11.52f, 3.1f, 13.34f) = int3(11, 3, 13) to int3(5, 3, 8)
ClientWorld player simulation set new target int3(5, 3, 8)
ClientWorld player simulation reached target int3(5, 3, 8)
Player simulation searching for path from float3(5.611001f, 3.1f, 8.531f) = int3(5, 3, 8) to int3(14, 3, -6)
ClientWorld player simulation set new target int3(14, 3, -6)
ClientWorld player simulation reached target int3(14, 3, -6)
Player simulation searching for path from float3(14.31642f, 3.1f, -5.485422f) = int3(14, 3, -6) to int3(-6, 3, -5)
ClientWorld player simulation set new target int3(-6, 3, -5)
ClientWorld player simulation reached target int3(-6, 3, -5)
Player simulation searching for path from float3(-5.366f, 3.1f, -4.52f) = int3(-6, 3, -5) to int3(15, 3, 9)
ClientWorld player simulation set new target int3(15, 3, 9)
ClientWorld player simulation reached target int3(15, 3, 9)
Player simulation searching for path from float3(15.477f, 3.1f, 9.330002f) = int3(15, 3, 9) to int3(3, 3, -10)
ClientWorld player simulation set new target int3(3, 3, -10)
ClientWorld player simulation reached target int3(3, 3, -10)
Player simulation searching for path from float3(3.675868f, 3.1f, -9.512289f) = int3(3, 3, -10) to int3(-12, 3, 1)
ClientWorld player simulation set new target int3(-12, 3, 1)
ClientWorld player simulation reached target int3(-12, 3, 1)
Player simulation searching for path from float3(-11.489f, 3.1f, 1.328f) = int3(-12, 3, 1) to int3(14, 3, -7)
ClientWorld player simulation set new target int3(14, 3, -7)
ClientWorld player simulation reached target int3(14, 3, -7)
Player simulation searching for path from float3(14.32185f, 3.1f, -6.466f) = int3(14, 3, -7) to int3(-4, 3, 7)
ClientWorld player simulation set new target int3(-4, 3, 7)
ClientWorld player simulation reached target int3(-4, 3, 7)
Player simulation searching for path from float3(-3.344f, 3.1f, 7.468f) = int3(-4, 3, 7) to int3(-4, 3, -1)
ClientWorld player simulation set new target int3(-4, 3, -1)
ClientWorld player simulation reached target int3(-4, 3, -1)
    0: Could not find target at int3(-4, 3, -1)
Player simulation searching for path from float3(-3.486f, 3.1f, -0.373f) = int3(-4, 3, -1) to int3(-9, 3, -13)
ClientWorld player simulation set new target int3(-9, 3, -13)
ClientWorld player simulation reached target int3(-9, 3, -13)
Player simulation searching for path from float3(-8.363002f, 3.1f, -12.492f) = int3(-9, 3, -13) to int3(-12, 3, -11)
ClientWorld player simulation set new target int3(-12, 3, -11)
ClientWorld player simulation reached target int3(-12, 3, -11)
Player simulation searching for path from float3(-11.346f, 3.1f, -10.468f) = int3(-12, 3, -11) to int3(15, 3, 6)
ClientWorld player simulation set new target int3(15, 3, 6)
ClientWorld player simulation reached target int3(15, 3, 6)
Player simulation searching for path from float3(15.53f, 3.1f, 6.308f) = int3(15, 3, 6) to int3(2, 3, 7)
ClientWorld player simulation set new target int3(2, 3, 7)
ClientWorld player simulation reached target int3(2, 3, 7)
Player simulation searching for path from float3(2.476f, 3.1f, 7.303f) = int3(2, 3, 7) to int3(-11, 3, 3)
ClientWorld player simulation set new target int3(-11, 3, 3)
ClientWorld player simulation reached target int3(-11, 3, 3)
Player simulation searching for path from float3(-10.528f, 3.1f, 3.630001f) = int3(-11, 3, 3) to int3(5, 3, -2)
ClientWorld player simulation set new target int3(5, 3, -2)
ClientWorld player simulation reached target int3(5, 3, -2)
Player simulation searching for path from float3(5.335f, 3.1f, -1.484f) = int3(5, 3, -2) to int3(6, 3, -7)
ClientWorld player simulation set new target int3(6, 3, -7)
ClientWorld player simulation reached target int3(6, 3, -7)
Player simulation searching for path from float3(6.318f, 3.1f, -6.508f) = int3(6, 3, -7) to int3(11, 3, -10)
ClientWorld player simulation set new target int3(11, 3, -10)
ClientWorld player simulation reached target int3(11, 3, -10)
Player simulation searching for path from float3(11.366f, 3.1f, -9.488001f) = int3(11, 3, -10) to int3(-15, 3, 6)
ClientWorld player simulation set new target int3(-15, 3, 6)
ClientWorld player simulation reached target int3(-15, 3, 6)
Player simulation searching for path from float3(-14.476f, 3.1f, 6.33f) = int3(-15, 3, 6) to int3(14, 3, -10)
ClientWorld player simulation set new target int3(14, 3, -10)
[03:14:30.4187450]:[ClientWorld] Connection disconnected ID:95 Reason:ClosedByRemote
Caught fatal signal - signo:15 code:0 errno:0 addr:0x15020006e82b
Obtained 25 stack frames.
#0  0x007f5c0d3f59c9 in PlayerMain(int, char**)
#1  0x007f5c0d3ea4b7 in (Unknown)
#2  0x007f5c0b152c20 in funlockfile
#3  0x007f5c0b1519e4 in __read
#4  0x007f5c0e790003 in PlayerMain(int, char**)
#5  0x007f5c0e7a7cc0 in PlayerMain(int, char**)
#6  0x007f5c0e7b546c in PlayerMain(int, char**)
#7  0x007f5c0e7b567d in PlayerMain(int, char**)
#8  0x007f5c0e7a7b63 in PlayerMain(int, char**)
#9  0x007f5c0d3ef45c in PlayerMain(int, char**)
#10 0x007f5c0d3f0f5a in PlayerMain(int, char**)
#11 0x007f5c0d3f0ef1 in PlayerMain(int, char**)
#12 0x007f5c0d3f6f26 in PlayerMain(int, char**)
#13 0x007f5c0ceb62a9 in (Unknown)
#14 0x007f5c0ced6b05 in (Unknown)
#15 0x007f5c0ceb66cc in (Unknown)
#16 0x007f5c0cebcb88 in (Unknown)
#17 0x007f5c0cee0233 in (Unknown)
#18 0x007f5c0ce80431 in (Unknown)
#19 0x007f5c0ce6d247 in (Unknown)
#20 0x007f5c0ce6d201 in (Unknown)
#21 0x007f5c0ce6d570 in (Unknown)
#22 0x007f5c0d3ec077 in PlayerMain(int, char**)
#23 0x007f5c0ad9e493 in __libc_start_main
#24 0x00000000201029 in _start
Setting up 12 worker threads for Enlighten.
Writing stats to file
Calling DomainUnloadOrPlayModeChangeShutdown!
Caught fatal signal - signo:11 code:1 errno:0 addr:0x48
Obtained 25 stack frames.
#0  0x007f5c0d3f59c9 in PlayerMain(int, char**)
#1  0x007f5c0d3ea4b7 in (Unknown)
#2  0x007f5c0b152c20 in funlockfile
#3  0x007f5c0cdadff3 in (Unknown)
#4  0x007f5c0cdae671 in (Unknown)
#5  0x007f5c0cd8ee7a in (Unknown)
#6  0x007f5c0d78a42e in PlayerMain(int, char**)
#7  0x007f5c0c73c426 in (Unknown)
#8  0x007f5b4d6ca320 in ContentLoadInterface_ContentFile_UnloadAsync_Injected_mBD2F1D561285B0DE37DCDA4DEA75931201B5E680
#9  0x007f5b4d6c978f in ContentLoadInterface_ContentFile_UnloadAsync_m197A3C60564D4E9F9049BAD57B46FB404A8F17BD
#10 0x007f5b4d6c9635 in ContentFile_UnloadAsync_mF35518E83FCF4C1701AF2C6CEBF7E507490481D6
#11 0x007f5b4c94156a in RuntimeContentManager_ReleaseFile_m12EDB377B39EF4D01B3268E711303D79747A4F4C
#12 0x007f5b4c93f45c in RuntimeContentManager_ReleaseObjectImpl_m84E24B7727CAA367D95ABC97FC529A5594840414
#13 0x007f5b4c93dae8 in RuntimeContentManager_Cleanup_m6436DF58ED05204D0A7DFACFB212018BD6B813FD
#14 0x007f5b4c93ef38 in RuntimeContentManager_OnShutdown_m09B1F0AD37BE7168472DDB84F55C43F02CD40113
#15 0x007f5b4843ae76 in EventHandler_Invoke_m9D3126CBE291A3E7E7C304094E1DA846832F9B96_Multicast(EventHandler_tC6323FD7E6163F965259C33D72612C0E5B9BAB82*, Il2CppObject*, EventArgs_t37273F03EAC87217701DD431B190FBD84AD7C377*, MethodInfo const*)
#16 0x007f5b4bdac7b0 in EventHandler_Invoke_m9D3126CBE291A3E7E7C304094E1DA846832F9B96
#17 0x007f5b485e5073 in il2cpp::vm::Runtime::InvokeWithThrow(MethodInfo const*, void*, void**)
#18 0x007f5b485e4fdb in il2cpp::vm::Runtime::Invoke(MethodInfo const*, void*, void**, Il2CppException**)
#19 0x007f5b485e4b1c in il2cpp::vm::Runtime::Shutdown()
#20 0x007f5c0d343f56 in (Unknown)
#21 0x007f5c0ce7f658 in (Unknown)
#22 0x007f5c0d3ebee6 in PlayerMain(int, char**)
#23 0x007f5c0ad9e493 in __libc_start_main
#24 0x00000000201029 in _start
