[UnityMemory] Configuration Parameters - Can be set up in boot.config
    "memorysetup-bucket-allocator-granularity=16"
    "memorysetup-bucket-allocator-bucket-count=8"
    "memorysetup-bucket-allocator-block-size=4194304"
    "memorysetup-bucket-allocator-block-count=1"
    "memorysetup-main-allocator-block-size=16777216"
    "memorysetup-thread-allocator-block-size=16777216"
    "memorysetup-gfx-main-allocator-block-size=16777216"
    "memorysetup-gfx-thread-allocator-block-size=16777216"
    "memorysetup-cache-allocator-block-size=4194304"
    "memorysetup-typetree-allocator-block-size=2097152"
    "memorysetup-profiler-bucket-allocator-granularity=16"
    "memorysetup-profiler-bucket-allocator-bucket-count=8"
    "memorysetup-profiler-bucket-allocator-block-size=4194304"
    "memorysetup-profiler-bucket-allocator-block-count=1"
    "memorysetup-profiler-allocator-block-size=16777216"
    "memorysetup-profiler-editor-allocator-block-size=1048576"
    "memorysetup-temp-allocator-size-main=4194304"
    "memorysetup-job-temp-allocator-block-size=2097152"
    "memorysetup-job-temp-allocator-block-size-background=1048576"
    "memorysetup-job-temp-allocator-reduction-small-platforms=262144"
    "memorysetup-allocator-temp-initial-block-size-main=262144"
    "memorysetup-allocator-temp-initial-block-size-worker=262144"
    "memorysetup-temp-allocator-size-background-worker=32768"
    "memorysetup-temp-allocator-size-job-worker=262144"
    "memorysetup-temp-allocator-size-preload-manager=262144"
    "memorysetup-temp-allocator-size-nav-mesh-worker=65536"
    "memorysetup-temp-allocator-size-audio-worker=65536"
    "memorysetup-temp-allocator-size-cloud-worker=32768"
    "memorysetup-temp-allocator-size-gfx=262144"
Remaining time:29s
Found 2 interfaces on host : 0) 10.141.0.2 1) 10.149.0.2
Player connection [140160944545664] Multi-casting "[IP] 10.141.0.2 [Port] 55001 [Flags] 19 [Guid] 1364951035 [EditorId] 3988235067 [Version] 1048832 [Id] LinuxPlayer(13,10.141.0.2) [Debug] 0 [PackageName] LinuxPlayer [ProjectName] Opencraft" to [225.0.0.222:54997]...

Direct connection to host time out.
Stopping profiler. Profiler is not able to flush data to a file or socket and exceeded maximum allowed memory for buffering.
Please use Profiler.maxUsedMemory API or -profiler-maxusedmemory command line parameter to increase maximum allowed memory usage.
Using 134234112 bytes while Profiler.maxUsedMemory is 134217728 bytes.
Failed to initialize networking layer after 30 seconds, skipping waiting for connection before starting playback.
Preloaded 'lib_burst_generated.so'
Preloaded 'libwebrtc.so'
[Physics::Module] Initialized MultithreadedJobDispatcher with 47 workers.
Initialize engine version: 2022.3.16f1 (d2c21f0ef2f1)
[Subsystems] Discovering subsystems at path /var/scratch/zmr280/opencraft/opencraft_Data/UnitySubsystems
Forcing GfxDevice: Null
GfxDevice: creating device client; threaded=0; jobified=0
NullGfxDevice:
    Version:  NULL 1.0 [1.0]
    Renderer: Null Device
    Vendor:   Unity Technologies
ERROR: Shader Hidden/Universal Render Pipeline/Blit shader is not supported on this GPU (none of subshaders/fallbacks are suitable)
ERROR: Shader Hidden/Universal Render Pipeline/CopyDepth shader is not supported on this GPU (none of subshaders/fallbacks are suitable)
ERROR: Shader Hidden/Universal Render Pipeline/Sampling shader is not supported on this GPU (none of subshaders/fallbacks are suitable)
ERROR: Shader Hidden/Universal Render Pipeline/LutBuilderLdr shader is not supported on this GPU (none of subshaders/fallbacks are suitable)
ERROR: Shader Hidden/Universal Render Pipeline/LutBuilderHdr shader is not supported on this GPU (none of subshaders/fallbacks are suitable)
ERROR: Shader Hidden/Universal Render Pipeline/UberPost shader is not supported on this GPU (none of subshaders/fallbacks are suitable)
ERROR: Shader Hidden/Universal Render Pipeline/Debug/DebugReplacement shader is not supported on this GPU (none of subshaders/fallbacks are suitable)
ERROR: Shader Hidden/Universal/HDRDebugView shader is not supported on this GPU (none of subshaders/fallbacks are suitable)
WARNING: Shader Unsupported: 'Hidden/Universal Render Pipeline/FallbackError' - All subshaders removed
WARNING: Shader Did you use #pragma only_renderers and omit this platform?
WARNING: Shader If subshaders removal was intentional, you may have forgotten turning Fallback off?
ERROR: Shader Hidden/Universal Render Pipeline/FallbackError shader is not supported on this GPU (none of subshaders/fallbacks are suitable)
WARNING: Shader Unsupported: 'Hidden/Universal Render Pipeline/FallbackError' - All subshaders removed
WARNING: Shader Did you use #pragma only_renderers and omit this platform?
WARNING: Shader If subshaders removal was intentional, you may have forgotten turning Fallback off?
WARNING: Shader Unsupported: 'Hidden/Universal Render Pipeline/StencilDeferred' - All subshaders removed
WARNING: Shader Did you use #pragma only_renderers and omit this platform?
WARNING: Shader If subshaders removal was intentional, you may have forgotten turning Fallback off?
ERROR: Shader Hidden/Universal Render Pipeline/StencilDeferred shader is not supported on this GPU (none of subshaders/fallbacks are suitable)
WARNING: Shader Unsupported: 'Hidden/Universal Render Pipeline/StencilDeferred' - All subshaders removed
WARNING: Shader Did you use #pragma only_renderers and omit this platform?
WARNING: Shader If subshaders removal was intentional, you may have forgotten turning Fallback off?
ERROR: Shader Hidden/Universal Render Pipeline/CameraMotionVectors shader is not supported on this GPU (none of subshaders/fallbacks are suitable)
ERROR: Shader Hidden/Universal Render Pipeline/ObjectMotionVectors shader is not supported on this GPU (none of subshaders/fallbacks are suitable)
ERROR: Shader Hidden/Universal Render Pipeline/LensFlareDataDriven shader is not supported on this GPU (none of subshaders/fallbacks are suitable)
ERROR: Shader Hidden/Universal Render Pipeline/ScreenSpaceAmbientOcclusion shader is not supported on this GPU (none of subshaders/fallbacks are suitable)
ERROR: Shader Hidden/Universal Render Pipeline/Stop NaN shader is not supported on this GPU (none of subshaders/fallbacks are suitable)
ERROR: Shader Hidden/Universal Render Pipeline/SubpixelMorphologicalAntialiasing shader is not supported on this GPU (none of subshaders/fallbacks are suitable)
ERROR: Shader Hidden/Universal Render Pipeline/TemporalAA shader is not supported on this GPU (none of subshaders/fallbacks are suitable)
ERROR: Shader Hidden/Universal Render Pipeline/Scaling Setup shader is not supported on this GPU (none of subshaders/fallbacks are suitable)
ERROR: Shader Hidden/Universal Render Pipeline/Edge Adaptive Spatial Upsampling shader is not supported on this GPU (none of subshaders/fallbacks are suitable)
ERROR: Shader Hidden/Universal Render Pipeline/FinalPost shader is not supported on this GPU (none of subshaders/fallbacks are suitable)
ERROR: Shader Sprites/Default shader is not supported on this GPU (none of subshaders/fallbacks are suitable)
ERROR: Shader Sprites/Mask shader is not supported on this GPU (none of subshaders/fallbacks are suitable)
ERROR: Shader GUI/Text Shader shader is not supported on this GPU (none of subshaders/fallbacks are suitable)
UnloadTime: 1.048496 ms
Parsing args: /var/scratch/zmr280/opencraft/opencraft.x86_64, -batchmode, -nographics, -logStats, True, -serverUrl, 10.141.0.1, -statsFile, /var/scratch/zmr280/runs/pareto-activeLogic_5-Layer_8x_6z_200p_120s/opencraft_stats/client11.csv, -userID, 11, -playType, Client, -emulationType, Simulation
Setting up worlds with playType Client and streaming role Disabled
Adding type with UniqueSystemAttribute: StatisticsSystem
Adding type with UniqueSystemAttribute: StatisticsSystem
Failed to create websocket: System.Net.Sockets.SocketException (0x80004005): Address already in use
  at System.Net.Sockets.Socket.Bind (System.Net.EndPoint localEP) [0x00000] in <00000000000000000000000000000000>:0 
  at Unity.NetCode.DebugWebSocket..ctor (System.UInt16 port) [0x00000] in <00000000000000000000000000000000>:0 
  at Unity.NetCode.GhostStatsConnection..ctor () [0x00000] in <00000000000000000000000000000000>:0 
  at Unity.NetCode.GhostStatsFlushSystem.OnCreate () [0x00000] in <00000000000000000000000000000000>:0 
  at Unity.Entities.ComponentSystemBase.CreateInstance (Unity.Entities.World world) [0x00000] in <00000000000000000000000000000000>:0 
  at Unity.Entities.World.AddSystem_OnCreate_Internal (Unity.Entities.ComponentSystemBase system) [0x00000] in <00000000000000000000000000000000>:0 
  at Unity.Entities.World.GetOrCreateSystemsAndLogException (Unity.Collections.NativeList`1[T] types, System.Int32 typesCount, Unity.Collections.AllocatorManager+AllocatorHandle allocator) [0x00000] in <00000000000000000000000000000000>:0 
  at Unity.Entities.World.GetOrCreateSystemsAndLogException (Unity.Collections.NativeList`1[T] types, Unity.Collections.AllocatorManager+AllocatorHandle allocator) [0x00000] in <00000000000000000000000000000000>:0 
  at Unity.Entities.DefaultWorldInitialization.AddSystemToRootLevelSystemGroupsInternal[T] (Unity.Entities.World world, Unity.Collections.NativeList`1[T] systemTypesOrig, Unity.Entities.ComponentSystemGroup defaultGroup, T rootGroups) [0x00000] in <00000000000000000000000000000000>:0 
  at Unity.Entities.DefaultWorldInitialization.AddSystemToRootLevelSystemGroupsInternal (Unity.Entities.World world, Unity.Collections.NativeList`1[T] systemTypesOrig) [0x00000] in <00000000000000000000000000000000>:0 
  at Unity.Entities.DefaultWorldInitialization.AddSystemsToRootLevelSystemGroups (Unity.Entities.World world, System.Collections.Generic.IReadOnlyList`1[T] systemTypes) [0x00000] in <00000000000000000000000000000000>:0 
  at PolkaDOTS.Bootstrap.GameBootstrap.CreateClientWorld (System.String name, Unity.Entities.WorldFlags flags, System.Collections.Generic.IReadOnlyList`1[T] systems) [0x00000] in <00000000000000000000000000000000>:0 
  at PolkaDOTS.Bootstrap.GameBootstrap.CreateDefaultClientWorld (System.String worldName, System.Boolean isHost, System.Boolean isCloudHost) [0x00000] in <00000000000000000000000000000000>:0 
  at PolkaDOTS.Bootstrap.GameBootstrap.SetupWorlds (PolkaDOTS.Deployment.MultiplayStreamingRoles mRole, PolkaDOTS.Bootstrap.GameBootstrap+BootstrapPlayTypes playTypes, Unity.Collections.NativeList`1[Unity.Entities.WorldUnmanaged]& worldReferences, System.Int32 numSimulatedClients, System.Boolean autoStart, System.Boolean autoConnect, System.String serverUrl, System.UInt16 serverPort, System.String signalingUrl, System.String worldName) [0x00000] in <00000000000000000000000000000000>:0 
  at PolkaDOTS.Bootstrap.GameBootstrap.SetupWorldsFromLocalConfig () [0x00000] in <00000000000000000000000000000000>:0 
  at PolkaDOTS.Bootstrap.GameBootstrap.Initialize (System.String defaultWorldName) [0x00000] in <00000000000000000000000000000000>:0 
  at Unity.Entities.CustomWorldInitialization.Initialize (System.String defaultWorldName, System.Boolean editorWorld) [0x00000] in <00000000000000000000000000000000>:0 
  at Unity.Entities.CustomAutomaticWorldBootstrap.Initialize () [0x00000] in <00000000000000000000000000000000>:0 
UnityEngine.DebugLogHandler:Internal_Log(LogType, LogOption, String, Object)
UnityEngine.DebugLogHandler:LogFormat(LogType, Object, String, Object[])
UnityEngine.Logger:Log(LogType, Object)
UnityEngine.Debug:LogError(Object)
Unity.NetCode.DebugWebSocket:.ctor(UInt16)
Unity.NetCode.GhostStatsConnection:.ctor()
Unity.NetCode.GhostStatsFlushSystem:OnCreate()
Unity.Entities.ComponentSystemBase:CreateInstance(World)
Unity.Entities.World:AddSystem_OnCreate_Internal(ComponentSystemBase)
Unity.Entities.World:GetOrCreateSystemsAndLogException(NativeList`1, Int32, AllocatorHandle)
Unity.Entities.World:GetOrCreateSystemsAndLogException(NativeList`1, AllocatorHandle)
Unity.Entities.DefaultWorldInitialization:AddSystemToRootLevelSystemGroupsInternal(World, NativeList`1, ComponentSystemGroup, T)
Unity.Entities.DefaultWorldInitialization:AddSystemToRootLevelSystemGroupsInternal(World, NativeList`1)
Unity.Entities.DefaultWorldInitialization:AddSystemsToRootLevelSystemGroups(World, IReadOnlyList`1)
PolkaDOTS.Bootstrap.GameBootstrap:CreateClientWorld(String, WorldFlags, IReadOnlyList`1)
PolkaDOTS.Bootstrap.GameBootstrap:CreateDefaultClientWorld(String, Boolean, Boolean)
PolkaDOTS.Bootstrap.GameBootstrap:SetupWorlds(MultiplayStreamingRoles, BootstrapPlayTypes, NativeList`1&, Int32, Boolean, Boolean, String, UInt16, String, String)
PolkaDOTS.Bootstrap.GameBootstrap:SetupWorldsFromLocalConfig()
PolkaDOTS.Bootstrap.GameBootstrap:Initialize(String)
Unity.Entities.CustomWorldInitialization:Initialize(String, Boolean)
Unity.Entities.CustomAutomaticWorldBootstrap:Initialize()

Adding world ClientWorld to update list
Connecting worlds with playType Client and streaming role Disabled
Created connection request for 10.141.0.1:7979
Creating statistics writer!
Recorder [ServerFixedUpdate] is invalid!
UnityEngine.DebugLogHandler:Internal_Log(LogType, LogOption, String, Object)
UnityEngine.DebugLogHandler:LogFormat(LogType, Object, String, Object[])
UnityEngine.Logger:Log(LogType, Object)
UnityEngine.Debug:LogWarning(Object)
PolkaDOTS.Statistics.StatisticsWriter:.ctor()
PolkaDOTS.Statistics.StatisticsWriterInstance:Awake()

Recorder [TerrainGeneration] is invalid!
UnityEngine.DebugLogHandler:Internal_Log(LogType, LogOption, String, Object)
UnityEngine.DebugLogHandler:LogFormat(LogType, Object, String, Object[])
UnityEngine.Logger:Log(LogType, Object)
UnityEngine.Debug:LogWarning(Object)
PolkaDOTS.Statistics.StatisticsWriter:.ctor()
PolkaDOTS.Statistics.StatisticsWriterInstance:Awake()

Recorder [PlayerTerrainGenCheck] is invalid!
UnityEngine.DebugLogHandler:Internal_Log(LogType, LogOption, String, Object)
UnityEngine.DebugLogHandler:LogFormat(LogType, Object, String, Object[])
UnityEngine.Logger:Log(LogType, Object)
UnityEngine.Debug:LogWarning(Object)
PolkaDOTS.Statistics.StatisticsWriter:.ctor()
PolkaDOTS.Statistics.StatisticsWriterInstance:Awake()

Recorder [StructureGeneration] is invalid!
UnityEngine.DebugLogHandler:Internal_Log(LogType, LogOption, String, Object)
UnityEngine.DebugLogHandler:LogFormat(LogType, Object, String, Object[])
UnityEngine.Logger:Log(LogType, Object)
UnityEngine.Debug:LogWarning(Object)
PolkaDOTS.Statistics.StatisticsWriter:.ctor()
PolkaDOTS.Statistics.StatisticsWriterInstance:Awake()

Recorder [TerrainLogicSystem] is invalid!
UnityEngine.DebugLogHandler:Internal_Log(LogType, LogOption, String, Object)
UnityEngine.DebugLogHandler:LogFormat(LogType, Object, String, Object[])
UnityEngine.Logger:Log(LogType, Object)
UnityEngine.Debug:LogWarning(Object)
PolkaDOTS.Statistics.StatisticsWriter:.ctor()
PolkaDOTS.Statistics.StatisticsWriterInstance:Awake()

Recorder [GetUpdates] is invalid!
UnityEngine.DebugLogHandler:Internal_Log(LogType, LogOption, String, Object)
UnityEngine.DebugLogHandler:LogFormat(LogType, Object, String, Object[])
UnityEngine.Logger:Log(LogType, Object)
UnityEngine.Debug:LogWarning(Object)
PolkaDOTS.Statistics.StatisticsWriter:.ctor()
PolkaDOTS.Statistics.StatisticsWriterInstance:Awake()

Recorder [ReevaluatePropagateMarker] is invalid!
UnityEngine.DebugLogHandler:Internal_Log(LogType, LogOption, String, Object)
UnityEngine.DebugLogHandler:LogFormat(LogType, Object, String, Object[])
UnityEngine.Logger:Log(LogType, Object)
UnityEngine.Debug:LogWarning(Object)
PolkaDOTS.Statistics.StatisticsWriter:.ctor()
PolkaDOTS.Statistics.StatisticsWriterInstance:Awake()

Recorder [PropagateLogicState] is invalid!
UnityEngine.DebugLogHandler:Internal_Log(LogType, LogOption, String, Object)
UnityEngine.DebugLogHandler:LogFormat(LogType, Object, String, Object[])
UnityEngine.Logger:Log(LogType, Object)
UnityEngine.Debug:LogWarning(Object)
PolkaDOTS.Statistics.StatisticsWriter:.ctor()
PolkaDOTS.Statistics.StatisticsWriterInstance:Awake()

Recorder [PropInputBlocks] is invalid!
UnityEngine.DebugLogHandler:Internal_Log(LogType, LogOption, String, Object)
UnityEngine.DebugLogHandler:LogFormat(LogType, Object, String, Object[])
UnityEngine.Logger:Log(LogType, Object)
UnityEngine.Debug:LogWarning(Object)
PolkaDOTS.Statistics.StatisticsWriter:.ctor()
PolkaDOTS.Statistics.StatisticsWriterInstance:Awake()

Recorder [PropActiveLogicBlocks] is invalid!
UnityEngine.DebugLogHandler:Internal_Log(LogType, LogOption, String, Object)
UnityEngine.DebugLogHandler:LogFormat(LogType, Object, String, Object[])
UnityEngine.Logger:Log(LogType, Object)
UnityEngine.Debug:LogWarning(Object)
PolkaDOTS.Statistics.StatisticsWriter:.ctor()
PolkaDOTS.Statistics.StatisticsWriterInstance:Awake()

Recorder [CheckGateState] is invalid!
UnityEngine.DebugLogHandler:Internal_Log(LogType, LogOption, String, Object)
UnityEngine.DebugLogHandler:LogFormat(LogType, Object, String, Object[])
UnityEngine.Logger:Log(LogType, Object)
UnityEngine.Debug:LogWarning(Object)
PolkaDOTS.Statistics.StatisticsWriter:.ctor()
PolkaDOTS.Statistics.StatisticsWriterInstance:Awake()

Recorder [GhostSimulationSystemGroup] is invalid!
UnityEngine.DebugLogHandler:Internal_Log(LogType, LogOption, String, Object)
UnityEngine.DebugLogHandler:LogFormat(LogType, Object, String, Object[])
UnityEngine.Logger:Log(LogType, Object)
UnityEngine.Debug:LogWarning(Object)
PolkaDOTS.Statistics.StatisticsWriter:.ctor()
PolkaDOTS.Statistics.StatisticsWriterInstance:Awake()

Recorder [PredictedSimulationSystemGroup] is invalid!
UnityEngine.DebugLogHandler:Internal_Log(LogType, LogOption, String, Object)
UnityEngine.DebugLogHandler:LogFormat(LogType, Object, String, Object[])
UnityEngine.Logger:Log(LogType, Object)
UnityEngine.Debug:LogWarning(Object)
PolkaDOTS.Statistics.StatisticsWriter:.ctor()
PolkaDOTS.Statistics.StatisticsWriterInstance:Awake()

Initializing multiplay!
Found non-specified codec: VP8 Internal video/VP8 implementation_name=Internal
Found codec: VP9 Profile0
Found codec: VP9 Profile2
Found codec: VP9 Profile1
Found codec: VP9 Profile3
Found codec: AV1 Profile0
Found codec: AV1 Profile1
Could not find H264.High as streaming codec!
Adding terrain areas statistics recorders
Streamed scene with   33ms latency from /var/scratch/zmr280/opencraft/opencraft_Data/StreamingAssets/EntityScenes/bea83102298cfb741939cdba85abe535.0.entities
AutoLoading authoring scene in world ClientWorld
[12:16:53.6521800]:[ClientWorld] New connection ID:11
ERROR: Shader Custom/VoxelShader shader is not supported on this GPU (none of subshaders/fallbacks are suitable)
WARNING: Shader Unsupported: 'Hidden/Universal Render Pipeline/FallbackError' - All subshaders removed
WARNING: Shader Did you use #pragma only_renderers and omit this platform?
WARNING: Shader If subshaders removal was intentional, you may have forgotten turning Fallback off?
ERROR: Shader Hidden/Universal Render Pipeline/FallbackError shader is not supported on this GPU (none of subshaders/fallbacks are suitable)
WARNING: Shader Unsupported: 'Hidden/Universal Render Pipeline/FallbackError' - All subshaders removed
WARNING: Shader Did you use #pragma only_renderers and omit this platform?
WARNING: Shader If subshaders removal was intentional, you may have forgotten turning Fallback off?
WARNING: Shader Unsupported: 'Universal Render Pipeline/Lit' - All subshaders removed
WARNING: Shader Did you use #pragma only_renderers and omit this platform?
WARNING: Shader If subshaders removal was intentional, you may have forgotten turning Fallback off?
ERROR: Shader Universal Render Pipeline/Lit shader is not supported on this GPU (none of subshaders/fallbacks are suitable)
WARNING: Shader Unsupported: 'Universal Render Pipeline/Lit' - All subshaders removed
WARNING: Shader Did you use #pragma only_renderers and omit this platform?
WARNING: Shader If subshaders removal was intentional, you may have forgotten turning Fallback off?
WARNING: Shader Unsupported: 'Universal Render Pipeline/Unlit' - All subshaders removed
WARNING: Shader Did you use #pragma only_renderers and omit this platform?
WARNING: Shader If subshaders removal was intentional, you may have forgotten turning Fallback off?
ERROR: Shader Universal Render Pipeline/Unlit shader is not supported on this GPU (none of subshaders/fallbacks are suitable)
WARNING: Shader Unsupported: 'Universal Render Pipeline/Unlit' - All subshaders removed
WARNING: Shader Did you use #pragma only_renderers and omit this platform?
WARNING: Shader If subshaders removal was intentional, you may have forgotten turning Fallback off?
Streamed scene with   44ms latency from /var/scratch/zmr280/opencraft/opencraft_Data/StreamingAssets/EntityScenes/62561c7118c5bbb46929c6bf65331faa.0.entities
Sending start game stream RPC
Emulation type is Idle, Simulation
Creating local player object
Sending spawn player RPC for user 11
ERROR: Shader UI/Default shader is not supported on this GPU (none of subshaders/fallbacks are suitable)
Player 11 has no connection ID!
UnityEngine.DebugLogHandler:Internal_Log(LogType, LogOption, String, Object)
UnityEngine.DebugLogHandler:LogFormat(LogType, Object, String, Object[])
UnityEngine.Logger:Log(LogType, Object)
UnityEngine.Debug:LogWarning(Object)
Opencraft.Player.SamplePlayerInput:OnUpdate(SystemState&)
Opencraft.Player.SamplePlayerInput:__codegen__OnUpdate(IntPtr, IntPtr)

Linking player entity Entity(174:1) to 11@LOCALPLAYER
Player simulation searching for path from float3(0.5f, 13.2f, 0.5f) = int3(0, 13, 0) to int3(15, 13, -15)
Player simulation could not find a path from int3(0, 13, 0) to int3(15, 13, -15), will choose new target
    1: Could not find target at int3(0, 13, 0)
Player simulation searching for path from float3(0.5f, 13.2f, 0.5f) = int3(0, 13, 0) to int3(4, 13, 3)
Player simulation could not find a path from int3(0, 13, 0) to int3(4, 13, 3), will choose new target
Player simulation searching for path from float3(0.5f, 13.2f, 0.5f) = int3(0, 13, 0) to int3(-6, 13, 9)
Player simulation could not find a path from int3(0, 13, 0) to int3(-6, 13, 9), will choose new target
Player simulation searching for path from float3(0.5f, 13.2f, 0.5f) = int3(0, 13, 0) to int3(15, 13, -10)
Player simulation could not find a path from int3(0, 13, 0) to int3(15, 13, -10), will choose new target
    5: Could not find target at int3(0, 13, 0)
Player simulation searching for path from float3(0.5f, 13.2f, 0.5f) = int3(0, 13, 0) to int3(1, 13, -12)
Player simulation could not find a path from int3(0, 13, 0) to int3(1, 13, -12), will choose new target
Player simulation searching for path from float3(0.5f, 13.2f, 0.5f) = int3(0, 13, 0) to int3(-8, 13, 12)
Player simulation could not find a path from int3(0, 13, 0) to int3(-8, 13, 12), will choose new target
    8: Could not find target at int3(0, 13, 0)
ClientWorld player simulation could not find a path in 9 attempts, waiting to try again
Player simulation searching for path from float3(0.5f, 13.1f, 0.5f) = int3(0, 13, 0) to int3(15, 13, -15)
ClientWorld player simulation set new target int3(15, 13, -15)
ClientWorld player simulation reached target int3(15, 13, -15)
Player simulation searching for path from float3(15.32813f, 13.12929f, -14.523f) = int3(15, 13, -15) to int3(4, 13, 11)
ClientWorld player simulation set new target int3(4, 13, 11)
ClientWorld player simulation reached target int3(4, 13, 11)
Player simulation searching for path from float3(4.515f, 13.12929f, 11.34871f) = int3(4, 13, 11) to int3(4, 13, 8)
ClientWorld player simulation set new target int3(4, 13, 8)
ClientWorld player simulation reached target int3(4, 13, 8)
Player simulation searching for path from float3(4.515f, 13.12929f, 8.607288f) = int3(4, 13, 8) to int3(-15, 13, -9)
ClientWorld player simulation set new target int3(-15, 13, -9)
ClientWorld player simulation reached target int3(-15, 13, -9)
Player simulation searching for path from float3(-14.488f, 13.12929f, -8.337712f) = int3(-15, 13, -9) to int3(7, 13, -11)
ClientWorld player simulation set new target int3(7, 13, -11)
ClientWorld player simulation reached target int3(7, 13, -11)
Player simulation searching for path from float3(7.505446f, 13.14227f, -10.36145f) = int3(7, 13, -11) to int3(6, 13, 8)
ClientWorld player simulation set new target int3(6, 13, 8)
ClientWorld player simulation reached target int3(6, 13, 8)
Player simulation searching for path from float3(6.477f, 13.12929f, 8.337712f) = int3(6, 13, 8) to int3(-7, 13, 1)
ClientWorld player simulation set new target int3(-7, 13, 1)
ClientWorld player simulation reached target int3(-7, 13, 1)
Player simulation searching for path from float3(-6.513735f, 13.14227f, 1.683265f) = int3(-7, 13, 1) to int3(-1, 13, 4)
ClientWorld player simulation set new target int3(-1, 13, 4)
ClientWorld player simulation reached target int3(-1, 13, 4)
Player simulation searching for path from float3(-0.5241573f, 13.12929f, 4.343553f) = int3(-1, 13, 4) to int3(2, 13, -2)
ClientWorld player simulation set new target int3(2, 13, -2)
ClientWorld player simulation path has strayed from int3(1, 13, -2) to int3(1, 13, 1), searching for a correction
ClientWorld player simulation reached target int3(2, 13, -2)
Player simulation searching for path from float3(2.31271f, 13.14227f, -1.482603f) = int3(2, 13, -2) to int3(-11, 13, 1)
ClientWorld player simulation set new target int3(-11, 13, 1)
ClientWorld player simulation reached target int3(-11, 13, 1)
Player simulation searching for path from float3(-10.50029f, 13.12929f, 1.377421f) = int3(-11, 13, 1) to int3(-12, 13, 1)
ClientWorld player simulation set new target int3(-12, 13, 1)
ClientWorld player simulation reached target int3(-12, 13, 1)
Player simulation searching for path from float3(-11.33629f, 13.14227f, 1.535446f) = int3(-12, 13, 1) to int3(-4, 13, -5)
ClientWorld player simulation set new target int3(-4, 13, -5)
ClientWorld player simulation reached target int3(-4, 13, -5)
Player simulation searching for path from float3(-3.68429f, 13.12929f, -4.514843f) = int3(-4, 13, -5) to int3(14, 13, -2)
ClientWorld player simulation set new target int3(14, 13, -2)
ClientWorld player simulation path has strayed from int3(4, 13, -5) to int3(1, 13, -5), searching for a correction
ClientWorld player simulation reached target int3(14, 13, -2)
Player simulation searching for path from float3(14.35898f, 13.12929f, -1.454f) = int3(14, 13, -2) to int3(9, 13, -15)
ClientWorld player simulation set new target int3(9, 13, -15)
ClientWorld player simulation path has strayed from int3(14, 13, -11) to int3(14, 13, -7), searching for a correction
ClientWorld player simulation reached target int3(9, 13, -15)
Player simulation searching for path from float3(9.604261f, 13.14227f, -14.47274f) = int3(9, 13, -15) to int3(4, 13, -10)
ClientWorld player simulation set new target int3(4, 13, -10)
ClientWorld player simulation reached target int3(4, 13, -10)
Player simulation searching for path from float3(4.484422f, 13.12929f, -9.683441f) = int3(4, 13, -10) to int3(-15, 13, -9)
ClientWorld player simulation set new target int3(-15, 13, -9)
ClientWorld player simulation path has strayed from int3(-9, 13, -10) to int3(-6, 13, -10), searching for a correction
ClientWorld player simulation reached target int3(-15, 13, -9)
Player simulation searching for path from float3(-14.46914f, 13.12929f, -8.629576f) = int3(-15, 13, -9) to int3(7, 13, -11)
ClientWorld player simulation set new target int3(7, 13, -11)
ClientWorld player simulation reached target int3(7, 13, -11)
Player simulation searching for path from float3(7.49813f, 13.14227f, -10.35272f) = int3(7, 13, -11) to int3(6, 13, 8)
ClientWorld player simulation set new target int3(6, 13, 8)
ClientWorld player simulation reached target int3(6, 13, 8)
Player simulation searching for path from float3(6.418555f, 13.14227f, 8.326447f) = int3(6, 13, 8) to int3(-7, 13, 1)
ClientWorld player simulation set new target int3(-7, 13, 1)
ClientWorld player simulation reached target int3(-7, 13, 1)
Player simulation searching for path from float3(-6.519529f, 13.14227f, 1.689002f) = int3(-7, 13, 1) to int3(-1, 13, 4)
ClientWorld player simulation set new target int3(-1, 13, 4)
ClientWorld player simulation reached target int3(-1, 13, 4)
Player simulation searching for path from float3(-0.4828679f, 13.12929f, 4.397263f) = int3(-1, 13, 4) to int3(2, 13, -2)
ClientWorld player simulation set new target int3(2, 13, -2)
ClientWorld player simulation reached target int3(2, 13, -2)
Player simulation searching for path from float3(2.348553f, 13.12929f, -1.626579f) = int3(2, 13, -2) to int3(-11, 13, 1)
ClientWorld player simulation set new target int3(-11, 13, 1)
ClientWorld player simulation reached target int3(-11, 13, 1)
Player simulation searching for path from float3(-10.52956f, 13.12929f, 1.316685f) = int3(-11, 13, 1) to int3(-12, 13, 1)
ClientWorld player simulation set new target int3(-12, 13, 1)
ClientWorld player simulation reached target int3(-12, 13, 1)
Player simulation searching for path from float3(-11.33682f, 13.12929f, 1.558264f) = int3(-12, 13, 1) to int3(-4, 13, -5)
ClientWorld player simulation set new target int3(-4, 13, -5)
ClientWorld player simulation reached target int3(-4, 13, -5)
Player simulation searching for path from float3(-3.677317f, 13.12929f, -4.508396f) = int3(-4, 13, -5) to int3(14, 13, -2)
ClientWorld player simulation set new target int3(14, 13, -2)
ClientWorld player simulation reached target int3(14, 13, -2)
Player simulation searching for path from float3(14.51596f, 13.14227f, -1.688159f) = int3(14, 13, -2) to int3(9, 13, -15)
ClientWorld player simulation set new target int3(9, 13, -15)
ClientWorld player simulation path has strayed from int3(14, 13, -7) to int3(14, 13, -4), searching for a correction
ClientWorld player simulation path has strayed from int3(12, 13, -12) to int3(14, 13, -9), searching for a correction
ClientWorld player simulation path has strayed from int3(14, 13, -10) to int3(12, 13, -12), searching for a correction
ClientWorld player simulation path has strayed from int3(13, 13, -10) to int3(13, 13, -14), searching for a correction
Large serverTick prediction error. Server tick rollback to Unity.NetCode.NetworkTick delta: -10.52815
UnityEngine.DebugLogHandler:Internal_Log(LogType, LogOption, String, Object)
UnityEngine.DebugLogHandler:LogFormat(LogType, Object, String, Object[])
UnityEngine.Logger:Log(LogType, Object)
UnityEngine.Debug:LogError(Object)
Unity.Logging.Sinks.ManagedUnityEngineDebugLogWrapper:WriteFunc(LogLevel, Byte*, Int32)

ClientWorld player simulation path has strayed from int3(13, 13, -10) to int3(14, 13, -13), searching for a correction
Large serverTick prediction error. Server tick rollback to Unity.NetCode.NetworkTick delta: -10.54523
UnityEngine.DebugLogHandler:Internal_Log(LogType, LogOption, String, Object)
UnityEngine.DebugLogHandler:LogFormat(LogType, Object, String, Object[])
UnityEngine.Logger:Log(LogType, Object)
UnityEngine.Debug:LogError(Object)
Unity.Logging.Sinks.ManagedUnityEngineDebugLogWrapper:WriteFunc(LogLevel, Byte*, Int32)

ClientWorld player simulation path has strayed from int3(11, 13, -13) to int3(13, 13, -11), searching for a correction
ClientWorld player simulation path has strayed from int3(11, 13, -14) to int3(13, 13, -12), searching for a correction
ClientWorld player simulation reached target int3(9, 13, -15)
Player simulation searching for path from float3(9.690591f, 13.12929f, -14.52112f) = int3(9, 13, -15) to int3(4, 13, -10)
ClientWorld player simulation set new target int3(4, 13, -10)
ClientWorld player simulation path has strayed from int3(8, 13, -15) to int3(11, 13, -14), searching for a correction
ClientWorld player simulation path has strayed from int3(6, 13, -12) to int3(8, 13, -14), searching for a correction
Large serverTick prediction error. Server tick rollback to Unity.NetCode.NetworkTick delta: -10.07674
UnityEngine.DebugLogHandler:Internal_Log(LogType, LogOption, String, Object)
UnityEngine.DebugLogHandler:LogFormat(LogType, Object, String, Object[])
UnityEngine.Logger:Log(LogType, Object)
UnityEngine.Debug:LogError(Object)
Unity.Logging.Sinks.ManagedUnityEngineDebugLogWrapper:WriteFunc(LogLevel, Byte*, Int32)

ClientWorld player simulation path has strayed from int3(5, 13, -11) to int3(8, 13, -15), searching for a correction
ClientWorld player simulation path has strayed from int3(8, 13, -14) to int3(5, 13, -13), searching for a correction
ClientWorld player simulation reached target int3(4, 13, -10)
Player simulation searching for path from float3(4.492134f, 13.14227f, -9.655601f) = int3(4, 13, -10) to int3(-15, 13, -9)
ClientWorld player simulation set new target int3(-15, 13, -9)
ClientWorld player simulation path has strayed from int3(1, 13, -10) to int3(4, 13, -11), searching for a correction
ClientWorld player simulation path has strayed from int3(-1, 13, -10) to int3(2, 13, -9), searching for a correction
ClientWorld player simulation path has strayed from int3(-10, 13, -10) to int3(-7, 13, -11), searching for a correction
ClientWorld player simulation reached target int3(-15, 13, -9)
Player simulation searching for path from float3(-14.46872f, 13.12929f, -8.616997f) = int3(-15, 13, -9) to int3(7, 13, -11)
ClientWorld player simulation set new target int3(7, 13, -11)
ClientWorld player simulation path has strayed from int3(-6, 13, -9) to int3(-12, 13, -9), searching for a correction
ClientWorld player simulation path has strayed from int3(-11, 13, -9) to int3(-8, 13, -9), searching for a correction
Large serverTick prediction error. Server tick rollback to Unity.NetCode.NetworkTick delta: -11.64341
UnityEngine.DebugLogHandler:Internal_Log(LogType, LogOption, String, Object)
UnityEngine.DebugLogHandler:LogFormat(LogType, Object, String, Object[])
UnityEngine.Logger:Log(LogType, Object)
UnityEngine.Debug:LogError(Object)
Unity.Logging.Sinks.ManagedUnityEngineDebugLogWrapper:WriteFunc(LogLevel, Byte*, Int32)

Large serverTick prediction error. Server tick rollback to Unity.NetCode.NetworkTick delta: -10.59626
UnityEngine.DebugLogHandler:Internal_Log(LogType, LogOption, String, Object)
UnityEngine.DebugLogHandler:LogFormat(LogType, Object, String, Object[])
UnityEngine.Logger:Log(LogType, Object)
UnityEngine.Debug:LogError(Object)
Unity.Logging.Sinks.ManagedUnityEngineDebugLogWrapper:WriteFunc(LogLevel, Byte*, Int32)

Large serverTick prediction error. Server tick rollback to Unity.NetCode.NetworkTick delta: -11.56475
UnityEngine.DebugLogHandler:Internal_Log(LogType, LogOption, String, Object)
UnityEngine.DebugLogHandler:LogFormat(LogType, Object, String, Object[])
UnityEngine.Logger:Log(LogType, Object)
UnityEngine.Debug:LogError(Object)
Unity.Logging.Sinks.ManagedUnityEngineDebugLogWrapper:WriteFunc(LogLevel, Byte*, Int32)

ClientWorld player simulation path has strayed from int3(-5, 13, -9) to int3(-2, 13, -9), searching for a correction
Large serverTick prediction error. Server tick rollback to Unity.NetCode.NetworkTick delta: -10.49911
UnityEngine.DebugLogHandler:Internal_Log(LogType, LogOption, String, Object)
UnityEngine.DebugLogHandler:LogFormat(LogType, Object, String, Object[])
UnityEngine.Logger:Log(LogType, Object)
UnityEngine.Debug:LogError(Object)
Unity.Logging.Sinks.ManagedUnityEngineDebugLogWrapper:WriteFunc(LogLevel, Byte*, Int32)

ClientWorld player simulation path has strayed from int3(1, 13, -9) to int3(-5, 13, -9), searching for a correction
ClientWorld player simulation path has strayed from int3(-4, 13, -9) to int3(-1, 13, -9), searching for a correction
Large serverTick prediction error. Server tick rollback to Unity.NetCode.NetworkTick delta: -10.60565
UnityEngine.DebugLogHandler:Internal_Log(LogType, LogOption, String, Object)
UnityEngine.DebugLogHandler:LogFormat(LogType, Object, String, Object[])
UnityEngine.Logger:Log(LogType, Object)
UnityEngine.Debug:LogError(Object)
Unity.Logging.Sinks.ManagedUnityEngineDebugLogWrapper:WriteFunc(LogLevel, Byte*, Int32)

ClientWorld player simulation path has strayed from int3(7, 13, -10) to int3(-1, 13, -9), searching for a correction
ClientWorld player simulation path has strayed from int3(0, 13, -9) to int3(3, 13, -10), searching for a correction
Large serverTick prediction error. Server tick rollback to Unity.NetCode.NetworkTick delta: -14.68973
UnityEngine.DebugLogHandler:Internal_Log(LogType, LogOption, String, Object)
UnityEngine.DebugLogHandler:LogFormat(LogType, Object, String, Object[])
UnityEngine.Logger:Log(LogType, Object)
UnityEngine.Debug:LogError(Object)
Unity.Logging.Sinks.ManagedUnityEngineDebugLogWrapper:WriteFunc(LogLevel, Byte*, Int32)

ClientWorld player simulation path has strayed from int3(1, 13, -10) to int3(4, 13, -10), searching for a correction
Large serverTick prediction error. Server tick rollback to Unity.NetCode.NetworkTick delta: -10.39584
UnityEngine.DebugLogHandler:Internal_Log(LogType, LogOption, String, Object)
UnityEngine.DebugLogHandler:LogFormat(LogType, Object, String, Object[])
UnityEngine.Logger:Log(LogType, Object)
UnityEngine.Debug:LogError(Object)
Unity.Logging.Sinks.ManagedUnityEngineDebugLogWrapper:WriteFunc(LogLevel, Byte*, Int32)

Large serverTick prediction error. Server tick rollback to Unity.NetCode.NetworkTick delta: -13.41029
UnityEngine.DebugLogHandler:Internal_Log(LogType, LogOption, String, Object)
UnityEngine.DebugLogHandler:LogFormat(LogType, Object, String, Object[])
UnityEngine.Logger:Log(LogType, Object)
UnityEngine.Debug:LogError(Object)
Unity.Logging.Sinks.ManagedUnityEngineDebugLogWrapper:WriteFunc(LogLevel, Byte*, Int32)

ClientWorld player simulation path has strayed from int3(0, 13, -10) to int3(4, 13, -9), searching for a correction
Large serverTick prediction error. Server tick rollback to Unity.NetCode.NetworkTick delta: -11.48077
UnityEngine.DebugLogHandler:Internal_Log(LogType, LogOption, String, Object)
UnityEngine.DebugLogHandler:LogFormat(LogType, Object, String, Object[])
UnityEngine.Logger:Log(LogType, Object)
UnityEngine.Debug:LogError(Object)
Unity.Logging.Sinks.ManagedUnityEngineDebugLogWrapper:WriteFunc(LogLevel, Byte*, Int32)

ClientWorld player simulation path has strayed from int3(0, 13, -9) to int3(4, 13, -9), searching for a correction
ClientWorld player simulation path has strayed from int3(3, 13, -9) to int3(0, 13, -8), searching for a correction
Large serverTick prediction error. Server tick rollback to Unity.NetCode.NetworkTick delta: -10.31975
UnityEngine.DebugLogHandler:Internal_Log(LogType, LogOption, String, Object)
UnityEngine.DebugLogHandler:LogFormat(LogType, Object, String, Object[])
UnityEngine.Logger:Log(LogType, Object)
UnityEngine.Debug:LogError(Object)
Unity.Logging.Sinks.ManagedUnityEngineDebugLogWrapper:WriteFunc(LogLevel, Byte*, Int32)

ClientWorld player simulation path has strayed from int3(2, 13, -8) to int3(8, 13, -9), searching for a correction
Large serverTick prediction error. Server tick rollback to Unity.NetCode.NetworkTick delta: -10.52818
UnityEngine.DebugLogHandler:Internal_Log(LogType, LogOption, String, Object)
UnityEngine.DebugLogHandler:LogFormat(LogType, Object, String, Object[])
UnityEngine.Logger:Log(LogType, Object)
UnityEngine.Debug:LogError(Object)
Unity.Logging.Sinks.ManagedUnityEngineDebugLogWrapper:WriteFunc(LogLevel, Byte*, Int32)

ClientWorld player simulation path has strayed from int3(3, 13, -9) to int3(6, 13, -9), searching for a correction
Large serverTick prediction error. Server tick rollback to Unity.NetCode.NetworkTick delta: -12.48075
UnityEngine.DebugLogHandler:Internal_Log(LogType, LogOption, String, Object)
UnityEngine.DebugLogHandler:LogFormat(LogType, Object, String, Object[])
UnityEngine.Logger:Log(LogType, Object)
UnityEngine.Debug:LogError(Object)
Unity.Logging.Sinks.ManagedUnityEngineDebugLogWrapper:WriteFunc(LogLevel, Byte*, Int32)

Large serverTick prediction error. Server tick rollback to Unity.NetCode.NetworkTick delta: -10.63999
UnityEngine.DebugLogHandler:Internal_Log(LogType, LogOption, String, Object)
UnityEngine.DebugLogHandler:LogFormat(LogType, Object, String, Object[])
UnityEngine.Logger:Log(LogType, Object)
UnityEngine.Debug:LogError(Object)
Unity.Logging.Sinks.ManagedUnityEngineDebugLogWrapper:WriteFunc(LogLevel, Byte*, Int32)

Large serverTick prediction error. Server tick rollback to Unity.NetCode.NetworkTick delta: -17.31389
UnityEngine.DebugLogHandler:Internal_Log(LogType, LogOption, String, Object)
UnityEngine.DebugLogHandler:LogFormat(LogType, Object, String, Object[])
UnityEngine.Logger:Log(LogType, Object)
UnityEngine.Debug:LogError(Object)
Unity.Logging.Sinks.ManagedUnityEngineDebugLogWrapper:WriteFunc(LogLevel, Byte*, Int32)

Large serverTick prediction error. Server tick rollback to Unity.NetCode.NetworkTick delta: -10.86729
UnityEngine.DebugLogHandler:Internal_Log(LogType, LogOption, String, Object)
UnityEngine.DebugLogHandler:LogFormat(LogType, Object, String, Object[])
UnityEngine.Logger:Log(LogType, Object)
UnityEngine.Debug:LogError(Object)
Unity.Logging.Sinks.ManagedUnityEngineDebugLogWrapper:WriteFunc(LogLevel, Byte*, Int32)

ClientWorld player simulation path has strayed from int3(6, 13, -9) to int3(-1, 13, -9), searching for a correction
Large serverTick prediction error. Server tick rollback to Unity.NetCode.NetworkTick delta: -11.58694
UnityEngine.DebugLogHandler:Internal_Log(LogType, LogOption, String, Object)
UnityEngine.DebugLogHandler:LogFormat(LogType, Object, String, Object[])
UnityEngine.Logger:Log(LogType, Object)
UnityEngine.Debug:LogError(Object)
Unity.Logging.Sinks.ManagedUnityEngineDebugLogWrapper:WriteFunc(LogLevel, Byte*, Int32)

ClientWorld player simulation path has strayed from int3(1, 13, -9) to int3(-2, 13, -9), searching for a correction
ClientWorld player simulation path has strayed from int3(4, 13, -9) to int3(-1, 13, -9), searching for a correction
ClientWorld player simulation path has strayed from int3(0, 13, -9) to int3(4, 13, -9), searching for a correction
Large serverTick prediction error. Server tick rollback to Unity.NetCode.NetworkTick delta: -10.51364
UnityEngine.DebugLogHandler:Internal_Log(LogType, LogOption, String, Object)
UnityEngine.DebugLogHandler:LogFormat(LogType, Object, String, Object[])
UnityEngine.Logger:Log(LogType, Object)
UnityEngine.Debug:LogError(Object)
Unity.Logging.Sinks.ManagedUnityEngineDebugLogWrapper:WriteFunc(LogLevel, Byte*, Int32)

ClientWorld player simulation path has strayed from int3(4, 13, -9) to int3(0, 13, -9), searching for a correction
Large serverTick prediction error. Server tick rollback to Unity.NetCode.NetworkTick delta: -10.6019
UnityEngine.DebugLogHandler:Internal_Log(LogType, LogOption, String, Object)
UnityEngine.DebugLogHandler:LogFormat(LogType, Object, String, Object[])
UnityEngine.Logger:Log(LogType, Object)
UnityEngine.Debug:LogError(Object)
Unity.Logging.Sinks.ManagedUnityEngineDebugLogWrapper:WriteFunc(LogLevel, Byte*, Int32)

ClientWorld player simulation path has strayed from int3(6, 13, -9) to int3(3, 13, -10), searching for a correction
Large serverTick prediction error. Server tick rollback to Unity.NetCode.NetworkTick delta: -10.65504
UnityEngine.DebugLogHandler:Internal_Log(LogType, LogOption, String, Object)
UnityEngine.DebugLogHandler:LogFormat(LogType, Object, String, Object[])
UnityEngine.Logger:Log(LogType, Object)
UnityEngine.Debug:LogError(Object)
Unity.Logging.Sinks.ManagedUnityEngineDebugLogWrapper:WriteFunc(LogLevel, Byte*, Int32)

ClientWorld player simulation path has strayed from int3(6, 13, -10) to int3(3, 13, -10), searching for a correction
ClientWorld player simulation reached target int3(7, 13, -11)
Player simulation searching for path from float3(7.48126f, 13.1f, -10.39627f) = int3(7, 13, -11) to int3(6, 13, 8)
ClientWorld player simulation set new target int3(6, 13, 8)
ClientWorld player simulation path has strayed from int3(7, 13, -7) to int3(3, 13, -10), searching for a correction
Large serverTick prediction error. Server tick rollback to Unity.NetCode.NetworkTick delta: -14.55973
UnityEngine.DebugLogHandler:Internal_Log(LogType, LogOption, String, Object)
UnityEngine.DebugLogHandler:LogFormat(LogType, Object, String, Object[])
UnityEngine.Logger:Log(LogType, Object)
UnityEngine.Debug:LogError(Object)
Unity.Logging.Sinks.ManagedUnityEngineDebugLogWrapper:WriteFunc(LogLevel, Byte*, Int32)

Large serverTick prediction error. Server tick rollback to Unity.NetCode.NetworkTick delta: -13.70006
UnityEngine.DebugLogHandler:Internal_Log(LogType, LogOption, String, Object)
UnityEngine.DebugLogHandler:LogFormat(LogType, Object, String, Object[])
UnityEngine.Logger:Log(LogType, Object)
UnityEngine.Debug:LogError(Object)
Unity.Logging.Sinks.ManagedUnityEngineDebugLogWrapper:WriteFunc(LogLevel, Byte*, Int32)

Large serverTick prediction error. Server tick rollback to Unity.NetCode.NetworkTick delta: -10.52346
UnityEngine.DebugLogHandler:Internal_Log(LogType, LogOption, String, Object)
UnityEngine.DebugLogHandler:LogFormat(LogType, Object, String, Object[])
UnityEngine.Logger:Log(LogType, Object)
UnityEngine.Debug:LogError(Object)
Unity.Logging.Sinks.ManagedUnityEngineDebugLogWrapper:WriteFunc(LogLevel, Byte*, Int32)

ClientWorld player simulation path has strayed from int3(7, 13, -7) to int3(6, 13, -10), searching for a correction
ClientWorld player simulation path has strayed from int3(6, 13, -9) to int3(6, 13, -5), searching for a correction
Large serverTick prediction error. Server tick rollback to Unity.NetCode.NetworkTick delta: -12.56548
UnityEngine.DebugLogHandler:Internal_Log(LogType, LogOption, String, Object)
UnityEngine.DebugLogHandler:LogFormat(LogType, Object, String, Object[])
UnityEngine.Logger:Log(LogType, Object)
UnityEngine.Debug:LogError(Object)
Unity.Logging.Sinks.ManagedUnityEngineDebugLogWrapper:WriteFunc(LogLevel, Byte*, Int32)

ClientWorld player simulation path has strayed from int3(6, 13, -6) to int3(7, 13, -3), searching for a correction
ClientWorld player simulation path has strayed from int3(7, 13, -5) to int3(5, 13, -3), searching for a correction
ClientWorld player simulation path has strayed from int3(6, 13, -5) to int3(6, 13, -2), searching for a correction
Large serverTick prediction error. Server tick rollback to Unity.NetCode.NetworkTick delta: -10.53707
UnityEngine.DebugLogHandler:Internal_Log(LogType, LogOption, String, Object)
UnityEngine.DebugLogHandler:LogFormat(LogType, Object, String, Object[])
UnityEngine.Logger:Log(LogType, Object)
UnityEngine.Debug:LogError(Object)
Unity.Logging.Sinks.ManagedUnityEngineDebugLogWrapper:WriteFunc(LogLevel, Byte*, Int32)

ClientWorld player simulation path has strayed from int3(6, 13, -8) to int3(6, 13, -2), searching for a correction
Large serverTick prediction error. Server tick rollback to Unity.NetCode.NetworkTick delta: -10.67999
UnityEngine.DebugLogHandler:Internal_Log(LogType, LogOption, String, Object)
UnityEngine.DebugLogHandler:LogFormat(LogType, Object, String, Object[])
UnityEngine.Logger:Log(LogType, Object)
UnityEngine.Debug:LogError(Object)
Unity.Logging.Sinks.ManagedUnityEngineDebugLogWrapper:WriteFunc(LogLevel, Byte*, Int32)

ClientWorld player simulation path has strayed from int3(6, 13, -6) to int3(7, 13, -3), searching for a correction
Large serverTick prediction error. Server tick rollback to Unity.NetCode.NetworkTick delta: -11.64546
UnityEngine.DebugLogHandler:Internal_Log(LogType, LogOption, String, Object)
UnityEngine.DebugLogHandler:LogFormat(LogType, Object, String, Object[])
UnityEngine.Logger:Log(LogType, Object)
UnityEngine.Debug:LogError(Object)
Unity.Logging.Sinks.ManagedUnityEngineDebugLogWrapper:WriteFunc(LogLevel, Byte*, Int32)

ClientWorld player simulation path has strayed from int3(7, 13, -4) to int3(7, 13, -7), searching for a correction
Large serverTick prediction error. Server tick rollback to Unity.NetCode.NetworkTick delta: -13.73123
UnityEngine.DebugLogHandler:Internal_Log(LogType, LogOption, String, Object)
UnityEngine.DebugLogHandler:LogFormat(LogType, Object, String, Object[])
UnityEngine.Logger:Log(LogType, Object)
UnityEngine.Debug:LogError(Object)
Unity.Logging.Sinks.ManagedUnityEngineDebugLogWrapper:WriteFunc(LogLevel, Byte*, Int32)

ClientWorld player simulation path has strayed from int3(6, 13, -6) to int3(7, 13, -10), searching for a correction
Large serverTick prediction error. Server tick rollback to Unity.NetCode.NetworkTick delta: -10.63569
UnityEngine.DebugLogHandler:Internal_Log(LogType, LogOption, String, Object)
UnityEngine.DebugLogHandler:LogFormat(LogType, Object, String, Object[])
UnityEngine.Logger:Log(LogType, Object)
UnityEngine.Debug:LogError(Object)
Unity.Logging.Sinks.ManagedUnityEngineDebugLogWrapper:WriteFunc(LogLevel, Byte*, Int32)

ClientWorld player simulation path has strayed from int3(6, 13, -6) to int3(7, 13, -9), searching for a correction
Large serverTick prediction error. Server tick rollback to Unity.NetCode.NetworkTick delta: -10.59179
UnityEngine.DebugLogHandler:Internal_Log(LogType, LogOption, String, Object)
UnityEngine.DebugLogHandler:LogFormat(LogType, Object, String, Object[])
UnityEngine.Logger:Log(LogType, Object)
UnityEngine.Debug:LogError(Object)
Unity.Logging.Sinks.ManagedUnityEngineDebugLogWrapper:WriteFunc(LogLevel, Byte*, Int32)

Large serverTick prediction error. Server tick rollback to Unity.NetCode.NetworkTick delta: -11.15205
UnityEngine.DebugLogHandler:Internal_Log(LogType, LogOption, String, Object)
UnityEngine.DebugLogHandler:LogFormat(LogType, Object, String, Object[])
UnityEngine.Logger:Log(LogType, Object)
UnityEngine.Debug:LogError(Object)
Unity.Logging.Sinks.ManagedUnityEngineDebugLogWrapper:WriteFunc(LogLevel, Byte*, Int32)

ClientWorld player simulation path has strayed from int3(6, 13, -9) to int3(6, 13, -6), searching for a correction
ClientWorld player simulation path has strayed from int3(7, 13, -5) to int3(6, 13, -8), searching for a correction
ClientWorld player simulation path has strayed from int3(6, 13, -7) to int3(6, 13, -11), searching for a correction
ClientWorld player simulation path has strayed from int3(7, 13, -3) to int3(7, 13, -10), searching for a correction
ClientWorld player simulation path has strayed from int3(7, 13, -9) to int3(8, 13, -6), searching for a correction
Large serverTick prediction error. Server tick rollback to Unity.NetCode.NetworkTick delta: -11.71697
UnityEngine.DebugLogHandler:Internal_Log(LogType, LogOption, String, Object)
UnityEngine.DebugLogHandler:LogFormat(LogType, Object, String, Object[])
UnityEngine.Logger:Log(LogType, Object)
UnityEngine.Debug:LogError(Object)
Unity.Logging.Sinks.ManagedUnityEngineDebugLogWrapper:WriteFunc(LogLevel, Byte*, Int32)

ClientWorld player simulation path has strayed from int3(8, 13, -9) to int3(6, 13, -5), searching for a correction
Large serverTick prediction error. Server tick rollback to Unity.NetCode.NetworkTick delta: -10.52175
UnityEngine.DebugLogHandler:Internal_Log(LogType, LogOption, String, Object)
UnityEngine.DebugLogHandler:LogFormat(LogType, Object, String, Object[])
UnityEngine.Logger:Log(LogType, Object)
UnityEngine.Debug:LogError(Object)
Unity.Logging.Sinks.ManagedUnityEngineDebugLogWrapper:WriteFunc(LogLevel, Byte*, Int32)

ClientWorld player simulation path has strayed from int3(8, 13, -8) to int3(7, 13, -5), searching for a correction
Large serverTick prediction error. Server tick rollback to Unity.NetCode.NetworkTick delta: -10.59676
UnityEngine.DebugLogHandler:Internal_Log(LogType, LogOption, String, Object)
UnityEngine.DebugLogHandler:LogFormat(LogType, Object, String, Object[])
UnityEngine.Logger:Log(LogType, Object)
UnityEngine.Debug:LogError(Object)
Unity.Logging.Sinks.ManagedUnityEngineDebugLogWrapper:WriteFunc(LogLevel, Byte*, Int32)

Large serverTick prediction error. Server tick rollback to Unity.NetCode.NetworkTick delta: -10.54279
UnityEngine.DebugLogHandler:Internal_Log(LogType, LogOption, String, Object)
UnityEngine.DebugLogHandler:LogFormat(LogType, Object, String, Object[])
UnityEngine.Logger:Log(LogType, Object)
UnityEngine.Debug:LogError(Object)
Unity.Logging.Sinks.ManagedUnityEngineDebugLogWrapper:WriteFunc(LogLevel, Byte*, Int32)

ClientWorld player simulation path has strayed from int3(7, 13, -6) to int3(11, 13, -9), searching for a correction
Large serverTick prediction error. Server tick rollback to Unity.NetCode.NetworkTick delta: -12.53652
UnityEngine.DebugLogHandler:Internal_Log(LogType, LogOption, String, Object)
UnityEngine.DebugLogHandler:LogFormat(LogType, Object, String, Object[])
UnityEngine.Logger:Log(LogType, Object)
UnityEngine.Debug:LogError(Object)
Unity.Logging.Sinks.ManagedUnityEngineDebugLogWrapper:WriteFunc(LogLevel, Byte*, Int32)

ClientWorld player simulation path has strayed from int3(8, 13, -8) to int3(10, 13, -11), searching for a correction
Large serverTick prediction error. Server tick rollback to Unity.NetCode.NetworkTick delta: -10.35155
UnityEngine.DebugLogHandler:Internal_Log(LogType, LogOption, String, Object)
UnityEngine.DebugLogHandler:LogFormat(LogType, Object, String, Object[])
UnityEngine.Logger:Log(LogType, Object)
UnityEngine.Debug:LogError(Object)
Unity.Logging.Sinks.ManagedUnityEngineDebugLogWrapper:WriteFunc(LogLevel, Byte*, Int32)

ClientWorld player simulation path has strayed from int3(10, 13, -10) to int3(9, 13, -13), searching for a correction
Large serverTick prediction error. Server tick rollback to Unity.NetCode.NetworkTick delta: -10.40212
UnityEngine.DebugLogHandler:Internal_Log(LogType, LogOption, String, Object)
UnityEngine.DebugLogHandler:LogFormat(LogType, Object, String, Object[])
UnityEngine.Logger:Log(LogType, Object)
UnityEngine.Debug:LogError(Object)
Unity.Logging.Sinks.ManagedUnityEngineDebugLogWrapper:WriteFunc(LogLevel, Byte*, Int32)

Large serverTick prediction error. Server tick rollback to Unity.NetCode.NetworkTick delta: -10.54573
UnityEngine.DebugLogHandler:Internal_Log(LogType, LogOption, String, Object)
UnityEngine.DebugLogHandler:LogFormat(LogType, Object, String, Object[])
UnityEngine.Logger:Log(LogType, Object)
UnityEngine.Debug:LogError(Object)
Unity.Logging.Sinks.ManagedUnityEngineDebugLogWrapper:WriteFunc(LogLevel, Byte*, Int32)

ClientWorld player simulation path has strayed from int3(8, 13, -7) to int3(10, 13, -9), searching for a correction
Large serverTick prediction error. Server tick rollback to Unity.NetCode.NetworkTick delta: -10.52256
UnityEngine.DebugLogHandler:Internal_Log(LogType, LogOption, String, Object)
UnityEngine.DebugLogHandler:LogFormat(LogType, Object, String, Object[])
UnityEngine.Logger:Log(LogType, Object)
UnityEngine.Debug:LogError(Object)
Unity.Logging.Sinks.ManagedUnityEngineDebugLogWrapper:WriteFunc(LogLevel, Byte*, Int32)

ClientWorld player simulation path has strayed from int3(7, 13, -4) to int3(8, 13, -9), searching for a correction
ClientWorld player simulation path has strayed from int3(8, 13, -8) to int3(6, 13, -5), searching for a correction
Large serverTick prediction error. Server tick rollback to Unity.NetCode.NetworkTick delta: -10.54154
UnityEngine.DebugLogHandler:Internal_Log(LogType, LogOption, String, Object)
UnityEngine.DebugLogHandler:LogFormat(LogType, Object, String, Object[])
UnityEngine.Logger:Log(LogType, Object)
UnityEngine.Debug:LogError(Object)
Unity.Logging.Sinks.ManagedUnityEngineDebugLogWrapper:WriteFunc(LogLevel, Byte*, Int32)

ClientWorld player simulation path has strayed from int3(8, 13, -7) to int3(5, 13, -9), searching for a correction
Large serverTick prediction error. Server tick rollback to Unity.NetCode.NetworkTick delta: -12.72947
UnityEngine.DebugLogHandler:Internal_Log(LogType, LogOption, String, Object)
UnityEngine.DebugLogHandler:LogFormat(LogType, Object, String, Object[])
UnityEngine.Logger:Log(LogType, Object)
UnityEngine.Debug:LogError(Object)
Unity.Logging.Sinks.ManagedUnityEngineDebugLogWrapper:WriteFunc(LogLevel, Byte*, Int32)

ClientWorld player simulation path has strayed from int3(8, 13, -8) to int3(5, 13, -9), searching for a correction
Large serverTick prediction error. Server tick rollback to Unity.NetCode.NetworkTick delta: -10.50507
UnityEngine.DebugLogHandler:Internal_Log(LogType, LogOption, String, Object)
UnityEngine.DebugLogHandler:LogFormat(LogType, Object, String, Object[])
UnityEngine.Logger:Log(LogType, Object)
UnityEngine.Debug:LogError(Object)
Unity.Logging.Sinks.ManagedUnityEngineDebugLogWrapper:WriteFunc(LogLevel, Byte*, Int32)

ClientWorld player simulation path has strayed from int3(7, 13, -5) to int3(8, 13, -9), searching for a correction
ClientWorld player simulation path has strayed from int3(8, 13, -8) to int3(8, 13, -5), searching for a correction
ClientWorld player simulation path has strayed from int3(7, 13, -2) to int3(8, 13, -7), searching for a correction
ClientWorld player simulation path has strayed from int3(8, 13, -6) to int3(7, 13, -3), searching for a correction
Large serverTick prediction error. Server tick rollback to Unity.NetCode.NetworkTick delta: -10.81656
UnityEngine.DebugLogHandler:Internal_Log(LogType, LogOption, String, Object)
UnityEngine.DebugLogHandler:LogFormat(LogType, Object, String, Object[])
UnityEngine.Logger:Log(LogType, Object)
UnityEngine.Debug:LogError(Object)
Unity.Logging.Sinks.ManagedUnityEngineDebugLogWrapper:WriteFunc(LogLevel, Byte*, Int32)

ClientWorld player simulation reached target int3(6, 13, 8)
Player simulation searching for path from float3(6.526578f, 13.14227f, 8.319415f) = int3(6, 13, 8) to int3(-7, 13, 1)
ClientWorld player simulation set new target int3(-7, 13, 1)
ClientWorld player simulation path has strayed from int3(5, 13, 8) to int3(8, 13, -5), searching for a correction
ClientWorld player simulation path has strayed from int3(8, 13, -4) to int3(7, 13, -1), searching for a correction
Large serverTick prediction error. Server tick rollback to Unity.NetCode.NetworkTick delta: -20.77153
UnityEngine.DebugLogHandler:Internal_Log(LogType, LogOption, String, Object)
UnityEngine.DebugLogHandler:LogFormat(LogType, Object, String, Object[])
UnityEngine.Logger:Log(LogType, Object)
UnityEngine.Debug:LogError(Object)
Unity.Logging.Sinks.ManagedUnityEngineDebugLogWrapper:WriteFunc(LogLevel, Byte*, Int32)

Large serverTick prediction error. Server tick rollback to Unity.NetCode.NetworkTick delta: -16.68334
UnityEngine.DebugLogHandler:Internal_Log(LogType, LogOption, String, Object)
UnityEngine.DebugLogHandler:LogFormat(LogType, Object, String, Object[])
UnityEngine.Logger:Log(LogType, Object)
UnityEngine.Debug:LogError(Object)
Unity.Logging.Sinks.ManagedUnityEngineDebugLogWrapper:WriteFunc(LogLevel, Byte*, Int32)

Large serverTick prediction error. Server tick rollback to Unity.NetCode.NetworkTick delta: -13.62429
UnityEngine.DebugLogHandler:Internal_Log(LogType, LogOption, String, Object)
UnityEngine.DebugLogHandler:LogFormat(LogType, Object, String, Object[])
UnityEngine.Logger:Log(LogType, Object)
UnityEngine.Debug:LogError(Object)
Unity.Logging.Sinks.ManagedUnityEngineDebugLogWrapper:WriteFunc(LogLevel, Byte*, Int32)

ClientWorld player simulation path has strayed from int3(8, 13, -4) to int3(7, 13, 0), searching for a correction
Large serverTick prediction error. Server tick rollback to Unity.NetCode.NetworkTick delta: -13.93914
UnityEngine.DebugLogHandler:Internal_Log(LogType, LogOption, String, Object)
UnityEngine.DebugLogHandler:LogFormat(LogType, Object, String, Object[])
UnityEngine.Logger:Log(LogType, Object)
UnityEngine.Debug:LogError(Object)
Unity.Logging.Sinks.ManagedUnityEngineDebugLogWrapper:WriteFunc(LogLevel, Byte*, Int32)

ClientWorld player simulation path has strayed from int3(7, 13, -3) to int3(7, 13, 0), searching for a correction
Large serverTick prediction error. Server tick rollback to Unity.NetCode.NetworkTick delta: -13.37884
UnityEngine.DebugLogHandler:Internal_Log(LogType, LogOption, String, Object)
UnityEngine.DebugLogHandler:LogFormat(LogType, Object, String, Object[])
UnityEngine.Logger:Log(LogType, Object)
UnityEngine.Debug:LogError(Object)
Unity.Logging.Sinks.ManagedUnityEngineDebugLogWrapper:WriteFunc(LogLevel, Byte*, Int32)

Large serverTick prediction error. Server tick rollback to Unity.NetCode.NetworkTick delta: -11.29196
UnityEngine.DebugLogHandler:Internal_Log(LogType, LogOption, String, Object)
UnityEngine.DebugLogHandler:LogFormat(LogType, Object, String, Object[])
UnityEngine.Logger:Log(LogType, Object)
UnityEngine.Debug:LogError(Object)
Unity.Logging.Sinks.ManagedUnityEngineDebugLogWrapper:WriteFunc(LogLevel, Byte*, Int32)

ClientWorld player simulation path has strayed from int3(7, 13, -1) to int3(7, 13, 2), searching for a correction
Large serverTick prediction error. Server tick rollback to Unity.NetCode.NetworkTick delta: -10.5529
UnityEngine.DebugLogHandler:Internal_Log(LogType, LogOption, String, Object)
UnityEngine.DebugLogHandler:LogFormat(LogType, Object, String, Object[])
UnityEngine.Logger:Log(LogType, Object)
UnityEngine.Debug:LogError(Object)
Unity.Logging.Sinks.ManagedUnityEngineDebugLogWrapper:WriteFunc(LogLevel, Byte*, Int32)

Large serverTick prediction error. Server tick rollback to Unity.NetCode.NetworkTick delta: -10.55364
UnityEngine.DebugLogHandler:Internal_Log(LogType, LogOption, String, Object)
UnityEngine.DebugLogHandler:LogFormat(LogType, Object, String, Object[])
UnityEngine.Logger:Log(LogType, Object)
UnityEngine.Debug:LogError(Object)
Unity.Logging.Sinks.ManagedUnityEngineDebugLogWrapper:WriteFunc(LogLevel, Byte*, Int32)

ClientWorld player simulation path has strayed from int3(7, 13, -1) to int3(7, 13, 2), searching for a correction
Large serverTick prediction error. Server tick rollback to Unity.NetCode.NetworkTick delta: -10.50731
UnityEngine.DebugLogHandler:Internal_Log(LogType, LogOption, String, Object)
UnityEngine.DebugLogHandler:LogFormat(LogType, Object, String, Object[])
UnityEngine.Logger:Log(LogType, Object)
UnityEngine.Debug:LogError(Object)
Unity.Logging.Sinks.ManagedUnityEngineDebugLogWrapper:WriteFunc(LogLevel, Byte*, Int32)

Large serverTick prediction error. Server tick rollback to Unity.NetCode.NetworkTick delta: -10.61924
UnityEngine.DebugLogHandler:Internal_Log(LogType, LogOption, String, Object)
UnityEngine.DebugLogHandler:LogFormat(LogType, Object, String, Object[])
UnityEngine.Logger:Log(LogType, Object)
UnityEngine.Debug:LogError(Object)
Unity.Logging.Sinks.ManagedUnityEngineDebugLogWrapper:WriteFunc(LogLevel, Byte*, Int32)

ClientWorld player simulation path has strayed from int3(7, 13, 0) to int3(7, 13, 6), searching for a correction
Large serverTick prediction error. Server tick rollback to Unity.NetCode.NetworkTick delta: -13.12819
UnityEngine.DebugLogHandler:Internal_Log(LogType, LogOption, String, Object)
UnityEngine.DebugLogHandler:LogFormat(LogType, Object, String, Object[])
UnityEngine.Logger:Log(LogType, Object)
UnityEngine.Debug:LogError(Object)
Unity.Logging.Sinks.ManagedUnityEngineDebugLogWrapper:WriteFunc(LogLevel, Byte*, Int32)

ClientWorld player simulation path has strayed from int3(7, 13, 3) to int3(7, 13, 9), searching for a correction
Large serverTick prediction error. Server tick rollback to Unity.NetCode.NetworkTick delta: -10.23897
UnityEngine.DebugLogHandler:Internal_Log(LogType, LogOption, String, Object)
UnityEngine.DebugLogHandler:LogFormat(LogType, Object, String, Object[])
UnityEngine.Logger:Log(LogType, Object)
UnityEngine.Debug:LogError(Object)
Unity.Logging.Sinks.ManagedUnityEngineDebugLogWrapper:WriteFunc(LogLevel, Byte*, Int32)

ClientWorld player simulation path has strayed from int3(7, 13, 3) to int3(7, 13, 9), searching for a correction
Large serverTick prediction error. Server tick rollback to Unity.NetCode.NetworkTick delta: -14.67768
UnityEngine.DebugLogHandler:Internal_Log(LogType, LogOption, String, Object)
UnityEngine.DebugLogHandler:LogFormat(LogType, Object, String, Object[])
UnityEngine.Logger:Log(LogType, Object)
UnityEngine.Debug:LogError(Object)
Unity.Logging.Sinks.ManagedUnityEngineDebugLogWrapper:WriteFunc(LogLevel, Byte*, Int32)

ClientWorld player simulation path has strayed from int3(7, 13, 8) to int3(7, 13, 12), searching for a correction
ClientWorld player simulation path has strayed from int3(7, 13, 5) to int3(7, 13, 12), searching for a correction
ClientWorld player simulation path has strayed from int3(7, 13, 11) to int3(7, 13, 8), searching for a correction
Large serverTick prediction error. Server tick rollback to Unity.NetCode.NetworkTick delta: -10.73702
UnityEngine.DebugLogHandler:Internal_Log(LogType, LogOption, String, Object)
UnityEngine.DebugLogHandler:LogFormat(LogType, Object, String, Object[])
UnityEngine.Logger:Log(LogType, Object)
UnityEngine.Debug:LogError(Object)
Unity.Logging.Sinks.ManagedUnityEngineDebugLogWrapper:WriteFunc(LogLevel, Byte*, Int32)

Large serverTick prediction error. Server tick rollback to Unity.NetCode.NetworkTick delta: -10.76531
UnityEngine.DebugLogHandler:Internal_Log(LogType, LogOption, String, Object)
UnityEngine.DebugLogHandler:LogFormat(LogType, Object, String, Object[])
UnityEngine.Logger:Log(LogType, Object)
UnityEngine.Debug:LogError(Object)
Unity.Logging.Sinks.ManagedUnityEngineDebugLogWrapper:WriteFunc(LogLevel, Byte*, Int32)

Large serverTick prediction error. Server tick rollback to Unity.NetCode.NetworkTick delta: -14.5125
UnityEngine.DebugLogHandler:Internal_Log(LogType, LogOption, String, Object)
UnityEngine.DebugLogHandler:LogFormat(LogType, Object, String, Object[])
UnityEngine.Logger:Log(LogType, Object)
UnityEngine.Debug:LogError(Object)
Unity.Logging.Sinks.ManagedUnityEngineDebugLogWrapper:WriteFunc(LogLevel, Byte*, Int32)

ClientWorld player simulation path has strayed from int3(7, 13, 5) to int3(7, 13, 8), searching for a correction
Large serverTick prediction error. Server tick rollback to Unity.NetCode.NetworkTick delta: -17.64202
UnityEngine.DebugLogHandler:Internal_Log(LogType, LogOption, String, Object)
UnityEngine.DebugLogHandler:LogFormat(LogType, Object, String, Object[])
UnityEngine.Logger:Log(LogType, Object)
UnityEngine.Debug:LogError(Object)
Unity.Logging.Sinks.ManagedUnityEngineDebugLogWrapper:WriteFunc(LogLevel, Byte*, Int32)

Large serverTick prediction error. Server tick rollback to Unity.NetCode.NetworkTick delta: -15.7579
UnityEngine.DebugLogHandler:Internal_Log(LogType, LogOption, String, Object)
UnityEngine.DebugLogHandler:LogFormat(LogType, Object, String, Object[])
UnityEngine.Logger:Log(LogType, Object)
UnityEngine.Debug:LogError(Object)
Unity.Logging.Sinks.ManagedUnityEngineDebugLogWrapper:WriteFunc(LogLevel, Byte*, Int32)

ClientWorld player simulation path has strayed from int3(7, 13, 4) to int3(7, 13, 0), searching for a correction
Large serverTick prediction error. Server tick rollback to Unity.NetCode.NetworkTick delta: -12.51047
UnityEngine.DebugLogHandler:Internal_Log(LogType, LogOption, String, Object)
UnityEngine.DebugLogHandler:LogFormat(LogType, Object, String, Object[])
UnityEngine.Logger:Log(LogType, Object)
UnityEngine.Debug:LogError(Object)
Unity.Logging.Sinks.ManagedUnityEngineDebugLogWrapper:WriteFunc(LogLevel, Byte*, Int32)

Large serverTick prediction error. Server tick rollback to Unity.NetCode.NetworkTick delta: -15.80643
UnityEngine.DebugLogHandler:Internal_Log(LogType, LogOption, String, Object)
UnityEngine.DebugLogHandler:LogFormat(LogType, Object, String, Object[])
UnityEngine.Logger:Log(LogType, Object)
UnityEngine.Debug:LogError(Object)
Unity.Logging.Sinks.ManagedUnityEngineDebugLogWrapper:WriteFunc(LogLevel, Byte*, Int32)

Large serverTick prediction error. Server tick rollback to Unity.NetCode.NetworkTick delta: -14.34884
UnityEngine.DebugLogHandler:Internal_Log(LogType, LogOption, String, Object)
UnityEngine.DebugLogHandler:LogFormat(LogType, Object, String, Object[])
UnityEngine.Logger:Log(LogType, Object)
UnityEngine.Debug:LogError(Object)
Unity.Logging.Sinks.ManagedUnityEngineDebugLogWrapper:WriteFunc(LogLevel, Byte*, Int32)

ClientWorld player simulation path has strayed from int3(8, 13, -2) to int3(8, 13, -6), searching for a correction
Large serverTick prediction error. Server tick rollback to Unity.NetCode.NetworkTick delta: -16.31192
UnityEngine.DebugLogHandler:Internal_Log(LogType, LogOption, String, Object)
UnityEngine.DebugLogHandler:LogFormat(LogType, Object, String, Object[])
UnityEngine.Logger:Log(LogType, Object)
UnityEngine.Debug:LogError(Object)
Unity.Logging.Sinks.ManagedUnityEngineDebugLogWrapper:WriteFunc(LogLevel, Byte*, Int32)

Large serverTick prediction error. Server tick rollback to Unity.NetCode.NetworkTick delta: -12.74117
UnityEngine.DebugLogHandler:Internal_Log(LogType, LogOption, String, Object)
UnityEngine.DebugLogHandler:LogFormat(LogType, Object, String, Object[])
UnityEngine.Logger:Log(LogType, Object)
UnityEngine.Debug:LogError(Object)
Unity.Logging.Sinks.ManagedUnityEngineDebugLogWrapper:WriteFunc(LogLevel, Byte*, Int32)

ClientWorld player simulation path has strayed from int3(8, 13, -3) to int3(8, 13, 0), searching for a correction
Large serverTick prediction error. Server tick rollback to Unity.NetCode.NetworkTick delta: -12.89839
UnityEngine.DebugLogHandler:Internal_Log(LogType, LogOption, String, Object)
UnityEngine.DebugLogHandler:LogFormat(LogType, Object, String, Object[])
UnityEngine.Logger:Log(LogType, Object)
UnityEngine.Debug:LogError(Object)
Unity.Logging.Sinks.ManagedUnityEngineDebugLogWrapper:WriteFunc(LogLevel, Byte*, Int32)

ClientWorld player simulation path has strayed from int3(8, 13, -3) to int3(8, 13, 0), searching for a correction
Large serverTick prediction error. Server tick rollback to Unity.NetCode.NetworkTick delta: -11.52241
UnityEngine.DebugLogHandler:Internal_Log(LogType, LogOption, String, Object)
UnityEngine.DebugLogHandler:LogFormat(LogType, Object, String, Object[])
UnityEngine.Logger:Log(LogType, Object)
UnityEngine.Debug:LogError(Object)
Unity.Logging.Sinks.ManagedUnityEngineDebugLogWrapper:WriteFunc(LogLevel, Byte*, Int32)

ClientWorld player simulation path has strayed from int3(8, 13, -2) to int3(6, 13, 0), searching for a correction
ClientWorld player simulation path has strayed from int3(8, 13, 3) to int3(7, 13, -1), searching for a correction
Large serverTick prediction error. Server tick rollback to Unity.NetCode.NetworkTick delta: -18.57663
UnityEngine.DebugLogHandler:Internal_Log(LogType, LogOption, String, Object)
UnityEngine.DebugLogHandler:LogFormat(LogType, Object, String, Object[])
UnityEngine.Logger:Log(LogType, Object)
UnityEngine.Debug:LogError(Object)
Unity.Logging.Sinks.ManagedUnityEngineDebugLogWrapper:WriteFunc(LogLevel, Byte*, Int32)

ClientWorld player simulation path has strayed from int3(8, 13, 4) to int3(5, 13, -1), searching for a correction
Large serverTick prediction error. Server tick rollback to Unity.NetCode.NetworkTick delta: -16.92392
UnityEngine.DebugLogHandler:Internal_Log(LogType, LogOption, String, Object)
UnityEngine.DebugLogHandler:LogFormat(LogType, Object, String, Object[])
UnityEngine.Logger:Log(LogType, Object)
UnityEngine.Debug:LogError(Object)
Unity.Logging.Sinks.ManagedUnityEngineDebugLogWrapper:WriteFunc(LogLevel, Byte*, Int32)

ClientWorld player simulation path has strayed from int3(6, 13, 2) to int3(5, 13, -1), searching for a correction
Large serverTick prediction error. Server tick rollback to Unity.NetCode.NetworkTick delta: -13.35281
UnityEngine.DebugLogHandler:Internal_Log(LogType, LogOption, String, Object)
UnityEngine.DebugLogHandler:LogFormat(LogType, Object, String, Object[])
UnityEngine.Logger:Log(LogType, Object)
UnityEngine.Debug:LogError(Object)
Unity.Logging.Sinks.ManagedUnityEngineDebugLogWrapper:WriteFunc(LogLevel, Byte*, Int32)

ClientWorld player simulation path has strayed from int3(5, 13, 0) to int3(2, 13, -4), searching for a correction
Large serverTick prediction error. Server tick rollback to Unity.NetCode.NetworkTick delta: -10.68234
UnityEngine.DebugLogHandler:Internal_Log(LogType, LogOption, String, Object)
UnityEngine.DebugLogHandler:LogFormat(LogType, Object, String, Object[])
UnityEngine.Logger:Log(LogType, Object)
UnityEngine.Debug:LogError(Object)
Unity.Logging.Sinks.ManagedUnityEngineDebugLogWrapper:WriteFunc(LogLevel, Byte*, Int32)

Large serverTick prediction error. Server tick rollback to Unity.NetCode.NetworkTick delta: -14.67137
UnityEngine.DebugLogHandler:Internal_Log(LogType, LogOption, String, Object)
UnityEngine.DebugLogHandler:LogFormat(LogType, Object, String, Object[])
UnityEngine.Logger:Log(LogType, Object)
UnityEngine.Debug:LogError(Object)
Unity.Logging.Sinks.ManagedUnityEngineDebugLogWrapper:WriteFunc(LogLevel, Byte*, Int32)

ClientWorld player simulation path has strayed from int3(6, 13, 2) to int3(2, 13, -4), searching for a correction
ClientWorld player simulation path has strayed from int3(2, 13, -3) to int3(5, 13, -2), searching for a correction
Large serverTick prediction error. Server tick rollback to Unity.NetCode.NetworkTick delta: -15.50149
UnityEngine.DebugLogHandler:Internal_Log(LogType, LogOption, String, Object)
UnityEngine.DebugLogHandler:LogFormat(LogType, Object, String, Object[])
UnityEngine.Logger:Log(LogType, Object)
UnityEngine.Debug:LogError(Object)
Unity.Logging.Sinks.ManagedUnityEngineDebugLogWrapper:WriteFunc(LogLevel, Byte*, Int32)

Large serverTick prediction error. Server tick rollback to Unity.NetCode.NetworkTick delta: -10.46415
UnityEngine.DebugLogHandler:Internal_Log(LogType, LogOption, String, Object)
UnityEngine.DebugLogHandler:LogFormat(LogType, Object, String, Object[])
UnityEngine.Logger:Log(LogType, Object)
UnityEngine.Debug:LogError(Object)
Unity.Logging.Sinks.ManagedUnityEngineDebugLogWrapper:WriteFunc(LogLevel, Byte*, Int32)

ClientWorld player simulation path has strayed from int3(3, 13, -2) to int3(4, 13, 3), searching for a correction
ClientWorld player simulation path has strayed from int3(4, 13, -1) to int3(2, 13, 1), searching for a correction
Large serverTick prediction error. Server tick rollback to Unity.NetCode.NetworkTick delta: -16.48672
UnityEngine.DebugLogHandler:Internal_Log(LogType, LogOption, String, Object)
UnityEngine.DebugLogHandler:LogFormat(LogType, Object, String, Object[])
UnityEngine.Logger:Log(LogType, Object)
UnityEngine.Debug:LogError(Object)
Unity.Logging.Sinks.ManagedUnityEngineDebugLogWrapper:WriteFunc(LogLevel, Byte*, Int32)

Large serverTick prediction error. Server tick rollback to Unity.NetCode.NetworkTick delta: -15.67683
UnityEngine.DebugLogHandler:Internal_Log(LogType, LogOption, String, Object)
UnityEngine.DebugLogHandler:LogFormat(LogType, Object, String, Object[])
UnityEngine.Logger:Log(LogType, Object)
UnityEngine.Debug:LogError(Object)
Unity.Logging.Sinks.ManagedUnityEngineDebugLogWrapper:WriteFunc(LogLevel, Byte*, Int32)

Large serverTick prediction error. Server tick rollback to Unity.NetCode.NetworkTick delta: -12.51371
UnityEngine.DebugLogHandler:Internal_Log(LogType, LogOption, String, Object)
UnityEngine.DebugLogHandler:LogFormat(LogType, Object, String, Object[])
UnityEngine.Logger:Log(LogType, Object)
UnityEngine.Debug:LogError(Object)
Unity.Logging.Sinks.ManagedUnityEngineDebugLogWrapper:WriteFunc(LogLevel, Byte*, Int32)

Large serverTick prediction error. Server tick rollback to Unity.NetCode.NetworkTick delta: -11.58101
UnityEngine.DebugLogHandler:Internal_Log(LogType, LogOption, String, Object)
UnityEngine.DebugLogHandler:LogFormat(LogType, Object, String, Object[])
UnityEngine.Logger:Log(LogType, Object)
UnityEngine.Debug:LogError(Object)
Unity.Logging.Sinks.ManagedUnityEngineDebugLogWrapper:WriteFunc(LogLevel, Byte*, Int32)

ClientWorld player simulation path has strayed from int3(3, 13, -3) to int3(2, 13, 0), searching for a correction
Large serverTick prediction error. Server tick rollback to Unity.NetCode.NetworkTick delta: -10.53494
UnityEngine.DebugLogHandler:Internal_Log(LogType, LogOption, String, Object)
UnityEngine.DebugLogHandler:LogFormat(LogType, Object, String, Object[])
UnityEngine.Logger:Log(LogType, Object)
UnityEngine.Debug:LogError(Object)
Unity.Logging.Sinks.ManagedUnityEngineDebugLogWrapper:WriteFunc(LogLevel, Byte*, Int32)

ClientWorld player simulation path has strayed from int3(2, 13, -1) to int3(3, 13, 6), searching for a correction
Large serverTick prediction error. Server tick rollback to Unity.NetCode.NetworkTick delta: -13.42554
UnityEngine.DebugLogHandler:Internal_Log(LogType, LogOption, String, Object)
UnityEngine.DebugLogHandler:LogFormat(LogType, Object, String, Object[])
UnityEngine.Logger:Log(LogType, Object)
UnityEngine.Debug:LogError(Object)
Unity.Logging.Sinks.ManagedUnityEngineDebugLogWrapper:WriteFunc(LogLevel, Byte*, Int32)

ClientWorld player simulation path has strayed from int3(3, 13, 2) to int3(3, 13, 6), searching for a correction
Large serverTick prediction error. Server tick rollback to Unity.NetCode.NetworkTick delta: -10.44498
UnityEngine.DebugLogHandler:Internal_Log(LogType, LogOption, String, Object)
UnityEngine.DebugLogHandler:LogFormat(LogType, Object, String, Object[])
UnityEngine.Logger:Log(LogType, Object)
UnityEngine.Debug:LogError(Object)
Unity.Logging.Sinks.ManagedUnityEngineDebugLogWrapper:WriteFunc(LogLevel, Byte*, Int32)

ClientWorld player simulation path has strayed from int3(3, 13, 4) to int3(6, 13, 9), searching for a correction
Large serverTick prediction error. Server tick rollback to Unity.NetCode.NetworkTick delta: -10.63169
UnityEngine.DebugLogHandler:Internal_Log(LogType, LogOption, String, Object)
UnityEngine.DebugLogHandler:LogFormat(LogType, Object, String, Object[])
UnityEngine.Logger:Log(LogType, Object)
UnityEngine.Debug:LogError(Object)
Unity.Logging.Sinks.ManagedUnityEngineDebugLogWrapper:WriteFunc(LogLevel, Byte*, Int32)

Large serverTick prediction error. Server tick rollback to Unity.NetCode.NetworkTick delta: -10.43904
UnityEngine.DebugLogHandler:Internal_Log(LogType, LogOption, String, Object)
UnityEngine.DebugLogHandler:LogFormat(LogType, Object, String, Object[])
UnityEngine.Logger:Log(LogType, Object)
UnityEngine.Debug:LogError(Object)
Unity.Logging.Sinks.ManagedUnityEngineDebugLogWrapper:WriteFunc(LogLevel, Byte*, Int32)

ClientWorld player simulation path has strayed from int3(3, 13, -1) to int3(6, 13, 6), searching for a correction
ClientWorld player simulation path has strayed from int3(6, 13, 5) to int3(5, 13, 1), searching for a correction
ClientWorld player simulation path has strayed from int3(5, 13, 2) to int3(6, 13, 6), searching for a correction
ClientWorld player simulation path has strayed from int3(6, 13, 5) to int3(5, 13, 2), searching for a correction
Large serverTick prediction error. Server tick rollback to Unity.NetCode.NetworkTick delta: -17.63349
UnityEngine.DebugLogHandler:Internal_Log(LogType, LogOption, String, Object)
UnityEngine.DebugLogHandler:LogFormat(LogType, Object, String, Object[])
UnityEngine.Logger:Log(LogType, Object)
UnityEngine.Debug:LogError(Object)
Unity.Logging.Sinks.ManagedUnityEngineDebugLogWrapper:WriteFunc(LogLevel, Byte*, Int32)

Large serverTick prediction error. Server tick rollback to Unity.NetCode.NetworkTick delta: -15.3449
UnityEngine.DebugLogHandler:Internal_Log(LogType, LogOption, String, Object)
UnityEngine.DebugLogHandler:LogFormat(LogType, Object, String, Object[])
UnityEngine.Logger:Log(LogType, Object)
UnityEngine.Debug:LogError(Object)
Unity.Logging.Sinks.ManagedUnityEngineDebugLogWrapper:WriteFunc(LogLevel, Byte*, Int32)

ClientWorld player simulation path has strayed from int3(6, 13, 4) to int3(3, 13, 5), searching for a correction
ClientWorld player simulation path has strayed from int3(4, 13, 5) to int3(3, 13, 2), searching for a correction
Large serverTick prediction error. Server tick rollback to Unity.NetCode.NetworkTick delta: -11.74049
UnityEngine.DebugLogHandler:Internal_Log(LogType, LogOption, String, Object)
UnityEngine.DebugLogHandler:LogFormat(LogType, Object, String, Object[])
UnityEngine.Logger:Log(LogType, Object)
UnityEngine.Debug:LogError(Object)
Unity.Logging.Sinks.ManagedUnityEngineDebugLogWrapper:WriteFunc(LogLevel, Byte*, Int32)

Large serverTick prediction error. Server tick rollback to Unity.NetCode.NetworkTick delta: -12.50833
UnityEngine.DebugLogHandler:Internal_Log(LogType, LogOption, String, Object)
UnityEngine.DebugLogHandler:LogFormat(LogType, Object, String, Object[])
UnityEngine.Logger:Log(LogType, Object)
UnityEngine.Debug:LogError(Object)
Unity.Logging.Sinks.ManagedUnityEngineDebugLogWrapper:WriteFunc(LogLevel, Byte*, Int32)

ClientWorld player simulation path has strayed from int3(5, 13, 2) to int3(3, 13, 5), searching for a correction
Large serverTick prediction error. Server tick rollback to Unity.NetCode.NetworkTick delta: -24.27229
UnityEngine.DebugLogHandler:Internal_Log(LogType, LogOption, String, Object)
UnityEngine.DebugLogHandler:LogFormat(LogType, Object, String, Object[])
UnityEngine.Logger:Log(LogType, Object)
UnityEngine.Debug:LogError(Object)
Unity.Logging.Sinks.ManagedUnityEngineDebugLogWrapper:WriteFunc(LogLevel, Byte*, Int32)

Large serverTick prediction error. Server tick rollback to Unity.NetCode.NetworkTick delta: -22.09057
UnityEngine.DebugLogHandler:Internal_Log(LogType, LogOption, String, Object)
UnityEngine.DebugLogHandler:LogFormat(LogType, Object, String, Object[])
UnityEngine.Logger:Log(LogType, Object)
UnityEngine.Debug:LogError(Object)
Unity.Logging.Sinks.ManagedUnityEngineDebugLogWrapper:WriteFunc(LogLevel, Byte*, Int32)

Large serverTick prediction error. Server tick rollback to Unity.NetCode.NetworkTick delta: -16.62114
UnityEngine.DebugLogHandler:Internal_Log(LogType, LogOption, String, Object)
UnityEngine.DebugLogHandler:LogFormat(LogType, Object, String, Object[])
UnityEngine.Logger:Log(LogType, Object)
UnityEngine.Debug:LogError(Object)
Unity.Logging.Sinks.ManagedUnityEngineDebugLogWrapper:WriteFunc(LogLevel, Byte*, Int32)

ClientWorld player simulation path has strayed from int3(3, 13, 3) to int3(7, 13, 1), searching for a correction
Large serverTick prediction error. Server tick rollback to Unity.NetCode.NetworkTick delta: -13.41193
UnityEngine.DebugLogHandler:Internal_Log(LogType, LogOption, String, Object)
UnityEngine.DebugLogHandler:LogFormat(LogType, Object, String, Object[])
UnityEngine.Logger:Log(LogType, Object)
UnityEngine.Debug:LogError(Object)
Unity.Logging.Sinks.ManagedUnityEngineDebugLogWrapper:WriteFunc(LogLevel, Byte*, Int32)

ClientWorld player simulation path has strayed from int3(5, 13, 3) to int3(7, 13, 1), searching for a correction
Large serverTick prediction error. Server tick rollback to Unity.NetCode.NetworkTick delta: -19.64929
UnityEngine.DebugLogHandler:Internal_Log(LogType, LogOption, String, Object)
UnityEngine.DebugLogHandler:LogFormat(LogType, Object, String, Object[])
UnityEngine.Logger:Log(LogType, Object)
UnityEngine.Debug:LogError(Object)
Unity.Logging.Sinks.ManagedUnityEngineDebugLogWrapper:WriteFunc(LogLevel, Byte*, Int32)

Large serverTick prediction error. Server tick rollback to Unity.NetCode.NetworkTick delta: -16.66843
UnityEngine.DebugLogHandler:Internal_Log(LogType, LogOption, String, Object)
UnityEngine.DebugLogHandler:LogFormat(LogType, Object, String, Object[])
UnityEngine.Logger:Log(LogType, Object)
UnityEngine.Debug:LogError(Object)
Unity.Logging.Sinks.ManagedUnityEngineDebugLogWrapper:WriteFunc(LogLevel, Byte*, Int32)

Large serverTick prediction error. Server tick rollback to Unity.NetCode.NetworkTick delta: -13.71804
UnityEngine.DebugLogHandler:Internal_Log(LogType, LogOption, String, Object)
UnityEngine.DebugLogHandler:LogFormat(LogType, Object, String, Object[])
UnityEngine.Logger:Log(LogType, Object)
UnityEngine.Debug:LogError(Object)
Unity.Logging.Sinks.ManagedUnityEngineDebugLogWrapper:WriteFunc(LogLevel, Byte*, Int32)

Large serverTick prediction error. Server tick rollback to Unity.NetCode.NetworkTick delta: -11.77722
UnityEngine.DebugLogHandler:Internal_Log(LogType, LogOption, String, Object)
UnityEngine.DebugLogHandler:LogFormat(LogType, Object, String, Object[])
UnityEngine.Logger:Log(LogType, Object)
UnityEngine.Debug:LogError(Object)
Unity.Logging.Sinks.ManagedUnityEngineDebugLogWrapper:WriteFunc(LogLevel, Byte*, Int32)

ClientWorld player simulation path has strayed from int3(2, 13, -3) to int3(10, 13, 1), searching for a correction
Large serverTick prediction error. Server tick rollback to Unity.NetCode.NetworkTick delta: -23.79446
UnityEngine.DebugLogHandler:Internal_Log(LogType, LogOption, String, Object)
UnityEngine.DebugLogHandler:LogFormat(LogType, Object, String, Object[])
UnityEngine.Logger:Log(LogType, Object)
UnityEngine.Debug:LogError(Object)
Unity.Logging.Sinks.ManagedUnityEngineDebugLogWrapper:WriteFunc(LogLevel, Byte*, Int32)

Large serverTick prediction error. Server tick rollback to Unity.NetCode.NetworkTick delta: -21.61434
UnityEngine.DebugLogHandler:Internal_Log(LogType, LogOption, String, Object)
UnityEngine.DebugLogHandler:LogFormat(LogType, Object, String, Object[])
UnityEngine.Logger:Log(LogType, Object)
UnityEngine.Debug:LogError(Object)
Unity.Logging.Sinks.ManagedUnityEngineDebugLogWrapper:WriteFunc(LogLevel, Byte*, Int32)

Large serverTick prediction error. Server tick rollback to Unity.NetCode.NetworkTick delta: -17.15081
UnityEngine.DebugLogHandler:Internal_Log(LogType, LogOption, String, Object)
UnityEngine.DebugLogHandler:LogFormat(LogType, Object, String, Object[])
UnityEngine.Logger:Log(LogType, Object)
UnityEngine.Debug:LogError(Object)
Unity.Logging.Sinks.ManagedUnityEngineDebugLogWrapper:WriteFunc(LogLevel, Byte*, Int32)

Large serverTick prediction error. Server tick rollback to Unity.NetCode.NetworkTick delta: -14.37966
UnityEngine.DebugLogHandler:Internal_Log(LogType, LogOption, String, Object)
UnityEngine.DebugLogHandler:LogFormat(LogType, Object, String, Object[])
UnityEngine.Logger:Log(LogType, Object)
UnityEngine.Debug:LogError(Object)
Unity.Logging.Sinks.ManagedUnityEngineDebugLogWrapper:WriteFunc(LogLevel, Byte*, Int32)

ClientWorld player simulation path has strayed from int3(7, 13, 1) to int3(15, 13, 1), searching for a correction
[12:19:46.2577160]:[ClientWorld] Connection disconnected ID:11 Reason:ClosedByRemote
Large serverTick prediction error. Server tick rollback to Unity.NetCode.NetworkTick delta: -13.96572
UnityEngine.DebugLogHandler:Internal_Log(LogType, LogOption, String, Object)
UnityEngine.DebugLogHandler:LogFormat(LogType, Object, String, Object[])
UnityEngine.Logger:Log(LogType, Object)
UnityEngine.Debug:LogError(Object)
Unity.Logging.Sinks.ManagedUnityEngineDebugLogWrapper:WriteFunc(LogLevel, Byte*, Int32)

Caught fatal signal - signo:15 code:0 errno:0 addr:0x1502000ea313
Obtained 16 stack frames.
#0  0x007f79c1c489c9 in PlayerMain(int, char**)
#1  0x007f79c1c3d4b7 in (Unknown)
#2  0x007f79bf9a5c20 in funlockfile
#3  0x007f78e9f0e214 in GC_clear_marks
#4  0x007f78e9f0db67 in GC_maybe_gc
#5  0x007f78e9f0f117 in GC_collect_a_little_inner
#6  0x007f78e9f0da75 in GC_collect_a_little
#7  0x007f79c1b88088 in (Unknown)
#8  0x007f79c1b8817e in (Unknown)
#9  0x007f79c16d3373 in (Unknown)
#10 0x007f79c16c0247 in (Unknown)
#11 0x007f79c16c0201 in (Unknown)
#12 0x007f79c16c0570 in (Unknown)
#13 0x007f79c1c3f077 in PlayerMain(int, char**)
#14 0x007f79bf5f1493 in __libc_start_main
#15 0x00000000201029 in _start
Setting up 12 worker threads for Enlighten.
Writing stats to file
Calling DomainUnloadOrPlayModeChangeShutdown!
Caught fatal signal - signo:11 code:1 errno:0 addr:0x48
Obtained 25 stack frames.
#0  0x007f79c1c489c9 in PlayerMain(int, char**)
#1  0x007f79c1c3d4b7 in (Unknown)
#2  0x007f79bf9a5c20 in funlockfile
#3  0x007f79c1600ff3 in (Unknown)
#4  0x007f79c1601671 in (Unknown)
#5  0x007f79c15e1e7a in (Unknown)
#6  0x007f79c1fdd42e in PlayerMain(int, char**)
#7  0x007f79c0f8f426 in (Unknown)
#8  0x007f78eef6d320 in ContentLoadInterface_ContentFile_UnloadAsync_Injected_mBD2F1D561285B0DE37DCDA4DEA75931201B5E680
#9  0x007f78eef6c78f in ContentLoadInterface_ContentFile_UnloadAsync_m197A3C60564D4E9F9049BAD57B46FB404A8F17BD
#10 0x007f78eef6c635 in ContentFile_UnloadAsync_mF35518E83FCF4C1701AF2C6CEBF7E507490481D6
#11 0x007f78ee1e456a in RuntimeContentManager_ReleaseFile_m12EDB377B39EF4D01B3268E711303D79747A4F4C
#12 0x007f78ee1e245c in RuntimeContentManager_ReleaseObjectImpl_m84E24B7727CAA367D95ABC97FC529A5594840414
#13 0x007f78ee1e0ae8 in RuntimeContentManager_Cleanup_m6436DF58ED05204D0A7DFACFB212018BD6B813FD
#14 0x007f78ee1e1f38 in RuntimeContentManager_OnShutdown_m09B1F0AD37BE7168472DDB84F55C43F02CD40113
#15 0x007f78e9cdde76 in EventHandler_Invoke_m9D3126CBE291A3E7E7C304094E1DA846832F9B96_Multicast(EventHandler_tC6323FD7E6163F965259C33D72612C0E5B9BAB82*, Il2CppObject*, EventArgs_t37273F03EAC87217701DD431B190FBD84AD7C377*, MethodInfo const*)
#16 0x007f78ed64f7b0 in EventHandler_Invoke_m9D3126CBE291A3E7E7C304094E1DA846832F9B96
#17 0x007f78e9e88073 in il2cpp::vm::Runtime::InvokeWithThrow(MethodInfo const*, void*, void**)
#18 0x007f78e9e87fdb in il2cpp::vm::Runtime::Invoke(MethodInfo const*, void*, void**, Il2CppException**)
#19 0x007f78e9e87b1c in il2cpp::vm::Runtime::Shutdown()
#20 0x007f79c1b96f56 in (Unknown)
#21 0x007f79c16d2658 in (Unknown)
#22 0x007f79c1c3eee6 in PlayerMain(int, char**)
#23 0x007f79bf5f1493 in __libc_start_main
#24 0x00000000201029 in _start
