[UnityMemory] Configuration Parameters - Can be set up in boot.config
    "memorysetup-bucket-allocator-granularity=16"
    "memorysetup-bucket-allocator-bucket-count=8"
    "memorysetup-bucket-allocator-block-size=4194304"
    "memorysetup-bucket-allocator-block-count=1"
    "memorysetup-main-allocator-block-size=16777216"
    "memorysetup-thread-allocator-block-size=16777216"
    "memorysetup-gfx-main-allocator-block-size=16777216"
    "memorysetup-gfx-thread-allocator-block-size=16777216"
    "memorysetup-cache-allocator-block-size=4194304"
    "memorysetup-typetree-allocator-block-size=2097152"
    "memorysetup-profiler-bucket-allocator-granularity=16"
    "memorysetup-profiler-bucket-allocator-bucket-count=8"
    "memorysetup-profiler-bucket-allocator-block-size=4194304"
    "memorysetup-profiler-bucket-allocator-block-count=1"
    "memorysetup-profiler-allocator-block-size=16777216"
    "memorysetup-profiler-editor-allocator-block-size=1048576"
    "memorysetup-temp-allocator-size-main=4194304"
    "memorysetup-job-temp-allocator-block-size=2097152"
    "memorysetup-job-temp-allocator-block-size-background=1048576"
    "memorysetup-job-temp-allocator-reduction-small-platforms=262144"
    "memorysetup-allocator-temp-initial-block-size-main=262144"
    "memorysetup-allocator-temp-initial-block-size-worker=262144"
    "memorysetup-temp-allocator-size-background-worker=32768"
    "memorysetup-temp-allocator-size-job-worker=262144"
    "memorysetup-temp-allocator-size-preload-manager=262144"
    "memorysetup-temp-allocator-size-nav-mesh-worker=65536"
    "memorysetup-temp-allocator-size-audio-worker=65536"
    "memorysetup-temp-allocator-size-cloud-worker=32768"
    "memorysetup-temp-allocator-size-gfx=262144"
Remaining time:29s
Found 2 interfaces on host : 0) 10.141.0.4 1) 10.149.0.4
Player connection [140149331615616] Multi-casting "[IP] 10.141.0.4 [Port] 55013 [Flags] 19 [Guid] 4128076351 [EditorId] 3988235067 [Version] 1048832 [Id] LinuxPlayer(13,10.141.0.4) [Debug] 0 [PackageName] LinuxPlayer [ProjectName] Opencraft" to [225.0.0.222:54997]...

Direct connection to host time out.
Stopping profiler. Profiler is not able to flush data to a file or socket and exceeded maximum allowed memory for buffering.
Please use Profiler.maxUsedMemory API or -profiler-maxusedmemory command line parameter to increase maximum allowed memory usage.
Using 134234112 bytes while Profiler.maxUsedMemory is 134217728 bytes.
Failed to initialize networking layer after 30 seconds, skipping waiting for connection before starting playback.
Preloaded 'lib_burst_generated.so'
Preloaded 'libwebrtc.so'
[Physics::Module] Initialized MultithreadedJobDispatcher with 47 workers.
Initialize engine version: 2022.3.16f1 (d2c21f0ef2f1)
[Subsystems] Discovering subsystems at path /var/scratch/zmr280/opencraft/opencraft_Data/UnitySubsystems
Forcing GfxDevice: Null
GfxDevice: creating device client; threaded=0; jobified=0
NullGfxDevice:
    Version:  NULL 1.0 [1.0]
    Renderer: Null Device
    Vendor:   Unity Technologies
ERROR: Shader Hidden/Universal Render Pipeline/Blit shader is not supported on this GPU (none of subshaders/fallbacks are suitable)
ERROR: Shader Hidden/Universal Render Pipeline/CopyDepth shader is not supported on this GPU (none of subshaders/fallbacks are suitable)
ERROR: Shader Hidden/Universal Render Pipeline/Sampling shader is not supported on this GPU (none of subshaders/fallbacks are suitable)
ERROR: Shader Hidden/Universal Render Pipeline/LutBuilderLdr shader is not supported on this GPU (none of subshaders/fallbacks are suitable)
ERROR: Shader Hidden/Universal Render Pipeline/LutBuilderHdr shader is not supported on this GPU (none of subshaders/fallbacks are suitable)
ERROR: Shader Hidden/Universal Render Pipeline/UberPost shader is not supported on this GPU (none of subshaders/fallbacks are suitable)
ERROR: Shader Hidden/Universal Render Pipeline/Debug/DebugReplacement shader is not supported on this GPU (none of subshaders/fallbacks are suitable)
ERROR: Shader Hidden/Universal/HDRDebugView shader is not supported on this GPU (none of subshaders/fallbacks are suitable)
WARNING: Shader Unsupported: 'Hidden/Universal Render Pipeline/FallbackError' - All subshaders removed
WARNING: Shader Did you use #pragma only_renderers and omit this platform?
WARNING: Shader If subshaders removal was intentional, you may have forgotten turning Fallback off?
ERROR: Shader Hidden/Universal Render Pipeline/FallbackError shader is not supported on this GPU (none of subshaders/fallbacks are suitable)
WARNING: Shader Unsupported: 'Hidden/Universal Render Pipeline/FallbackError' - All subshaders removed
WARNING: Shader Did you use #pragma only_renderers and omit this platform?
WARNING: Shader If subshaders removal was intentional, you may have forgotten turning Fallback off?
WARNING: Shader Unsupported: 'Hidden/Universal Render Pipeline/StencilDeferred' - All subshaders removed
WARNING: Shader Did you use #pragma only_renderers and omit this platform?
WARNING: Shader If subshaders removal was intentional, you may have forgotten turning Fallback off?
ERROR: Shader Hidden/Universal Render Pipeline/StencilDeferred shader is not supported on this GPU (none of subshaders/fallbacks are suitable)
WARNING: Shader Unsupported: 'Hidden/Universal Render Pipeline/StencilDeferred' - All subshaders removed
WARNING: Shader Did you use #pragma only_renderers and omit this platform?
WARNING: Shader If subshaders removal was intentional, you may have forgotten turning Fallback off?
ERROR: Shader Hidden/Universal Render Pipeline/CameraMotionVectors shader is not supported on this GPU (none of subshaders/fallbacks are suitable)
ERROR: Shader Hidden/Universal Render Pipeline/ObjectMotionVectors shader is not supported on this GPU (none of subshaders/fallbacks are suitable)
ERROR: Shader Hidden/Universal Render Pipeline/LensFlareDataDriven shader is not supported on this GPU (none of subshaders/fallbacks are suitable)
ERROR: Shader Hidden/Universal Render Pipeline/ScreenSpaceAmbientOcclusion shader is not supported on this GPU (none of subshaders/fallbacks are suitable)
ERROR: Shader Hidden/Universal Render Pipeline/Stop NaN shader is not supported on this GPU (none of subshaders/fallbacks are suitable)
ERROR: Shader Hidden/Universal Render Pipeline/SubpixelMorphologicalAntialiasing shader is not supported on this GPU (none of subshaders/fallbacks are suitable)
ERROR: Shader Hidden/Universal Render Pipeline/TemporalAA shader is not supported on this GPU (none of subshaders/fallbacks are suitable)
ERROR: Shader Hidden/Universal Render Pipeline/Scaling Setup shader is not supported on this GPU (none of subshaders/fallbacks are suitable)
ERROR: Shader Hidden/Universal Render Pipeline/Edge Adaptive Spatial Upsampling shader is not supported on this GPU (none of subshaders/fallbacks are suitable)
ERROR: Shader Hidden/Universal Render Pipeline/FinalPost shader is not supported on this GPU (none of subshaders/fallbacks are suitable)
ERROR: Shader Sprites/Default shader is not supported on this GPU (none of subshaders/fallbacks are suitable)
ERROR: Shader Sprites/Mask shader is not supported on this GPU (none of subshaders/fallbacks are suitable)
ERROR: Shader GUI/Text Shader shader is not supported on this GPU (none of subshaders/fallbacks are suitable)
UnloadTime: 0.822442 ms
Parsing args: /var/scratch/zmr280/opencraft/opencraft.x86_64, -batchmode, -nographics, -logStats, True, -serverUrl, 10.141.0.1, -statsFile, /var/scratch/zmr280/runs/pareto-activeLogic_5-Layer_8x_6z_200p_120s/opencraft_stats/client132.csv, -userID, 132, -playType, Client, -emulationType, Simulation
Setting up worlds with playType Client and streaming role Disabled
Adding type with UniqueSystemAttribute: StatisticsSystem
Adding type with UniqueSystemAttribute: StatisticsSystem
Failed to create websocket: System.Net.Sockets.SocketException (0x80004005): Address already in use
  at System.Net.Sockets.Socket.Bind (System.Net.EndPoint localEP) [0x00000] in <00000000000000000000000000000000>:0 
  at Unity.NetCode.DebugWebSocket..ctor (System.UInt16 port) [0x00000] in <00000000000000000000000000000000>:0 
  at Unity.NetCode.GhostStatsConnection..ctor () [0x00000] in <00000000000000000000000000000000>:0 
  at Unity.NetCode.GhostStatsFlushSystem.OnCreate () [0x00000] in <00000000000000000000000000000000>:0 
  at Unity.Entities.ComponentSystemBase.CreateInstance (Unity.Entities.World world) [0x00000] in <00000000000000000000000000000000>:0 
  at Unity.Entities.World.AddSystem_OnCreate_Internal (Unity.Entities.ComponentSystemBase system) [0x00000] in <00000000000000000000000000000000>:0 
  at Unity.Entities.World.GetOrCreateSystemsAndLogException (Unity.Collections.NativeList`1[T] types, System.Int32 typesCount, Unity.Collections.AllocatorManager+AllocatorHandle allocator) [0x00000] in <00000000000000000000000000000000>:0 
  at Unity.Entities.World.GetOrCreateSystemsAndLogException (Unity.Collections.NativeList`1[T] types, Unity.Collections.AllocatorManager+AllocatorHandle allocator) [0x00000] in <00000000000000000000000000000000>:0 
  at Unity.Entities.DefaultWorldInitialization.AddSystemToRootLevelSystemGroupsInternal[T] (Unity.Entities.World world, Unity.Collections.NativeList`1[T] systemTypesOrig, Unity.Entities.ComponentSystemGroup defaultGroup, T rootGroups) [0x00000] in <00000000000000000000000000000000>:0 
  at Unity.Entities.DefaultWorldInitialization.AddSystemToRootLevelSystemGroupsInternal (Unity.Entities.World world, Unity.Collections.NativeList`1[T] systemTypesOrig) [0x00000] in <00000000000000000000000000000000>:0 
  at Unity.Entities.DefaultWorldInitialization.AddSystemsToRootLevelSystemGroups (Unity.Entities.World world, System.Collections.Generic.IReadOnlyList`1[T] systemTypes) [0x00000] in <00000000000000000000000000000000>:0 
  at PolkaDOTS.Bootstrap.GameBootstrap.CreateClientWorld (System.String name, Unity.Entities.WorldFlags flags, System.Collections.Generic.IReadOnlyList`1[T] systems) [0x00000] in <00000000000000000000000000000000>:0 
  at PolkaDOTS.Bootstrap.GameBootstrap.CreateDefaultClientWorld (System.String worldName, System.Boolean isHost, System.Boolean isCloudHost) [0x00000] in <00000000000000000000000000000000>:0 
  at PolkaDOTS.Bootstrap.GameBootstrap.SetupWorlds (PolkaDOTS.Deployment.MultiplayStreamingRoles mRole, PolkaDOTS.Bootstrap.GameBootstrap+BootstrapPlayTypes playTypes, Unity.Collections.NativeList`1[Unity.Entities.WorldUnmanaged]& worldReferences, System.Int32 numSimulatedClients, System.Boolean autoStart, System.Boolean autoConnect, System.String serverUrl, System.UInt16 serverPort, System.String signalingUrl, System.String worldName) [0x00000] in <00000000000000000000000000000000>:0 
  at PolkaDOTS.Bootstrap.GameBootstrap.SetupWorldsFromLocalConfig () [0x00000] in <00000000000000000000000000000000>:0 
  at PolkaDOTS.Bootstrap.GameBootstrap.Initialize (System.String defaultWorldName) [0x00000] in <00000000000000000000000000000000>:0 
  at Unity.Entities.CustomWorldInitialization.Initialize (System.String defaultWorldName, System.Boolean editorWorld) [0x00000] in <00000000000000000000000000000000>:0 
  at Unity.Entities.CustomAutomaticWorldBootstrap.Initialize () [0x00000] in <00000000000000000000000000000000>:0 
UnityEngine.DebugLogHandler:Internal_Log(LogType, LogOption, String, Object)
UnityEngine.DebugLogHandler:LogFormat(LogType, Object, String, Object[])
UnityEngine.Logger:Log(LogType, Object)
UnityEngine.Debug:LogError(Object)
Unity.NetCode.DebugWebSocket:.ctor(UInt16)
Unity.NetCode.GhostStatsConnection:.ctor()
Unity.NetCode.GhostStatsFlushSystem:OnCreate()
Unity.Entities.ComponentSystemBase:CreateInstance(World)
Unity.Entities.World:AddSystem_OnCreate_Internal(ComponentSystemBase)
Unity.Entities.World:GetOrCreateSystemsAndLogException(NativeList`1, Int32, AllocatorHandle)
Unity.Entities.World:GetOrCreateSystemsAndLogException(NativeList`1, AllocatorHandle)
Unity.Entities.DefaultWorldInitialization:AddSystemToRootLevelSystemGroupsInternal(World, NativeList`1, ComponentSystemGroup, T)
Unity.Entities.DefaultWorldInitialization:AddSystemToRootLevelSystemGroupsInternal(World, NativeList`1)
Unity.Entities.DefaultWorldInitialization:AddSystemsToRootLevelSystemGroups(World, IReadOnlyList`1)
PolkaDOTS.Bootstrap.GameBootstrap:CreateClientWorld(String, WorldFlags, IReadOnlyList`1)
PolkaDOTS.Bootstrap.GameBootstrap:CreateDefaultClientWorld(String, Boolean, Boolean)
PolkaDOTS.Bootstrap.GameBootstrap:SetupWorlds(MultiplayStreamingRoles, BootstrapPlayTypes, NativeList`1&, Int32, Boolean, Boolean, String, UInt16, String, String)
PolkaDOTS.Bootstrap.GameBootstrap:SetupWorldsFromLocalConfig()
PolkaDOTS.Bootstrap.GameBootstrap:Initialize(String)
Unity.Entities.CustomWorldInitialization:Initialize(String, Boolean)
Unity.Entities.CustomAutomaticWorldBootstrap:Initialize()

Adding world ClientWorld to update list
Connecting worlds with playType Client and streaming role Disabled
Created connection request for 10.141.0.1:7979
Creating statistics writer!
Recorder [ServerFixedUpdate] is invalid!
UnityEngine.DebugLogHandler:Internal_Log(LogType, LogOption, String, Object)
UnityEngine.DebugLogHandler:LogFormat(LogType, Object, String, Object[])
UnityEngine.Logger:Log(LogType, Object)
UnityEngine.Debug:LogWarning(Object)
PolkaDOTS.Statistics.StatisticsWriter:.ctor()
PolkaDOTS.Statistics.StatisticsWriterInstance:Awake()

Recorder [TerrainGeneration] is invalid!
UnityEngine.DebugLogHandler:Internal_Log(LogType, LogOption, String, Object)
UnityEngine.DebugLogHandler:LogFormat(LogType, Object, String, Object[])
UnityEngine.Logger:Log(LogType, Object)
UnityEngine.Debug:LogWarning(Object)
PolkaDOTS.Statistics.StatisticsWriter:.ctor()
PolkaDOTS.Statistics.StatisticsWriterInstance:Awake()

Recorder [PlayerTerrainGenCheck] is invalid!
UnityEngine.DebugLogHandler:Internal_Log(LogType, LogOption, String, Object)
UnityEngine.DebugLogHandler:LogFormat(LogType, Object, String, Object[])
UnityEngine.Logger:Log(LogType, Object)
UnityEngine.Debug:LogWarning(Object)
PolkaDOTS.Statistics.StatisticsWriter:.ctor()
PolkaDOTS.Statistics.StatisticsWriterInstance:Awake()

Recorder [StructureGeneration] is invalid!
UnityEngine.DebugLogHandler:Internal_Log(LogType, LogOption, String, Object)
UnityEngine.DebugLogHandler:LogFormat(LogType, Object, String, Object[])
UnityEngine.Logger:Log(LogType, Object)
UnityEngine.Debug:LogWarning(Object)
PolkaDOTS.Statistics.StatisticsWriter:.ctor()
PolkaDOTS.Statistics.StatisticsWriterInstance:Awake()

Recorder [TerrainLogicSystem] is invalid!
UnityEngine.DebugLogHandler:Internal_Log(LogType, LogOption, String, Object)
UnityEngine.DebugLogHandler:LogFormat(LogType, Object, String, Object[])
UnityEngine.Logger:Log(LogType, Object)
UnityEngine.Debug:LogWarning(Object)
PolkaDOTS.Statistics.StatisticsWriter:.ctor()
PolkaDOTS.Statistics.StatisticsWriterInstance:Awake()

Recorder [GetUpdates] is invalid!
UnityEngine.DebugLogHandler:Internal_Log(LogType, LogOption, String, Object)
UnityEngine.DebugLogHandler:LogFormat(LogType, Object, String, Object[])
UnityEngine.Logger:Log(LogType, Object)
UnityEngine.Debug:LogWarning(Object)
PolkaDOTS.Statistics.StatisticsWriter:.ctor()
PolkaDOTS.Statistics.StatisticsWriterInstance:Awake()

Recorder [ReevaluatePropagateMarker] is invalid!
UnityEngine.DebugLogHandler:Internal_Log(LogType, LogOption, String, Object)
UnityEngine.DebugLogHandler:LogFormat(LogType, Object, String, Object[])
UnityEngine.Logger:Log(LogType, Object)
UnityEngine.Debug:LogWarning(Object)
PolkaDOTS.Statistics.StatisticsWriter:.ctor()
PolkaDOTS.Statistics.StatisticsWriterInstance:Awake()

Recorder [PropagateLogicState] is invalid!
UnityEngine.DebugLogHandler:Internal_Log(LogType, LogOption, String, Object)
UnityEngine.DebugLogHandler:LogFormat(LogType, Object, String, Object[])
UnityEngine.Logger:Log(LogType, Object)
UnityEngine.Debug:LogWarning(Object)
PolkaDOTS.Statistics.StatisticsWriter:.ctor()
PolkaDOTS.Statistics.StatisticsWriterInstance:Awake()

Recorder [PropInputBlocks] is invalid!
UnityEngine.DebugLogHandler:Internal_Log(LogType, LogOption, String, Object)
UnityEngine.DebugLogHandler:LogFormat(LogType, Object, String, Object[])
UnityEngine.Logger:Log(LogType, Object)
UnityEngine.Debug:LogWarning(Object)
PolkaDOTS.Statistics.StatisticsWriter:.ctor()
PolkaDOTS.Statistics.StatisticsWriterInstance:Awake()

Recorder [PropActiveLogicBlocks] is invalid!
UnityEngine.DebugLogHandler:Internal_Log(LogType, LogOption, String, Object)
UnityEngine.DebugLogHandler:LogFormat(LogType, Object, String, Object[])
UnityEngine.Logger:Log(LogType, Object)
UnityEngine.Debug:LogWarning(Object)
PolkaDOTS.Statistics.StatisticsWriter:.ctor()
PolkaDOTS.Statistics.StatisticsWriterInstance:Awake()

Recorder [CheckGateState] is invalid!
UnityEngine.DebugLogHandler:Internal_Log(LogType, LogOption, String, Object)
UnityEngine.DebugLogHandler:LogFormat(LogType, Object, String, Object[])
UnityEngine.Logger:Log(LogType, Object)
UnityEngine.Debug:LogWarning(Object)
PolkaDOTS.Statistics.StatisticsWriter:.ctor()
PolkaDOTS.Statistics.StatisticsWriterInstance:Awake()

Recorder [GhostSimulationSystemGroup] is invalid!
UnityEngine.DebugLogHandler:Internal_Log(LogType, LogOption, String, Object)
UnityEngine.DebugLogHandler:LogFormat(LogType, Object, String, Object[])
UnityEngine.Logger:Log(LogType, Object)
UnityEngine.Debug:LogWarning(Object)
PolkaDOTS.Statistics.StatisticsWriter:.ctor()
PolkaDOTS.Statistics.StatisticsWriterInstance:Awake()

Recorder [PredictedSimulationSystemGroup] is invalid!
UnityEngine.DebugLogHandler:Internal_Log(LogType, LogOption, String, Object)
UnityEngine.DebugLogHandler:LogFormat(LogType, Object, String, Object[])
UnityEngine.Logger:Log(LogType, Object)
UnityEngine.Debug:LogWarning(Object)
PolkaDOTS.Statistics.StatisticsWriter:.ctor()
PolkaDOTS.Statistics.StatisticsWriterInstance:Awake()

Initializing multiplay!
Found non-specified codec: VP8 Internal video/VP8 implementation_name=Internal
Found codec: VP9 Profile0
Found codec: VP9 Profile2
Found codec: VP9 Profile1
Found codec: VP9 Profile3
Found codec: AV1 Profile0
Found codec: AV1 Profile1
Could not find H264.High as streaming codec!
Adding terrain areas statistics recorders
Streamed scene with   66ms latency from /var/scratch/zmr280/opencraft/opencraft_Data/StreamingAssets/EntityScenes/bea83102298cfb741939cdba85abe535.0.entities
AutoLoading authoring scene in world ClientWorld
ERROR: Shader Custom/VoxelShader shader is not supported on this GPU (none of subshaders/fallbacks are suitable)
WARNING: Shader Unsupported: 'Hidden/Universal Render Pipeline/FallbackError' - All subshaders removed
WARNING: Shader Did you use #pragma only_renderers and omit this platform?
WARNING: Shader If subshaders removal was intentional, you may have forgotten turning Fallback off?
ERROR: Shader Hidden/Universal Render Pipeline/FallbackError shader is not supported on this GPU (none of subshaders/fallbacks are suitable)
WARNING: Shader Unsupported: 'Hidden/Universal Render Pipeline/FallbackError' - All subshaders removed
WARNING: Shader Did you use #pragma only_renderers and omit this platform?
WARNING: Shader If subshaders removal was intentional, you may have forgotten turning Fallback off?
WARNING: Shader Unsupported: 'Universal Render Pipeline/Lit' - All subshaders removed
WARNING: Shader Did you use #pragma only_renderers and omit this platform?
WARNING: Shader If subshaders removal was intentional, you may have forgotten turning Fallback off?
ERROR: Shader Universal Render Pipeline/Lit shader is not supported on this GPU (none of subshaders/fallbacks are suitable)
WARNING: Shader Unsupported: 'Universal Render Pipeline/Lit' - All subshaders removed
WARNING: Shader Did you use #pragma only_renderers and omit this platform?
WARNING: Shader If subshaders removal was intentional, you may have forgotten turning Fallback off?
WARNING: Shader Unsupported: 'Universal Render Pipeline/Unlit' - All subshaders removed
WARNING: Shader Did you use #pragma only_renderers and omit this platform?
WARNING: Shader If subshaders removal was intentional, you may have forgotten turning Fallback off?
ERROR: Shader Universal Render Pipeline/Unlit shader is not supported on this GPU (none of subshaders/fallbacks are suitable)
WARNING: Shader Unsupported: 'Universal Render Pipeline/Unlit' - All subshaders removed
WARNING: Shader Did you use #pragma only_renderers and omit this platform?
WARNING: Shader If subshaders removal was intentional, you may have forgotten turning Fallback off?
Streamed scene with   44ms latency from /var/scratch/zmr280/opencraft/opencraft_Data/StreamingAssets/EntityScenes/62561c7118c5bbb46929c6bf65331faa.0.entities
[12:17:32.6439760]:[ClientWorld] New connection ID:140
Sending start game stream RPC
Emulation type is Idle, Simulation
Creating local player object
Sending spawn player RPC for user 132
ERROR: Shader UI/Default shader is not supported on this GPU (none of subshaders/fallbacks are suitable)
Player 132 has no connection ID!
UnityEngine.DebugLogHandler:Internal_Log(LogType, LogOption, String, Object)
UnityEngine.DebugLogHandler:LogFormat(LogType, Object, String, Object[])
UnityEngine.Logger:Log(LogType, Object)
UnityEngine.Debug:LogWarning(Object)
Opencraft.Player.SamplePlayerInput:OnUpdate(SystemState&)
Opencraft.Player.SamplePlayerInput:__codegen__OnUpdate(IntPtr, IntPtr)

Linking player entity Entity(297:1) to 132@LOCALPLAYER
Player simulation searching for path from float3(0.5f, 12.2f, 0.5f) = int3(0, 12, 0) to int3(15, 13, 14)
Player simulation could not find a path from int3(0, 12, 0) to int3(15, 13, 14), will choose new target
    1: Could not find target at int3(0, 12, 0)
    2: Could not find target at int3(0, 12, 0)
Player simulation searching for path from float3(0.5f, 12.2f, 0.5f) = int3(0, 12, 0) to int3(6, 13, 12)
Player simulation could not find a path from int3(0, 12, 0) to int3(6, 13, 12), will choose new target
    4: Could not find target at int3(0, 12, 0)
    5: Could not find target at int3(0, 12, 0)
    6: Could not find target at int3(0, 12, 0)
    7: Could not find target at int3(0, 12, 0)
    8: Could not find target at int3(0, 12, 0)
ClientWorld player simulation could not find a path in 9 attempts, waiting to try again
Player simulation searching for path from float3(0.5f, 11.29999f, 0.5f) = int3(0, 11, 0) to int3(-9, 13, 5)
Player simulation could not find a path from int3(0, 11, 0) to int3(-9, 13, 5), will choose new target
Player simulation searching for path from float3(0.5f, 11.29999f, 0.5f) = int3(0, 11, 0) to int3(5, 13, -1)
Player simulation could not find a path from int3(0, 11, 0) to int3(5, 13, -1), will choose new target
Player simulation searching for path from float3(0.5f, 11.29999f, 0.5f) = int3(0, 11, 0) to int3(-9, 13, 4)
Player simulation could not find a path from int3(0, 11, 0) to int3(-9, 13, 4), will choose new target
    3: Could not find target at int3(0, 11, 0)
Player simulation searching for path from float3(0.5f, 11.29999f, 0.5f) = int3(0, 11, 0) to int3(1, 13, -4)
Player simulation could not find a path from int3(0, 11, 0) to int3(1, 13, -4), will choose new target
Player simulation searching for path from float3(0.5f, 11.29999f, 0.5f) = int3(0, 11, 0) to int3(8, 13, -4)
Player simulation could not find a path from int3(0, 11, 0) to int3(8, 13, -4), will choose new target
Player simulation searching for path from float3(0.5f, 11.29999f, 0.5f) = int3(0, 11, 0) to int3(-7, 13, 9)
Player simulation could not find a path from int3(0, 11, 0) to int3(-7, 13, 9), will choose new target
Player simulation searching for path from float3(0.5f, 11.29999f, 0.5f) = int3(0, 11, 0) to int3(3, 13, 2)
Player simulation could not find a path from int3(0, 11, 0) to int3(3, 13, 2), will choose new target
    8: Could not find target at int3(0, 11, 0)
ClientWorld player simulation could not find a path in 9 attempts, waiting to try again
Player simulation searching for path from float3(0.5f, 13.1f, 0.5f) = int3(0, 13, 0) to int3(15, 13, -15)
AStar halted as encountered unloaded blocks, retrying...
Player simulation could not find a path from int3(0, 13, 0) to int3(15, 13, -15), will choose new target
    1: Could not find target at int3(0, 13, 0)
Player simulation searching for path from float3(0.5f, 13.1f, 0.5f) = int3(0, 13, 0) to int3(4, 13, 3)
AStar halted as encountered unloaded blocks, retrying...
Player simulation could not find a path from int3(0, 13, 0) to int3(4, 13, 3), will choose new target
Player simulation searching for path from float3(0.5f, 13.1f, 0.5f) = int3(0, 13, 0) to int3(-6, 13, 9)
AStar halted as encountered unloaded blocks, retrying...
Player simulation could not find a path from int3(0, 13, 0) to int3(-6, 13, 9), will choose new target
Player simulation searching for path from float3(0.5f, 13.1f, 0.5f) = int3(0, 13, 0) to int3(15, 13, -10)
AStar halted as encountered unloaded blocks, retrying...
Player simulation could not find a path from int3(0, 13, 0) to int3(15, 13, -10), will choose new target
    5: Could not find target at int3(0, 13, 0)
Player simulation searching for path from float3(0.5f, 13.1f, 0.5f) = int3(0, 13, 0) to int3(1, 13, -12)
AStar halted as encountered unloaded blocks, retrying...
Player simulation could not find a path from int3(0, 13, 0) to int3(1, 13, -12), will choose new target
Player simulation searching for path from float3(0.5f, 13.1f, 0.5f) = int3(0, 13, 0) to int3(-8, 13, 12)
AStar halted as encountered unloaded blocks, retrying...
Player simulation could not find a path from int3(0, 13, 0) to int3(-8, 13, 12), will choose new target
    8: Could not find target at int3(0, 13, 0)
ClientWorld player simulation could not find a path in 9 attempts, waiting to try again
Player simulation searching for path from float3(0.5f, 13.1f, 0.5f) = int3(0, 13, 0) to int3(15, 13, -15)
ClientWorld player simulation set new target int3(15, 13, -15)
ClientWorld player simulation reached target int3(15, 13, -15)
Player simulation searching for path from float3(15.36985f, 13.1f, -14.50785f) = int3(15, 13, -15) to int3(4, 13, 11)
ClientWorld player simulation set new target int3(4, 13, 11)
ClientWorld player simulation path has strayed from int3(15, 13, -2) to int3(15, 13, -5), searching for a correction
ClientWorld player simulation reached target int3(4, 13, 11)
Player simulation searching for path from float3(4.520315f, 13.1f, 11.37885f) = int3(4, 13, 11) to int3(4, 13, 8)
ClientWorld player simulation set new target int3(4, 13, 8)
ClientWorld player simulation reached target int3(4, 13, 8)
Player simulation searching for path from float3(4.52f, 13.1f, 8.671996f) = int3(4, 13, 8) to int3(-15, 13, -9)
ClientWorld player simulation set new target int3(-15, 13, -9)
ClientWorld player simulation path has strayed from int3(-7, 13, -1) to int3(-6, 13, 2), searching for a correction
ClientWorld player simulation reached target int3(-15, 13, -9)
Player simulation searching for path from float3(-14.48211f, 13.1f, -8.344001f) = int3(-15, 13, -9) to int3(7, 13, -11)
ClientWorld player simulation set new target int3(7, 13, -11)
ClientWorld player simulation reached target int3(7, 13, -11)
Player simulation searching for path from float3(7.524263f, 13.1f, -10.35127f) = int3(7, 13, -11) to int3(6, 13, 8)
ClientWorld player simulation set new target int3(6, 13, 8)
ClientWorld player simulation reached target int3(6, 13, 8)
Player simulation searching for path from float3(6.519448f, 13.1f, 8.359554f) = int3(6, 13, 8) to int3(-7, 13, 1)
ClientWorld player simulation set new target int3(-7, 13, 1)
ClientWorld player simulation reached target int3(-7, 13, 1)
Player simulation searching for path from float3(-6.504132f, 13.1f, 1.601447f) = int3(-7, 13, 1) to int3(-1, 13, 4)
ClientWorld player simulation set new target int3(-1, 13, 4)
ClientWorld player simulation reached target int3(-1, 13, 4)
Player simulation searching for path from float3(-0.5065784f, 13.1f, 4.350421f) = int3(-1, 13, 4) to int3(2, 13, -2)
ClientWorld player simulation set new target int3(2, 13, -2)
ClientWorld player simulation reached target int3(2, 13, -2)
Player simulation searching for path from float3(2.349107f, 13.1f, -1.463843f) = int3(2, 13, -2) to int3(-11, 13, 1)
ClientWorld player simulation set new target int3(-11, 13, 1)
ClientWorld player simulation reached target int3(-11, 13, 1)
Player simulation searching for path from float3(-10.66716f, 13.1f, 1.396843f) = int3(-11, 13, 1) to int3(-12, 13, 1)
ClientWorld player simulation set new target int3(-12, 13, 1)
ClientWorld player simulation reached target int3(-12, 13, 1)
Player simulation searching for path from float3(-11.33787f, 13.1f, 1.467553f) = int3(-12, 13, 1) to int3(-4, 13, -5)
ClientWorld player simulation set new target int3(-4, 13, -5)
ClientWorld player simulation path has strayed from int3(-7, 13, -2) to int3(-9, 13, 2), searching for a correction
ClientWorld player simulation path has strayed from int3(-9, 13, 1) to int3(-6, 13, 0), searching for a correction
Large serverTick prediction error. Server tick rollback to Unity.NetCode.NetworkTick delta: -10.30279
UnityEngine.DebugLogHandler:Internal_Log(LogType, LogOption, String, Object)
UnityEngine.DebugLogHandler:LogFormat(LogType, Object, String, Object[])
UnityEngine.Logger:Log(LogType, Object)
UnityEngine.Debug:LogError(Object)
Unity.Logging.Sinks.ManagedUnityEngineDebugLogWrapper:WriteFunc(LogLevel, Byte*, Int32)

ClientWorld player simulation path has strayed from int3(-9, 13, 0) to int3(-6, 13, 2), searching for a correction
Large serverTick prediction error. Server tick rollback to Unity.NetCode.NetworkTick delta: -10.40647
UnityEngine.DebugLogHandler:Internal_Log(LogType, LogOption, String, Object)
UnityEngine.DebugLogHandler:LogFormat(LogType, Object, String, Object[])
UnityEngine.Logger:Log(LogType, Object)
UnityEngine.Debug:LogError(Object)
Unity.Logging.Sinks.ManagedUnityEngineDebugLogWrapper:WriteFunc(LogLevel, Byte*, Int32)

ClientWorld player simulation reached target int3(-4, 13, -5)
Player simulation searching for path from float3(-3.668606f, 13.1f, -4.466973f) = int3(-4, 13, -5) to int3(14, 13, -2)
ClientWorld player simulation set new target int3(14, 13, -2)
ClientWorld player simulation path has strayed from int3(4, 13, -5) to int3(-1, 13, -6), searching for a correction
ClientWorld player simulation path has strayed from int3(0, 13, -6) to int3(3, 13, -6), searching for a correction
ClientWorld player simulation path has strayed from int3(6, 13, -5) to int3(3, 13, -5), searching for a correction
ClientWorld player simulation path has strayed from int3(7, 13, -5) to int3(4, 13, -6), searching for a correction
Large serverTick prediction error. Server tick rollback to Unity.NetCode.NetworkTick delta: -10.57743
UnityEngine.DebugLogHandler:Internal_Log(LogType, LogOption, String, Object)
UnityEngine.DebugLogHandler:LogFormat(LogType, Object, String, Object[])
UnityEngine.Logger:Log(LogType, Object)
UnityEngine.Debug:LogError(Object)
Unity.Logging.Sinks.ManagedUnityEngineDebugLogWrapper:WriteFunc(LogLevel, Byte*, Int32)

ClientWorld player simulation path has strayed from int3(11, 13, -5) to int3(7, 13, -4), searching for a correction
ClientWorld player simulation reached target int3(14, 13, -2)
Player simulation searching for path from float3(14.52439f, 13.1f, -1.665001f) = int3(14, 13, -2) to int3(9, 13, -15)
ClientWorld player simulation set new target int3(9, 13, -15)
ClientWorld player simulation reached target int3(9, 13, -15)
Player simulation searching for path from float3(9.697729f, 13.1f, -14.57543f) = int3(9, 13, -15) to int3(4, 13, -10)
ClientWorld player simulation set new target int3(4, 13, -10)
ClientWorld player simulation reached target int3(4, 13, -10)
Player simulation searching for path from float3(4.525185f, 13.1f, -9.643593f) = int3(4, 13, -10) to int3(-15, 13, -9)
ClientWorld player simulation set new target int3(-15, 13, -9)
ClientWorld player simulation path has strayed from int3(-9, 13, -10) to int3(3, 13, -10), searching for a correction
ClientWorld player simulation path has strayed from int3(2, 13, -10) to int3(-2, 13, -10), searching for a correction
Large serverTick prediction error. Server tick rollback to Unity.NetCode.NetworkTick delta: -11.33854
UnityEngine.DebugLogHandler:Internal_Log(LogType, LogOption, String, Object)
UnityEngine.DebugLogHandler:LogFormat(LogType, Object, String, Object[])
UnityEngine.Logger:Log(LogType, Object)
UnityEngine.Debug:LogError(Object)
Unity.Logging.Sinks.ManagedUnityEngineDebugLogWrapper:WriteFunc(LogLevel, Byte*, Int32)

ClientWorld player simulation path has strayed from int3(0, 13, -10) to int3(-3, 13, -10), searching for a correction
ClientWorld player simulation path has strayed from int3(-2, 13, -10) to int3(-6, 13, -9), searching for a correction
Large serverTick prediction error. Server tick rollback to Unity.NetCode.NetworkTick delta: -10.5742
UnityEngine.DebugLogHandler:Internal_Log(LogType, LogOption, String, Object)
UnityEngine.DebugLogHandler:LogFormat(LogType, Object, String, Object[])
UnityEngine.Logger:Log(LogType, Object)
UnityEngine.Debug:LogError(Object)
Unity.Logging.Sinks.ManagedUnityEngineDebugLogWrapper:WriteFunc(LogLevel, Byte*, Int32)

ClientWorld player simulation path has strayed from int3(-2, 13, -10) to int3(1, 13, -9), searching for a correction
Large serverTick prediction error. Server tick rollback to Unity.NetCode.NetworkTick delta: -10.39639
UnityEngine.DebugLogHandler:Internal_Log(LogType, LogOption, String, Object)
UnityEngine.DebugLogHandler:LogFormat(LogType, Object, String, Object[])
UnityEngine.Logger:Log(LogType, Object)
UnityEngine.Debug:LogError(Object)
Unity.Logging.Sinks.ManagedUnityEngineDebugLogWrapper:WriteFunc(LogLevel, Byte*, Int32)

ClientWorld player simulation path has strayed from int3(0, 13, -9) to int3(-5, 13, -9), searching for a correction
ClientWorld player simulation path has strayed from int3(-2, 13, -9) to int3(-5, 13, -9), searching for a correction
Large serverTick prediction error. Server tick rollback to Unity.NetCode.NetworkTick delta: -10.5048
UnityEngine.DebugLogHandler:Internal_Log(LogType, LogOption, String, Object)
UnityEngine.DebugLogHandler:LogFormat(LogType, Object, String, Object[])
UnityEngine.Logger:Log(LogType, Object)
UnityEngine.Debug:LogError(Object)
Unity.Logging.Sinks.ManagedUnityEngineDebugLogWrapper:WriteFunc(LogLevel, Byte*, Int32)

Large serverTick prediction error. Server tick rollback to Unity.NetCode.NetworkTick delta: -10.59184
UnityEngine.DebugLogHandler:Internal_Log(LogType, LogOption, String, Object)
UnityEngine.DebugLogHandler:LogFormat(LogType, Object, String, Object[])
UnityEngine.Logger:Log(LogType, Object)
UnityEngine.Debug:LogError(Object)
Unity.Logging.Sinks.ManagedUnityEngineDebugLogWrapper:WriteFunc(LogLevel, Byte*, Int32)

ClientWorld player simulation path has strayed from int3(-7, 13, -10) to int3(-1, 13, -9), searching for a correction
ClientWorld player simulation path has strayed from int3(-2, 13, -9) to int3(-5, 13, -9), searching for a correction
Large serverTick prediction error. Server tick rollback to Unity.NetCode.NetworkTick delta: -18.44859
UnityEngine.DebugLogHandler:Internal_Log(LogType, LogOption, String, Object)
UnityEngine.DebugLogHandler:LogFormat(LogType, Object, String, Object[])
UnityEngine.Logger:Log(LogType, Object)
UnityEngine.Debug:LogError(Object)
Unity.Logging.Sinks.ManagedUnityEngineDebugLogWrapper:WriteFunc(LogLevel, Byte*, Int32)

ClientWorld player simulation path has strayed from int3(-4, 13, -9) to int3(2, 13, -10), searching for a correction
ClientWorld player simulation path has strayed from int3(1, 13, -10) to int3(-2, 13, -10), searching for a correction
Large serverTick prediction error. Server tick rollback to Unity.NetCode.NetworkTick delta: -13.46508
UnityEngine.DebugLogHandler:Internal_Log(LogType, LogOption, String, Object)
UnityEngine.DebugLogHandler:LogFormat(LogType, Object, String, Object[])
UnityEngine.Logger:Log(LogType, Object)
UnityEngine.Debug:LogError(Object)
Unity.Logging.Sinks.ManagedUnityEngineDebugLogWrapper:WriteFunc(LogLevel, Byte*, Int32)

Large serverTick prediction error. Server tick rollback to Unity.NetCode.NetworkTick delta: -11.58477
UnityEngine.DebugLogHandler:Internal_Log(LogType, LogOption, String, Object)
UnityEngine.DebugLogHandler:LogFormat(LogType, Object, String, Object[])
UnityEngine.Logger:Log(LogType, Object)
UnityEngine.Debug:LogError(Object)
Unity.Logging.Sinks.ManagedUnityEngineDebugLogWrapper:WriteFunc(LogLevel, Byte*, Int32)

ClientWorld player simulation path has strayed from int3(-1, 13, -10) to int3(2, 13, -10), searching for a correction
Large serverTick prediction error. Server tick rollback to Unity.NetCode.NetworkTick delta: -10.64778
UnityEngine.DebugLogHandler:Internal_Log(LogType, LogOption, String, Object)
UnityEngine.DebugLogHandler:LogFormat(LogType, Object, String, Object[])
UnityEngine.Logger:Log(LogType, Object)
UnityEngine.Debug:LogError(Object)
Unity.Logging.Sinks.ManagedUnityEngineDebugLogWrapper:WriteFunc(LogLevel, Byte*, Int32)

ClientWorld player simulation path has strayed from int3(-1, 13, -10) to int3(5, 13, -10), searching for a correction
Large serverTick prediction error. Server tick rollback to Unity.NetCode.NetworkTick delta: -10.34122
UnityEngine.DebugLogHandler:Internal_Log(LogType, LogOption, String, Object)
UnityEngine.DebugLogHandler:LogFormat(LogType, Object, String, Object[])
UnityEngine.Logger:Log(LogType, Object)
UnityEngine.Debug:LogError(Object)
Unity.Logging.Sinks.ManagedUnityEngineDebugLogWrapper:WriteFunc(LogLevel, Byte*, Int32)

ClientWorld player simulation path has strayed from int3(1, 13, -10) to int3(5, 13, -10), searching for a correction
Large serverTick prediction error. Server tick rollback to Unity.NetCode.NetworkTick delta: -10.53041
UnityEngine.DebugLogHandler:Internal_Log(LogType, LogOption, String, Object)
UnityEngine.DebugLogHandler:LogFormat(LogType, Object, String, Object[])
UnityEngine.Logger:Log(LogType, Object)
UnityEngine.Debug:LogError(Object)
Unity.Logging.Sinks.ManagedUnityEngineDebugLogWrapper:WriteFunc(LogLevel, Byte*, Int32)

Large serverTick prediction error. Server tick rollback to Unity.NetCode.NetworkTick delta: -10.31235
UnityEngine.DebugLogHandler:Internal_Log(LogType, LogOption, String, Object)
UnityEngine.DebugLogHandler:LogFormat(LogType, Object, String, Object[])
UnityEngine.Logger:Log(LogType, Object)
UnityEngine.Debug:LogError(Object)
Unity.Logging.Sinks.ManagedUnityEngineDebugLogWrapper:WriteFunc(LogLevel, Byte*, Int32)

ClientWorld player simulation path has strayed from int3(-7, 13, -9) to int3(-2, 13, -10), searching for a correction
Large serverTick prediction error. Server tick rollback to Unity.NetCode.NetworkTick delta: -10.24954
UnityEngine.DebugLogHandler:Internal_Log(LogType, LogOption, String, Object)
UnityEngine.DebugLogHandler:LogFormat(LogType, Object, String, Object[])
UnityEngine.Logger:Log(LogType, Object)
UnityEngine.Debug:LogError(Object)
Unity.Logging.Sinks.ManagedUnityEngineDebugLogWrapper:WriteFunc(LogLevel, Byte*, Int32)

ClientWorld player simulation path has strayed from int3(-11, 13, -10) to int3(-2, 13, -9), searching for a correction
Large serverTick prediction error. Server tick rollback to Unity.NetCode.NetworkTick delta: -14.46248
UnityEngine.DebugLogHandler:Internal_Log(LogType, LogOption, String, Object)
UnityEngine.DebugLogHandler:LogFormat(LogType, Object, String, Object[])
UnityEngine.Logger:Log(LogType, Object)
UnityEngine.Debug:LogError(Object)
Unity.Logging.Sinks.ManagedUnityEngineDebugLogWrapper:WriteFunc(LogLevel, Byte*, Int32)

ClientWorld player simulation path has strayed from int3(-3, 13, -9) to int3(-6, 13, -10), searching for a correction
Large serverTick prediction error. Server tick rollback to Unity.NetCode.NetworkTick delta: -10.53125
UnityEngine.DebugLogHandler:Internal_Log(LogType, LogOption, String, Object)
UnityEngine.DebugLogHandler:LogFormat(LogType, Object, String, Object[])
UnityEngine.Logger:Log(LogType, Object)
UnityEngine.Debug:LogError(Object)
Unity.Logging.Sinks.ManagedUnityEngineDebugLogWrapper:WriteFunc(LogLevel, Byte*, Int32)

Large serverTick prediction error. Server tick rollback to Unity.NetCode.NetworkTick delta: -10.32814
UnityEngine.DebugLogHandler:Internal_Log(LogType, LogOption, String, Object)
UnityEngine.DebugLogHandler:LogFormat(LogType, Object, String, Object[])
UnityEngine.Logger:Log(LogType, Object)
UnityEngine.Debug:LogError(Object)
Unity.Logging.Sinks.ManagedUnityEngineDebugLogWrapper:WriteFunc(LogLevel, Byte*, Int32)

ClientWorld player simulation path has strayed from int3(-3, 13, -10) to int3(-6, 13, -6), searching for a correction
ClientWorld player simulation path has strayed from int3(-6, 13, -7) to int3(-4, 13, -5), searching for a correction
Large serverTick prediction error. Server tick rollback to Unity.NetCode.NetworkTick delta: -10.66863
UnityEngine.DebugLogHandler:Internal_Log(LogType, LogOption, String, Object)
UnityEngine.DebugLogHandler:LogFormat(LogType, Object, String, Object[])
UnityEngine.Logger:Log(LogType, Object)
UnityEngine.Debug:LogError(Object)
Unity.Logging.Sinks.ManagedUnityEngineDebugLogWrapper:WriteFunc(LogLevel, Byte*, Int32)

ClientWorld player simulation path has strayed from int3(-4, 13, -10) to int3(-5, 13, -6), searching for a correction
Large serverTick prediction error. Server tick rollback to Unity.NetCode.NetworkTick delta: -10.42395
UnityEngine.DebugLogHandler:Internal_Log(LogType, LogOption, String, Object)
UnityEngine.DebugLogHandler:LogFormat(LogType, Object, String, Object[])
UnityEngine.Logger:Log(LogType, Object)
UnityEngine.Debug:LogError(Object)
Unity.Logging.Sinks.ManagedUnityEngineDebugLogWrapper:WriteFunc(LogLevel, Byte*, Int32)

ClientWorld player simulation path has strayed from int3(-7, 13, -9) to int3(-5, 13, -12), searching for a correction
Large serverTick prediction error. Server tick rollback to Unity.NetCode.NetworkTick delta: -10.41685
UnityEngine.DebugLogHandler:Internal_Log(LogType, LogOption, String, Object)
UnityEngine.DebugLogHandler:LogFormat(LogType, Object, String, Object[])
UnityEngine.Logger:Log(LogType, Object)
UnityEngine.Debug:LogError(Object)
Unity.Logging.Sinks.ManagedUnityEngineDebugLogWrapper:WriteFunc(LogLevel, Byte*, Int32)

ClientWorld player simulation path has strayed from int3(-10, 13, -9) to int3(-4, 13, -9), searching for a correction
ClientWorld player simulation path has strayed from int3(-5, 13, -9) to int3(-8, 13, -8), searching for a correction
ClientWorld player simulation path has strayed from int3(-7, 13, -8) to int3(-4, 13, -9), searching for a correction
Large serverTick prediction error. Server tick rollback to Unity.NetCode.NetworkTick delta: -10.51927
UnityEngine.DebugLogHandler:Internal_Log(LogType, LogOption, String, Object)
UnityEngine.DebugLogHandler:LogFormat(LogType, Object, String, Object[])
UnityEngine.Logger:Log(LogType, Object)
UnityEngine.Debug:LogError(Object)
Unity.Logging.Sinks.ManagedUnityEngineDebugLogWrapper:WriteFunc(LogLevel, Byte*, Int32)

Large serverTick prediction error. Server tick rollback to Unity.NetCode.NetworkTick delta: -16.60192
UnityEngine.DebugLogHandler:Internal_Log(LogType, LogOption, String, Object)
UnityEngine.DebugLogHandler:LogFormat(LogType, Object, String, Object[])
UnityEngine.Logger:Log(LogType, Object)
UnityEngine.Debug:LogError(Object)
Unity.Logging.Sinks.ManagedUnityEngineDebugLogWrapper:WriteFunc(LogLevel, Byte*, Int32)

Large serverTick prediction error. Server tick rollback to Unity.NetCode.NetworkTick delta: -10.47025
UnityEngine.DebugLogHandler:Internal_Log(LogType, LogOption, String, Object)
UnityEngine.DebugLogHandler:LogFormat(LogType, Object, String, Object[])
UnityEngine.Logger:Log(LogType, Object)
UnityEngine.Debug:LogError(Object)
Unity.Logging.Sinks.ManagedUnityEngineDebugLogWrapper:WriteFunc(LogLevel, Byte*, Int32)

ClientWorld player simulation path has strayed from int3(-6, 13, -9) to int3(-8, 13, -7), searching for a correction
Large serverTick prediction error. Server tick rollback to Unity.NetCode.NetworkTick delta: -11.59095
UnityEngine.DebugLogHandler:Internal_Log(LogType, LogOption, String, Object)
UnityEngine.DebugLogHandler:LogFormat(LogType, Object, String, Object[])
UnityEngine.Logger:Log(LogType, Object)
UnityEngine.Debug:LogError(Object)
Unity.Logging.Sinks.ManagedUnityEngineDebugLogWrapper:WriteFunc(LogLevel, Byte*, Int32)

ClientWorld player simulation path has strayed from int3(-9, 13, -9) to int3(-7, 13, -7), searching for a correction
Large serverTick prediction error. Server tick rollback to Unity.NetCode.NetworkTick delta: -12.47354
UnityEngine.DebugLogHandler:Internal_Log(LogType, LogOption, String, Object)
UnityEngine.DebugLogHandler:LogFormat(LogType, Object, String, Object[])
UnityEngine.Logger:Log(LogType, Object)
UnityEngine.Debug:LogError(Object)
Unity.Logging.Sinks.ManagedUnityEngineDebugLogWrapper:WriteFunc(LogLevel, Byte*, Int32)

ClientWorld player simulation path has strayed from int3(-7, 13, -8) to int3(-13, 13, -8), searching for a correction
ClientWorld player simulation path has strayed from int3(-9, 13, -8) to int3(-13, 13, -8), searching for a correction
Large serverTick prediction error. Server tick rollback to Unity.NetCode.NetworkTick delta: -10.49244
UnityEngine.DebugLogHandler:Internal_Log(LogType, LogOption, String, Object)
UnityEngine.DebugLogHandler:LogFormat(LogType, Object, String, Object[])
UnityEngine.Logger:Log(LogType, Object)
UnityEngine.Debug:LogError(Object)
Unity.Logging.Sinks.ManagedUnityEngineDebugLogWrapper:WriteFunc(LogLevel, Byte*, Int32)

ClientWorld player simulation path has strayed from int3(-8, 13, -8) to int3(-5, 13, -7), searching for a correction
Large serverTick prediction error. Server tick rollback to Unity.NetCode.NetworkTick delta: -10.63796
UnityEngine.DebugLogHandler:Internal_Log(LogType, LogOption, String, Object)
UnityEngine.DebugLogHandler:LogFormat(LogType, Object, String, Object[])
UnityEngine.Logger:Log(LogType, Object)
UnityEngine.Debug:LogError(Object)
Unity.Logging.Sinks.ManagedUnityEngineDebugLogWrapper:WriteFunc(LogLevel, Byte*, Int32)

Large serverTick prediction error. Server tick rollback to Unity.NetCode.NetworkTick delta: -13.36897
UnityEngine.DebugLogHandler:Internal_Log(LogType, LogOption, String, Object)
UnityEngine.DebugLogHandler:LogFormat(LogType, Object, String, Object[])
UnityEngine.Logger:Log(LogType, Object)
UnityEngine.Debug:LogError(Object)
Unity.Logging.Sinks.ManagedUnityEngineDebugLogWrapper:WriteFunc(LogLevel, Byte*, Int32)

ClientWorld player simulation path has strayed from int3(-8, 13, -9) to int3(-4, 13, -7), searching for a correction
ClientWorld player simulation path has strayed from int3(-8, 13, -9) to int3(-4, 13, -7), searching for a correction
Large serverTick prediction error. Server tick rollback to Unity.NetCode.NetworkTick delta: -11.26369
UnityEngine.DebugLogHandler:Internal_Log(LogType, LogOption, String, Object)
UnityEngine.DebugLogHandler:LogFormat(LogType, Object, String, Object[])
UnityEngine.Logger:Log(LogType, Object)
UnityEngine.Debug:LogError(Object)
Unity.Logging.Sinks.ManagedUnityEngineDebugLogWrapper:WriteFunc(LogLevel, Byte*, Int32)

Large serverTick prediction error. Server tick rollback to Unity.NetCode.NetworkTick delta: -12.67272
UnityEngine.DebugLogHandler:Internal_Log(LogType, LogOption, String, Object)
UnityEngine.DebugLogHandler:LogFormat(LogType, Object, String, Object[])
UnityEngine.Logger:Log(LogType, Object)
UnityEngine.Debug:LogError(Object)
Unity.Logging.Sinks.ManagedUnityEngineDebugLogWrapper:WriteFunc(LogLevel, Byte*, Int32)

ClientWorld player simulation path has strayed from int3(-6, 13, -8) to int3(-8, 13, -11), searching for a correction
Large serverTick prediction error. Server tick rollback to Unity.NetCode.NetworkTick delta: -11.37541
UnityEngine.DebugLogHandler:Internal_Log(LogType, LogOption, String, Object)
UnityEngine.DebugLogHandler:LogFormat(LogType, Object, String, Object[])
UnityEngine.Logger:Log(LogType, Object)
UnityEngine.Debug:LogError(Object)
Unity.Logging.Sinks.ManagedUnityEngineDebugLogWrapper:WriteFunc(LogLevel, Byte*, Int32)

Large serverTick prediction error. Server tick rollback to Unity.NetCode.NetworkTick delta: -10.61921
UnityEngine.DebugLogHandler:Internal_Log(LogType, LogOption, String, Object)
UnityEngine.DebugLogHandler:LogFormat(LogType, Object, String, Object[])
UnityEngine.Logger:Log(LogType, Object)
UnityEngine.Debug:LogError(Object)
Unity.Logging.Sinks.ManagedUnityEngineDebugLogWrapper:WriteFunc(LogLevel, Byte*, Int32)

ClientWorld player simulation reached target int3(-15, 13, -9)
Player simulation searching for path from float3(-14.52669f, 13.1f, -8.657244f) = int3(-15, 13, -9) to int3(7, 13, -11)
ClientWorld player simulation set new target int3(7, 13, -11)
ClientWorld player simulation path has strayed from int3(-14, 13, -9) to int3(-11, 13, -11), searching for a correction
Large serverTick prediction error. Server tick rollback to Unity.NetCode.NetworkTick delta: -10.41344
UnityEngine.DebugLogHandler:Internal_Log(LogType, LogOption, String, Object)
UnityEngine.DebugLogHandler:LogFormat(LogType, Object, String, Object[])
UnityEngine.Logger:Log(LogType, Object)
UnityEngine.Debug:LogError(Object)
Unity.Logging.Sinks.ManagedUnityEngineDebugLogWrapper:WriteFunc(LogLevel, Byte*, Int32)

ClientWorld player simulation path has strayed from int3(-9, 13, -9) to int3(-13, 13, -9), searching for a correction
Large serverTick prediction error. Server tick rollback to Unity.NetCode.NetworkTick delta: -10.34359
UnityEngine.DebugLogHandler:Internal_Log(LogType, LogOption, String, Object)
UnityEngine.DebugLogHandler:LogFormat(LogType, Object, String, Object[])
UnityEngine.Logger:Log(LogType, Object)
UnityEngine.Debug:LogError(Object)
Unity.Logging.Sinks.ManagedUnityEngineDebugLogWrapper:WriteFunc(LogLevel, Byte*, Int32)

ClientWorld player simulation path has strayed from int3(-9, 13, -9) to int3(-13, 13, -9), searching for a correction
Large serverTick prediction error. Server tick rollback to Unity.NetCode.NetworkTick delta: -10.34117
UnityEngine.DebugLogHandler:Internal_Log(LogType, LogOption, String, Object)
UnityEngine.DebugLogHandler:LogFormat(LogType, Object, String, Object[])
UnityEngine.Logger:Log(LogType, Object)
UnityEngine.Debug:LogError(Object)
Unity.Logging.Sinks.ManagedUnityEngineDebugLogWrapper:WriteFunc(LogLevel, Byte*, Int32)

ClientWorld player simulation path has strayed from int3(-12, 13, -9) to int3(-10, 13, -6), searching for a correction
Large serverTick prediction error. Server tick rollback to Unity.NetCode.NetworkTick delta: -10.44453
UnityEngine.DebugLogHandler:Internal_Log(LogType, LogOption, String, Object)
UnityEngine.DebugLogHandler:LogFormat(LogType, Object, String, Object[])
UnityEngine.Logger:Log(LogType, Object)
UnityEngine.Debug:LogError(Object)
Unity.Logging.Sinks.ManagedUnityEngineDebugLogWrapper:WriteFunc(LogLevel, Byte*, Int32)

ClientWorld player simulation path has strayed from int3(-9, 13, -9) to int3(-4, 13, -8), searching for a correction
Large serverTick prediction error. Server tick rollback to Unity.NetCode.NetworkTick delta: -11.5994
UnityEngine.DebugLogHandler:Internal_Log(LogType, LogOption, String, Object)
UnityEngine.DebugLogHandler:LogFormat(LogType, Object, String, Object[])
UnityEngine.Logger:Log(LogType, Object)
UnityEngine.Debug:LogError(Object)
Unity.Logging.Sinks.ManagedUnityEngineDebugLogWrapper:WriteFunc(LogLevel, Byte*, Int32)

ClientWorld player simulation path has strayed from int3(-6, 13, -9) to int3(-8, 13, -7), searching for a correction
Large serverTick prediction error. Server tick rollback to Unity.NetCode.NetworkTick delta: -12.60127
UnityEngine.DebugLogHandler:Internal_Log(LogType, LogOption, String, Object)
UnityEngine.DebugLogHandler:LogFormat(LogType, Object, String, Object[])
UnityEngine.Logger:Log(LogType, Object)
UnityEngine.Debug:LogError(Object)
Unity.Logging.Sinks.ManagedUnityEngineDebugLogWrapper:WriteFunc(LogLevel, Byte*, Int32)

Large serverTick prediction error. Server tick rollback to Unity.NetCode.NetworkTick delta: -10.4051
UnityEngine.DebugLogHandler:Internal_Log(LogType, LogOption, String, Object)
UnityEngine.DebugLogHandler:LogFormat(LogType, Object, String, Object[])
UnityEngine.Logger:Log(LogType, Object)
UnityEngine.Debug:LogError(Object)
Unity.Logging.Sinks.ManagedUnityEngineDebugLogWrapper:WriteFunc(LogLevel, Byte*, Int32)

ClientWorld player simulation path has strayed from int3(-4, 13, -9) to int3(-7, 13, -8), searching for a correction
Large serverTick prediction error. Server tick rollback to Unity.NetCode.NetworkTick delta: -10.41704
UnityEngine.DebugLogHandler:Internal_Log(LogType, LogOption, String, Object)
UnityEngine.DebugLogHandler:LogFormat(LogType, Object, String, Object[])
UnityEngine.Logger:Log(LogType, Object)
UnityEngine.Debug:LogError(Object)
Unity.Logging.Sinks.ManagedUnityEngineDebugLogWrapper:WriteFunc(LogLevel, Byte*, Int32)

Large serverTick prediction error. Server tick rollback to Unity.NetCode.NetworkTick delta: -10.44437
UnityEngine.DebugLogHandler:Internal_Log(LogType, LogOption, String, Object)
UnityEngine.DebugLogHandler:LogFormat(LogType, Object, String, Object[])
UnityEngine.Logger:Log(LogType, Object)
UnityEngine.Debug:LogError(Object)
Unity.Logging.Sinks.ManagedUnityEngineDebugLogWrapper:WriteFunc(LogLevel, Byte*, Int32)

ClientWorld player simulation path has strayed from int3(-2, 13, -9) to int3(-5, 13, -7), searching for a correction
Large serverTick prediction error. Server tick rollback to Unity.NetCode.NetworkTick delta: -10.41969
UnityEngine.DebugLogHandler:Internal_Log(LogType, LogOption, String, Object)
UnityEngine.DebugLogHandler:LogFormat(LogType, Object, String, Object[])
UnityEngine.Logger:Log(LogType, Object)
UnityEngine.Debug:LogError(Object)
Unity.Logging.Sinks.ManagedUnityEngineDebugLogWrapper:WriteFunc(LogLevel, Byte*, Int32)

ClientWorld player simulation path has strayed from int3(2, 13, -9) to int3(-3, 13, -7), searching for a correction
ClientWorld player simulation path has strayed from int3(-2, 13, -7) to int3(1, 13, -8), searching for a correction
Large serverTick prediction error. Server tick rollback to Unity.NetCode.NetworkTick delta: -10.46366
UnityEngine.DebugLogHandler:Internal_Log(LogType, LogOption, String, Object)
UnityEngine.DebugLogHandler:LogFormat(LogType, Object, String, Object[])
UnityEngine.Logger:Log(LogType, Object)
UnityEngine.Debug:LogError(Object)
Unity.Logging.Sinks.ManagedUnityEngineDebugLogWrapper:WriteFunc(LogLevel, Byte*, Int32)

ClientWorld player simulation path has strayed from int3(-1, 13, -7) to int3(1, 13, -5), searching for a correction
Large serverTick prediction error. Server tick rollback to Unity.NetCode.NetworkTick delta: -10.78643
UnityEngine.DebugLogHandler:Internal_Log(LogType, LogOption, String, Object)
UnityEngine.DebugLogHandler:LogFormat(LogType, Object, String, Object[])
UnityEngine.Logger:Log(LogType, Object)
UnityEngine.Debug:LogError(Object)
Unity.Logging.Sinks.ManagedUnityEngineDebugLogWrapper:WriteFunc(LogLevel, Byte*, Int32)

ClientWorld player simulation path has strayed from int3(-1, 13, -7) to int3(1, 13, -5), searching for a correction
Large serverTick prediction error. Server tick rollback to Unity.NetCode.NetworkTick delta: -10.39338
UnityEngine.DebugLogHandler:Internal_Log(LogType, LogOption, String, Object)
UnityEngine.DebugLogHandler:LogFormat(LogType, Object, String, Object[])
UnityEngine.Logger:Log(LogType, Object)
UnityEngine.Debug:LogError(Object)
Unity.Logging.Sinks.ManagedUnityEngineDebugLogWrapper:WriteFunc(LogLevel, Byte*, Int32)

ClientWorld player simulation path has strayed from int3(2, 13, -9) to int3(-2, 13, -7), searching for a correction
ClientWorld player simulation path has strayed from int3(-1, 13, -7) to int3(1, 13, -10), searching for a correction
ClientWorld player simulation path has strayed from int3(4, 13, -9) to int3(-1, 13, -11), searching for a correction
Large serverTick prediction error. Server tick rollback to Unity.NetCode.NetworkTick delta: -10.52029
UnityEngine.DebugLogHandler:Internal_Log(LogType, LogOption, String, Object)
UnityEngine.DebugLogHandler:LogFormat(LogType, Object, String, Object[])
UnityEngine.Logger:Log(LogType, Object)
UnityEngine.Debug:LogError(Object)
Unity.Logging.Sinks.ManagedUnityEngineDebugLogWrapper:WriteFunc(LogLevel, Byte*, Int32)

ClientWorld player simulation reached target int3(7, 13, -11)
Player simulation searching for path from float3(7.524996f, 13.1f, -10.33973f) = int3(7, 13, -11) to int3(6, 13, 8)
ClientWorld player simulation set new target int3(6, 13, 8)
ClientWorld player simulation path has strayed from int3(7, 13, -5) to int3(-1, 13, -11), searching for a correction
Large serverTick prediction error. Server tick rollback to Unity.NetCode.NetworkTick delta: -18.4509
UnityEngine.DebugLogHandler:Internal_Log(LogType, LogOption, String, Object)
UnityEngine.DebugLogHandler:LogFormat(LogType, Object, String, Object[])
UnityEngine.Logger:Log(LogType, Object)
UnityEngine.Debug:LogError(Object)
Unity.Logging.Sinks.ManagedUnityEngineDebugLogWrapper:WriteFunc(LogLevel, Byte*, Int32)

ClientWorld player simulation path has strayed from int3(2, 13, -11) to int3(-1, 13, -11), searching for a correction
Large serverTick prediction error. Server tick rollback to Unity.NetCode.NetworkTick delta: -18.71513
UnityEngine.DebugLogHandler:Internal_Log(LogType, LogOption, String, Object)
UnityEngine.DebugLogHandler:LogFormat(LogType, Object, String, Object[])
UnityEngine.Logger:Log(LogType, Object)
UnityEngine.Debug:LogError(Object)
Unity.Logging.Sinks.ManagedUnityEngineDebugLogWrapper:WriteFunc(LogLevel, Byte*, Int32)

Large serverTick prediction error. Server tick rollback to Unity.NetCode.NetworkTick delta: -14.72873
UnityEngine.DebugLogHandler:Internal_Log(LogType, LogOption, String, Object)
UnityEngine.DebugLogHandler:LogFormat(LogType, Object, String, Object[])
UnityEngine.Logger:Log(LogType, Object)
UnityEngine.Debug:LogError(Object)
Unity.Logging.Sinks.ManagedUnityEngineDebugLogWrapper:WriteFunc(LogLevel, Byte*, Int32)

Large serverTick prediction error. Server tick rollback to Unity.NetCode.NetworkTick delta: -14.41413
UnityEngine.DebugLogHandler:Internal_Log(LogType, LogOption, String, Object)
UnityEngine.DebugLogHandler:LogFormat(LogType, Object, String, Object[])
UnityEngine.Logger:Log(LogType, Object)
UnityEngine.Debug:LogError(Object)
Unity.Logging.Sinks.ManagedUnityEngineDebugLogWrapper:WriteFunc(LogLevel, Byte*, Int32)

ClientWorld player simulation path has strayed from int3(1, 13, -11) to int3(-1, 13, -9), searching for a correction
Large serverTick prediction error. Server tick rollback to Unity.NetCode.NetworkTick delta: -12.38578
UnityEngine.DebugLogHandler:Internal_Log(LogType, LogOption, String, Object)
UnityEngine.DebugLogHandler:LogFormat(LogType, Object, String, Object[])
UnityEngine.Logger:Log(LogType, Object)
UnityEngine.Debug:LogError(Object)
Unity.Logging.Sinks.ManagedUnityEngineDebugLogWrapper:WriteFunc(LogLevel, Byte*, Int32)

Large serverTick prediction error. Server tick rollback to Unity.NetCode.NetworkTick delta: -10.49052
UnityEngine.DebugLogHandler:Internal_Log(LogType, LogOption, String, Object)
UnityEngine.DebugLogHandler:LogFormat(LogType, Object, String, Object[])
UnityEngine.Logger:Log(LogType, Object)
UnityEngine.Debug:LogError(Object)
Unity.Logging.Sinks.ManagedUnityEngineDebugLogWrapper:WriteFunc(LogLevel, Byte*, Int32)

Large serverTick prediction error. Server tick rollback to Unity.NetCode.NetworkTick delta: -10.57451
UnityEngine.DebugLogHandler:Internal_Log(LogType, LogOption, String, Object)
UnityEngine.DebugLogHandler:LogFormat(LogType, Object, String, Object[])
UnityEngine.Logger:Log(LogType, Object)
UnityEngine.Debug:LogError(Object)
Unity.Logging.Sinks.ManagedUnityEngineDebugLogWrapper:WriteFunc(LogLevel, Byte*, Int32)

Large serverTick prediction error. Server tick rollback to Unity.NetCode.NetworkTick delta: -11.50883
UnityEngine.DebugLogHandler:Internal_Log(LogType, LogOption, String, Object)
UnityEngine.DebugLogHandler:LogFormat(LogType, Object, String, Object[])
UnityEngine.Logger:Log(LogType, Object)
UnityEngine.Debug:LogError(Object)
Unity.Logging.Sinks.ManagedUnityEngineDebugLogWrapper:WriteFunc(LogLevel, Byte*, Int32)

Large serverTick prediction error. Server tick rollback to Unity.NetCode.NetworkTick delta: -10.49874
UnityEngine.DebugLogHandler:Internal_Log(LogType, LogOption, String, Object)
UnityEngine.DebugLogHandler:LogFormat(LogType, Object, String, Object[])
UnityEngine.Logger:Log(LogType, Object)
UnityEngine.Debug:LogError(Object)
Unity.Logging.Sinks.ManagedUnityEngineDebugLogWrapper:WriteFunc(LogLevel, Byte*, Int32)

ClientWorld player simulation path has strayed from int3(0, 13, -11) to int3(-4, 13, -9), searching for a correction
Large serverTick prediction error. Server tick rollback to Unity.NetCode.NetworkTick delta: -14.62398
UnityEngine.DebugLogHandler:Internal_Log(LogType, LogOption, String, Object)
UnityEngine.DebugLogHandler:LogFormat(LogType, Object, String, Object[])
UnityEngine.Logger:Log(LogType, Object)
UnityEngine.Debug:LogError(Object)
Unity.Logging.Sinks.ManagedUnityEngineDebugLogWrapper:WriteFunc(LogLevel, Byte*, Int32)

Large serverTick prediction error. Server tick rollback to Unity.NetCode.NetworkTick delta: -11.71837
UnityEngine.DebugLogHandler:Internal_Log(LogType, LogOption, String, Object)
UnityEngine.DebugLogHandler:LogFormat(LogType, Object, String, Object[])
UnityEngine.Logger:Log(LogType, Object)
UnityEngine.Debug:LogError(Object)
Unity.Logging.Sinks.ManagedUnityEngineDebugLogWrapper:WriteFunc(LogLevel, Byte*, Int32)

Large serverTick prediction error. Server tick rollback to Unity.NetCode.NetworkTick delta: -13.46856
UnityEngine.DebugLogHandler:Internal_Log(LogType, LogOption, String, Object)
UnityEngine.DebugLogHandler:LogFormat(LogType, Object, String, Object[])
UnityEngine.Logger:Log(LogType, Object)
UnityEngine.Debug:LogError(Object)
Unity.Logging.Sinks.ManagedUnityEngineDebugLogWrapper:WriteFunc(LogLevel, Byte*, Int32)

ClientWorld player simulation path has strayed from int3(0, 13, -10) to int3(-4, 13, -9), searching for a correction
ClientWorld player simulation path has strayed from int3(-3, 13, -9) to int3(-2, 13, -12), searching for a correction
ClientWorld player simulation path has strayed from int3(-2, 13, -11) to int3(-4, 13, -15), searching for a correction
ClientWorld player simulation path has strayed from int3(-4, 13, -14) to int3(-2, 13, -17), searching for a correction
Large serverTick prediction error. Server tick rollback to Unity.NetCode.NetworkTick delta: -10.84255
UnityEngine.DebugLogHandler:Internal_Log(LogType, LogOption, String, Object)
UnityEngine.DebugLogHandler:LogFormat(LogType, Object, String, Object[])
UnityEngine.Logger:Log(LogType, Object)
UnityEngine.Debug:LogError(Object)
Unity.Logging.Sinks.ManagedUnityEngineDebugLogWrapper:WriteFunc(LogLevel, Byte*, Int32)

Large serverTick prediction error. Server tick rollback to Unity.NetCode.NetworkTick delta: -15.8062
UnityEngine.DebugLogHandler:Internal_Log(LogType, LogOption, String, Object)
UnityEngine.DebugLogHandler:LogFormat(LogType, Object, String, Object[])
UnityEngine.Logger:Log(LogType, Object)
UnityEngine.Debug:LogError(Object)
Unity.Logging.Sinks.ManagedUnityEngineDebugLogWrapper:WriteFunc(LogLevel, Byte*, Int32)

Large serverTick prediction error. Server tick rollback to Unity.NetCode.NetworkTick delta: -12.39816
UnityEngine.DebugLogHandler:Internal_Log(LogType, LogOption, String, Object)
UnityEngine.DebugLogHandler:LogFormat(LogType, Object, String, Object[])
UnityEngine.Logger:Log(LogType, Object)
UnityEngine.Debug:LogError(Object)
Unity.Logging.Sinks.ManagedUnityEngineDebugLogWrapper:WriteFunc(LogLevel, Byte*, Int32)

ClientWorld player simulation path has strayed from int3(-3, 13, -10) to int3(-4, 13, -15), searching for a correction
ClientWorld player simulation path has strayed from int3(-4, 13, -14) to int3(-1, 13, -13), searching for a correction
Large serverTick prediction error. Server tick rollback to Unity.NetCode.NetworkTick delta: -10.50504
UnityEngine.DebugLogHandler:Internal_Log(LogType, LogOption, String, Object)
UnityEngine.DebugLogHandler:LogFormat(LogType, Object, String, Object[])
UnityEngine.Logger:Log(LogType, Object)
UnityEngine.Debug:LogError(Object)
Unity.Logging.Sinks.ManagedUnityEngineDebugLogWrapper:WriteFunc(LogLevel, Byte*, Int32)

ClientWorld player simulation path has strayed from int3(-2, 13, -13) to int3(-4, 13, -15), searching for a correction
Large serverTick prediction error. Server tick rollback to Unity.NetCode.NetworkTick delta: -11.76532
UnityEngine.DebugLogHandler:Internal_Log(LogType, LogOption, String, Object)
UnityEngine.DebugLogHandler:LogFormat(LogType, Object, String, Object[])
UnityEngine.Logger:Log(LogType, Object)
UnityEngine.Debug:LogError(Object)
Unity.Logging.Sinks.ManagedUnityEngineDebugLogWrapper:WriteFunc(LogLevel, Byte*, Int32)

ClientWorld player simulation path has strayed from int3(-3, 13, -15) to int3(-1, 13, -13), searching for a correction
ClientWorld player simulation path has strayed from int3(-1, 13, -14) to int3(-1, 13, -19), searching for a correction
ClientWorld player simulation path has strayed from int3(-1, 13, -18) to int3(2, 13, -17), searching for a correction
ClientWorld player simulation path has strayed from int3(1, 13, -17) to int3(-1, 13, -19), searching for a correction
ClientWorld player simulation path has strayed from int3(0, 13, -19) to int3(2, 13, -17), searching for a correction
Large serverTick prediction error. Server tick rollback to Unity.NetCode.NetworkTick delta: -14.76693
UnityEngine.DebugLogHandler:Internal_Log(LogType, LogOption, String, Object)
UnityEngine.DebugLogHandler:LogFormat(LogType, Object, String, Object[])
UnityEngine.Logger:Log(LogType, Object)
UnityEngine.Debug:LogError(Object)
Unity.Logging.Sinks.ManagedUnityEngineDebugLogWrapper:WriteFunc(LogLevel, Byte*, Int32)

Large serverTick prediction error. Server tick rollback to Unity.NetCode.NetworkTick delta: -12.3699
UnityEngine.DebugLogHandler:Internal_Log(LogType, LogOption, String, Object)
UnityEngine.DebugLogHandler:LogFormat(LogType, Object, String, Object[])
UnityEngine.Logger:Log(LogType, Object)
UnityEngine.Debug:LogError(Object)
Unity.Logging.Sinks.ManagedUnityEngineDebugLogWrapper:WriteFunc(LogLevel, Byte*, Int32)

Large serverTick prediction error. Server tick rollback to Unity.NetCode.NetworkTick delta: -10.68027
UnityEngine.DebugLogHandler:Internal_Log(LogType, LogOption, String, Object)
UnityEngine.DebugLogHandler:LogFormat(LogType, Object, String, Object[])
UnityEngine.Logger:Log(LogType, Object)
UnityEngine.Debug:LogError(Object)
Unity.Logging.Sinks.ManagedUnityEngineDebugLogWrapper:WriteFunc(LogLevel, Byte*, Int32)

ClientWorld player simulation path has strayed from int3(-1, 13, -18) to int3(4, 13, -20), searching for a correction
Large serverTick prediction error. Server tick rollback to Unity.NetCode.NetworkTick delta: -15.53457
UnityEngine.DebugLogHandler:Internal_Log(LogType, LogOption, String, Object)
UnityEngine.DebugLogHandler:LogFormat(LogType, Object, String, Object[])
UnityEngine.Logger:Log(LogType, Object)
UnityEngine.Debug:LogError(Object)
Unity.Logging.Sinks.ManagedUnityEngineDebugLogWrapper:WriteFunc(LogLevel, Byte*, Int32)

ClientWorld player simulation path has strayed from int3(0, 13, -19) to int3(4, 13, -20), searching for a correction
Large serverTick prediction error. Server tick rollback to Unity.NetCode.NetworkTick delta: -10.58508
UnityEngine.DebugLogHandler:Internal_Log(LogType, LogOption, String, Object)
UnityEngine.DebugLogHandler:LogFormat(LogType, Object, String, Object[])
UnityEngine.Logger:Log(LogType, Object)
UnityEngine.Debug:LogError(Object)
Unity.Logging.Sinks.ManagedUnityEngineDebugLogWrapper:WriteFunc(LogLevel, Byte*, Int32)

ClientWorld player simulation path has strayed from int3(3, 13, -20) to int3(1, 13, -22), searching for a correction
Large serverTick prediction error. Server tick rollback to Unity.NetCode.NetworkTick delta: -15.27025
UnityEngine.DebugLogHandler:Internal_Log(LogType, LogOption, String, Object)
UnityEngine.DebugLogHandler:LogFormat(LogType, Object, String, Object[])
UnityEngine.Logger:Log(LogType, Object)
UnityEngine.Debug:LogError(Object)
Unity.Logging.Sinks.ManagedUnityEngineDebugLogWrapper:WriteFunc(LogLevel, Byte*, Int32)

Large serverTick prediction error. Server tick rollback to Unity.NetCode.NetworkTick delta: -12.60118
UnityEngine.DebugLogHandler:Internal_Log(LogType, LogOption, String, Object)
UnityEngine.DebugLogHandler:LogFormat(LogType, Object, String, Object[])
UnityEngine.Logger:Log(LogType, Object)
UnityEngine.Debug:LogError(Object)
Unity.Logging.Sinks.ManagedUnityEngineDebugLogWrapper:WriteFunc(LogLevel, Byte*, Int32)

ClientWorld player simulation path has strayed from int3(3, 13, -20) to int3(-2, 13, -23), searching for a correction
Large serverTick prediction error. Server tick rollback to Unity.NetCode.NetworkTick delta: -12.55337
UnityEngine.DebugLogHandler:Internal_Log(LogType, LogOption, String, Object)
UnityEngine.DebugLogHandler:LogFormat(LogType, Object, String, Object[])
UnityEngine.Logger:Log(LogType, Object)
UnityEngine.Debug:LogError(Object)
Unity.Logging.Sinks.ManagedUnityEngineDebugLogWrapper:WriteFunc(LogLevel, Byte*, Int32)

ClientWorld player simulation path has strayed from int3(2, 13, -20) to int3(-2, 13, -23), searching for a correction
ClientWorld player simulation path has strayed from int3(-1, 13, -23) to int3(0, 13, -20), searching for a correction
Large serverTick prediction error. Server tick rollback to Unity.NetCode.NetworkTick delta: -12.53713
UnityEngine.DebugLogHandler:Internal_Log(LogType, LogOption, String, Object)
UnityEngine.DebugLogHandler:LogFormat(LogType, Object, String, Object[])
UnityEngine.Logger:Log(LogType, Object)
UnityEngine.Debug:LogError(Object)
Unity.Logging.Sinks.ManagedUnityEngineDebugLogWrapper:WriteFunc(LogLevel, Byte*, Int32)

ClientWorld player simulation path has strayed from int3(0, 13, -21) to int3(-2, 13, -23), searching for a correction
ClientWorld player simulation path has strayed from int3(-2, 13, -22) to int3(0, 13, -20), searching for a correction
Large serverTick prediction error. Server tick rollback to Unity.NetCode.NetworkTick delta: -10.37339
UnityEngine.DebugLogHandler:Internal_Log(LogType, LogOption, String, Object)
UnityEngine.DebugLogHandler:LogFormat(LogType, Object, String, Object[])
UnityEngine.Logger:Log(LogType, Object)
UnityEngine.Debug:LogError(Object)
Unity.Logging.Sinks.ManagedUnityEngineDebugLogWrapper:WriteFunc(LogLevel, Byte*, Int32)

ClientWorld player simulation path has strayed from int3(0, 13, -21) to int3(-2, 13, -23), searching for a correction
Large serverTick prediction error. Server tick rollback to Unity.NetCode.NetworkTick delta: -13.34742
UnityEngine.DebugLogHandler:Internal_Log(LogType, LogOption, String, Object)
UnityEngine.DebugLogHandler:LogFormat(LogType, Object, String, Object[])
UnityEngine.Logger:Log(LogType, Object)
UnityEngine.Debug:LogError(Object)
Unity.Logging.Sinks.ManagedUnityEngineDebugLogWrapper:WriteFunc(LogLevel, Byte*, Int32)

ClientWorld player simulation path has strayed from int3(-2, 13, -22) to int3(-4, 13, -26), searching for a correction
Large serverTick prediction error. Server tick rollback to Unity.NetCode.NetworkTick delta: -11.87782
UnityEngine.DebugLogHandler:Internal_Log(LogType, LogOption, String, Object)
UnityEngine.DebugLogHandler:LogFormat(LogType, Object, String, Object[])
UnityEngine.Logger:Log(LogType, Object)
UnityEngine.Debug:LogError(Object)
Unity.Logging.Sinks.ManagedUnityEngineDebugLogWrapper:WriteFunc(LogLevel, Byte*, Int32)

Large serverTick prediction error. Server tick rollback to Unity.NetCode.NetworkTick delta: -10.57258
UnityEngine.DebugLogHandler:Internal_Log(LogType, LogOption, String, Object)
UnityEngine.DebugLogHandler:LogFormat(LogType, Object, String, Object[])
UnityEngine.Logger:Log(LogType, Object)
UnityEngine.Debug:LogError(Object)
Unity.Logging.Sinks.ManagedUnityEngineDebugLogWrapper:WriteFunc(LogLevel, Byte*, Int32)

ClientWorld player simulation path has strayed from int3(-4, 13, -24) to int3(-5, 13, -27), searching for a correction
Large serverTick prediction error. Server tick rollback to Unity.NetCode.NetworkTick delta: -17.81282
UnityEngine.DebugLogHandler:Internal_Log(LogType, LogOption, String, Object)
UnityEngine.DebugLogHandler:LogFormat(LogType, Object, String, Object[])
UnityEngine.Logger:Log(LogType, Object)
UnityEngine.Debug:LogError(Object)
Unity.Logging.Sinks.ManagedUnityEngineDebugLogWrapper:WriteFunc(LogLevel, Byte*, Int32)

Large serverTick prediction error. Server tick rollback to Unity.NetCode.NetworkTick delta: -10.52265
UnityEngine.DebugLogHandler:Internal_Log(LogType, LogOption, String, Object)
UnityEngine.DebugLogHandler:LogFormat(LogType, Object, String, Object[])
UnityEngine.Logger:Log(LogType, Object)
UnityEngine.Debug:LogError(Object)
Unity.Logging.Sinks.ManagedUnityEngineDebugLogWrapper:WriteFunc(LogLevel, Byte*, Int32)

Large serverTick prediction error. Server tick rollback to Unity.NetCode.NetworkTick delta: -15.38251
UnityEngine.DebugLogHandler:Internal_Log(LogType, LogOption, String, Object)
UnityEngine.DebugLogHandler:LogFormat(LogType, Object, String, Object[])
UnityEngine.Logger:Log(LogType, Object)
UnityEngine.Debug:LogError(Object)
Unity.Logging.Sinks.ManagedUnityEngineDebugLogWrapper:WriteFunc(LogLevel, Byte*, Int32)

ClientWorld player simulation path has strayed from int3(-2, 13, -22) to int3(-4, 13, -26), searching for a correction
Large serverTick prediction error. Server tick rollback to Unity.NetCode.NetworkTick delta: -11.48899
UnityEngine.DebugLogHandler:Internal_Log(LogType, LogOption, String, Object)
UnityEngine.DebugLogHandler:LogFormat(LogType, Object, String, Object[])
UnityEngine.Logger:Log(LogType, Object)
UnityEngine.Debug:LogError(Object)
Unity.Logging.Sinks.ManagedUnityEngineDebugLogWrapper:WriteFunc(LogLevel, Byte*, Int32)

Large serverTick prediction error. Server tick rollback to Unity.NetCode.NetworkTick delta: -10.50255
UnityEngine.DebugLogHandler:Internal_Log(LogType, LogOption, String, Object)
UnityEngine.DebugLogHandler:LogFormat(LogType, Object, String, Object[])
UnityEngine.Logger:Log(LogType, Object)
UnityEngine.Debug:LogError(Object)
Unity.Logging.Sinks.ManagedUnityEngineDebugLogWrapper:WriteFunc(LogLevel, Byte*, Int32)

ClientWorld player simulation path has strayed from int3(-4, 13, -23) to int3(-4, 13, -26), searching for a correction
Large serverTick prediction error. Server tick rollback to Unity.NetCode.NetworkTick delta: -10.69391
UnityEngine.DebugLogHandler:Internal_Log(LogType, LogOption, String, Object)
UnityEngine.DebugLogHandler:LogFormat(LogType, Object, String, Object[])
UnityEngine.Logger:Log(LogType, Object)
UnityEngine.Debug:LogError(Object)
Unity.Logging.Sinks.ManagedUnityEngineDebugLogWrapper:WriteFunc(LogLevel, Byte*, Int32)

ClientWorld player simulation path has strayed from int3(-4, 13, -24) to int3(1, 13, -28), searching for a correction
Large serverTick prediction error. Server tick rollback to Unity.NetCode.NetworkTick delta: -15.46804
UnityEngine.DebugLogHandler:Internal_Log(LogType, LogOption, String, Object)
UnityEngine.DebugLogHandler:LogFormat(LogType, Object, String, Object[])
UnityEngine.Logger:Log(LogType, Object)
UnityEngine.Debug:LogError(Object)
Unity.Logging.Sinks.ManagedUnityEngineDebugLogWrapper:WriteFunc(LogLevel, Byte*, Int32)

Large serverTick prediction error. Server tick rollback to Unity.NetCode.NetworkTick delta: -11.49201
UnityEngine.DebugLogHandler:Internal_Log(LogType, LogOption, String, Object)
UnityEngine.DebugLogHandler:LogFormat(LogType, Object, String, Object[])
UnityEngine.Logger:Log(LogType, Object)
UnityEngine.Debug:LogError(Object)
Unity.Logging.Sinks.ManagedUnityEngineDebugLogWrapper:WriteFunc(LogLevel, Byte*, Int32)

ClientWorld player simulation path has strayed from int3(-3, 13, -26) to int3(1, 13, -28), searching for a correction
Large serverTick prediction error. Server tick rollback to Unity.NetCode.NetworkTick delta: -10.43565
UnityEngine.DebugLogHandler:Internal_Log(LogType, LogOption, String, Object)
UnityEngine.DebugLogHandler:LogFormat(LogType, Object, String, Object[])
UnityEngine.Logger:Log(LogType, Object)
UnityEngine.Debug:LogError(Object)
Unity.Logging.Sinks.ManagedUnityEngineDebugLogWrapper:WriteFunc(LogLevel, Byte*, Int32)

Large serverTick prediction error. Server tick rollback to Unity.NetCode.NetworkTick delta: -10.46696
UnityEngine.DebugLogHandler:Internal_Log(LogType, LogOption, String, Object)
UnityEngine.DebugLogHandler:LogFormat(LogType, Object, String, Object[])
UnityEngine.Logger:Log(LogType, Object)
UnityEngine.Debug:LogError(Object)
Unity.Logging.Sinks.ManagedUnityEngineDebugLogWrapper:WriteFunc(LogLevel, Byte*, Int32)

Large serverTick prediction error. Server tick rollback to Unity.NetCode.NetworkTick delta: -14.56183
UnityEngine.DebugLogHandler:Internal_Log(LogType, LogOption, String, Object)
UnityEngine.DebugLogHandler:LogFormat(LogType, Object, String, Object[])
UnityEngine.Logger:Log(LogType, Object)
UnityEngine.Debug:LogError(Object)
Unity.Logging.Sinks.ManagedUnityEngineDebugLogWrapper:WriteFunc(LogLevel, Byte*, Int32)

ClientWorld player simulation path has strayed from int3(-1, 13, -28) to int3(-1, 13, -23), searching for a correction
Large serverTick prediction error. Server tick rollback to Unity.NetCode.NetworkTick delta: -10.51634
UnityEngine.DebugLogHandler:Internal_Log(LogType, LogOption, String, Object)
UnityEngine.DebugLogHandler:LogFormat(LogType, Object, String, Object[])
UnityEngine.Logger:Log(LogType, Object)
UnityEngine.Debug:LogError(Object)
Unity.Logging.Sinks.ManagedUnityEngineDebugLogWrapper:WriteFunc(LogLevel, Byte*, Int32)

Large serverTick prediction error. Server tick rollback to Unity.NetCode.NetworkTick delta: -10.3838
UnityEngine.DebugLogHandler:Internal_Log(LogType, LogOption, String, Object)
UnityEngine.DebugLogHandler:LogFormat(LogType, Object, String, Object[])
UnityEngine.Logger:Log(LogType, Object)
UnityEngine.Debug:LogError(Object)
Unity.Logging.Sinks.ManagedUnityEngineDebugLogWrapper:WriteFunc(LogLevel, Byte*, Int32)

Large serverTick prediction error. Server tick rollback to Unity.NetCode.NetworkTick delta: -10.42034
UnityEngine.DebugLogHandler:Internal_Log(LogType, LogOption, String, Object)
UnityEngine.DebugLogHandler:LogFormat(LogType, Object, String, Object[])
UnityEngine.Logger:Log(LogType, Object)
UnityEngine.Debug:LogError(Object)
Unity.Logging.Sinks.ManagedUnityEngineDebugLogWrapper:WriteFunc(LogLevel, Byte*, Int32)

ClientWorld player simulation path has strayed from int3(-1, 13, -26) to int3(-1, 13, -23), searching for a correction
ClientWorld player simulation path has strayed from int3(-1, 13, -26) to int3(-2, 13, -23), searching for a correction
Large serverTick prediction error. Server tick rollback to Unity.NetCode.NetworkTick delta: -10.34231
UnityEngine.DebugLogHandler:Internal_Log(LogType, LogOption, String, Object)
UnityEngine.DebugLogHandler:LogFormat(LogType, Object, String, Object[])
UnityEngine.Logger:Log(LogType, Object)
UnityEngine.Debug:LogError(Object)
Unity.Logging.Sinks.ManagedUnityEngineDebugLogWrapper:WriteFunc(LogLevel, Byte*, Int32)

ClientWorld player simulation path has strayed from int3(-4, 13, -24) to int3(-4, 13, -21), searching for a correction
Large serverTick prediction error. Server tick rollback to Unity.NetCode.NetworkTick delta: -11.44575
UnityEngine.DebugLogHandler:Internal_Log(LogType, LogOption, String, Object)
UnityEngine.DebugLogHandler:LogFormat(LogType, Object, String, Object[])
UnityEngine.Logger:Log(LogType, Object)
UnityEngine.Debug:LogError(Object)
Unity.Logging.Sinks.ManagedUnityEngineDebugLogWrapper:WriteFunc(LogLevel, Byte*, Int32)

Large serverTick prediction error. Server tick rollback to Unity.NetCode.NetworkTick delta: -10.40798
UnityEngine.DebugLogHandler:Internal_Log(LogType, LogOption, String, Object)
UnityEngine.DebugLogHandler:LogFormat(LogType, Object, String, Object[])
UnityEngine.Logger:Log(LogType, Object)
UnityEngine.Debug:LogError(Object)
Unity.Logging.Sinks.ManagedUnityEngineDebugLogWrapper:WriteFunc(LogLevel, Byte*, Int32)

ClientWorld player simulation path has strayed from int3(-3, 13, -23) to int3(-2, 13, -29), searching for a correction
ClientWorld player simulation path has strayed from int3(-2, 13, -28) to int3(-2, 13, -32), searching for a correction
Large serverTick prediction error. Server tick rollback to Unity.NetCode.NetworkTick delta: -17.88657
UnityEngine.DebugLogHandler:Internal_Log(LogType, LogOption, String, Object)
UnityEngine.DebugLogHandler:LogFormat(LogType, Object, String, Object[])
UnityEngine.Logger:Log(LogType, Object)
UnityEngine.Debug:LogError(Object)
Unity.Logging.Sinks.ManagedUnityEngineDebugLogWrapper:WriteFunc(LogLevel, Byte*, Int32)

ClientWorld player simulation path has strayed from int3(-2, 13, -29) to int3(-2, 13, -32), searching for a correction
Large serverTick prediction error. Server tick rollback to Unity.NetCode.NetworkTick delta: -15.58012
UnityEngine.DebugLogHandler:Internal_Log(LogType, LogOption, String, Object)
UnityEngine.DebugLogHandler:LogFormat(LogType, Object, String, Object[])
UnityEngine.Logger:Log(LogType, Object)
UnityEngine.Debug:LogError(Object)
Unity.Logging.Sinks.ManagedUnityEngineDebugLogWrapper:WriteFunc(LogLevel, Byte*, Int32)

ClientWorld player simulation path has strayed from int3(0, 13, -22) to int3(-2, 13, -29), searching for a correction
Large serverTick prediction error. Server tick rollback to Unity.NetCode.NetworkTick delta: -23.46414
UnityEngine.DebugLogHandler:Internal_Log(LogType, LogOption, String, Object)
UnityEngine.DebugLogHandler:LogFormat(LogType, Object, String, Object[])
UnityEngine.Logger:Log(LogType, Object)
UnityEngine.Debug:LogError(Object)
Unity.Logging.Sinks.ManagedUnityEngineDebugLogWrapper:WriteFunc(LogLevel, Byte*, Int32)

Large serverTick prediction error. Server tick rollback to Unity.NetCode.NetworkTick delta: -19.39588
UnityEngine.DebugLogHandler:Internal_Log(LogType, LogOption, String, Object)
UnityEngine.DebugLogHandler:LogFormat(LogType, Object, String, Object[])
UnityEngine.Logger:Log(LogType, Object)
UnityEngine.Debug:LogError(Object)
Unity.Logging.Sinks.ManagedUnityEngineDebugLogWrapper:WriteFunc(LogLevel, Byte*, Int32)

Large serverTick prediction error. Server tick rollback to Unity.NetCode.NetworkTick delta: -16.66819
UnityEngine.DebugLogHandler:Internal_Log(LogType, LogOption, String, Object)
UnityEngine.DebugLogHandler:LogFormat(LogType, Object, String, Object[])
UnityEngine.Logger:Log(LogType, Object)
UnityEngine.Debug:LogError(Object)
Unity.Logging.Sinks.ManagedUnityEngineDebugLogWrapper:WriteFunc(LogLevel, Byte*, Int32)

Large serverTick prediction error. Server tick rollback to Unity.NetCode.NetworkTick delta: -14.47236
UnityEngine.DebugLogHandler:Internal_Log(LogType, LogOption, String, Object)
UnityEngine.DebugLogHandler:LogFormat(LogType, Object, String, Object[])
UnityEngine.Logger:Log(LogType, Object)
UnityEngine.Debug:LogError(Object)
Unity.Logging.Sinks.ManagedUnityEngineDebugLogWrapper:WriteFunc(LogLevel, Byte*, Int32)

ClientWorld player simulation path has strayed from int3(0, 13, -21) to int3(-2, 13, -29), searching for a correction
Large serverTick prediction error. Server tick rollback to Unity.NetCode.NetworkTick delta: -19.61877
UnityEngine.DebugLogHandler:Internal_Log(LogType, LogOption, String, Object)
UnityEngine.DebugLogHandler:LogFormat(LogType, Object, String, Object[])
UnityEngine.Logger:Log(LogType, Object)
UnityEngine.Debug:LogError(Object)
Unity.Logging.Sinks.ManagedUnityEngineDebugLogWrapper:WriteFunc(LogLevel, Byte*, Int32)

Large serverTick prediction error. Server tick rollback to Unity.NetCode.NetworkTick delta: -16.77657
UnityEngine.DebugLogHandler:Internal_Log(LogType, LogOption, String, Object)
UnityEngine.DebugLogHandler:LogFormat(LogType, Object, String, Object[])
UnityEngine.Logger:Log(LogType, Object)
UnityEngine.Debug:LogError(Object)
Unity.Logging.Sinks.ManagedUnityEngineDebugLogWrapper:WriteFunc(LogLevel, Byte*, Int32)

Large serverTick prediction error. Server tick rollback to Unity.NetCode.NetworkTick delta: -13.43729
UnityEngine.DebugLogHandler:Internal_Log(LogType, LogOption, String, Object)
UnityEngine.DebugLogHandler:LogFormat(LogType, Object, String, Object[])
UnityEngine.Logger:Log(LogType, Object)
UnityEngine.Debug:LogError(Object)
Unity.Logging.Sinks.ManagedUnityEngineDebugLogWrapper:WriteFunc(LogLevel, Byte*, Int32)

ClientWorld player simulation path has strayed from int3(0, 13, -23) to int3(-2, 13, -29), searching for a correction
Large serverTick prediction error. Server tick rollback to Unity.NetCode.NetworkTick delta: -25.36352
UnityEngine.DebugLogHandler:Internal_Log(LogType, LogOption, String, Object)
UnityEngine.DebugLogHandler:LogFormat(LogType, Object, String, Object[])
UnityEngine.Logger:Log(LogType, Object)
UnityEngine.Debug:LogError(Object)
Unity.Logging.Sinks.ManagedUnityEngineDebugLogWrapper:WriteFunc(LogLevel, Byte*, Int32)

Large serverTick prediction error. Server tick rollback to Unity.NetCode.NetworkTick delta: -20.61118
UnityEngine.DebugLogHandler:Internal_Log(LogType, LogOption, String, Object)
UnityEngine.DebugLogHandler:LogFormat(LogType, Object, String, Object[])
UnityEngine.Logger:Log(LogType, Object)
UnityEngine.Debug:LogError(Object)
Unity.Logging.Sinks.ManagedUnityEngineDebugLogWrapper:WriteFunc(LogLevel, Byte*, Int32)

ClientWorld player simulation path has strayed from int3(-2, 13, -26) to int3(-2, 13, -29), searching for a correction
Large serverTick prediction error. Server tick rollback to Unity.NetCode.NetworkTick delta: -19.57896
UnityEngine.DebugLogHandler:Internal_Log(LogType, LogOption, String, Object)
UnityEngine.DebugLogHandler:LogFormat(LogType, Object, String, Object[])
UnityEngine.Logger:Log(LogType, Object)
UnityEngine.Debug:LogError(Object)
Unity.Logging.Sinks.ManagedUnityEngineDebugLogWrapper:WriteFunc(LogLevel, Byte*, Int32)

[12:19:46.2558000]:[ClientWorld] Connection disconnected ID:140 Reason:ClosedByRemote
Caught fatal signal - signo:15 code:0 errno:0 addr:0x15020009a646
Obtained 18 stack frames.
#0  0x007f770d9549c9 in PlayerMain(int, char**)
#1  0x007f770d9494b7 in (Unknown)
#2  0x007f770b6b1c20 in funlockfile
#3  0x007f7648be8241 in GC_mark_from
#4  0x007f7648be4339 in GC_mark_some
#5  0x007f7648be34cd in GC_stopped_mark
#6  0x007f7648be2b2c in GC_maybe_gc
#7  0x007f7648be4117 in GC_collect_a_little_inner
#8  0x007f7648be2a75 in GC_collect_a_little
#9  0x007f770d894088 in (Unknown)
#10 0x007f770d89417e in (Unknown)
#11 0x007f770d3df373 in (Unknown)
#12 0x007f770d3cc247 in (Unknown)
#13 0x007f770d3cc201 in (Unknown)
#14 0x007f770d3cc570 in (Unknown)
#15 0x007f770d94b077 in PlayerMain(int, char**)
#16 0x007f770b2fd493 in __libc_start_main
#17 0x00000000201029 in _start
Setting up 12 worker threads for Enlighten.
Writing stats to file
Calling DomainUnloadOrPlayModeChangeShutdown!
Caught fatal signal - signo:11 code:1 errno:0 addr:0x48
Obtained 25 stack frames.
#0  0x007f770d9549c9 in PlayerMain(int, char**)
#1  0x007f770d9494b7 in (Unknown)
#2  0x007f770b6b1c20 in funlockfile
#3  0x007f770d30cff3 in (Unknown)
#4  0x007f770d30d671 in (Unknown)
#5  0x007f770d2ede7a in (Unknown)
#6  0x007f770dce942e in PlayerMain(int, char**)
#7  0x007f770cc9b426 in (Unknown)
#8  0x007f764dc42320 in ContentLoadInterface_ContentFile_UnloadAsync_Injected_mBD2F1D561285B0DE37DCDA4DEA75931201B5E680
#9  0x007f764dc4178f in ContentLoadInterface_ContentFile_UnloadAsync_m197A3C60564D4E9F9049BAD57B46FB404A8F17BD
#10 0x007f764dc41635 in ContentFile_UnloadAsync_mF35518E83FCF4C1701AF2C6CEBF7E507490481D6
#11 0x007f764ceb956a in RuntimeContentManager_ReleaseFile_m12EDB377B39EF4D01B3268E711303D79747A4F4C
#12 0x007f764ceb745c in RuntimeContentManager_ReleaseObjectImpl_m84E24B7727CAA367D95ABC97FC529A5594840414
#13 0x007f764ceb5ae8 in RuntimeContentManager_Cleanup_m6436DF58ED05204D0A7DFACFB212018BD6B813FD
#14 0x007f764ceb6f38 in RuntimeContentManager_OnShutdown_m09B1F0AD37BE7168472DDB84F55C43F02CD40113
#15 0x007f76489b2e76 in EventHandler_Invoke_m9D3126CBE291A3E7E7C304094E1DA846832F9B96_Multicast(EventHandler_tC6323FD7E6163F965259C33D72612C0E5B9BAB82*, Il2CppObject*, EventArgs_t37273F03EAC87217701DD431B190FBD84AD7C377*, MethodInfo const*)
#16 0x007f764c3247b0 in EventHandler_Invoke_m9D3126CBE291A3E7E7C304094E1DA846832F9B96
#17 0x007f7648b5d073 in il2cpp::vm::Runtime::InvokeWithThrow(MethodInfo const*, void*, void**)
#18 0x007f7648b5cfdb in il2cpp::vm::Runtime::Invoke(MethodInfo const*, void*, void**, Il2CppException**)
#19 0x007f7648b5cb1c in il2cpp::vm::Runtime::Shutdown()
#20 0x007f770d8a2f56 in (Unknown)
#21 0x007f770d3de658 in (Unknown)
#22 0x007f770d94aee6 in PlayerMain(int, char**)
#23 0x007f770b2fd493 in __libc_start_main
#24 0x00000000201029 in _start
