[UnityMemory] Configuration Parameters - Can be set up in boot.config
    "memorysetup-bucket-allocator-granularity=16"
    "memorysetup-bucket-allocator-bucket-count=8"
    "memorysetup-bucket-allocator-block-size=4194304"
    "memorysetup-bucket-allocator-block-count=1"
    "memorysetup-main-allocator-block-size=16777216"
    "memorysetup-thread-allocator-block-size=16777216"
    "memorysetup-gfx-main-allocator-block-size=16777216"
    "memorysetup-gfx-thread-allocator-block-size=16777216"
    "memorysetup-cache-allocator-block-size=4194304"
    "memorysetup-typetree-allocator-block-size=2097152"
    "memorysetup-profiler-bucket-allocator-granularity=16"
    "memorysetup-profiler-bucket-allocator-bucket-count=8"
    "memorysetup-profiler-bucket-allocator-block-size=4194304"
    "memorysetup-profiler-bucket-allocator-block-count=1"
    "memorysetup-profiler-allocator-block-size=16777216"
    "memorysetup-profiler-editor-allocator-block-size=1048576"
    "memorysetup-temp-allocator-size-main=4194304"
    "memorysetup-job-temp-allocator-block-size=2097152"
    "memorysetup-job-temp-allocator-block-size-background=1048576"
    "memorysetup-job-temp-allocator-reduction-small-platforms=262144"
    "memorysetup-allocator-temp-initial-block-size-main=262144"
    "memorysetup-allocator-temp-initial-block-size-worker=262144"
    "memorysetup-temp-allocator-size-background-worker=32768"
    "memorysetup-temp-allocator-size-job-worker=262144"
    "memorysetup-temp-allocator-size-preload-manager=262144"
    "memorysetup-temp-allocator-size-nav-mesh-worker=65536"
    "memorysetup-temp-allocator-size-audio-worker=65536"
    "memorysetup-temp-allocator-size-cloud-worker=32768"
    "memorysetup-temp-allocator-size-gfx=262144"
Remaining time:29s
Found 2 interfaces on host : 0) 10.141.0.13 1) 10.149.0.13
Player connection [140307146989440] Multi-casting "[IP] 10.141.0.13 [Port] 55005 [Flags] 19 [Guid] 742594471 [EditorId] 3988235067 [Version] 1048832 [Id] LinuxPlayer(13,10.141.0.13) [Debug] 0 [PackageName] LinuxPlayer [ProjectName] Opencraft" to [225.0.0.222:54997]...

Direct connection to host time out.
Stopping profiler. Profiler is not able to flush data to a file or socket and exceeded maximum allowed memory for buffering.
Please use Profiler.maxUsedMemory API or -profiler-maxusedmemory command line parameter to increase maximum allowed memory usage.
Using 134234112 bytes while Profiler.maxUsedMemory is 134217728 bytes.
Failed to initialize networking layer after 30 seconds, skipping waiting for connection before starting playback.
Preloaded 'lib_burst_generated.so'
Preloaded 'libwebrtc.so'
[Physics::Module] Initialized MultithreadedJobDispatcher with 47 workers.
Initialize engine version: 2022.3.16f1 (d2c21f0ef2f1)
[Subsystems] Discovering subsystems at path /var/scratch/zmr280/opencraft/opencraft_Data/UnitySubsystems
Forcing GfxDevice: Null
GfxDevice: creating device client; threaded=0; jobified=0
NullGfxDevice:
    Version:  NULL 1.0 [1.0]
    Renderer: Null Device
    Vendor:   Unity Technologies
ERROR: Shader Hidden/Universal Render Pipeline/Blit shader is not supported on this GPU (none of subshaders/fallbacks are suitable)
ERROR: Shader Hidden/Universal Render Pipeline/CopyDepth shader is not supported on this GPU (none of subshaders/fallbacks are suitable)
ERROR: Shader Hidden/Universal Render Pipeline/Sampling shader is not supported on this GPU (none of subshaders/fallbacks are suitable)
ERROR: Shader Hidden/Universal Render Pipeline/LutBuilderLdr shader is not supported on this GPU (none of subshaders/fallbacks are suitable)
ERROR: Shader Hidden/Universal Render Pipeline/LutBuilderHdr shader is not supported on this GPU (none of subshaders/fallbacks are suitable)
ERROR: Shader Hidden/Universal Render Pipeline/UberPost shader is not supported on this GPU (none of subshaders/fallbacks are suitable)
ERROR: Shader Hidden/Universal Render Pipeline/Debug/DebugReplacement shader is not supported on this GPU (none of subshaders/fallbacks are suitable)
ERROR: Shader Hidden/Universal/HDRDebugView shader is not supported on this GPU (none of subshaders/fallbacks are suitable)
WARNING: Shader Unsupported: 'Hidden/Universal Render Pipeline/FallbackError' - All subshaders removed
WARNING: Shader Did you use #pragma only_renderers and omit this platform?
WARNING: Shader If subshaders removal was intentional, you may have forgotten turning Fallback off?
ERROR: Shader Hidden/Universal Render Pipeline/FallbackError shader is not supported on this GPU (none of subshaders/fallbacks are suitable)
WARNING: Shader Unsupported: 'Hidden/Universal Render Pipeline/FallbackError' - All subshaders removed
WARNING: Shader Did you use #pragma only_renderers and omit this platform?
WARNING: Shader If subshaders removal was intentional, you may have forgotten turning Fallback off?
WARNING: Shader Unsupported: 'Hidden/Universal Render Pipeline/StencilDeferred' - All subshaders removed
WARNING: Shader Did you use #pragma only_renderers and omit this platform?
WARNING: Shader If subshaders removal was intentional, you may have forgotten turning Fallback off?
ERROR: Shader Hidden/Universal Render Pipeline/StencilDeferred shader is not supported on this GPU (none of subshaders/fallbacks are suitable)
WARNING: Shader Unsupported: 'Hidden/Universal Render Pipeline/StencilDeferred' - All subshaders removed
WARNING: Shader Did you use #pragma only_renderers and omit this platform?
WARNING: Shader If subshaders removal was intentional, you may have forgotten turning Fallback off?
ERROR: Shader Hidden/Universal Render Pipeline/CameraMotionVectors shader is not supported on this GPU (none of subshaders/fallbacks are suitable)
ERROR: Shader Hidden/Universal Render Pipeline/ObjectMotionVectors shader is not supported on this GPU (none of subshaders/fallbacks are suitable)
ERROR: Shader Hidden/Universal Render Pipeline/LensFlareDataDriven shader is not supported on this GPU (none of subshaders/fallbacks are suitable)
ERROR: Shader Hidden/Universal Render Pipeline/ScreenSpaceAmbientOcclusion shader is not supported on this GPU (none of subshaders/fallbacks are suitable)
ERROR: Shader Hidden/Universal Render Pipeline/Stop NaN shader is not supported on this GPU (none of subshaders/fallbacks are suitable)
ERROR: Shader Hidden/Universal Render Pipeline/SubpixelMorphologicalAntialiasing shader is not supported on this GPU (none of subshaders/fallbacks are suitable)
ERROR: Shader Hidden/Universal Render Pipeline/TemporalAA shader is not supported on this GPU (none of subshaders/fallbacks are suitable)
ERROR: Shader Hidden/Universal Render Pipeline/Scaling Setup shader is not supported on this GPU (none of subshaders/fallbacks are suitable)
ERROR: Shader Hidden/Universal Render Pipeline/Edge Adaptive Spatial Upsampling shader is not supported on this GPU (none of subshaders/fallbacks are suitable)
ERROR: Shader Hidden/Universal Render Pipeline/FinalPost shader is not supported on this GPU (none of subshaders/fallbacks are suitable)
ERROR: Shader Sprites/Default shader is not supported on this GPU (none of subshaders/fallbacks are suitable)
ERROR: Shader Sprites/Mask shader is not supported on this GPU (none of subshaders/fallbacks are suitable)
ERROR: Shader GUI/Text Shader shader is not supported on this GPU (none of subshaders/fallbacks are suitable)
UnloadTime: 1.465879 ms
Parsing args: /var/scratch/zmr280/opencraft/opencraft.x86_64, -batchmode, -nographics, -logStats, True, -serverUrl, 10.141.0.1, -statsFile, /var/scratch/zmr280/runs/pareto-activeLogic_5-Layer_8x_6z_200p_120s/opencraft_stats/client56.csv, -userID, 56, -playType, Client, -emulationType, Simulation
Setting up worlds with playType Client and streaming role Disabled
Adding type with UniqueSystemAttribute: StatisticsSystem
Adding type with UniqueSystemAttribute: StatisticsSystem
Failed to create websocket: System.Net.Sockets.SocketException (0x80004005): Address already in use
  at System.Net.Sockets.Socket.Bind (System.Net.EndPoint localEP) [0x00000] in <00000000000000000000000000000000>:0 
  at Unity.NetCode.DebugWebSocket..ctor (System.UInt16 port) [0x00000] in <00000000000000000000000000000000>:0 
  at Unity.NetCode.GhostStatsConnection..ctor () [0x00000] in <00000000000000000000000000000000>:0 
  at Unity.NetCode.GhostStatsFlushSystem.OnCreate () [0x00000] in <00000000000000000000000000000000>:0 
  at Unity.Entities.ComponentSystemBase.CreateInstance (Unity.Entities.World world) [0x00000] in <00000000000000000000000000000000>:0 
  at Unity.Entities.World.AddSystem_OnCreate_Internal (Unity.Entities.ComponentSystemBase system) [0x00000] in <00000000000000000000000000000000>:0 
  at Unity.Entities.World.GetOrCreateSystemsAndLogException (Unity.Collections.NativeList`1[T] types, System.Int32 typesCount, Unity.Collections.AllocatorManager+AllocatorHandle allocator) [0x00000] in <00000000000000000000000000000000>:0 
  at Unity.Entities.World.GetOrCreateSystemsAndLogException (Unity.Collections.NativeList`1[T] types, Unity.Collections.AllocatorManager+AllocatorHandle allocator) [0x00000] in <00000000000000000000000000000000>:0 
  at Unity.Entities.DefaultWorldInitialization.AddSystemToRootLevelSystemGroupsInternal[T] (Unity.Entities.World world, Unity.Collections.NativeList`1[T] systemTypesOrig, Unity.Entities.ComponentSystemGroup defaultGroup, T rootGroups) [0x00000] in <00000000000000000000000000000000>:0 
  at Unity.Entities.DefaultWorldInitialization.AddSystemToRootLevelSystemGroupsInternal (Unity.Entities.World world, Unity.Collections.NativeList`1[T] systemTypesOrig) [0x00000] in <00000000000000000000000000000000>:0 
  at Unity.Entities.DefaultWorldInitialization.AddSystemsToRootLevelSystemGroups (Unity.Entities.World world, System.Collections.Generic.IReadOnlyList`1[T] systemTypes) [0x00000] in <00000000000000000000000000000000>:0 
  at PolkaDOTS.Bootstrap.GameBootstrap.CreateClientWorld (System.String name, Unity.Entities.WorldFlags flags, System.Collections.Generic.IReadOnlyList`1[T] systems) [0x00000] in <00000000000000000000000000000000>:0 
  at PolkaDOTS.Bootstrap.GameBootstrap.CreateDefaultClientWorld (System.String worldName, System.Boolean isHost, System.Boolean isCloudHost) [0x00000] in <00000000000000000000000000000000>:0 
  at PolkaDOTS.Bootstrap.GameBootstrap.SetupWorlds (PolkaDOTS.Deployment.MultiplayStreamingRoles mRole, PolkaDOTS.Bootstrap.GameBootstrap+BootstrapPlayTypes playTypes, Unity.Collections.NativeList`1[Unity.Entities.WorldUnmanaged]& worldReferences, System.Int32 numSimulatedClients, System.Boolean autoStart, System.Boolean autoConnect, System.String serverUrl, System.UInt16 serverPort, System.String signalingUrl, System.String worldName) [0x00000] in <00000000000000000000000000000000>:0 
  at PolkaDOTS.Bootstrap.GameBootstrap.SetupWorldsFromLocalConfig () [0x00000] in <00000000000000000000000000000000>:0 
  at PolkaDOTS.Bootstrap.GameBootstrap.Initialize (System.String defaultWorldName) [0x00000] in <00000000000000000000000000000000>:0 
  at Unity.Entities.CustomWorldInitialization.Initialize (System.String defaultWorldName, System.Boolean editorWorld) [0x00000] in <00000000000000000000000000000000>:0 
  at Unity.Entities.CustomAutomaticWorldBootstrap.Initialize () [0x00000] in <00000000000000000000000000000000>:0 
UnityEngine.DebugLogHandler:Internal_Log(LogType, LogOption, String, Object)
UnityEngine.DebugLogHandler:LogFormat(LogType, Object, String, Object[])
UnityEngine.Logger:Log(LogType, Object)
UnityEngine.Debug:LogError(Object)
Unity.NetCode.DebugWebSocket:.ctor(UInt16)
Unity.NetCode.GhostStatsConnection:.ctor()
Unity.NetCode.GhostStatsFlushSystem:OnCreate()
Unity.Entities.ComponentSystemBase:CreateInstance(World)
Unity.Entities.World:AddSystem_OnCreate_Internal(ComponentSystemBase)
Unity.Entities.World:GetOrCreateSystemsAndLogException(NativeList`1, Int32, AllocatorHandle)
Unity.Entities.World:GetOrCreateSystemsAndLogException(NativeList`1, AllocatorHandle)
Unity.Entities.DefaultWorldInitialization:AddSystemToRootLevelSystemGroupsInternal(World, NativeList`1, ComponentSystemGroup, T)
Unity.Entities.DefaultWorldInitialization:AddSystemToRootLevelSystemGroupsInternal(World, NativeList`1)
Unity.Entities.DefaultWorldInitialization:AddSystemsToRootLevelSystemGroups(World, IReadOnlyList`1)
PolkaDOTS.Bootstrap.GameBootstrap:CreateClientWorld(String, WorldFlags, IReadOnlyList`1)
PolkaDOTS.Bootstrap.GameBootstrap:CreateDefaultClientWorld(String, Boolean, Boolean)
PolkaDOTS.Bootstrap.GameBootstrap:SetupWorlds(MultiplayStreamingRoles, BootstrapPlayTypes, NativeList`1&, Int32, Boolean, Boolean, String, UInt16, String, String)
PolkaDOTS.Bootstrap.GameBootstrap:SetupWorldsFromLocalConfig()
PolkaDOTS.Bootstrap.GameBootstrap:Initialize(String)
Unity.Entities.CustomWorldInitialization:Initialize(String, Boolean)
Unity.Entities.CustomAutomaticWorldBootstrap:Initialize()

Adding world ClientWorld to update list
Connecting worlds with playType Client and streaming role Disabled
Created connection request for 10.141.0.1:7979
Creating statistics writer!
Recorder [ServerFixedUpdate] is invalid!
UnityEngine.DebugLogHandler:Internal_Log(LogType, LogOption, String, Object)
UnityEngine.DebugLogHandler:LogFormat(LogType, Object, String, Object[])
UnityEngine.Logger:Log(LogType, Object)
UnityEngine.Debug:LogWarning(Object)
PolkaDOTS.Statistics.StatisticsWriter:.ctor()
PolkaDOTS.Statistics.StatisticsWriterInstance:Awake()

Recorder [TerrainGeneration] is invalid!
UnityEngine.DebugLogHandler:Internal_Log(LogType, LogOption, String, Object)
UnityEngine.DebugLogHandler:LogFormat(LogType, Object, String, Object[])
UnityEngine.Logger:Log(LogType, Object)
UnityEngine.Debug:LogWarning(Object)
PolkaDOTS.Statistics.StatisticsWriter:.ctor()
PolkaDOTS.Statistics.StatisticsWriterInstance:Awake()

Recorder [PlayerTerrainGenCheck] is invalid!
UnityEngine.DebugLogHandler:Internal_Log(LogType, LogOption, String, Object)
UnityEngine.DebugLogHandler:LogFormat(LogType, Object, String, Object[])
UnityEngine.Logger:Log(LogType, Object)
UnityEngine.Debug:LogWarning(Object)
PolkaDOTS.Statistics.StatisticsWriter:.ctor()
PolkaDOTS.Statistics.StatisticsWriterInstance:Awake()

Recorder [StructureGeneration] is invalid!
UnityEngine.DebugLogHandler:Internal_Log(LogType, LogOption, String, Object)
UnityEngine.DebugLogHandler:LogFormat(LogType, Object, String, Object[])
UnityEngine.Logger:Log(LogType, Object)
UnityEngine.Debug:LogWarning(Object)
PolkaDOTS.Statistics.StatisticsWriter:.ctor()
PolkaDOTS.Statistics.StatisticsWriterInstance:Awake()

Recorder [TerrainLogicSystem] is invalid!
UnityEngine.DebugLogHandler:Internal_Log(LogType, LogOption, String, Object)
UnityEngine.DebugLogHandler:LogFormat(LogType, Object, String, Object[])
UnityEngine.Logger:Log(LogType, Object)
UnityEngine.Debug:LogWarning(Object)
PolkaDOTS.Statistics.StatisticsWriter:.ctor()
PolkaDOTS.Statistics.StatisticsWriterInstance:Awake()

Recorder [GetUpdates] is invalid!
UnityEngine.DebugLogHandler:Internal_Log(LogType, LogOption, String, Object)
UnityEngine.DebugLogHandler:LogFormat(LogType, Object, String, Object[])
UnityEngine.Logger:Log(LogType, Object)
UnityEngine.Debug:LogWarning(Object)
PolkaDOTS.Statistics.StatisticsWriter:.ctor()
PolkaDOTS.Statistics.StatisticsWriterInstance:Awake()

Recorder [ReevaluatePropagateMarker] is invalid!
UnityEngine.DebugLogHandler:Internal_Log(LogType, LogOption, String, Object)
UnityEngine.DebugLogHandler:LogFormat(LogType, Object, String, Object[])
UnityEngine.Logger:Log(LogType, Object)
UnityEngine.Debug:LogWarning(Object)
PolkaDOTS.Statistics.StatisticsWriter:.ctor()
PolkaDOTS.Statistics.StatisticsWriterInstance:Awake()

Recorder [PropagateLogicState] is invalid!
UnityEngine.DebugLogHandler:Internal_Log(LogType, LogOption, String, Object)
UnityEngine.DebugLogHandler:LogFormat(LogType, Object, String, Object[])
UnityEngine.Logger:Log(LogType, Object)
UnityEngine.Debug:LogWarning(Object)
PolkaDOTS.Statistics.StatisticsWriter:.ctor()
PolkaDOTS.Statistics.StatisticsWriterInstance:Awake()

Recorder [PropInputBlocks] is invalid!
UnityEngine.DebugLogHandler:Internal_Log(LogType, LogOption, String, Object)
UnityEngine.DebugLogHandler:LogFormat(LogType, Object, String, Object[])
UnityEngine.Logger:Log(LogType, Object)
UnityEngine.Debug:LogWarning(Object)
PolkaDOTS.Statistics.StatisticsWriter:.ctor()
PolkaDOTS.Statistics.StatisticsWriterInstance:Awake()

Recorder [PropActiveLogicBlocks] is invalid!
UnityEngine.DebugLogHandler:Internal_Log(LogType, LogOption, String, Object)
UnityEngine.DebugLogHandler:LogFormat(LogType, Object, String, Object[])
UnityEngine.Logger:Log(LogType, Object)
UnityEngine.Debug:LogWarning(Object)
PolkaDOTS.Statistics.StatisticsWriter:.ctor()
PolkaDOTS.Statistics.StatisticsWriterInstance:Awake()

Recorder [CheckGateState] is invalid!
UnityEngine.DebugLogHandler:Internal_Log(LogType, LogOption, String, Object)
UnityEngine.DebugLogHandler:LogFormat(LogType, Object, String, Object[])
UnityEngine.Logger:Log(LogType, Object)
UnityEngine.Debug:LogWarning(Object)
PolkaDOTS.Statistics.StatisticsWriter:.ctor()
PolkaDOTS.Statistics.StatisticsWriterInstance:Awake()

Recorder [GhostSimulationSystemGroup] is invalid!
UnityEngine.DebugLogHandler:Internal_Log(LogType, LogOption, String, Object)
UnityEngine.DebugLogHandler:LogFormat(LogType, Object, String, Object[])
UnityEngine.Logger:Log(LogType, Object)
UnityEngine.Debug:LogWarning(Object)
PolkaDOTS.Statistics.StatisticsWriter:.ctor()
PolkaDOTS.Statistics.StatisticsWriterInstance:Awake()

Recorder [PredictedSimulationSystemGroup] is invalid!
UnityEngine.DebugLogHandler:Internal_Log(LogType, LogOption, String, Object)
UnityEngine.DebugLogHandler:LogFormat(LogType, Object, String, Object[])
UnityEngine.Logger:Log(LogType, Object)
UnityEngine.Debug:LogWarning(Object)
PolkaDOTS.Statistics.StatisticsWriter:.ctor()
PolkaDOTS.Statistics.StatisticsWriterInstance:Awake()

Initializing multiplay!
Found non-specified codec: VP8 Internal video/VP8 implementation_name=Internal
Found codec: VP9 Profile0
Found codec: VP9 Profile2
Found codec: VP9 Profile1
Found codec: VP9 Profile3
Found codec: AV1 Profile0
Found codec: AV1 Profile1
Could not find H264.High as streaming codec!
Adding terrain areas statistics recorders
Streamed scene with   54ms latency from /var/scratch/zmr280/opencraft/opencraft_Data/StreamingAssets/EntityScenes/bea83102298cfb741939cdba85abe535.0.entities
AutoLoading authoring scene in world ClientWorld
[12:17:05.9847950]:[ClientWorld] New connection ID:58
ERROR: Shader Custom/VoxelShader shader is not supported on this GPU (none of subshaders/fallbacks are suitable)
WARNING: Shader Unsupported: 'Hidden/Universal Render Pipeline/FallbackError' - All subshaders removed
WARNING: Shader Did you use #pragma only_renderers and omit this platform?
WARNING: Shader If subshaders removal was intentional, you may have forgotten turning Fallback off?
ERROR: Shader Hidden/Universal Render Pipeline/FallbackError shader is not supported on this GPU (none of subshaders/fallbacks are suitable)
WARNING: Shader Unsupported: 'Hidden/Universal Render Pipeline/FallbackError' - All subshaders removed
WARNING: Shader Did you use #pragma only_renderers and omit this platform?
WARNING: Shader If subshaders removal was intentional, you may have forgotten turning Fallback off?
WARNING: Shader Unsupported: 'Universal Render Pipeline/Lit' - All subshaders removed
WARNING: Shader Did you use #pragma only_renderers and omit this platform?
WARNING: Shader If subshaders removal was intentional, you may have forgotten turning Fallback off?
ERROR: Shader Universal Render Pipeline/Lit shader is not supported on this GPU (none of subshaders/fallbacks are suitable)
WARNING: Shader Unsupported: 'Universal Render Pipeline/Lit' - All subshaders removed
WARNING: Shader Did you use #pragma only_renderers and omit this platform?
WARNING: Shader If subshaders removal was intentional, you may have forgotten turning Fallback off?
WARNING: Shader Unsupported: 'Universal Render Pipeline/Unlit' - All subshaders removed
WARNING: Shader Did you use #pragma only_renderers and omit this platform?
WARNING: Shader If subshaders removal was intentional, you may have forgotten turning Fallback off?
ERROR: Shader Universal Render Pipeline/Unlit shader is not supported on this GPU (none of subshaders/fallbacks are suitable)
WARNING: Shader Unsupported: 'Universal Render Pipeline/Unlit' - All subshaders removed
WARNING: Shader Did you use #pragma only_renderers and omit this platform?
WARNING: Shader If subshaders removal was intentional, you may have forgotten turning Fallback off?
Streamed scene with   33ms latency from /var/scratch/zmr280/opencraft/opencraft_Data/StreamingAssets/EntityScenes/62561c7118c5bbb46929c6bf65331faa.0.entities
Sending start game stream RPC
Emulation type is Idle, Simulation
Creating local player object
Sending spawn player RPC for user 56
ERROR: Shader UI/Default shader is not supported on this GPU (none of subshaders/fallbacks are suitable)
Player 56 has no connection ID!
UnityEngine.DebugLogHandler:Internal_Log(LogType, LogOption, String, Object)
UnityEngine.DebugLogHandler:LogFormat(LogType, Object, String, Object[])
UnityEngine.Logger:Log(LogType, Object)
UnityEngine.Debug:LogWarning(Object)
Opencraft.Player.SamplePlayerInput:OnUpdate(SystemState&)
Opencraft.Player.SamplePlayerInput:__codegen__OnUpdate(IntPtr, IntPtr)

Linking player entity Entity(224:1) to 56@LOCALPLAYER
Player simulation searching for path from float3(0.5f, 13.2f, 0.5f) = int3(0, 13, 0) to int3(15, 13, -15)
Player simulation could not find a path from int3(0, 13, 0) to int3(15, 13, -15), will choose new target
    1: Could not find target at int3(0, 13, 0)
Player simulation searching for path from float3(0.5f, 13.2f, 0.5f) = int3(0, 13, 0) to int3(4, 13, 3)
Player simulation could not find a path from int3(0, 13, 0) to int3(4, 13, 3), will choose new target
Player simulation searching for path from float3(0.5f, 13.2f, 0.5f) = int3(0, 13, 0) to int3(-6, 13, 9)
Player simulation could not find a path from int3(0, 13, 0) to int3(-6, 13, 9), will choose new target
Player simulation searching for path from float3(0.5f, 13.2f, 0.5f) = int3(0, 13, 0) to int3(15, 13, -10)
Player simulation could not find a path from int3(0, 13, 0) to int3(15, 13, -10), will choose new target
    5: Could not find target at int3(0, 13, 0)
Player simulation searching for path from float3(0.5f, 13.2f, 0.5f) = int3(0, 13, 0) to int3(1, 13, -12)
Player simulation could not find a path from int3(0, 13, 0) to int3(1, 13, -12), will choose new target
Player simulation searching for path from float3(0.5f, 13.2f, 0.5f) = int3(0, 13, 0) to int3(-8, 13, 12)
Player simulation could not find a path from int3(0, 13, 0) to int3(-8, 13, 12), will choose new target
    8: Could not find target at int3(0, 13, 0)
ClientWorld player simulation could not find a path in 9 attempts, waiting to try again
Player simulation searching for path from float3(0.5f, 13.1f, 0.5f) = int3(0, 13, 0) to int3(15, 13, -15)
ClientWorld player simulation set new target int3(15, 13, -15)
ClientWorld player simulation reached target int3(15, 13, -15)
Player simulation searching for path from float3(15.32371f, 13.12929f, -14.46985f) = int3(15, 13, -15) to int3(4, 13, 11)
ClientWorld player simulation set new target int3(4, 13, 11)
ClientWorld player simulation reached target int3(4, 13, 11)
Player simulation searching for path from float3(4.495158f, 13.12929f, 11.39756f) = int3(4, 13, 11) to int3(4, 13, 8)
ClientWorld player simulation set new target int3(4, 13, 8)
ClientWorld player simulation reached target int3(4, 13, 8)
Player simulation searching for path from float3(4.523735f, 13.14227f, 8.649841f) = int3(4, 13, 8) to int3(-15, 13, -9)
ClientWorld player simulation set new target int3(-15, 13, -9)
ClientWorld player simulation reached target int3(-15, 13, -9)
Player simulation searching for path from float3(-14.47311f, 13.14227f, -8.361f) = int3(-15, 13, -9) to int3(7, 13, -11)
ClientWorld player simulation set new target int3(7, 13, -11)
ClientWorld player simulation path has strayed from int3(-7, 13, -9) to int3(-10, 13, -9), searching for a correction
ClientWorld player simulation reached target int3(7, 13, -11)
Player simulation searching for path from float3(7.500446f, 13.14227f, -10.30987f) = int3(7, 13, -11) to int3(6, 13, 8)
ClientWorld player simulation set new target int3(6, 13, 8)
ClientWorld player simulation path has strayed from int3(7, 13, 1) to int3(7, 13, -2), searching for a correction
ClientWorld player simulation path has strayed from int3(7, 13, 7) to int3(7, 13, 4), searching for a correction
ClientWorld player simulation reached target int3(6, 13, 8)
Player simulation searching for path from float3(6.530579f, 13.12929f, 8.389712f) = int3(6, 13, 8) to int3(-7, 13, 1)
ClientWorld player simulation set new target int3(-7, 13, 1)
ClientWorld player simulation path has strayed from int3(3, 13, 8) to int3(6, 13, 8), searching for a correction
ClientWorld player simulation reached target int3(-7, 13, 1)
Player simulation searching for path from float3(-6.488686f, 13.12929f, 1.695025f) = int3(-7, 13, 1) to int3(-1, 13, 4)
ClientWorld player simulation set new target int3(-1, 13, 4)
ClientWorld player simulation reached target int3(-1, 13, 4)
Player simulation searching for path from float3(-0.5081573f, 13.12929f, 4.310132f) = int3(-1, 13, 4) to int3(2, 13, -2)
ClientWorld player simulation set new target int3(2, 13, -2)
ClientWorld player simulation reached target int3(2, 13, -2)
Player simulation searching for path from float3(2.375421f, 13.14227f, -1.505265f) = int3(2, 13, -2) to int3(-11, 13, 1)
ClientWorld player simulation set new target int3(-11, 13, 1)
ClientWorld player simulation reached target int3(-11, 13, 1)
Player simulation searching for path from float3(-10.52384f, 13.14227f, 1.333156f) = int3(-11, 13, 1) to int3(-12, 13, 1)
ClientWorld player simulation set new target int3(-12, 13, 1)
ClientWorld player simulation reached target int3(-12, 13, 1)
Player simulation searching for path from float3(-11.36456f, 13.12929f, 1.528843f) = int3(-12, 13, 1) to int3(-4, 13, -5)
ClientWorld player simulation set new target int3(-4, 13, -5)
ClientWorld player simulation reached target int3(-4, 13, -5)
Player simulation searching for path from float3(-3.68358f, 13.14227f, -4.500529f) = int3(-4, 13, -5) to int3(14, 13, -2)
ClientWorld player simulation set new target int3(14, 13, -2)
ClientWorld player simulation reached target int3(14, 13, -2)
Player simulation searching for path from float3(14.50158f, 13.14227f, -1.680844f) = int3(14, 13, -2) to int3(9, 13, -15)
ClientWorld player simulation set new target int3(9, 13, -15)
ClientWorld player simulation path has strayed from int3(14, 13, -5) to int3(15, 13, -2), searching for a correction
ClientWorld player simulation reached target int3(9, 13, -15)
Player simulation searching for path from float3(9.67544f, 13.12929f, -14.52842f) = int3(9, 13, -15) to int3(4, 13, -10)
ClientWorld player simulation set new target int3(4, 13, -10)
ClientWorld player simulation reached target int3(4, 13, -10)
Player simulation searching for path from float3(4.361422f, 13.12929f, -9.572865f) = int3(4, 13, -10) to int3(-15, 13, -9)
ClientWorld player simulation set new target int3(-15, 13, -9)
ClientWorld player simulation path has strayed from int3(1, 13, -10) to int3(4, 13, -10), searching for a correction
ClientWorld player simulation path has strayed from int3(0, 13, -10) to int3(3, 13, -10), searching for a correction
ClientWorld player simulation reached target int3(-15, 13, -9)
Player simulation searching for path from float3(-14.53385f, 13.12929f, -8.695178f) = int3(-15, 13, -9) to int3(7, 13, -11)
ClientWorld player simulation set new target int3(7, 13, -11)
ClientWorld player simulation path has strayed from int3(-4, 13, -9) to int3(-7, 13, -9), searching for a correction
ClientWorld player simulation reached target int3(7, 13, -11)
Player simulation searching for path from float3(7.473711f, 13.12929f, -10.395f) = int3(7, 13, -11) to int3(6, 13, 8)
ClientWorld player simulation set new target int3(6, 13, 8)
ClientWorld player simulation path has strayed from int3(7, 13, -7) to int3(7, 13, -10), searching for a correction
ClientWorld player simulation path has strayed from int3(7, 13, -5) to int3(7, 13, -8), searching for a correction
ClientWorld player simulation reached target int3(6, 13, 8)
Player simulation searching for path from float3(6.53229f, 13.12929f, 8.346422f) = int3(6, 13, 8) to int3(-7, 13, 1)
ClientWorld player simulation set new target int3(-7, 13, 1)
ClientWorld player simulation path has strayed from int3(-5, 13, 3) to int3(-3, 13, 5), searching for a correction
Large serverTick prediction error. Server tick rollback to Unity.NetCode.NetworkTick delta: -11.41472
UnityEngine.DebugLogHandler:Internal_Log(LogType, LogOption, String, Object)
UnityEngine.DebugLogHandler:LogFormat(LogType, Object, String, Object[])
UnityEngine.Logger:Log(LogType, Object)
UnityEngine.Debug:LogError(Object)
Unity.Logging.Sinks.ManagedUnityEngineDebugLogWrapper:WriteFunc(LogLevel, Byte*, Int32)

ClientWorld player simulation reached target int3(-7, 13, 1)
Player simulation searching for path from float3(-6.531842f, 13.12929f, 1.658605f) = int3(-7, 13, 1) to int3(-1, 13, 4)
ClientWorld player simulation set new target int3(-1, 13, 4)
ClientWorld player simulation path has strayed from int3(-4, 13, 2) to int3(-7, 13, 1), searching for a correction
ClientWorld player simulation path has strayed from int3(-3, 13, 2) to int3(-6, 13, 1), searching for a correction
ClientWorld player simulation reached target int3(-1, 13, 4)
Player simulation searching for path from float3(-0.5197368f, 13.12929f, 4.388131f) = int3(-1, 13, 4) to int3(2, 13, -2)
ClientWorld player simulation set new target int3(2, 13, -2)
ClientWorld player simulation path has strayed from int3(1, 13, 0) to int3(-1, 13, 2), searching for a correction
ClientWorld player simulation reached target int3(2, 13, -2)
Player simulation searching for path from float3(2.374106f, 13.14227f, -1.512108f) = int3(2, 13, -2) to int3(-11, 13, 1)
ClientWorld player simulation set new target int3(-11, 13, 1)
ClientWorld player simulation path has strayed from int3(-4, 13, -2) to int3(0, 13, -1), searching for a correction
Large serverTick prediction error. Server tick rollback to Unity.NetCode.NetworkTick delta: -10.45256
UnityEngine.DebugLogHandler:Internal_Log(LogType, LogOption, String, Object)
UnityEngine.DebugLogHandler:LogFormat(LogType, Object, String, Object[])
UnityEngine.Logger:Log(LogType, Object)
UnityEngine.Debug:LogError(Object)
Unity.Logging.Sinks.ManagedUnityEngineDebugLogWrapper:WriteFunc(LogLevel, Byte*, Int32)

ClientWorld player simulation path has strayed from int3(-9, 13, -2) to int3(-4, 13, -2), searching for a correction
ClientWorld player simulation path has strayed from int3(-5, 13, -2) to int3(-8, 13, -2), searching for a correction
ClientWorld player simulation reached target int3(-11, 13, 1)
Player simulation searching for path from float3(-10.52656f, 13.12929f, 1.344107f) = int3(-11, 13, 1) to int3(-12, 13, 1)
ClientWorld player simulation set new target int3(-12, 13, 1)
ClientWorld player simulation reached target int3(-12, 13, 1)
Player simulation searching for path from float3(-11.36798f, 13.12929f, 1.485528f) = int3(-12, 13, 1) to int3(-4, 13, -5)
ClientWorld player simulation set new target int3(-4, 13, -5)
ClientWorld player simulation path has strayed from int3(-7, 13, -2) to int3(-9, 13, 0), searching for a correction
ClientWorld player simulation path has strayed from int3(-5, 13, -4) to int3(-8, 13, -4), searching for a correction
ClientWorld player simulation reached target int3(-4, 13, -5)
Player simulation searching for path from float3(-3.607158f, 13.12929f, -4.482553f) = int3(-4, 13, -5) to int3(14, 13, -2)
ClientWorld player simulation set new target int3(14, 13, -2)
ClientWorld player simulation path has strayed from int3(10, 13, -5) to int3(4, 13, -5), searching for a correction
ClientWorld player simulation path has strayed from int3(5, 13, -5) to int3(8, 13, -5), searching for a correction
Large serverTick prediction error. Server tick rollback to Unity.NetCode.NetworkTick delta: -13.97585
UnityEngine.DebugLogHandler:Internal_Log(LogType, LogOption, String, Object)
UnityEngine.DebugLogHandler:LogFormat(LogType, Object, String, Object[])
UnityEngine.Logger:Log(LogType, Object)
UnityEngine.Debug:LogError(Object)
Unity.Logging.Sinks.ManagedUnityEngineDebugLogWrapper:WriteFunc(LogLevel, Byte*, Int32)

Large serverTick prediction error. Server tick rollback to Unity.NetCode.NetworkTick delta: -10.35318
UnityEngine.DebugLogHandler:Internal_Log(LogType, LogOption, String, Object)
UnityEngine.DebugLogHandler:LogFormat(LogType, Object, String, Object[])
UnityEngine.Logger:Log(LogType, Object)
UnityEngine.Debug:LogError(Object)
Unity.Logging.Sinks.ManagedUnityEngineDebugLogWrapper:WriteFunc(LogLevel, Byte*, Int32)

ClientWorld player simulation path has strayed from int3(12, 13, -4) to int3(9, 13, -5), searching for a correction
ClientWorld player simulation path has strayed from int3(10, 13, -5) to int3(13, 13, -5), searching for a correction
ClientWorld player simulation path has strayed from int3(12, 13, -5) to int3(9, 13, -5), searching for a correction
ClientWorld player simulation path has strayed from int3(10, 13, -5) to int3(13, 13, -5), searching for a correction
Large serverTick prediction error. Server tick rollback to Unity.NetCode.NetworkTick delta: -10.45193
UnityEngine.DebugLogHandler:Internal_Log(LogType, LogOption, String, Object)
UnityEngine.DebugLogHandler:LogFormat(LogType, Object, String, Object[])
UnityEngine.Logger:Log(LogType, Object)
UnityEngine.Debug:LogError(Object)
Unity.Logging.Sinks.ManagedUnityEngineDebugLogWrapper:WriteFunc(LogLevel, Byte*, Int32)

ClientWorld player simulation path has strayed from int3(10, 13, -5) to int3(13, 13, -5), searching for a correction
ClientWorld player simulation path has strayed from int3(11, 13, -5) to int3(14, 13, -5), searching for a correction
Large serverTick prediction error. Server tick rollback to Unity.NetCode.NetworkTick delta: -10.54962
UnityEngine.DebugLogHandler:Internal_Log(LogType, LogOption, String, Object)
UnityEngine.DebugLogHandler:LogFormat(LogType, Object, String, Object[])
UnityEngine.Logger:Log(LogType, Object)
UnityEngine.Debug:LogError(Object)
Unity.Logging.Sinks.ManagedUnityEngineDebugLogWrapper:WriteFunc(LogLevel, Byte*, Int32)

Large serverTick prediction error. Server tick rollback to Unity.NetCode.NetworkTick delta: -10.58778
UnityEngine.DebugLogHandler:Internal_Log(LogType, LogOption, String, Object)
UnityEngine.DebugLogHandler:LogFormat(LogType, Object, String, Object[])
UnityEngine.Logger:Log(LogType, Object)
UnityEngine.Debug:LogError(Object)
Unity.Logging.Sinks.ManagedUnityEngineDebugLogWrapper:WriteFunc(LogLevel, Byte*, Int32)

ClientWorld player simulation reached target int3(14, 13, -2)
Player simulation searching for path from float3(14.49497f, 13.12929f, -1.687606f) = int3(14, 13, -2) to int3(9, 13, -15)
ClientWorld player simulation set new target int3(9, 13, -15)
ClientWorld player simulation path has strayed from int3(14, 13, -4) to int3(10, 13, -5), searching for a correction
Large serverTick prediction error. Server tick rollback to Unity.NetCode.NetworkTick delta: -15.46491
UnityEngine.DebugLogHandler:Internal_Log(LogType, LogOption, String, Object)
UnityEngine.DebugLogHandler:LogFormat(LogType, Object, String, Object[])
UnityEngine.Logger:Log(LogType, Object)
UnityEngine.Debug:LogError(Object)
Unity.Logging.Sinks.ManagedUnityEngineDebugLogWrapper:WriteFunc(LogLevel, Byte*, Int32)

ClientWorld player simulation path has strayed from int3(14, 13, -4) to int3(11, 13, 0), searching for a correction
ClientWorld player simulation path has strayed from int3(11, 13, -1) to int3(14, 13, -2), searching for a correction
Large serverTick prediction error. Server tick rollback to Unity.NetCode.NetworkTick delta: -13.36917
UnityEngine.DebugLogHandler:Internal_Log(LogType, LogOption, String, Object)
UnityEngine.DebugLogHandler:LogFormat(LogType, Object, String, Object[])
UnityEngine.Logger:Log(LogType, Object)
UnityEngine.Debug:LogError(Object)
Unity.Logging.Sinks.ManagedUnityEngineDebugLogWrapper:WriteFunc(LogLevel, Byte*, Int32)

ClientWorld player simulation path has strayed from int3(13, 13, -2) to int3(11, 13, 0), searching for a correction
Large serverTick prediction error. Server tick rollback to Unity.NetCode.NetworkTick delta: -11.34588
UnityEngine.DebugLogHandler:Internal_Log(LogType, LogOption, String, Object)
UnityEngine.DebugLogHandler:LogFormat(LogType, Object, String, Object[])
UnityEngine.Logger:Log(LogType, Object)
UnityEngine.Debug:LogError(Object)
Unity.Logging.Sinks.ManagedUnityEngineDebugLogWrapper:WriteFunc(LogLevel, Byte*, Int32)

ClientWorld player simulation path has strayed from int3(11, 13, -1) to int3(13, 13, 1), searching for a correction
Large serverTick prediction error. Server tick rollback to Unity.NetCode.NetworkTick delta: -10.33556
UnityEngine.DebugLogHandler:Internal_Log(LogType, LogOption, String, Object)
UnityEngine.DebugLogHandler:LogFormat(LogType, Object, String, Object[])
UnityEngine.Logger:Log(LogType, Object)
UnityEngine.Debug:LogError(Object)
Unity.Logging.Sinks.ManagedUnityEngineDebugLogWrapper:WriteFunc(LogLevel, Byte*, Int32)

Large serverTick prediction error. Server tick rollback to Unity.NetCode.NetworkTick delta: -10.44114
UnityEngine.DebugLogHandler:Internal_Log(LogType, LogOption, String, Object)
UnityEngine.DebugLogHandler:LogFormat(LogType, Object, String, Object[])
UnityEngine.Logger:Log(LogType, Object)
UnityEngine.Debug:LogError(Object)
Unity.Logging.Sinks.ManagedUnityEngineDebugLogWrapper:WriteFunc(LogLevel, Byte*, Int32)

Large serverTick prediction error. Server tick rollback to Unity.NetCode.NetworkTick delta: -10.52851
UnityEngine.DebugLogHandler:Internal_Log(LogType, LogOption, String, Object)
UnityEngine.DebugLogHandler:LogFormat(LogType, Object, String, Object[])
UnityEngine.Logger:Log(LogType, Object)
UnityEngine.Debug:LogError(Object)
Unity.Logging.Sinks.ManagedUnityEngineDebugLogWrapper:WriteFunc(LogLevel, Byte*, Int32)

ClientWorld player simulation path has strayed from int3(11, 13, -1) to int3(13, 13, -3), searching for a correction
ClientWorld player simulation path has strayed from int3(13, 13, -3) to int3(11, 13, -1), searching for a correction
Large serverTick prediction error. Server tick rollback to Unity.NetCode.NetworkTick delta: -10.54493
UnityEngine.DebugLogHandler:Internal_Log(LogType, LogOption, String, Object)
UnityEngine.DebugLogHandler:LogFormat(LogType, Object, String, Object[])
UnityEngine.Logger:Log(LogType, Object)
UnityEngine.Debug:LogError(Object)
Unity.Logging.Sinks.ManagedUnityEngineDebugLogWrapper:WriteFunc(LogLevel, Byte*, Int32)

ClientWorld player simulation path has strayed from int3(12, 13, -3) to int3(12, 13, 0), searching for a correction
Large serverTick prediction error. Server tick rollback to Unity.NetCode.NetworkTick delta: -10.56165
UnityEngine.DebugLogHandler:Internal_Log(LogType, LogOption, String, Object)
UnityEngine.DebugLogHandler:LogFormat(LogType, Object, String, Object[])
UnityEngine.Logger:Log(LogType, Object)
UnityEngine.Debug:LogError(Object)
Unity.Logging.Sinks.ManagedUnityEngineDebugLogWrapper:WriteFunc(LogLevel, Byte*, Int32)

ClientWorld player simulation path has strayed from int3(14, 13, -7) to int3(12, 13, 0), searching for a correction
Large serverTick prediction error. Server tick rollback to Unity.NetCode.NetworkTick delta: -17.38051
UnityEngine.DebugLogHandler:Internal_Log(LogType, LogOption, String, Object)
UnityEngine.DebugLogHandler:LogFormat(LogType, Object, String, Object[])
UnityEngine.Logger:Log(LogType, Object)
UnityEngine.Debug:LogError(Object)
Unity.Logging.Sinks.ManagedUnityEngineDebugLogWrapper:WriteFunc(LogLevel, Byte*, Int32)

Large serverTick prediction error. Server tick rollback to Unity.NetCode.NetworkTick delta: -12.15356
UnityEngine.DebugLogHandler:Internal_Log(LogType, LogOption, String, Object)
UnityEngine.DebugLogHandler:LogFormat(LogType, Object, String, Object[])
UnityEngine.Logger:Log(LogType, Object)
UnityEngine.Debug:LogError(Object)
Unity.Logging.Sinks.ManagedUnityEngineDebugLogWrapper:WriteFunc(LogLevel, Byte*, Int32)

ClientWorld player simulation path has strayed from int3(12, 13, -2) to int3(10, 13, -4), searching for a correction
Large serverTick prediction error. Server tick rollback to Unity.NetCode.NetworkTick delta: -10.38119
UnityEngine.DebugLogHandler:Internal_Log(LogType, LogOption, String, Object)
UnityEngine.DebugLogHandler:LogFormat(LogType, Object, String, Object[])
UnityEngine.Logger:Log(LogType, Object)
UnityEngine.Debug:LogError(Object)
Unity.Logging.Sinks.ManagedUnityEngineDebugLogWrapper:WriteFunc(LogLevel, Byte*, Int32)

Large serverTick prediction error. Server tick rollback to Unity.NetCode.NetworkTick delta: -10.2863
UnityEngine.DebugLogHandler:Internal_Log(LogType, LogOption, String, Object)
UnityEngine.DebugLogHandler:LogFormat(LogType, Object, String, Object[])
UnityEngine.Logger:Log(LogType, Object)
UnityEngine.Debug:LogError(Object)
Unity.Logging.Sinks.ManagedUnityEngineDebugLogWrapper:WriteFunc(LogLevel, Byte*, Int32)

ClientWorld player simulation path has strayed from int3(12, 13, -6) to int3(12, 13, -2), searching for a correction
ClientWorld player simulation path has strayed from int3(14, 13, -7) to int3(12, 13, -4), searching for a correction
ClientWorld player simulation path has strayed from int3(12, 13, -5) to int3(14, 13, -7), searching for a correction
Large serverTick prediction error. Server tick rollback to Unity.NetCode.NetworkTick delta: -10.82367
UnityEngine.DebugLogHandler:Internal_Log(LogType, LogOption, String, Object)
UnityEngine.DebugLogHandler:LogFormat(LogType, Object, String, Object[])
UnityEngine.Logger:Log(LogType, Object)
UnityEngine.Debug:LogError(Object)
Unity.Logging.Sinks.ManagedUnityEngineDebugLogWrapper:WriteFunc(LogLevel, Byte*, Int32)

ClientWorld player simulation path has strayed from int3(13, 13, -7) to int3(12, 13, -4), searching for a correction
ClientWorld player simulation path has strayed from int3(12, 13, -6) to int3(12, 13, -9), searching for a correction
Large serverTick prediction error. Server tick rollback to Unity.NetCode.NetworkTick delta: -10.61999
UnityEngine.DebugLogHandler:Internal_Log(LogType, LogOption, String, Object)
UnityEngine.DebugLogHandler:LogFormat(LogType, Object, String, Object[])
UnityEngine.Logger:Log(LogType, Object)
UnityEngine.Debug:LogError(Object)
Unity.Logging.Sinks.ManagedUnityEngineDebugLogWrapper:WriteFunc(LogLevel, Byte*, Int32)

ClientWorld player simulation path has strayed from int3(14, 13, -10) to int3(12, 13, -6), searching for a correction
ClientWorld player simulation path has strayed from int3(12, 13, -7) to int3(13, 13, -10), searching for a correction
Large serverTick prediction error. Server tick rollback to Unity.NetCode.NetworkTick delta: -10.46281
UnityEngine.DebugLogHandler:Internal_Log(LogType, LogOption, String, Object)
UnityEngine.DebugLogHandler:LogFormat(LogType, Object, String, Object[])
UnityEngine.Logger:Log(LogType, Object)
UnityEngine.Debug:LogError(Object)
Unity.Logging.Sinks.ManagedUnityEngineDebugLogWrapper:WriteFunc(LogLevel, Byte*, Int32)

Large serverTick prediction error. Server tick rollback to Unity.NetCode.NetworkTick delta: -13.4964
UnityEngine.DebugLogHandler:Internal_Log(LogType, LogOption, String, Object)
UnityEngine.DebugLogHandler:LogFormat(LogType, Object, String, Object[])
UnityEngine.Logger:Log(LogType, Object)
UnityEngine.Debug:LogError(Object)
Unity.Logging.Sinks.ManagedUnityEngineDebugLogWrapper:WriteFunc(LogLevel, Byte*, Int32)

ClientWorld player simulation path has strayed from int3(13, 13, -8) to int3(13, 13, -5), searching for a correction
Large serverTick prediction error. Server tick rollback to Unity.NetCode.NetworkTick delta: -10.31219
UnityEngine.DebugLogHandler:Internal_Log(LogType, LogOption, String, Object)
UnityEngine.DebugLogHandler:LogFormat(LogType, Object, String, Object[])
UnityEngine.Logger:Log(LogType, Object)
UnityEngine.Debug:LogError(Object)
Unity.Logging.Sinks.ManagedUnityEngineDebugLogWrapper:WriteFunc(LogLevel, Byte*, Int32)

ClientWorld player simulation path has strayed from int3(13, 13, -7) to int3(17, 13, -5), searching for a correction
ClientWorld player simulation path has strayed from int3(13, 13, -6) to int3(17, 13, -5), searching for a correction
Large serverTick prediction error. Server tick rollback to Unity.NetCode.NetworkTick delta: -11.41069
UnityEngine.DebugLogHandler:Internal_Log(LogType, LogOption, String, Object)
UnityEngine.DebugLogHandler:LogFormat(LogType, Object, String, Object[])
UnityEngine.Logger:Log(LogType, Object)
UnityEngine.Debug:LogError(Object)
Unity.Logging.Sinks.ManagedUnityEngineDebugLogWrapper:WriteFunc(LogLevel, Byte*, Int32)

Large serverTick prediction error. Server tick rollback to Unity.NetCode.NetworkTick delta: -10.59615
UnityEngine.DebugLogHandler:Internal_Log(LogType, LogOption, String, Object)
UnityEngine.DebugLogHandler:LogFormat(LogType, Object, String, Object[])
UnityEngine.Logger:Log(LogType, Object)
UnityEngine.Debug:LogError(Object)
Unity.Logging.Sinks.ManagedUnityEngineDebugLogWrapper:WriteFunc(LogLevel, Byte*, Int32)

ClientWorld player simulation path has strayed from int3(16, 13, -5) to int3(19, 13, -7), searching for a correction
ClientWorld player simulation path has strayed from int3(14, 13, -5) to int3(17, 13, -8), searching for a correction
ClientWorld player simulation path has strayed from int3(16, 13, -8) to int3(15, 13, -5), searching for a correction
ClientWorld player simulation path has strayed from int3(15, 13, -6) to int3(17, 13, -8), searching for a correction
Large serverTick prediction error. Server tick rollback to Unity.NetCode.NetworkTick delta: -14.38246
UnityEngine.DebugLogHandler:Internal_Log(LogType, LogOption, String, Object)
UnityEngine.DebugLogHandler:LogFormat(LogType, Object, String, Object[])
UnityEngine.Logger:Log(LogType, Object)
UnityEngine.Debug:LogError(Object)
Unity.Logging.Sinks.ManagedUnityEngineDebugLogWrapper:WriteFunc(LogLevel, Byte*, Int32)

ClientWorld player simulation path has strayed from int3(16, 13, -8) to int3(16, 13, -5), searching for a correction
ClientWorld player simulation path has strayed from int3(16, 13, -7) to int3(19, 13, -6), searching for a correction
Large serverTick prediction error. Server tick rollback to Unity.NetCode.NetworkTick delta: -10.44715
UnityEngine.DebugLogHandler:Internal_Log(LogType, LogOption, String, Object)
UnityEngine.DebugLogHandler:LogFormat(LogType, Object, String, Object[])
UnityEngine.Logger:Log(LogType, Object)
UnityEngine.Debug:LogError(Object)
Unity.Logging.Sinks.ManagedUnityEngineDebugLogWrapper:WriteFunc(LogLevel, Byte*, Int32)

Large serverTick prediction error. Server tick rollback to Unity.NetCode.NetworkTick delta: -14.76441
UnityEngine.DebugLogHandler:Internal_Log(LogType, LogOption, String, Object)
UnityEngine.DebugLogHandler:LogFormat(LogType, Object, String, Object[])
UnityEngine.Logger:Log(LogType, Object)
UnityEngine.Debug:LogError(Object)
Unity.Logging.Sinks.ManagedUnityEngineDebugLogWrapper:WriteFunc(LogLevel, Byte*, Int32)

ClientWorld player simulation path has strayed from int3(15, 13, -7) to int3(17, 13, -5), searching for a correction
Large serverTick prediction error. Server tick rollback to Unity.NetCode.NetworkTick delta: -11.80046
UnityEngine.DebugLogHandler:Internal_Log(LogType, LogOption, String, Object)
UnityEngine.DebugLogHandler:LogFormat(LogType, Object, String, Object[])
UnityEngine.Logger:Log(LogType, Object)
UnityEngine.Debug:LogError(Object)
Unity.Logging.Sinks.ManagedUnityEngineDebugLogWrapper:WriteFunc(LogLevel, Byte*, Int32)

Large serverTick prediction error. Server tick rollback to Unity.NetCode.NetworkTick delta: -10.50928
UnityEngine.DebugLogHandler:Internal_Log(LogType, LogOption, String, Object)
UnityEngine.DebugLogHandler:LogFormat(LogType, Object, String, Object[])
UnityEngine.Logger:Log(LogType, Object)
UnityEngine.Debug:LogError(Object)
Unity.Logging.Sinks.ManagedUnityEngineDebugLogWrapper:WriteFunc(LogLevel, Byte*, Int32)

ClientWorld player simulation path has strayed from int3(14, 13, -6) to int3(16, 13, -8), searching for a correction
ClientWorld player simulation path has strayed from int3(12, 13, -8) to int3(12, 13, -5), searching for a correction
Large serverTick prediction error. Server tick rollback to Unity.NetCode.NetworkTick delta: -10.5315
UnityEngine.DebugLogHandler:Internal_Log(LogType, LogOption, String, Object)
UnityEngine.DebugLogHandler:LogFormat(LogType, Object, String, Object[])
UnityEngine.Logger:Log(LogType, Object)
UnityEngine.Debug:LogError(Object)
Unity.Logging.Sinks.ManagedUnityEngineDebugLogWrapper:WriteFunc(LogLevel, Byte*, Int32)

ClientWorld player simulation path has strayed from int3(14, 13, -9) to int3(11, 13, -7), searching for a correction
Large serverTick prediction error. Server tick rollback to Unity.NetCode.NetworkTick delta: -10.60929
UnityEngine.DebugLogHandler:Internal_Log(LogType, LogOption, String, Object)
UnityEngine.DebugLogHandler:LogFormat(LogType, Object, String, Object[])
UnityEngine.Logger:Log(LogType, Object)
UnityEngine.Debug:LogError(Object)
Unity.Logging.Sinks.ManagedUnityEngineDebugLogWrapper:WriteFunc(LogLevel, Byte*, Int32)

ClientWorld player simulation path has strayed from int3(14, 13, -8) to int3(12, 13, -11), searching for a correction
Large serverTick prediction error. Server tick rollback to Unity.NetCode.NetworkTick delta: -11.62082
UnityEngine.DebugLogHandler:Internal_Log(LogType, LogOption, String, Object)
UnityEngine.DebugLogHandler:LogFormat(LogType, Object, String, Object[])
UnityEngine.Logger:Log(LogType, Object)
UnityEngine.Debug:LogError(Object)
Unity.Logging.Sinks.ManagedUnityEngineDebugLogWrapper:WriteFunc(LogLevel, Byte*, Int32)

ClientWorld player simulation path has strayed from int3(14, 13, -9) to int3(14, 13, -12), searching for a correction
Large serverTick prediction error. Server tick rollback to Unity.NetCode.NetworkTick delta: -11.03358
UnityEngine.DebugLogHandler:Internal_Log(LogType, LogOption, String, Object)
UnityEngine.DebugLogHandler:LogFormat(LogType, Object, String, Object[])
UnityEngine.Logger:Log(LogType, Object)
UnityEngine.Debug:LogError(Object)
Unity.Logging.Sinks.ManagedUnityEngineDebugLogWrapper:WriteFunc(LogLevel, Byte*, Int32)

ClientWorld player simulation path has strayed from int3(12, 13, -12) to int3(14, 13, -10), searching for a correction
ClientWorld player simulation path has strayed from int3(13, 13, -10) to int3(14, 13, -13), searching for a correction
Large serverTick prediction error. Server tick rollback to Unity.NetCode.NetworkTick delta: -10.63553
UnityEngine.DebugLogHandler:Internal_Log(LogType, LogOption, String, Object)
UnityEngine.DebugLogHandler:LogFormat(LogType, Object, String, Object[])
UnityEngine.Logger:Log(LogType, Object)
UnityEngine.Debug:LogError(Object)
Unity.Logging.Sinks.ManagedUnityEngineDebugLogWrapper:WriteFunc(LogLevel, Byte*, Int32)

Large serverTick prediction error. Server tick rollback to Unity.NetCode.NetworkTick delta: -10.58533
UnityEngine.DebugLogHandler:Internal_Log(LogType, LogOption, String, Object)
UnityEngine.DebugLogHandler:LogFormat(LogType, Object, String, Object[])
UnityEngine.Logger:Log(LogType, Object)
UnityEngine.Debug:LogError(Object)
Unity.Logging.Sinks.ManagedUnityEngineDebugLogWrapper:WriteFunc(LogLevel, Byte*, Int32)

ClientWorld player simulation path has strayed from int3(14, 13, -11) to int3(13, 13, -8), searching for a correction
Large serverTick prediction error. Server tick rollback to Unity.NetCode.NetworkTick delta: -11.48223
UnityEngine.DebugLogHandler:Internal_Log(LogType, LogOption, String, Object)
UnityEngine.DebugLogHandler:LogFormat(LogType, Object, String, Object[])
UnityEngine.Logger:Log(LogType, Object)
UnityEngine.Debug:LogError(Object)
Unity.Logging.Sinks.ManagedUnityEngineDebugLogWrapper:WriteFunc(LogLevel, Byte*, Int32)

Large serverTick prediction error. Server tick rollback to Unity.NetCode.NetworkTick delta: -10.55871
UnityEngine.DebugLogHandler:Internal_Log(LogType, LogOption, String, Object)
UnityEngine.DebugLogHandler:LogFormat(LogType, Object, String, Object[])
UnityEngine.Logger:Log(LogType, Object)
UnityEngine.Debug:LogError(Object)
Unity.Logging.Sinks.ManagedUnityEngineDebugLogWrapper:WriteFunc(LogLevel, Byte*, Int32)

ClientWorld player simulation path has strayed from int3(12, 13, -12) to int3(10, 13, -14), searching for a correction
Large serverTick prediction error. Server tick rollback to Unity.NetCode.NetworkTick delta: -10.32631
UnityEngine.DebugLogHandler:Internal_Log(LogType, LogOption, String, Object)
UnityEngine.DebugLogHandler:LogFormat(LogType, Object, String, Object[])
UnityEngine.Logger:Log(LogType, Object)
UnityEngine.Debug:LogError(Object)
Unity.Logging.Sinks.ManagedUnityEngineDebugLogWrapper:WriteFunc(LogLevel, Byte*, Int32)

ClientWorld player simulation reached target int3(9, 13, -15)
Player simulation searching for path from float3(9.623017f, 13.12929f, -14.52238f) = int3(9, 13, -15) to int3(4, 13, -10)
ClientWorld player simulation set new target int3(4, 13, -10)
ClientWorld player simulation path has strayed from int3(8, 13, -15) to int3(11, 13, -12), searching for a correction
ClientWorld player simulation path has strayed from int3(11, 13, -13) to int3(9, 13, -15), searching for a correction
ClientWorld player simulation path has strayed from int3(10, 13, -15) to int3(11, 13, -12), searching for a correction
Large serverTick prediction error. Server tick rollback to Unity.NetCode.NetworkTick delta: -10.56048
UnityEngine.DebugLogHandler:Internal_Log(LogType, LogOption, String, Object)
UnityEngine.DebugLogHandler:LogFormat(LogType, Object, String, Object[])
UnityEngine.Logger:Log(LogType, Object)
UnityEngine.Debug:LogError(Object)
Unity.Logging.Sinks.ManagedUnityEngineDebugLogWrapper:WriteFunc(LogLevel, Byte*, Int32)

ClientWorld player simulation path has strayed from int3(10, 13, -14) to int3(7, 13, -12), searching for a correction
Large serverTick prediction error. Server tick rollback to Unity.NetCode.NetworkTick delta: -10.45416
UnityEngine.DebugLogHandler:Internal_Log(LogType, LogOption, String, Object)
UnityEngine.DebugLogHandler:LogFormat(LogType, Object, String, Object[])
UnityEngine.Logger:Log(LogType, Object)
UnityEngine.Debug:LogError(Object)
Unity.Logging.Sinks.ManagedUnityEngineDebugLogWrapper:WriteFunc(LogLevel, Byte*, Int32)

ClientWorld player simulation path has strayed from int3(10, 13, -13) to int3(7, 13, -12), searching for a correction
Large serverTick prediction error. Server tick rollback to Unity.NetCode.NetworkTick delta: -10.90924
UnityEngine.DebugLogHandler:Internal_Log(LogType, LogOption, String, Object)
UnityEngine.DebugLogHandler:LogFormat(LogType, Object, String, Object[])
UnityEngine.Logger:Log(LogType, Object)
UnityEngine.Debug:LogError(Object)
Unity.Logging.Sinks.ManagedUnityEngineDebugLogWrapper:WriteFunc(LogLevel, Byte*, Int32)

ClientWorld player simulation path has strayed from int3(8, 13, -12) to int3(5, 13, -14), searching for a correction
ClientWorld player simulation path has strayed from int3(8, 13, -13) to int3(12, 13, -13), searching for a correction
ClientWorld player simulation path has strayed from int3(11, 13, -13) to int3(9, 13, -15), searching for a correction
Large serverTick prediction error. Server tick rollback to Unity.NetCode.NetworkTick delta: -10.51044
UnityEngine.DebugLogHandler:Internal_Log(LogType, LogOption, String, Object)
UnityEngine.DebugLogHandler:LogFormat(LogType, Object, String, Object[])
UnityEngine.Logger:Log(LogType, Object)
UnityEngine.Debug:LogError(Object)
Unity.Logging.Sinks.ManagedUnityEngineDebugLogWrapper:WriteFunc(LogLevel, Byte*, Int32)

Large serverTick prediction error. Server tick rollback to Unity.NetCode.NetworkTick delta: -11.50902
UnityEngine.DebugLogHandler:Internal_Log(LogType, LogOption, String, Object)
UnityEngine.DebugLogHandler:LogFormat(LogType, Object, String, Object[])
UnityEngine.Logger:Log(LogType, Object)
UnityEngine.Debug:LogError(Object)
Unity.Logging.Sinks.ManagedUnityEngineDebugLogWrapper:WriteFunc(LogLevel, Byte*, Int32)

ClientWorld player simulation reached target int3(4, 13, -10)
Player simulation searching for path from float3(4.469202f, 13.1f, -9.62288f) = int3(4, 13, -10) to int3(-15, 13, -9)
ClientWorld player simulation set new target int3(-15, 13, -9)
ClientWorld player simulation path has strayed from int3(-2, 13, -10) to int3(8, 13, -14), searching for a correction
ClientWorld player simulation path has strayed from int3(7, 13, -14) to int3(4, 13, -13), searching for a correction
Large serverTick prediction error. Server tick rollback to Unity.NetCode.NetworkTick delta: -16.74179
UnityEngine.DebugLogHandler:Internal_Log(LogType, LogOption, String, Object)
UnityEngine.DebugLogHandler:LogFormat(LogType, Object, String, Object[])
UnityEngine.Logger:Log(LogType, Object)
UnityEngine.Debug:LogError(Object)
Unity.Logging.Sinks.ManagedUnityEngineDebugLogWrapper:WriteFunc(LogLevel, Byte*, Int32)

Large serverTick prediction error. Server tick rollback to Unity.NetCode.NetworkTick delta: -18.59982
UnityEngine.DebugLogHandler:Internal_Log(LogType, LogOption, String, Object)
UnityEngine.DebugLogHandler:LogFormat(LogType, Object, String, Object[])
UnityEngine.Logger:Log(LogType, Object)
UnityEngine.Debug:LogError(Object)
Unity.Logging.Sinks.ManagedUnityEngineDebugLogWrapper:WriteFunc(LogLevel, Byte*, Int32)

ClientWorld player simulation path has strayed from int3(5, 13, -13) to int3(8, 13, -14), searching for a correction
Large serverTick prediction error. Server tick rollback to Unity.NetCode.NetworkTick delta: -14.3828
UnityEngine.DebugLogHandler:Internal_Log(LogType, LogOption, String, Object)
UnityEngine.DebugLogHandler:LogFormat(LogType, Object, String, Object[])
UnityEngine.Logger:Log(LogType, Object)
UnityEngine.Debug:LogError(Object)
Unity.Logging.Sinks.ManagedUnityEngineDebugLogWrapper:WriteFunc(LogLevel, Byte*, Int32)

ClientWorld player simulation path has strayed from int3(7, 13, -14) to int3(10, 13, -13), searching for a correction
Large serverTick prediction error. Server tick rollback to Unity.NetCode.NetworkTick delta: -11.18735
UnityEngine.DebugLogHandler:Internal_Log(LogType, LogOption, String, Object)
UnityEngine.DebugLogHandler:LogFormat(LogType, Object, String, Object[])
UnityEngine.Logger:Log(LogType, Object)
UnityEngine.Debug:LogError(Object)
Unity.Logging.Sinks.ManagedUnityEngineDebugLogWrapper:WriteFunc(LogLevel, Byte*, Int32)

ClientWorld player simulation path has strayed from int3(7, 13, -13) to int3(10, 13, -13), searching for a correction
Large serverTick prediction error. Server tick rollback to Unity.NetCode.NetworkTick delta: -11.48195
UnityEngine.DebugLogHandler:Internal_Log(LogType, LogOption, String, Object)
UnityEngine.DebugLogHandler:LogFormat(LogType, Object, String, Object[])
UnityEngine.Logger:Log(LogType, Object)
UnityEngine.Debug:LogError(Object)
Unity.Logging.Sinks.ManagedUnityEngineDebugLogWrapper:WriteFunc(LogLevel, Byte*, Int32)

ClientWorld player simulation path has strayed from int3(7, 13, -14) to int3(10, 13, -13), searching for a correction
Large serverTick prediction error. Server tick rollback to Unity.NetCode.NetworkTick delta: -11.52178
UnityEngine.DebugLogHandler:Internal_Log(LogType, LogOption, String, Object)
UnityEngine.DebugLogHandler:LogFormat(LogType, Object, String, Object[])
UnityEngine.Logger:Log(LogType, Object)
UnityEngine.Debug:LogError(Object)
Unity.Logging.Sinks.ManagedUnityEngineDebugLogWrapper:WriteFunc(LogLevel, Byte*, Int32)

Large serverTick prediction error. Server tick rollback to Unity.NetCode.NetworkTick delta: -10.54654
UnityEngine.DebugLogHandler:Internal_Log(LogType, LogOption, String, Object)
UnityEngine.DebugLogHandler:LogFormat(LogType, Object, String, Object[])
UnityEngine.Logger:Log(LogType, Object)
UnityEngine.Debug:LogError(Object)
Unity.Logging.Sinks.ManagedUnityEngineDebugLogWrapper:WriteFunc(LogLevel, Byte*, Int32)

ClientWorld player simulation path has strayed from int3(9, 13, -13) to int3(14, 13, -13), searching for a correction
ClientWorld player simulation path has strayed from int3(11, 13, -13) to int3(14, 13, -13), searching for a correction
Large serverTick prediction error. Server tick rollback to Unity.NetCode.NetworkTick delta: -16.78818
UnityEngine.DebugLogHandler:Internal_Log(LogType, LogOption, String, Object)
UnityEngine.DebugLogHandler:LogFormat(LogType, Object, String, Object[])
UnityEngine.Logger:Log(LogType, Object)
UnityEngine.Debug:LogError(Object)
Unity.Logging.Sinks.ManagedUnityEngineDebugLogWrapper:WriteFunc(LogLevel, Byte*, Int32)

ClientWorld player simulation path has strayed from int3(11, 13, -13) to int3(14, 13, -13), searching for a correction
Large serverTick prediction error. Server tick rollback to Unity.NetCode.NetworkTick delta: -10.64801
UnityEngine.DebugLogHandler:Internal_Log(LogType, LogOption, String, Object)
UnityEngine.DebugLogHandler:LogFormat(LogType, Object, String, Object[])
UnityEngine.Logger:Log(LogType, Object)
UnityEngine.Debug:LogError(Object)
Unity.Logging.Sinks.ManagedUnityEngineDebugLogWrapper:WriteFunc(LogLevel, Byte*, Int32)

ClientWorld player simulation path has strayed from int3(11, 13, -13) to int3(14, 13, -13), searching for a correction
Large serverTick prediction error. Server tick rollback to Unity.NetCode.NetworkTick delta: -14.52523
UnityEngine.DebugLogHandler:Internal_Log(LogType, LogOption, String, Object)
UnityEngine.DebugLogHandler:LogFormat(LogType, Object, String, Object[])
UnityEngine.Logger:Log(LogType, Object)
UnityEngine.Debug:LogError(Object)
Unity.Logging.Sinks.ManagedUnityEngineDebugLogWrapper:WriteFunc(LogLevel, Byte*, Int32)

Large serverTick prediction error. Server tick rollback to Unity.NetCode.NetworkTick delta: -10.59661
UnityEngine.DebugLogHandler:Internal_Log(LogType, LogOption, String, Object)
UnityEngine.DebugLogHandler:LogFormat(LogType, Object, String, Object[])
UnityEngine.Logger:Log(LogType, Object)
UnityEngine.Debug:LogError(Object)
Unity.Logging.Sinks.ManagedUnityEngineDebugLogWrapper:WriteFunc(LogLevel, Byte*, Int32)

ClientWorld player simulation path has strayed from int3(8, 13, -13) to int3(13, 13, -11), searching for a correction
Large serverTick prediction error. Server tick rollback to Unity.NetCode.NetworkTick delta: -17.62849
UnityEngine.DebugLogHandler:Internal_Log(LogType, LogOption, String, Object)
UnityEngine.DebugLogHandler:LogFormat(LogType, Object, String, Object[])
UnityEngine.Logger:Log(LogType, Object)
UnityEngine.Debug:LogError(Object)
Unity.Logging.Sinks.ManagedUnityEngineDebugLogWrapper:WriteFunc(LogLevel, Byte*, Int32)

ClientWorld player simulation path has strayed from int3(7, 13, -13) to int3(9, 13, -7), searching for a correction
ClientWorld player simulation path has strayed from int3(9, 13, -8) to int3(6, 13, -7), searching for a correction
Large serverTick prediction error. Server tick rollback to Unity.NetCode.NetworkTick delta: -14.14492
UnityEngine.DebugLogHandler:Internal_Log(LogType, LogOption, String, Object)
UnityEngine.DebugLogHandler:LogFormat(LogType, Object, String, Object[])
UnityEngine.Logger:Log(LogType, Object)
UnityEngine.Debug:LogError(Object)
Unity.Logging.Sinks.ManagedUnityEngineDebugLogWrapper:WriteFunc(LogLevel, Byte*, Int32)

ClientWorld player simulation path has strayed from int3(8, 13, -7) to int3(5, 13, -7), searching for a correction
Large serverTick prediction error. Server tick rollback to Unity.NetCode.NetworkTick delta: -14.80918
UnityEngine.DebugLogHandler:Internal_Log(LogType, LogOption, String, Object)
UnityEngine.DebugLogHandler:LogFormat(LogType, Object, String, Object[])
UnityEngine.Logger:Log(LogType, Object)
UnityEngine.Debug:LogError(Object)
Unity.Logging.Sinks.ManagedUnityEngineDebugLogWrapper:WriteFunc(LogLevel, Byte*, Int32)

Large serverTick prediction error. Server tick rollback to Unity.NetCode.NetworkTick delta: -10.42266
UnityEngine.DebugLogHandler:Internal_Log(LogType, LogOption, String, Object)
UnityEngine.DebugLogHandler:LogFormat(LogType, Object, String, Object[])
UnityEngine.Logger:Log(LogType, Object)
UnityEngine.Debug:LogError(Object)
Unity.Logging.Sinks.ManagedUnityEngineDebugLogWrapper:WriteFunc(LogLevel, Byte*, Int32)

ClientWorld player simulation path has strayed from int3(9, 13, -10) to int3(13, 13, -10), searching for a correction
Large serverTick prediction error. Server tick rollback to Unity.NetCode.NetworkTick delta: -13.05891
UnityEngine.DebugLogHandler:Internal_Log(LogType, LogOption, String, Object)
UnityEngine.DebugLogHandler:LogFormat(LogType, Object, String, Object[])
UnityEngine.Logger:Log(LogType, Object)
UnityEngine.Debug:LogError(Object)
Unity.Logging.Sinks.ManagedUnityEngineDebugLogWrapper:WriteFunc(LogLevel, Byte*, Int32)

Large serverTick prediction error. Server tick rollback to Unity.NetCode.NetworkTick delta: -10.8348
UnityEngine.DebugLogHandler:Internal_Log(LogType, LogOption, String, Object)
UnityEngine.DebugLogHandler:LogFormat(LogType, Object, String, Object[])
UnityEngine.Logger:Log(LogType, Object)
UnityEngine.Debug:LogError(Object)
Unity.Logging.Sinks.ManagedUnityEngineDebugLogWrapper:WriteFunc(LogLevel, Byte*, Int32)

ClientWorld player simulation path has strayed from int3(12, 13, -10) to int3(10, 13, -8), searching for a correction
ClientWorld player simulation path has strayed from int3(10, 13, -9) to int3(13, 13, -9), searching for a correction
Large serverTick prediction error. Server tick rollback to Unity.NetCode.NetworkTick delta: -14.45468
UnityEngine.DebugLogHandler:Internal_Log(LogType, LogOption, String, Object)
UnityEngine.DebugLogHandler:LogFormat(LogType, Object, String, Object[])
UnityEngine.Logger:Log(LogType, Object)
UnityEngine.Debug:LogError(Object)
Unity.Logging.Sinks.ManagedUnityEngineDebugLogWrapper:WriteFunc(LogLevel, Byte*, Int32)

ClientWorld player simulation path has strayed from int3(10, 13, -9) to int3(7, 13, -10), searching for a correction
Large serverTick prediction error. Server tick rollback to Unity.NetCode.NetworkTick delta: -10.54958
UnityEngine.DebugLogHandler:Internal_Log(LogType, LogOption, String, Object)
UnityEngine.DebugLogHandler:LogFormat(LogType, Object, String, Object[])
UnityEngine.Logger:Log(LogType, Object)
UnityEngine.Debug:LogError(Object)
Unity.Logging.Sinks.ManagedUnityEngineDebugLogWrapper:WriteFunc(LogLevel, Byte*, Int32)

Large serverTick prediction error. Server tick rollback to Unity.NetCode.NetworkTick delta: -11.52144
UnityEngine.DebugLogHandler:Internal_Log(LogType, LogOption, String, Object)
UnityEngine.DebugLogHandler:LogFormat(LogType, Object, String, Object[])
UnityEngine.Logger:Log(LogType, Object)
UnityEngine.Debug:LogError(Object)
Unity.Logging.Sinks.ManagedUnityEngineDebugLogWrapper:WriteFunc(LogLevel, Byte*, Int32)

ClientWorld player simulation path has strayed from int3(10, 13, -10) to int3(7, 13, -10), searching for a correction
ClientWorld player simulation path has strayed from int3(8, 13, -10) to int3(7, 13, -14), searching for a correction
ClientWorld player simulation path has strayed from int3(7, 13, -13) to int3(10, 13, -14), searching for a correction
Large serverTick prediction error. Server tick rollback to Unity.NetCode.NetworkTick delta: -13.69757
UnityEngine.DebugLogHandler:Internal_Log(LogType, LogOption, String, Object)
UnityEngine.DebugLogHandler:LogFormat(LogType, Object, String, Object[])
UnityEngine.Logger:Log(LogType, Object)
UnityEngine.Debug:LogError(Object)
Unity.Logging.Sinks.ManagedUnityEngineDebugLogWrapper:WriteFunc(LogLevel, Byte*, Int32)

ClientWorld player simulation path has strayed from int3(7, 13, -11) to int3(7, 13, -14), searching for a correction
Large serverTick prediction error. Server tick rollback to Unity.NetCode.NetworkTick delta: -10.55077
UnityEngine.DebugLogHandler:Internal_Log(LogType, LogOption, String, Object)
UnityEngine.DebugLogHandler:LogFormat(LogType, Object, String, Object[])
UnityEngine.Logger:Log(LogType, Object)
UnityEngine.Debug:LogError(Object)
Unity.Logging.Sinks.ManagedUnityEngineDebugLogWrapper:WriteFunc(LogLevel, Byte*, Int32)

Large serverTick prediction error. Server tick rollback to Unity.NetCode.NetworkTick delta: -13.42912
UnityEngine.DebugLogHandler:Internal_Log(LogType, LogOption, String, Object)
UnityEngine.DebugLogHandler:LogFormat(LogType, Object, String, Object[])
UnityEngine.Logger:Log(LogType, Object)
UnityEngine.Debug:LogError(Object)
Unity.Logging.Sinks.ManagedUnityEngineDebugLogWrapper:WriteFunc(LogLevel, Byte*, Int32)

ClientWorld player simulation path has strayed from int3(7, 13, -13) to int3(10, 13, -14), searching for a correction
Large serverTick prediction error. Server tick rollback to Unity.NetCode.NetworkTick delta: -10.53085
UnityEngine.DebugLogHandler:Internal_Log(LogType, LogOption, String, Object)
UnityEngine.DebugLogHandler:LogFormat(LogType, Object, String, Object[])
UnityEngine.Logger:Log(LogType, Object)
UnityEngine.Debug:LogError(Object)
Unity.Logging.Sinks.ManagedUnityEngineDebugLogWrapper:WriteFunc(LogLevel, Byte*, Int32)

ClientWorld player simulation path has strayed from int3(7, 13, -14) to int3(10, 13, -14), searching for a correction
Large serverTick prediction error. Server tick rollback to Unity.NetCode.NetworkTick delta: -11.46259
UnityEngine.DebugLogHandler:Internal_Log(LogType, LogOption, String, Object)
UnityEngine.DebugLogHandler:LogFormat(LogType, Object, String, Object[])
UnityEngine.Logger:Log(LogType, Object)
UnityEngine.Debug:LogError(Object)
Unity.Logging.Sinks.ManagedUnityEngineDebugLogWrapper:WriteFunc(LogLevel, Byte*, Int32)

ClientWorld player simulation path has strayed from int3(10, 13, -10) to int3(8, 13, -14), searching for a correction
Large serverTick prediction error. Server tick rollback to Unity.NetCode.NetworkTick delta: -16.80404
UnityEngine.DebugLogHandler:Internal_Log(LogType, LogOption, String, Object)
UnityEngine.DebugLogHandler:LogFormat(LogType, Object, String, Object[])
UnityEngine.Logger:Log(LogType, Object)
UnityEngine.Debug:LogError(Object)
Unity.Logging.Sinks.ManagedUnityEngineDebugLogWrapper:WriteFunc(LogLevel, Byte*, Int32)

Large serverTick prediction error. Server tick rollback to Unity.NetCode.NetworkTick delta: -10.82044
UnityEngine.DebugLogHandler:Internal_Log(LogType, LogOption, String, Object)
UnityEngine.DebugLogHandler:LogFormat(LogType, Object, String, Object[])
UnityEngine.Logger:Log(LogType, Object)
UnityEngine.Debug:LogError(Object)
Unity.Logging.Sinks.ManagedUnityEngineDebugLogWrapper:WriteFunc(LogLevel, Byte*, Int32)

ClientWorld player simulation path has strayed from int3(9, 13, -10) to int3(9, 13, -13), searching for a correction
Large serverTick prediction error. Server tick rollback to Unity.NetCode.NetworkTick delta: -15.28503
UnityEngine.DebugLogHandler:Internal_Log(LogType, LogOption, String, Object)
UnityEngine.DebugLogHandler:LogFormat(LogType, Object, String, Object[])
UnityEngine.Logger:Log(LogType, Object)
UnityEngine.Debug:LogError(Object)
Unity.Logging.Sinks.ManagedUnityEngineDebugLogWrapper:WriteFunc(LogLevel, Byte*, Int32)

Large serverTick prediction error. Server tick rollback to Unity.NetCode.NetworkTick delta: -10.54207
UnityEngine.DebugLogHandler:Internal_Log(LogType, LogOption, String, Object)
UnityEngine.DebugLogHandler:LogFormat(LogType, Object, String, Object[])
UnityEngine.Logger:Log(LogType, Object)
UnityEngine.Debug:LogError(Object)
Unity.Logging.Sinks.ManagedUnityEngineDebugLogWrapper:WriteFunc(LogLevel, Byte*, Int32)

Large serverTick prediction error. Server tick rollback to Unity.NetCode.NetworkTick delta: -10.70457
UnityEngine.DebugLogHandler:Internal_Log(LogType, LogOption, String, Object)
UnityEngine.DebugLogHandler:LogFormat(LogType, Object, String, Object[])
UnityEngine.Logger:Log(LogType, Object)
UnityEngine.Debug:LogError(Object)
Unity.Logging.Sinks.ManagedUnityEngineDebugLogWrapper:WriteFunc(LogLevel, Byte*, Int32)

Large serverTick prediction error. Server tick rollback to Unity.NetCode.NetworkTick delta: -14.6196
UnityEngine.DebugLogHandler:Internal_Log(LogType, LogOption, String, Object)
UnityEngine.DebugLogHandler:LogFormat(LogType, Object, String, Object[])
UnityEngine.Logger:Log(LogType, Object)
UnityEngine.Debug:LogError(Object)
Unity.Logging.Sinks.ManagedUnityEngineDebugLogWrapper:WriteFunc(LogLevel, Byte*, Int32)

Large serverTick prediction error. Server tick rollback to Unity.NetCode.NetworkTick delta: -14.78721
UnityEngine.DebugLogHandler:Internal_Log(LogType, LogOption, String, Object)
UnityEngine.DebugLogHandler:LogFormat(LogType, Object, String, Object[])
UnityEngine.Logger:Log(LogType, Object)
UnityEngine.Debug:LogError(Object)
Unity.Logging.Sinks.ManagedUnityEngineDebugLogWrapper:WriteFunc(LogLevel, Byte*, Int32)

Large serverTick prediction error. Server tick rollback to Unity.NetCode.NetworkTick delta: -12.88128
UnityEngine.DebugLogHandler:Internal_Log(LogType, LogOption, String, Object)
UnityEngine.DebugLogHandler:LogFormat(LogType, Object, String, Object[])
UnityEngine.Logger:Log(LogType, Object)
UnityEngine.Debug:LogError(Object)
Unity.Logging.Sinks.ManagedUnityEngineDebugLogWrapper:WriteFunc(LogLevel, Byte*, Int32)

ClientWorld player simulation path has strayed from int3(7, 13, -13) to int3(12, 13, -8), searching for a correction
ClientWorld player simulation path has strayed from int3(12, 13, -9) to int3(10, 13, -7), searching for a correction
Large serverTick prediction error. Server tick rollback to Unity.NetCode.NetworkTick delta: -10.60492
UnityEngine.DebugLogHandler:Internal_Log(LogType, LogOption, String, Object)
UnityEngine.DebugLogHandler:LogFormat(LogType, Object, String, Object[])
UnityEngine.Logger:Log(LogType, Object)
UnityEngine.Debug:LogError(Object)
Unity.Logging.Sinks.ManagedUnityEngineDebugLogWrapper:WriteFunc(LogLevel, Byte*, Int32)

Large serverTick prediction error. Server tick rollback to Unity.NetCode.NetworkTick delta: -13.69795
UnityEngine.DebugLogHandler:Internal_Log(LogType, LogOption, String, Object)
UnityEngine.DebugLogHandler:LogFormat(LogType, Object, String, Object[])
UnityEngine.Logger:Log(LogType, Object)
UnityEngine.Debug:LogError(Object)
Unity.Logging.Sinks.ManagedUnityEngineDebugLogWrapper:WriteFunc(LogLevel, Byte*, Int32)

Large serverTick prediction error. Server tick rollback to Unity.NetCode.NetworkTick delta: -13.67749
UnityEngine.DebugLogHandler:Internal_Log(LogType, LogOption, String, Object)
UnityEngine.DebugLogHandler:LogFormat(LogType, Object, String, Object[])
UnityEngine.Logger:Log(LogType, Object)
UnityEngine.Debug:LogError(Object)
Unity.Logging.Sinks.ManagedUnityEngineDebugLogWrapper:WriteFunc(LogLevel, Byte*, Int32)

ClientWorld player simulation path has strayed from int3(9, 13, -11) to int3(12, 13, -8), searching for a correction
Large serverTick prediction error. Server tick rollback to Unity.NetCode.NetworkTick delta: -12.81453
UnityEngine.DebugLogHandler:Internal_Log(LogType, LogOption, String, Object)
UnityEngine.DebugLogHandler:LogFormat(LogType, Object, String, Object[])
UnityEngine.Logger:Log(LogType, Object)
UnityEngine.Debug:LogError(Object)
Unity.Logging.Sinks.ManagedUnityEngineDebugLogWrapper:WriteFunc(LogLevel, Byte*, Int32)

ClientWorld player simulation path has strayed from int3(12, 13, -9) to int3(15, 13, -7), searching for a correction
Large serverTick prediction error. Server tick rollback to Unity.NetCode.NetworkTick delta: -11.5589
UnityEngine.DebugLogHandler:Internal_Log(LogType, LogOption, String, Object)
UnityEngine.DebugLogHandler:LogFormat(LogType, Object, String, Object[])
UnityEngine.Logger:Log(LogType, Object)
UnityEngine.Debug:LogError(Object)
Unity.Logging.Sinks.ManagedUnityEngineDebugLogWrapper:WriteFunc(LogLevel, Byte*, Int32)

Large serverTick prediction error. Server tick rollback to Unity.NetCode.NetworkTick delta: -10.57364
UnityEngine.DebugLogHandler:Internal_Log(LogType, LogOption, String, Object)
UnityEngine.DebugLogHandler:LogFormat(LogType, Object, String, Object[])
UnityEngine.Logger:Log(LogType, Object)
UnityEngine.Debug:LogError(Object)
Unity.Logging.Sinks.ManagedUnityEngineDebugLogWrapper:WriteFunc(LogLevel, Byte*, Int32)

Large serverTick prediction error. Server tick rollback to Unity.NetCode.NetworkTick delta: -11.59719
UnityEngine.DebugLogHandler:Internal_Log(LogType, LogOption, String, Object)
UnityEngine.DebugLogHandler:LogFormat(LogType, Object, String, Object[])
UnityEngine.Logger:Log(LogType, Object)
UnityEngine.Debug:LogError(Object)
Unity.Logging.Sinks.ManagedUnityEngineDebugLogWrapper:WriteFunc(LogLevel, Byte*, Int32)

ClientWorld player simulation path has strayed from int3(12, 13, -9) to int3(12, 13, -5), searching for a correction
ClientWorld player simulation path has strayed from int3(12, 13, -6) to int3(9, 13, -5), searching for a correction
Large serverTick prediction error. Server tick rollback to Unity.NetCode.NetworkTick delta: -11.74689
UnityEngine.DebugLogHandler:Internal_Log(LogType, LogOption, String, Object)
UnityEngine.DebugLogHandler:LogFormat(LogType, Object, String, Object[])
UnityEngine.Logger:Log(LogType, Object)
UnityEngine.Debug:LogError(Object)
Unity.Logging.Sinks.ManagedUnityEngineDebugLogWrapper:WriteFunc(LogLevel, Byte*, Int32)

Large serverTick prediction error. Server tick rollback to Unity.NetCode.NetworkTick delta: -10.70255
UnityEngine.DebugLogHandler:Internal_Log(LogType, LogOption, String, Object)
UnityEngine.DebugLogHandler:LogFormat(LogType, Object, String, Object[])
UnityEngine.Logger:Log(LogType, Object)
UnityEngine.Debug:LogError(Object)
Unity.Logging.Sinks.ManagedUnityEngineDebugLogWrapper:WriteFunc(LogLevel, Byte*, Int32)

ClientWorld player simulation path has strayed from int3(12, 13, -7) to int3(13, 13, -10), searching for a correction
Large serverTick prediction error. Server tick rollback to Unity.NetCode.NetworkTick delta: -10.47551
UnityEngine.DebugLogHandler:Internal_Log(LogType, LogOption, String, Object)
UnityEngine.DebugLogHandler:LogFormat(LogType, Object, String, Object[])
UnityEngine.Logger:Log(LogType, Object)
UnityEngine.Debug:LogError(Object)
Unity.Logging.Sinks.ManagedUnityEngineDebugLogWrapper:WriteFunc(LogLevel, Byte*, Int32)

ClientWorld player simulation path has strayed from int3(9, 13, -11) to int3(12, 13, -8), searching for a correction
ClientWorld player simulation path has strayed from int3(12, 13, -9) to int3(10, 13, -11), searching for a correction
Large serverTick prediction error. Server tick rollback to Unity.NetCode.NetworkTick delta: -10.54706
UnityEngine.DebugLogHandler:Internal_Log(LogType, LogOption, String, Object)
UnityEngine.DebugLogHandler:LogFormat(LogType, Object, String, Object[])
UnityEngine.Logger:Log(LogType, Object)
UnityEngine.Debug:LogError(Object)
Unity.Logging.Sinks.ManagedUnityEngineDebugLogWrapper:WriteFunc(LogLevel, Byte*, Int32)

Large serverTick prediction error. Server tick rollback to Unity.NetCode.NetworkTick delta: -11.43893
UnityEngine.DebugLogHandler:Internal_Log(LogType, LogOption, String, Object)
UnityEngine.DebugLogHandler:LogFormat(LogType, Object, String, Object[])
UnityEngine.Logger:Log(LogType, Object)
UnityEngine.Debug:LogError(Object)
Unity.Logging.Sinks.ManagedUnityEngineDebugLogWrapper:WriteFunc(LogLevel, Byte*, Int32)

ClientWorld player simulation path has strayed from int3(11, 13, -11) to int3(12, 13, -8), searching for a correction
Large serverTick prediction error. Server tick rollback to Unity.NetCode.NetworkTick delta: -14.93172
UnityEngine.DebugLogHandler:Internal_Log(LogType, LogOption, String, Object)
UnityEngine.DebugLogHandler:LogFormat(LogType, Object, String, Object[])
UnityEngine.Logger:Log(LogType, Object)
UnityEngine.Debug:LogError(Object)
Unity.Logging.Sinks.ManagedUnityEngineDebugLogWrapper:WriteFunc(LogLevel, Byte*, Int32)

ClientWorld player simulation path has strayed from int3(11, 13, -11) to int3(13, 13, -9), searching for a correction
Large serverTick prediction error. Server tick rollback to Unity.NetCode.NetworkTick delta: -10.67295
UnityEngine.DebugLogHandler:Internal_Log(LogType, LogOption, String, Object)
UnityEngine.DebugLogHandler:LogFormat(LogType, Object, String, Object[])
UnityEngine.Logger:Log(LogType, Object)
UnityEngine.Debug:LogError(Object)
Unity.Logging.Sinks.ManagedUnityEngineDebugLogWrapper:WriteFunc(LogLevel, Byte*, Int32)

Large serverTick prediction error. Server tick rollback to Unity.NetCode.NetworkTick delta: -11.67821
UnityEngine.DebugLogHandler:Internal_Log(LogType, LogOption, String, Object)
UnityEngine.DebugLogHandler:LogFormat(LogType, Object, String, Object[])
UnityEngine.Logger:Log(LogType, Object)
UnityEngine.Debug:LogError(Object)
Unity.Logging.Sinks.ManagedUnityEngineDebugLogWrapper:WriteFunc(LogLevel, Byte*, Int32)

ClientWorld player simulation path has strayed from int3(7, 13, -12) to int3(12, 13, -10), searching for a correction
Large serverTick prediction error. Server tick rollback to Unity.NetCode.NetworkTick delta: -22.51715
UnityEngine.DebugLogHandler:Internal_Log(LogType, LogOption, String, Object)
UnityEngine.DebugLogHandler:LogFormat(LogType, Object, String, Object[])
UnityEngine.Logger:Log(LogType, Object)
UnityEngine.Debug:LogError(Object)
Unity.Logging.Sinks.ManagedUnityEngineDebugLogWrapper:WriteFunc(LogLevel, Byte*, Int32)

ClientWorld player simulation path has strayed from int3(11, 13, -10) to int3(6, 13, -10), searching for a correction
Large serverTick prediction error. Server tick rollback to Unity.NetCode.NetworkTick delta: -20.57101
UnityEngine.DebugLogHandler:Internal_Log(LogType, LogOption, String, Object)
UnityEngine.DebugLogHandler:LogFormat(LogType, Object, String, Object[])
UnityEngine.Logger:Log(LogType, Object)
UnityEngine.Debug:LogError(Object)
Unity.Logging.Sinks.ManagedUnityEngineDebugLogWrapper:WriteFunc(LogLevel, Byte*, Int32)

Large serverTick prediction error. Server tick rollback to Unity.NetCode.NetworkTick delta: -15.69476
UnityEngine.DebugLogHandler:Internal_Log(LogType, LogOption, String, Object)
UnityEngine.DebugLogHandler:LogFormat(LogType, Object, String, Object[])
UnityEngine.Logger:Log(LogType, Object)
UnityEngine.Debug:LogError(Object)
Unity.Logging.Sinks.ManagedUnityEngineDebugLogWrapper:WriteFunc(LogLevel, Byte*, Int32)

Large serverTick prediction error. Server tick rollback to Unity.NetCode.NetworkTick delta: -14.04099
UnityEngine.DebugLogHandler:Internal_Log(LogType, LogOption, String, Object)
UnityEngine.DebugLogHandler:LogFormat(LogType, Object, String, Object[])
UnityEngine.Logger:Log(LogType, Object)
UnityEngine.Debug:LogError(Object)
Unity.Logging.Sinks.ManagedUnityEngineDebugLogWrapper:WriteFunc(LogLevel, Byte*, Int32)

Large serverTick prediction error. Server tick rollback to Unity.NetCode.NetworkTick delta: -11.86379
UnityEngine.DebugLogHandler:Internal_Log(LogType, LogOption, String, Object)
UnityEngine.DebugLogHandler:LogFormat(LogType, Object, String, Object[])
UnityEngine.Logger:Log(LogType, Object)
UnityEngine.Debug:LogError(Object)
Unity.Logging.Sinks.ManagedUnityEngineDebugLogWrapper:WriteFunc(LogLevel, Byte*, Int32)

Large serverTick prediction error. Server tick rollback to Unity.NetCode.NetworkTick delta: -17.517
UnityEngine.DebugLogHandler:Internal_Log(LogType, LogOption, String, Object)
UnityEngine.DebugLogHandler:LogFormat(LogType, Object, String, Object[])
UnityEngine.Logger:Log(LogType, Object)
UnityEngine.Debug:LogError(Object)
Unity.Logging.Sinks.ManagedUnityEngineDebugLogWrapper:WriteFunc(LogLevel, Byte*, Int32)

ClientWorld player simulation path has strayed from int3(8, 13, -10) to int3(2, 13, -10), searching for a correction
Large serverTick prediction error. Server tick rollback to Unity.NetCode.NetworkTick delta: -14.95795
UnityEngine.DebugLogHandler:Internal_Log(LogType, LogOption, String, Object)
UnityEngine.DebugLogHandler:LogFormat(LogType, Object, String, Object[])
UnityEngine.Logger:Log(LogType, Object)
UnityEngine.Debug:LogError(Object)
Unity.Logging.Sinks.ManagedUnityEngineDebugLogWrapper:WriteFunc(LogLevel, Byte*, Int32)

ClientWorld player simulation path has strayed from int3(6, 13, -10) to int3(2, 13, -10), searching for a correction
Large serverTick prediction error. Server tick rollback to Unity.NetCode.NetworkTick delta: -17.45462
UnityEngine.DebugLogHandler:Internal_Log(LogType, LogOption, String, Object)
UnityEngine.DebugLogHandler:LogFormat(LogType, Object, String, Object[])
UnityEngine.Logger:Log(LogType, Object)
UnityEngine.Debug:LogError(Object)
Unity.Logging.Sinks.ManagedUnityEngineDebugLogWrapper:WriteFunc(LogLevel, Byte*, Int32)

ClientWorld player simulation path has strayed from int3(8, 13, -12) to int3(2, 13, -10), searching for a correction
ClientWorld player simulation path has strayed from int3(3, 13, -10) to int3(6, 13, -10), searching for a correction
Large serverTick prediction error. Server tick rollback to Unity.NetCode.NetworkTick delta: -23.46378
UnityEngine.DebugLogHandler:Internal_Log(LogType, LogOption, String, Object)
UnityEngine.DebugLogHandler:LogFormat(LogType, Object, String, Object[])
UnityEngine.Logger:Log(LogType, Object)
UnityEngine.Debug:LogError(Object)
Unity.Logging.Sinks.ManagedUnityEngineDebugLogWrapper:WriteFunc(LogLevel, Byte*, Int32)

Large serverTick prediction error. Server tick rollback to Unity.NetCode.NetworkTick delta: -21.30711
UnityEngine.DebugLogHandler:Internal_Log(LogType, LogOption, String, Object)
UnityEngine.DebugLogHandler:LogFormat(LogType, Object, String, Object[])
UnityEngine.Logger:Log(LogType, Object)
UnityEngine.Debug:LogError(Object)
Unity.Logging.Sinks.ManagedUnityEngineDebugLogWrapper:WriteFunc(LogLevel, Byte*, Int32)

Large serverTick prediction error. Server tick rollback to Unity.NetCode.NetworkTick delta: -17.93573
UnityEngine.DebugLogHandler:Internal_Log(LogType, LogOption, String, Object)
UnityEngine.DebugLogHandler:LogFormat(LogType, Object, String, Object[])
UnityEngine.Logger:Log(LogType, Object)
UnityEngine.Debug:LogError(Object)
Unity.Logging.Sinks.ManagedUnityEngineDebugLogWrapper:WriteFunc(LogLevel, Byte*, Int32)

Large serverTick prediction error. Server tick rollback to Unity.NetCode.NetworkTick delta: -14.38912
UnityEngine.DebugLogHandler:Internal_Log(LogType, LogOption, String, Object)
UnityEngine.DebugLogHandler:LogFormat(LogType, Object, String, Object[])
UnityEngine.Logger:Log(LogType, Object)
UnityEngine.Debug:LogError(Object)
Unity.Logging.Sinks.ManagedUnityEngineDebugLogWrapper:WriteFunc(LogLevel, Byte*, Int32)

ClientWorld player simulation path has strayed from int3(4, 13, -10) to int3(-3, 13, -10), searching for a correction
[12:19:46.2503390]:[ClientWorld] Connection disconnected ID:58 Reason:ClosedByRemote
Large serverTick prediction error. Server tick rollback to Unity.NetCode.NetworkTick delta: -13.82706
UnityEngine.DebugLogHandler:Internal_Log(LogType, LogOption, String, Object)
UnityEngine.DebugLogHandler:LogFormat(LogType, Object, String, Object[])
UnityEngine.Logger:Log(LogType, Object)
UnityEngine.Debug:LogError(Object)
Unity.Logging.Sinks.ManagedUnityEngineDebugLogWrapper:WriteFunc(LogLevel, Byte*, Int32)

Caught fatal signal - signo:15 code:0 errno:0 addr:0x150200079b1d
Obtained 14 stack frames.
#0  0x007f9bcc1cc9c9 in PlayerMain(int, char**)
#1  0x007f9bcc1c14b7 in (Unknown)
#2  0x007f9bc9f29c20 in funlockfile
#3  0x007f9bc9c4952d in syscall
#4  0x007f9bccfa2d73 in PlayerMain(int, char**)
#5  0x007f9bcbfd84d1 in (Unknown)
#6  0x007f9bcbcb75b4 in (Unknown)
#7  0x007f9bcbc5809d in (Unknown)
#8  0x007f9bcbc44247 in (Unknown)
#9  0x007f9bcbc44201 in (Unknown)
#10 0x007f9bcbc44570 in (Unknown)
#11 0x007f9bcc1c3077 in PlayerMain(int, char**)
#12 0x007f9bc9b75493 in __libc_start_main
#13 0x00000000201029 in _start
Setting up 12 worker threads for Enlighten.
Calling DomainUnloadOrPlayModeChangeShutdown!
Writing stats to file
Caught fatal signal - signo:11 code:1 errno:0 addr:0x48
Obtained 25 stack frames.
#0  0x007f9bcc1cc9c9 in PlayerMain(int, char**)
#1  0x007f9bcc1c14b7 in (Unknown)
#2  0x007f9bc9f29c20 in funlockfile
#3  0x007f9bcbb84ff3 in (Unknown)
#4  0x007f9bcbb85671 in (Unknown)
#5  0x007f9bcbb65e7a in (Unknown)
#6  0x007f9bcc56142e in PlayerMain(int, char**)
#7  0x007f9bcb513426 in (Unknown)
#8  0x007f9b6c516320 in ContentLoadInterface_ContentFile_UnloadAsync_Injected_mBD2F1D561285B0DE37DCDA4DEA75931201B5E680
#9  0x007f9b6c51578f in ContentLoadInterface_ContentFile_UnloadAsync_m197A3C60564D4E9F9049BAD57B46FB404A8F17BD
#10 0x007f9b6c515635 in ContentFile_UnloadAsync_mF35518E83FCF4C1701AF2C6CEBF7E507490481D6
#11 0x007f9b6b78d56a in RuntimeContentManager_ReleaseFile_m12EDB377B39EF4D01B3268E711303D79747A4F4C
#12 0x007f9b6b78b45c in RuntimeContentManager_ReleaseObjectImpl_m84E24B7727CAA367D95ABC97FC529A5594840414
#13 0x007f9b6b789ae8 in RuntimeContentManager_Cleanup_m6436DF58ED05204D0A7DFACFB212018BD6B813FD
#14 0x007f9b6b78af38 in RuntimeContentManager_OnShutdown_m09B1F0AD37BE7168472DDB84F55C43F02CD40113
#15 0x007f9b67286e76 in EventHandler_Invoke_m9D3126CBE291A3E7E7C304094E1DA846832F9B96_Multicast(EventHandler_tC6323FD7E6163F965259C33D72612C0E5B9BAB82*, Il2CppObject*, EventArgs_t37273F03EAC87217701DD431B190FBD84AD7C377*, MethodInfo const*)
#16 0x007f9b6abf87b0 in EventHandler_Invoke_m9D3126CBE291A3E7E7C304094E1DA846832F9B96
#17 0x007f9b67431073 in il2cpp::vm::Runtime::InvokeWithThrow(MethodInfo const*, void*, void**)
#18 0x007f9b67430fdb in il2cpp::vm::Runtime::Invoke(MethodInfo const*, void*, void**, Il2CppException**)
#19 0x007f9b67430b1c in il2cpp::vm::Runtime::Shutdown()
#20 0x007f9bcc11af56 in (Unknown)
#21 0x007f9bcbc56658 in (Unknown)
#22 0x007f9bcc1c2ee6 in PlayerMain(int, char**)
#23 0x007f9bc9b75493 in __libc_start_main
#24 0x00000000201029 in _start
