[UnityMemory] Configuration Parameters - Can be set up in boot.config
    "memorysetup-bucket-allocator-granularity=16"
    "memorysetup-bucket-allocator-bucket-count=8"
    "memorysetup-bucket-allocator-block-size=4194304"
    "memorysetup-bucket-allocator-block-count=1"
    "memorysetup-main-allocator-block-size=16777216"
    "memorysetup-thread-allocator-block-size=16777216"
    "memorysetup-gfx-main-allocator-block-size=16777216"
    "memorysetup-gfx-thread-allocator-block-size=16777216"
    "memorysetup-cache-allocator-block-size=4194304"
    "memorysetup-typetree-allocator-block-size=2097152"
    "memorysetup-profiler-bucket-allocator-granularity=16"
    "memorysetup-profiler-bucket-allocator-bucket-count=8"
    "memorysetup-profiler-bucket-allocator-block-size=4194304"
    "memorysetup-profiler-bucket-allocator-block-count=1"
    "memorysetup-profiler-allocator-block-size=16777216"
    "memorysetup-profiler-editor-allocator-block-size=1048576"
    "memorysetup-temp-allocator-size-main=4194304"
    "memorysetup-job-temp-allocator-block-size=2097152"
    "memorysetup-job-temp-allocator-block-size-background=1048576"
    "memorysetup-job-temp-allocator-reduction-small-platforms=262144"
    "memorysetup-allocator-temp-initial-block-size-main=262144"
    "memorysetup-allocator-temp-initial-block-size-worker=262144"
    "memorysetup-temp-allocator-size-background-worker=32768"
    "memorysetup-temp-allocator-size-job-worker=262144"
    "memorysetup-temp-allocator-size-preload-manager=262144"
    "memorysetup-temp-allocator-size-nav-mesh-worker=65536"
    "memorysetup-temp-allocator-size-audio-worker=65536"
    "memorysetup-temp-allocator-size-cloud-worker=32768"
    "memorysetup-temp-allocator-size-gfx=262144"
Remaining time:29s
Found 2 interfaces on host : 0) 10.141.0.12 1) 10.149.0.12
Player connection [140579228565376] Multi-casting "[IP] 10.141.0.12 [Port] 55000 [Flags] 19 [Guid] 798462884 [EditorId] 3765082745 [Version] 1048832 [Id] LinuxPlayer(13,10.141.0.12) [Debug] 0 [PackageName] LinuxPlayer [ProjectName] Opencraft" to [225.0.0.222:54997]...

Direct connection to host time out.
Stopping profiler. Profiler is not able to flush data to a file or socket and exceeded maximum allowed memory for buffering.
Please use Profiler.maxUsedMemory API or -profiler-maxusedmemory command line parameter to increase maximum allowed memory usage.
Using 134234112 bytes while Profiler.maxUsedMemory is 134217728 bytes.
Failed to initialize networking layer after 30 seconds, skipping waiting for connection before starting playback.
Preloaded 'lib_burst_generated.so'
Preloaded 'libwebrtc.so'
[Physics::Module] Initialized MultithreadedJobDispatcher with 47 workers.
Initialize engine version: 2022.3.16f1 (d2c21f0ef2f1)
[Subsystems] Discovering subsystems at path /var/scratch/zmr280/opencraft/opencraft_Data/UnitySubsystems
Forcing GfxDevice: Null
GfxDevice: creating device client; threaded=0; jobified=0
NullGfxDevice:
    Version:  NULL 1.0 [1.0]
    Renderer: Null Device
    Vendor:   Unity Technologies
ERROR: Shader Hidden/Universal Render Pipeline/Blit shader is not supported on this GPU (none of subshaders/fallbacks are suitable)
ERROR: Shader Hidden/Universal Render Pipeline/CopyDepth shader is not supported on this GPU (none of subshaders/fallbacks are suitable)
ERROR: Shader Hidden/Universal Render Pipeline/Sampling shader is not supported on this GPU (none of subshaders/fallbacks are suitable)
ERROR: Shader Hidden/Universal Render Pipeline/LutBuilderLdr shader is not supported on this GPU (none of subshaders/fallbacks are suitable)
ERROR: Shader Hidden/Universal Render Pipeline/LutBuilderHdr shader is not supported on this GPU (none of subshaders/fallbacks are suitable)
ERROR: Shader Hidden/Universal Render Pipeline/UberPost shader is not supported on this GPU (none of subshaders/fallbacks are suitable)
ERROR: Shader Hidden/Universal Render Pipeline/Debug/DebugReplacement shader is not supported on this GPU (none of subshaders/fallbacks are suitable)
ERROR: Shader Hidden/Universal/HDRDebugView shader is not supported on this GPU (none of subshaders/fallbacks are suitable)
WARNING: Shader Unsupported: 'Hidden/Universal Render Pipeline/FallbackError' - All subshaders removed
WARNING: Shader Did you use #pragma only_renderers and omit this platform?
WARNING: Shader If subshaders removal was intentional, you may have forgotten turning Fallback off?
ERROR: Shader Hidden/Universal Render Pipeline/FallbackError shader is not supported on this GPU (none of subshaders/fallbacks are suitable)
WARNING: Shader Unsupported: 'Hidden/Universal Render Pipeline/FallbackError' - All subshaders removed
WARNING: Shader Did you use #pragma only_renderers and omit this platform?
WARNING: Shader If subshaders removal was intentional, you may have forgotten turning Fallback off?
WARNING: Shader Unsupported: 'Hidden/Universal Render Pipeline/StencilDeferred' - All subshaders removed
WARNING: Shader Did you use #pragma only_renderers and omit this platform?
WARNING: Shader If subshaders removal was intentional, you may have forgotten turning Fallback off?
ERROR: Shader Hidden/Universal Render Pipeline/StencilDeferred shader is not supported on this GPU (none of subshaders/fallbacks are suitable)
WARNING: Shader Unsupported: 'Hidden/Universal Render Pipeline/StencilDeferred' - All subshaders removed
WARNING: Shader Did you use #pragma only_renderers and omit this platform?
WARNING: Shader If subshaders removal was intentional, you may have forgotten turning Fallback off?
ERROR: Shader Hidden/Universal Render Pipeline/CameraMotionVectors shader is not supported on this GPU (none of subshaders/fallbacks are suitable)
ERROR: Shader Hidden/Universal Render Pipeline/ObjectMotionVectors shader is not supported on this GPU (none of subshaders/fallbacks are suitable)
ERROR: Shader Hidden/Universal Render Pipeline/LensFlareDataDriven shader is not supported on this GPU (none of subshaders/fallbacks are suitable)
ERROR: Shader Hidden/Universal Render Pipeline/ScreenSpaceAmbientOcclusion shader is not supported on this GPU (none of subshaders/fallbacks are suitable)
ERROR: Shader Hidden/Universal Render Pipeline/Stop NaN shader is not supported on this GPU (none of subshaders/fallbacks are suitable)
ERROR: Shader Hidden/Universal Render Pipeline/SubpixelMorphologicalAntialiasing shader is not supported on this GPU (none of subshaders/fallbacks are suitable)
ERROR: Shader Hidden/Universal Render Pipeline/TemporalAA shader is not supported on this GPU (none of subshaders/fallbacks are suitable)
ERROR: Shader Hidden/Universal Render Pipeline/Scaling Setup shader is not supported on this GPU (none of subshaders/fallbacks are suitable)
ERROR: Shader Hidden/Universal Render Pipeline/Edge Adaptive Spatial Upsampling shader is not supported on this GPU (none of subshaders/fallbacks are suitable)
ERROR: Shader Hidden/Universal Render Pipeline/FinalPost shader is not supported on this GPU (none of subshaders/fallbacks are suitable)
ERROR: Shader Sprites/Default shader is not supported on this GPU (none of subshaders/fallbacks are suitable)
ERROR: Shader Sprites/Mask shader is not supported on this GPU (none of subshaders/fallbacks are suitable)
ERROR: Shader GUI/Text Shader shader is not supported on this GPU (none of subshaders/fallbacks are suitable)
UnloadTime: 0.860794 ms
Parsing args: /var/scratch/zmr280/opencraft/opencraft.x86_64, -batchmode, -nographics, -logStats, True, -serverUrl, 10.141.0.1, -statsFile, /var/scratch/zmr280/runs/players-activeLogic_Empty_0x_0z_60p_120s/opencraft_stats/client5.csv, -userID, 5, -playType, Client, -emulationType, Simulation
Setting up worlds with playType Client and streaming role Disabled
Adding type with UniqueSystemAttribute: StatisticsSystem
Adding type with UniqueSystemAttribute: StatisticsSystem
Adding world ClientWorld to update list
Connecting worlds with playType Client and streaming role Disabled
Created connection request for 10.141.0.1:7979
Creating statistics writer!
Recorder [ServerFixedUpdate] is invalid!
UnityEngine.DebugLogHandler:Internal_Log(LogType, LogOption, String, Object)
UnityEngine.DebugLogHandler:LogFormat(LogType, Object, String, Object[])
UnityEngine.Logger:Log(LogType, Object)
UnityEngine.Debug:LogWarning(Object)
PolkaDOTS.Statistics.StatisticsWriter:.ctor()
PolkaDOTS.Statistics.StatisticsWriterInstance:Awake()

Recorder [TerrainGeneration] is invalid!
UnityEngine.DebugLogHandler:Internal_Log(LogType, LogOption, String, Object)
UnityEngine.DebugLogHandler:LogFormat(LogType, Object, String, Object[])
UnityEngine.Logger:Log(LogType, Object)
UnityEngine.Debug:LogWarning(Object)
PolkaDOTS.Statistics.StatisticsWriter:.ctor()
PolkaDOTS.Statistics.StatisticsWriterInstance:Awake()

Recorder [PlayerTerrainGenCheck] is invalid!
UnityEngine.DebugLogHandler:Internal_Log(LogType, LogOption, String, Object)
UnityEngine.DebugLogHandler:LogFormat(LogType, Object, String, Object[])
UnityEngine.Logger:Log(LogType, Object)
UnityEngine.Debug:LogWarning(Object)
PolkaDOTS.Statistics.StatisticsWriter:.ctor()
PolkaDOTS.Statistics.StatisticsWriterInstance:Awake()

Recorder [StructureGeneration] is invalid!
UnityEngine.DebugLogHandler:Internal_Log(LogType, LogOption, String, Object)
UnityEngine.DebugLogHandler:LogFormat(LogType, Object, String, Object[])
UnityEngine.Logger:Log(LogType, Object)
UnityEngine.Debug:LogWarning(Object)
PolkaDOTS.Statistics.StatisticsWriter:.ctor()
PolkaDOTS.Statistics.StatisticsWriterInstance:Awake()

Recorder [TerrainLogicSystem] is invalid!
UnityEngine.DebugLogHandler:Internal_Log(LogType, LogOption, String, Object)
UnityEngine.DebugLogHandler:LogFormat(LogType, Object, String, Object[])
UnityEngine.Logger:Log(LogType, Object)
UnityEngine.Debug:LogWarning(Object)
PolkaDOTS.Statistics.StatisticsWriter:.ctor()
PolkaDOTS.Statistics.StatisticsWriterInstance:Awake()

Recorder [GetUpdates] is invalid!
UnityEngine.DebugLogHandler:Internal_Log(LogType, LogOption, String, Object)
UnityEngine.DebugLogHandler:LogFormat(LogType, Object, String, Object[])
UnityEngine.Logger:Log(LogType, Object)
UnityEngine.Debug:LogWarning(Object)
PolkaDOTS.Statistics.StatisticsWriter:.ctor()
PolkaDOTS.Statistics.StatisticsWriterInstance:Awake()

Recorder [ReevaluatePropagateMarker] is invalid!
UnityEngine.DebugLogHandler:Internal_Log(LogType, LogOption, String, Object)
UnityEngine.DebugLogHandler:LogFormat(LogType, Object, String, Object[])
UnityEngine.Logger:Log(LogType, Object)
UnityEngine.Debug:LogWarning(Object)
PolkaDOTS.Statistics.StatisticsWriter:.ctor()
PolkaDOTS.Statistics.StatisticsWriterInstance:Awake()

Recorder [PropagateLogicState] is invalid!
UnityEngine.DebugLogHandler:Internal_Log(LogType, LogOption, String, Object)
UnityEngine.DebugLogHandler:LogFormat(LogType, Object, String, Object[])
UnityEngine.Logger:Log(LogType, Object)
UnityEngine.Debug:LogWarning(Object)
PolkaDOTS.Statistics.StatisticsWriter:.ctor()
PolkaDOTS.Statistics.StatisticsWriterInstance:Awake()

Recorder [PropInputBlocks] is invalid!
UnityEngine.DebugLogHandler:Internal_Log(LogType, LogOption, String, Object)
UnityEngine.DebugLogHandler:LogFormat(LogType, Object, String, Object[])
UnityEngine.Logger:Log(LogType, Object)
UnityEngine.Debug:LogWarning(Object)
PolkaDOTS.Statistics.StatisticsWriter:.ctor()
PolkaDOTS.Statistics.StatisticsWriterInstance:Awake()

Recorder [PropActiveLogicBlocks] is invalid!
UnityEngine.DebugLogHandler:Internal_Log(LogType, LogOption, String, Object)
UnityEngine.DebugLogHandler:LogFormat(LogType, Object, String, Object[])
UnityEngine.Logger:Log(LogType, Object)
UnityEngine.Debug:LogWarning(Object)
PolkaDOTS.Statistics.StatisticsWriter:.ctor()
PolkaDOTS.Statistics.StatisticsWriterInstance:Awake()

Recorder [CheckGateState] is invalid!
UnityEngine.DebugLogHandler:Internal_Log(LogType, LogOption, String, Object)
UnityEngine.DebugLogHandler:LogFormat(LogType, Object, String, Object[])
UnityEngine.Logger:Log(LogType, Object)
UnityEngine.Debug:LogWarning(Object)
PolkaDOTS.Statistics.StatisticsWriter:.ctor()
PolkaDOTS.Statistics.StatisticsWriterInstance:Awake()

Recorder [GhostSimulationSystemGroup] is invalid!
UnityEngine.DebugLogHandler:Internal_Log(LogType, LogOption, String, Object)
UnityEngine.DebugLogHandler:LogFormat(LogType, Object, String, Object[])
UnityEngine.Logger:Log(LogType, Object)
UnityEngine.Debug:LogWarning(Object)
PolkaDOTS.Statistics.StatisticsWriter:.ctor()
PolkaDOTS.Statistics.StatisticsWriterInstance:Awake()

Recorder [PredictedSimulationSystemGroup] is invalid!
UnityEngine.DebugLogHandler:Internal_Log(LogType, LogOption, String, Object)
UnityEngine.DebugLogHandler:LogFormat(LogType, Object, String, Object[])
UnityEngine.Logger:Log(LogType, Object)
UnityEngine.Debug:LogWarning(Object)
PolkaDOTS.Statistics.StatisticsWriter:.ctor()
PolkaDOTS.Statistics.StatisticsWriterInstance:Awake()

Initializing multiplay!
Found non-specified codec: VP8 Internal video/VP8 implementation_name=Internal
Found codec: VP9 Profile0
Found codec: VP9 Profile2
Found codec: VP9 Profile1
Found codec: VP9 Profile3
Found codec: AV1 Profile0
Found codec: AV1 Profile1
Could not find H264.High as streaming codec!
Adding terrain areas statistics recorders
Streamed scene with   34ms latency from /var/scratch/zmr280/opencraft/opencraft_Data/StreamingAssets/EntityScenes/bea83102298cfb741939cdba85abe535.0.entities
AutoLoading authoring scene in world ClientWorld
[20:21:14.0949980]:[ClientWorld] New connection ID:2
ERROR: Shader Custom/VoxelShader shader is not supported on this GPU (none of subshaders/fallbacks are suitable)
WARNING: Shader Unsupported: 'Hidden/Universal Render Pipeline/FallbackError' - All subshaders removed
WARNING: Shader Did you use #pragma only_renderers and omit this platform?
WARNING: Shader If subshaders removal was intentional, you may have forgotten turning Fallback off?
ERROR: Shader Hidden/Universal Render Pipeline/FallbackError shader is not supported on this GPU (none of subshaders/fallbacks are suitable)
WARNING: Shader Unsupported: 'Hidden/Universal Render Pipeline/FallbackError' - All subshaders removed
WARNING: Shader Did you use #pragma only_renderers and omit this platform?
WARNING: Shader If subshaders removal was intentional, you may have forgotten turning Fallback off?
WARNING: Shader Unsupported: 'Universal Render Pipeline/Lit' - All subshaders removed
WARNING: Shader Did you use #pragma only_renderers and omit this platform?
WARNING: Shader If subshaders removal was intentional, you may have forgotten turning Fallback off?
ERROR: Shader Universal Render Pipeline/Lit shader is not supported on this GPU (none of subshaders/fallbacks are suitable)
WARNING: Shader Unsupported: 'Universal Render Pipeline/Lit' - All subshaders removed
WARNING: Shader Did you use #pragma only_renderers and omit this platform?
WARNING: Shader If subshaders removal was intentional, you may have forgotten turning Fallback off?
WARNING: Shader Unsupported: 'Universal Render Pipeline/Unlit' - All subshaders removed
WARNING: Shader Did you use #pragma only_renderers and omit this platform?
WARNING: Shader If subshaders removal was intentional, you may have forgotten turning Fallback off?
ERROR: Shader Universal Render Pipeline/Unlit shader is not supported on this GPU (none of subshaders/fallbacks are suitable)
WARNING: Shader Unsupported: 'Universal Render Pipeline/Unlit' - All subshaders removed
WARNING: Shader Did you use #pragma only_renderers and omit this platform?
WARNING: Shader If subshaders removal was intentional, you may have forgotten turning Fallback off?
Streamed scene with   36ms latency from /var/scratch/zmr280/opencraft/opencraft_Data/StreamingAssets/EntityScenes/62561c7118c5bbb46929c6bf65331faa.0.entities
Sending start game stream RPC
Emulation type is Idle, Simulation
Creating local player object
Sending spawn player RPC for user 5
ERROR: Shader UI/Default shader is not supported on this GPU (none of subshaders/fallbacks are suitable)
Player 5 has no connection ID!
UnityEngine.DebugLogHandler:Internal_Log(LogType, LogOption, String, Object)
UnityEngine.DebugLogHandler:LogFormat(LogType, Object, String, Object[])
UnityEngine.Logger:Log(LogType, Object)
UnityEngine.Debug:LogWarning(Object)
Opencraft.Player.SamplePlayerInput:OnUpdate(SystemState&)
Opencraft.Player.SamplePlayerInput:__codegen__OnUpdate(IntPtr, IntPtr)

Linking player entity Entity(167:1) to 5@LOCALPLAYER
Player simulation searching for path from float3(0.5f, 3.1f, 0.5f) = int3(0, 3, 0) to int3(2, 3, 5)
Player simulation could not find a path from int3(0, 3, 0) to int3(2, 3, 5), will choose new target
Player simulation searching for path from float3(0.5f, 3.1f, 0.5f) = int3(0, 3, 0) to int3(11, 3, 15)
Player simulation could not find a path from int3(0, 3, 0) to int3(11, 3, 15), will choose new target
    2: Could not find target at int3(0, 3, 0)
Player simulation searching for path from float3(0.5f, 3.1f, 0.5f) = int3(0, 3, 0) to int3(11, 3, 4)
Player simulation could not find a path from int3(0, 3, 0) to int3(11, 3, 4), will choose new target
Player simulation searching for path from float3(0.5f, 3.1f, 0.5f) = int3(0, 3, 0) to int3(8, 3, 14)
Player simulation could not find a path from int3(0, 3, 0) to int3(8, 3, 14), will choose new target
Player simulation searching for path from float3(0.5f, 3.1f, 0.5f) = int3(0, 3, 0) to int3(6, 3, 15)
Player simulation could not find a path from int3(0, 3, 0) to int3(6, 3, 15), will choose new target
    6: Could not find target at int3(0, 3, 0)
Player simulation searching for path from float3(0.5f, 3.1f, 0.5f) = int3(0, 3, 0) to int3(-9, 3, 10)
Player simulation could not find a path from int3(0, 3, 0) to int3(-9, 3, 10), will choose new target
Player simulation searching for path from float3(0.5f, 3.1f, 0.5f) = int3(0, 3, 0) to int3(-3, 3, 13)
Player simulation could not find a path from int3(0, 3, 0) to int3(-3, 3, 13), will choose new target
ClientWorld player simulation could not find a path in 9 attempts, waiting to try again
Player simulation searching for path from float3(0.5f, 3.1f, 0.5f) = int3(0, 3, 0) to int3(2, 3, 5)
ClientWorld player simulation set new target int3(2, 3, 5)
ClientWorld player simulation reached target int3(2, 3, 5)
Player simulation searching for path from float3(2.507f, 3.1f, 5.39f) = int3(2, 3, 5) to int3(-3, 3, 7)
ClientWorld player simulation set new target int3(-3, 3, 7)
ClientWorld player simulation reached target int3(-3, 3, 7)
Player simulation searching for path from float3(-2.471f, 3.1f, 7.368f) = int3(-3, 3, 7) to int3(10, 3, -15)
ClientWorld player simulation set new target int3(10, 3, -15)
ClientWorld player simulation reached target int3(10, 3, -15)
Player simulation searching for path from float3(10.311f, 3.1f, -14.497f) = int3(10, 3, -15) to int3(-2, 3, -4)
ClientWorld player simulation set new target int3(-2, 3, -4)
ClientWorld player simulation reached target int3(-2, 3, -4)
Player simulation searching for path from float3(-1.512f, 3.1f, -3.691f) = int3(-2, 3, -4) to int3(10, 3, 2)
ClientWorld player simulation set new target int3(10, 3, 2)
ClientWorld player simulation reached target int3(10, 3, 2)
Player simulation searching for path from float3(10.304f, 3.1f, 2.525f) = int3(10, 3, 2) to int3(-13, 3, -3)
ClientWorld player simulation set new target int3(-13, 3, -3)
ClientWorld player simulation reached target int3(-13, 3, -3)
Player simulation searching for path from float3(-12.369f, 3.1f, -2.53f) = int3(-13, 3, -3) to int3(2, 3, 2)
ClientWorld player simulation set new target int3(2, 3, 2)
ClientWorld player simulation reached target int3(2, 3, 2)
Player simulation searching for path from float3(2.528f, 3.1f, 2.308f) = int3(2, 3, 2) to int3(14, 3, -8)
ClientWorld player simulation set new target int3(14, 3, -8)
ClientWorld player simulation reached target int3(14, 3, -8)
Player simulation searching for path from float3(14.356f, 3.1f, -7.474f) = int3(14, 3, -8) to int3(-10, 3, 12)
ClientWorld player simulation set new target int3(-10, 3, 12)
ClientWorld player simulation reached target int3(-10, 3, 12)
Player simulation searching for path from float3(-9.527f, 3.1f, 12.371f) = int3(-10, 3, 12) to int3(2, 3, 1)
ClientWorld player simulation set new target int3(2, 3, 1)
ClientWorld player simulation reached target int3(2, 3, 1)
Player simulation searching for path from float3(2.369132f, 3.1f, 1.465289f) = int3(2, 3, 1) to int3(13, 3, 12)
ClientWorld player simulation set new target int3(13, 3, 12)
ClientWorld player simulation reached target int3(13, 3, 12)
Player simulation searching for path from float3(13.484f, 3.1f, 12.373f) = int3(13, 3, 12) to int3(-10, 3, 11)
ClientWorld player simulation set new target int3(-10, 3, 11)
ClientWorld player simulation reached target int3(-10, 3, 11)
Player simulation searching for path from float3(-9.307134f, 3.1f, 11.67813f) = int3(-10, 3, 11) to int3(-10, 3, 8)
ClientWorld player simulation set new target int3(-10, 3, 8)
ClientWorld player simulation reached target int3(-10, 3, 8)
Player simulation searching for path from float3(-9.52f, 3.1f, 8.665999f) = int3(-10, 3, 8) to int3(7, 3, 4)
ClientWorld player simulation set new target int3(7, 3, 4)
ClientWorld player simulation reached target int3(7, 3, 4)
Player simulation searching for path from float3(7.321f, 3.1f, 4.498f) = int3(7, 3, 4) to int3(-7, 3, 8)
ClientWorld player simulation set new target int3(-7, 3, 8)
ClientWorld player simulation reached target int3(-7, 3, 8)
Player simulation searching for path from float3(-6.523f, 3.1f, 8.359001f) = int3(-7, 3, 8) to int3(-8, 3, -13)
ClientWorld player simulation set new target int3(-8, 3, -13)
ClientWorld player simulation reached target int3(-8, 3, -13)
Player simulation searching for path from float3(-7.306f, 3.1f, -12.482f) = int3(-8, 3, -13) to int3(11, 3, 13)
ClientWorld player simulation set new target int3(11, 3, 13)
ClientWorld player simulation reached target int3(11, 3, 13)
Player simulation searching for path from float3(11.497f, 3.1f, 13.334f) = int3(11, 3, 13) to int3(5, 3, 8)
ClientWorld player simulation set new target int3(5, 3, 8)
ClientWorld player simulation reached target int3(5, 3, 8)
Player simulation searching for path from float3(5.629001f, 3.1f, 8.508f) = int3(5, 3, 8) to int3(14, 3, -6)
ClientWorld player simulation set new target int3(14, 3, -6)
ClientWorld player simulation reached target int3(14, 3, -6)
Player simulation searching for path from float3(14.332f, 3.1f, -5.53f) = int3(14, 3, -6) to int3(-6, 3, -5)
ClientWorld player simulation set new target int3(-6, 3, -5)
ClientWorld player simulation reached target int3(-6, 3, -5)
Player simulation searching for path from float3(-5.357132f, 3.1f, -4.46429f) = int3(-6, 3, -5) to int3(15, 3, 9)
ClientWorld player simulation set new target int3(15, 3, 9)
ClientWorld player simulation reached target int3(15, 3, 9)
Player simulation searching for path from float3(15.56742f, 3.1f, 9.307423f) = int3(15, 3, 9) to int3(3, 3, -10)
ClientWorld player simulation set new target int3(3, 3, -10)
ClientWorld player simulation reached target int3(3, 3, -10)
Player simulation searching for path from float3(3.649868f, 3.1f, -9.476711f) = int3(3, 3, -10) to int3(-12, 3, 1)
ClientWorld player simulation set new target int3(-12, 3, 1)
ClientWorld player simulation reached target int3(-12, 3, 1)
Player simulation searching for path from float3(-11.495f, 3.1f, 1.395421f) = int3(-12, 3, 1) to int3(14, 3, -7)
ClientWorld player simulation set new target int3(14, 3, -7)
ClientWorld player simulation reached target int3(14, 3, -7)
Player simulation searching for path from float3(14.341f, 3.1f, -6.528f) = int3(14, 3, -7) to int3(-4, 3, 7)
ClientWorld player simulation set new target int3(-4, 3, 7)
ClientWorld player simulation reached target int3(-4, 3, 7)
Player simulation searching for path from float3(-3.318132f, 3.1f, 7.46529f) = int3(-4, 3, 7) to int3(-4, 3, -1)
ClientWorld player simulation set new target int3(-4, 3, -1)
ClientWorld player simulation reached target int3(-4, 3, -1)
    0: Could not find target at int3(-4, 3, -1)
Player simulation searching for path from float3(-3.53f, 3.1f, -0.326f) = int3(-4, 3, -1) to int3(-9, 3, -13)
ClientWorld player simulation set new target int3(-9, 3, -13)
ClientWorld player simulation reached target int3(-9, 3, -13)
Player simulation searching for path from float3(-8.332423f, 3.1f, -12.404f) = int3(-9, 3, -13) to int3(-12, 3, -11)
ClientWorld player simulation set new target int3(-12, 3, -11)
ClientWorld player simulation reached target int3(-12, 3, -11)
Player simulation searching for path from float3(-11.317f, 3.1f, -10.495f) = int3(-12, 3, -11) to int3(15, 3, 6)
ClientWorld player simulation set new target int3(15, 3, 6)
ClientWorld player simulation reached target int3(15, 3, 6)
Player simulation searching for path from float3(15.483f, 3.1f, 6.364f) = int3(15, 3, 6) to int3(2, 3, 7)
ClientWorld player simulation set new target int3(2, 3, 7)
ClientWorld player simulation reached target int3(2, 3, 7)
Player simulation searching for path from float3(2.517289f, 3.1f, 7.312132f) = int3(2, 3, 7) to int3(-11, 3, 3)
ClientWorld player simulation set new target int3(-11, 3, 3)
ClientWorld player simulation reached target int3(-11, 3, 3)
Player simulation searching for path from float3(-10.504f, 3.1f, 3.691f) = int3(-11, 3, 3) to int3(5, 3, -2)
ClientWorld player simulation set new target int3(5, 3, -2)
ClientWorld player simulation reached target int3(5, 3, -2)
Player simulation searching for path from float3(5.390421f, 3.1f, -1.513f) = int3(5, 3, -2) to int3(6, 3, -7)
ClientWorld player simulation set new target int3(6, 3, -7)
ClientWorld player simulation reached target int3(6, 3, -7)
Player simulation searching for path from float3(6.367422f, 3.1f, -6.532001f) = int3(6, 3, -7) to int3(11, 3, -10)
ClientWorld player simulation set new target int3(11, 3, -10)
ClientWorld player simulation reached target int3(11, 3, -10)
Player simulation searching for path from float3(11.336f, 3.1f, -9.517f) = int3(11, 3, -10) to int3(-15, 3, 6)
ClientWorld player simulation set new target int3(-15, 3, 6)
ClientWorld player simulation reached target int3(-15, 3, 6)
Player simulation searching for path from float3(-14.44729f, 3.1f, 6.334711f) = int3(-15, 3, 6) to int3(14, 3, -10)
ClientWorld player simulation set new target int3(14, 3, -10)
[20:23:27.2616930]:[ClientWorld] Connection disconnected ID:2 Reason:ClosedByRemote
Caught fatal signal - signo:15 code:0 errno:0 addr:0x15020004c39e
Obtained 18 stack frames.
#0  0x007fdb257089c9 in PlayerMain(int, char**)
#1  0x007fdb256fd4b7 in (Unknown)
#2  0x007fdb23465c20 in funlockfile
#3  0x007fda49f13928 in GC_mark_from
#4  0x007fda49f0f339 in GC_mark_some
#5  0x007fda49f0e4cd in GC_stopped_mark
#6  0x007fda49f0db2c in GC_maybe_gc
#7  0x007fda49f0f117 in GC_collect_a_little_inner
#8  0x007fda49f0da75 in GC_collect_a_little
#9  0x007fdb25648088 in (Unknown)
#10 0x007fdb2564817e in (Unknown)
#11 0x007fdb25193373 in (Unknown)
#12 0x007fdb25180247 in (Unknown)
#13 0x007fdb25180201 in (Unknown)
#14 0x007fdb25180570 in (Unknown)
#15 0x007fdb256ff077 in PlayerMain(int, char**)
#16 0x007fdb230b1493 in __libc_start_main
#17 0x00000000201029 in _start
Setting up 12 worker threads for Enlighten.
Calling DomainUnloadOrPlayModeChangeShutdown!
Writing stats to file
Caught fatal signal - signo:11 code:1 errno:0 addr:0x48
Obtained 25 stack frames.
#0  0x007fdb257089c9 in PlayerMain(int, char**)
#1  0x007fdb256fd4b7 in (Unknown)
#2  0x007fdb23465c20 in funlockfile
#3  0x007fdb250c0ff3 in (Unknown)
#4  0x007fdb250c1671 in (Unknown)
#5  0x007fdb250a1e7a in (Unknown)
#6  0x007fdb25a9d42e in PlayerMain(int, char**)
#7  0x007fdb24a4f426 in (Unknown)
#8  0x007fda4ef6d320 in ContentLoadInterface_ContentFile_UnloadAsync_Injected_mBD2F1D561285B0DE37DCDA4DEA75931201B5E680
#9  0x007fda4ef6c78f in ContentLoadInterface_ContentFile_UnloadAsync_m197A3C60564D4E9F9049BAD57B46FB404A8F17BD
#10 0x007fda4ef6c635 in ContentFile_UnloadAsync_mF35518E83FCF4C1701AF2C6CEBF7E507490481D6
#11 0x007fda4e1e456a in RuntimeContentManager_ReleaseFile_m12EDB377B39EF4D01B3268E711303D79747A4F4C
#12 0x007fda4e1e245c in RuntimeContentManager_ReleaseObjectImpl_m84E24B7727CAA367D95ABC97FC529A5594840414
#13 0x007fda4e1e0ae8 in RuntimeContentManager_Cleanup_m6436DF58ED05204D0A7DFACFB212018BD6B813FD
#14 0x007fda4e1e1f38 in RuntimeContentManager_OnShutdown_m09B1F0AD37BE7168472DDB84F55C43F02CD40113
#15 0x007fda49cdde76 in EventHandler_Invoke_m9D3126CBE291A3E7E7C304094E1DA846832F9B96_Multicast(EventHandler_tC6323FD7E6163F965259C33D72612C0E5B9BAB82*, Il2CppObject*, EventArgs_t37273F03EAC87217701DD431B190FBD84AD7C377*, MethodInfo const*)
#16 0x007fda4d64f7b0 in EventHandler_Invoke_m9D3126CBE291A3E7E7C304094E1DA846832F9B96
#17 0x007fda49e88073 in il2cpp::vm::Runtime::InvokeWithThrow(MethodInfo const*, void*, void**)
#18 0x007fda49e87fdb in il2cpp::vm::Runtime::Invoke(MethodInfo const*, void*, void**, Il2CppException**)
#19 0x007fda49e87b1c in il2cpp::vm::Runtime::Shutdown()
#20 0x007fdb25656f56 in (Unknown)
#21 0x007fdb25192658 in (Unknown)
#22 0x007fdb256feee6 in PlayerMain(int, char**)
#23 0x007fdb230b1493 in __libc_start_main
#24 0x00000000201029 in _start
