[UnityMemory] Configuration Parameters - Can be set up in boot.config
    "memorysetup-bucket-allocator-granularity=16"
    "memorysetup-bucket-allocator-bucket-count=8"
    "memorysetup-bucket-allocator-block-size=4194304"
    "memorysetup-bucket-allocator-block-count=1"
    "memorysetup-main-allocator-block-size=16777216"
    "memorysetup-thread-allocator-block-size=16777216"
    "memorysetup-gfx-main-allocator-block-size=16777216"
    "memorysetup-gfx-thread-allocator-block-size=16777216"
    "memorysetup-cache-allocator-block-size=4194304"
    "memorysetup-typetree-allocator-block-size=2097152"
    "memorysetup-profiler-bucket-allocator-granularity=16"
    "memorysetup-profiler-bucket-allocator-bucket-count=8"
    "memorysetup-profiler-bucket-allocator-block-size=4194304"
    "memorysetup-profiler-bucket-allocator-block-count=1"
    "memorysetup-profiler-allocator-block-size=16777216"
    "memorysetup-profiler-editor-allocator-block-size=1048576"
    "memorysetup-temp-allocator-size-main=4194304"
    "memorysetup-job-temp-allocator-block-size=2097152"
    "memorysetup-job-temp-allocator-block-size-background=1048576"
    "memorysetup-job-temp-allocator-reduction-small-platforms=262144"
    "memorysetup-allocator-temp-initial-block-size-main=262144"
    "memorysetup-allocator-temp-initial-block-size-worker=262144"
    "memorysetup-temp-allocator-size-background-worker=32768"
    "memorysetup-temp-allocator-size-job-worker=262144"
    "memorysetup-temp-allocator-size-preload-manager=262144"
    "memorysetup-temp-allocator-size-nav-mesh-worker=65536"
    "memorysetup-temp-allocator-size-audio-worker=65536"
    "memorysetup-temp-allocator-size-cloud-worker=32768"
    "memorysetup-temp-allocator-size-gfx=262144"
Remaining time:29s
Found 2 interfaces on host : 0) 10.141.0.1 1) 10.149.0.1
Player connection [140678539329408] Multi-casting "[IP] 10.141.0.1 [Port] 55000 [Flags] 19 [Guid] 2749188543 [EditorId] 3765082745 [Version] 1048832 [Id] LinuxPlayer(13,10.141.0.1) [Debug] 0 [PackageName] LinuxPlayer [ProjectName] Opencraft" to [225.0.0.222:54997]...

Direct connection to host time out.
Stopping profiler. Profiler is not able to flush data to a file or socket and exceeded maximum allowed memory for buffering.
Please use Profiler.maxUsedMemory API or -profiler-maxusedmemory command line parameter to increase maximum allowed memory usage.
Using 134234112 bytes while Profiler.maxUsedMemory is 134217728 bytes.
Failed to initialize networking layer after 30 seconds, skipping waiting for connection before starting playback.
Preloaded 'lib_burst_generated.so'
Preloaded 'libwebrtc.so'
[Physics::Module] Initialized MultithreadedJobDispatcher with 47 workers.
Initialize engine version: 2022.3.16f1 (d2c21f0ef2f1)
[Subsystems] Discovering subsystems at path /var/scratch/zmr280/opencraft/opencraft_Data/UnitySubsystems
Forcing GfxDevice: Null
GfxDevice: creating device client; threaded=0; jobified=0
NullGfxDevice:
    Version:  NULL 1.0 [1.0]
    Renderer: Null Device
    Vendor:   Unity Technologies
ERROR: Shader Hidden/Universal Render Pipeline/Blit shader is not supported on this GPU (none of subshaders/fallbacks are suitable)
ERROR: Shader Hidden/Universal Render Pipeline/CopyDepth shader is not supported on this GPU (none of subshaders/fallbacks are suitable)
ERROR: Shader Hidden/Universal Render Pipeline/Sampling shader is not supported on this GPU (none of subshaders/fallbacks are suitable)
ERROR: Shader Hidden/Universal Render Pipeline/LutBuilderLdr shader is not supported on this GPU (none of subshaders/fallbacks are suitable)
ERROR: Shader Hidden/Universal Render Pipeline/LutBuilderHdr shader is not supported on this GPU (none of subshaders/fallbacks are suitable)
ERROR: Shader Hidden/Universal Render Pipeline/UberPost shader is not supported on this GPU (none of subshaders/fallbacks are suitable)
ERROR: Shader Hidden/Universal Render Pipeline/Debug/DebugReplacement shader is not supported on this GPU (none of subshaders/fallbacks are suitable)
ERROR: Shader Hidden/Universal/HDRDebugView shader is not supported on this GPU (none of subshaders/fallbacks are suitable)
WARNING: Shader Unsupported: 'Hidden/Universal Render Pipeline/FallbackError' - All subshaders removed
WARNING: Shader Did you use #pragma only_renderers and omit this platform?
WARNING: Shader If subshaders removal was intentional, you may have forgotten turning Fallback off?
ERROR: Shader Hidden/Universal Render Pipeline/FallbackError shader is not supported on this GPU (none of subshaders/fallbacks are suitable)
WARNING: Shader Unsupported: 'Hidden/Universal Render Pipeline/FallbackError' - All subshaders removed
WARNING: Shader Did you use #pragma only_renderers and omit this platform?
WARNING: Shader If subshaders removal was intentional, you may have forgotten turning Fallback off?
WARNING: Shader Unsupported: 'Hidden/Universal Render Pipeline/StencilDeferred' - All subshaders removed
WARNING: Shader Did you use #pragma only_renderers and omit this platform?
WARNING: Shader If subshaders removal was intentional, you may have forgotten turning Fallback off?
ERROR: Shader Hidden/Universal Render Pipeline/StencilDeferred shader is not supported on this GPU (none of subshaders/fallbacks are suitable)
WARNING: Shader Unsupported: 'Hidden/Universal Render Pipeline/StencilDeferred' - All subshaders removed
WARNING: Shader Did you use #pragma only_renderers and omit this platform?
WARNING: Shader If subshaders removal was intentional, you may have forgotten turning Fallback off?
ERROR: Shader Hidden/Universal Render Pipeline/CameraMotionVectors shader is not supported on this GPU (none of subshaders/fallbacks are suitable)
ERROR: Shader Hidden/Universal Render Pipeline/ObjectMotionVectors shader is not supported on this GPU (none of subshaders/fallbacks are suitable)
ERROR: Shader Hidden/Universal Render Pipeline/LensFlareDataDriven shader is not supported on this GPU (none of subshaders/fallbacks are suitable)
ERROR: Shader Hidden/Universal Render Pipeline/ScreenSpaceAmbientOcclusion shader is not supported on this GPU (none of subshaders/fallbacks are suitable)
ERROR: Shader Hidden/Universal Render Pipeline/Stop NaN shader is not supported on this GPU (none of subshaders/fallbacks are suitable)
ERROR: Shader Hidden/Universal Render Pipeline/SubpixelMorphologicalAntialiasing shader is not supported on this GPU (none of subshaders/fallbacks are suitable)
ERROR: Shader Hidden/Universal Render Pipeline/TemporalAA shader is not supported on this GPU (none of subshaders/fallbacks are suitable)
ERROR: Shader Hidden/Universal Render Pipeline/Scaling Setup shader is not supported on this GPU (none of subshaders/fallbacks are suitable)
ERROR: Shader Hidden/Universal Render Pipeline/Edge Adaptive Spatial Upsampling shader is not supported on this GPU (none of subshaders/fallbacks are suitable)
ERROR: Shader Hidden/Universal Render Pipeline/FinalPost shader is not supported on this GPU (none of subshaders/fallbacks are suitable)
ERROR: Shader Sprites/Default shader is not supported on this GPU (none of subshaders/fallbacks are suitable)
ERROR: Shader Sprites/Mask shader is not supported on this GPU (none of subshaders/fallbacks are suitable)
ERROR: Shader GUI/Text Shader shader is not supported on this GPU (none of subshaders/fallbacks are suitable)
UnloadTime: 0.834265 ms
Parsing args: /var/scratch/zmr280/opencraft/opencraft.x86_64, -batchmode, -nographics, -logStats, True, -terrainType, Empty, -statsFile, /var/scratch/zmr280/runs/players-activeLogic_Empty_0x_0z_50p_120s/opencraft_stats/server.csv, -activeLogic, -circuitX, 0, -circuitZ, 0, -playType, Server
Setting up worlds with playType Server and streaming role Disabled
Connecting worlds with playType Server and streaming role Disabled
Created listen request for 0.0.0.0:7979
Creating statistics writer!
Recorder [GhostSimulationSystemGroup] is invalid!
UnityEngine.DebugLogHandler:Internal_Log(LogType, LogOption, String, Object)
UnityEngine.DebugLogHandler:LogFormat(LogType, Object, String, Object[])
UnityEngine.Logger:Log(LogType, Object)
UnityEngine.Debug:LogWarning(Object)
PolkaDOTS.Statistics.StatisticsWriter:.ctor()
PolkaDOTS.Statistics.StatisticsWriterInstance:Awake()

Recorder [PredictedSimulationSystemGroup] is invalid!
UnityEngine.DebugLogHandler:Internal_Log(LogType, LogOption, String, Object)
UnityEngine.DebugLogHandler:LogFormat(LogType, Object, String, Object[])
UnityEngine.Logger:Log(LogType, Object)
UnityEngine.Debug:LogWarning(Object)
PolkaDOTS.Statistics.StatisticsWriter:.ctor()
PolkaDOTS.Statistics.StatisticsWriterInstance:Awake()

Initializing multiplay!
Found non-specified codec: VP8 Internal video/VP8 implementation_name=Internal
Found codec: VP9 Profile0
Found codec: VP9 Profile2
Found codec: VP9 Profile1
Found codec: VP9 Profile3
Found codec: AV1 Profile0
Found codec: AV1 Profile1
Could not find H264.High as streaming codec!
Adding terrain areas statistics recorders
Streamed scene with   33ms latency from /var/scratch/zmr280/opencraft/opencraft_Data/StreamingAssets/EntityScenes/bea83102298cfb741939cdba85abe535.0.entities
AutoLoading authoring scene in world ServerWorld
ERROR: Shader Custom/VoxelShader shader is not supported on this GPU (none of subshaders/fallbacks are suitable)
WARNING: Shader Unsupported: 'Hidden/Universal Render Pipeline/FallbackError' - All subshaders removed
WARNING: Shader Did you use #pragma only_renderers and omit this platform?
WARNING: Shader If subshaders removal was intentional, you may have forgotten turning Fallback off?
ERROR: Shader Hidden/Universal Render Pipeline/FallbackError shader is not supported on this GPU (none of subshaders/fallbacks are suitable)
WARNING: Shader Unsupported: 'Hidden/Universal Render Pipeline/FallbackError' - All subshaders removed
WARNING: Shader Did you use #pragma only_renderers and omit this platform?
WARNING: Shader If subshaders removal was intentional, you may have forgotten turning Fallback off?
WARNING: Shader Unsupported: 'Universal Render Pipeline/Lit' - All subshaders removed
WARNING: Shader Did you use #pragma only_renderers and omit this platform?
WARNING: Shader If subshaders removal was intentional, you may have forgotten turning Fallback off?
ERROR: Shader Universal Render Pipeline/Lit shader is not supported on this GPU (none of subshaders/fallbacks are suitable)
WARNING: Shader Unsupported: 'Universal Render Pipeline/Lit' - All subshaders removed
WARNING: Shader Did you use #pragma only_renderers and omit this platform?
WARNING: Shader If subshaders removal was intentional, you may have forgotten turning Fallback off?
WARNING: Shader Unsupported: 'Universal Render Pipeline/Unlit' - All subshaders removed
WARNING: Shader Did you use #pragma only_renderers and omit this platform?
WARNING: Shader If subshaders removal was intentional, you may have forgotten turning Fallback off?
ERROR: Shader Universal Render Pipeline/Unlit shader is not supported on this GPU (none of subshaders/fallbacks are suitable)
WARNING: Shader Unsupported: 'Universal Render Pipeline/Unlit' - All subshaders removed
WARNING: Shader Did you use #pragma only_renderers and omit this platform?
WARNING: Shader If subshaders removal was intentional, you may have forgotten turning Fallback off?
Streamed scene with   40ms latency from /var/scratch/zmr280/opencraft/opencraft_Data/StreamingAssets/EntityScenes/62561c7118c5bbb46929c6bf65331faa.0.entities
Setting player spawn to 0, 3, 0
TerrainLogicSystem Tick 1
[20:17:40.1535800]:[ServerWorld] New connection ID:1
[20:17:40.1831210]:[ServerWorld] New connection ID:2
[20:17:40.2015040]:[ServerWorld] New connection ID:4
[20:17:40.2015040]:[ServerWorld] New connection ID:3
[20:17:40.2171190]:[ServerWorld] New connection ID:6
[20:17:40.2171190]:[ServerWorld] New connection ID:5
[20:17:40.2357220]:[ServerWorld] New connection ID:7
Starting game stream on connection 1!
'Spawning a Ghost '' for user '2' on connection '1'!
[20:17:40.2505890]:[ServerWorld] Connection disconnected ID:0 Reason:ConnectionClose
Starting game stream on connection 2!
Starting game stream on connection 3!
'Spawning a Ghost '' for user '5' on connection '2'!
[20:17:40.2830500]:[ServerWorld] Connection disconnected ID:0 Reason:ConnectionClose
Starting game stream on connection 4!
'Spawning a Ghost '' for user '6' on connection '4'!
'Spawning a Ghost '' for user '1' on connection '3'!
[20:17:40.3022020]:[ServerWorld] Connection disconnected ID:0 Reason:ConnectionClose
[20:17:40.3022020]:[ServerWorld] Connection disconnected ID:0 Reason:ConnectionClose
Starting game stream on connection 5!
Starting game stream on connection 7!
Starting game stream on connection 6!
'Spawning a Ghost '' for user '3' on connection '5'!
'Spawning a Ghost '' for user '8' on connection '7'!
'Spawning a Ghost '' for user '10' on connection '6'!
[20:17:40.3169840]:[ServerWorld] Connection disconnected ID:0 Reason:ConnectionClose
[20:17:40.3169840]:[ServerWorld] Connection disconnected ID:0 Reason:ConnectionClose
[20:17:40.3169840]:[ServerWorld] Connection disconnected ID:0 Reason:ConnectionClose
[20:17:40.6369640]:[ServerWorld] New connection ID:8
[20:17:40.6369640]:[ServerWorld] New connection ID:9
[20:17:40.6862370]:[ServerWorld] New connection ID:10
Starting game stream on connection 8!
Starting game stream on connection 9!
'Spawning a Ghost '' for user '4' on connection '8'!
'Spawning a Ghost '' for user '9' on connection '9'!
[20:17:40.7500220]:[ServerWorld] Connection disconnected ID:0 Reason:ConnectionClose
[20:17:40.7500220]:[ServerWorld] Connection disconnected ID:0 Reason:ConnectionClose
Starting game stream on connection 10!
'Spawning a Ghost '' for user '7' on connection '10'!
[20:17:40.8032750]:[ServerWorld] Connection disconnected ID:0 Reason:ConnectionClose
TerrainLogicSystem Tick 2
[20:17:43.1183510]:[ServerWorld] New connection ID:11
Starting game stream on connection 11!
'Spawning a Ghost '' for user '20' on connection '11'!
[20:17:43.2355000]:[ServerWorld] Connection disconnected ID:0 Reason:ConnectionClose
[20:17:43.4011540]:[ServerWorld] New connection ID:12
[20:17:43.4339070]:[ServerWorld] New connection ID:13
[20:17:43.4533970]:[ServerWorld] New connection ID:14
[20:17:43.4682860]:[ServerWorld] New connection ID:16
[20:17:43.4682860]:[ServerWorld] New connection ID:15
[20:17:43.4870290]:[ServerWorld] New connection ID:17
Starting game stream on connection 12!
'Spawning a Ghost '' for user '11' on connection '12'!
[20:17:43.5203160]:[ServerWorld] New connection ID:18
[20:17:43.5203160]:[ServerWorld] Connection disconnected ID:0 Reason:ConnectionClose
Starting game stream on connection 13!
'Spawning a Ghost '' for user '13' on connection '13'!
[20:17:43.5538590]:[ServerWorld] Connection disconnected ID:0 Reason:ConnectionClose
Starting game stream on connection 17!
Starting game stream on connection 14!
Starting game stream on connection 16!
Starting game stream on connection 15!
'Spawning a Ghost '' for user '14' on connection '17'!
'Spawning a Ghost '' for user '19' on connection '14'!
[20:17:43.5877170]:[ServerWorld] New connection ID:19
[20:17:43.5877170]:[ServerWorld] Connection disconnected ID:0 Reason:ConnectionClose
[20:17:43.5877170]:[ServerWorld] Connection disconnected ID:0 Reason:ConnectionClose
'Spawning a Ghost '' for user '17' on connection '16'!
'Spawning a Ghost '' for user '15' on connection '15'!
[20:17:43.6019660]:[ServerWorld] Connection disconnected ID:0 Reason:ConnectionClose
[20:17:43.6019660]:[ServerWorld] Connection disconnected ID:0 Reason:ConnectionClose
[20:17:43.6349520]:[ServerWorld] New connection ID:20
Starting game stream on connection 18!
'Spawning a Ghost '' for user '18' on connection '18'!
[20:17:43.6685960]:[ServerWorld] Connection disconnected ID:0 Reason:ConnectionClose
Starting game stream on connection 19!
'Spawning a Ghost '' for user '12' on connection '19'!
[20:17:43.7169720]:[ServerWorld] Connection disconnected ID:0 Reason:ConnectionClose
Starting game stream on connection 20!
'Spawning a Ghost '' for user '16' on connection '20'!
[20:17:43.7549530]:[ServerWorld] Connection disconnected ID:0 Reason:ConnectionClose
[20:17:46.2176920]:[ServerWorld] New connection ID:21
Starting game stream on connection 21!
'Spawning a Ghost '' for user '30' on connection '21'!
[20:17:46.3177640]:[ServerWorld] Connection disconnected ID:0 Reason:ConnectionClose
[20:17:46.3523710]:[ServerWorld] New connection ID:22
[20:17:46.3680190]:[ServerWorld] New connection ID:23
[20:17:46.3835970]:[ServerWorld] New connection ID:24
Starting game stream on connection 22!
'Spawning a Ghost '' for user '22' on connection '22'!
[20:17:46.4508920]:[ServerWorld] Connection disconnected ID:0 Reason:ConnectionClose
Starting game stream on connection 23!
'Spawning a Ghost '' for user '24' on connection '23'!
[20:17:46.4846170]:[ServerWorld] Connection disconnected ID:0 Reason:ConnectionClose
Starting game stream on connection 24!
[20:17:46.5187970]:[ServerWorld] New connection ID:25
'Spawning a Ghost '' for user '21' on connection '24'!
[20:17:46.5332360]:[ServerWorld] Connection disconnected ID:0 Reason:ConnectionClose
Starting game stream on connection 25!
[20:17:46.6337530]:[ServerWorld] New connection ID:26
[20:17:46.6337530]:[ServerWorld] New connection ID:27
[20:17:46.6337530]:[ServerWorld] New connection ID:28
'Spawning a Ghost '' for user '28' on connection '25'!
[20:17:46.6526790]:[ServerWorld] Connection disconnected ID:0 Reason:ConnectionClose
[20:17:46.6672340]:[ServerWorld] New connection ID:29
[20:17:46.7006500]:[ServerWorld] New connection ID:30
Starting game stream on connection 26!
Starting game stream on connection 27!
Starting game stream on connection 28!
'Spawning a Ghost '' for user '26' on connection '26'!
[20:17:46.7505500]:[ServerWorld] Connection disconnected ID:0 Reason:ConnectionClose
'Spawning a Ghost '' for user '25' on connection '27'!
'Spawning a Ghost '' for user '29' on connection '28'!
[20:17:46.7694710]:[ServerWorld] Connection disconnected ID:0 Reason:ConnectionClose
[20:17:46.7694710]:[ServerWorld] Connection disconnected ID:0 Reason:ConnectionClose
Starting game stream on connection 29!
'Spawning a Ghost '' for user '27' on connection '29'!
[20:17:46.7845340]:[ServerWorld] Connection disconnected ID:0 Reason:ConnectionClose
Starting game stream on connection 30!
'Spawning a Ghost '' for user '23' on connection '30'!
[20:17:46.8343750]:[ServerWorld] Connection disconnected ID:0 Reason:ConnectionClose
TerrainLogicSystem Tick 3
[20:17:49.3522920]:[ServerWorld] New connection ID:31
[20:17:49.3522920]:[ServerWorld] New connection ID:32
Starting game stream on connection 31!
'Spawning a Ghost '' for user '32' on connection '31'!
[20:17:49.4519470]:[ServerWorld] Connection disconnected ID:0 Reason:ConnectionClose
Starting game stream on connection 32!
'Spawning a Ghost '' for user '33' on connection '32'!
[20:17:49.4864390]:[ServerWorld] Connection disconnected ID:0 Reason:ConnectionClose
[20:17:49.5211850]:[ServerWorld] New connection ID:33
[20:17:49.5366780]:[ServerWorld] New connection ID:35
[20:17:49.5366780]:[ServerWorld] New connection ID:34
[20:17:49.5670980]:[ServerWorld] New connection ID:36
[20:17:49.5670980]:[ServerWorld] New connection ID:37
[20:17:49.6187710]:[ServerWorld] New connection ID:38
Starting game stream on connection 35!
Starting game stream on connection 34!
[20:17:49.6392450]:[ServerWorld] New connection ID:39
'Spawning a Ghost '' for user '39' on connection '35'!
'Spawning a Ghost '' for user '35' on connection '34'!
[20:17:49.6538830]:[ServerWorld] New connection ID:40
[20:17:49.6538830]:[ServerWorld] Connection disconnected ID:0 Reason:ConnectionClose
[20:17:49.6538830]:[ServerWorld] Connection disconnected ID:0 Reason:ConnectionClose
Starting game stream on connection 33!
Starting game stream on connection 37!
'Spawning a Ghost '' for user '36' on connection '33'!
[20:17:49.6693720]:[ServerWorld] Connection disconnected ID:0 Reason:ConnectionClose
'Spawning a Ghost '' for user '34' on connection '37'!
[20:17:49.6860030]:[ServerWorld] Connection disconnected ID:0 Reason:ConnectionClose
Starting game stream on connection 36!
'Spawning a Ghost '' for user '37' on connection '36'!
[20:17:49.7225050]:[ServerWorld] Connection disconnected ID:0 Reason:ConnectionClose
Starting game stream on connection 39!
Starting game stream on connection 38!
Starting game stream on connection 40!
'Spawning a Ghost '' for user '40' on connection '39'!
'Spawning a Ghost '' for user '38' on connection '38'!
[20:17:49.7526190]:[ServerWorld] Connection disconnected ID:0 Reason:ConnectionClose
[20:17:49.7526190]:[ServerWorld] Connection disconnected ID:0 Reason:ConnectionClose
'Spawning a Ghost '' for user '31' on connection '40'!
[20:17:49.7686490]:[ServerWorld] Connection disconnected ID:0 Reason:ConnectionClose
[20:17:52.2703330]:[ServerWorld] New connection ID:41
[20:17:52.2864060]:[ServerWorld] New connection ID:42
Starting game stream on connection 41!
[20:17:52.3679880]:[ServerWorld] New connection ID:43
Starting game stream on connection 42!
'Spawning a Ghost '' for user '47' on connection '41'!
[20:17:52.3892360]:[ServerWorld] Connection disconnected ID:0 Reason:ConnectionClose
'Spawning a Ghost '' for user '41' on connection '42'!
[20:17:52.4044500]:[ServerWorld] New connection ID:44
[20:17:52.4044500]:[ServerWorld] Connection disconnected ID:0 Reason:ConnectionClose
[20:17:52.4207590]:[ServerWorld] New connection ID:45
TerrainLogicSystem Tick 4
[20:17:52.4911060]:[ServerWorld] New connection ID:46
[20:17:52.4911060]:[ServerWorld] New connection ID:47
[20:17:52.4911060]:[ServerWorld] New connection ID:48
Starting game stream on connection 43!
Starting game stream on connection 44!
'Spawning a Ghost '' for user '46' on connection '43'!
'Spawning a Ghost '' for user '43' on connection '44'!
[20:17:52.4927240]:[ServerWorld] Connection disconnected ID:0 Reason:ConnectionClose
[20:17:52.4927240]:[ServerWorld] Connection disconnected ID:0 Reason:ConnectionClose
Starting game stream on connection 45!
'Spawning a Ghost '' for user '45' on connection '45'!
[20:17:52.5343490]:[ServerWorld] New connection ID:49
[20:17:52.5343490]:[ServerWorld] New connection ID:50
[20:17:52.5343490]:[ServerWorld] Connection disconnected ID:0 Reason:ConnectionClose
Starting game stream on connection 46!
'Spawning a Ghost '' for user '42' on connection '46'!
[20:17:52.5722620]:[ServerWorld] Connection disconnected ID:0 Reason:ConnectionClose
Starting game stream on connection 47!
'Spawning a Ghost '' for user '49' on connection '47'!
[20:17:52.5873930]:[ServerWorld] Connection disconnected ID:0 Reason:ConnectionClose
Starting game stream on connection 48!
'Spawning a Ghost '' for user '44' on connection '48'!
[20:17:52.6231120]:[ServerWorld] Connection disconnected ID:0 Reason:ConnectionClose
Starting game stream on connection 49!
'Spawning a Ghost '' for user '48' on connection '49'!
[20:17:52.6359570]:[ServerWorld] Connection disconnected ID:0 Reason:ConnectionClose
Starting game stream on connection 50!
'Spawning a Ghost '' for user '50' on connection '50'!
[20:17:52.6524160]:[ServerWorld] Connection disconnected ID:0 Reason:ConnectionClose
TerrainLogicSystem Tick 5
TerrainLogicSystem Tick 6
TerrainLogicSystem Tick 7
TerrainLogicSystem Tick 8
TerrainLogicSystem Tick 9
TerrainLogicSystem Tick 10
TerrainLogicSystem Tick 11
TerrainLogicSystem Tick 12
TerrainLogicSystem Tick 13
TerrainLogicSystem Tick 14
TerrainLogicSystem Tick 15
TerrainLogicSystem Tick 16
TerrainLogicSystem Tick 17
TerrainLogicSystem Tick 18
TerrainLogicSystem Tick 19
TerrainLogicSystem Tick 20
TerrainLogicSystem Tick 21
TerrainLogicSystem Tick 22
TerrainLogicSystem Tick 23
TerrainLogicSystem Tick 24
TerrainLogicSystem Tick 25
TerrainLogicSystem Tick 26
TerrainLogicSystem Tick 27
TerrainLogicSystem Tick 28
TerrainLogicSystem Tick 29
TerrainLogicSystem Tick 30
TerrainLogicSystem Tick 31
Caught fatal signal - signo:15 code:0 errno:0 addr:0x15020006360b
Obtained 22 stack frames.
#0  0x007ff244d229c9 in PlayerMain(int, char**)
#1  0x007ff244d174b7 in (Unknown)
#2  0x007ff242a7fc20 in funlockfile
#3  0x007ff17e1ec09c in RuntimeContentManagerProfiler_get_Guid_m97D676416DB9BAE05DF799BCC96B34296D9B9F72
#4  0x007ff17e1ded7e in RuntimeContentManager_SendProfilerFrameData_m1AC935555C57FEAEC878A956A3DB3B7DA08B6840
#5  0x007ff179d1ea44 in ReversePInvokeWrapper_RuntimeContentManager_SendProfilerFrameData_m1AC935555C57FEAEC878A956A3DB3B7DA08B6840
#6  0x007ff1e27d7193 in Unity.Entities.Content.RuntimeContentManager+ProcessQueuedCommands_00001A56$BurstDirectCall, Unity.Entities, Version=0.0.0.0, Culture=neutral, PublicKeyToken=null.Invoke() -> System.Void, mscorlib, Version=4.0.0.0, Culture=neutral, PublicKeyToken=b77a5c561934e089_362f43fd44a9be961edc90136d9814c5 from Unity.Entities, Version=0.0.0.0, Culture=neutral, PublicKeyToken=null
#7  0x007ff1e27d6dc9 in fe2a28e6fd637e205a531ea3dcc79baa_avx2
#8  0x007ff1e30ea62a in fe2a28e6fd637e205a531ea3dcc79baa
#9  0x007ff17e1e9dfd in ProcessQueuedCommands_00001A56U24BurstDirectCall_Invoke_mC733E29014C32BA2CB96FEE3238EE5C2E3D688F3
#10 0x007ff17e1e3b0d in RuntimeContentManager_ProcessQueuedCommands_m8A7322933C488778B1843732E087EEB20607678E
#11 0x007ff17e1f0799 in RuntimeContentSystem_Update_m859948C7A8D58F170E14080D5965A4C8D9A3A64C
#12 0x007ff17effb1a0 in UpdateFunction_Invoke_m9BCEE4E5BEE924EB804DA64314B78D0E831C179B
#13 0x007ff179e88073 in il2cpp::vm::Runtime::InvokeWithThrow(MethodInfo const*, void*, void**)
#14 0x007ff179e87fdb in il2cpp::vm::Runtime::Invoke(MethodInfo const*, void*, void**, Il2CppException**)
#15 0x007ff244c5bf0b in (Unknown)
#16 0x007ff244c66cd7 in (Unknown)
#17 0x007ff24479a2e8 in (Unknown)
#18 0x007ff24479a570 in (Unknown)
#19 0x007ff244d19077 in PlayerMain(int, char**)
#20 0x007ff2426cb493 in __libc_start_main
#21 0x00000000201029 in _start
Setting up 12 worker threads for Enlighten.
Calling DomainUnloadOrPlayModeChangeShutdown!
Writing stats to file
Caught fatal signal - signo:11 code:1 errno:0 addr:0x48
Obtained 25 stack frames.
#0  0x007ff244d229c9 in PlayerMain(int, char**)
#1  0x007ff244d174b7 in (Unknown)
#2  0x007ff242a7fc20 in funlockfile
#3  0x007ff2446daff3 in (Unknown)
#4  0x007ff2446db671 in (Unknown)
#5  0x007ff2446bbe7a in (Unknown)
#6  0x007ff2450b742e in PlayerMain(int, char**)
#7  0x007ff244069426 in (Unknown)
#8  0x007ff17ef6d320 in ContentLoadInterface_ContentFile_UnloadAsync_Injected_mBD2F1D561285B0DE37DCDA4DEA75931201B5E680
#9  0x007ff17ef6c78f in ContentLoadInterface_ContentFile_UnloadAsync_m197A3C60564D4E9F9049BAD57B46FB404A8F17BD
#10 0x007ff17ef6c635 in ContentFile_UnloadAsync_mF35518E83FCF4C1701AF2C6CEBF7E507490481D6
#11 0x007ff17e1e456a in RuntimeContentManager_ReleaseFile_m12EDB377B39EF4D01B3268E711303D79747A4F4C
#12 0x007ff17e1e245c in RuntimeContentManager_ReleaseObjectImpl_m84E24B7727CAA367D95ABC97FC529A5594840414
#13 0x007ff17e1e0ae8 in RuntimeContentManager_Cleanup_m6436DF58ED05204D0A7DFACFB212018BD6B813FD
#14 0x007ff17e1e1f38 in RuntimeContentManager_OnShutdown_m09B1F0AD37BE7168472DDB84F55C43F02CD40113
#15 0x007ff179cdde76 in EventHandler_Invoke_m9D3126CBE291A3E7E7C304094E1DA846832F9B96_Multicast(EventHandler_tC6323FD7E6163F965259C33D72612C0E5B9BAB82*, Il2CppObject*, EventArgs_t37273F03EAC87217701DD431B190FBD84AD7C377*, MethodInfo const*)
#16 0x007ff17d64f7b0 in EventHandler_Invoke_m9D3126CBE291A3E7E7C304094E1DA846832F9B96
#17 0x007ff179e88073 in il2cpp::vm::Runtime::InvokeWithThrow(MethodInfo const*, void*, void**)
#18 0x007ff179e87fdb in il2cpp::vm::Runtime::Invoke(MethodInfo const*, void*, void**, Il2CppException**)
#19 0x007ff179e87b1c in il2cpp::vm::Runtime::Shutdown()
#20 0x007ff244c70f56 in (Unknown)
#21 0x007ff2447ac658 in (Unknown)
#22 0x007ff244d18ee6 in PlayerMain(int, char**)
#23 0x007ff2426cb493 in __libc_start_main
#24 0x00000000201029 in _start
