[UnityMemory] Configuration Parameters - Can be set up in boot.config
    "memorysetup-bucket-allocator-granularity=16"
    "memorysetup-bucket-allocator-bucket-count=8"
    "memorysetup-bucket-allocator-block-size=4194304"
    "memorysetup-bucket-allocator-block-count=1"
    "memorysetup-main-allocator-block-size=16777216"
    "memorysetup-thread-allocator-block-size=16777216"
    "memorysetup-gfx-main-allocator-block-size=16777216"
    "memorysetup-gfx-thread-allocator-block-size=16777216"
    "memorysetup-cache-allocator-block-size=4194304"
    "memorysetup-typetree-allocator-block-size=2097152"
    "memorysetup-profiler-bucket-allocator-granularity=16"
    "memorysetup-profiler-bucket-allocator-bucket-count=8"
    "memorysetup-profiler-bucket-allocator-block-size=4194304"
    "memorysetup-profiler-bucket-allocator-block-count=1"
    "memorysetup-profiler-allocator-block-size=16777216"
    "memorysetup-profiler-editor-allocator-block-size=1048576"
    "memorysetup-temp-allocator-size-main=4194304"
    "memorysetup-job-temp-allocator-block-size=2097152"
    "memorysetup-job-temp-allocator-block-size-background=1048576"
    "memorysetup-job-temp-allocator-reduction-small-platforms=262144"
    "memorysetup-allocator-temp-initial-block-size-main=262144"
    "memorysetup-allocator-temp-initial-block-size-worker=262144"
    "memorysetup-temp-allocator-size-background-worker=32768"
    "memorysetup-temp-allocator-size-job-worker=262144"
    "memorysetup-temp-allocator-size-preload-manager=262144"
    "memorysetup-temp-allocator-size-nav-mesh-worker=65536"
    "memorysetup-temp-allocator-size-audio-worker=65536"
    "memorysetup-temp-allocator-size-cloud-worker=32768"
    "memorysetup-temp-allocator-size-gfx=262144"
Remaining time:29s
Found 2 interfaces on host : 0) 10.141.0.1 1) 10.149.0.1
Player connection [140417774923648] Multi-casting "[IP] 10.141.0.1 [Port] 55000 [Flags] 19 [Guid] 425077332 [EditorId] 3988235067 [Version] 1048832 [Id] LinuxPlayer(13,10.141.0.1) [Debug] 0 [PackageName] LinuxPlayer [ProjectName] Opencraft" to [225.0.0.222:54997]...

Direct connection to host time out.
Stopping profiler. Profiler is not able to flush data to a file or socket and exceeded maximum allowed memory for buffering.
Please use Profiler.maxUsedMemory API or -profiler-maxusedmemory command line parameter to increase maximum allowed memory usage.
Using 134234112 bytes while Profiler.maxUsedMemory is 134217728 bytes.
Failed to initialize networking layer after 30 seconds, skipping waiting for connection before starting playback.
Preloaded 'lib_burst_generated.so'
Preloaded 'libwebrtc.so'
[Physics::Module] Initialized MultithreadedJobDispatcher with 47 workers.
Initialize engine version: 2022.3.16f1 (d2c21f0ef2f1)
[Subsystems] Discovering subsystems at path /var/scratch/zmr280/opencraft/opencraft_Data/UnitySubsystems
Forcing GfxDevice: Null
GfxDevice: creating device client; threaded=0; jobified=0
NullGfxDevice:
    Version:  NULL 1.0 [1.0]
    Renderer: Null Device
    Vendor:   Unity Technologies
ERROR: Shader Hidden/Universal Render Pipeline/Blit shader is not supported on this GPU (none of subshaders/fallbacks are suitable)
ERROR: Shader Hidden/Universal Render Pipeline/CopyDepth shader is not supported on this GPU (none of subshaders/fallbacks are suitable)
ERROR: Shader Hidden/Universal Render Pipeline/Sampling shader is not supported on this GPU (none of subshaders/fallbacks are suitable)
ERROR: Shader Hidden/Universal Render Pipeline/LutBuilderLdr shader is not supported on this GPU (none of subshaders/fallbacks are suitable)
ERROR: Shader Hidden/Universal Render Pipeline/LutBuilderHdr shader is not supported on this GPU (none of subshaders/fallbacks are suitable)
ERROR: Shader Hidden/Universal Render Pipeline/UberPost shader is not supported on this GPU (none of subshaders/fallbacks are suitable)
ERROR: Shader Hidden/Universal Render Pipeline/Debug/DebugReplacement shader is not supported on this GPU (none of subshaders/fallbacks are suitable)
ERROR: Shader Hidden/Universal/HDRDebugView shader is not supported on this GPU (none of subshaders/fallbacks are suitable)
WARNING: Shader Unsupported: 'Hidden/Universal Render Pipeline/FallbackError' - All subshaders removed
WARNING: Shader Did you use #pragma only_renderers and omit this platform?
WARNING: Shader If subshaders removal was intentional, you may have forgotten turning Fallback off?
ERROR: Shader Hidden/Universal Render Pipeline/FallbackError shader is not supported on this GPU (none of subshaders/fallbacks are suitable)
WARNING: Shader Unsupported: 'Hidden/Universal Render Pipeline/FallbackError' - All subshaders removed
WARNING: Shader Did you use #pragma only_renderers and omit this platform?
WARNING: Shader If subshaders removal was intentional, you may have forgotten turning Fallback off?
WARNING: Shader Unsupported: 'Hidden/Universal Render Pipeline/StencilDeferred' - All subshaders removed
WARNING: Shader Did you use #pragma only_renderers and omit this platform?
WARNING: Shader If subshaders removal was intentional, you may have forgotten turning Fallback off?
ERROR: Shader Hidden/Universal Render Pipeline/StencilDeferred shader is not supported on this GPU (none of subshaders/fallbacks are suitable)
WARNING: Shader Unsupported: 'Hidden/Universal Render Pipeline/StencilDeferred' - All subshaders removed
WARNING: Shader Did you use #pragma only_renderers and omit this platform?
WARNING: Shader If subshaders removal was intentional, you may have forgotten turning Fallback off?
ERROR: Shader Hidden/Universal Render Pipeline/CameraMotionVectors shader is not supported on this GPU (none of subshaders/fallbacks are suitable)
ERROR: Shader Hidden/Universal Render Pipeline/ObjectMotionVectors shader is not supported on this GPU (none of subshaders/fallbacks are suitable)
ERROR: Shader Hidden/Universal Render Pipeline/LensFlareDataDriven shader is not supported on this GPU (none of subshaders/fallbacks are suitable)
ERROR: Shader Hidden/Universal Render Pipeline/ScreenSpaceAmbientOcclusion shader is not supported on this GPU (none of subshaders/fallbacks are suitable)
ERROR: Shader Hidden/Universal Render Pipeline/Stop NaN shader is not supported on this GPU (none of subshaders/fallbacks are suitable)
ERROR: Shader Hidden/Universal Render Pipeline/SubpixelMorphologicalAntialiasing shader is not supported on this GPU (none of subshaders/fallbacks are suitable)
ERROR: Shader Hidden/Universal Render Pipeline/TemporalAA shader is not supported on this GPU (none of subshaders/fallbacks are suitable)
ERROR: Shader Hidden/Universal Render Pipeline/Scaling Setup shader is not supported on this GPU (none of subshaders/fallbacks are suitable)
ERROR: Shader Hidden/Universal Render Pipeline/Edge Adaptive Spatial Upsampling shader is not supported on this GPU (none of subshaders/fallbacks are suitable)
ERROR: Shader Hidden/Universal Render Pipeline/FinalPost shader is not supported on this GPU (none of subshaders/fallbacks are suitable)
ERROR: Shader Sprites/Default shader is not supported on this GPU (none of subshaders/fallbacks are suitable)
ERROR: Shader Sprites/Mask shader is not supported on this GPU (none of subshaders/fallbacks are suitable)
ERROR: Shader GUI/Text Shader shader is not supported on this GPU (none of subshaders/fallbacks are suitable)
UnloadTime: 0.833714 ms
Parsing args: /var/scratch/zmr280/opencraft/opencraft.x86_64, -batchmode, -nographics, -logStats, True, -terrainType, 5-Layer, -statsFile, /var/scratch/zmr280/runs/pareto-activeLogic_5-Layer_8x_6z_80p_120s/opencraft_stats/server.csv, -activeLogic, -circuitX, 8, -circuitZ, 6, -playType, Server
Setting up worlds with playType Server and streaming role Disabled
Connecting worlds with playType Server and streaming role Disabled
Created listen request for 0.0.0.0:7979
Creating statistics writer!
Recorder [GhostSimulationSystemGroup] is invalid!
UnityEngine.DebugLogHandler:Internal_Log(LogType, LogOption, String, Object)
UnityEngine.DebugLogHandler:LogFormat(LogType, Object, String, Object[])
UnityEngine.Logger:Log(LogType, Object)
UnityEngine.Debug:LogWarning(Object)
PolkaDOTS.Statistics.StatisticsWriter:.ctor()
PolkaDOTS.Statistics.StatisticsWriterInstance:Awake()

Recorder [PredictedSimulationSystemGroup] is invalid!
UnityEngine.DebugLogHandler:Internal_Log(LogType, LogOption, String, Object)
UnityEngine.DebugLogHandler:LogFormat(LogType, Object, String, Object[])
UnityEngine.Logger:Log(LogType, Object)
UnityEngine.Debug:LogWarning(Object)
PolkaDOTS.Statistics.StatisticsWriter:.ctor()
PolkaDOTS.Statistics.StatisticsWriterInstance:Awake()

Initializing multiplay!
Found non-specified codec: VP8 Internal video/VP8 implementation_name=Internal
Found codec: VP9 Profile0
Found codec: VP9 Profile2
Found codec: VP9 Profile1
Found codec: VP9 Profile3
Found codec: AV1 Profile0
Found codec: AV1 Profile1
Could not find H264.High as streaming codec!
Adding terrain areas statistics recorders
Streamed scene with   34ms latency from /var/scratch/zmr280/opencraft/opencraft_Data/StreamingAssets/EntityScenes/bea83102298cfb741939cdba85abe535.0.entities
AutoLoading authoring scene in world ServerWorld
ERROR: Shader Custom/VoxelShader shader is not supported on this GPU (none of subshaders/fallbacks are suitable)
WARNING: Shader Unsupported: 'Hidden/Universal Render Pipeline/FallbackError' - All subshaders removed
WARNING: Shader Did you use #pragma only_renderers and omit this platform?
WARNING: Shader If subshaders removal was intentional, you may have forgotten turning Fallback off?
ERROR: Shader Hidden/Universal Render Pipeline/FallbackError shader is not supported on this GPU (none of subshaders/fallbacks are suitable)
WARNING: Shader Unsupported: 'Hidden/Universal Render Pipeline/FallbackError' - All subshaders removed
WARNING: Shader Did you use #pragma only_renderers and omit this platform?
WARNING: Shader If subshaders removal was intentional, you may have forgotten turning Fallback off?
WARNING: Shader Unsupported: 'Universal Render Pipeline/Lit' - All subshaders removed
WARNING: Shader Did you use #pragma only_renderers and omit this platform?
WARNING: Shader If subshaders removal was intentional, you may have forgotten turning Fallback off?
ERROR: Shader Universal Render Pipeline/Lit shader is not supported on this GPU (none of subshaders/fallbacks are suitable)
WARNING: Shader Unsupported: 'Universal Render Pipeline/Lit' - All subshaders removed
WARNING: Shader Did you use #pragma only_renderers and omit this platform?
WARNING: Shader If subshaders removal was intentional, you may have forgotten turning Fallback off?
WARNING: Shader Unsupported: 'Universal Render Pipeline/Unlit' - All subshaders removed
WARNING: Shader Did you use #pragma only_renderers and omit this platform?
WARNING: Shader If subshaders removal was intentional, you may have forgotten turning Fallback off?
ERROR: Shader Universal Render Pipeline/Unlit shader is not supported on this GPU (none of subshaders/fallbacks are suitable)
WARNING: Shader Unsupported: 'Universal Render Pipeline/Unlit' - All subshaders removed
WARNING: Shader Did you use #pragma only_renderers and omit this platform?
WARNING: Shader If subshaders removal was intentional, you may have forgotten turning Fallback off?
Streamed scene with   46ms latency from /var/scratch/zmr280/opencraft/opencraft_Data/StreamingAssets/EntityScenes/62561c7118c5bbb46929c6bf65331faa.0.entities
Setting player spawn to 0, 13, 0
TerrainLogicSystem Tick 1
[12:03:13.7984230]:[ServerWorld] New connection ID:1
[12:03:13.8462190]:[ServerWorld] New connection ID:2
Starting game stream on connection 1!
'Spawning a Ghost '' for user '204' on connection '1'!
[12:03:13.8831070]:[ServerWorld] Connection disconnected ID:0 Reason:ConnectionClose
Starting game stream on connection 2!
'Spawning a Ghost '' for user '202' on connection '2'!
[12:03:13.9299950]:[ServerWorld] Connection disconnected ID:0 Reason:ConnectionClose
TerrainLogicSystem Tick 2
TerrainLogicSystem Tick 3
TerrainLogicSystem Tick 4
[12:03:23.4127410]:[ServerWorld] Connection disconnected ID:2 Reason:ClosedByRemote
[12:03:24.1650430]:[ServerWorld] Connection disconnected ID:1 Reason:ClosedByRemote
TerrainLogicSystem Tick 5
TerrainLogicSystem Tick 6
TerrainLogicSystem Tick 7
TerrainLogicSystem Tick 8
TerrainLogicSystem Tick 9
[12:03:40.8166670]:[ServerWorld] New connection ID:2
[12:03:40.8458630]:[ServerWorld] New connection ID:1
[12:03:40.8657630]:[ServerWorld] New connection ID:3
Starting game stream on connection 2!
'Spawning a Ghost '' for user '2' on connection '2'!
[12:03:40.9154070]:[ServerWorld] New connection ID:4
[12:03:40.9154070]:[ServerWorld] New connection ID:5
[12:03:40.9154070]:[ServerWorld] Connection disconnected ID:0 Reason:ConnectionClose
Starting game stream on connection 1!
'Spawning a Ghost '' for user '1' on connection '1'!
[12:03:40.9311970]:[ServerWorld] New connection ID:8
[12:03:40.9311970]:[ServerWorld] New connection ID:7
[12:03:40.9311970]:[ServerWorld] New connection ID:6
[12:03:40.9311970]:[ServerWorld] Connection disconnected ID:0 Reason:ConnectionClose
[12:03:40.9481300]:[ServerWorld] New connection ID:9
Starting game stream on connection 3!
'Spawning a Ghost '' for user '5' on connection '3'!
[12:03:40.9814990]:[ServerWorld] Connection disconnected ID:0 Reason:ConnectionClose
Starting game stream on connection 4!
Starting game stream on connection 5!
'Spawning a Ghost '' for user '6' on connection '4'!
'Spawning a Ghost '' for user '9' on connection '5'!
[12:03:41.0176520]:[ServerWorld] Connection disconnected ID:0 Reason:ConnectionClose
[12:03:41.0176520]:[ServerWorld] Connection disconnected ID:0 Reason:ConnectionClose
Starting game stream on connection 9!
Starting game stream on connection 6!
Starting game stream on connection 7!
Starting game stream on connection 8!
'Spawning a Ghost '' for user '10' on connection '9'!
'Spawning a Ghost '' for user '7' on connection '6'!
'Spawning a Ghost '' for user '8' on connection '7'!
'Spawning a Ghost '' for user '4' on connection '8'!
[12:03:41.0332190]:[ServerWorld] Connection disconnected ID:0 Reason:ConnectionClose
[12:03:41.0332190]:[ServerWorld] Connection disconnected ID:0 Reason:ConnectionClose
[12:03:41.0332190]:[ServerWorld] Connection disconnected ID:0 Reason:ConnectionClose
[12:03:41.0332190]:[ServerWorld] Connection disconnected ID:0 Reason:ConnectionClose
[12:03:41.4125870]:[ServerWorld] New connection ID:10
Starting game stream on connection 10!
'Spawning a Ghost '' for user '3' on connection '10'!
[12:03:41.5316020]:[ServerWorld] Connection disconnected ID:0 Reason:ConnectionClose
TerrainLogicSystem Tick 10
[12:03:43.8478910]:[ServerWorld] New connection ID:11
Starting game stream on connection 11!
'Spawning a Ghost '' for user '14' on connection '11'!
[12:03:43.9629930]:[ServerWorld] Connection disconnected ID:0 Reason:ConnectionClose
[12:03:44.0040520]:[ServerWorld] New connection ID:12
[12:03:44.0810120]:[ServerWorld] New connection ID:13
[12:03:44.0990720]:[ServerWorld] New connection ID:14
Starting game stream on connection 12!
'Spawning a Ghost '' for user '17' on connection '12'!
[12:03:44.1124750]:[ServerWorld] New connection ID:15
[12:03:44.1124750]:[ServerWorld] Connection disconnected ID:0 Reason:ConnectionClose
[12:03:44.1490110]:[ServerWorld] New connection ID:16
[12:03:44.1653590]:[ServerWorld] New connection ID:17
Starting game stream on connection 13!
Starting game stream on connection 14!
'Spawning a Ghost '' for user '20' on connection '14'!
'Spawning a Ghost '' for user '18' on connection '13'!
[12:03:44.1993390]:[ServerWorld] New connection ID:18
[12:03:44.1993390]:[ServerWorld] Connection disconnected ID:0 Reason:ConnectionClose
[12:03:44.1993390]:[ServerWorld] Connection disconnected ID:0 Reason:ConnectionClose
Starting game stream on connection 15!
'Spawning a Ghost '' for user '15' on connection '15'!
[12:03:44.2327960]:[ServerWorld] New connection ID:19
[12:03:44.2327960]:[ServerWorld] Connection disconnected ID:0 Reason:ConnectionClose
Starting game stream on connection 16!
Starting game stream on connection 17!
'Spawning a Ghost '' for user '11' on connection '17'!
'Spawning a Ghost '' for user '12' on connection '16'!
[12:03:44.2820550]:[ServerWorld] Connection disconnected ID:0 Reason:ConnectionClose
[12:03:44.2820550]:[ServerWorld] Connection disconnected ID:0 Reason:ConnectionClose
Starting game stream on connection 19!
Starting game stream on connection 18!
'Spawning a Ghost '' for user '13' on connection '18'!
[12:03:44.3319520]:[ServerWorld] Connection disconnected ID:0 Reason:ConnectionClose
'Spawning a Ghost '' for user '19' on connection '19'!
[12:03:44.3491470]:[ServerWorld] New connection ID:20
[12:03:44.3491470]:[ServerWorld] Connection disconnected ID:0 Reason:ConnectionClose
Starting game stream on connection 20!
'Spawning a Ghost '' for user '16' on connection '20'!
[12:03:44.4486460]:[ServerWorld] Connection disconnected ID:0 Reason:ConnectionClose
TerrainLogicSystem Tick 11
[12:03:47.1143960]:[ServerWorld] New connection ID:21
[12:03:47.1143960]:[ServerWorld] New connection ID:22
Starting game stream on connection 22!
'Spawning a Ghost '' for user '21' on connection '22'!
[12:03:47.2303410]:[ServerWorld] New connection ID:23
[12:03:47.2303410]:[ServerWorld] New connection ID:24
[12:03:47.2303410]:[ServerWorld] Connection disconnected ID:0 Reason:ConnectionClose
Starting game stream on connection 21!
'Spawning a Ghost '' for user '28' on connection '21'!
[12:03:47.2489080]:[ServerWorld] New connection ID:25
[12:03:47.2489080]:[ServerWorld] Connection disconnected ID:0 Reason:ConnectionClose
[12:03:47.2793800]:[ServerWorld] New connection ID:26
Starting game stream on connection 23!
Starting game stream on connection 24!
'Spawning a Ghost '' for user '24' on connection '23'!
'Spawning a Ghost '' for user '29' on connection '24'!
[12:03:47.3323590]:[ServerWorld] Connection disconnected ID:0 Reason:ConnectionClose
[12:03:47.3323590]:[ServerWorld] Connection disconnected ID:0 Reason:ConnectionClose
[12:03:47.3624830]:[ServerWorld] New connection ID:27
Starting game stream on connection 25!
'Spawning a Ghost '' for user '27' on connection '25'!
[12:03:47.3803510]:[ServerWorld] Connection disconnected ID:0 Reason:ConnectionClose
Starting game stream on connection 26!
[12:03:47.3975040]:[ServerWorld] New connection ID:28
'Spawning a Ghost '' for user '30' on connection '26'!
[12:03:47.4149030]:[ServerWorld] Connection disconnected ID:0 Reason:ConnectionClose
[12:03:47.4464900]:[ServerWorld] New connection ID:29
Starting game stream on connection 27!
'Spawning a Ghost '' for user '25' on connection '27'!
[12:03:47.4798280]:[ServerWorld] Connection disconnected ID:0 Reason:ConnectionClose
Starting game stream on connection 28!
'Spawning a Ghost '' for user '22' on connection '28'!
[12:03:47.5500690]:[ServerWorld] New connection ID:30
[12:03:47.5500690]:[ServerWorld] Connection disconnected ID:0 Reason:ConnectionClose
Starting game stream on connection 29!
'Spawning a Ghost '' for user '26' on connection '29'!
[12:03:47.5632790]:[ServerWorld] Connection disconnected ID:0 Reason:ConnectionClose
Starting game stream on connection 30!
'Spawning a Ghost '' for user '23' on connection '30'!
[12:03:47.6796270]:[ServerWorld] Connection disconnected ID:0 Reason:ConnectionClose
TerrainLogicSystem Tick 12
TerrainLogicSystem Tick 13
[12:03:50.0807200]:[ServerWorld] New connection ID:31
Starting game stream on connection 31!
[12:03:50.1863110]:[ServerWorld] New connection ID:32
[12:03:50.1863110]:[ServerWorld] New connection ID:33
'Spawning a Ghost '' for user '39' on connection '31'!
[12:03:50.2005120]:[ServerWorld] New connection ID:35
[12:03:50.2005120]:[ServerWorld] New connection ID:34
[12:03:50.2005120]:[ServerWorld] Connection disconnected ID:0 Reason:ConnectionClose
Starting game stream on connection 32!
Starting game stream on connection 34!
Starting game stream on connection 33!
Starting game stream on connection 35!
'Spawning a Ghost '' for user '32' on connection '33'!
'Spawning a Ghost '' for user '35' on connection '32'!
[12:03:50.2980140]:[ServerWorld] Connection disconnected ID:0 Reason:ConnectionClose
[12:03:50.2980140]:[ServerWorld] Connection disconnected ID:0 Reason:ConnectionClose
'Spawning a Ghost '' for user '34' on connection '34'!
'Spawning a Ghost '' for user '40' on connection '35'!
[12:03:50.3166750]:[ServerWorld] New connection ID:36
[12:03:50.3166750]:[ServerWorld] Connection disconnected ID:0 Reason:ConnectionClose
[12:03:50.3166750]:[ServerWorld] Connection disconnected ID:0 Reason:ConnectionClose
[12:03:50.3804830]:[ServerWorld] New connection ID:37
[12:03:50.3984040]:[ServerWorld] New connection ID:38
Starting game stream on connection 36!
'Spawning a Ghost '' for user '37' on connection '36'!
[12:03:50.4313120]:[ServerWorld] Connection disconnected ID:0 Reason:ConnectionClose
[12:03:50.4468480]:[ServerWorld] New connection ID:39
Starting game stream on connection 37!
Starting game stream on connection 38!
'Spawning a Ghost '' for user '36' on connection '37'!
[12:03:50.5135250]:[ServerWorld] Connection disconnected ID:0 Reason:ConnectionClose
Starting game stream on connection 39!
'Spawning a Ghost '' for user '38' on connection '38'!
[12:03:50.5324490]:[ServerWorld] New connection ID:40
[12:03:50.5324490]:[ServerWorld] Connection disconnected ID:0 Reason:ConnectionClose
'Spawning a Ghost '' for user '33' on connection '39'!
[12:03:50.5468730]:[ServerWorld] Connection disconnected ID:0 Reason:ConnectionClose
Starting game stream on connection 40!
'Spawning a Ghost '' for user '31' on connection '40'!
[12:03:50.6494700]:[ServerWorld] Connection disconnected ID:0 Reason:ConnectionClose
TerrainLogicSystem Tick 14
[12:03:52.9317090]:[ServerWorld] New connection ID:41
Starting game stream on connection 41!
'Spawning a Ghost '' for user '47' on connection '41'!
[12:03:53.0318280]:[ServerWorld] Connection disconnected ID:0 Reason:ConnectionClose
[12:03:53.1174020]:[ServerWorld] New connection ID:42
[12:03:53.1342480]:[ServerWorld] New connection ID:43
[12:03:53.1658790]:[ServerWorld] New connection ID:44
[12:03:53.1823320]:[ServerWorld] New connection ID:45
[12:03:53.2008990]:[ServerWorld] New connection ID:46
Starting game stream on connection 42!
'Spawning a Ghost '' for user '49' on connection '42'!
[12:03:53.2136040]:[ServerWorld] Connection disconnected ID:0 Reason:ConnectionClose
Starting game stream on connection 43!
'Spawning a Ghost '' for user '45' on connection '43'!
[12:03:53.2461050]:[ServerWorld] New connection ID:47
[12:03:53.2461050]:[ServerWorld] Connection disconnected ID:0 Reason:ConnectionClose
Starting game stream on connection 44!
'Spawning a Ghost '' for user '46' on connection '44'!
[12:03:53.2673130]:[ServerWorld] Connection disconnected ID:0 Reason:ConnectionClose
[12:03:53.2850790]:[ServerWorld] New connection ID:48
Starting game stream on connection 45!
Starting game stream on connection 46!
'Spawning a Ghost '' for user '48' on connection '45'!
'Spawning a Ghost '' for user '43' on connection '46'!
[12:03:53.2990810]:[ServerWorld] New connection ID:49
[12:03:53.2990810]:[ServerWorld] Connection disconnected ID:0 Reason:ConnectionClose
[12:03:53.2990810]:[ServerWorld] Connection disconnected ID:0 Reason:ConnectionClose
[12:03:53.3139700]:[ServerWorld] New connection ID:50
Starting game stream on connection 47!
Starting game stream on connection 49!
'Spawning a Ghost '' for user '50' on connection '49'!
'Spawning a Ghost '' for user '42' on connection '47'!
[12:03:53.3861960]:[ServerWorld] Connection disconnected ID:0 Reason:ConnectionClose
[12:03:53.3861960]:[ServerWorld] Connection disconnected ID:0 Reason:ConnectionClose
Starting game stream on connection 48!
'Spawning a Ghost '' for user '44' on connection '48'!
[12:03:53.3998440]:[ServerWorld] Connection disconnected ID:0 Reason:ConnectionClose
Starting game stream on connection 50!
'Spawning a Ghost '' for user '41' on connection '50'!
[12:03:53.4324390]:[ServerWorld] Connection disconnected ID:0 Reason:ConnectionClose
TerrainLogicSystem Tick 15
TerrainLogicSystem Tick 16
[12:03:55.7902540]:[ServerWorld] New connection ID:51
TerrainLogicSystem Tick 17
[12:03:55.9619420]:[ServerWorld] New connection ID:52
Starting game stream on connection 51!
'Spawning a Ghost '' for user '55' on connection '51'!
[12:03:55.9636720]:[ServerWorld] Connection disconnected ID:0 Reason:ConnectionClose
Starting game stream on connection 52!
'Spawning a Ghost '' for user '57' on connection '52'!
[12:03:56.0038860]:[ServerWorld] Connection disconnected ID:0 Reason:ConnectionClose
[12:03:56.0457920]:[ServerWorld] New connection ID:53
[12:03:56.0635410]:[ServerWorld] New connection ID:54
[12:03:56.1014850]:[ServerWorld] New connection ID:55
[12:03:56.1129350]:[ServerWorld] New connection ID:56
Starting game stream on connection 53!
'Spawning a Ghost '' for user '58' on connection '53'!
[12:03:56.1505270]:[ServerWorld] Connection disconnected ID:0 Reason:ConnectionClose
Starting game stream on connection 54!
'Spawning a Ghost '' for user '54' on connection '54'!
[12:03:56.1674610]:[ServerWorld] New connection ID:57
[12:03:56.1674610]:[ServerWorld] Connection disconnected ID:0 Reason:ConnectionClose
Starting game stream on connection 55!
'Spawning a Ghost '' for user '60' on connection '55'!
[12:03:56.1999430]:[ServerWorld] New connection ID:58
[12:03:56.1999430]:[ServerWorld] Connection disconnected ID:0 Reason:ConnectionClose
Starting game stream on connection 56!
'Spawning a Ghost '' for user '53' on connection '56'!
[12:03:56.2477260]:[ServerWorld] Connection disconnected ID:0 Reason:ConnectionClose
Starting game stream on connection 57!
'Spawning a Ghost '' for user '51' on connection '57'!
[12:03:56.2608310]:[ServerWorld] Connection disconnected ID:0 Reason:ConnectionClose
Starting game stream on connection 58!
'Spawning a Ghost '' for user '52' on connection '58'!
[12:03:56.3033850]:[ServerWorld] Connection disconnected ID:0 Reason:ConnectionClose
[12:03:56.9619060]:[ServerWorld] New connection ID:59
TerrainLogicSystem Tick 18
Starting game stream on connection 59!
'Spawning a Ghost '' for user '56' on connection '59'!
[12:03:57.1166660]:[ServerWorld] Connection disconnected ID:0 Reason:ConnectionClose
[12:03:57.9652170]:[ServerWorld] New connection ID:60
Starting game stream on connection 60!
TerrainLogicSystem Tick 19
'Spawning a Ghost '' for user '59' on connection '60'!
[12:03:58.2152320]:[ServerWorld] Connection disconnected ID:0 Reason:ConnectionClose
[12:03:58.9660700]:[ServerWorld] New connection ID:61
[12:03:58.9849620]:[ServerWorld] New connection ID:62
[12:03:59.0042590]:[ServerWorld] New connection ID:63
[12:03:59.0176810]:[ServerWorld] New connection ID:66
[12:03:59.0176810]:[ServerWorld] New connection ID:64
[12:03:59.0176810]:[ServerWorld] New connection ID:65
Starting game stream on connection 61!
'Spawning a Ghost '' for user '67' on connection '61'!
[12:03:59.0719790]:[ServerWorld] New connection ID:67
[12:03:59.0719790]:[ServerWorld] Connection disconnected ID:0 Reason:ConnectionClose
Starting game stream on connection 62!
'Spawning a Ghost '' for user '66' on connection '62'!
[12:03:59.0887770]:[ServerWorld] New connection ID:68
[12:03:59.0887770]:[ServerWorld] Connection disconnected ID:0 Reason:ConnectionClose
Starting game stream on connection 65!
Starting game stream on connection 63!
Starting game stream on connection 66!
'Spawning a Ghost '' for user '64' on connection '63'!
[12:03:59.1079260]:[ServerWorld] New connection ID:69
[12:03:59.1079260]:[ServerWorld] Connection disconnected ID:0 Reason:ConnectionClose
Starting game stream on connection 64!
'Spawning a Ghost '' for user '61' on connection '64'!
'Spawning a Ghost '' for user '65' on connection '65'!
'Spawning a Ghost '' for user '69' on connection '66'!
[12:03:59.1231410]:[ServerWorld] New connection ID:70
[12:03:59.1231410]:[ServerWorld] Connection disconnected ID:0 Reason:ConnectionClose
[12:03:59.1231410]:[ServerWorld] Connection disconnected ID:0 Reason:ConnectionClose
[12:03:59.1231410]:[ServerWorld] Connection disconnected ID:0 Reason:ConnectionClose
Starting game stream on connection 67!
'Spawning a Ghost '' for user '68' on connection '67'!
[12:03:59.1497180]:[ServerWorld] Connection disconnected ID:0 Reason:ConnectionClose
TerrainLogicSystem Tick 20
Starting game stream on connection 68!
Starting game stream on connection 69!
'Spawning a Ghost '' for user '62' on connection '68'!
[12:03:59.3513460]:[ServerWorld] Connection disconnected ID:0 Reason:ConnectionClose
Starting game stream on connection 70!
'Spawning a Ghost '' for user '70' on connection '70'!
'Spawning a Ghost '' for user '63' on connection '69'!
[12:03:59.3535730]:[ServerWorld] Connection disconnected ID:0 Reason:ConnectionClose
[12:03:59.3535730]:[ServerWorld] Connection disconnected ID:0 Reason:ConnectionClose
TerrainLogicSystem Tick 21
TerrainLogicSystem Tick 22
[12:04:01.8807260]:[ServerWorld] New connection ID:71
[12:04:01.9660780]:[ServerWorld] New connection ID:72
Starting game stream on connection 71!
'Spawning a Ghost '' for user '74' on connection '71'!
[12:04:01.9842410]:[ServerWorld] Connection disconnected ID:0 Reason:ConnectionClose
[12:04:02.0161790]:[ServerWorld] New connection ID:73
TerrainLogicSystem Tick 23
[12:04:02.1763790]:[ServerWorld] New connection ID:74
Starting game stream on connection 72!
'Spawning a Ghost '' for user '77' on connection '72'!
[12:04:02.1790320]:[ServerWorld] New connection ID:77
[12:04:02.1790320]:[ServerWorld] New connection ID:75
[12:04:02.1790320]:[ServerWorld] New connection ID:76
[12:04:02.1790320]:[ServerWorld] Connection disconnected ID:0 Reason:ConnectionClose
Starting game stream on connection 73!
'Spawning a Ghost '' for user '73' on connection '73'!
[12:04:02.1811810]:[ServerWorld] Connection disconnected ID:0 Reason:ConnectionClose
Starting game stream on connection 74!
Starting game stream on connection 76!
Starting game stream on connection 75!
Starting game stream on connection 77!
'Spawning a Ghost '' for user '79' on connection '74'!
'Spawning a Ghost '' for user '71' on connection '76'!
'Spawning a Ghost '' for user '76' on connection '75'!
[12:04:02.2154330]:[ServerWorld] Connection disconnected ID:0 Reason:ConnectionClose
[12:04:02.2154330]:[ServerWorld] Connection disconnected ID:0 Reason:ConnectionClose
[12:04:02.2154330]:[ServerWorld] Connection disconnected ID:0 Reason:ConnectionClose
'Spawning a Ghost '' for user '80' on connection '77'!
[12:04:02.2345230]:[ServerWorld] Connection disconnected ID:0 Reason:ConnectionClose
[12:04:02.2850210]:[ServerWorld] New connection ID:78
Starting game stream on connection 78!
'Spawning a Ghost '' for user '72' on connection '78'!
[12:04:02.4175350]:[ServerWorld] Connection disconnected ID:0 Reason:ConnectionClose
TerrainLogicSystem Tick 24
[12:04:03.1321320]:[ServerWorld] New connection ID:79
[12:04:03.1463620]:[ServerWorld] New connection ID:80
Starting game stream on connection 79!
Starting game stream on connection 80!
'Spawning a Ghost '' for user '78' on connection '79'!
[12:04:03.1998300]:[ServerWorld] Connection disconnected ID:0 Reason:ConnectionClose
'Spawning a Ghost '' for user '75' on connection '80'!
[12:04:03.2166700]:[ServerWorld] Connection disconnected ID:0 Reason:ConnectionClose
TerrainLogicSystem Tick 25
TerrainLogicSystem Tick 26
TerrainLogicSystem Tick 27
TerrainLogicSystem Tick 28
TerrainLogicSystem Tick 29
TerrainLogicSystem Tick 30
TerrainLogicSystem Tick 31
TerrainLogicSystem Tick 32
TerrainLogicSystem Tick 33
TerrainLogicSystem Tick 34
TerrainLogicSystem Tick 35
TerrainLogicSystem Tick 36
TerrainLogicSystem Tick 37
TerrainLogicSystem Tick 38
TerrainLogicSystem Tick 39
TerrainLogicSystem Tick 40
TerrainLogicSystem Tick 41
TerrainLogicSystem Tick 42
TerrainLogicSystem Tick 43
TerrainLogicSystem Tick 44
TerrainLogicSystem Tick 45
TerrainLogicSystem Tick 46
TerrainLogicSystem Tick 47
TerrainLogicSystem Tick 48
TerrainLogicSystem Tick 49
TerrainLogicSystem Tick 50
TerrainLogicSystem Tick 51
TerrainLogicSystem Tick 52
TerrainLogicSystem Tick 53
TerrainLogicSystem Tick 54
TerrainLogicSystem Tick 55
TerrainLogicSystem Tick 56
TerrainLogicSystem Tick 57
TerrainLogicSystem Tick 58
TerrainLogicSystem Tick 59
TerrainLogicSystem Tick 60
TerrainLogicSystem Tick 61
TerrainLogicSystem Tick 62
TerrainLogicSystem Tick 63
TerrainLogicSystem Tick 64
TerrainLogicSystem Tick 65
TerrainLogicSystem Tick 66
TerrainLogicSystem Tick 67
TerrainLogicSystem Tick 68
TerrainLogicSystem Tick 69
TerrainLogicSystem Tick 70
TerrainLogicSystem Tick 71
TerrainLogicSystem Tick 72
TerrainLogicSystem Tick 73
TerrainLogicSystem Tick 74
TerrainLogicSystem Tick 75
TerrainLogicSystem Tick 76
TerrainLogicSystem Tick 77
TerrainLogicSystem Tick 78
TerrainLogicSystem Tick 79
TerrainLogicSystem Tick 80
TerrainLogicSystem Tick 81
TerrainLogicSystem Tick 82
TerrainLogicSystem Tick 83
TerrainLogicSystem Tick 84
TerrainLogicSystem Tick 85
TerrainLogicSystem Tick 86
TerrainLogicSystem Tick 87
TerrainLogicSystem Tick 88
Caught fatal signal - signo:15 code:0 errno:0 addr:0x15020008cfb6
Obtained 16 stack frames.
#0  0x007fb58e0d19c9 in PlayerMain(int, char**)
#1  0x007fb58e0c64b7 in (Unknown)
#2  0x007fb58be2ec20 in funlockfile
#3  0x007fb4c948e298 in GC_mark_from
#4  0x007fb4c948a339 in GC_mark_some
#5  0x007fb4c948a107 in GC_collect_a_little_inner
#6  0x007fb4c9488a75 in GC_collect_a_little
#7  0x007fb58e011088 in (Unknown)
#8  0x007fb58e01117e in (Unknown)
#9  0x007fb58db5c373 in (Unknown)
#10 0x007fb58db49247 in (Unknown)
#11 0x007fb58db49201 in (Unknown)
#12 0x007fb58db49570 in (Unknown)
#13 0x007fb58e0c8077 in PlayerMain(int, char**)
#14 0x007fb58ba7a493 in __libc_start_main
#15 0x00000000201029 in _start
Setting up 12 worker threads for Enlighten.
Writing stats to file
Calling DomainUnloadOrPlayModeChangeShutdown!
Caught fatal signal - signo:11 code:1 errno:0 addr:0x48
Obtained 25 stack frames.
#0  0x007fb58e0d19c9 in PlayerMain(int, char**)
#1  0x007fb58e0c64b7 in (Unknown)
#2  0x007fb58be2ec20 in funlockfile
#3  0x007fb58da89ff3 in (Unknown)
#4  0x007fb58da8a671 in (Unknown)
#5  0x007fb58da6ae7a in (Unknown)
#6  0x007fb58e46642e in PlayerMain(int, char**)
#7  0x007fb58d418426 in (Unknown)
#8  0x007fb4ce4e8320 in ContentLoadInterface_ContentFile_UnloadAsync_Injected_mBD2F1D561285B0DE37DCDA4DEA75931201B5E680
#9  0x007fb4ce4e778f in ContentLoadInterface_ContentFile_UnloadAsync_m197A3C60564D4E9F9049BAD57B46FB404A8F17BD
#10 0x007fb4ce4e7635 in ContentFile_UnloadAsync_mF35518E83FCF4C1701AF2C6CEBF7E507490481D6
#11 0x007fb4cd75f56a in RuntimeContentManager_ReleaseFile_m12EDB377B39EF4D01B3268E711303D79747A4F4C
#12 0x007fb4cd75d45c in RuntimeContentManager_ReleaseObjectImpl_m84E24B7727CAA367D95ABC97FC529A5594840414
#13 0x007fb4cd75bae8 in RuntimeContentManager_Cleanup_m6436DF58ED05204D0A7DFACFB212018BD6B813FD
#14 0x007fb4cd75cf38 in RuntimeContentManager_OnShutdown_m09B1F0AD37BE7168472DDB84F55C43F02CD40113
#15 0x007fb4c9258e76 in EventHandler_Invoke_m9D3126CBE291A3E7E7C304094E1DA846832F9B96_Multicast(EventHandler_tC6323FD7E6163F965259C33D72612C0E5B9BAB82*, Il2CppObject*, EventArgs_t37273F03EAC87217701DD431B190FBD84AD7C377*, MethodInfo const*)
#16 0x007fb4ccbca7b0 in EventHandler_Invoke_m9D3126CBE291A3E7E7C304094E1DA846832F9B96
#17 0x007fb4c9403073 in il2cpp::vm::Runtime::InvokeWithThrow(MethodInfo const*, void*, void**)
#18 0x007fb4c9402fdb in il2cpp::vm::Runtime::Invoke(MethodInfo const*, void*, void**, Il2CppException**)
#19 0x007fb4c9402b1c in il2cpp::vm::Runtime::Shutdown()
#20 0x007fb58e01ff56 in (Unknown)
#21 0x007fb58db5b658 in (Unknown)
#22 0x007fb58e0c7ee6 in PlayerMain(int, char**)
#23 0x007fb58ba7a493 in __libc_start_main
#24 0x00000000201029 in _start
