[UnityMemory] Configuration Parameters - Can be set up in boot.config
    "memorysetup-bucket-allocator-granularity=16"
    "memorysetup-bucket-allocator-bucket-count=8"
    "memorysetup-bucket-allocator-block-size=4194304"
    "memorysetup-bucket-allocator-block-count=1"
    "memorysetup-main-allocator-block-size=16777216"
    "memorysetup-thread-allocator-block-size=16777216"
    "memorysetup-gfx-main-allocator-block-size=16777216"
    "memorysetup-gfx-thread-allocator-block-size=16777216"
    "memorysetup-cache-allocator-block-size=4194304"
    "memorysetup-typetree-allocator-block-size=2097152"
    "memorysetup-profiler-bucket-allocator-granularity=16"
    "memorysetup-profiler-bucket-allocator-bucket-count=8"
    "memorysetup-profiler-bucket-allocator-block-size=4194304"
    "memorysetup-profiler-bucket-allocator-block-count=1"
    "memorysetup-profiler-allocator-block-size=16777216"
    "memorysetup-profiler-editor-allocator-block-size=1048576"
    "memorysetup-temp-allocator-size-main=4194304"
    "memorysetup-job-temp-allocator-block-size=2097152"
    "memorysetup-job-temp-allocator-block-size-background=1048576"
    "memorysetup-job-temp-allocator-reduction-small-platforms=262144"
    "memorysetup-allocator-temp-initial-block-size-main=262144"
    "memorysetup-allocator-temp-initial-block-size-worker=262144"
    "memorysetup-temp-allocator-size-background-worker=32768"
    "memorysetup-temp-allocator-size-job-worker=262144"
    "memorysetup-temp-allocator-size-preload-manager=262144"
    "memorysetup-temp-allocator-size-nav-mesh-worker=65536"
    "memorysetup-temp-allocator-size-audio-worker=65536"
    "memorysetup-temp-allocator-size-cloud-worker=32768"
    "memorysetup-temp-allocator-size-gfx=262144"
Remaining time:29s
Found 2 interfaces on host : 0) 10.141.0.31 1) 10.149.0.31
Player connection [140587085553536] Multi-casting "[IP] 10.141.0.31 [Port] 55000 [Flags] 19 [Guid] 1249038662 [EditorId] 3765082745 [Version] 1048832 [Id] LinuxPlayer(13,10.141.0.31) [Debug] 0 [PackageName] LinuxPlayer [ProjectName] Opencraft" to [225.0.0.222:54997]...

Direct connection to host time out.
Stopping profiler. Profiler is not able to flush data to a file or socket and exceeded maximum allowed memory for buffering.
Please use Profiler.maxUsedMemory API or -profiler-maxusedmemory command line parameter to increase maximum allowed memory usage.
Using 134234112 bytes while Profiler.maxUsedMemory is 134217728 bytes.
Failed to initialize networking layer after 30 seconds, skipping waiting for connection before starting playback.
Preloaded 'lib_burst_generated.so'
Preloaded 'libwebrtc.so'
[Physics::Module] Initialized MultithreadedJobDispatcher with 47 workers.
Initialize engine version: 2022.3.16f1 (d2c21f0ef2f1)
[Subsystems] Discovering subsystems at path /var/scratch/zmr280/opencraft/opencraft_Data/UnitySubsystems
Forcing GfxDevice: Null
GfxDevice: creating device client; threaded=0; jobified=0
NullGfxDevice:
    Version:  NULL 1.0 [1.0]
    Renderer: Null Device
    Vendor:   Unity Technologies
ERROR: Shader Hidden/Universal Render Pipeline/Blit shader is not supported on this GPU (none of subshaders/fallbacks are suitable)
ERROR: Shader Hidden/Universal Render Pipeline/CopyDepth shader is not supported on this GPU (none of subshaders/fallbacks are suitable)
ERROR: Shader Hidden/Universal Render Pipeline/Sampling shader is not supported on this GPU (none of subshaders/fallbacks are suitable)
ERROR: Shader Hidden/Universal Render Pipeline/LutBuilderLdr shader is not supported on this GPU (none of subshaders/fallbacks are suitable)
ERROR: Shader Hidden/Universal Render Pipeline/LutBuilderHdr shader is not supported on this GPU (none of subshaders/fallbacks are suitable)
ERROR: Shader Hidden/Universal Render Pipeline/UberPost shader is not supported on this GPU (none of subshaders/fallbacks are suitable)
ERROR: Shader Hidden/Universal Render Pipeline/Debug/DebugReplacement shader is not supported on this GPU (none of subshaders/fallbacks are suitable)
ERROR: Shader Hidden/Universal/HDRDebugView shader is not supported on this GPU (none of subshaders/fallbacks are suitable)
WARNING: Shader Unsupported: 'Hidden/Universal Render Pipeline/FallbackError' - All subshaders removed
WARNING: Shader Did you use #pragma only_renderers and omit this platform?
WARNING: Shader If subshaders removal was intentional, you may have forgotten turning Fallback off?
ERROR: Shader Hidden/Universal Render Pipeline/FallbackError shader is not supported on this GPU (none of subshaders/fallbacks are suitable)
WARNING: Shader Unsupported: 'Hidden/Universal Render Pipeline/FallbackError' - All subshaders removed
WARNING: Shader Did you use #pragma only_renderers and omit this platform?
WARNING: Shader If subshaders removal was intentional, you may have forgotten turning Fallback off?
WARNING: Shader Unsupported: 'Hidden/Universal Render Pipeline/StencilDeferred' - All subshaders removed
WARNING: Shader Did you use #pragma only_renderers and omit this platform?
WARNING: Shader If subshaders removal was intentional, you may have forgotten turning Fallback off?
ERROR: Shader Hidden/Universal Render Pipeline/StencilDeferred shader is not supported on this GPU (none of subshaders/fallbacks are suitable)
WARNING: Shader Unsupported: 'Hidden/Universal Render Pipeline/StencilDeferred' - All subshaders removed
WARNING: Shader Did you use #pragma only_renderers and omit this platform?
WARNING: Shader If subshaders removal was intentional, you may have forgotten turning Fallback off?
ERROR: Shader Hidden/Universal Render Pipeline/CameraMotionVectors shader is not supported on this GPU (none of subshaders/fallbacks are suitable)
ERROR: Shader Hidden/Universal Render Pipeline/ObjectMotionVectors shader is not supported on this GPU (none of subshaders/fallbacks are suitable)
ERROR: Shader Hidden/Universal Render Pipeline/LensFlareDataDriven shader is not supported on this GPU (none of subshaders/fallbacks are suitable)
ERROR: Shader Hidden/Universal Render Pipeline/ScreenSpaceAmbientOcclusion shader is not supported on this GPU (none of subshaders/fallbacks are suitable)
ERROR: Shader Hidden/Universal Render Pipeline/Stop NaN shader is not supported on this GPU (none of subshaders/fallbacks are suitable)
ERROR: Shader Hidden/Universal Render Pipeline/SubpixelMorphologicalAntialiasing shader is not supported on this GPU (none of subshaders/fallbacks are suitable)
ERROR: Shader Hidden/Universal Render Pipeline/TemporalAA shader is not supported on this GPU (none of subshaders/fallbacks are suitable)
ERROR: Shader Hidden/Universal Render Pipeline/Scaling Setup shader is not supported on this GPU (none of subshaders/fallbacks are suitable)
ERROR: Shader Hidden/Universal Render Pipeline/Edge Adaptive Spatial Upsampling shader is not supported on this GPU (none of subshaders/fallbacks are suitable)
ERROR: Shader Hidden/Universal Render Pipeline/FinalPost shader is not supported on this GPU (none of subshaders/fallbacks are suitable)
ERROR: Shader Sprites/Default shader is not supported on this GPU (none of subshaders/fallbacks are suitable)
ERROR: Shader Sprites/Mask shader is not supported on this GPU (none of subshaders/fallbacks are suitable)
ERROR: Shader GUI/Text Shader shader is not supported on this GPU (none of subshaders/fallbacks are suitable)
UnloadTime: 0.879890 ms
Parsing args: /var/scratch/zmr280/opencraft/opencraft.x86_64, -batchmode, -nographics, -logStats, True, -serverUrl, 10.141.0.1, -statsFile, /var/scratch/zmr280/runs/players_RollingHills_0x_0z_30p_120s/opencraft_stats/client8.csv, -userID, 8, -playType, Client, -emulationType, Simulation
Setting up worlds with playType Client and streaming role Disabled
Adding type with UniqueSystemAttribute: StatisticsSystem
Adding type with UniqueSystemAttribute: StatisticsSystem
Adding world ClientWorld to update list
Connecting worlds with playType Client and streaming role Disabled
Created connection request for 10.141.0.1:7979
Creating statistics writer!
Recorder [ServerFixedUpdate] is invalid!
UnityEngine.DebugLogHandler:Internal_Log(LogType, LogOption, String, Object)
UnityEngine.DebugLogHandler:LogFormat(LogType, Object, String, Object[])
UnityEngine.Logger:Log(LogType, Object)
UnityEngine.Debug:LogWarning(Object)
PolkaDOTS.Statistics.StatisticsWriter:.ctor()
PolkaDOTS.Statistics.StatisticsWriterInstance:Awake()

Recorder [TerrainGeneration] is invalid!
UnityEngine.DebugLogHandler:Internal_Log(LogType, LogOption, String, Object)
UnityEngine.DebugLogHandler:LogFormat(LogType, Object, String, Object[])
UnityEngine.Logger:Log(LogType, Object)
UnityEngine.Debug:LogWarning(Object)
PolkaDOTS.Statistics.StatisticsWriter:.ctor()
PolkaDOTS.Statistics.StatisticsWriterInstance:Awake()

Recorder [PlayerTerrainGenCheck] is invalid!
UnityEngine.DebugLogHandler:Internal_Log(LogType, LogOption, String, Object)
UnityEngine.DebugLogHandler:LogFormat(LogType, Object, String, Object[])
UnityEngine.Logger:Log(LogType, Object)
UnityEngine.Debug:LogWarning(Object)
PolkaDOTS.Statistics.StatisticsWriter:.ctor()
PolkaDOTS.Statistics.StatisticsWriterInstance:Awake()

Recorder [StructureGeneration] is invalid!
UnityEngine.DebugLogHandler:Internal_Log(LogType, LogOption, String, Object)
UnityEngine.DebugLogHandler:LogFormat(LogType, Object, String, Object[])
UnityEngine.Logger:Log(LogType, Object)
UnityEngine.Debug:LogWarning(Object)
PolkaDOTS.Statistics.StatisticsWriter:.ctor()
PolkaDOTS.Statistics.StatisticsWriterInstance:Awake()

Recorder [TerrainLogicSystem] is invalid!
UnityEngine.DebugLogHandler:Internal_Log(LogType, LogOption, String, Object)
UnityEngine.DebugLogHandler:LogFormat(LogType, Object, String, Object[])
UnityEngine.Logger:Log(LogType, Object)
UnityEngine.Debug:LogWarning(Object)
PolkaDOTS.Statistics.StatisticsWriter:.ctor()
PolkaDOTS.Statistics.StatisticsWriterInstance:Awake()

Recorder [GetUpdates] is invalid!
UnityEngine.DebugLogHandler:Internal_Log(LogType, LogOption, String, Object)
UnityEngine.DebugLogHandler:LogFormat(LogType, Object, String, Object[])
UnityEngine.Logger:Log(LogType, Object)
UnityEngine.Debug:LogWarning(Object)
PolkaDOTS.Statistics.StatisticsWriter:.ctor()
PolkaDOTS.Statistics.StatisticsWriterInstance:Awake()

Recorder [ReevaluatePropagateMarker] is invalid!
UnityEngine.DebugLogHandler:Internal_Log(LogType, LogOption, String, Object)
UnityEngine.DebugLogHandler:LogFormat(LogType, Object, String, Object[])
UnityEngine.Logger:Log(LogType, Object)
UnityEngine.Debug:LogWarning(Object)
PolkaDOTS.Statistics.StatisticsWriter:.ctor()
PolkaDOTS.Statistics.StatisticsWriterInstance:Awake()

Recorder [PropagateLogicState] is invalid!
UnityEngine.DebugLogHandler:Internal_Log(LogType, LogOption, String, Object)
UnityEngine.DebugLogHandler:LogFormat(LogType, Object, String, Object[])
UnityEngine.Logger:Log(LogType, Object)
UnityEngine.Debug:LogWarning(Object)
PolkaDOTS.Statistics.StatisticsWriter:.ctor()
PolkaDOTS.Statistics.StatisticsWriterInstance:Awake()

Recorder [PropInputBlocks] is invalid!
UnityEngine.DebugLogHandler:Internal_Log(LogType, LogOption, String, Object)
UnityEngine.DebugLogHandler:LogFormat(LogType, Object, String, Object[])
UnityEngine.Logger:Log(LogType, Object)
UnityEngine.Debug:LogWarning(Object)
PolkaDOTS.Statistics.StatisticsWriter:.ctor()
PolkaDOTS.Statistics.StatisticsWriterInstance:Awake()

Recorder [PropActiveLogicBlocks] is invalid!
UnityEngine.DebugLogHandler:Internal_Log(LogType, LogOption, String, Object)
UnityEngine.DebugLogHandler:LogFormat(LogType, Object, String, Object[])
UnityEngine.Logger:Log(LogType, Object)
UnityEngine.Debug:LogWarning(Object)
PolkaDOTS.Statistics.StatisticsWriter:.ctor()
PolkaDOTS.Statistics.StatisticsWriterInstance:Awake()

Recorder [CheckGateState] is invalid!
UnityEngine.DebugLogHandler:Internal_Log(LogType, LogOption, String, Object)
UnityEngine.DebugLogHandler:LogFormat(LogType, Object, String, Object[])
UnityEngine.Logger:Log(LogType, Object)
UnityEngine.Debug:LogWarning(Object)
PolkaDOTS.Statistics.StatisticsWriter:.ctor()
PolkaDOTS.Statistics.StatisticsWriterInstance:Awake()

Recorder [GhostSimulationSystemGroup] is invalid!
UnityEngine.DebugLogHandler:Internal_Log(LogType, LogOption, String, Object)
UnityEngine.DebugLogHandler:LogFormat(LogType, Object, String, Object[])
UnityEngine.Logger:Log(LogType, Object)
UnityEngine.Debug:LogWarning(Object)
PolkaDOTS.Statistics.StatisticsWriter:.ctor()
PolkaDOTS.Statistics.StatisticsWriterInstance:Awake()

Recorder [PredictedSimulationSystemGroup] is invalid!
UnityEngine.DebugLogHandler:Internal_Log(LogType, LogOption, String, Object)
UnityEngine.DebugLogHandler:LogFormat(LogType, Object, String, Object[])
UnityEngine.Logger:Log(LogType, Object)
UnityEngine.Debug:LogWarning(Object)
PolkaDOTS.Statistics.StatisticsWriter:.ctor()
PolkaDOTS.Statistics.StatisticsWriterInstance:Awake()

Initializing multiplay!
Found non-specified codec: VP8 Internal video/VP8 implementation_name=Internal
Found codec: VP9 Profile0
Found codec: VP9 Profile2
Found codec: VP9 Profile1
Found codec: VP9 Profile3
Found codec: AV1 Profile0
Found codec: AV1 Profile1
Could not find H264.High as streaming codec!
Adding terrain areas statistics recorders
Streamed scene with   34ms latency from /var/scratch/zmr280/opencraft/opencraft_Data/StreamingAssets/EntityScenes/bea83102298cfb741939cdba85abe535.0.entities
AutoLoading authoring scene in world ClientWorld
[23:28:12.3687100]:[ClientWorld] New connection ID:3
ERROR: Shader Custom/VoxelShader shader is not supported on this GPU (none of subshaders/fallbacks are suitable)
WARNING: Shader Unsupported: 'Hidden/Universal Render Pipeline/FallbackError' - All subshaders removed
WARNING: Shader Did you use #pragma only_renderers and omit this platform?
WARNING: Shader If subshaders removal was intentional, you may have forgotten turning Fallback off?
ERROR: Shader Hidden/Universal Render Pipeline/FallbackError shader is not supported on this GPU (none of subshaders/fallbacks are suitable)
WARNING: Shader Unsupported: 'Hidden/Universal Render Pipeline/FallbackError' - All subshaders removed
WARNING: Shader Did you use #pragma only_renderers and omit this platform?
WARNING: Shader If subshaders removal was intentional, you may have forgotten turning Fallback off?
WARNING: Shader Unsupported: 'Universal Render Pipeline/Lit' - All subshaders removed
WARNING: Shader Did you use #pragma only_renderers and omit this platform?
WARNING: Shader If subshaders removal was intentional, you may have forgotten turning Fallback off?
ERROR: Shader Universal Render Pipeline/Lit shader is not supported on this GPU (none of subshaders/fallbacks are suitable)
WARNING: Shader Unsupported: 'Universal Render Pipeline/Lit' - All subshaders removed
WARNING: Shader Did you use #pragma only_renderers and omit this platform?
WARNING: Shader If subshaders removal was intentional, you may have forgotten turning Fallback off?
WARNING: Shader Unsupported: 'Universal Render Pipeline/Unlit' - All subshaders removed
WARNING: Shader Did you use #pragma only_renderers and omit this platform?
WARNING: Shader If subshaders removal was intentional, you may have forgotten turning Fallback off?
ERROR: Shader Universal Render Pipeline/Unlit shader is not supported on this GPU (none of subshaders/fallbacks are suitable)
WARNING: Shader Unsupported: 'Universal Render Pipeline/Unlit' - All subshaders removed
WARNING: Shader Did you use #pragma only_renderers and omit this platform?
WARNING: Shader If subshaders removal was intentional, you may have forgotten turning Fallback off?
Streamed scene with   36ms latency from /var/scratch/zmr280/opencraft/opencraft_Data/StreamingAssets/EntityScenes/62561c7118c5bbb46929c6bf65331faa.0.entities
Sending start game stream RPC
Emulation type is Idle, Simulation
Creating local player object
Sending spawn player RPC for user 8
ERROR: Shader UI/Default shader is not supported on this GPU (none of subshaders/fallbacks are suitable)
Player 8 has no connection ID!
UnityEngine.DebugLogHandler:Internal_Log(LogType, LogOption, String, Object)
UnityEngine.DebugLogHandler:LogFormat(LogType, Object, String, Object[])
UnityEngine.Logger:Log(LogType, Object)
UnityEngine.Debug:LogWarning(Object)
Opencraft.Player.SamplePlayerInput:OnUpdate(SystemState&)
Opencraft.Player.SamplePlayerInput:__codegen__OnUpdate(IntPtr, IntPtr)

Linking player entity Entity(173:1) to 8@LOCALPLAYER
Player simulation searching for path from float3(0.5f, 42.1f, 0.5f) = int3(0, 42, 0) to int3(2, 42, -4)
Player simulation could not find a path from int3(0, 42, 0) to int3(2, 42, -4), will choose new target
Player simulation searching for path from float3(0.5f, 42.1f, 0.5f) = int3(0, 42, 0) to int3(15, 42, 12)
Player simulation could not find a path from int3(0, 42, 0) to int3(15, 42, 12), will choose new target
Player simulation searching for path from float3(0.5f, 42.1f, 0.5f) = int3(0, 42, 0) to int3(3, 42, -2)
Player simulation could not find a path from int3(0, 42, 0) to int3(3, 42, -2), will choose new target
    3: Could not find target at int3(0, 42, 0)
    4: Could not find target at int3(0, 42, 0)
    5: Could not find target at int3(0, 42, 0)
    6: Could not find target at int3(0, 42, 0)
Player simulation searching for path from float3(0.5f, 42.1f, 0.5f) = int3(0, 42, 0) to int3(0, 42, 4)
Player simulation could not find a path from int3(0, 42, 0) to int3(0, 42, 4), will choose new target
    8: Could not find target at int3(0, 42, 0)
ClientWorld player simulation could not find a path in 9 attempts, waiting to try again
Player simulation searching for path from float3(0.5f, 42.1f, 0.5f) = int3(0, 42, 0) to int3(2, 42, -4)
AStar halted as encountered unloaded blocks, retrying...
Player simulation could not find a path from int3(0, 42, 0) to int3(2, 42, -4), will choose new target
Player simulation searching for path from float3(0.5f, 42.1f, 0.5f) = int3(0, 42, 0) to int3(15, 42, 12)
AStar halted as encountered unloaded blocks, retrying...
Player simulation could not find a path from int3(0, 42, 0) to int3(15, 42, 12), will choose new target
Player simulation searching for path from float3(0.5f, 42.1f, 0.5f) = int3(0, 42, 0) to int3(3, 42, -2)
AStar halted as encountered unloaded blocks, retrying...
Player simulation could not find a path from int3(0, 42, 0) to int3(3, 42, -2), will choose new target
    3: Could not find target at int3(0, 42, 0)
    4: Could not find target at int3(0, 42, 0)
    5: Could not find target at int3(0, 42, 0)
    6: Could not find target at int3(0, 42, 0)
Player simulation searching for path from float3(0.5f, 42.1f, 0.5f) = int3(0, 42, 0) to int3(0, 42, 4)
AStar halted as encountered unloaded blocks, retrying...
Player simulation could not find a path from int3(0, 42, 0) to int3(0, 42, 4), will choose new target
    8: Could not find target at int3(0, 42, 0)
ClientWorld player simulation could not find a path in 9 attempts, waiting to try again
Player simulation searching for path from float3(0.5f, 42.1f, 0.5f) = int3(0, 42, 0) to int3(2, 42, -4)
ClientWorld player simulation set new target int3(2, 42, -4)
ClientWorld player simulation reached target int3(2, 42, -4)
Player simulation searching for path from float3(2.331396f, 42.1f, -3.46529f) = int3(2, 42, -4) to int3(-9, 42, 14)
ClientWorld player simulation set new target int3(-9, 42, 14)
ClientWorld player simulation reached target int3(-9, 42, 14)
Player simulation searching for path from float3(-8.316002f, 42.1f, 14.468f) = int3(-9, 42, 14) to int3(-8, 42, 8)
ClientWorld player simulation set new target int3(-8, 42, 8)
ClientWorld player simulation reached target int3(-8, 42, 8)
Player simulation searching for path from float3(-7.687001f, 42.1f, 8.473001f) = int3(-8, 42, 8) to int3(-14, 42, 1)
ClientWorld player simulation set new target int3(-14, 42, 1)
ClientWorld player simulation reached target int3(-14, 42, 1)
Player simulation searching for path from float3(-13.35171f, 42.1f, 1.504711f) = int3(-14, 42, 1) to int3(-14, 42, 11)
ClientWorld player simulation set new target int3(-14, 42, 11)
ClientWorld player simulation reached target int3(-14, 42, 11)
Player simulation searching for path from float3(-13.493f, 42.1f, 11.346f) = int3(-14, 42, 11) to int3(-7, 42, 11)
ClientWorld player simulation set new target int3(-7, 42, 11)
ClientWorld player simulation reached target int3(-7, 42, 11)
Player simulation searching for path from float3(-6.652f, 42.1f, 11.488f) = int3(-7, 42, 11) to int3(-14, 42, -10)
ClientWorld player simulation set new target int3(-14, 42, -10)
ClientWorld player simulation reached target int3(-14, 42, -10)
Player simulation searching for path from float3(-13.31f, 42.1f, -9.487f) = int3(-14, 42, -10) to int3(-2, 42, 7)
ClientWorld player simulation set new target int3(-2, 42, 7)
ClientWorld player simulation reached target int3(-2, 42, 7)
Player simulation searching for path from float3(-1.475f, 42.1f, 7.355f) = int3(-2, 42, 7) to int3(-14, 42, 8)
ClientWorld player simulation set new target int3(-14, 42, 8)
ClientWorld player simulation reached target int3(-14, 42, 8)
Player simulation searching for path from float3(-13.482f, 42.1f, 8.320423f) = int3(-14, 42, 8) to int3(5, 42, -5)
ClientWorld player simulation set new target int3(5, 42, -5)
ClientWorld player simulation reached target int3(5, 42, -5)
Player simulation searching for path from float3(5.316422f, 42.1f, -4.522f) = int3(5, 42, -5) to int3(13, 42, -15)
ClientWorld player simulation set new target int3(13, 42, -15)
ClientWorld player simulation reached target int3(13, 42, -15)
Player simulation searching for path from float3(13.33958f, 42.1f, -14.35942f) = int3(13, 42, -15) to int3(-9, 42, -9)
ClientWorld player simulation set new target int3(-9, 42, -9)
ClientWorld player simulation reached target int3(-9, 42, -9)
Player simulation searching for path from float3(-8.530001f, 42.1f, -8.613999f) = int3(-9, 42, -9) to int3(10, 42, 13)
ClientWorld player simulation set new target int3(10, 42, 13)
ClientWorld player simulation reached target int3(10, 42, 13)
Player simulation searching for path from float3(10.468f, 42.1f, 13.394f) = int3(10, 42, 13) to int3(3, 42, -9)
ClientWorld player simulation set new target int3(3, 42, -9)
ClientWorld player simulation reached target int3(3, 42, -9)
Player simulation searching for path from float3(3.479f, 42.1f, -8.371001f) = int3(3, 42, -9) to int3(-5, 42, 15)
ClientWorld player simulation set new target int3(-5, 42, 15)
ClientWorld player simulation reached target int3(-5, 42, 15)
Player simulation searching for path from float3(-4.509711f, 42.1f, 15.33513f) = int3(-5, 42, 15) to int3(-7, 42, -10)
ClientWorld player simulation set new target int3(-7, 42, -10)
ClientWorld player simulation reached target int3(-7, 42, -10)
Player simulation searching for path from float3(-6.39329f, 42.1f, -9.310134f) = int3(-7, 42, -10) to int3(5, 42, 8)
ClientWorld player simulation set new target int3(5, 42, 8)
ClientWorld player simulation reached target int3(5, 42, 8)
Player simulation searching for path from float3(5.524711f, 42.1f, 8.339712f) = int3(5, 42, 8) to int3(12, 42, 8)
ClientWorld player simulation set new target int3(12, 42, 8)
ClientWorld player simulation reached target int3(12, 42, 8)
Player simulation searching for path from float3(12.307f, 42.1f, 8.481f) = int3(12, 42, 8) to int3(3, 42, -4)
ClientWorld player simulation set new target int3(3, 42, -4)
ClientWorld player simulation reached target int3(3, 42, -4)
Player simulation searching for path from float3(3.691f, 42.1f, -3.483f) = int3(3, 42, -4) to int3(5, 42, 4)
ClientWorld player simulation set new target int3(5, 42, 4)
ClientWorld player simulation reached target int3(5, 42, 4)
Player simulation searching for path from float3(5.503f, 42.1f, 4.312f) = int3(5, 42, 4) to int3(-7, 42, -12)
ClientWorld player simulation set new target int3(-7, 42, -12)
ClientWorld player simulation reached target int3(-7, 42, -12)
Player simulation searching for path from float3(-6.307711f, 42.1f, -11.45829f) = int3(-7, 42, -12) to int3(0, 42, -5)
ClientWorld player simulation set new target int3(0, 42, -5)
ClientWorld player simulation reached target int3(0, 42, -5)
Player simulation searching for path from float3(0.479f, 42.1f, -4.688001f) = int3(0, 42, -5) to int3(-2, 42, 8)
ClientWorld player simulation set new target int3(-2, 42, 8)
ClientWorld player simulation reached target int3(-2, 42, 8)
Player simulation searching for path from float3(-1.357f, 42.1f, 8.507f) = int3(-2, 42, 8) to int3(4, 42, 3)
ClientWorld player simulation set new target int3(4, 42, 3)
ClientWorld player simulation reached target int3(4, 42, 3)
Player simulation searching for path from float3(4.493f, 42.1f, 3.690001f) = int3(4, 42, 3) to int3(2, 42, 2)
ClientWorld player simulation set new target int3(2, 42, 2)
ClientWorld player simulation reached target int3(2, 42, 2)
Player simulation searching for path from float3(2.633f, 42.1f, 2.513f) = int3(2, 42, 2) to int3(-2, 42, -10)
ClientWorld player simulation set new target int3(-2, 42, -10)
ClientWorld player simulation reached target int3(-2, 42, -10)
Player simulation searching for path from float3(-1.330421f, 42.1f, -9.508423f) = int3(-2, 42, -10) to int3(2, 42, 12)
ClientWorld player simulation set new target int3(2, 42, 12)
ClientWorld player simulation reached target int3(2, 42, 12)
Player simulation searching for path from float3(2.484f, 42.1f, 12.347f) = int3(2, 42, 12) to int3(-9, 42, -14)
ClientWorld player simulation set new target int3(-9, 42, -14)
ClientWorld player simulation reached target int3(-9, 42, -14)
Player simulation searching for path from float3(-8.463289f, 42.1f, -13.30113f) = int3(-9, 42, -14) to int3(-14, 42, -13)
ClientWorld player simulation set new target int3(-14, 42, -13)
ClientWorld player simulation reached target int3(-14, 42, -13)
Player simulation searching for path from float3(-13.483f, 42.1f, -12.672f) = int3(-14, 42, -13) to int3(0, 42, 11)
ClientWorld player simulation set new target int3(0, 42, 11)
ClientWorld player simulation reached target int3(0, 42, 11)
Player simulation searching for path from float3(0.518f, 42.1f, 11.36642f) = int3(0, 42, 11) to int3(-4, 42, 5)
ClientWorld player simulation set new target int3(-4, 42, 5)
ClientWorld player simulation reached target int3(-4, 42, 5)
Player simulation searching for path from float3(-3.594132f, 42.1f, 5.647868f) = int3(-4, 42, 5) to int3(-2, 42, -9)
ClientWorld player simulation set new target int3(-2, 42, -9)
ClientWorld player simulation reached target int3(-2, 42, -9)
Player simulation searching for path from float3(-1.48f, 42.1f, -8.342002f) = int3(-2, 42, -9) to int3(-4, 42, -13)
ClientWorld player simulation set new target int3(-4, 42, -13)
ClientWorld player simulation reached target int3(-4, 42, -13)
Player simulation searching for path from float3(-3.552422f, 42.1f, -12.31542f) = int3(-4, 42, -13) to int3(1, 42, 13)
ClientWorld player simulation set new target int3(1, 42, 13)
ClientWorld player simulation reached target int3(1, 42, 13)
Player simulation searching for path from float3(1.347f, 42.1f, 13.494f) = int3(1, 42, 13) to int3(-3, 42, 1)
ClientWorld player simulation set new target int3(-3, 42, 1)
ClientWorld player simulation reached target int3(-3, 42, 1)
Player simulation searching for path from float3(-2.321132f, 42.1f, 1.463289f) = int3(-3, 42, 1) to int3(11, 42, -11)
ClientWorld player simulation set new target int3(11, 42, -11)
ClientWorld player simulation reached target int3(11, 42, -11)
Player simulation searching for path from float3(11.38371f, 42.1f, -10.52271f) = int3(11, 42, -11) to int3(-14, 42, 9)
ClientWorld player simulation set new target int3(-14, 42, 9)
[23:30:16.3679150]:[ClientWorld] Connection disconnected ID:3 Reason:ClosedByRemote
Caught fatal signal - signo:15 code:0 errno:0 addr:0x150200058ed5
Obtained 23 stack frames.
#0  0x007fdcf9c049c9 in PlayerMain(int, char**)
#1  0x007fdcf9bf94b7 in (Unknown)
#2  0x007fdcf7961c20 in funlockfile
#3  0x007fdc1e08176d in ChangeVersionUtility_IncrementGlobalSystemVersion_m96983DC77DA5667F49FB0667DB5165AD07617551
#4  0x007fdc1e2300f7 in EntityComponentStore_IncrementGlobalSystemVersion_m2B94102B768BFDB2EF43065ECC55E413D91D845F
#5  0x007fdc1e2fb5ce in SystemState_AfterUpdateVersioning_m94AB14EBBB935D0C93199CC3D22C883A2A8E6079
#6  0x007fdc1e2fb83e in SystemState_AfterOnUpdate_m6388A454E16C76647E76BCD1C724F26614CD18F5
#7  0x007fdc1e2f643a in SystemBase_Update_m795994EE60C054DFA78C313A60ED025B2668C9B4
#8  0x007fdc1e094758 in ComponentSystemGroup_UpdateAllSystems_m78B1AA9EAF07133497E9BA556B592AC93935441C
#9  0x007fdc1e0944cb in ComponentSystemGroup_OnUpdate_m83128938DF97469E0D1CB883E5C9000C0C2DA9A7
#10 0x007fdc1e2f642f in SystemBase_Update_m795994EE60C054DFA78C313A60ED025B2668C9B4
#11 0x007fdc1e2e47c6 in DummyDelegateWrapper_TriggerUpdate_m2C37F16899DE9C87FE35B065E0FF7E410E463FE7
#12 0x007fdc1effb1a0 in UpdateFunction_Invoke_m9BCEE4E5BEE924EB804DA64314B78D0E831C179B
#13 0x007fdc19e88073 in il2cpp::vm::Runtime::InvokeWithThrow(MethodInfo const*, void*, void**)
#14 0x007fdc19e87fdb in il2cpp::vm::Runtime::Invoke(MethodInfo const*, void*, void**, Il2CppException**)
#15 0x007fdcf9b3df0b in (Unknown)
#16 0x007fdcf9b48cd7 in (Unknown)
#17 0x007fdcf967c2e8 in (Unknown)
#18 0x007fdcf967c201 in (Unknown)
#19 0x007fdcf967c570 in (Unknown)
#20 0x007fdcf9bfb077 in PlayerMain(int, char**)
#21 0x007fdcf75ad493 in __libc_start_main
#22 0x00000000201029 in _start
Setting up 12 worker threads for Enlighten.
Calling DomainUnloadOrPlayModeChangeShutdown!
Writing stats to file
Caught fatal signal - signo:11 code:1 errno:0 addr:0x48
Obtained 25 stack frames.
#0  0x007fdcf9c049c9 in PlayerMain(int, char**)
#1  0x007fdcf9bf94b7 in (Unknown)
#2  0x007fdcf7961c20 in funlockfile
#3  0x007fdcf95bcff3 in (Unknown)
#4  0x007fdcf95bd671 in (Unknown)
#5  0x007fdcf959de7a in (Unknown)
#6  0x007fdcf9f9942e in PlayerMain(int, char**)
#7  0x007fdcf8f4b426 in (Unknown)
#8  0x007fdc1ef6d320 in ContentLoadInterface_ContentFile_UnloadAsync_Injected_mBD2F1D561285B0DE37DCDA4DEA75931201B5E680
#9  0x007fdc1ef6c78f in ContentLoadInterface_ContentFile_UnloadAsync_m197A3C60564D4E9F9049BAD57B46FB404A8F17BD
#10 0x007fdc1ef6c635 in ContentFile_UnloadAsync_mF35518E83FCF4C1701AF2C6CEBF7E507490481D6
#11 0x007fdc1e1e456a in RuntimeContentManager_ReleaseFile_m12EDB377B39EF4D01B3268E711303D79747A4F4C
#12 0x007fdc1e1e245c in RuntimeContentManager_ReleaseObjectImpl_m84E24B7727CAA367D95ABC97FC529A5594840414
#13 0x007fdc1e1e0ae8 in RuntimeContentManager_Cleanup_m6436DF58ED05204D0A7DFACFB212018BD6B813FD
#14 0x007fdc1e1e1f38 in RuntimeContentManager_OnShutdown_m09B1F0AD37BE7168472DDB84F55C43F02CD40113
#15 0x007fdc19cdde76 in EventHandler_Invoke_m9D3126CBE291A3E7E7C304094E1DA846832F9B96_Multicast(EventHandler_tC6323FD7E6163F965259C33D72612C0E5B9BAB82*, Il2CppObject*, EventArgs_t37273F03EAC87217701DD431B190FBD84AD7C377*, MethodInfo const*)
#16 0x007fdc1d64f7b0 in EventHandler_Invoke_m9D3126CBE291A3E7E7C304094E1DA846832F9B96
#17 0x007fdc19e88073 in il2cpp::vm::Runtime::InvokeWithThrow(MethodInfo const*, void*, void**)
#18 0x007fdc19e87fdb in il2cpp::vm::Runtime::Invoke(MethodInfo const*, void*, void**, Il2CppException**)
#19 0x007fdc19e87b1c in il2cpp::vm::Runtime::Shutdown()
#20 0x007fdcf9b52f56 in (Unknown)
#21 0x007fdcf968e658 in (Unknown)
#22 0x007fdcf9bfaee6 in PlayerMain(int, char**)
#23 0x007fdcf75ad493 in __libc_start_main
#24 0x00000000201029 in _start
