[UnityMemory] Configuration Parameters - Can be set up in boot.config
    "memorysetup-bucket-allocator-granularity=16"
    "memorysetup-bucket-allocator-bucket-count=8"
    "memorysetup-bucket-allocator-block-size=4194304"
    "memorysetup-bucket-allocator-block-count=1"
    "memorysetup-main-allocator-block-size=16777216"
    "memorysetup-thread-allocator-block-size=16777216"
    "memorysetup-gfx-main-allocator-block-size=16777216"
    "memorysetup-gfx-thread-allocator-block-size=16777216"
    "memorysetup-cache-allocator-block-size=4194304"
    "memorysetup-typetree-allocator-block-size=2097152"
    "memorysetup-profiler-bucket-allocator-granularity=16"
    "memorysetup-profiler-bucket-allocator-bucket-count=8"
    "memorysetup-profiler-bucket-allocator-block-size=4194304"
    "memorysetup-profiler-bucket-allocator-block-count=1"
    "memorysetup-profiler-allocator-block-size=16777216"
    "memorysetup-profiler-editor-allocator-block-size=1048576"
    "memorysetup-temp-allocator-size-main=4194304"
    "memorysetup-job-temp-allocator-block-size=2097152"
    "memorysetup-job-temp-allocator-block-size-background=1048576"
    "memorysetup-job-temp-allocator-reduction-small-platforms=262144"
    "memorysetup-allocator-temp-initial-block-size-main=262144"
    "memorysetup-allocator-temp-initial-block-size-worker=262144"
    "memorysetup-temp-allocator-size-background-worker=32768"
    "memorysetup-temp-allocator-size-job-worker=262144"
    "memorysetup-temp-allocator-size-preload-manager=262144"
    "memorysetup-temp-allocator-size-nav-mesh-worker=65536"
    "memorysetup-temp-allocator-size-audio-worker=65536"
    "memorysetup-temp-allocator-size-cloud-worker=32768"
    "memorysetup-temp-allocator-size-gfx=262144"
Remaining time:29s
Found 2 interfaces on host : 0) 10.141.0.1 1) 10.149.0.1
Player connection [139714219990912] Multi-casting "[IP] 10.141.0.1 [Port] 55000 [Flags] 19 [Guid] 2862186891 [EditorId] 3765082745 [Version] 1048832 [Id] LinuxPlayer(13,10.141.0.1) [Debug] 0 [PackageName] LinuxPlayer [ProjectName] Opencraft" to [225.0.0.222:54997]...

Direct connection to host time out.
Stopping profiler. Profiler is not able to flush data to a file or socket and exceeded maximum allowed memory for buffering.
Please use Profiler.maxUsedMemory API or -profiler-maxusedmemory command line parameter to increase maximum allowed memory usage.
Using 134234112 bytes while Profiler.maxUsedMemory is 134217728 bytes.
Failed to initialize networking layer after 30 seconds, skipping waiting for connection before starting playback.
Preloaded 'lib_burst_generated.so'
Preloaded 'libwebrtc.so'
[Physics::Module] Initialized MultithreadedJobDispatcher with 47 workers.
Initialize engine version: 2022.3.16f1 (d2c21f0ef2f1)
[Subsystems] Discovering subsystems at path /var/scratch/zmr280/opencraft/opencraft_Data/UnitySubsystems
Forcing GfxDevice: Null
GfxDevice: creating device client; threaded=0; jobified=0
NullGfxDevice:
    Version:  NULL 1.0 [1.0]
    Renderer: Null Device
    Vendor:   Unity Technologies
ERROR: Shader Hidden/Universal Render Pipeline/Blit shader is not supported on this GPU (none of subshaders/fallbacks are suitable)
ERROR: Shader Hidden/Universal Render Pipeline/CopyDepth shader is not supported on this GPU (none of subshaders/fallbacks are suitable)
ERROR: Shader Hidden/Universal Render Pipeline/Sampling shader is not supported on this GPU (none of subshaders/fallbacks are suitable)
ERROR: Shader Hidden/Universal Render Pipeline/LutBuilderLdr shader is not supported on this GPU (none of subshaders/fallbacks are suitable)
ERROR: Shader Hidden/Universal Render Pipeline/LutBuilderHdr shader is not supported on this GPU (none of subshaders/fallbacks are suitable)
ERROR: Shader Hidden/Universal Render Pipeline/UberPost shader is not supported on this GPU (none of subshaders/fallbacks are suitable)
ERROR: Shader Hidden/Universal Render Pipeline/Debug/DebugReplacement shader is not supported on this GPU (none of subshaders/fallbacks are suitable)
ERROR: Shader Hidden/Universal/HDRDebugView shader is not supported on this GPU (none of subshaders/fallbacks are suitable)
WARNING: Shader Unsupported: 'Hidden/Universal Render Pipeline/FallbackError' - All subshaders removed
WARNING: Shader Did you use #pragma only_renderers and omit this platform?
WARNING: Shader If subshaders removal was intentional, you may have forgotten turning Fallback off?
ERROR: Shader Hidden/Universal Render Pipeline/FallbackError shader is not supported on this GPU (none of subshaders/fallbacks are suitable)
WARNING: Shader Unsupported: 'Hidden/Universal Render Pipeline/FallbackError' - All subshaders removed
WARNING: Shader Did you use #pragma only_renderers and omit this platform?
WARNING: Shader If subshaders removal was intentional, you may have forgotten turning Fallback off?
WARNING: Shader Unsupported: 'Hidden/Universal Render Pipeline/StencilDeferred' - All subshaders removed
WARNING: Shader Did you use #pragma only_renderers and omit this platform?
WARNING: Shader If subshaders removal was intentional, you may have forgotten turning Fallback off?
ERROR: Shader Hidden/Universal Render Pipeline/StencilDeferred shader is not supported on this GPU (none of subshaders/fallbacks are suitable)
WARNING: Shader Unsupported: 'Hidden/Universal Render Pipeline/StencilDeferred' - All subshaders removed
WARNING: Shader Did you use #pragma only_renderers and omit this platform?
WARNING: Shader If subshaders removal was intentional, you may have forgotten turning Fallback off?
ERROR: Shader Hidden/Universal Render Pipeline/CameraMotionVectors shader is not supported on this GPU (none of subshaders/fallbacks are suitable)
ERROR: Shader Hidden/Universal Render Pipeline/ObjectMotionVectors shader is not supported on this GPU (none of subshaders/fallbacks are suitable)
ERROR: Shader Hidden/Universal Render Pipeline/LensFlareDataDriven shader is not supported on this GPU (none of subshaders/fallbacks are suitable)
ERROR: Shader Hidden/Universal Render Pipeline/ScreenSpaceAmbientOcclusion shader is not supported on this GPU (none of subshaders/fallbacks are suitable)
ERROR: Shader Hidden/Universal Render Pipeline/Stop NaN shader is not supported on this GPU (none of subshaders/fallbacks are suitable)
ERROR: Shader Hidden/Universal Render Pipeline/SubpixelMorphologicalAntialiasing shader is not supported on this GPU (none of subshaders/fallbacks are suitable)
ERROR: Shader Hidden/Universal Render Pipeline/TemporalAA shader is not supported on this GPU (none of subshaders/fallbacks are suitable)
ERROR: Shader Hidden/Universal Render Pipeline/Scaling Setup shader is not supported on this GPU (none of subshaders/fallbacks are suitable)
ERROR: Shader Hidden/Universal Render Pipeline/Edge Adaptive Spatial Upsampling shader is not supported on this GPU (none of subshaders/fallbacks are suitable)
ERROR: Shader Hidden/Universal Render Pipeline/FinalPost shader is not supported on this GPU (none of subshaders/fallbacks are suitable)
ERROR: Shader Sprites/Default shader is not supported on this GPU (none of subshaders/fallbacks are suitable)
ERROR: Shader Sprites/Mask shader is not supported on this GPU (none of subshaders/fallbacks are suitable)
ERROR: Shader GUI/Text Shader shader is not supported on this GPU (none of subshaders/fallbacks are suitable)
UnloadTime: 0.834074 ms
Parsing args: /var/scratch/zmr280/opencraft/opencraft.x86_64, -batchmode, -nographics, -logStats, True, -terrainType, Empty, -statsFile, /var/scratch/zmr280/runs/players_Empty_0x_0z_90p_120s/opencraft_stats/server.csv, -circuitX, 0, -circuitZ, 0, -playType, Server
Setting up worlds with playType Server and streaming role Disabled
Connecting worlds with playType Server and streaming role Disabled
Created listen request for 0.0.0.0:7979
Creating statistics writer!
Recorder [GhostSimulationSystemGroup] is invalid!
UnityEngine.DebugLogHandler:Internal_Log(LogType, LogOption, String, Object)
UnityEngine.DebugLogHandler:LogFormat(LogType, Object, String, Object[])
UnityEngine.Logger:Log(LogType, Object)
UnityEngine.Debug:LogWarning(Object)
PolkaDOTS.Statistics.StatisticsWriter:.ctor()
PolkaDOTS.Statistics.StatisticsWriterInstance:Awake()

Recorder [PredictedSimulationSystemGroup] is invalid!
UnityEngine.DebugLogHandler:Internal_Log(LogType, LogOption, String, Object)
UnityEngine.DebugLogHandler:LogFormat(LogType, Object, String, Object[])
UnityEngine.Logger:Log(LogType, Object)
UnityEngine.Debug:LogWarning(Object)
PolkaDOTS.Statistics.StatisticsWriter:.ctor()
PolkaDOTS.Statistics.StatisticsWriterInstance:Awake()

Initializing multiplay!
Found non-specified codec: VP8 Internal video/VP8 implementation_name=Internal
Found codec: VP9 Profile0
Found codec: VP9 Profile2
Found codec: VP9 Profile1
Found codec: VP9 Profile3
Found codec: AV1 Profile0
Found codec: AV1 Profile1
Could not find H264.High as streaming codec!
Adding terrain areas statistics recorders
Streamed scene with   34ms latency from /var/scratch/zmr280/opencraft/opencraft_Data/StreamingAssets/EntityScenes/bea83102298cfb741939cdba85abe535.0.entities
AutoLoading authoring scene in world ServerWorld
ERROR: Shader Custom/VoxelShader shader is not supported on this GPU (none of subshaders/fallbacks are suitable)
WARNING: Shader Unsupported: 'Hidden/Universal Render Pipeline/FallbackError' - All subshaders removed
WARNING: Shader Did you use #pragma only_renderers and omit this platform?
WARNING: Shader If subshaders removal was intentional, you may have forgotten turning Fallback off?
ERROR: Shader Hidden/Universal Render Pipeline/FallbackError shader is not supported on this GPU (none of subshaders/fallbacks are suitable)
WARNING: Shader Unsupported: 'Hidden/Universal Render Pipeline/FallbackError' - All subshaders removed
WARNING: Shader Did you use #pragma only_renderers and omit this platform?
WARNING: Shader If subshaders removal was intentional, you may have forgotten turning Fallback off?
WARNING: Shader Unsupported: 'Universal Render Pipeline/Lit' - All subshaders removed
WARNING: Shader Did you use #pragma only_renderers and omit this platform?
WARNING: Shader If subshaders removal was intentional, you may have forgotten turning Fallback off?
ERROR: Shader Universal Render Pipeline/Lit shader is not supported on this GPU (none of subshaders/fallbacks are suitable)
WARNING: Shader Unsupported: 'Universal Render Pipeline/Lit' - All subshaders removed
WARNING: Shader Did you use #pragma only_renderers and omit this platform?
WARNING: Shader If subshaders removal was intentional, you may have forgotten turning Fallback off?
WARNING: Shader Unsupported: 'Universal Render Pipeline/Unlit' - All subshaders removed
WARNING: Shader Did you use #pragma only_renderers and omit this platform?
WARNING: Shader If subshaders removal was intentional, you may have forgotten turning Fallback off?
ERROR: Shader Universal Render Pipeline/Unlit shader is not supported on this GPU (none of subshaders/fallbacks are suitable)
WARNING: Shader Unsupported: 'Universal Render Pipeline/Unlit' - All subshaders removed
WARNING: Shader Did you use #pragma only_renderers and omit this platform?
WARNING: Shader If subshaders removal was intentional, you may have forgotten turning Fallback off?
Streamed scene with   38ms latency from /var/scratch/zmr280/opencraft/opencraft_Data/StreamingAssets/EntityScenes/62561c7118c5bbb46929c6bf65331faa.0.entities
Setting player spawn to 0, 3, 0
[01:01:39.6708880]:[ServerWorld] New connection ID:1
[01:01:39.6708880]:[ServerWorld] New connection ID:2
[01:01:39.7169110]:[ServerWorld] New connection ID:3
[01:01:39.7353460]:[ServerWorld] New connection ID:6
[01:01:39.7353460]:[ServerWorld] New connection ID:4
[01:01:39.7353460]:[ServerWorld] New connection ID:5
[01:01:39.7534810]:[ServerWorld] New connection ID:8
[01:01:39.7534810]:[ServerWorld] New connection ID:7
Starting game stream on connection 1!
Starting game stream on connection 2!
'Spawning a Ghost '' for user '1' on connection '1'!
'Spawning a Ghost '' for user '4' on connection '2'!
[01:01:39.7677260]:[ServerWorld] Connection disconnected ID:0 Reason:ConnectionClose
[01:01:39.7677260]:[ServerWorld] Connection disconnected ID:0 Reason:ConnectionClose
Starting game stream on connection 3!
Starting game stream on connection 5!
Starting game stream on connection 4!
'Spawning a Ghost '' for user '5' on connection '5'!
'Spawning a Ghost '' for user '2' on connection '3'!
[01:01:39.8187170]:[ServerWorld] Connection disconnected ID:0 Reason:ConnectionClose
[01:01:39.8187170]:[ServerWorld] Connection disconnected ID:0 Reason:ConnectionClose
Starting game stream on connection 6!
Starting game stream on connection 7!
'Spawning a Ghost '' for user '7' on connection '6'!
'Spawning a Ghost '' for user '9' on connection '7'!
'Spawning a Ghost '' for user '10' on connection '4'!
[01:01:39.8325960]:[ServerWorld] Connection disconnected ID:0 Reason:ConnectionClose
[01:01:39.8325960]:[ServerWorld] Connection disconnected ID:0 Reason:ConnectionClose
[01:01:39.8325960]:[ServerWorld] Connection disconnected ID:0 Reason:ConnectionClose
Starting game stream on connection 8!
'Spawning a Ghost '' for user '8' on connection '8'!
[01:01:39.8502880]:[ServerWorld] Connection disconnected ID:0 Reason:ConnectionClose
[01:01:39.9025190]:[ServerWorld] New connection ID:9
Starting game stream on connection 9!
'Spawning a Ghost '' for user '6' on connection '9'!
[01:01:40.0329680]:[ServerWorld] Connection disconnected ID:0 Reason:ConnectionClose
[01:01:40.1851420]:[ServerWorld] New connection ID:10
Starting game stream on connection 10!
'Spawning a Ghost '' for user '3' on connection '10'!
[01:01:40.3170100]:[ServerWorld] Connection disconnected ID:0 Reason:ConnectionClose
[01:01:42.7182130]:[ServerWorld] New connection ID:11
[01:01:42.7362030]:[ServerWorld] New connection ID:12
[01:01:42.7838160]:[ServerWorld] New connection ID:13
Starting game stream on connection 11!
'Spawning a Ghost '' for user '12' on connection '11'!
[01:01:42.8160000]:[ServerWorld] Connection disconnected ID:0 Reason:ConnectionClose
Starting game stream on connection 12!
'Spawning a Ghost '' for user '20' on connection '12'!
[01:01:42.8350580]:[ServerWorld] New connection ID:14
[01:01:42.8350580]:[ServerWorld] New connection ID:15
[01:01:42.8350580]:[ServerWorld] Connection disconnected ID:0 Reason:ConnectionClose
[01:01:42.8512100]:[ServerWorld] New connection ID:16
[01:01:42.8697810]:[ServerWorld] New connection ID:17
Starting game stream on connection 13!
'Spawning a Ghost '' for user '17' on connection '13'!
[01:01:42.8845510]:[ServerWorld] Connection disconnected ID:0 Reason:ConnectionClose
[01:01:42.8984450]:[ServerWorld] New connection ID:18
Starting game stream on connection 14!
'Spawning a Ghost '' for user '15' on connection '14'!
[01:01:42.9329130]:[ServerWorld] Connection disconnected ID:0 Reason:ConnectionClose
Starting game stream on connection 15!
'Spawning a Ghost '' for user '16' on connection '15'!
[01:01:42.9510440]:[ServerWorld] Connection disconnected ID:0 Reason:ConnectionClose
Starting game stream on connection 16!
Starting game stream on connection 17!
'Spawning a Ghost '' for user '18' on connection '17'!
[01:01:42.9703530]:[ServerWorld] Connection disconnected ID:0 Reason:ConnectionClose
'Spawning a Ghost '' for user '19' on connection '16'!
[01:01:42.9837270]:[ServerWorld] Connection disconnected ID:0 Reason:ConnectionClose
Starting game stream on connection 18!
'Spawning a Ghost '' for user '14' on connection '18'!
[01:01:43.0162280]:[ServerWorld] Connection disconnected ID:0 Reason:ConnectionClose
[01:01:43.1039940]:[ServerWorld] New connection ID:19
[01:01:43.1654600]:[ServerWorld] New connection ID:20
Starting game stream on connection 19!
'Spawning a Ghost '' for user '11' on connection '19'!
[01:01:43.2325710]:[ServerWorld] Connection disconnected ID:0 Reason:ConnectionClose
Starting game stream on connection 20!
'Spawning a Ghost '' for user '13' on connection '20'!
[01:01:43.3016780]:[ServerWorld] Connection disconnected ID:0 Reason:ConnectionClose
[01:01:45.7180550]:[ServerWorld] New connection ID:21
Starting game stream on connection 21!
'Spawning a Ghost '' for user '24' on connection '21'!
[01:01:45.8362120]:[ServerWorld] Connection disconnected ID:0 Reason:ConnectionClose
[01:01:45.9677770]:[ServerWorld] New connection ID:22
[01:01:45.9877570]:[ServerWorld] New connection ID:23
[01:01:46.0052150]:[ServerWorld] New connection ID:25
[01:01:46.0052150]:[ServerWorld] New connection ID:24
[01:01:46.0186400]:[ServerWorld] New connection ID:26
[01:01:46.0535680]:[ServerWorld] New connection ID:27
Starting game stream on connection 22!
'Spawning a Ghost '' for user '21' on connection '22'!
[01:01:46.0829850]:[ServerWorld] Connection disconnected ID:0 Reason:ConnectionClose
Starting game stream on connection 23!
'Spawning a Ghost '' for user '26' on connection '23'!
[01:01:46.1028590]:[ServerWorld] New connection ID:28
[01:01:46.1028590]:[ServerWorld] Connection disconnected ID:0 Reason:ConnectionClose
Starting game stream on connection 25!
Starting game stream on connection 24!
'Spawning a Ghost '' for user '27' on connection '25'!
'Spawning a Ghost '' for user '30' on connection '24'!
[01:01:46.1173380]:[ServerWorld] Connection disconnected ID:0 Reason:ConnectionClose
[01:01:46.1173380]:[ServerWorld] Connection disconnected ID:0 Reason:ConnectionClose
Starting game stream on connection 26!
'Spawning a Ghost '' for user '23' on connection '26'!
[01:01:46.1339230]:[ServerWorld] New connection ID:29
[01:01:46.1339230]:[ServerWorld] Connection disconnected ID:0 Reason:ConnectionClose
Starting game stream on connection 27!
[01:01:46.1677630]:[ServerWorld] New connection ID:30
'Spawning a Ghost '' for user '28' on connection '27'!
[01:01:46.1830090]:[ServerWorld] Connection disconnected ID:0 Reason:ConnectionClose
Starting game stream on connection 28!
'Spawning a Ghost '' for user '25' on connection '28'!
[01:01:46.2184810]:[ServerWorld] Connection disconnected ID:0 Reason:ConnectionClose
Starting game stream on connection 29!
'Spawning a Ghost '' for user '22' on connection '29'!
[01:01:46.2527500]:[ServerWorld] Connection disconnected ID:0 Reason:ConnectionClose
Starting game stream on connection 30!
'Spawning a Ghost '' for user '29' on connection '30'!
[01:01:46.2833120]:[ServerWorld] Connection disconnected ID:0 Reason:ConnectionClose
[01:01:48.8376700]:[ServerWorld] New connection ID:31
[01:01:48.8516340]:[ServerWorld] New connection ID:32
Starting game stream on connection 31!
'Spawning a Ghost '' for user '35' on connection '31'!
[01:01:48.9371850]:[ServerWorld] Connection disconnected ID:0 Reason:ConnectionClose
Starting game stream on connection 32!
'Spawning a Ghost '' for user '31' on connection '32'!
[01:01:48.9673960]:[ServerWorld] Connection disconnected ID:0 Reason:ConnectionClose
[01:01:48.9875490]:[ServerWorld] New connection ID:33
[01:01:49.0225420]:[ServerWorld] New connection ID:34
[01:01:49.0369280]:[ServerWorld] New connection ID:35
Starting game stream on connection 33!
'Spawning a Ghost '' for user '38' on connection '33'!
[01:01:49.1205960]:[ServerWorld] Connection disconnected ID:0 Reason:ConnectionClose
Starting game stream on connection 35!
'Spawning a Ghost '' for user '40' on connection '35'!
[01:01:49.1507250]:[ServerWorld] New connection ID:36
[01:01:49.1507250]:[ServerWorld] Connection disconnected ID:0 Reason:ConnectionClose
[01:01:49.1668350]:[ServerWorld] New connection ID:37
Starting game stream on connection 34!
'Spawning a Ghost '' for user '34' on connection '34'!
[01:01:49.2027340]:[ServerWorld] New connection ID:38
[01:01:49.2027340]:[ServerWorld] Connection disconnected ID:0 Reason:ConnectionClose
Starting game stream on connection 36!
'Spawning a Ghost '' for user '37' on connection '36'!
[01:01:49.2684770]:[ServerWorld] Connection disconnected ID:0 Reason:ConnectionClose
Starting game stream on connection 37!
Starting game stream on connection 38!
'Spawning a Ghost '' for user '39' on connection '37'!
'Spawning a Ghost '' for user '32' on connection '38'!
[01:01:49.2993580]:[ServerWorld] New connection ID:39
[01:01:49.2993580]:[ServerWorld] Connection disconnected ID:0 Reason:ConnectionClose
[01:01:49.2993580]:[ServerWorld] Connection disconnected ID:0 Reason:ConnectionClose
[01:01:49.3204540]:[ServerWorld] New connection ID:40
Starting game stream on connection 39!
Starting game stream on connection 40!
'Spawning a Ghost '' for user '33' on connection '39'!
'Spawning a Ghost '' for user '36' on connection '40'!
[01:01:49.4181240]:[ServerWorld] Connection disconnected ID:0 Reason:ConnectionClose
[01:01:49.4181240]:[ServerWorld] Connection disconnected ID:0 Reason:ConnectionClose
[01:01:51.6508840]:[ServerWorld] New connection ID:41
Starting game stream on connection 41!
'Spawning a Ghost '' for user '41' on connection '41'!
[01:01:51.7514010]:[ServerWorld] Connection disconnected ID:0 Reason:ConnectionClose
[01:01:51.8191170]:[ServerWorld] New connection ID:42
[01:01:51.8497950]:[ServerWorld] New connection ID:43
[01:01:51.8663570]:[ServerWorld] New connection ID:44
[01:01:51.8823730]:[ServerWorld] New connection ID:45
[01:01:51.8985450]:[ServerWorld] New connection ID:46
Starting game stream on connection 42!
[01:01:51.9182800]:[ServerWorld] New connection ID:47
'Spawning a Ghost '' for user '44' on connection '42'!
[01:01:51.9341240]:[ServerWorld] Connection disconnected ID:0 Reason:ConnectionClose
Starting game stream on connection 43!
Starting game stream on connection 44!
'Spawning a Ghost '' for user '45' on connection '44'!
'Spawning a Ghost '' for user '49' on connection '43'!
[01:01:51.9662730]:[ServerWorld] Connection disconnected ID:0 Reason:ConnectionClose
[01:01:51.9662730]:[ServerWorld] Connection disconnected ID:0 Reason:ConnectionClose
Starting game stream on connection 45!
'Spawning a Ghost '' for user '47' on connection '45'!
[01:01:51.9826420]:[ServerWorld] Connection disconnected ID:0 Reason:ConnectionClose
Starting game stream on connection 46!
'Spawning a Ghost '' for user '43' on connection '46'!
[01:01:52.0039930]:[ServerWorld] Connection disconnected ID:0 Reason:ConnectionClose
Starting game stream on connection 47!
'Spawning a Ghost '' for user '46' on connection '47'!
[01:01:52.0319680]:[ServerWorld] Connection disconnected ID:0 Reason:ConnectionClose
[01:01:52.0493720]:[ServerWorld] New connection ID:48
[01:01:52.0829930]:[ServerWorld] New connection ID:49
[01:01:52.0829930]:[ServerWorld] New connection ID:50
Starting game stream on connection 48!
'Spawning a Ghost '' for user '42' on connection '48'!
[01:01:52.1498100]:[ServerWorld] Connection disconnected ID:0 Reason:ConnectionClose
Starting game stream on connection 50!
Starting game stream on connection 49!
'Spawning a Ghost '' for user '50' on connection '49'!
'Spawning a Ghost '' for user '48' on connection '50'!
[01:01:52.1826650]:[ServerWorld] Connection disconnected ID:0 Reason:ConnectionClose
[01:01:52.1826650]:[ServerWorld] Connection disconnected ID:0 Reason:ConnectionClose
[01:01:54.7386320]:[ServerWorld] New connection ID:51
[01:01:54.7684970]:[ServerWorld] New connection ID:52
[01:01:54.7994860]:[ServerWorld] New connection ID:53
Starting game stream on connection 51!
'Spawning a Ghost '' for user '52' on connection '51'!
[01:01:54.8359250]:[ServerWorld] New connection ID:54
[01:01:54.8359250]:[ServerWorld] New connection ID:55
[01:01:54.8359250]:[ServerWorld] Connection disconnected ID:0 Reason:ConnectionClose
[01:01:54.8513230]:[ServerWorld] New connection ID:57
[01:01:54.8513230]:[ServerWorld] New connection ID:56
Starting game stream on connection 52!
'Spawning a Ghost '' for user '58' on connection '52'!
[01:01:54.8672390]:[ServerWorld] Connection disconnected ID:0 Reason:ConnectionClose
[01:01:54.8822440]:[ServerWorld] New connection ID:58
Starting game stream on connection 53!
'Spawning a Ghost '' for user '57' on connection '53'!
[01:01:54.9172660]:[ServerWorld] Connection disconnected ID:0 Reason:ConnectionClose
Starting game stream on connection 55!
Starting game stream on connection 54!
'Spawning a Ghost '' for user '51' on connection '55'!
'Spawning a Ghost '' for user '55' on connection '54'!
[01:01:54.9332700]:[ServerWorld] New connection ID:59
[01:01:54.9332700]:[ServerWorld] Connection disconnected ID:0 Reason:ConnectionClose
[01:01:54.9332700]:[ServerWorld] Connection disconnected ID:0 Reason:ConnectionClose
Starting game stream on connection 56!
Starting game stream on connection 57!
'Spawning a Ghost '' for user '60' on connection '56'!
'Spawning a Ghost '' for user '56' on connection '57'!
[01:01:54.9541110]:[ServerWorld] Connection disconnected ID:0 Reason:ConnectionClose
[01:01:54.9541110]:[ServerWorld] Connection disconnected ID:0 Reason:ConnectionClose
Starting game stream on connection 58!
'Spawning a Ghost '' for user '59' on connection '58'!
[01:01:54.9852360]:[ServerWorld] Connection disconnected ID:0 Reason:ConnectionClose
[01:01:55.0199320]:[ServerWorld] New connection ID:60
Starting game stream on connection 59!
'Spawning a Ghost '' for user '53' on connection '59'!
[01:01:55.0380010]:[ServerWorld] Connection disconnected ID:0 Reason:ConnectionClose
Starting game stream on connection 60!
'Spawning a Ghost '' for user '54' on connection '60'!
[01:01:55.1183080]:[ServerWorld] Connection disconnected ID:0 Reason:ConnectionClose
[01:01:57.5993160]:[ServerWorld] New connection ID:61
Starting game stream on connection 61!
'Spawning a Ghost '' for user '69' on connection '61'!
[01:01:57.7003540]:[ServerWorld] New connection ID:62
[01:01:57.7003540]:[ServerWorld] Connection disconnected ID:0 Reason:ConnectionClose
[01:01:57.7662530]:[ServerWorld] New connection ID:63
Starting game stream on connection 62!
'Spawning a Ghost '' for user '64' on connection '62'!
[01:01:57.8030300]:[ServerWorld] Connection disconnected ID:0 Reason:ConnectionClose
[01:01:57.8188550]:[ServerWorld] New connection ID:64
Starting game stream on connection 63!
[01:01:57.8550810]:[ServerWorld] New connection ID:65
'Spawning a Ghost '' for user '65' on connection '63'!
[01:01:57.8663150]:[ServerWorld] New connection ID:68
[01:01:57.8663150]:[ServerWorld] New connection ID:66
[01:01:57.8663150]:[ServerWorld] New connection ID:67
[01:01:57.8663150]:[ServerWorld] Connection disconnected ID:0 Reason:ConnectionClose
[01:01:57.8999850]:[ServerWorld] New connection ID:69
Starting game stream on connection 64!
'Spawning a Ghost '' for user '61' on connection '64'!
[01:01:57.9163170]:[ServerWorld] Connection disconnected ID:0 Reason:ConnectionClose
Starting game stream on connection 65!
Starting game stream on connection 66!
'Spawning a Ghost '' for user '67' on connection '65'!
'Spawning a Ghost '' for user '62' on connection '66'!
[01:01:57.9525710]:[ServerWorld] Connection disconnected ID:0 Reason:ConnectionClose
[01:01:57.9525710]:[ServerWorld] Connection disconnected ID:0 Reason:ConnectionClose
Starting game stream on connection 67!
Starting game stream on connection 68!
'Spawning a Ghost '' for user '63' on connection '68'!
'Spawning a Ghost '' for user '70' on connection '67'!
[01:01:57.9855640]:[ServerWorld] Connection disconnected ID:0 Reason:ConnectionClose
[01:01:57.9855640]:[ServerWorld] Connection disconnected ID:0 Reason:ConnectionClose
Starting game stream on connection 69!
'Spawning a Ghost '' for user '66' on connection '69'!
[01:01:58.0348130]:[ServerWorld] New connection ID:70
[01:01:58.0348130]:[ServerWorld] Connection disconnected ID:0 Reason:ConnectionClose
Starting game stream on connection 70!
'Spawning a Ghost '' for user '68' on connection '70'!
[01:01:58.0871490]:[ServerWorld] Connection disconnected ID:0 Reason:ConnectionClose
[01:02:00.7039830]:[ServerWorld] New connection ID:71
[01:02:00.7508640]:[ServerWorld] New connection ID:72
Starting game stream on connection 71!
'Spawning a Ghost '' for user '80' on connection '71'!
[01:02:00.8198020]:[ServerWorld] Connection disconnected ID:0 Reason:ConnectionClose
Starting game stream on connection 72!
'Spawning a Ghost '' for user '74' on connection '72'!
[01:02:00.8356020]:[ServerWorld] New connection ID:73
[01:02:00.8356020]:[ServerWorld] New connection ID:74
[01:02:00.8356020]:[ServerWorld] Connection disconnected ID:0 Reason:ConnectionClose
[01:02:00.8677990]:[ServerWorld] New connection ID:75
[01:02:00.9206990]:[ServerWorld] New connection ID:76
[01:02:00.9206990]:[ServerWorld] New connection ID:77
Starting game stream on connection 73!
Starting game stream on connection 74!
'Spawning a Ghost '' for user '77' on connection '74'!
[01:02:00.9372460]:[ServerWorld] New connection ID:78
[01:02:00.9372460]:[ServerWorld] Connection disconnected ID:0 Reason:ConnectionClose
Starting game stream on connection 75!
'Spawning a Ghost '' for user '75' on connection '73'!
[01:02:00.9534010]:[ServerWorld] Connection disconnected ID:0 Reason:ConnectionClose
'Spawning a Ghost '' for user '79' on connection '75'!
[01:02:00.9693560]:[ServerWorld] Connection disconnected ID:0 Reason:ConnectionClose
[01:02:00.9846020]:[ServerWorld] New connection ID:79
Starting game stream on connection 76!
'Spawning a Ghost '' for user '78' on connection '76'!
[01:02:01.0049650]:[ServerWorld] Connection disconnected ID:0 Reason:ConnectionClose
Starting game stream on connection 78!
Starting game stream on connection 77!
'Spawning a Ghost '' for user '72' on connection '77'!
'Spawning a Ghost '' for user '71' on connection '78'!
[01:02:01.0375090]:[ServerWorld] Connection disconnected ID:0 Reason:ConnectionClose
[01:02:01.0375090]:[ServerWorld] Connection disconnected ID:0 Reason:ConnectionClose
[01:02:01.0688470]:[ServerWorld] New connection ID:80
Starting game stream on connection 79!
'Spawning a Ghost '' for user '76' on connection '79'!
[01:02:01.0833530]:[ServerWorld] Connection disconnected ID:0 Reason:ConnectionClose
Starting game stream on connection 80!
'Spawning a Ghost '' for user '73' on connection '80'!
[01:02:01.1868900]:[ServerWorld] Connection disconnected ID:0 Reason:ConnectionClose
[01:02:03.6385380]:[ServerWorld] New connection ID:81
[01:02:03.6711580]:[ServerWorld] New connection ID:82
[01:02:03.6711580]:[ServerWorld] New connection ID:83
Starting game stream on connection 81!
'Spawning a Ghost '' for user '88' on connection '81'!
[01:02:03.7338990]:[ServerWorld] New connection ID:84
[01:02:03.7338990]:[ServerWorld] Connection disconnected ID:0 Reason:ConnectionClose
Starting game stream on connection 83!
Starting game stream on connection 82!
'Spawning a Ghost '' for user '84' on connection '82'!
[01:02:03.7793670]:[ServerWorld] New connection ID:85
[01:02:03.7793670]:[ServerWorld] New connection ID:86
[01:02:03.7793670]:[ServerWorld] New connection ID:87
[01:02:03.7793670]:[ServerWorld] Connection disconnected ID:0 Reason:ConnectionClose
'Spawning a Ghost '' for user '82' on connection '83'!
[01:02:03.7887290]:[ServerWorld] Connection disconnected ID:0 Reason:ConnectionClose
Starting game stream on connection 84!
'Spawning a Ghost '' for user '85' on connection '84'!
[01:02:03.8436180]:[ServerWorld] New connection ID:88
[01:02:03.8436180]:[ServerWorld] Connection disconnected ID:0 Reason:ConnectionClose
Starting game stream on connection 87!
Starting game stream on connection 85!
Starting game stream on connection 86!
'Spawning a Ghost '' for user '89' on connection '87'!
'Spawning a Ghost '' for user '83' on connection '85'!
[01:02:03.8704120]:[ServerWorld] Connection disconnected ID:0 Reason:ConnectionClose
[01:02:03.8704120]:[ServerWorld] Connection disconnected ID:0 Reason:ConnectionClose
'Spawning a Ghost '' for user '87' on connection '86'!
[01:02:03.8880020]:[ServerWorld] New connection ID:89
[01:02:03.8880020]:[ServerWorld] Connection disconnected ID:0 Reason:ConnectionClose
[01:02:03.9228860]:[ServerWorld] New connection ID:90
Starting game stream on connection 88!
'Spawning a Ghost '' for user '90' on connection '88'!
[01:02:03.9382600]:[ServerWorld] Connection disconnected ID:0 Reason:ConnectionClose
Starting game stream on connection 89!
'Spawning a Ghost '' for user '86' on connection '89'!
[01:02:03.9849270]:[ServerWorld] Connection disconnected ID:0 Reason:ConnectionClose
Starting game stream on connection 90!
'Spawning a Ghost '' for user '81' on connection '90'!
[01:02:04.0500670]:[ServerWorld] Connection disconnected ID:0 Reason:ConnectionClose
Caught fatal signal - signo:15 code:0 errno:0 addr:0x15020006ccdd
Obtained 22 stack frames.
#0  0x007f11bee8c9c9 in PlayerMain(int, char**)
#1  0x007f11bee814b7 in (Unknown)
#2  0x007f11bcbe9c20 in funlockfile
#3  0x007f10e9e85971 in il2cpp::vm::Runtime::ClassInit(Il2CppClass*)
#4  0x007f10e9ee2d1c in il2cpp::vm::Object::NewAllocSpecific(Il2CppClass*)
#5  0x007f10eef1b9a6 in ExecutableUnitySynchronizationContext_ExecuteAndAppendNextExecute_m5A66859E918F62A284DB4DCEE3E749D1C623C9DE
#6  0x007f10eef1a9af in ExecutableUnitySynchronizationContext_SendOrPostCallback_mDF463B05D415B412854A7C4C2EEA7C0529BB8D27
#7  0x007f10eefe0230 in WorkRequest_Invoke_mBFEC6A3799BAFDE7ED840A0523D3D56160C03921
#8  0x007f10eefe0104 in UnitySynchronizationContext_Exec_m7E6352CBA70E4AB14F7D50A919C3F8C22F2E977A
#9  0x007f10eefe04a9 in UnitySynchronizationContext_ExecuteTasks_m3034D59292339809C6D7FA5932ACC365892B8CA1
#10 0x007f10e9e88073 in il2cpp::vm::Runtime::InvokeWithThrow(MethodInfo const*, void*, void**)
#11 0x007f10e9e87fdb in il2cpp::vm::Runtime::Invoke(MethodInfo const*, void*, void**, Il2CppException**)
#12 0x007f11bedc5f0b in (Unknown)
#13 0x007f11bedd0cd7 in (Unknown)
#14 0x007f11beeba0de in PlayerMain(int, char**)
#15 0x007f11be918a56 in (Unknown)
#16 0x007f11be904247 in (Unknown)
#17 0x007f11be904201 in (Unknown)
#18 0x007f11be904570 in (Unknown)
#19 0x007f11bee83077 in PlayerMain(int, char**)
#20 0x007f11bc835493 in __libc_start_main
#21 0x00000000201029 in _start
Setting up 12 worker threads for Enlighten.
Writing stats to file
Calling DomainUnloadOrPlayModeChangeShutdown!
Caught fatal signal - signo:11 code:1 errno:0 addr:0x48
Obtained 25 stack frames.
#0  0x007f11bee8c9c9 in PlayerMain(int, char**)
#1  0x007f11bee814b7 in (Unknown)
#2  0x007f11bcbe9c20 in funlockfile
#3  0x007f11be844ff3 in (Unknown)
#4  0x007f11be845671 in (Unknown)
#5  0x007f11be825e7a in (Unknown)
#6  0x007f11bf22142e in PlayerMain(int, char**)
#7  0x007f11be1d3426 in (Unknown)
#8  0x007f10eef6d320 in ContentLoadInterface_ContentFile_UnloadAsync_Injected_mBD2F1D561285B0DE37DCDA4DEA75931201B5E680
#9  0x007f10eef6c78f in ContentLoadInterface_ContentFile_UnloadAsync_m197A3C60564D4E9F9049BAD57B46FB404A8F17BD
#10 0x007f10eef6c635 in ContentFile_UnloadAsync_mF35518E83FCF4C1701AF2C6CEBF7E507490481D6
#11 0x007f10ee1e456a in RuntimeContentManager_ReleaseFile_m12EDB377B39EF4D01B3268E711303D79747A4F4C
#12 0x007f10ee1e245c in RuntimeContentManager_ReleaseObjectImpl_m84E24B7727CAA367D95ABC97FC529A5594840414
#13 0x007f10ee1e0ae8 in RuntimeContentManager_Cleanup_m6436DF58ED05204D0A7DFACFB212018BD6B813FD
#14 0x007f10ee1e1f38 in RuntimeContentManager_OnShutdown_m09B1F0AD37BE7168472DDB84F55C43F02CD40113
#15 0x007f10e9cdde76 in EventHandler_Invoke_m9D3126CBE291A3E7E7C304094E1DA846832F9B96_Multicast(EventHandler_tC6323FD7E6163F965259C33D72612C0E5B9BAB82*, Il2CppObject*, EventArgs_t37273F03EAC87217701DD431B190FBD84AD7C377*, MethodInfo const*)
#16 0x007f10ed64f7b0 in EventHandler_Invoke_m9D3126CBE291A3E7E7C304094E1DA846832F9B96
#17 0x007f10e9e88073 in il2cpp::vm::Runtime::InvokeWithThrow(MethodInfo const*, void*, void**)
#18 0x007f10e9e87fdb in il2cpp::vm::Runtime::Invoke(MethodInfo const*, void*, void**, Il2CppException**)
#19 0x007f10e9e87b1c in il2cpp::vm::Runtime::Shutdown()
#20 0x007f11beddaf56 in (Unknown)
#21 0x007f11be916658 in (Unknown)
#22 0x007f11bee82ee6 in PlayerMain(int, char**)
#23 0x007f11bc835493 in __libc_start_main
#24 0x00000000201029 in _start
