[UnityMemory] Configuration Parameters - Can be set up in boot.config
    "memorysetup-bucket-allocator-granularity=16"
    "memorysetup-bucket-allocator-bucket-count=8"
    "memorysetup-bucket-allocator-block-size=4194304"
    "memorysetup-bucket-allocator-block-count=1"
    "memorysetup-main-allocator-block-size=16777216"
    "memorysetup-thread-allocator-block-size=16777216"
    "memorysetup-gfx-main-allocator-block-size=16777216"
    "memorysetup-gfx-thread-allocator-block-size=16777216"
    "memorysetup-cache-allocator-block-size=4194304"
    "memorysetup-typetree-allocator-block-size=2097152"
    "memorysetup-profiler-bucket-allocator-granularity=16"
    "memorysetup-profiler-bucket-allocator-bucket-count=8"
    "memorysetup-profiler-bucket-allocator-block-size=4194304"
    "memorysetup-profiler-bucket-allocator-block-count=1"
    "memorysetup-profiler-allocator-block-size=16777216"
    "memorysetup-profiler-editor-allocator-block-size=1048576"
    "memorysetup-temp-allocator-size-main=4194304"
    "memorysetup-job-temp-allocator-block-size=2097152"
    "memorysetup-job-temp-allocator-block-size-background=1048576"
    "memorysetup-job-temp-allocator-reduction-small-platforms=262144"
    "memorysetup-allocator-temp-initial-block-size-main=262144"
    "memorysetup-allocator-temp-initial-block-size-worker=262144"
    "memorysetup-temp-allocator-size-background-worker=32768"
    "memorysetup-temp-allocator-size-job-worker=262144"
    "memorysetup-temp-allocator-size-preload-manager=262144"
    "memorysetup-temp-allocator-size-nav-mesh-worker=65536"
    "memorysetup-temp-allocator-size-audio-worker=65536"
    "memorysetup-temp-allocator-size-cloud-worker=32768"
    "memorysetup-temp-allocator-size-gfx=262144"
Remaining time:29s
Found 2 interfaces on host : 0) 10.141.0.1 1) 10.149.0.1
Player connection [139808846847872] Multi-casting "[IP] 10.141.0.1 [Port] 55000 [Flags] 19 [Guid] 3612079683 [EditorId] 3765082745 [Version] 1048832 [Id] LinuxPlayer(13,10.141.0.1) [Debug] 0 [PackageName] LinuxPlayer [ProjectName] Opencraft" to [225.0.0.222:54997]...

Direct connection to host time out.
Stopping profiler. Profiler is not able to flush data to a file or socket and exceeded maximum allowed memory for buffering.
Please use Profiler.maxUsedMemory API or -profiler-maxusedmemory command line parameter to increase maximum allowed memory usage.
Using 134234112 bytes while Profiler.maxUsedMemory is 134217728 bytes.
Failed to initialize networking layer after 30 seconds, skipping waiting for connection before starting playback.
Preloaded 'lib_burst_generated.so'
Preloaded 'libwebrtc.so'
[Physics::Module] Initialized MultithreadedJobDispatcher with 47 workers.
Initialize engine version: 2022.3.16f1 (d2c21f0ef2f1)
[Subsystems] Discovering subsystems at path /var/scratch/zmr280/opencraft/opencraft_Data/UnitySubsystems
Forcing GfxDevice: Null
GfxDevice: creating device client; threaded=0; jobified=0
NullGfxDevice:
    Version:  NULL 1.0 [1.0]
    Renderer: Null Device
    Vendor:   Unity Technologies
ERROR: Shader Hidden/Universal Render Pipeline/Blit shader is not supported on this GPU (none of subshaders/fallbacks are suitable)
ERROR: Shader Hidden/Universal Render Pipeline/CopyDepth shader is not supported on this GPU (none of subshaders/fallbacks are suitable)
ERROR: Shader Hidden/Universal Render Pipeline/Sampling shader is not supported on this GPU (none of subshaders/fallbacks are suitable)
ERROR: Shader Hidden/Universal Render Pipeline/LutBuilderLdr shader is not supported on this GPU (none of subshaders/fallbacks are suitable)
ERROR: Shader Hidden/Universal Render Pipeline/LutBuilderHdr shader is not supported on this GPU (none of subshaders/fallbacks are suitable)
ERROR: Shader Hidden/Universal Render Pipeline/UberPost shader is not supported on this GPU (none of subshaders/fallbacks are suitable)
ERROR: Shader Hidden/Universal Render Pipeline/Debug/DebugReplacement shader is not supported on this GPU (none of subshaders/fallbacks are suitable)
ERROR: Shader Hidden/Universal/HDRDebugView shader is not supported on this GPU (none of subshaders/fallbacks are suitable)
WARNING: Shader Unsupported: 'Hidden/Universal Render Pipeline/FallbackError' - All subshaders removed
WARNING: Shader Did you use #pragma only_renderers and omit this platform?
WARNING: Shader If subshaders removal was intentional, you may have forgotten turning Fallback off?
ERROR: Shader Hidden/Universal Render Pipeline/FallbackError shader is not supported on this GPU (none of subshaders/fallbacks are suitable)
WARNING: Shader Unsupported: 'Hidden/Universal Render Pipeline/FallbackError' - All subshaders removed
WARNING: Shader Did you use #pragma only_renderers and omit this platform?
WARNING: Shader If subshaders removal was intentional, you may have forgotten turning Fallback off?
WARNING: Shader Unsupported: 'Hidden/Universal Render Pipeline/StencilDeferred' - All subshaders removed
WARNING: Shader Did you use #pragma only_renderers and omit this platform?
WARNING: Shader If subshaders removal was intentional, you may have forgotten turning Fallback off?
ERROR: Shader Hidden/Universal Render Pipeline/StencilDeferred shader is not supported on this GPU (none of subshaders/fallbacks are suitable)
WARNING: Shader Unsupported: 'Hidden/Universal Render Pipeline/StencilDeferred' - All subshaders removed
WARNING: Shader Did you use #pragma only_renderers and omit this platform?
WARNING: Shader If subshaders removal was intentional, you may have forgotten turning Fallback off?
ERROR: Shader Hidden/Universal Render Pipeline/CameraMotionVectors shader is not supported on this GPU (none of subshaders/fallbacks are suitable)
ERROR: Shader Hidden/Universal Render Pipeline/ObjectMotionVectors shader is not supported on this GPU (none of subshaders/fallbacks are suitable)
ERROR: Shader Hidden/Universal Render Pipeline/LensFlareDataDriven shader is not supported on this GPU (none of subshaders/fallbacks are suitable)
ERROR: Shader Hidden/Universal Render Pipeline/ScreenSpaceAmbientOcclusion shader is not supported on this GPU (none of subshaders/fallbacks are suitable)
ERROR: Shader Hidden/Universal Render Pipeline/Stop NaN shader is not supported on this GPU (none of subshaders/fallbacks are suitable)
ERROR: Shader Hidden/Universal Render Pipeline/SubpixelMorphologicalAntialiasing shader is not supported on this GPU (none of subshaders/fallbacks are suitable)
ERROR: Shader Hidden/Universal Render Pipeline/TemporalAA shader is not supported on this GPU (none of subshaders/fallbacks are suitable)
ERROR: Shader Hidden/Universal Render Pipeline/Scaling Setup shader is not supported on this GPU (none of subshaders/fallbacks are suitable)
ERROR: Shader Hidden/Universal Render Pipeline/Edge Adaptive Spatial Upsampling shader is not supported on this GPU (none of subshaders/fallbacks are suitable)
ERROR: Shader Hidden/Universal Render Pipeline/FinalPost shader is not supported on this GPU (none of subshaders/fallbacks are suitable)
ERROR: Shader Sprites/Default shader is not supported on this GPU (none of subshaders/fallbacks are suitable)
ERROR: Shader Sprites/Mask shader is not supported on this GPU (none of subshaders/fallbacks are suitable)
ERROR: Shader GUI/Text Shader shader is not supported on this GPU (none of subshaders/fallbacks are suitable)
UnloadTime: 1.102497 ms
Parsing args: /var/scratch/zmr280/opencraft/opencraft.x86_64, -batchmode, -nographics, -logStats, True, -terrainType, RollingHills, -statsFile, /var/scratch/zmr280/runs/players_RollingHills_0x_0z_50p_120s/opencraft_stats/server.csv, -circuitX, 0, -circuitZ, 0, -playType, Server
Setting up worlds with playType Server and streaming role Disabled
Connecting worlds with playType Server and streaming role Disabled
Created listen request for 0.0.0.0:7979
Creating statistics writer!
Recorder [GhostSimulationSystemGroup] is invalid!
UnityEngine.DebugLogHandler:Internal_Log(LogType, LogOption, String, Object)
UnityEngine.DebugLogHandler:LogFormat(LogType, Object, String, Object[])
UnityEngine.Logger:Log(LogType, Object)
UnityEngine.Debug:LogWarning(Object)
PolkaDOTS.Statistics.StatisticsWriter:.ctor()
PolkaDOTS.Statistics.StatisticsWriterInstance:Awake()

Recorder [PredictedSimulationSystemGroup] is invalid!
UnityEngine.DebugLogHandler:Internal_Log(LogType, LogOption, String, Object)
UnityEngine.DebugLogHandler:LogFormat(LogType, Object, String, Object[])
UnityEngine.Logger:Log(LogType, Object)
UnityEngine.Debug:LogWarning(Object)
PolkaDOTS.Statistics.StatisticsWriter:.ctor()
PolkaDOTS.Statistics.StatisticsWriterInstance:Awake()

Initializing multiplay!
Found non-specified codec: VP8 Internal video/VP8 implementation_name=Internal
Found codec: VP9 Profile0
Found codec: VP9 Profile2
Found codec: VP9 Profile1
Found codec: VP9 Profile3
Found codec: AV1 Profile0
Found codec: AV1 Profile1
Could not find H264.High as streaming codec!
Adding terrain areas statistics recorders
Streamed scene with   56ms latency from /var/scratch/zmr280/opencraft/opencraft_Data/StreamingAssets/EntityScenes/bea83102298cfb741939cdba85abe535.0.entities
AutoLoading authoring scene in world ServerWorld
ERROR: Shader Custom/VoxelShader shader is not supported on this GPU (none of subshaders/fallbacks are suitable)
WARNING: Shader Unsupported: 'Hidden/Universal Render Pipeline/FallbackError' - All subshaders removed
WARNING: Shader Did you use #pragma only_renderers and omit this platform?
WARNING: Shader If subshaders removal was intentional, you may have forgotten turning Fallback off?
ERROR: Shader Hidden/Universal Render Pipeline/FallbackError shader is not supported on this GPU (none of subshaders/fallbacks are suitable)
WARNING: Shader Unsupported: 'Hidden/Universal Render Pipeline/FallbackError' - All subshaders removed
WARNING: Shader Did you use #pragma only_renderers and omit this platform?
WARNING: Shader If subshaders removal was intentional, you may have forgotten turning Fallback off?
WARNING: Shader Unsupported: 'Universal Render Pipeline/Lit' - All subshaders removed
WARNING: Shader Did you use #pragma only_renderers and omit this platform?
WARNING: Shader If subshaders removal was intentional, you may have forgotten turning Fallback off?
ERROR: Shader Universal Render Pipeline/Lit shader is not supported on this GPU (none of subshaders/fallbacks are suitable)
WARNING: Shader Unsupported: 'Universal Render Pipeline/Lit' - All subshaders removed
WARNING: Shader Did you use #pragma only_renderers and omit this platform?
WARNING: Shader If subshaders removal was intentional, you may have forgotten turning Fallback off?
WARNING: Shader Unsupported: 'Universal Render Pipeline/Unlit' - All subshaders removed
WARNING: Shader Did you use #pragma only_renderers and omit this platform?
WARNING: Shader If subshaders removal was intentional, you may have forgotten turning Fallback off?
ERROR: Shader Universal Render Pipeline/Unlit shader is not supported on this GPU (none of subshaders/fallbacks are suitable)
WARNING: Shader Unsupported: 'Universal Render Pipeline/Unlit' - All subshaders removed
WARNING: Shader Did you use #pragma only_renderers and omit this platform?
WARNING: Shader If subshaders removal was intentional, you may have forgotten turning Fallback off?
Streamed scene with   45ms latency from /var/scratch/zmr280/opencraft/opencraft_Data/StreamingAssets/EntityScenes/62561c7118c5bbb46929c6bf65331faa.0.entities
Setting player spawn to 0, 42, 0
[23:35:09.1798920]:[ServerWorld] New connection ID:1
[23:35:09.1957290]:[ServerWorld] New connection ID:2
[23:35:09.2615280]:[ServerWorld] New connection ID:3
Starting game stream on connection 1!
'Spawning a Ghost '' for user '2' on connection '1'!
[23:35:09.2778380]:[ServerWorld] New connection ID:5
[23:35:09.2778380]:[ServerWorld] New connection ID:4
[23:35:09.2778380]:[ServerWorld] Connection disconnected ID:0 Reason:ConnectionClose
Starting game stream on connection 2!
'Spawning a Ghost '' for user '3' on connection '2'!
[23:35:09.2962560]:[ServerWorld] Connection disconnected ID:0 Reason:ConnectionClose
[23:35:09.3137830]:[ServerWorld] New connection ID:6
Starting game stream on connection 5!
Starting game stream on connection 3!
Starting game stream on connection 4!
'Spawning a Ghost '' for user '10' on connection '4'!
'Spawning a Ghost '' for user '1' on connection '5'!
[23:35:09.3793020]:[ServerWorld] Connection disconnected ID:0 Reason:ConnectionClose
[23:35:09.3793020]:[ServerWorld] Connection disconnected ID:0 Reason:ConnectionClose
'Spawning a Ghost '' for user '5' on connection '3'!
[23:35:09.3943330]:[ServerWorld] Connection disconnected ID:0 Reason:ConnectionClose
Starting game stream on connection 6!
'Spawning a Ghost '' for user '6' on connection '6'!
[23:35:09.4473700]:[ServerWorld] Connection disconnected ID:0 Reason:ConnectionClose
[23:35:09.6993050]:[ServerWorld] New connection ID:7
[23:35:09.6993050]:[ServerWorld] New connection ID:8
[23:35:09.7137440]:[ServerWorld] New connection ID:9
[23:35:09.7281330]:[ServerWorld] New connection ID:10
Starting game stream on connection 7!
Starting game stream on connection 8!
'Spawning a Ghost '' for user '8' on connection '7'!
[23:35:09.8155170]:[ServerWorld] Connection disconnected ID:0 Reason:ConnectionClose
Starting game stream on connection 9!
'Spawning a Ghost '' for user '7' on connection '8'!
[23:35:09.8305430]:[ServerWorld] Connection disconnected ID:0 Reason:ConnectionClose
Starting game stream on connection 10!
'Spawning a Ghost '' for user '4' on connection '10'!
'Spawning a Ghost '' for user '9' on connection '9'!
[23:35:09.8444860]:[ServerWorld] Connection disconnected ID:0 Reason:ConnectionClose
[23:35:09.8444860]:[ServerWorld] Connection disconnected ID:0 Reason:ConnectionClose
[23:35:12.2641080]:[ServerWorld] New connection ID:11
[23:35:12.2949430]:[ServerWorld] New connection ID:12
Starting game stream on connection 11!
Starting game stream on connection 12!
'Spawning a Ghost '' for user '17' on connection '11'!
[23:35:12.3967830]:[ServerWorld] New connection ID:13
[23:35:12.3967830]:[ServerWorld] Connection disconnected ID:0 Reason:ConnectionClose
'Spawning a Ghost '' for user '15' on connection '12'!
[23:35:12.4114920]:[ServerWorld] Connection disconnected ID:0 Reason:ConnectionClose
Starting game stream on connection 13!
'Spawning a Ghost '' for user '12' on connection '13'!
[23:35:12.5270010]:[ServerWorld] Connection disconnected ID:0 Reason:ConnectionClose
[23:35:12.5607730]:[ServerWorld] New connection ID:14
[23:35:12.5607730]:[ServerWorld] New connection ID:15
[23:35:12.5802810]:[ServerWorld] New connection ID:16
[23:35:12.5997270]:[ServerWorld] New connection ID:17
[23:35:12.6287430]:[ServerWorld] New connection ID:18
[23:35:12.6287430]:[ServerWorld] New connection ID:19
Starting game stream on connection 14!
Starting game stream on connection 15!
'Spawning a Ghost '' for user '14' on connection '15'!
[23:35:12.6807450]:[ServerWorld] Connection disconnected ID:0 Reason:ConnectionClose
'Spawning a Ghost '' for user '13' on connection '14'!
[23:35:12.6939750]:[ServerWorld] New connection ID:20
[23:35:12.6939750]:[ServerWorld] Connection disconnected ID:0 Reason:ConnectionClose
Starting game stream on connection 16!
'Spawning a Ghost '' for user '18' on connection '16'!
[23:35:12.7119400]:[ServerWorld] Connection disconnected ID:0 Reason:ConnectionClose
Starting game stream on connection 18!
Starting game stream on connection 17!
'Spawning a Ghost '' for user '11' on connection '18'!
'Spawning a Ghost '' for user '19' on connection '17'!
[23:35:12.7449590]:[ServerWorld] Connection disconnected ID:0 Reason:ConnectionClose
[23:35:12.7449590]:[ServerWorld] Connection disconnected ID:0 Reason:ConnectionClose
Starting game stream on connection 19!
'Spawning a Ghost '' for user '16' on connection '19'!
[23:35:12.7623610]:[ServerWorld] Connection disconnected ID:0 Reason:ConnectionClose
Starting game stream on connection 20!
'Spawning a Ghost '' for user '20' on connection '20'!
[23:35:12.8282050]:[ServerWorld] Connection disconnected ID:0 Reason:ConnectionClose
[23:35:15.4274680]:[ServerWorld] New connection ID:21
[23:35:15.4633900]:[ServerWorld] New connection ID:22
[23:35:15.4633900]:[ServerWorld] New connection ID:23
[23:35:15.4776710]:[ServerWorld] New connection ID:24
[23:35:15.5133130]:[ServerWorld] New connection ID:25
Starting game stream on connection 21!
'Spawning a Ghost '' for user '21' on connection '21'!
[23:35:15.5439120]:[ServerWorld] New connection ID:26
[23:35:15.5439120]:[ServerWorld] Connection disconnected ID:0 Reason:ConnectionClose
Starting game stream on connection 22!
Starting game stream on connection 23!
Starting game stream on connection 24!
'Spawning a Ghost '' for user '30' on connection '24'!
'Spawning a Ghost '' for user '23' on connection '22'!
'Spawning a Ghost '' for user '28' on connection '23'!
[23:35:15.5823660]:[ServerWorld] Connection disconnected ID:0 Reason:ConnectionClose
[23:35:15.5823660]:[ServerWorld] Connection disconnected ID:0 Reason:ConnectionClose
[23:35:15.5823660]:[ServerWorld] Connection disconnected ID:0 Reason:ConnectionClose
[23:35:15.6403260]:[ServerWorld] New connection ID:27
Starting game stream on connection 25!
'Spawning a Ghost '' for user '29' on connection '25'!
[23:35:15.6514830]:[ServerWorld] Connection disconnected ID:0 Reason:ConnectionClose
Starting game stream on connection 26!
'Spawning a Ghost '' for user '26' on connection '26'!
[23:35:15.6534910]:[ServerWorld] Connection disconnected ID:0 Reason:ConnectionClose
[23:35:15.7194320]:[ServerWorld] New connection ID:28
[23:35:15.7194320]:[ServerWorld] New connection ID:29
Starting game stream on connection 27!
'Spawning a Ghost '' for user '22' on connection '27'!
[23:35:15.7708880]:[ServerWorld] Connection disconnected ID:0 Reason:ConnectionClose
Starting game stream on connection 28!
'Spawning a Ghost '' for user '24' on connection '28'!
[23:35:15.8058070]:[ServerWorld] Connection disconnected ID:0 Reason:ConnectionClose
[23:35:15.8168150]:[ServerWorld] New connection ID:30
Starting game stream on connection 29!
'Spawning a Ghost '' for user '25' on connection '29'!
[23:35:15.8291820]:[ServerWorld] Connection disconnected ID:0 Reason:ConnectionClose
Starting game stream on connection 30!
'Spawning a Ghost '' for user '27' on connection '30'!
[23:35:15.9792100]:[ServerWorld] Connection disconnected ID:0 Reason:ConnectionClose
[23:35:18.3444800]:[ServerWorld] New connection ID:31
Starting game stream on connection 31!
'Spawning a Ghost '' for user '38' on connection '31'!
[23:35:18.4481890]:[ServerWorld] New connection ID:32
[23:35:18.4481890]:[ServerWorld] Connection disconnected ID:0 Reason:ConnectionClose
Starting game stream on connection 32!
'Spawning a Ghost '' for user '31' on connection '32'!
[23:35:18.5468940]:[ServerWorld] New connection ID:33
[23:35:18.5468940]:[ServerWorld] Connection disconnected ID:0 Reason:ConnectionClose
[23:35:18.7140090]:[ServerWorld] New connection ID:34
[23:35:18.7262310]:[ServerWorld] New connection ID:37
[23:35:18.7262310]:[ServerWorld] New connection ID:35
[23:35:18.7262310]:[ServerWorld] New connection ID:36
Starting game stream on connection 33!
'Spawning a Ghost '' for user '33' on connection '33'!
[23:35:18.7284180]:[ServerWorld] New connection ID:39
[23:35:18.7284180]:[ServerWorld] New connection ID:38
[23:35:18.7284180]:[ServerWorld] Connection disconnected ID:0 Reason:ConnectionClose
Starting game stream on connection 34!
Starting game stream on connection 35!
'Spawning a Ghost '' for user '34' on connection '34'!
'Spawning a Ghost '' for user '32' on connection '35'!
[23:35:18.7681310]:[ServerWorld] Connection disconnected ID:0 Reason:ConnectionClose
[23:35:18.7681310]:[ServerWorld] Connection disconnected ID:0 Reason:ConnectionClose
Starting game stream on connection 36!
[23:35:18.7816380]:[ServerWorld] New connection ID:40
'Spawning a Ghost '' for user '40' on connection '36'!
[23:35:18.7994050]:[ServerWorld] Connection disconnected ID:0 Reason:ConnectionClose
Starting game stream on connection 37!
'Spawning a Ghost '' for user '39' on connection '37'!
[23:35:18.8477020]:[ServerWorld] Connection disconnected ID:0 Reason:ConnectionClose
Starting game stream on connection 38!
Starting game stream on connection 39!
'Spawning a Ghost '' for user '37' on connection '38'!
'Spawning a Ghost '' for user '36' on connection '39'!
[23:35:18.8649820]:[ServerWorld] Connection disconnected ID:0 Reason:ConnectionClose
[23:35:18.8649820]:[ServerWorld] Connection disconnected ID:0 Reason:ConnectionClose
Starting game stream on connection 40!
'Spawning a Ghost '' for user '35' on connection '40'!
[23:35:18.9196310]:[ServerWorld] Connection disconnected ID:0 Reason:ConnectionClose
[23:35:21.2951180]:[ServerWorld] New connection ID:41
[23:35:21.3142950]:[ServerWorld] New connection ID:42
[23:35:21.3440160]:[ServerWorld] New connection ID:43
Starting game stream on connection 41!
[23:35:21.3973210]:[ServerWorld] New connection ID:44
'Spawning a Ghost '' for user '41' on connection '41'!
[23:35:21.4146420]:[ServerWorld] Connection disconnected ID:0 Reason:ConnectionClose
Starting game stream on connection 42!
'Spawning a Ghost '' for user '43' on connection '42'!
[23:35:21.4289500]:[ServerWorld] New connection ID:45
[23:35:21.4289500]:[ServerWorld] New connection ID:46
[23:35:21.4289500]:[ServerWorld] Connection disconnected ID:0 Reason:ConnectionClose
[23:35:21.4438960]:[ServerWorld] New connection ID:47
Starting game stream on connection 43!
'Spawning a Ghost '' for user '48' on connection '43'!
[23:35:21.4800810]:[ServerWorld] Connection disconnected ID:0 Reason:ConnectionClose
Starting game stream on connection 44!
'Spawning a Ghost '' for user '50' on connection '44'!
[23:35:21.4945130]:[ServerWorld] Connection disconnected ID:0 Reason:ConnectionClose
Starting game stream on connection 46!
Starting game stream on connection 45!
'Spawning a Ghost '' for user '42' on connection '46'!
'Spawning a Ghost '' for user '47' on connection '45'!
[23:35:21.5291470]:[ServerWorld] Connection disconnected ID:0 Reason:ConnectionClose
[23:35:21.5291470]:[ServerWorld] Connection disconnected ID:0 Reason:ConnectionClose
[23:35:21.5626690]:[ServerWorld] New connection ID:48
Starting game stream on connection 47!
'Spawning a Ghost '' for user '46' on connection '47'!
[23:35:21.5772810]:[ServerWorld] New connection ID:49
[23:35:21.5772810]:[ServerWorld] Connection disconnected ID:0 Reason:ConnectionClose
Starting game stream on connection 48!
Starting game stream on connection 49!
'Spawning a Ghost '' for user '44' on connection '48'!
'Spawning a Ghost '' for user '45' on connection '49'!
[23:35:21.6643620]:[ServerWorld] Connection disconnected ID:0 Reason:ConnectionClose
[23:35:21.6643620]:[ServerWorld] Connection disconnected ID:0 Reason:ConnectionClose
[23:35:21.6792720]:[ServerWorld] New connection ID:50
Starting game stream on connection 50!
'Spawning a Ghost '' for user '49' on connection '50'!
[23:35:21.8086700]:[ServerWorld] Connection disconnected ID:0 Reason:ConnectionClose
Caught fatal signal - signo:15 code:0 errno:0 addr:0x150200069c47
Obtained 12 stack frames.
#0  0x007f27c71c09c9 in PlayerMain(int, char**)
#1  0x007f27c71b54b7 in (Unknown)
#2  0x007f27c4f1dc20 in funlockfile
#3  0x007f27c70e8d45 in (Unknown)
#4  0x007f27c70ead98 in (Unknown)
#5  0x007f27c70e7f7b in (Unknown)
#6  0x007f27c6c38247 in (Unknown)
#7  0x007f27c6c38201 in (Unknown)
#8  0x007f27c6c38570 in (Unknown)
#9  0x007f27c71b7077 in PlayerMain(int, char**)
#10 0x007f27c4b69493 in __libc_start_main
#11 0x00000000201029 in _start
Setting up 12 worker threads for Enlighten.
Writing stats to file
Calling DomainUnloadOrPlayModeChangeShutdown!
Caught fatal signal - signo:11 code:1 errno:0 addr:0x48
Obtained 25 stack frames.
#0  0x007f27c71c09c9 in PlayerMain(int, char**)
#1  0x007f27c71b54b7 in (Unknown)
#2  0x007f27c4f1dc20 in funlockfile
#3  0x007f27c6b78ff3 in (Unknown)
#4  0x007f27c6b79671 in (Unknown)
#5  0x007f27c6b59e7a in (Unknown)
#6  0x007f27c755542e in PlayerMain(int, char**)
#7  0x007f27c6507426 in (Unknown)
#8  0x007f26eef6d320 in ContentLoadInterface_ContentFile_UnloadAsync_Injected_mBD2F1D561285B0DE37DCDA4DEA75931201B5E680
#9  0x007f26eef6c78f in ContentLoadInterface_ContentFile_UnloadAsync_m197A3C60564D4E9F9049BAD57B46FB404A8F17BD
#10 0x007f26eef6c635 in ContentFile_UnloadAsync_mF35518E83FCF4C1701AF2C6CEBF7E507490481D6
#11 0x007f26ee1e456a in RuntimeContentManager_ReleaseFile_m12EDB377B39EF4D01B3268E711303D79747A4F4C
#12 0x007f26ee1e245c in RuntimeContentManager_ReleaseObjectImpl_m84E24B7727CAA367D95ABC97FC529A5594840414
#13 0x007f26ee1e0ae8 in RuntimeContentManager_Cleanup_m6436DF58ED05204D0A7DFACFB212018BD6B813FD
#14 0x007f26ee1e1f38 in RuntimeContentManager_OnShutdown_m09B1F0AD37BE7168472DDB84F55C43F02CD40113
#15 0x007f26e9cdde76 in EventHandler_Invoke_m9D3126CBE291A3E7E7C304094E1DA846832F9B96_Multicast(EventHandler_tC6323FD7E6163F965259C33D72612C0E5B9BAB82*, Il2CppObject*, EventArgs_t37273F03EAC87217701DD431B190FBD84AD7C377*, MethodInfo const*)
#16 0x007f26ed64f7b0 in EventHandler_Invoke_m9D3126CBE291A3E7E7C304094E1DA846832F9B96
#17 0x007f26e9e88073 in il2cpp::vm::Runtime::InvokeWithThrow(MethodInfo const*, void*, void**)
#18 0x007f26e9e87fdb in il2cpp::vm::Runtime::Invoke(MethodInfo const*, void*, void**, Il2CppException**)
#19 0x007f26e9e87b1c in il2cpp::vm::Runtime::Shutdown()
#20 0x007f27c710ef56 in (Unknown)
#21 0x007f27c6c4a658 in (Unknown)
#22 0x007f27c71b6ee6 in PlayerMain(int, char**)
#23 0x007f27c4b69493 in __libc_start_main
#24 0x00000000201029 in _start
