[UnityMemory] Configuration Parameters - Can be set up in boot.config
    "memorysetup-bucket-allocator-granularity=16"
    "memorysetup-bucket-allocator-bucket-count=8"
    "memorysetup-bucket-allocator-block-size=4194304"
    "memorysetup-bucket-allocator-block-count=1"
    "memorysetup-main-allocator-block-size=16777216"
    "memorysetup-thread-allocator-block-size=16777216"
    "memorysetup-gfx-main-allocator-block-size=16777216"
    "memorysetup-gfx-thread-allocator-block-size=16777216"
    "memorysetup-cache-allocator-block-size=4194304"
    "memorysetup-typetree-allocator-block-size=2097152"
    "memorysetup-profiler-bucket-allocator-granularity=16"
    "memorysetup-profiler-bucket-allocator-bucket-count=8"
    "memorysetup-profiler-bucket-allocator-block-size=4194304"
    "memorysetup-profiler-bucket-allocator-block-count=1"
    "memorysetup-profiler-allocator-block-size=16777216"
    "memorysetup-profiler-editor-allocator-block-size=1048576"
    "memorysetup-temp-allocator-size-main=4194304"
    "memorysetup-job-temp-allocator-block-size=2097152"
    "memorysetup-job-temp-allocator-block-size-background=1048576"
    "memorysetup-job-temp-allocator-reduction-small-platforms=262144"
    "memorysetup-allocator-temp-initial-block-size-main=262144"
    "memorysetup-allocator-temp-initial-block-size-worker=262144"
    "memorysetup-temp-allocator-size-background-worker=32768"
    "memorysetup-temp-allocator-size-job-worker=262144"
    "memorysetup-temp-allocator-size-preload-manager=262144"
    "memorysetup-temp-allocator-size-nav-mesh-worker=65536"
    "memorysetup-temp-allocator-size-audio-worker=65536"
    "memorysetup-temp-allocator-size-cloud-worker=32768"
    "memorysetup-temp-allocator-size-gfx=262144"
Remaining time:29s
Found 2 interfaces on host : 0) 10.141.0.6 1) 10.149.0.6
Player connection [139788080078720] Multi-casting "[IP] 10.141.0.6 [Port] 55001 [Flags] 19 [Guid] 453475850 [EditorId] 3765082745 [Version] 1048832 [Id] LinuxPlayer(13,10.141.0.6) [Debug] 0 [PackageName] LinuxPlayer [ProjectName] Opencraft" to [225.0.0.222:54997]...

Direct connection to host time out.
Stopping profiler. Profiler is not able to flush data to a file or socket and exceeded maximum allowed memory for buffering.
Please use Profiler.maxUsedMemory API or -profiler-maxusedmemory command line parameter to increase maximum allowed memory usage.
Using 134234112 bytes while Profiler.maxUsedMemory is 134217728 bytes.
Failed to initialize networking layer after 30 seconds, skipping waiting for connection before starting playback.
Preloaded 'lib_burst_generated.so'
Preloaded 'libwebrtc.so'
[Physics::Module] Initialized MultithreadedJobDispatcher with 47 workers.
Initialize engine version: 2022.3.16f1 (d2c21f0ef2f1)
[Subsystems] Discovering subsystems at path /var/scratch/zmr280/opencraft/opencraft_Data/UnitySubsystems
Forcing GfxDevice: Null
GfxDevice: creating device client; threaded=0; jobified=0
NullGfxDevice:
    Version:  NULL 1.0 [1.0]
    Renderer: Null Device
    Vendor:   Unity Technologies
ERROR: Shader Hidden/Universal Render Pipeline/Blit shader is not supported on this GPU (none of subshaders/fallbacks are suitable)
ERROR: Shader Hidden/Universal Render Pipeline/CopyDepth shader is not supported on this GPU (none of subshaders/fallbacks are suitable)
ERROR: Shader Hidden/Universal Render Pipeline/Sampling shader is not supported on this GPU (none of subshaders/fallbacks are suitable)
ERROR: Shader Hidden/Universal Render Pipeline/LutBuilderLdr shader is not supported on this GPU (none of subshaders/fallbacks are suitable)
ERROR: Shader Hidden/Universal Render Pipeline/LutBuilderHdr shader is not supported on this GPU (none of subshaders/fallbacks are suitable)
ERROR: Shader Hidden/Universal Render Pipeline/UberPost shader is not supported on this GPU (none of subshaders/fallbacks are suitable)
ERROR: Shader Hidden/Universal Render Pipeline/Debug/DebugReplacement shader is not supported on this GPU (none of subshaders/fallbacks are suitable)
ERROR: Shader Hidden/Universal/HDRDebugView shader is not supported on this GPU (none of subshaders/fallbacks are suitable)
WARNING: Shader Unsupported: 'Hidden/Universal Render Pipeline/FallbackError' - All subshaders removed
WARNING: Shader Did you use #pragma only_renderers and omit this platform?
WARNING: Shader If subshaders removal was intentional, you may have forgotten turning Fallback off?
ERROR: Shader Hidden/Universal Render Pipeline/FallbackError shader is not supported on this GPU (none of subshaders/fallbacks are suitable)
WARNING: Shader Unsupported: 'Hidden/Universal Render Pipeline/FallbackError' - All subshaders removed
WARNING: Shader Did you use #pragma only_renderers and omit this platform?
WARNING: Shader If subshaders removal was intentional, you may have forgotten turning Fallback off?
WARNING: Shader Unsupported: 'Hidden/Universal Render Pipeline/StencilDeferred' - All subshaders removed
WARNING: Shader Did you use #pragma only_renderers and omit this platform?
WARNING: Shader If subshaders removal was intentional, you may have forgotten turning Fallback off?
ERROR: Shader Hidden/Universal Render Pipeline/StencilDeferred shader is not supported on this GPU (none of subshaders/fallbacks are suitable)
WARNING: Shader Unsupported: 'Hidden/Universal Render Pipeline/StencilDeferred' - All subshaders removed
WARNING: Shader Did you use #pragma only_renderers and omit this platform?
WARNING: Shader If subshaders removal was intentional, you may have forgotten turning Fallback off?
ERROR: Shader Hidden/Universal Render Pipeline/CameraMotionVectors shader is not supported on this GPU (none of subshaders/fallbacks are suitable)
ERROR: Shader Hidden/Universal Render Pipeline/ObjectMotionVectors shader is not supported on this GPU (none of subshaders/fallbacks are suitable)
ERROR: Shader Hidden/Universal Render Pipeline/LensFlareDataDriven shader is not supported on this GPU (none of subshaders/fallbacks are suitable)
ERROR: Shader Hidden/Universal Render Pipeline/ScreenSpaceAmbientOcclusion shader is not supported on this GPU (none of subshaders/fallbacks are suitable)
ERROR: Shader Hidden/Universal Render Pipeline/Stop NaN shader is not supported on this GPU (none of subshaders/fallbacks are suitable)
ERROR: Shader Hidden/Universal Render Pipeline/SubpixelMorphologicalAntialiasing shader is not supported on this GPU (none of subshaders/fallbacks are suitable)
ERROR: Shader Hidden/Universal Render Pipeline/TemporalAA shader is not supported on this GPU (none of subshaders/fallbacks are suitable)
ERROR: Shader Hidden/Universal Render Pipeline/Scaling Setup shader is not supported on this GPU (none of subshaders/fallbacks are suitable)
ERROR: Shader Hidden/Universal Render Pipeline/Edge Adaptive Spatial Upsampling shader is not supported on this GPU (none of subshaders/fallbacks are suitable)
ERROR: Shader Hidden/Universal Render Pipeline/FinalPost shader is not supported on this GPU (none of subshaders/fallbacks are suitable)
ERROR: Shader Sprites/Default shader is not supported on this GPU (none of subshaders/fallbacks are suitable)
ERROR: Shader Sprites/Mask shader is not supported on this GPU (none of subshaders/fallbacks are suitable)
ERROR: Shader GUI/Text Shader shader is not supported on this GPU (none of subshaders/fallbacks are suitable)
UnloadTime: 0.902332 ms
Parsing args: /var/scratch/zmr280/opencraft/opencraft.x86_64, -batchmode, -nographics, -logStats, True, -serverUrl, 10.141.0.1, -statsFile, /var/scratch/zmr280/runs/players_RollingHills_0x_0z_100p_120s/opencraft_stats/client13.csv, -userID, 13, -playType, Client, -emulationType, Simulation
Setting up worlds with playType Client and streaming role Disabled
Adding type with UniqueSystemAttribute: StatisticsSystem
Adding type with UniqueSystemAttribute: StatisticsSystem
Failed to create websocket: System.Net.Sockets.SocketException (0x80004005): Address already in use
  at System.Net.Sockets.Socket.Bind (System.Net.EndPoint localEP) [0x00000] in <00000000000000000000000000000000>:0 
  at Unity.NetCode.DebugWebSocket..ctor (System.UInt16 port) [0x00000] in <00000000000000000000000000000000>:0 
  at Unity.NetCode.GhostStatsConnection..ctor () [0x00000] in <00000000000000000000000000000000>:0 
  at Unity.NetCode.GhostStatsFlushSystem.OnCreate () [0x00000] in <00000000000000000000000000000000>:0 
  at Unity.Entities.ComponentSystemBase.CreateInstance (Unity.Entities.World world) [0x00000] in <00000000000000000000000000000000>:0 
  at Unity.Entities.World.AddSystem_OnCreate_Internal (Unity.Entities.ComponentSystemBase system) [0x00000] in <00000000000000000000000000000000>:0 
  at Unity.Entities.World.GetOrCreateSystemsAndLogException (Unity.Collections.NativeList`1[T] types, System.Int32 typesCount, Unity.Collections.AllocatorManager+AllocatorHandle allocator) [0x00000] in <00000000000000000000000000000000>:0 
  at Unity.Entities.World.GetOrCreateSystemsAndLogException (Unity.Collections.NativeList`1[T] types, Unity.Collections.AllocatorManager+AllocatorHandle allocator) [0x00000] in <00000000000000000000000000000000>:0 
  at Unity.Entities.DefaultWorldInitialization.AddSystemToRootLevelSystemGroupsInternal[T] (Unity.Entities.World world, Unity.Collections.NativeList`1[T] systemTypesOrig, Unity.Entities.ComponentSystemGroup defaultGroup, T rootGroups) [0x00000] in <00000000000000000000000000000000>:0 
  at Unity.Entities.DefaultWorldInitialization.AddSystemToRootLevelSystemGroupsInternal (Unity.Entities.World world, Unity.Collections.NativeList`1[T] systemTypesOrig) [0x00000] in <00000000000000000000000000000000>:0 
  at Unity.Entities.DefaultWorldInitialization.AddSystemsToRootLevelSystemGroups (Unity.Entities.World world, System.Collections.Generic.IReadOnlyList`1[T] systemTypes) [0x00000] in <00000000000000000000000000000000>:0 
  at PolkaDOTS.Bootstrap.GameBootstrap.CreateClientWorld (System.String name, Unity.Entities.WorldFlags flags, System.Collections.Generic.IReadOnlyList`1[T] systems) [0x00000] in <00000000000000000000000000000000>:0 
  at PolkaDOTS.Bootstrap.GameBootstrap.CreateDefaultClientWorld (System.String worldName, System.Boolean isHost, System.Boolean isCloudHost) [0x00000] in <00000000000000000000000000000000>:0 
  at PolkaDOTS.Bootstrap.GameBootstrap.SetupWorlds (PolkaDOTS.Deployment.MultiplayStreamingRoles mRole, PolkaDOTS.Bootstrap.GameBootstrap+BootstrapPlayTypes playTypes, Unity.Collections.NativeList`1[Unity.Entities.WorldUnmanaged]& worldReferences, System.Int32 numSimulatedClients, System.Boolean autoStart, System.Boolean autoConnect, System.String serverUrl, System.UInt16 serverPort, System.String signalingUrl, System.String worldName) [0x00000] in <00000000000000000000000000000000>:0 
  at PolkaDOTS.Bootstrap.GameBootstrap.SetupWorldsFromLocalConfig () [0x00000] in <00000000000000000000000000000000>:0 
  at PolkaDOTS.Bootstrap.GameBootstrap.Initialize (System.String defaultWorldName) [0x00000] in <00000000000000000000000000000000>:0 
  at Unity.Entities.CustomWorldInitialization.Initialize (System.String defaultWorldName, System.Boolean editorWorld) [0x00000] in <00000000000000000000000000000000>:0 
  at Unity.Entities.CustomAutomaticWorldBootstrap.Initialize () [0x00000] in <00000000000000000000000000000000>:0 
UnityEngine.DebugLogHandler:Internal_Log(LogType, LogOption, String, Object)
UnityEngine.DebugLogHandler:LogFormat(LogType, Object, String, Object[])
UnityEngine.Logger:Log(LogType, Object)
UnityEngine.Debug:LogError(Object)
Unity.NetCode.DebugWebSocket:.ctor(UInt16)
Unity.NetCode.GhostStatsConnection:.ctor()
Unity.NetCode.GhostStatsFlushSystem:OnCreate()
Unity.Entities.ComponentSystemBase:CreateInstance(World)
Unity.Entities.World:AddSystem_OnCreate_Internal(ComponentSystemBase)
Unity.Entities.World:GetOrCreateSystemsAndLogException(NativeList`1, Int32, AllocatorHandle)
Unity.Entities.World:GetOrCreateSystemsAndLogException(NativeList`1, AllocatorHandle)
Unity.Entities.DefaultWorldInitialization:AddSystemToRootLevelSystemGroupsInternal(World, NativeList`1, ComponentSystemGroup, T)
Unity.Entities.DefaultWorldInitialization:AddSystemToRootLevelSystemGroupsInternal(World, NativeList`1)
Unity.Entities.DefaultWorldInitialization:AddSystemsToRootLevelSystemGroups(World, IReadOnlyList`1)
PolkaDOTS.Bootstrap.GameBootstrap:CreateClientWorld(String, WorldFlags, IReadOnlyList`1)
PolkaDOTS.Bootstrap.GameBootstrap:CreateDefaultClientWorld(String, Boolean, Boolean)
PolkaDOTS.Bootstrap.GameBootstrap:SetupWorlds(MultiplayStreamingRoles, BootstrapPlayTypes, NativeList`1&, Int32, Boolean, Boolean, String, UInt16, String, String)
PolkaDOTS.Bootstrap.GameBootstrap:SetupWorldsFromLocalConfig()
PolkaDOTS.Bootstrap.GameBootstrap:Initialize(String)
Unity.Entities.CustomWorldInitialization:Initialize(String, Boolean)
Unity.Entities.CustomAutomaticWorldBootstrap:Initialize()

Adding world ClientWorld to update list
Connecting worlds with playType Client and streaming role Disabled
Created connection request for 10.141.0.1:7979
Creating statistics writer!
Recorder [ServerFixedUpdate] is invalid!
UnityEngine.DebugLogHandler:Internal_Log(LogType, LogOption, String, Object)
UnityEngine.DebugLogHandler:LogFormat(LogType, Object, String, Object[])
UnityEngine.Logger:Log(LogType, Object)
UnityEngine.Debug:LogWarning(Object)
PolkaDOTS.Statistics.StatisticsWriter:.ctor()
PolkaDOTS.Statistics.StatisticsWriterInstance:Awake()

Recorder [TerrainGeneration] is invalid!
UnityEngine.DebugLogHandler:Internal_Log(LogType, LogOption, String, Object)
UnityEngine.DebugLogHandler:LogFormat(LogType, Object, String, Object[])
UnityEngine.Logger:Log(LogType, Object)
UnityEngine.Debug:LogWarning(Object)
PolkaDOTS.Statistics.StatisticsWriter:.ctor()
PolkaDOTS.Statistics.StatisticsWriterInstance:Awake()

Recorder [PlayerTerrainGenCheck] is invalid!
UnityEngine.DebugLogHandler:Internal_Log(LogType, LogOption, String, Object)
UnityEngine.DebugLogHandler:LogFormat(LogType, Object, String, Object[])
UnityEngine.Logger:Log(LogType, Object)
UnityEngine.Debug:LogWarning(Object)
PolkaDOTS.Statistics.StatisticsWriter:.ctor()
PolkaDOTS.Statistics.StatisticsWriterInstance:Awake()

Recorder [StructureGeneration] is invalid!
UnityEngine.DebugLogHandler:Internal_Log(LogType, LogOption, String, Object)
UnityEngine.DebugLogHandler:LogFormat(LogType, Object, String, Object[])
UnityEngine.Logger:Log(LogType, Object)
UnityEngine.Debug:LogWarning(Object)
PolkaDOTS.Statistics.StatisticsWriter:.ctor()
PolkaDOTS.Statistics.StatisticsWriterInstance:Awake()

Recorder [TerrainLogicSystem] is invalid!
UnityEngine.DebugLogHandler:Internal_Log(LogType, LogOption, String, Object)
UnityEngine.DebugLogHandler:LogFormat(LogType, Object, String, Object[])
UnityEngine.Logger:Log(LogType, Object)
UnityEngine.Debug:LogWarning(Object)
PolkaDOTS.Statistics.StatisticsWriter:.ctor()
PolkaDOTS.Statistics.StatisticsWriterInstance:Awake()

Recorder [GetUpdates] is invalid!
UnityEngine.DebugLogHandler:Internal_Log(LogType, LogOption, String, Object)
UnityEngine.DebugLogHandler:LogFormat(LogType, Object, String, Object[])
UnityEngine.Logger:Log(LogType, Object)
UnityEngine.Debug:LogWarning(Object)
PolkaDOTS.Statistics.StatisticsWriter:.ctor()
PolkaDOTS.Statistics.StatisticsWriterInstance:Awake()

Recorder [ReevaluatePropagateMarker] is invalid!
UnityEngine.DebugLogHandler:Internal_Log(LogType, LogOption, String, Object)
UnityEngine.DebugLogHandler:LogFormat(LogType, Object, String, Object[])
UnityEngine.Logger:Log(LogType, Object)
UnityEngine.Debug:LogWarning(Object)
PolkaDOTS.Statistics.StatisticsWriter:.ctor()
PolkaDOTS.Statistics.StatisticsWriterInstance:Awake()

Recorder [PropagateLogicState] is invalid!
UnityEngine.DebugLogHandler:Internal_Log(LogType, LogOption, String, Object)
UnityEngine.DebugLogHandler:LogFormat(LogType, Object, String, Object[])
UnityEngine.Logger:Log(LogType, Object)
UnityEngine.Debug:LogWarning(Object)
PolkaDOTS.Statistics.StatisticsWriter:.ctor()
PolkaDOTS.Statistics.StatisticsWriterInstance:Awake()

Recorder [PropInputBlocks] is invalid!
UnityEngine.DebugLogHandler:Internal_Log(LogType, LogOption, String, Object)
UnityEngine.DebugLogHandler:LogFormat(LogType, Object, String, Object[])
UnityEngine.Logger:Log(LogType, Object)
UnityEngine.Debug:LogWarning(Object)
PolkaDOTS.Statistics.StatisticsWriter:.ctor()
PolkaDOTS.Statistics.StatisticsWriterInstance:Awake()

Recorder [PropActiveLogicBlocks] is invalid!
UnityEngine.DebugLogHandler:Internal_Log(LogType, LogOption, String, Object)
UnityEngine.DebugLogHandler:LogFormat(LogType, Object, String, Object[])
UnityEngine.Logger:Log(LogType, Object)
UnityEngine.Debug:LogWarning(Object)
PolkaDOTS.Statistics.StatisticsWriter:.ctor()
PolkaDOTS.Statistics.StatisticsWriterInstance:Awake()

Recorder [CheckGateState] is invalid!
UnityEngine.DebugLogHandler:Internal_Log(LogType, LogOption, String, Object)
UnityEngine.DebugLogHandler:LogFormat(LogType, Object, String, Object[])
UnityEngine.Logger:Log(LogType, Object)
UnityEngine.Debug:LogWarning(Object)
PolkaDOTS.Statistics.StatisticsWriter:.ctor()
PolkaDOTS.Statistics.StatisticsWriterInstance:Awake()

Recorder [GhostSimulationSystemGroup] is invalid!
UnityEngine.DebugLogHandler:Internal_Log(LogType, LogOption, String, Object)
UnityEngine.DebugLogHandler:LogFormat(LogType, Object, String, Object[])
UnityEngine.Logger:Log(LogType, Object)
UnityEngine.Debug:LogWarning(Object)
PolkaDOTS.Statistics.StatisticsWriter:.ctor()
PolkaDOTS.Statistics.StatisticsWriterInstance:Awake()

Recorder [PredictedSimulationSystemGroup] is invalid!
UnityEngine.DebugLogHandler:Internal_Log(LogType, LogOption, String, Object)
UnityEngine.DebugLogHandler:LogFormat(LogType, Object, String, Object[])
UnityEngine.Logger:Log(LogType, Object)
UnityEngine.Debug:LogWarning(Object)
PolkaDOTS.Statistics.StatisticsWriter:.ctor()
PolkaDOTS.Statistics.StatisticsWriterInstance:Awake()

Initializing multiplay!
Found non-specified codec: VP8 Internal video/VP8 implementation_name=Internal
Found codec: VP9 Profile0
Found codec: VP9 Profile2
Found codec: VP9 Profile1
Found codec: VP9 Profile3
Found codec: AV1 Profile0
Found codec: AV1 Profile1
Could not find H264.High as streaming codec!
Adding terrain areas statistics recorders
Streamed scene with   59ms latency from /var/scratch/zmr280/opencraft/opencraft_Data/StreamingAssets/EntityScenes/bea83102298cfb741939cdba85abe535.0.entities
AutoLoading authoring scene in world ClientWorld
[23:53:34.8849740]:[ClientWorld] New connection ID:19
ERROR: Shader Custom/VoxelShader shader is not supported on this GPU (none of subshaders/fallbacks are suitable)
WARNING: Shader Unsupported: 'Hidden/Universal Render Pipeline/FallbackError' - All subshaders removed
WARNING: Shader Did you use #pragma only_renderers and omit this platform?
WARNING: Shader If subshaders removal was intentional, you may have forgotten turning Fallback off?
ERROR: Shader Hidden/Universal Render Pipeline/FallbackError shader is not supported on this GPU (none of subshaders/fallbacks are suitable)
WARNING: Shader Unsupported: 'Hidden/Universal Render Pipeline/FallbackError' - All subshaders removed
WARNING: Shader Did you use #pragma only_renderers and omit this platform?
WARNING: Shader If subshaders removal was intentional, you may have forgotten turning Fallback off?
WARNING: Shader Unsupported: 'Universal Render Pipeline/Lit' - All subshaders removed
WARNING: Shader Did you use #pragma only_renderers and omit this platform?
WARNING: Shader If subshaders removal was intentional, you may have forgotten turning Fallback off?
ERROR: Shader Universal Render Pipeline/Lit shader is not supported on this GPU (none of subshaders/fallbacks are suitable)
WARNING: Shader Unsupported: 'Universal Render Pipeline/Lit' - All subshaders removed
WARNING: Shader Did you use #pragma only_renderers and omit this platform?
WARNING: Shader If subshaders removal was intentional, you may have forgotten turning Fallback off?
WARNING: Shader Unsupported: 'Universal Render Pipeline/Unlit' - All subshaders removed
WARNING: Shader Did you use #pragma only_renderers and omit this platform?
WARNING: Shader If subshaders removal was intentional, you may have forgotten turning Fallback off?
ERROR: Shader Universal Render Pipeline/Unlit shader is not supported on this GPU (none of subshaders/fallbacks are suitable)
WARNING: Shader Unsupported: 'Universal Render Pipeline/Unlit' - All subshaders removed
WARNING: Shader Did you use #pragma only_renderers and omit this platform?
WARNING: Shader If subshaders removal was intentional, you may have forgotten turning Fallback off?
Streamed scene with   46ms latency from /var/scratch/zmr280/opencraft/opencraft_Data/StreamingAssets/EntityScenes/62561c7118c5bbb46929c6bf65331faa.0.entities
Sending start game stream RPC
Emulation type is Idle, Simulation
Creating local player object
Sending spawn player RPC for user 13
ERROR: Shader UI/Default shader is not supported on this GPU (none of subshaders/fallbacks are suitable)
Player 13 has no connection ID!
UnityEngine.DebugLogHandler:Internal_Log(LogType, LogOption, String, Object)
UnityEngine.DebugLogHandler:LogFormat(LogType, Object, String, Object[])
UnityEngine.Logger:Log(LogType, Object)
UnityEngine.Debug:LogWarning(Object)
Opencraft.Player.SamplePlayerInput:OnUpdate(SystemState&)
Opencraft.Player.SamplePlayerInput:__codegen__OnUpdate(IntPtr, IntPtr)

Linking player entity Entity(183:1) to 13@LOCALPLAYER
Player simulation searching for path from float3(0.5f, 42.1f, 0.5f) = int3(0, 42, 0) to int3(2, 42, -4)
Player simulation could not find a path from int3(0, 42, 0) to int3(2, 42, -4), will choose new target
Player simulation searching for path from float3(0.5f, 42.1f, 0.5f) = int3(0, 42, 0) to int3(15, 42, 12)
Player simulation could not find a path from int3(0, 42, 0) to int3(15, 42, 12), will choose new target
Player simulation searching for path from float3(0.5f, 42.1f, 0.5f) = int3(0, 42, 0) to int3(3, 42, -2)
Player simulation could not find a path from int3(0, 42, 0) to int3(3, 42, -2), will choose new target
    3: Could not find target at int3(0, 42, 0)
    4: Could not find target at int3(0, 42, 0)
    5: Could not find target at int3(0, 42, 0)
    6: Could not find target at int3(0, 42, 0)
Player simulation searching for path from float3(0.5f, 42.1f, 0.5f) = int3(0, 42, 0) to int3(0, 42, 4)
Player simulation could not find a path from int3(0, 42, 0) to int3(0, 42, 4), will choose new target
    8: Could not find target at int3(0, 42, 0)
ClientWorld player simulation could not find a path in 9 attempts, waiting to try again
Player simulation searching for path from float3(0.5f, 42.1f, 0.5f) = int3(0, 42, 0) to int3(2, 42, -4)
AStar halted as encountered unloaded blocks, retrying...
Player simulation could not find a path from int3(0, 42, 0) to int3(2, 42, -4), will choose new target
Player simulation searching for path from float3(0.5f, 42.1f, 0.5f) = int3(0, 42, 0) to int3(15, 42, 12)
AStar halted as encountered unloaded blocks, retrying...
Player simulation could not find a path from int3(0, 42, 0) to int3(15, 42, 12), will choose new target
Player simulation searching for path from float3(0.5f, 42.1f, 0.5f) = int3(0, 42, 0) to int3(3, 42, -2)
AStar halted as encountered unloaded blocks, retrying...
Player simulation could not find a path from int3(0, 42, 0) to int3(3, 42, -2), will choose new target
    3: Could not find target at int3(0, 42, 0)
    4: Could not find target at int3(0, 42, 0)
    5: Could not find target at int3(0, 42, 0)
    6: Could not find target at int3(0, 42, 0)
Player simulation searching for path from float3(0.5f, 42.1f, 0.5f) = int3(0, 42, 0) to int3(0, 42, 4)
AStar halted as encountered unloaded blocks, retrying...
Player simulation could not find a path from int3(0, 42, 0) to int3(0, 42, 4), will choose new target
    8: Could not find target at int3(0, 42, 0)
ClientWorld player simulation could not find a path in 9 attempts, waiting to try again
Player simulation searching for path from float3(0.5f, 42.1f, 0.5f) = int3(0, 42, 0) to int3(2, 42, -4)
ClientWorld player simulation set new target int3(2, 42, -4)
ClientWorld player simulation reached target int3(2, 42, -4)
Player simulation searching for path from float3(2.324132f, 42.1f, -3.524132f) = int3(2, 42, -4) to int3(-9, 42, 14)
ClientWorld player simulation set new target int3(-9, 42, 14)
ClientWorld player simulation reached target int3(-9, 42, 14)
Player simulation searching for path from float3(-8.333002f, 42.1f, 14.487f) = int3(-9, 42, 14) to int3(-8, 42, 8)
ClientWorld player simulation set new target int3(-8, 42, 8)
ClientWorld player simulation reached target int3(-8, 42, 8)
Player simulation searching for path from float3(-7.663001f, 42.1f, 8.485001f) = int3(-8, 42, 8) to int3(-14, 42, 1)
ClientWorld player simulation set new target int3(-14, 42, 1)
ClientWorld player simulation reached target int3(-14, 42, 1)
Player simulation searching for path from float3(-13.318f, 42.1f, 1.488f) = int3(-14, 42, 1) to int3(-14, 42, 11)
ClientWorld player simulation set new target int3(-14, 42, 11)
ClientWorld player simulation reached target int3(-14, 42, 11)
Player simulation searching for path from float3(-13.531f, 42.1f, 11.342f) = int3(-14, 42, 11) to int3(-7, 42, 11)
ClientWorld player simulation set new target int3(-7, 42, 11)
ClientWorld player simulation reached target int3(-7, 42, 11)
Player simulation searching for path from float3(-6.689001f, 42.1f, 11.483f) = int3(-7, 42, 11) to int3(-14, 42, -10)
ClientWorld player simulation set new target int3(-14, 42, -10)
ClientWorld player simulation reached target int3(-14, 42, -10)
Player simulation searching for path from float3(-13.376f, 42.1f, -9.511001f) = int3(-14, 42, -10) to int3(-2, 42, 7)
ClientWorld player simulation set new target int3(-2, 42, 7)
ClientWorld player simulation reached target int3(-2, 42, 7)
Player simulation searching for path from float3(-1.514f, 42.1f, 7.375f) = int3(-2, 42, 7) to int3(-14, 42, 8)
ClientWorld player simulation set new target int3(-14, 42, 8)
ClientWorld player simulation reached target int3(-14, 42, 8)
Player simulation searching for path from float3(-13.497f, 42.1f, 8.358002f) = int3(-14, 42, 8) to int3(5, 42, -5)
ClientWorld player simulation set new target int3(5, 42, -5)
ClientWorld player simulation path has strayed from int3(-4, 42, 7) to int3(-7, 42, 7), searching for a correction
ClientWorld player simulation reached target int3(5, 42, -5)
Player simulation searching for path from float3(5.316421f, 42.1f, -4.514f) = int3(5, 42, -5) to int3(13, 42, -15)
ClientWorld player simulation set new target int3(13, 42, -15)
ClientWorld player simulation reached target int3(13, 42, -15)
Player simulation searching for path from float3(13.528f, 42.1f, -14.308f) = int3(13, 42, -15) to int3(-9, 42, -9)
ClientWorld player simulation set new target int3(-9, 42, -9)
ClientWorld player simulation reached target int3(-9, 42, -9)
Player simulation searching for path from float3(-8.518001f, 42.1f, -8.661999f) = int3(-9, 42, -9) to int3(10, 42, 13)
ClientWorld player simulation set new target int3(10, 42, 13)
ClientWorld player simulation reached target int3(10, 42, 13)
Player simulation searching for path from float3(10.515f, 42.1f, 13.333f) = int3(10, 42, 13) to int3(3, 42, -9)
ClientWorld player simulation set new target int3(3, 42, -9)
ClientWorld player simulation reached target int3(3, 42, -9)
Player simulation searching for path from float3(3.518f, 42.1f, -8.364001f) = int3(3, 42, -9) to int3(-5, 42, 15)
ClientWorld player simulation set new target int3(-5, 42, 15)
ClientWorld player simulation reached target int3(-5, 42, 15)
Player simulation searching for path from float3(-4.523f, 42.1f, 15.318f) = int3(-5, 42, 15) to int3(-7, 42, -10)
ClientWorld player simulation set new target int3(-7, 42, -10)
ClientWorld player simulation reached target int3(-7, 42, -10)
Player simulation searching for path from float3(-6.506001f, 42.1f, -9.306002f) = int3(-7, 42, -10) to int3(5, 42, 8)
ClientWorld player simulation set new target int3(5, 42, 8)
ClientWorld player simulation reached target int3(5, 42, 8)
Player simulation searching for path from float3(5.512f, 42.1f, 8.376001f) = int3(5, 42, 8) to int3(12, 42, 8)
ClientWorld player simulation set new target int3(12, 42, 8)
ClientWorld player simulation reached target int3(12, 42, 8)
Player simulation searching for path from float3(12.353f, 42.1f, 8.517f) = int3(12, 42, 8) to int3(3, 42, -4)
ClientWorld player simulation set new target int3(3, 42, -4)
ClientWorld player simulation reached target int3(3, 42, -4)
Player simulation searching for path from float3(3.612f, 42.1f, -3.472f) = int3(3, 42, -4) to int3(5, 42, 4)
ClientWorld player simulation set new target int3(5, 42, 4)
ClientWorld player simulation reached target int3(5, 42, 4)
Player simulation searching for path from float3(5.525f, 42.1f, 4.323f) = int3(5, 42, 4) to int3(-7, 42, -12)
ClientWorld player simulation set new target int3(-7, 42, -12)
ClientWorld player simulation reached target int3(-7, 42, -12)
Player simulation searching for path from float3(-6.345421f, 42.1f, -11.523f) = int3(-7, 42, -12) to int3(0, 42, -5)
ClientWorld player simulation set new target int3(0, 42, -5)
ClientWorld player simulation reached target int3(0, 42, -5)
Player simulation searching for path from float3(0.4937107f, 42.1f, -4.61829f) = int3(0, 42, -5) to int3(-2, 42, 8)
ClientWorld player simulation set new target int3(-2, 42, 8)
ClientWorld player simulation reached target int3(-2, 42, 8)
Player simulation searching for path from float3(-1.342711f, 42.1f, 8.435289f) = int3(-2, 42, 8) to int3(4, 42, 3)
ClientWorld player simulation set new target int3(4, 42, 3)
ClientWorld player simulation reached target int3(4, 42, 3)
Player simulation searching for path from float3(4.453579f, 42.1f, 3.679579f) = int3(4, 42, 3) to int3(2, 42, 2)
ClientWorld player simulation set new target int3(2, 42, 2)
ClientWorld player simulation reached target int3(2, 42, 2)
Player simulation searching for path from float3(2.664001f, 42.1f, 2.531f) = int3(2, 42, 2) to int3(-2, 42, -10)
ClientWorld player simulation set new target int3(-2, 42, -10)
ClientWorld player simulation reached target int3(-2, 42, -10)
Player simulation searching for path from float3(-1.309f, 42.1f, -9.525001f) = int3(-2, 42, -10) to int3(2, 42, 12)
ClientWorld player simulation set new target int3(2, 42, 12)
ClientWorld player simulation reached target int3(2, 42, 12)
Player simulation searching for path from float3(2.505f, 42.1f, 12.307f) = int3(2, 42, 12) to int3(-9, 42, -14)
ClientWorld player simulation set new target int3(-9, 42, -14)
ClientWorld player simulation reached target int3(-9, 42, -14)
Player simulation searching for path from float3(-8.525001f, 42.1f, -13.393f) = int3(-9, 42, -14) to int3(-14, 42, -13)
ClientWorld player simulation set new target int3(-14, 42, -13)
ClientWorld player simulation reached target int3(-14, 42, -13)
Player simulation searching for path from float3(-13.475f, 42.1f, -12.693f) = int3(-14, 42, -13) to int3(0, 42, 11)
ClientWorld player simulation set new target int3(0, 42, 11)
ClientWorld player simulation reached target int3(0, 42, 11)
Player simulation searching for path from float3(0.511f, 42.1f, 11.328f) = int3(0, 42, 11) to int3(-4, 42, 5)
ClientWorld player simulation set new target int3(-4, 42, 5)
ClientWorld player simulation reached target int3(-4, 42, 5)
Player simulation searching for path from float3(-3.486f, 42.1f, 5.655001f) = int3(-4, 42, 5) to int3(-2, 42, -9)
ClientWorld player simulation set new target int3(-2, 42, -9)
ClientWorld player simulation reached target int3(-2, 42, -9)
Player simulation searching for path from float3(-1.503f, 42.1f, -8.369001f) = int3(-2, 42, -9) to int3(-4, 42, -13)
ClientWorld player simulation set new target int3(-4, 42, -13)
ClientWorld player simulation reached target int3(-4, 42, -13)
Player simulation searching for path from float3(-3.481f, 42.1f, -12.364f) = int3(-4, 42, -13) to int3(1, 42, 13)
ClientWorld player simulation set new target int3(1, 42, 13)
ClientWorld player simulation reached target int3(1, 42, 13)
Player simulation searching for path from float3(1.351f, 42.1f, 13.492f) = int3(1, 42, 13) to int3(-3, 42, 1)
ClientWorld player simulation set new target int3(-3, 42, 1)
ClientWorld player simulation reached target int3(-3, 42, 1)
Player simulation searching for path from float3(-2.31f, 42.1f, 1.489f) = int3(-3, 42, 1) to int3(11, 42, -11)
ClientWorld player simulation set new target int3(11, 42, -11)
ClientWorld player simulation reached target int3(11, 42, -11)
Player simulation searching for path from float3(11.32f, 42.1f, -10.493f) = int3(11, 42, -11) to int3(-14, 42, 9)
ClientWorld player simulation set new target int3(-14, 42, 9)
ClientWorld player simulation reached target int3(-14, 42, 9)
Player simulation searching for path from float3(-13.526f, 42.1f, 9.344002f) = int3(-14, 42, 9) to int3(2, 42, -8)
ClientWorld player simulation set new target int3(2, 42, -8)
ClientWorld player simulation reached target int3(2, 42, -8)
Player simulation searching for path from float3(2.374421f, 42.1f, -7.515f) = int3(2, 42, -8) to int3(-4, 42, -5)
ClientWorld player simulation set new target int3(-4, 42, -5)
ClientWorld player simulation reached target int3(-4, 42, -5)
Player simulation searching for path from float3(-3.528f, 42.1f, -4.646579f) = int3(-4, 42, -5) to int3(-2, 42, -9)
ClientWorld player simulation set new target int3(-2, 42, -9)
ClientWorld player simulation reached target int3(-2, 42, -9)
Player simulation searching for path from float3(-1.48f, 42.1f, -8.313002f) = int3(-2, 42, -9) to int3(-4, 42, -13)
ClientWorld player simulation set new target int3(-4, 42, -13)
ClientWorld player simulation reached target int3(-4, 42, -13)
Player simulation searching for path from float3(-3.523f, 42.1f, -12.373f) = int3(-4, 42, -13) to int3(1, 42, 13)
ClientWorld player simulation set new target int3(1, 42, 13)
ClientWorld player simulation reached target int3(1, 42, 13)
Player simulation searching for path from float3(1.323f, 42.1f, 13.524f) = int3(1, 42, 13) to int3(-3, 42, 1)
ClientWorld player simulation set new target int3(-3, 42, 1)
[23:55:56.9299290]:[ClientWorld] Connection disconnected ID:19 Reason:ClosedByRemote
Caught fatal signal - signo:15 code:0 errno:0 addr:0x1502000767dc
Obtained 34 stack frames.
#0  0x007f22f15049c9 in PlayerMain(int, char**)
#1  0x007f22f14f94b7 in (Unknown)
#2  0x007f22ef261c20 in funlockfile
#3  0x007f221eec8a09 in UnityObjectUtility_IsUnityNull_m0FE15C8DFA320342403361EA2AC22C9B3E9E3CDE
#4  0x007f2219fba964 in SamplePlayerInput_OnUpdate_m9AA2035E35ACCE8292CF1BB3CF0DE2B5A07AE167
#5  0x007f2219fba658 in SamplePlayerInput___codegen__OnUpdate_m8A9334A56143C05C67F11FD63FC73CC37B9EDB12
#6  0x007f22195dd10d in ReversePInvokeWrapper_SamplePlayerInput___codegen__OnUpdate_m8A9334A56143C05C67F11FD63FC73CC37B9EDB12
#7  0x007f21ff6abdc1 in Unity.Entities.WorldUnmanagedImpl+UnmanagedUpdate_00001534$BurstDirectCall, Unity.Entities, Version=0.0.0.0, Culture=neutral, PublicKeyToken=null.Invoke(System.Void*, mscorlib, Version=4.0.0.0, Culture=neutral, PublicKeyToken=b77a5c561934e089 pSystemState) -> System.Void, mscorlib, Version=4.0.0.0, Culture=neutral, PublicKeyToken=b77a5c561934e089_362f43fd44a9be961edc90136d9814c5 from Unity.Entities, Version=0.0.0.0, Culture=neutral, PublicKeyToken=null
#8  0x007f21ff6aac59 in 7bf3b3dc1c88cb657fd69b548232391d_avx2
#9  0x007f21fff9b0aa in 7bf3b3dc1c88cb657fd69b548232391d
#10 0x007f221e1a0667 in UnmanagedUpdate_00001534U24BurstDirectCall_Invoke_m55B79C7CC8127CC26C857F8B7EF2D354EBB3ADBC
#11 0x007f221e19d311 in WorldUnmanagedImpl_UnmanagedUpdate_m679FEB4A8B994B459B1A4ADF7BBC58B8187633B6
#12 0x007f221e19d072 in WorldUnmanagedImpl_UpdateSystem_m542D9AE08601A66843934B06A609FDA778A0670B
#13 0x007f221e0946d3 in ComponentSystemGroup_UpdateAllSystems_m78B1AA9EAF07133497E9BA556B592AC93935441C
#14 0x007f221e0944d8 in ComponentSystemGroup_OnUpdate_m83128938DF97469E0D1CB883E5C9000C0C2DA9A7
#15 0x007f221e2f642f in SystemBase_Update_m795994EE60C054DFA78C313A60ED025B2668C9B4
#16 0x007f221e094758 in ComponentSystemGroup_UpdateAllSystems_m78B1AA9EAF07133497E9BA556B592AC93935441C
#17 0x007f221e0944d8 in ComponentSystemGroup_OnUpdate_m83128938DF97469E0D1CB883E5C9000C0C2DA9A7
#18 0x007f221e2f642f in SystemBase_Update_m795994EE60C054DFA78C313A60ED025B2668C9B4
#19 0x007f221e094758 in ComponentSystemGroup_UpdateAllSystems_m78B1AA9EAF07133497E9BA556B592AC93935441C
#20 0x007f221e0944cb in ComponentSystemGroup_OnUpdate_m83128938DF97469E0D1CB883E5C9000C0C2DA9A7
#21 0x007f221e2f642f in SystemBase_Update_m795994EE60C054DFA78C313A60ED025B2668C9B4
#22 0x007f221e2e47c6 in DummyDelegateWrapper_TriggerUpdate_m2C37F16899DE9C87FE35B065E0FF7E410E463FE7
#23 0x007f221effb1a0 in UpdateFunction_Invoke_m9BCEE4E5BEE924EB804DA64314B78D0E831C179B
#24 0x007f2219e88073 in il2cpp::vm::Runtime::InvokeWithThrow(MethodInfo const*, void*, void**)
#25 0x007f2219e87fdb in il2cpp::vm::Runtime::Invoke(MethodInfo const*, void*, void**, Il2CppException**)
#26 0x007f22f143df0b in (Unknown)
#27 0x007f22f1448cd7 in (Unknown)
#28 0x007f22f0f7c2e8 in (Unknown)
#29 0x007f22f0f7c201 in (Unknown)
#30 0x007f22f0f7c570 in (Unknown)
#31 0x007f22f14fb077 in PlayerMain(int, char**)
#32 0x007f22eeead493 in __libc_start_main
#33 0x00000000201029 in _start
Setting up 12 worker threads for Enlighten.
Writing stats to file
Calling DomainUnloadOrPlayModeChangeShutdown!
Caught fatal signal - signo:11 code:1 errno:0 addr:0x48
Obtained 25 stack frames.
#0  0x007f22f15049c9 in PlayerMain(int, char**)
#1  0x007f22f14f94b7 in (Unknown)
#2  0x007f22ef261c20 in funlockfile
#3  0x007f22f0ebcff3 in (Unknown)
#4  0x007f22f0ebd671 in (Unknown)
#5  0x007f22f0e9de7a in (Unknown)
#6  0x007f22f189942e in PlayerMain(int, char**)
#7  0x007f22f084b426 in (Unknown)
#8  0x007f221ef6d320 in ContentLoadInterface_ContentFile_UnloadAsync_Injected_mBD2F1D561285B0DE37DCDA4DEA75931201B5E680
#9  0x007f221ef6c78f in ContentLoadInterface_ContentFile_UnloadAsync_m197A3C60564D4E9F9049BAD57B46FB404A8F17BD
#10 0x007f221ef6c635 in ContentFile_UnloadAsync_mF35518E83FCF4C1701AF2C6CEBF7E507490481D6
#11 0x007f221e1e456a in RuntimeContentManager_ReleaseFile_m12EDB377B39EF4D01B3268E711303D79747A4F4C
#12 0x007f221e1e245c in RuntimeContentManager_ReleaseObjectImpl_m84E24B7727CAA367D95ABC97FC529A5594840414
#13 0x007f221e1e0ae8 in RuntimeContentManager_Cleanup_m6436DF58ED05204D0A7DFACFB212018BD6B813FD
#14 0x007f221e1e1f38 in RuntimeContentManager_OnShutdown_m09B1F0AD37BE7168472DDB84F55C43F02CD40113
#15 0x007f2219cdde76 in EventHandler_Invoke_m9D3126CBE291A3E7E7C304094E1DA846832F9B96_Multicast(EventHandler_tC6323FD7E6163F965259C33D72612C0E5B9BAB82*, Il2CppObject*, EventArgs_t37273F03EAC87217701DD431B190FBD84AD7C377*, MethodInfo const*)
#16 0x007f221d64f7b0 in EventHandler_Invoke_m9D3126CBE291A3E7E7C304094E1DA846832F9B96
#17 0x007f2219e88073 in il2cpp::vm::Runtime::InvokeWithThrow(MethodInfo const*, void*, void**)
#18 0x007f2219e87fdb in il2cpp::vm::Runtime::Invoke(MethodInfo const*, void*, void**, Il2CppException**)
#19 0x007f2219e87b1c in il2cpp::vm::Runtime::Shutdown()
#20 0x007f22f1452f56 in (Unknown)
#21 0x007f22f0f8e658 in (Unknown)
#22 0x007f22f14faee6 in PlayerMain(int, char**)
#23 0x007f22eeead493 in __libc_start_main
#24 0x00000000201029 in _start
