[UnityMemory] Configuration Parameters - Can be set up in boot.config
    "memorysetup-bucket-allocator-granularity=16"
    "memorysetup-bucket-allocator-bucket-count=8"
    "memorysetup-bucket-allocator-block-size=4194304"
    "memorysetup-bucket-allocator-block-count=1"
    "memorysetup-main-allocator-block-size=16777216"
    "memorysetup-thread-allocator-block-size=16777216"
    "memorysetup-gfx-main-allocator-block-size=16777216"
    "memorysetup-gfx-thread-allocator-block-size=16777216"
    "memorysetup-cache-allocator-block-size=4194304"
    "memorysetup-typetree-allocator-block-size=2097152"
    "memorysetup-profiler-bucket-allocator-granularity=16"
    "memorysetup-profiler-bucket-allocator-bucket-count=8"
    "memorysetup-profiler-bucket-allocator-block-size=4194304"
    "memorysetup-profiler-bucket-allocator-block-count=1"
    "memorysetup-profiler-allocator-block-size=16777216"
    "memorysetup-profiler-editor-allocator-block-size=1048576"
    "memorysetup-temp-allocator-size-main=4194304"
    "memorysetup-job-temp-allocator-block-size=2097152"
    "memorysetup-job-temp-allocator-block-size-background=1048576"
    "memorysetup-job-temp-allocator-reduction-small-platforms=262144"
    "memorysetup-allocator-temp-initial-block-size-main=262144"
    "memorysetup-allocator-temp-initial-block-size-worker=262144"
    "memorysetup-temp-allocator-size-background-worker=32768"
    "memorysetup-temp-allocator-size-job-worker=262144"
    "memorysetup-temp-allocator-size-preload-manager=262144"
    "memorysetup-temp-allocator-size-nav-mesh-worker=65536"
    "memorysetup-temp-allocator-size-audio-worker=65536"
    "memorysetup-temp-allocator-size-cloud-worker=32768"
    "memorysetup-temp-allocator-size-gfx=262144"
Remaining time:29s
Found 2 interfaces on host : 0) 10.141.0.2 1) 10.149.0.2
Player connection [140597101989760] Multi-casting "[IP] 10.141.0.2 [Port] 55000 [Flags] 19 [Guid] 4082958118 [EditorId] 3765082745 [Version] 1048832 [Id] LinuxPlayer(13,10.141.0.2) [Debug] 0 [PackageName] LinuxPlayer [ProjectName] Opencraft" to [225.0.0.222:54997]...

Direct connection to host time out.
Stopping profiler. Profiler is not able to flush data to a file or socket and exceeded maximum allowed memory for buffering.
Please use Profiler.maxUsedMemory API or -profiler-maxusedmemory command line parameter to increase maximum allowed memory usage.
Using 134234112 bytes while Profiler.maxUsedMemory is 134217728 bytes.
Failed to initialize networking layer after 30 seconds, skipping waiting for connection before starting playback.
Preloaded 'lib_burst_generated.so'
Preloaded 'libwebrtc.so'
[Physics::Module] Initialized MultithreadedJobDispatcher with 47 workers.
Initialize engine version: 2022.3.16f1 (d2c21f0ef2f1)
[Subsystems] Discovering subsystems at path /var/scratch/zmr280/opencraft/opencraft_Data/UnitySubsystems
Forcing GfxDevice: Null
GfxDevice: creating device client; threaded=0; jobified=0
NullGfxDevice:
    Version:  NULL 1.0 [1.0]
    Renderer: Null Device
    Vendor:   Unity Technologies
ERROR: Shader Hidden/Universal Render Pipeline/Blit shader is not supported on this GPU (none of subshaders/fallbacks are suitable)
ERROR: Shader Hidden/Universal Render Pipeline/CopyDepth shader is not supported on this GPU (none of subshaders/fallbacks are suitable)
ERROR: Shader Hidden/Universal Render Pipeline/Sampling shader is not supported on this GPU (none of subshaders/fallbacks are suitable)
ERROR: Shader Hidden/Universal Render Pipeline/LutBuilderLdr shader is not supported on this GPU (none of subshaders/fallbacks are suitable)
ERROR: Shader Hidden/Universal Render Pipeline/LutBuilderHdr shader is not supported on this GPU (none of subshaders/fallbacks are suitable)
ERROR: Shader Hidden/Universal Render Pipeline/UberPost shader is not supported on this GPU (none of subshaders/fallbacks are suitable)
ERROR: Shader Hidden/Universal Render Pipeline/Debug/DebugReplacement shader is not supported on this GPU (none of subshaders/fallbacks are suitable)
ERROR: Shader Hidden/Universal/HDRDebugView shader is not supported on this GPU (none of subshaders/fallbacks are suitable)
WARNING: Shader Unsupported: 'Hidden/Universal Render Pipeline/FallbackError' - All subshaders removed
WARNING: Shader Did you use #pragma only_renderers and omit this platform?
WARNING: Shader If subshaders removal was intentional, you may have forgotten turning Fallback off?
ERROR: Shader Hidden/Universal Render Pipeline/FallbackError shader is not supported on this GPU (none of subshaders/fallbacks are suitable)
WARNING: Shader Unsupported: 'Hidden/Universal Render Pipeline/FallbackError' - All subshaders removed
WARNING: Shader Did you use #pragma only_renderers and omit this platform?
WARNING: Shader If subshaders removal was intentional, you may have forgotten turning Fallback off?
WARNING: Shader Unsupported: 'Hidden/Universal Render Pipeline/StencilDeferred' - All subshaders removed
WARNING: Shader Did you use #pragma only_renderers and omit this platform?
WARNING: Shader If subshaders removal was intentional, you may have forgotten turning Fallback off?
ERROR: Shader Hidden/Universal Render Pipeline/StencilDeferred shader is not supported on this GPU (none of subshaders/fallbacks are suitable)
WARNING: Shader Unsupported: 'Hidden/Universal Render Pipeline/StencilDeferred' - All subshaders removed
WARNING: Shader Did you use #pragma only_renderers and omit this platform?
WARNING: Shader If subshaders removal was intentional, you may have forgotten turning Fallback off?
ERROR: Shader Hidden/Universal Render Pipeline/CameraMotionVectors shader is not supported on this GPU (none of subshaders/fallbacks are suitable)
ERROR: Shader Hidden/Universal Render Pipeline/ObjectMotionVectors shader is not supported on this GPU (none of subshaders/fallbacks are suitable)
ERROR: Shader Hidden/Universal Render Pipeline/LensFlareDataDriven shader is not supported on this GPU (none of subshaders/fallbacks are suitable)
ERROR: Shader Hidden/Universal Render Pipeline/ScreenSpaceAmbientOcclusion shader is not supported on this GPU (none of subshaders/fallbacks are suitable)
ERROR: Shader Hidden/Universal Render Pipeline/Stop NaN shader is not supported on this GPU (none of subshaders/fallbacks are suitable)
ERROR: Shader Hidden/Universal Render Pipeline/SubpixelMorphologicalAntialiasing shader is not supported on this GPU (none of subshaders/fallbacks are suitable)
ERROR: Shader Hidden/Universal Render Pipeline/TemporalAA shader is not supported on this GPU (none of subshaders/fallbacks are suitable)
ERROR: Shader Hidden/Universal Render Pipeline/Scaling Setup shader is not supported on this GPU (none of subshaders/fallbacks are suitable)
ERROR: Shader Hidden/Universal Render Pipeline/Edge Adaptive Spatial Upsampling shader is not supported on this GPU (none of subshaders/fallbacks are suitable)
ERROR: Shader Hidden/Universal Render Pipeline/FinalPost shader is not supported on this GPU (none of subshaders/fallbacks are suitable)
ERROR: Shader Sprites/Default shader is not supported on this GPU (none of subshaders/fallbacks are suitable)
ERROR: Shader Sprites/Mask shader is not supported on this GPU (none of subshaders/fallbacks are suitable)
ERROR: Shader GUI/Text Shader shader is not supported on this GPU (none of subshaders/fallbacks are suitable)
UnloadTime: 0.919023 ms
Parsing args: /var/scratch/zmr280/opencraft/opencraft.x86_64, -batchmode, -nographics, -logStats, True, -serverUrl, 10.141.0.1, -statsFile, /var/scratch/zmr280/runs/players-activeLogic_3-Layer_6x_6z_40p_120s/opencraft_stats/client1.csv, -userID, 1, -playType, Client, -emulationType, Simulation
Setting up worlds with playType Client and streaming role Disabled
Adding type with UniqueSystemAttribute: StatisticsSystem
Adding type with UniqueSystemAttribute: StatisticsSystem
Adding world ClientWorld to update list
Connecting worlds with playType Client and streaming role Disabled
Created connection request for 10.141.0.1:7979
Creating statistics writer!
Recorder [ServerFixedUpdate] is invalid!
UnityEngine.DebugLogHandler:Internal_Log(LogType, LogOption, String, Object)
UnityEngine.DebugLogHandler:LogFormat(LogType, Object, String, Object[])
UnityEngine.Logger:Log(LogType, Object)
UnityEngine.Debug:LogWarning(Object)
PolkaDOTS.Statistics.StatisticsWriter:.ctor()
PolkaDOTS.Statistics.StatisticsWriterInstance:Awake()

Recorder [TerrainGeneration] is invalid!
UnityEngine.DebugLogHandler:Internal_Log(LogType, LogOption, String, Object)
UnityEngine.DebugLogHandler:LogFormat(LogType, Object, String, Object[])
UnityEngine.Logger:Log(LogType, Object)
UnityEngine.Debug:LogWarning(Object)
PolkaDOTS.Statistics.StatisticsWriter:.ctor()
PolkaDOTS.Statistics.StatisticsWriterInstance:Awake()

Recorder [PlayerTerrainGenCheck] is invalid!
UnityEngine.DebugLogHandler:Internal_Log(LogType, LogOption, String, Object)
UnityEngine.DebugLogHandler:LogFormat(LogType, Object, String, Object[])
UnityEngine.Logger:Log(LogType, Object)
UnityEngine.Debug:LogWarning(Object)
PolkaDOTS.Statistics.StatisticsWriter:.ctor()
PolkaDOTS.Statistics.StatisticsWriterInstance:Awake()

Recorder [StructureGeneration] is invalid!
UnityEngine.DebugLogHandler:Internal_Log(LogType, LogOption, String, Object)
UnityEngine.DebugLogHandler:LogFormat(LogType, Object, String, Object[])
UnityEngine.Logger:Log(LogType, Object)
UnityEngine.Debug:LogWarning(Object)
PolkaDOTS.Statistics.StatisticsWriter:.ctor()
PolkaDOTS.Statistics.StatisticsWriterInstance:Awake()

Recorder [TerrainLogicSystem] is invalid!
UnityEngine.DebugLogHandler:Internal_Log(LogType, LogOption, String, Object)
UnityEngine.DebugLogHandler:LogFormat(LogType, Object, String, Object[])
UnityEngine.Logger:Log(LogType, Object)
UnityEngine.Debug:LogWarning(Object)
PolkaDOTS.Statistics.StatisticsWriter:.ctor()
PolkaDOTS.Statistics.StatisticsWriterInstance:Awake()

Recorder [GetUpdates] is invalid!
UnityEngine.DebugLogHandler:Internal_Log(LogType, LogOption, String, Object)
UnityEngine.DebugLogHandler:LogFormat(LogType, Object, String, Object[])
UnityEngine.Logger:Log(LogType, Object)
UnityEngine.Debug:LogWarning(Object)
PolkaDOTS.Statistics.StatisticsWriter:.ctor()
PolkaDOTS.Statistics.StatisticsWriterInstance:Awake()

Recorder [ReevaluatePropagateMarker] is invalid!
UnityEngine.DebugLogHandler:Internal_Log(LogType, LogOption, String, Object)
UnityEngine.DebugLogHandler:LogFormat(LogType, Object, String, Object[])
UnityEngine.Logger:Log(LogType, Object)
UnityEngine.Debug:LogWarning(Object)
PolkaDOTS.Statistics.StatisticsWriter:.ctor()
PolkaDOTS.Statistics.StatisticsWriterInstance:Awake()

Recorder [PropagateLogicState] is invalid!
UnityEngine.DebugLogHandler:Internal_Log(LogType, LogOption, String, Object)
UnityEngine.DebugLogHandler:LogFormat(LogType, Object, String, Object[])
UnityEngine.Logger:Log(LogType, Object)
UnityEngine.Debug:LogWarning(Object)
PolkaDOTS.Statistics.StatisticsWriter:.ctor()
PolkaDOTS.Statistics.StatisticsWriterInstance:Awake()

Recorder [PropInputBlocks] is invalid!
UnityEngine.DebugLogHandler:Internal_Log(LogType, LogOption, String, Object)
UnityEngine.DebugLogHandler:LogFormat(LogType, Object, String, Object[])
UnityEngine.Logger:Log(LogType, Object)
UnityEngine.Debug:LogWarning(Object)
PolkaDOTS.Statistics.StatisticsWriter:.ctor()
PolkaDOTS.Statistics.StatisticsWriterInstance:Awake()

Recorder [PropActiveLogicBlocks] is invalid!
UnityEngine.DebugLogHandler:Internal_Log(LogType, LogOption, String, Object)
UnityEngine.DebugLogHandler:LogFormat(LogType, Object, String, Object[])
UnityEngine.Logger:Log(LogType, Object)
UnityEngine.Debug:LogWarning(Object)
PolkaDOTS.Statistics.StatisticsWriter:.ctor()
PolkaDOTS.Statistics.StatisticsWriterInstance:Awake()

Recorder [CheckGateState] is invalid!
UnityEngine.DebugLogHandler:Internal_Log(LogType, LogOption, String, Object)
UnityEngine.DebugLogHandler:LogFormat(LogType, Object, String, Object[])
UnityEngine.Logger:Log(LogType, Object)
UnityEngine.Debug:LogWarning(Object)
PolkaDOTS.Statistics.StatisticsWriter:.ctor()
PolkaDOTS.Statistics.StatisticsWriterInstance:Awake()

Recorder [GhostSimulationSystemGroup] is invalid!
UnityEngine.DebugLogHandler:Internal_Log(LogType, LogOption, String, Object)
UnityEngine.DebugLogHandler:LogFormat(LogType, Object, String, Object[])
UnityEngine.Logger:Log(LogType, Object)
UnityEngine.Debug:LogWarning(Object)
PolkaDOTS.Statistics.StatisticsWriter:.ctor()
PolkaDOTS.Statistics.StatisticsWriterInstance:Awake()

Recorder [PredictedSimulationSystemGroup] is invalid!
UnityEngine.DebugLogHandler:Internal_Log(LogType, LogOption, String, Object)
UnityEngine.DebugLogHandler:LogFormat(LogType, Object, String, Object[])
UnityEngine.Logger:Log(LogType, Object)
UnityEngine.Debug:LogWarning(Object)
PolkaDOTS.Statistics.StatisticsWriter:.ctor()
PolkaDOTS.Statistics.StatisticsWriterInstance:Awake()

Initializing multiplay!
Found non-specified codec: VP8 Internal video/VP8 implementation_name=Internal
Found codec: VP9 Profile0
Found codec: VP9 Profile2
Found codec: VP9 Profile1
Found codec: VP9 Profile3
Found codec: AV1 Profile0
Found codec: AV1 Profile1
Could not find H264.High as streaming codec!
Adding terrain areas statistics recorders
Streamed scene with   35ms latency from /var/scratch/zmr280/opencraft/opencraft_Data/StreamingAssets/EntityScenes/bea83102298cfb741939cdba85abe535.0.entities
AutoLoading authoring scene in world ClientWorld
[01:50:59.0979530]:[ClientWorld] New connection ID:7
ERROR: Shader Custom/VoxelShader shader is not supported on this GPU (none of subshaders/fallbacks are suitable)
WARNING: Shader Unsupported: 'Hidden/Universal Render Pipeline/FallbackError' - All subshaders removed
WARNING: Shader Did you use #pragma only_renderers and omit this platform?
WARNING: Shader If subshaders removal was intentional, you may have forgotten turning Fallback off?
ERROR: Shader Hidden/Universal Render Pipeline/FallbackError shader is not supported on this GPU (none of subshaders/fallbacks are suitable)
WARNING: Shader Unsupported: 'Hidden/Universal Render Pipeline/FallbackError' - All subshaders removed
WARNING: Shader Did you use #pragma only_renderers and omit this platform?
WARNING: Shader If subshaders removal was intentional, you may have forgotten turning Fallback off?
WARNING: Shader Unsupported: 'Universal Render Pipeline/Lit' - All subshaders removed
WARNING: Shader Did you use #pragma only_renderers and omit this platform?
WARNING: Shader If subshaders removal was intentional, you may have forgotten turning Fallback off?
ERROR: Shader Universal Render Pipeline/Lit shader is not supported on this GPU (none of subshaders/fallbacks are suitable)
WARNING: Shader Unsupported: 'Universal Render Pipeline/Lit' - All subshaders removed
WARNING: Shader Did you use #pragma only_renderers and omit this platform?
WARNING: Shader If subshaders removal was intentional, you may have forgotten turning Fallback off?
WARNING: Shader Unsupported: 'Universal Render Pipeline/Unlit' - All subshaders removed
WARNING: Shader Did you use #pragma only_renderers and omit this platform?
WARNING: Shader If subshaders removal was intentional, you may have forgotten turning Fallback off?
ERROR: Shader Universal Render Pipeline/Unlit shader is not supported on this GPU (none of subshaders/fallbacks are suitable)
WARNING: Shader Unsupported: 'Universal Render Pipeline/Unlit' - All subshaders removed
WARNING: Shader Did you use #pragma only_renderers and omit this platform?
WARNING: Shader If subshaders removal was intentional, you may have forgotten turning Fallback off?
Streamed scene with   36ms latency from /var/scratch/zmr280/opencraft/opencraft_Data/StreamingAssets/EntityScenes/62561c7118c5bbb46929c6bf65331faa.0.entities
Sending start game stream RPC
Emulation type is Idle, Simulation
Creating local player object
Sending spawn player RPC for user 1
ERROR: Shader UI/Default shader is not supported on this GPU (none of subshaders/fallbacks are suitable)
Player 1 has no connection ID!
UnityEngine.DebugLogHandler:Internal_Log(LogType, LogOption, String, Object)
UnityEngine.DebugLogHandler:LogFormat(LogType, Object, String, Object[])
UnityEngine.Logger:Log(LogType, Object)
UnityEngine.Debug:LogWarning(Object)
Opencraft.Player.SamplePlayerInput:OnUpdate(SystemState&)
Opencraft.Player.SamplePlayerInput:__codegen__OnUpdate(IntPtr, IntPtr)

Linking player entity Entity(170:1) to 1@LOCALPLAYER
Player simulation searching for path from float3(0.5f, 9.200001f, 0.5f) = int3(0, 9, 0) to int3(-13, 9, 4)
Player simulation could not find a path from int3(0, 9, 0) to int3(-13, 9, 4), will choose new target
Player simulation searching for path from float3(0.5f, 9.200001f, 0.5f) = int3(0, 9, 0) to int3(8, 9, 6)
Player simulation could not find a path from int3(0, 9, 0) to int3(8, 9, 6), will choose new target
    2: Could not find target at int3(0, 9, 0)
Player simulation searching for path from float3(0.5f, 9.200001f, 0.5f) = int3(0, 9, 0) to int3(-12, 9, 14)
Player simulation could not find a path from int3(0, 9, 0) to int3(-12, 9, 14), will choose new target
Player simulation searching for path from float3(0.5f, 9.200001f, 0.5f) = int3(0, 9, 0) to int3(9, 9, 4)
Player simulation could not find a path from int3(0, 9, 0) to int3(9, 9, 4), will choose new target
    5: Could not find target at int3(0, 9, 0)
    6: Could not find target at int3(0, 9, 0)
    7: Could not find target at int3(0, 9, 0)
    8: Could not find target at int3(0, 9, 0)
ClientWorld player simulation could not find a path in 9 attempts, waiting to try again
Player simulation searching for path from float3(0.5f, 9.1f, 0.5f) = int3(0, 9, 0) to int3(-13, 9, 4)
ClientWorld player simulation set new target int3(-13, 9, 4)
ClientWorld player simulation reached target int3(-13, 9, 4)
Player simulation searching for path from float3(-12.36742f, 9.12929f, 4.473289f) = int3(-13, 9, 4) to int3(3, 9, 1)
ClientWorld player simulation set new target int3(3, 9, 1)
ClientWorld player simulation reached target int3(3, 9, 1)
Player simulation searching for path from float3(3.37571f, 9.12929f, 1.512f) = int3(3, 9, 1) to int3(2, 9, 10)
ClientWorld player simulation set new target int3(2, 9, 10)
ClientWorld player simulation reached target int3(2, 9, 10)
Player simulation searching for path from float3(2.66329f, 9.12929f, 10.507f) = int3(2, 9, 10) to int3(0, 9, 5)
ClientWorld player simulation set new target int3(0, 9, 5)
ClientWorld player simulation reached target int3(0, 9, 5)
Player simulation searching for path from float3(0.6732894f, 9.12929f, 5.5f) = int3(0, 9, 5) to int3(8, 9, -4)
ClientWorld player simulation set new target int3(8, 9, -4)
ClientWorld player simulation reached target int3(8, 9, -4)
Player simulation searching for path from float3(8.459736f, 9.142265f, -3.373735f) = int3(8, 9, -4) to int3(4, 9, 11)
ClientWorld player simulation set new target int3(4, 9, 11)
ClientWorld player simulation reached target int3(4, 9, 11)
Player simulation searching for path from float3(4.664555f, 9.142265f, 11.48003f) = int3(4, 9, 11) to int3(6, 9, -12)
ClientWorld player simulation set new target int3(6, 9, -12)
ClientWorld player simulation reached target int3(6, 9, -12)
Player simulation searching for path from float3(6.536976f, 9.142265f, -11.34945f) = int3(6, 9, -12) to int3(-1, 9, 12)
ClientWorld player simulation set new target int3(-1, 9, 12)
ClientWorld player simulation reached target int3(-1, 9, 12)
Player simulation searching for path from float3(-0.3504214f, 9.12929f, 12.46529f) = int3(-1, 9, 12) to int3(-8, 9, 11)
ClientWorld player simulation set new target int3(-8, 9, 11)
ClientWorld player simulation reached target int3(-8, 9, 11)
Player simulation searching for path from float3(-7.505711f, 9.12929f, 11.67058f) = int3(-8, 9, 11) to int3(3, 9, 4)
ClientWorld player simulation set new target int3(3, 9, 4)
ClientWorld player simulation reached target int3(3, 9, 4)
Player simulation searching for path from float3(3.353446f, 9.142265f, 4.475554f) = int3(3, 9, 4) to int3(-13, 9, -8)
ClientWorld player simulation set new target int3(-13, 9, -8)
ClientWorld player simulation reached target int3(-13, 9, -8)
Player simulation searching for path from float3(-12.476f, 9.12929f, -7.306132f) = int3(-13, 9, -8) to int3(3, 9, 1)
ClientWorld player simulation set new target int3(3, 9, 1)
ClientWorld player simulation reached target int3(3, 9, 1)
Player simulation searching for path from float3(3.311446f, 9.142265f, 1.479976f) = int3(3, 9, 1) to int3(2, 9, 10)
ClientWorld player simulation set new target int3(2, 9, 10)
ClientWorld player simulation reached target int3(2, 9, 10)
Player simulation searching for path from float3(2.683555f, 9.142265f, 10.50602f) = int3(2, 9, 10) to int3(0, 9, 5)
ClientWorld player simulation set new target int3(0, 9, 5)
ClientWorld player simulation reached target int3(0, 9, 5)
Player simulation searching for path from float3(0.6275544f, 9.142265f, 5.545555f) = int3(0, 9, 5) to int3(8, 9, -4)
ClientWorld player simulation set new target int3(8, 9, -4)
ClientWorld player simulation reached target int3(8, 9, -4)
Player simulation searching for path from float3(8.463f, 9.12929f, -3.351711f) = int3(8, 9, -4) to int3(4, 9, 11)
ClientWorld player simulation set new target int3(4, 9, 11)
ClientWorld player simulation reached target int3(4, 9, 11)
Player simulation searching for path from float3(4.612555f, 9.142265f, 11.52398f) = int3(4, 9, 11) to int3(6, 9, -12)
ClientWorld player simulation set new target int3(6, 9, -12)
ClientWorld player simulation reached target int3(6, 9, -12)
Player simulation searching for path from float3(6.466976f, 9.142265f, -11.31945f) = int3(6, 9, -12) to int3(-1, 9, 12)
ClientWorld player simulation set new target int3(-1, 9, 12)
ClientWorld player simulation reached target int3(-1, 9, 12)
Player simulation searching for path from float3(-0.3374457f, 9.142265f, 12.48498f) = int3(-1, 9, 12) to int3(-8, 9, 11)
ClientWorld player simulation set new target int3(-8, 9, 11)
ClientWorld player simulation reached target int3(-8, 9, 11)
Player simulation searching for path from float3(-7.477f, 9.12929f, 11.60629f) = int3(-8, 9, 11) to int3(3, 9, 4)
ClientWorld player simulation set new target int3(3, 9, 4)
ClientWorld player simulation reached target int3(3, 9, 4)
Player simulation searching for path from float3(3.348156f, 9.142265f, 4.484735f) = int3(3, 9, 4) to int3(-13, 9, -8)
ClientWorld player simulation set new target int3(-13, 9, -8)
ClientWorld player simulation reached target int3(-13, 9, -8)
Player simulation searching for path from float3(-12.46529f, 9.12929f, -7.332422f) = int3(-13, 9, -8) to int3(3, 9, 1)
ClientWorld player simulation set new target int3(3, 9, 1)
ClientWorld player simulation reached target int3(3, 9, 1)
Player simulation searching for path from float3(3.301157f, 9.142265f, 1.645157f) = int3(3, 9, 1) to int3(2, 9, 10)
ClientWorld player simulation set new target int3(2, 9, 10)
ClientWorld player simulation reached target int3(2, 9, 10)
Player simulation searching for path from float3(2.60229f, 9.12929f, 10.483f) = int3(2, 9, 10) to int3(0, 9, 5)
ClientWorld player simulation set new target int3(0, 9, 5)
ClientWorld player simulation reached target int3(0, 9, 5)
Player simulation searching for path from float3(0.6582893f, 9.12929f, 5.498f) = int3(0, 9, 5) to int3(8, 9, -4)
ClientWorld player simulation set new target int3(8, 9, -4)
ClientWorld player simulation reached target int3(8, 9, -4)
Player simulation searching for path from float3(8.523001f, 9.12929f, -3.349711f) = int3(8, 9, -4) to int3(4, 9, 11)
ClientWorld player simulation set new target int3(4, 9, 11)
ClientWorld player simulation reached target int3(4, 9, 11)
Player simulation searching for path from float3(4.648579f, 9.12929f, 11.54971f) = int3(4, 9, 11) to int3(6, 9, -12)
ClientWorld player simulation set new target int3(6, 9, -12)
ClientWorld player simulation reached target int3(6, 9, -12)
Player simulation searching for path from float3(6.426976f, 9.142265f, -11.30545f) = int3(6, 9, -12) to int3(-1, 9, 12)
ClientWorld player simulation set new target int3(-1, 9, 12)
ClientWorld player simulation reached target int3(-1, 9, 12)
Player simulation searching for path from float3(-0.3311321f, 9.12929f, 12.50542f) = int3(-1, 9, 12) to int3(-8, 9, 11)
ClientWorld player simulation set new target int3(-8, 9, 11)
ClientWorld player simulation reached target int3(-8, 9, 11)
Player simulation searching for path from float3(-7.502f, 9.12929f, 11.61029f) = int3(-8, 9, 11) to int3(3, 9, 4)
ClientWorld player simulation set new target int3(3, 9, 4)
ClientWorld player simulation reached target int3(3, 9, 4)
Player simulation searching for path from float3(3.315156f, 9.142265f, 4.414844f) = int3(3, 9, 4) to int3(-13, 9, -8)
ClientWorld player simulation set new target int3(-13, 9, -8)
ClientWorld player simulation reached target int3(-13, 9, -8)
Player simulation searching for path from float3(-12.47f, 9.12929f, -7.357711f) = int3(-13, 9, -8) to int3(3, 9, 1)
ClientWorld player simulation set new target int3(3, 9, 1)
ClientWorld player simulation reached target int3(3, 9, 1)
Player simulation searching for path from float3(3.301711f, 9.12929f, 1.48f) = int3(3, 9, 1) to int3(2, 9, 10)
ClientWorld player simulation set new target int3(2, 9, 10)
ClientWorld player simulation reached target int3(2, 9, 10)
Player simulation searching for path from float3(2.691265f, 9.142265f, 10.46274f) = int3(2, 9, 10) to int3(0, 9, 5)
ClientWorld player simulation set new target int3(0, 9, 5)
ClientWorld player simulation reached target int3(0, 9, 5)
Player simulation searching for path from float3(0.6475543f, 9.142265f, 5.413555f) = int3(0, 9, 5) to int3(8, 9, -4)
ClientWorld player simulation set new target int3(8, 9, -4)
ClientWorld player simulation reached target int3(8, 9, -4)
Player simulation searching for path from float3(8.500265f, 9.142265f, -3.312156f) = int3(8, 9, -4) to int3(4, 9, 11)
ClientWorld player simulation set new target int3(4, 9, 11)
ClientWorld player simulation reached target int3(4, 9, 11)
Player simulation searching for path from float3(4.688555f, 9.142265f, 11.48498f) = int3(4, 9, 11) to int3(6, 9, -12)
ClientWorld player simulation set new target int3(6, 9, -12)
ClientWorld player simulation reached target int3(6, 9, -12)
Player simulation searching for path from float3(6.442554f, 9.142265f, -11.34945f) = int3(6, 9, -12) to int3(-1, 9, 12)
ClientWorld player simulation set new target int3(-1, 9, 12)
ClientWorld player simulation reached target int3(-1, 9, 12)
Player simulation searching for path from float3(-0.3344457f, 9.142265f, 12.44498f) = int3(-1, 9, 12) to int3(-8, 9, 11)
ClientWorld player simulation set new target int3(-8, 9, 11)
ClientWorld player simulation reached target int3(-8, 9, 11)
Player simulation searching for path from float3(-7.525001f, 9.12929f, 11.69029f) = int3(-8, 9, 11) to int3(3, 9, 4)
ClientWorld player simulation set new target int3(3, 9, 4)
[01:53:06.2232330]:[ClientWorld] Connection disconnected ID:7 Reason:ClosedByRemote
Caught fatal signal - signo:15 code:0 errno:0 addr:0x150200092a9f
Obtained 31 stack frames.
#0  0x007fdf4ec6f9c9 in PlayerMain(int, char**)
#1  0x007fdf4ec644b7 in (Unknown)
#2  0x007fdf4c9ccc20 in funlockfile
#3  0x007fde710cbea1 in Unity.Entities.EntityDataAccess, Unity.Entities, Version=0.0.0.0, Culture=neutral, PublicKeyToken=null.GetBuffer<Unity.NetCode.GhostCollectionPrefab, Unity.NetCode, Version=0.0.0.0, Culture=neutral, PublicKeyToken=null>(Unity.Entities.EntityDataAccess*, Unity.Entities, Version=0.0.0.0, Culture=neutral, PublicKeyToken=null this, Unity.Entities.Entity, Unity.Entities, Version=0.0.0.0, Culture=neutral, PublicKeyToken=null entity, System.Boolean, mscorlib, Version=4.0.0.0, Culture=neutral, PublicKeyToken=b77a5c561934e089 isReadOnly) -> Unity.Entities.DynamicBuffer`1[[Unity.NetCode.GhostCollectionPrefab, Unity.NetCode, Version=0.0.0.0, Culture=neutral, PublicKeyToken=null]], Unity.Entities, Version=0.0.0.0, Culture=neutral, PublicKeyToken=null_362f43fd44a9be961edc90136d9814c5 from Unity.Entities, Version=0.0.0.0, Culture=neutral, PublicKeyToken=null
#4  0x007fde711bd16c in Unity.NetCode.GhostSpawnSystem, Unity.NetCode, Version=0.0.0.0, Culture=neutral, PublicKeyToken=null.OnUpdate(Unity.NetCode.GhostSpawnSystem*, Unity.NetCode, Version=0.0.0.0, Culture=neutral, PublicKeyToken=null this, Unity.Entities.SystemState&, Unity.Entities, Version=0.0.0.0, Culture=neutral, PublicKeyToken=null state) -> System.Void, mscorlib, Version=4.0.0.0, Culture=neutral, PublicKeyToken=b77a5c561934e089_362f43fd44a9be961edc90136d9814c5 from Unity.NetCode, Version=0.0.0.0, Culture=neutral, PublicKeyToken=null
#5  0x007fde711baa29 in fba4fd3fb23d8fc9634f1cf2b1f9d46d_avx2
#6  0x007fde71cb957a in fba4fd3fb23d8fc9634f1cf2b1f9d46d
#7  0x007fde713bcdc1 in Unity.Entities.WorldUnmanagedImpl+UnmanagedUpdate_00001534$BurstDirectCall, Unity.Entities, Version=0.0.0.0, Culture=neutral, PublicKeyToken=null.Invoke(System.Void*, mscorlib, Version=4.0.0.0, Culture=neutral, PublicKeyToken=b77a5c561934e089 pSystemState) -> System.Void, mscorlib, Version=4.0.0.0, Culture=neutral, PublicKeyToken=b77a5c561934e089_362f43fd44a9be961edc90136d9814c5 from Unity.Entities, Version=0.0.0.0, Culture=neutral, PublicKeyToken=null
#8  0x007fde713bbc59 in 7bf3b3dc1c88cb657fd69b548232391d_avx2
#9  0x007fde71cac0aa in 7bf3b3dc1c88cb657fd69b548232391d
#10 0x007fde7e1a0667 in UnmanagedUpdate_00001534U24BurstDirectCall_Invoke_m55B79C7CC8127CC26C857F8B7EF2D354EBB3ADBC
#11 0x007fde7e19d311 in WorldUnmanagedImpl_UnmanagedUpdate_m679FEB4A8B994B459B1A4ADF7BBC58B8187633B6
#12 0x007fde7e19d072 in WorldUnmanagedImpl_UpdateSystem_m542D9AE08601A66843934B06A609FDA778A0670B
#13 0x007fde7e0946d3 in ComponentSystemGroup_UpdateAllSystems_m78B1AA9EAF07133497E9BA556B592AC93935441C
#14 0x007fde7e0944d8 in ComponentSystemGroup_OnUpdate_m83128938DF97469E0D1CB883E5C9000C0C2DA9A7
#15 0x007fde7e2f642f in SystemBase_Update_m795994EE60C054DFA78C313A60ED025B2668C9B4
#16 0x007fde7e094758 in ComponentSystemGroup_UpdateAllSystems_m78B1AA9EAF07133497E9BA556B592AC93935441C
#17 0x007fde7e0944cb in ComponentSystemGroup_OnUpdate_m83128938DF97469E0D1CB883E5C9000C0C2DA9A7
#18 0x007fde7e2f642f in SystemBase_Update_m795994EE60C054DFA78C313A60ED025B2668C9B4
#19 0x007fde7e2e47c6 in DummyDelegateWrapper_TriggerUpdate_m2C37F16899DE9C87FE35B065E0FF7E410E463FE7
#20 0x007fde7effb1a0 in UpdateFunction_Invoke_m9BCEE4E5BEE924EB804DA64314B78D0E831C179B
#21 0x007fde79e88073 in il2cpp::vm::Runtime::InvokeWithThrow(MethodInfo const*, void*, void**)
#22 0x007fde79e87fdb in il2cpp::vm::Runtime::Invoke(MethodInfo const*, void*, void**, Il2CppException**)
#23 0x007fdf4eba8f0b in (Unknown)
#24 0x007fdf4ebb3cd7 in (Unknown)
#25 0x007fdf4e6e72e8 in (Unknown)
#26 0x007fdf4e6e7201 in (Unknown)
#27 0x007fdf4e6e7570 in (Unknown)
#28 0x007fdf4ec66077 in PlayerMain(int, char**)
#29 0x007fdf4c618493 in __libc_start_main
#30 0x00000000201029 in _start
Setting up 12 worker threads for Enlighten.
Writing stats to file
Calling DomainUnloadOrPlayModeChangeShutdown!
Caught fatal signal - signo:11 code:1 errno:0 addr:0x48
Obtained 25 stack frames.
#0  0x007fdf4ec6f9c9 in PlayerMain(int, char**)
#1  0x007fdf4ec644b7 in (Unknown)
#2  0x007fdf4c9ccc20 in funlockfile
#3  0x007fdf4e627ff3 in (Unknown)
#4  0x007fdf4e628671 in (Unknown)
#5  0x007fdf4e608e7a in (Unknown)
#6  0x007fdf4f00442e in PlayerMain(int, char**)
#7  0x007fdf4dfb6426 in (Unknown)
#8  0x007fde7ef6d320 in ContentLoadInterface_ContentFile_UnloadAsync_Injected_mBD2F1D561285B0DE37DCDA4DEA75931201B5E680
#9  0x007fde7ef6c78f in ContentLoadInterface_ContentFile_UnloadAsync_m197A3C60564D4E9F9049BAD57B46FB404A8F17BD
#10 0x007fde7ef6c635 in ContentFile_UnloadAsync_mF35518E83FCF4C1701AF2C6CEBF7E507490481D6
#11 0x007fde7e1e456a in RuntimeContentManager_ReleaseFile_m12EDB377B39EF4D01B3268E711303D79747A4F4C
#12 0x007fde7e1e245c in RuntimeContentManager_ReleaseObjectImpl_m84E24B7727CAA367D95ABC97FC529A5594840414
#13 0x007fde7e1e0ae8 in RuntimeContentManager_Cleanup_m6436DF58ED05204D0A7DFACFB212018BD6B813FD
#14 0x007fde7e1e1f38 in RuntimeContentManager_OnShutdown_m09B1F0AD37BE7168472DDB84F55C43F02CD40113
#15 0x007fde79cdde76 in EventHandler_Invoke_m9D3126CBE291A3E7E7C304094E1DA846832F9B96_Multicast(EventHandler_tC6323FD7E6163F965259C33D72612C0E5B9BAB82*, Il2CppObject*, EventArgs_t37273F03EAC87217701DD431B190FBD84AD7C377*, MethodInfo const*)
#16 0x007fde7d64f7b0 in EventHandler_Invoke_m9D3126CBE291A3E7E7C304094E1DA846832F9B96
#17 0x007fde79e88073 in il2cpp::vm::Runtime::InvokeWithThrow(MethodInfo const*, void*, void**)
#18 0x007fde79e87fdb in il2cpp::vm::Runtime::Invoke(MethodInfo const*, void*, void**, Il2CppException**)
#19 0x007fde79e87b1c in il2cpp::vm::Runtime::Shutdown()
#20 0x007fdf4ebbdf56 in (Unknown)
#21 0x007fdf4e6f9658 in (Unknown)
#22 0x007fdf4ec65ee6 in PlayerMain(int, char**)
#23 0x007fdf4c618493 in __libc_start_main
#24 0x00000000201029 in _start
