[UnityMemory] Configuration Parameters - Can be set up in boot.config
    "memorysetup-bucket-allocator-granularity=16"
    "memorysetup-bucket-allocator-bucket-count=8"
    "memorysetup-bucket-allocator-block-size=4194304"
    "memorysetup-bucket-allocator-block-count=1"
    "memorysetup-main-allocator-block-size=16777216"
    "memorysetup-thread-allocator-block-size=16777216"
    "memorysetup-gfx-main-allocator-block-size=16777216"
    "memorysetup-gfx-thread-allocator-block-size=16777216"
    "memorysetup-cache-allocator-block-size=4194304"
    "memorysetup-typetree-allocator-block-size=2097152"
    "memorysetup-profiler-bucket-allocator-granularity=16"
    "memorysetup-profiler-bucket-allocator-bucket-count=8"
    "memorysetup-profiler-bucket-allocator-block-size=4194304"
    "memorysetup-profiler-bucket-allocator-block-count=1"
    "memorysetup-profiler-allocator-block-size=16777216"
    "memorysetup-profiler-editor-allocator-block-size=1048576"
    "memorysetup-temp-allocator-size-main=4194304"
    "memorysetup-job-temp-allocator-block-size=2097152"
    "memorysetup-job-temp-allocator-block-size-background=1048576"
    "memorysetup-job-temp-allocator-reduction-small-platforms=262144"
    "memorysetup-allocator-temp-initial-block-size-main=262144"
    "memorysetup-allocator-temp-initial-block-size-worker=262144"
    "memorysetup-temp-allocator-size-background-worker=32768"
    "memorysetup-temp-allocator-size-job-worker=262144"
    "memorysetup-temp-allocator-size-preload-manager=262144"
    "memorysetup-temp-allocator-size-nav-mesh-worker=65536"
    "memorysetup-temp-allocator-size-audio-worker=65536"
    "memorysetup-temp-allocator-size-cloud-worker=32768"
    "memorysetup-temp-allocator-size-gfx=262144"
Remaining time:29s
Found 2 interfaces on host : 0) 10.141.0.12 1) 10.149.0.12
Player connection [140129576877952] Multi-casting "[IP] 10.141.0.12 [Port] 55000 [Flags] 19 [Guid] 4227039907 [EditorId] 3765082745 [Version] 1048832 [Id] LinuxPlayer(13,10.141.0.12) [Debug] 0 [PackageName] LinuxPlayer [ProjectName] Opencraft" to [225.0.0.222:54997]...

Direct connection to host time out.
Stopping profiler. Profiler is not able to flush data to a file or socket and exceeded maximum allowed memory for buffering.
Please use Profiler.maxUsedMemory API or -profiler-maxusedmemory command line parameter to increase maximum allowed memory usage.
Using 134234112 bytes while Profiler.maxUsedMemory is 134217728 bytes.
Failed to initialize networking layer after 30 seconds, skipping waiting for connection before starting playback.
Preloaded 'lib_burst_generated.so'
Preloaded 'libwebrtc.so'
[Physics::Module] Initialized MultithreadedJobDispatcher with 47 workers.
Initialize engine version: 2022.3.16f1 (d2c21f0ef2f1)
[Subsystems] Discovering subsystems at path /var/scratch/zmr280/opencraft/opencraft_Data/UnitySubsystems
Forcing GfxDevice: Null
GfxDevice: creating device client; threaded=0; jobified=0
NullGfxDevice:
    Version:  NULL 1.0 [1.0]
    Renderer: Null Device
    Vendor:   Unity Technologies
ERROR: Shader Hidden/Universal Render Pipeline/Blit shader is not supported on this GPU (none of subshaders/fallbacks are suitable)
ERROR: Shader Hidden/Universal Render Pipeline/CopyDepth shader is not supported on this GPU (none of subshaders/fallbacks are suitable)
ERROR: Shader Hidden/Universal Render Pipeline/Sampling shader is not supported on this GPU (none of subshaders/fallbacks are suitable)
ERROR: Shader Hidden/Universal Render Pipeline/LutBuilderLdr shader is not supported on this GPU (none of subshaders/fallbacks are suitable)
ERROR: Shader Hidden/Universal Render Pipeline/LutBuilderHdr shader is not supported on this GPU (none of subshaders/fallbacks are suitable)
ERROR: Shader Hidden/Universal Render Pipeline/UberPost shader is not supported on this GPU (none of subshaders/fallbacks are suitable)
ERROR: Shader Hidden/Universal Render Pipeline/Debug/DebugReplacement shader is not supported on this GPU (none of subshaders/fallbacks are suitable)
ERROR: Shader Hidden/Universal/HDRDebugView shader is not supported on this GPU (none of subshaders/fallbacks are suitable)
WARNING: Shader Unsupported: 'Hidden/Universal Render Pipeline/FallbackError' - All subshaders removed
WARNING: Shader Did you use #pragma only_renderers and omit this platform?
WARNING: Shader If subshaders removal was intentional, you may have forgotten turning Fallback off?
ERROR: Shader Hidden/Universal Render Pipeline/FallbackError shader is not supported on this GPU (none of subshaders/fallbacks are suitable)
WARNING: Shader Unsupported: 'Hidden/Universal Render Pipeline/FallbackError' - All subshaders removed
WARNING: Shader Did you use #pragma only_renderers and omit this platform?
WARNING: Shader If subshaders removal was intentional, you may have forgotten turning Fallback off?
WARNING: Shader Unsupported: 'Hidden/Universal Render Pipeline/StencilDeferred' - All subshaders removed
WARNING: Shader Did you use #pragma only_renderers and omit this platform?
WARNING: Shader If subshaders removal was intentional, you may have forgotten turning Fallback off?
ERROR: Shader Hidden/Universal Render Pipeline/StencilDeferred shader is not supported on this GPU (none of subshaders/fallbacks are suitable)
WARNING: Shader Unsupported: 'Hidden/Universal Render Pipeline/StencilDeferred' - All subshaders removed
WARNING: Shader Did you use #pragma only_renderers and omit this platform?
WARNING: Shader If subshaders removal was intentional, you may have forgotten turning Fallback off?
ERROR: Shader Hidden/Universal Render Pipeline/CameraMotionVectors shader is not supported on this GPU (none of subshaders/fallbacks are suitable)
ERROR: Shader Hidden/Universal Render Pipeline/ObjectMotionVectors shader is not supported on this GPU (none of subshaders/fallbacks are suitable)
ERROR: Shader Hidden/Universal Render Pipeline/LensFlareDataDriven shader is not supported on this GPU (none of subshaders/fallbacks are suitable)
ERROR: Shader Hidden/Universal Render Pipeline/ScreenSpaceAmbientOcclusion shader is not supported on this GPU (none of subshaders/fallbacks are suitable)
ERROR: Shader Hidden/Universal Render Pipeline/Stop NaN shader is not supported on this GPU (none of subshaders/fallbacks are suitable)
ERROR: Shader Hidden/Universal Render Pipeline/SubpixelMorphologicalAntialiasing shader is not supported on this GPU (none of subshaders/fallbacks are suitable)
ERROR: Shader Hidden/Universal Render Pipeline/TemporalAA shader is not supported on this GPU (none of subshaders/fallbacks are suitable)
ERROR: Shader Hidden/Universal Render Pipeline/Scaling Setup shader is not supported on this GPU (none of subshaders/fallbacks are suitable)
ERROR: Shader Hidden/Universal Render Pipeline/Edge Adaptive Spatial Upsampling shader is not supported on this GPU (none of subshaders/fallbacks are suitable)
ERROR: Shader Hidden/Universal Render Pipeline/FinalPost shader is not supported on this GPU (none of subshaders/fallbacks are suitable)
ERROR: Shader Sprites/Default shader is not supported on this GPU (none of subshaders/fallbacks are suitable)
ERROR: Shader Sprites/Mask shader is not supported on this GPU (none of subshaders/fallbacks are suitable)
ERROR: Shader GUI/Text Shader shader is not supported on this GPU (none of subshaders/fallbacks are suitable)
UnloadTime: 0.937789 ms
Parsing args: /var/scratch/zmr280/opencraft/opencraft.x86_64, -batchmode, -nographics, -logStats, True, -serverUrl, 10.141.0.1, -statsFile, /var/scratch/zmr280/runs/players-activeLogic_2-Layer_6x_6z_100p_120s/opencraft_stats/client5.csv, -userID, 5, -playType, Client, -emulationType, Simulation
Setting up worlds with playType Client and streaming role Disabled
Adding type with UniqueSystemAttribute: StatisticsSystem
Adding type with UniqueSystemAttribute: StatisticsSystem
Adding world ClientWorld to update list
Connecting worlds with playType Client and streaming role Disabled
Created connection request for 10.141.0.1:7979
Creating statistics writer!
Recorder [ServerFixedUpdate] is invalid!
UnityEngine.DebugLogHandler:Internal_Log(LogType, LogOption, String, Object)
UnityEngine.DebugLogHandler:LogFormat(LogType, Object, String, Object[])
UnityEngine.Logger:Log(LogType, Object)
UnityEngine.Debug:LogWarning(Object)
PolkaDOTS.Statistics.StatisticsWriter:.ctor()
PolkaDOTS.Statistics.StatisticsWriterInstance:Awake()

Recorder [TerrainGeneration] is invalid!
UnityEngine.DebugLogHandler:Internal_Log(LogType, LogOption, String, Object)
UnityEngine.DebugLogHandler:LogFormat(LogType, Object, String, Object[])
UnityEngine.Logger:Log(LogType, Object)
UnityEngine.Debug:LogWarning(Object)
PolkaDOTS.Statistics.StatisticsWriter:.ctor()
PolkaDOTS.Statistics.StatisticsWriterInstance:Awake()

Recorder [PlayerTerrainGenCheck] is invalid!
UnityEngine.DebugLogHandler:Internal_Log(LogType, LogOption, String, Object)
UnityEngine.DebugLogHandler:LogFormat(LogType, Object, String, Object[])
UnityEngine.Logger:Log(LogType, Object)
UnityEngine.Debug:LogWarning(Object)
PolkaDOTS.Statistics.StatisticsWriter:.ctor()
PolkaDOTS.Statistics.StatisticsWriterInstance:Awake()

Recorder [StructureGeneration] is invalid!
UnityEngine.DebugLogHandler:Internal_Log(LogType, LogOption, String, Object)
UnityEngine.DebugLogHandler:LogFormat(LogType, Object, String, Object[])
UnityEngine.Logger:Log(LogType, Object)
UnityEngine.Debug:LogWarning(Object)
PolkaDOTS.Statistics.StatisticsWriter:.ctor()
PolkaDOTS.Statistics.StatisticsWriterInstance:Awake()

Recorder [TerrainLogicSystem] is invalid!
UnityEngine.DebugLogHandler:Internal_Log(LogType, LogOption, String, Object)
UnityEngine.DebugLogHandler:LogFormat(LogType, Object, String, Object[])
UnityEngine.Logger:Log(LogType, Object)
UnityEngine.Debug:LogWarning(Object)
PolkaDOTS.Statistics.StatisticsWriter:.ctor()
PolkaDOTS.Statistics.StatisticsWriterInstance:Awake()

Recorder [GetUpdates] is invalid!
UnityEngine.DebugLogHandler:Internal_Log(LogType, LogOption, String, Object)
UnityEngine.DebugLogHandler:LogFormat(LogType, Object, String, Object[])
UnityEngine.Logger:Log(LogType, Object)
UnityEngine.Debug:LogWarning(Object)
PolkaDOTS.Statistics.StatisticsWriter:.ctor()
PolkaDOTS.Statistics.StatisticsWriterInstance:Awake()

Recorder [ReevaluatePropagateMarker] is invalid!
UnityEngine.DebugLogHandler:Internal_Log(LogType, LogOption, String, Object)
UnityEngine.DebugLogHandler:LogFormat(LogType, Object, String, Object[])
UnityEngine.Logger:Log(LogType, Object)
UnityEngine.Debug:LogWarning(Object)
PolkaDOTS.Statistics.StatisticsWriter:.ctor()
PolkaDOTS.Statistics.StatisticsWriterInstance:Awake()

Recorder [PropagateLogicState] is invalid!
UnityEngine.DebugLogHandler:Internal_Log(LogType, LogOption, String, Object)
UnityEngine.DebugLogHandler:LogFormat(LogType, Object, String, Object[])
UnityEngine.Logger:Log(LogType, Object)
UnityEngine.Debug:LogWarning(Object)
PolkaDOTS.Statistics.StatisticsWriter:.ctor()
PolkaDOTS.Statistics.StatisticsWriterInstance:Awake()

Recorder [PropInputBlocks] is invalid!
UnityEngine.DebugLogHandler:Internal_Log(LogType, LogOption, String, Object)
UnityEngine.DebugLogHandler:LogFormat(LogType, Object, String, Object[])
UnityEngine.Logger:Log(LogType, Object)
UnityEngine.Debug:LogWarning(Object)
PolkaDOTS.Statistics.StatisticsWriter:.ctor()
PolkaDOTS.Statistics.StatisticsWriterInstance:Awake()

Recorder [PropActiveLogicBlocks] is invalid!
UnityEngine.DebugLogHandler:Internal_Log(LogType, LogOption, String, Object)
UnityEngine.DebugLogHandler:LogFormat(LogType, Object, String, Object[])
UnityEngine.Logger:Log(LogType, Object)
UnityEngine.Debug:LogWarning(Object)
PolkaDOTS.Statistics.StatisticsWriter:.ctor()
PolkaDOTS.Statistics.StatisticsWriterInstance:Awake()

Recorder [CheckGateState] is invalid!
UnityEngine.DebugLogHandler:Internal_Log(LogType, LogOption, String, Object)
UnityEngine.DebugLogHandler:LogFormat(LogType, Object, String, Object[])
UnityEngine.Logger:Log(LogType, Object)
UnityEngine.Debug:LogWarning(Object)
PolkaDOTS.Statistics.StatisticsWriter:.ctor()
PolkaDOTS.Statistics.StatisticsWriterInstance:Awake()

Recorder [GhostSimulationSystemGroup] is invalid!
UnityEngine.DebugLogHandler:Internal_Log(LogType, LogOption, String, Object)
UnityEngine.DebugLogHandler:LogFormat(LogType, Object, String, Object[])
UnityEngine.Logger:Log(LogType, Object)
UnityEngine.Debug:LogWarning(Object)
PolkaDOTS.Statistics.StatisticsWriter:.ctor()
PolkaDOTS.Statistics.StatisticsWriterInstance:Awake()

Recorder [PredictedSimulationSystemGroup] is invalid!
UnityEngine.DebugLogHandler:Internal_Log(LogType, LogOption, String, Object)
UnityEngine.DebugLogHandler:LogFormat(LogType, Object, String, Object[])
UnityEngine.Logger:Log(LogType, Object)
UnityEngine.Debug:LogWarning(Object)
PolkaDOTS.Statistics.StatisticsWriter:.ctor()
PolkaDOTS.Statistics.StatisticsWriterInstance:Awake()

Initializing multiplay!
Found non-specified codec: VP8 Internal video/VP8 implementation_name=Internal
Found codec: VP9 Profile0
Found codec: VP9 Profile2
Found codec: VP9 Profile1
Found codec: VP9 Profile3
Found codec: AV1 Profile0
Found codec: AV1 Profile1
Could not find H264.High as streaming codec!
Adding terrain areas statistics recorders
Streamed scene with   34ms latency from /var/scratch/zmr280/opencraft/opencraft_Data/StreamingAssets/EntityScenes/bea83102298cfb741939cdba85abe535.0.entities
AutoLoading authoring scene in world ClientWorld
[23:17:34.0781850]:[ClientWorld] New connection ID:1
ERROR: Shader Custom/VoxelShader shader is not supported on this GPU (none of subshaders/fallbacks are suitable)
WARNING: Shader Unsupported: 'Hidden/Universal Render Pipeline/FallbackError' - All subshaders removed
WARNING: Shader Did you use #pragma only_renderers and omit this platform?
WARNING: Shader If subshaders removal was intentional, you may have forgotten turning Fallback off?
ERROR: Shader Hidden/Universal Render Pipeline/FallbackError shader is not supported on this GPU (none of subshaders/fallbacks are suitable)
WARNING: Shader Unsupported: 'Hidden/Universal Render Pipeline/FallbackError' - All subshaders removed
WARNING: Shader Did you use #pragma only_renderers and omit this platform?
WARNING: Shader If subshaders removal was intentional, you may have forgotten turning Fallback off?
WARNING: Shader Unsupported: 'Universal Render Pipeline/Lit' - All subshaders removed
WARNING: Shader Did you use #pragma only_renderers and omit this platform?
WARNING: Shader If subshaders removal was intentional, you may have forgotten turning Fallback off?
ERROR: Shader Universal Render Pipeline/Lit shader is not supported on this GPU (none of subshaders/fallbacks are suitable)
WARNING: Shader Unsupported: 'Universal Render Pipeline/Lit' - All subshaders removed
WARNING: Shader Did you use #pragma only_renderers and omit this platform?
WARNING: Shader If subshaders removal was intentional, you may have forgotten turning Fallback off?
WARNING: Shader Unsupported: 'Universal Render Pipeline/Unlit' - All subshaders removed
WARNING: Shader Did you use #pragma only_renderers and omit this platform?
WARNING: Shader If subshaders removal was intentional, you may have forgotten turning Fallback off?
ERROR: Shader Universal Render Pipeline/Unlit shader is not supported on this GPU (none of subshaders/fallbacks are suitable)
WARNING: Shader Unsupported: 'Universal Render Pipeline/Unlit' - All subshaders removed
WARNING: Shader Did you use #pragma only_renderers and omit this platform?
WARNING: Shader If subshaders removal was intentional, you may have forgotten turning Fallback off?
Streamed scene with   37ms latency from /var/scratch/zmr280/opencraft/opencraft_Data/StreamingAssets/EntityScenes/62561c7118c5bbb46929c6bf65331faa.0.entities
Sending start game stream RPC
Emulation type is Idle, Simulation
Creating local player object
Sending spawn player RPC for user 5
ERROR: Shader UI/Default shader is not supported on this GPU (none of subshaders/fallbacks are suitable)
Player 5 has no connection ID!
UnityEngine.DebugLogHandler:Internal_Log(LogType, LogOption, String, Object)
UnityEngine.DebugLogHandler:LogFormat(LogType, Object, String, Object[])
UnityEngine.Logger:Log(LogType, Object)
UnityEngine.Debug:LogWarning(Object)
Opencraft.Player.SamplePlayerInput:OnUpdate(SystemState&)
Opencraft.Player.SamplePlayerInput:__codegen__OnUpdate(IntPtr, IntPtr)

Linking player entity Entity(160:1) to 5@LOCALPLAYER
Player simulation searching for path from float3(0.5f, 7.1f, 0.5f) = int3(0, 7, 0) to int3(6, 7, 4)
Player simulation could not find a path from int3(0, 7, 0) to int3(6, 7, 4), will choose new target
Player simulation searching for path from float3(0.5f, 7.1f, 0.5f) = int3(0, 7, 0) to int3(6, 7, 7)
Player simulation could not find a path from int3(0, 7, 0) to int3(6, 7, 7), will choose new target
Player simulation searching for path from float3(0.5f, 7.1f, 0.5f) = int3(0, 7, 0) to int3(-12, 7, 14)
Player simulation could not find a path from int3(0, 7, 0) to int3(-12, 7, 14), will choose new target
    3: Could not find target at int3(0, 7, 0)
Player simulation searching for path from float3(0.5f, 7.1f, 0.5f) = int3(0, 7, 0) to int3(2, 7, 6)
Player simulation could not find a path from int3(0, 7, 0) to int3(2, 7, 6), will choose new target
    5: Could not find target at int3(0, 7, 0)
Player simulation searching for path from float3(0.5f, 7.1f, 0.5f) = int3(0, 7, 0) to int3(-13, 7, 15)
Player simulation could not find a path from int3(0, 7, 0) to int3(-13, 7, 15), will choose new target
Player simulation searching for path from float3(0.5f, 7.1f, 0.5f) = int3(0, 7, 0) to int3(0, 7, 14)
Player simulation could not find a path from int3(0, 7, 0) to int3(0, 7, 14), will choose new target
Player simulation searching for path from float3(0.5f, 7.1f, 0.5f) = int3(0, 7, 0) to int3(1, 7, 9)
Player simulation could not find a path from int3(0, 7, 0) to int3(1, 7, 9), will choose new target
ClientWorld player simulation could not find a path in 9 attempts, waiting to try again
Player simulation searching for path from float3(0.5f, 7.1f, 0.5f) = int3(0, 7, 0) to int3(6, 7, 4)
AStar halted as encountered unloaded blocks, retrying...
Player simulation could not find a path from int3(0, 7, 0) to int3(6, 7, 4), will choose new target
Player simulation searching for path from float3(0.5f, 7.1f, 0.5f) = int3(0, 7, 0) to int3(6, 7, 7)
AStar halted as encountered unloaded blocks, retrying...
Player simulation could not find a path from int3(0, 7, 0) to int3(6, 7, 7), will choose new target
Player simulation searching for path from float3(0.5f, 7.1f, 0.5f) = int3(0, 7, 0) to int3(-12, 7, 14)
AStar halted as encountered unloaded blocks, retrying...
Player simulation could not find a path from int3(0, 7, 0) to int3(-12, 7, 14), will choose new target
Player simulation searching for path from float3(0.5f, 7.1f, 0.5f) = int3(0, 7, 0) to int3(10, 7, -1)
AStar halted as encountered unloaded blocks, retrying...
Player simulation could not find a path from int3(0, 7, 0) to int3(10, 7, -1), will choose new target
Player simulation searching for path from float3(0.5f, 7.1f, 0.5f) = int3(0, 7, 0) to int3(2, 7, 6)
AStar halted as encountered unloaded blocks, retrying...
Player simulation could not find a path from int3(0, 7, 0) to int3(2, 7, 6), will choose new target
    5: Could not find target at int3(0, 7, 0)
Player simulation searching for path from float3(0.5f, 7.1f, 0.5f) = int3(0, 7, 0) to int3(-13, 7, 15)
AStar halted as encountered unloaded blocks, retrying...
Player simulation could not find a path from int3(0, 7, 0) to int3(-13, 7, 15), will choose new target
Player simulation searching for path from float3(0.5f, 7.1f, 0.5f) = int3(0, 7, 0) to int3(0, 7, 14)
AStar halted as encountered unloaded blocks, retrying...
Player simulation could not find a path from int3(0, 7, 0) to int3(0, 7, 14), will choose new target
Player simulation searching for path from float3(0.5f, 7.1f, 0.5f) = int3(0, 7, 0) to int3(1, 7, 9)
AStar halted as encountered unloaded blocks, retrying...
Player simulation could not find a path from int3(0, 7, 0) to int3(1, 7, 9), will choose new target
ClientWorld player simulation could not find a path in 9 attempts, waiting to try again
Player simulation searching for path from float3(0.5f, 7.1f, 0.5f) = int3(0, 7, 0) to int3(6, 7, 4)
ClientWorld player simulation set new target int3(6, 7, 4)
ClientWorld player simulation reached target int3(6, 7, 4)
Player simulation searching for path from float3(6.467711f, 7.1f, 4.36071f) = int3(6, 7, 4) to int3(-4, 7, -1)
ClientWorld player simulation set new target int3(-4, 7, -1)
ClientWorld player simulation reached target int3(-4, 7, -1)
Player simulation searching for path from float3(-3.354f, 7.1f, -0.4950001f) = int3(-4, 7, -1) to int3(14, 7, -12)
ClientWorld player simulation set new target int3(14, 7, -12)
ClientWorld player simulation reached target int3(14, 7, -12)
Player simulation searching for path from float3(14.491f, 7.1f, -11.305f) = int3(14, 7, -12) to int3(-6, 7, -12)
ClientWorld player simulation set new target int3(-6, 7, -12)
ClientWorld player simulation reached target int3(-6, 7, -12)
Player simulation searching for path from float3(-5.328f, 7.1f, -11.518f) = int3(-6, 7, -12) to int3(-1, 7, -2)
ClientWorld player simulation set new target int3(-1, 7, -2)
ClientWorld player simulation reached target int3(-1, 7, -2)
Player simulation searching for path from float3(-0.665f, 7.1f, -1.479f) = int3(-1, 7, -2) to int3(14, 7, -13)
ClientWorld player simulation set new target int3(14, 7, -13)
ClientWorld player simulation reached target int3(14, 7, -13)
Player simulation searching for path from float3(14.307f, 7.1f, -12.5f) = int3(14, 7, -13) to int3(-7, 7, 3)
ClientWorld player simulation set new target int3(-7, 7, 3)
ClientWorld player simulation reached target int3(-7, 7, 3)
Player simulation searching for path from float3(-6.5f, 7.1f, 3.338f) = int3(-7, 7, 3) to int3(8, 7, 8)
ClientWorld player simulation set new target int3(8, 7, 8)
ClientWorld player simulation reached target int3(8, 7, 8)
Player simulation searching for path from float3(8.358002f, 7.1f, 8.472f) = int3(8, 7, 8) to int3(6, 7, 1)
ClientWorld player simulation set new target int3(6, 7, 1)
ClientWorld player simulation reached target int3(6, 7, 1)
Player simulation searching for path from float3(6.527f, 7.1f, 1.623f) = int3(6, 7, 1) to int3(6, 7, -14)
ClientWorld player simulation set new target int3(6, 7, -14)
ClientWorld player simulation reached target int3(6, 7, -14)
Player simulation searching for path from float3(6.527f, 7.1f, -13.377f) = int3(6, 7, -14) to int3(-12, 7, 2)
ClientWorld player simulation set new target int3(-12, 7, 2)
ClientWorld player simulation reached target int3(-12, 7, 2)
Player simulation searching for path from float3(-11.51271f, 7.1f, 2.321711f) = int3(-12, 7, 2) to int3(13, 7, -13)
ClientWorld player simulation set new target int3(13, 7, -13)
ClientWorld player simulation reached target int3(13, 7, -13)
Player simulation searching for path from float3(13.367f, 7.1f, -12.52f) = int3(13, 7, -13) to int3(-4, 7, -11)
ClientWorld player simulation set new target int3(-4, 7, -11)
ClientWorld player simulation reached target int3(-4, 7, -11)
Player simulation searching for path from float3(-3.339421f, 7.1f, -10.39658f) = int3(-4, 7, -11) to int3(14, 7, 15)
ClientWorld player simulation set new target int3(14, 7, 15)
ClientWorld player simulation reached target int3(14, 7, 15)
Player simulation searching for path from float3(14.488f, 7.1f, 15.38f) = int3(14, 7, 15) to int3(-7, 7, 3)
ClientWorld player simulation set new target int3(-7, 7, 3)
ClientWorld player simulation reached target int3(-7, 7, 3)
Player simulation searching for path from float3(-6.372f, 7.1f, 3.469f) = int3(-7, 7, 3) to int3(8, 7, 8)
ClientWorld player simulation set new target int3(8, 7, 8)
ClientWorld player simulation reached target int3(8, 7, 8)
Player simulation searching for path from float3(8.322001f, 7.1f, 8.531f) = int3(8, 7, 8) to int3(6, 7, 1)
ClientWorld player simulation set new target int3(6, 7, 1)
ClientWorld player simulation reached target int3(6, 7, 1)
Player simulation searching for path from float3(6.474f, 7.1f, 1.692f) = int3(6, 7, 1) to int3(6, 7, -14)
ClientWorld player simulation set new target int3(6, 7, -14)
ClientWorld player simulation reached target int3(6, 7, -14)
Player simulation searching for path from float3(6.474f, 7.1f, -13.308f) = int3(6, 7, -14) to int3(-12, 7, 2)
ClientWorld player simulation set new target int3(-12, 7, 2)
ClientWorld player simulation reached target int3(-12, 7, 2)
Player simulation searching for path from float3(-11.51f, 7.1f, 2.302f) = int3(-12, 7, 2) to int3(13, 7, -13)
ClientWorld player simulation set new target int3(13, 7, -13)
ClientWorld player simulation reached target int3(13, 7, -13)
Player simulation searching for path from float3(13.306f, 7.1f, -12.493f) = int3(13, 7, -13) to int3(-4, 7, -11)
ClientWorld player simulation set new target int3(-4, 7, -11)
ClientWorld player simulation reached target int3(-4, 7, -11)
Player simulation searching for path from float3(-3.377f, 7.1f, -10.513f) = int3(-4, 7, -11) to int3(14, 7, 15)
ClientWorld player simulation set new target int3(14, 7, 15)
ClientWorld player simulation reached target int3(14, 7, 15)
Player simulation searching for path from float3(14.482f, 7.1f, 15.346f) = int3(14, 7, 15) to int3(-7, 7, 3)
ClientWorld player simulation set new target int3(-7, 7, 3)
ClientWorld player simulation reached target int3(-7, 7, 3)
Player simulation searching for path from float3(-6.346422f, 7.1f, 3.524f) = int3(-7, 7, 3) to int3(8, 7, 8)
ClientWorld player simulation set new target int3(8, 7, 8)
ClientWorld player simulation reached target int3(8, 7, 8)
Player simulation searching for path from float3(8.368002f, 7.1f, 8.48f) = int3(8, 7, 8) to int3(6, 7, 1)
ClientWorld player simulation set new target int3(6, 7, 1)
ClientWorld player simulation reached target int3(6, 7, 1)
Player simulation searching for path from float3(6.502f, 7.1f, 1.631f) = int3(6, 7, 1) to int3(6, 7, -14)
ClientWorld player simulation set new target int3(6, 7, -14)
ClientWorld player simulation reached target int3(6, 7, -14)
Player simulation searching for path from float3(6.502f, 7.1f, -13.369f) = int3(6, 7, -14) to int3(-12, 7, 2)
ClientWorld player simulation set new target int3(-12, 7, 2)
ClientWorld player simulation reached target int3(-12, 7, 2)
Player simulation searching for path from float3(-11.521f, 7.1f, 2.371421f) = int3(-12, 7, 2) to int3(13, 7, -13)
ClientWorld player simulation set new target int3(13, 7, -13)
ClientWorld player simulation reached target int3(13, 7, -13)
Player simulation searching for path from float3(13.31385f, 7.1f, -12.536f) = int3(13, 7, -13) to int3(-4, 7, -11)
ClientWorld player simulation set new target int3(-4, 7, -11)
ClientWorld player simulation reached target int3(-4, 7, -11)
Player simulation searching for path from float3(-3.308f, 7.1f, -10.471f) = int3(-4, 7, -11) to int3(14, 7, 15)
ClientWorld player simulation set new target int3(14, 7, 15)
ClientWorld player simulation reached target int3(14, 7, 15)
Player simulation searching for path from float3(14.477f, 7.1f, 15.3f) = int3(14, 7, 15) to int3(-7, 7, 3)
ClientWorld player simulation set new target int3(-7, 7, 3)
ClientWorld player simulation reached target int3(-7, 7, 3)
Player simulation searching for path from float3(-6.37f, 7.1f, 3.518f) = int3(-7, 7, 3) to int3(8, 7, 8)
ClientWorld player simulation set new target int3(8, 7, 8)
ClientWorld player simulation reached target int3(8, 7, 8)
Player simulation searching for path from float3(8.326423f, 7.1f, 8.539423f) = int3(8, 7, 8) to int3(6, 7, 1)
ClientWorld player simulation set new target int3(6, 7, 1)
ClientWorld player simulation reached target int3(6, 7, 1)
Player simulation searching for path from float3(6.508f, 7.1f, 1.672f) = int3(6, 7, 1) to int3(6, 7, -14)
ClientWorld player simulation set new target int3(6, 7, -14)
ClientWorld player simulation reached target int3(6, 7, -14)
Player simulation searching for path from float3(6.508f, 7.1f, -13.328f) = int3(6, 7, -14) to int3(-12, 7, 2)
ClientWorld player simulation set new target int3(-12, 7, 2)
ClientWorld player simulation reached target int3(-12, 7, 2)
Player simulation searching for path from float3(-11.529f, 7.1f, 2.305f) = int3(-12, 7, 2) to int3(13, 7, -13)
ClientWorld player simulation set new target int3(13, 7, -13)
[23:19:59.4429400]:[ClientWorld] Connection disconnected ID:1 Reason:ClosedByRemote
Caught fatal signal - signo:15 code:0 errno:0 addr:0x15020005ed2c
Obtained 30 stack frames.
#0  0x007f72741be9c9 in PlayerMain(int, char**)
#1  0x007f72741b34b7 in (Unknown)
#2  0x007f7271f1bc20 in funlockfile
#3  0x007f7199f09e72 in GC_header_cache_miss
#4  0x007f7199f13a3d in GC_mark_from
#5  0x007f7199f0f339 in GC_mark_some
#6  0x007f7199f0f107 in GC_collect_a_little_inner
#7  0x007f7199f145f3 in GC_alloc_large
#8  0x007f7199f11454 in GC_generic_malloc
#9  0x007f7199f147da in GC_malloc_kind_global
#10 0x007f7199ee2389 in il2cpp::vm::Object::AllocatePtrFree(unsigned long, Il2CppClass*)
#11 0x007f7199e4f362 in il2cpp::vm::String::NewSize(int)
#12 0x007f719d417b7a in String_FastAllocateString_m071BD33B9EFB2375443E1550C028861164D0F104
#13 0x007f719d404589 in String_Concat_m9E3155FB84015C823606188F53B47CB44C444991
#14 0x007f719d8bd857 in StatisticsWriter_Update_m24123BF001E17A5463E4292E5A6CFD276BBDA76C
#15 0x007f719d8bd523 in StatisticsWriterInstance_Update_m336F478398EDE3BFB1A5F3FBFF6830892C7A1FF0
#16 0x007f7199e88073 in il2cpp::vm::Runtime::InvokeWithThrow(MethodInfo const*, void*, void**)
#17 0x007f7199e87fdb in il2cpp::vm::Runtime::Invoke(MethodInfo const*, void*, void**, Il2CppException**)
#18 0x007f72740f7f0b in (Unknown)
#19 0x007f7274102cd7 in (Unknown)
#20 0x007f72741299a4 in (Unknown)
#21 0x007f727392cc96 in (Unknown)
#22 0x007f727392caae in (Unknown)
#23 0x007f7273c4a8cd in (Unknown)
#24 0x007f7273c36247 in (Unknown)
#25 0x007f7273c36201 in (Unknown)
#26 0x007f7273c36570 in (Unknown)
#27 0x007f72741b5077 in PlayerMain(int, char**)
#28 0x007f7271b67493 in __libc_start_main
#29 0x00000000201029 in _start
Setting up 12 worker threads for Enlighten.
Calling DomainUnloadOrPlayModeChangeShutdown!
Writing stats to file
Caught fatal signal - signo:11 code:1 errno:0 addr:0x48
Obtained 25 stack frames.
#0  0x007f72741be9c9 in PlayerMain(int, char**)
#1  0x007f72741b34b7 in (Unknown)
#2  0x007f7271f1bc20 in funlockfile
#3  0x007f7273b76ff3 in (Unknown)
#4  0x007f7273b77671 in (Unknown)
#5  0x007f7273b57e7a in (Unknown)
#6  0x007f727455342e in PlayerMain(int, char**)
#7  0x007f7273505426 in (Unknown)
#8  0x007f719ef6d320 in ContentLoadInterface_ContentFile_UnloadAsync_Injected_mBD2F1D561285B0DE37DCDA4DEA75931201B5E680
#9  0x007f719ef6c78f in ContentLoadInterface_ContentFile_UnloadAsync_m197A3C60564D4E9F9049BAD57B46FB404A8F17BD
#10 0x007f719ef6c635 in ContentFile_UnloadAsync_mF35518E83FCF4C1701AF2C6CEBF7E507490481D6
#11 0x007f719e1e456a in RuntimeContentManager_ReleaseFile_m12EDB377B39EF4D01B3268E711303D79747A4F4C
#12 0x007f719e1e245c in RuntimeContentManager_ReleaseObjectImpl_m84E24B7727CAA367D95ABC97FC529A5594840414
#13 0x007f719e1e0ae8 in RuntimeContentManager_Cleanup_m6436DF58ED05204D0A7DFACFB212018BD6B813FD
#14 0x007f719e1e1f38 in RuntimeContentManager_OnShutdown_m09B1F0AD37BE7168472DDB84F55C43F02CD40113
#15 0x007f7199cdde76 in EventHandler_Invoke_m9D3126CBE291A3E7E7C304094E1DA846832F9B96_Multicast(EventHandler_tC6323FD7E6163F965259C33D72612C0E5B9BAB82*, Il2CppObject*, EventArgs_t37273F03EAC87217701DD431B190FBD84AD7C377*, MethodInfo const*)
#16 0x007f719d64f7b0 in EventHandler_Invoke_m9D3126CBE291A3E7E7C304094E1DA846832F9B96
#17 0x007f7199e88073 in il2cpp::vm::Runtime::InvokeWithThrow(MethodInfo const*, void*, void**)
#18 0x007f7199e87fdb in il2cpp::vm::Runtime::Invoke(MethodInfo const*, void*, void**, Il2CppException**)
#19 0x007f7199e87b1c in il2cpp::vm::Runtime::Shutdown()
#20 0x007f727410cf56 in (Unknown)
#21 0x007f7273c48658 in (Unknown)
#22 0x007f72741b4ee6 in PlayerMain(int, char**)
#23 0x007f7271b67493 in __libc_start_main
#24 0x00000000201029 in _start
