[UnityMemory] Configuration Parameters - Can be set up in boot.config
    "memorysetup-bucket-allocator-granularity=16"
    "memorysetup-bucket-allocator-bucket-count=8"
    "memorysetup-bucket-allocator-block-size=4194304"
    "memorysetup-bucket-allocator-block-count=1"
    "memorysetup-main-allocator-block-size=16777216"
    "memorysetup-thread-allocator-block-size=16777216"
    "memorysetup-gfx-main-allocator-block-size=16777216"
    "memorysetup-gfx-thread-allocator-block-size=16777216"
    "memorysetup-cache-allocator-block-size=4194304"
    "memorysetup-typetree-allocator-block-size=2097152"
    "memorysetup-profiler-bucket-allocator-granularity=16"
    "memorysetup-profiler-bucket-allocator-bucket-count=8"
    "memorysetup-profiler-bucket-allocator-block-size=4194304"
    "memorysetup-profiler-bucket-allocator-block-count=1"
    "memorysetup-profiler-allocator-block-size=16777216"
    "memorysetup-profiler-editor-allocator-block-size=1048576"
    "memorysetup-temp-allocator-size-main=4194304"
    "memorysetup-job-temp-allocator-block-size=2097152"
    "memorysetup-job-temp-allocator-block-size-background=1048576"
    "memorysetup-job-temp-allocator-reduction-small-platforms=262144"
    "memorysetup-allocator-temp-initial-block-size-main=262144"
    "memorysetup-allocator-temp-initial-block-size-worker=262144"
    "memorysetup-temp-allocator-size-background-worker=32768"
    "memorysetup-temp-allocator-size-job-worker=262144"
    "memorysetup-temp-allocator-size-preload-manager=262144"
    "memorysetup-temp-allocator-size-nav-mesh-worker=65536"
    "memorysetup-temp-allocator-size-audio-worker=65536"
    "memorysetup-temp-allocator-size-cloud-worker=32768"
    "memorysetup-temp-allocator-size-gfx=262144"
Remaining time:29s
Found 2 interfaces on host : 0) 10.141.0.31 1) 10.149.0.31
Player connection [139684309462912] Multi-casting "[IP] 10.141.0.31 [Port] 55001 [Flags] 19 [Guid] 781502359 [EditorId] 3988235067 [Version] 1048832 [Id] LinuxPlayer(13,10.141.0.31) [Debug] 0 [PackageName] LinuxPlayer [ProjectName] Opencraft" to [225.0.0.222:54997]...

Direct connection to host time out.
Stopping profiler. Profiler is not able to flush data to a file or socket and exceeded maximum allowed memory for buffering.
Please use Profiler.maxUsedMemory API or -profiler-maxusedmemory command line parameter to increase maximum allowed memory usage.
Using 134234112 bytes while Profiler.maxUsedMemory is 134217728 bytes.
Failed to initialize networking layer after 30 seconds, skipping waiting for connection before starting playback.
Preloaded 'lib_burst_generated.so'
Preloaded 'libwebrtc.so'
[Physics::Module] Initialized MultithreadedJobDispatcher with 47 workers.
Initialize engine version: 2022.3.16f1 (d2c21f0ef2f1)
[Subsystems] Discovering subsystems at path /var/scratch/zmr280/opencraft/opencraft_Data/UnitySubsystems
Forcing GfxDevice: Null
GfxDevice: creating device client; threaded=0; jobified=0
NullGfxDevice:
    Version:  NULL 1.0 [1.0]
    Renderer: Null Device
    Vendor:   Unity Technologies
ERROR: Shader Hidden/Universal Render Pipeline/Blit shader is not supported on this GPU (none of subshaders/fallbacks are suitable)
ERROR: Shader Hidden/Universal Render Pipeline/CopyDepth shader is not supported on this GPU (none of subshaders/fallbacks are suitable)
ERROR: Shader Hidden/Universal Render Pipeline/Sampling shader is not supported on this GPU (none of subshaders/fallbacks are suitable)
ERROR: Shader Hidden/Universal Render Pipeline/LutBuilderLdr shader is not supported on this GPU (none of subshaders/fallbacks are suitable)
ERROR: Shader Hidden/Universal Render Pipeline/LutBuilderHdr shader is not supported on this GPU (none of subshaders/fallbacks are suitable)
ERROR: Shader Hidden/Universal Render Pipeline/UberPost shader is not supported on this GPU (none of subshaders/fallbacks are suitable)
ERROR: Shader Hidden/Universal Render Pipeline/Debug/DebugReplacement shader is not supported on this GPU (none of subshaders/fallbacks are suitable)
ERROR: Shader Hidden/Universal/HDRDebugView shader is not supported on this GPU (none of subshaders/fallbacks are suitable)
WARNING: Shader Unsupported: 'Hidden/Universal Render Pipeline/FallbackError' - All subshaders removed
WARNING: Shader Did you use #pragma only_renderers and omit this platform?
WARNING: Shader If subshaders removal was intentional, you may have forgotten turning Fallback off?
ERROR: Shader Hidden/Universal Render Pipeline/FallbackError shader is not supported on this GPU (none of subshaders/fallbacks are suitable)
WARNING: Shader Unsupported: 'Hidden/Universal Render Pipeline/FallbackError' - All subshaders removed
WARNING: Shader Did you use #pragma only_renderers and omit this platform?
WARNING: Shader If subshaders removal was intentional, you may have forgotten turning Fallback off?
WARNING: Shader Unsupported: 'Hidden/Universal Render Pipeline/StencilDeferred' - All subshaders removed
WARNING: Shader Did you use #pragma only_renderers and omit this platform?
WARNING: Shader If subshaders removal was intentional, you may have forgotten turning Fallback off?
ERROR: Shader Hidden/Universal Render Pipeline/StencilDeferred shader is not supported on this GPU (none of subshaders/fallbacks are suitable)
WARNING: Shader Unsupported: 'Hidden/Universal Render Pipeline/StencilDeferred' - All subshaders removed
WARNING: Shader Did you use #pragma only_renderers and omit this platform?
WARNING: Shader If subshaders removal was intentional, you may have forgotten turning Fallback off?
ERROR: Shader Hidden/Universal Render Pipeline/CameraMotionVectors shader is not supported on this GPU (none of subshaders/fallbacks are suitable)
ERROR: Shader Hidden/Universal Render Pipeline/ObjectMotionVectors shader is not supported on this GPU (none of subshaders/fallbacks are suitable)
ERROR: Shader Hidden/Universal Render Pipeline/LensFlareDataDriven shader is not supported on this GPU (none of subshaders/fallbacks are suitable)
ERROR: Shader Hidden/Universal Render Pipeline/ScreenSpaceAmbientOcclusion shader is not supported on this GPU (none of subshaders/fallbacks are suitable)
ERROR: Shader Hidden/Universal Render Pipeline/Stop NaN shader is not supported on this GPU (none of subshaders/fallbacks are suitable)
ERROR: Shader Hidden/Universal Render Pipeline/SubpixelMorphologicalAntialiasing shader is not supported on this GPU (none of subshaders/fallbacks are suitable)
ERROR: Shader Hidden/Universal Render Pipeline/TemporalAA shader is not supported on this GPU (none of subshaders/fallbacks are suitable)
ERROR: Shader Hidden/Universal Render Pipeline/Scaling Setup shader is not supported on this GPU (none of subshaders/fallbacks are suitable)
ERROR: Shader Hidden/Universal Render Pipeline/Edge Adaptive Spatial Upsampling shader is not supported on this GPU (none of subshaders/fallbacks are suitable)
ERROR: Shader Hidden/Universal Render Pipeline/FinalPost shader is not supported on this GPU (none of subshaders/fallbacks are suitable)
ERROR: Shader Sprites/Default shader is not supported on this GPU (none of subshaders/fallbacks are suitable)
ERROR: Shader Sprites/Mask shader is not supported on this GPU (none of subshaders/fallbacks are suitable)
ERROR: Shader GUI/Text Shader shader is not supported on this GPU (none of subshaders/fallbacks are suitable)
UnloadTime: 1.279810 ms
Parsing args: /var/scratch/zmr280/opencraft/opencraft.x86_64, -batchmode, -nographics, -logStats, True, -serverUrl, 10.141.0.1, -statsFile, /var/scratch/zmr280/runs/pareto-activeLogic_4-Layer_6x_6z_200p_120s/opencraft_stats/client18.csv, -userID, 18, -playType, Client, -emulationType, Simulation
Setting up worlds with playType Client and streaming role Disabled
Adding type with UniqueSystemAttribute: StatisticsSystem
Adding type with UniqueSystemAttribute: StatisticsSystem
Failed to create websocket: System.Net.Sockets.SocketException (0x80004005): Address already in use
  at System.Net.Sockets.Socket.Bind (System.Net.EndPoint localEP) [0x00000] in <00000000000000000000000000000000>:0 
  at Unity.NetCode.DebugWebSocket..ctor (System.UInt16 port) [0x00000] in <00000000000000000000000000000000>:0 
  at Unity.NetCode.GhostStatsConnection..ctor () [0x00000] in <00000000000000000000000000000000>:0 
  at Unity.NetCode.GhostStatsFlushSystem.OnCreate () [0x00000] in <00000000000000000000000000000000>:0 
  at Unity.Entities.ComponentSystemBase.CreateInstance (Unity.Entities.World world) [0x00000] in <00000000000000000000000000000000>:0 
  at Unity.Entities.World.AddSystem_OnCreate_Internal (Unity.Entities.ComponentSystemBase system) [0x00000] in <00000000000000000000000000000000>:0 
  at Unity.Entities.World.GetOrCreateSystemsAndLogException (Unity.Collections.NativeList`1[T] types, System.Int32 typesCount, Unity.Collections.AllocatorManager+AllocatorHandle allocator) [0x00000] in <00000000000000000000000000000000>:0 
  at Unity.Entities.World.GetOrCreateSystemsAndLogException (Unity.Collections.NativeList`1[T] types, Unity.Collections.AllocatorManager+AllocatorHandle allocator) [0x00000] in <00000000000000000000000000000000>:0 
  at Unity.Entities.DefaultWorldInitialization.AddSystemToRootLevelSystemGroupsInternal[T] (Unity.Entities.World world, Unity.Collections.NativeList`1[T] systemTypesOrig, Unity.Entities.ComponentSystemGroup defaultGroup, T rootGroups) [0x00000] in <00000000000000000000000000000000>:0 
  at Unity.Entities.DefaultWorldInitialization.AddSystemToRootLevelSystemGroupsInternal (Unity.Entities.World world, Unity.Collections.NativeList`1[T] systemTypesOrig) [0x00000] in <00000000000000000000000000000000>:0 
  at Unity.Entities.DefaultWorldInitialization.AddSystemsToRootLevelSystemGroups (Unity.Entities.World world, System.Collections.Generic.IReadOnlyList`1[T] systemTypes) [0x00000] in <00000000000000000000000000000000>:0 
  at PolkaDOTS.Bootstrap.GameBootstrap.CreateClientWorld (System.String name, Unity.Entities.WorldFlags flags, System.Collections.Generic.IReadOnlyList`1[T] systems) [0x00000] in <00000000000000000000000000000000>:0 
  at PolkaDOTS.Bootstrap.GameBootstrap.CreateDefaultClientWorld (System.String worldName, System.Boolean isHost, System.Boolean isCloudHost) [0x00000] in <00000000000000000000000000000000>:0 
  at PolkaDOTS.Bootstrap.GameBootstrap.SetupWorlds (PolkaDOTS.Deployment.MultiplayStreamingRoles mRole, PolkaDOTS.Bootstrap.GameBootstrap+BootstrapPlayTypes playTypes, Unity.Collections.NativeList`1[Unity.Entities.WorldUnmanaged]& worldReferences, System.Int32 numSimulatedClients, System.Boolean autoStart, System.Boolean autoConnect, System.String serverUrl, System.UInt16 serverPort, System.String signalingUrl, System.String worldName) [0x00000] in <00000000000000000000000000000000>:0 
  at PolkaDOTS.Bootstrap.GameBootstrap.SetupWorldsFromLocalConfig () [0x00000] in <00000000000000000000000000000000>:0 
  at PolkaDOTS.Bootstrap.GameBootstrap.Initialize (System.String defaultWorldName) [0x00000] in <00000000000000000000000000000000>:0 
  at Unity.Entities.CustomWorldInitialization.Initialize (System.String defaultWorldName, System.Boolean editorWorld) [0x00000] in <00000000000000000000000000000000>:0 
  at Unity.Entities.CustomAutomaticWorldBootstrap.Initialize () [0x00000] in <00000000000000000000000000000000>:0 
UnityEngine.DebugLogHandler:Internal_Log(LogType, LogOption, String, Object)
UnityEngine.DebugLogHandler:LogFormat(LogType, Object, String, Object[])
UnityEngine.Logger:Log(LogType, Object)
UnityEngine.Debug:LogError(Object)
Unity.NetCode.DebugWebSocket:.ctor(UInt16)
Unity.NetCode.GhostStatsConnection:.ctor()
Unity.NetCode.GhostStatsFlushSystem:OnCreate()
Unity.Entities.ComponentSystemBase:CreateInstance(World)
Unity.Entities.World:AddSystem_OnCreate_Internal(ComponentSystemBase)
Unity.Entities.World:GetOrCreateSystemsAndLogException(NativeList`1, Int32, AllocatorHandle)
Unity.Entities.World:GetOrCreateSystemsAndLogException(NativeList`1, AllocatorHandle)
Unity.Entities.DefaultWorldInitialization:AddSystemToRootLevelSystemGroupsInternal(World, NativeList`1, ComponentSystemGroup, T)
Unity.Entities.DefaultWorldInitialization:AddSystemToRootLevelSystemGroupsInternal(World, NativeList`1)
Unity.Entities.DefaultWorldInitialization:AddSystemsToRootLevelSystemGroups(World, IReadOnlyList`1)
PolkaDOTS.Bootstrap.GameBootstrap:CreateClientWorld(String, WorldFlags, IReadOnlyList`1)
PolkaDOTS.Bootstrap.GameBootstrap:CreateDefaultClientWorld(String, Boolean, Boolean)
PolkaDOTS.Bootstrap.GameBootstrap:SetupWorlds(MultiplayStreamingRoles, BootstrapPlayTypes, NativeList`1&, Int32, Boolean, Boolean, String, UInt16, String, String)
PolkaDOTS.Bootstrap.GameBootstrap:SetupWorldsFromLocalConfig()
PolkaDOTS.Bootstrap.GameBootstrap:Initialize(String)
Unity.Entities.CustomWorldInitialization:Initialize(String, Boolean)
Unity.Entities.CustomAutomaticWorldBootstrap:Initialize()

Adding world ClientWorld to update list
Connecting worlds with playType Client and streaming role Disabled
Created connection request for 10.141.0.1:7979
Creating statistics writer!
Recorder [ServerFixedUpdate] is invalid!
UnityEngine.DebugLogHandler:Internal_Log(LogType, LogOption, String, Object)
UnityEngine.DebugLogHandler:LogFormat(LogType, Object, String, Object[])
UnityEngine.Logger:Log(LogType, Object)
UnityEngine.Debug:LogWarning(Object)
PolkaDOTS.Statistics.StatisticsWriter:.ctor()
PolkaDOTS.Statistics.StatisticsWriterInstance:Awake()

Recorder [TerrainGeneration] is invalid!
UnityEngine.DebugLogHandler:Internal_Log(LogType, LogOption, String, Object)
UnityEngine.DebugLogHandler:LogFormat(LogType, Object, String, Object[])
UnityEngine.Logger:Log(LogType, Object)
UnityEngine.Debug:LogWarning(Object)
PolkaDOTS.Statistics.StatisticsWriter:.ctor()
PolkaDOTS.Statistics.StatisticsWriterInstance:Awake()

Recorder [PlayerTerrainGenCheck] is invalid!
UnityEngine.DebugLogHandler:Internal_Log(LogType, LogOption, String, Object)
UnityEngine.DebugLogHandler:LogFormat(LogType, Object, String, Object[])
UnityEngine.Logger:Log(LogType, Object)
UnityEngine.Debug:LogWarning(Object)
PolkaDOTS.Statistics.StatisticsWriter:.ctor()
PolkaDOTS.Statistics.StatisticsWriterInstance:Awake()

Recorder [StructureGeneration] is invalid!
UnityEngine.DebugLogHandler:Internal_Log(LogType, LogOption, String, Object)
UnityEngine.DebugLogHandler:LogFormat(LogType, Object, String, Object[])
UnityEngine.Logger:Log(LogType, Object)
UnityEngine.Debug:LogWarning(Object)
PolkaDOTS.Statistics.StatisticsWriter:.ctor()
PolkaDOTS.Statistics.StatisticsWriterInstance:Awake()

Recorder [TerrainLogicSystem] is invalid!
UnityEngine.DebugLogHandler:Internal_Log(LogType, LogOption, String, Object)
UnityEngine.DebugLogHandler:LogFormat(LogType, Object, String, Object[])
UnityEngine.Logger:Log(LogType, Object)
UnityEngine.Debug:LogWarning(Object)
PolkaDOTS.Statistics.StatisticsWriter:.ctor()
PolkaDOTS.Statistics.StatisticsWriterInstance:Awake()

Recorder [GetUpdates] is invalid!
UnityEngine.DebugLogHandler:Internal_Log(LogType, LogOption, String, Object)
UnityEngine.DebugLogHandler:LogFormat(LogType, Object, String, Object[])
UnityEngine.Logger:Log(LogType, Object)
UnityEngine.Debug:LogWarning(Object)
PolkaDOTS.Statistics.StatisticsWriter:.ctor()
PolkaDOTS.Statistics.StatisticsWriterInstance:Awake()

Recorder [ReevaluatePropagateMarker] is invalid!
UnityEngine.DebugLogHandler:Internal_Log(LogType, LogOption, String, Object)
UnityEngine.DebugLogHandler:LogFormat(LogType, Object, String, Object[])
UnityEngine.Logger:Log(LogType, Object)
UnityEngine.Debug:LogWarning(Object)
PolkaDOTS.Statistics.StatisticsWriter:.ctor()
PolkaDOTS.Statistics.StatisticsWriterInstance:Awake()

Recorder [PropagateLogicState] is invalid!
UnityEngine.DebugLogHandler:Internal_Log(LogType, LogOption, String, Object)
UnityEngine.DebugLogHandler:LogFormat(LogType, Object, String, Object[])
UnityEngine.Logger:Log(LogType, Object)
UnityEngine.Debug:LogWarning(Object)
PolkaDOTS.Statistics.StatisticsWriter:.ctor()
PolkaDOTS.Statistics.StatisticsWriterInstance:Awake()

Recorder [PropInputBlocks] is invalid!
UnityEngine.DebugLogHandler:Internal_Log(LogType, LogOption, String, Object)
UnityEngine.DebugLogHandler:LogFormat(LogType, Object, String, Object[])
UnityEngine.Logger:Log(LogType, Object)
UnityEngine.Debug:LogWarning(Object)
PolkaDOTS.Statistics.StatisticsWriter:.ctor()
PolkaDOTS.Statistics.StatisticsWriterInstance:Awake()

Recorder [PropActiveLogicBlocks] is invalid!
UnityEngine.DebugLogHandler:Internal_Log(LogType, LogOption, String, Object)
UnityEngine.DebugLogHandler:LogFormat(LogType, Object, String, Object[])
UnityEngine.Logger:Log(LogType, Object)
UnityEngine.Debug:LogWarning(Object)
PolkaDOTS.Statistics.StatisticsWriter:.ctor()
PolkaDOTS.Statistics.StatisticsWriterInstance:Awake()

Recorder [CheckGateState] is invalid!
UnityEngine.DebugLogHandler:Internal_Log(LogType, LogOption, String, Object)
UnityEngine.DebugLogHandler:LogFormat(LogType, Object, String, Object[])
UnityEngine.Logger:Log(LogType, Object)
UnityEngine.Debug:LogWarning(Object)
PolkaDOTS.Statistics.StatisticsWriter:.ctor()
PolkaDOTS.Statistics.StatisticsWriterInstance:Awake()

Recorder [GhostSimulationSystemGroup] is invalid!
UnityEngine.DebugLogHandler:Internal_Log(LogType, LogOption, String, Object)
UnityEngine.DebugLogHandler:LogFormat(LogType, Object, String, Object[])
UnityEngine.Logger:Log(LogType, Object)
UnityEngine.Debug:LogWarning(Object)
PolkaDOTS.Statistics.StatisticsWriter:.ctor()
PolkaDOTS.Statistics.StatisticsWriterInstance:Awake()

Recorder [PredictedSimulationSystemGroup] is invalid!
UnityEngine.DebugLogHandler:Internal_Log(LogType, LogOption, String, Object)
UnityEngine.DebugLogHandler:LogFormat(LogType, Object, String, Object[])
UnityEngine.Logger:Log(LogType, Object)
UnityEngine.Debug:LogWarning(Object)
PolkaDOTS.Statistics.StatisticsWriter:.ctor()
PolkaDOTS.Statistics.StatisticsWriterInstance:Awake()

Initializing multiplay!
Found non-specified codec: VP8 Internal video/VP8 implementation_name=Internal
Found codec: VP9 Profile0
Found codec: VP9 Profile2
Found codec: VP9 Profile1
Found codec: VP9 Profile3
Found codec: AV1 Profile0
Found codec: AV1 Profile1
Could not find H264.High as streaming codec!
Adding terrain areas statistics recorders
Streamed scene with   64ms latency from /var/scratch/zmr280/opencraft/opencraft_Data/StreamingAssets/EntityScenes/bea83102298cfb741939cdba85abe535.0.entities
AutoLoading authoring scene in world ClientWorld
[13:43:58.2275770]:[ClientWorld] New connection ID:19
ERROR: Shader Custom/VoxelShader shader is not supported on this GPU (none of subshaders/fallbacks are suitable)
WARNING: Shader Unsupported: 'Hidden/Universal Render Pipeline/FallbackError' - All subshaders removed
WARNING: Shader Did you use #pragma only_renderers and omit this platform?
WARNING: Shader If subshaders removal was intentional, you may have forgotten turning Fallback off?
ERROR: Shader Hidden/Universal Render Pipeline/FallbackError shader is not supported on this GPU (none of subshaders/fallbacks are suitable)
WARNING: Shader Unsupported: 'Hidden/Universal Render Pipeline/FallbackError' - All subshaders removed
WARNING: Shader Did you use #pragma only_renderers and omit this platform?
WARNING: Shader If subshaders removal was intentional, you may have forgotten turning Fallback off?
WARNING: Shader Unsupported: 'Universal Render Pipeline/Lit' - All subshaders removed
WARNING: Shader Did you use #pragma only_renderers and omit this platform?
WARNING: Shader If subshaders removal was intentional, you may have forgotten turning Fallback off?
ERROR: Shader Universal Render Pipeline/Lit shader is not supported on this GPU (none of subshaders/fallbacks are suitable)
WARNING: Shader Unsupported: 'Universal Render Pipeline/Lit' - All subshaders removed
WARNING: Shader Did you use #pragma only_renderers and omit this platform?
WARNING: Shader If subshaders removal was intentional, you may have forgotten turning Fallback off?
WARNING: Shader Unsupported: 'Universal Render Pipeline/Unlit' - All subshaders removed
WARNING: Shader Did you use #pragma only_renderers and omit this platform?
WARNING: Shader If subshaders removal was intentional, you may have forgotten turning Fallback off?
ERROR: Shader Universal Render Pipeline/Unlit shader is not supported on this GPU (none of subshaders/fallbacks are suitable)
WARNING: Shader Unsupported: 'Universal Render Pipeline/Unlit' - All subshaders removed
WARNING: Shader Did you use #pragma only_renderers and omit this platform?
WARNING: Shader If subshaders removal was intentional, you may have forgotten turning Fallback off?
Streamed scene with   55ms latency from /var/scratch/zmr280/opencraft/opencraft_Data/StreamingAssets/EntityScenes/62561c7118c5bbb46929c6bf65331faa.0.entities
Sending start game stream RPC
Emulation type is Idle, Simulation
Creating local player object
Sending spawn player RPC for user 18
ERROR: Shader UI/Default shader is not supported on this GPU (none of subshaders/fallbacks are suitable)
Player 18 has no connection ID!
UnityEngine.DebugLogHandler:Internal_Log(LogType, LogOption, String, Object)
UnityEngine.DebugLogHandler:LogFormat(LogType, Object, String, Object[])
UnityEngine.Logger:Log(LogType, Object)
UnityEngine.Debug:LogWarning(Object)
Opencraft.Player.SamplePlayerInput:OnUpdate(SystemState&)
Opencraft.Player.SamplePlayerInput:__codegen__OnUpdate(IntPtr, IntPtr)

Linking player entity Entity(184:1) to 18@LOCALPLAYER
Player simulation searching for path from float3(0.5f, 11.2f, 0.5f) = int3(0, 11, 0) to int3(-9, 11, 5)
Player simulation could not find a path from int3(0, 11, 0) to int3(-9, 11, 5), will choose new target
    1: Could not find target at int3(0, 11, 0)
Player simulation searching for path from float3(0.5f, 11.2f, 0.5f) = int3(0, 11, 0) to int3(-9, 11, 4)
Player simulation could not find a path from int3(0, 11, 0) to int3(-9, 11, 4), will choose new target
Player simulation searching for path from float3(0.5f, 11.2f, 0.5f) = int3(0, 11, 0) to int3(-12, 11, -13)
Player simulation could not find a path from int3(0, 11, 0) to int3(-12, 11, -13), will choose new target
    4: Could not find target at int3(0, 11, 0)
    5: Could not find target at int3(0, 11, 0)
Player simulation searching for path from float3(0.5f, 11.2f, 0.5f) = int3(0, 11, 0) to int3(-7, 11, 9)
Player simulation could not find a path from int3(0, 11, 0) to int3(-7, 11, 9), will choose new target
Player simulation searching for path from float3(0.5f, 11.2f, 0.5f) = int3(0, 11, 0) to int3(3, 11, 2)
Player simulation could not find a path from int3(0, 11, 0) to int3(3, 11, 2), will choose new target
Player simulation searching for path from float3(0.5f, 11.2f, 0.5f) = int3(0, 11, 0) to int3(-1, 11, -11)
Player simulation could not find a path from int3(0, 11, 0) to int3(-1, 11, -11), will choose new target
ClientWorld player simulation could not find a path in 9 attempts, waiting to try again
Player simulation searching for path from float3(0.5f, 11.1f, 0.5f) = int3(0, 11, 0) to int3(-9, 11, 5)
ClientWorld player simulation set new target int3(-9, 11, 5)
ClientWorld player simulation reached target int3(-9, 11, 5)
Player simulation searching for path from float3(-8.331713f, 11.12929f, 5.519f) = int3(-9, 11, 5) to int3(1, 11, -11)
ClientWorld player simulation set new target int3(1, 11, -11)
ClientWorld player simulation reached target int3(1, 11, -11)
Player simulation searching for path from float3(1.308446f, 11.14227f, -10.48298f) = int3(1, 11, -11) to int3(0, 11, -11)
ClientWorld player simulation set new target int3(0, 11, -11)
ClientWorld player simulation reached target int3(0, 11, -11)
Player simulation searching for path from float3(0.6518437f, 11.14227f, -10.48326f) = int3(0, 11, -11) to int3(-4, 11, 7)
ClientWorld player simulation set new target int3(-4, 11, 7)
ClientWorld player simulation reached target int3(-4, 11, 7)
Player simulation searching for path from float3(-3.505f, 11.12929f, 7.385711f) = int3(-4, 11, 7) to int3(-14, 11, 2)
ClientWorld player simulation set new target int3(-14, 11, 2)
ClientWorld player simulation reached target int3(-14, 11, 2)
Player simulation searching for path from float3(-13.35571f, 11.12929f, 2.525f) = int3(-14, 11, 2) to int3(-13, 11, 6)
ClientWorld player simulation set new target int3(-13, 11, 6)
ClientWorld player simulation reached target int3(-13, 11, 6)
Player simulation searching for path from float3(-12.67329f, 11.12929f, 6.508f) = int3(-13, 11, 6) to int3(-12, 11, -3)
ClientWorld player simulation set new target int3(-12, 11, -3)
ClientWorld player simulation reached target int3(-12, 11, -3)
Player simulation searching for path from float3(-11.53545f, 11.14227f, -2.356867f) = int3(-12, 11, -3) to int3(14, 11, 3)
ClientWorld player simulation set new target int3(14, 11, 3)
ClientWorld player simulation reached target int3(14, 11, 3)
Player simulation searching for path from float3(14.526f, 11.12929f, 3.302711f) = int3(14, 11, 3) to int3(2, 11, 1)
ClientWorld player simulation set new target int3(2, 11, 1)
ClientWorld player simulation reached target int3(2, 11, 1)
Player simulation searching for path from float3(2.66329f, 11.12929f, 1.513f) = int3(2, 11, 1) to int3(-4, 11, -13)
ClientWorld player simulation set new target int3(-4, 11, -13)
ClientWorld player simulation reached target int3(-4, 11, -13)
Player simulation searching for path from float3(-3.36971f, 11.12929f, -12.496f) = int3(-4, 11, -13) to int3(-4, 11, -6)
ClientWorld player simulation set new target int3(-4, 11, -6)
ClientWorld player simulation reached target int3(-4, 11, -6)
Player simulation searching for path from float3(-3.47f, 11.12929f, -5.63029f) = int3(-4, 11, -6) to int3(11, 11, -5)
ClientWorld player simulation set new target int3(11, 11, -5)
ClientWorld player simulation reached target int3(11, 11, -5)
Player simulation searching for path from float3(11.525f, 11.12929f, -4.61829f) = int3(11, 11, -5) to int3(0, 11, -3)
ClientWorld player simulation set new target int3(0, 11, -3)
ClientWorld player simulation reached target int3(0, 11, -3)
Player simulation searching for path from float3(0.5297107f, 11.12929f, -2.674579f) = int3(0, 11, -3) to int3(-11, 11, 5)
ClientWorld player simulation set new target int3(-11, 11, 5)
ClientWorld player simulation reached target int3(-11, 11, 5)
Player simulation searching for path from float3(-10.42355f, 11.14227f, 5.333289f) = int3(-11, 11, 5) to int3(-1, 11, 0)
ClientWorld player simulation set new target int3(-1, 11, 0)
ClientWorld player simulation reached target int3(-1, 11, 0)
Player simulation searching for path from float3(-0.6898435f, 11.14227f, 0.4661564f) = int3(-1, 11, 0) to int3(-4, 11, -8)
ClientWorld player simulation set new target int3(-4, 11, -8)
ClientWorld player simulation reached target int3(-4, 11, -8)
Player simulation searching for path from float3(-3.361711f, 11.12929f, -7.474f) = int3(-4, 11, -8) to int3(13, 11, 11)
ClientWorld player simulation set new target int3(13, 11, 11)
ClientWorld player simulation reached target int3(13, 11, 11)
Player simulation searching for path from float3(13.52029f, 11.12929f, 11.38042f) = int3(13, 11, 11) to int3(3, 11, -8)
ClientWorld player simulation set new target int3(3, 11, -8)
ClientWorld player simulation reached target int3(3, 11, -8)
Player simulation searching for path from float3(3.628736f, 11.12929f, -7.47229f) = int3(3, 11, -8) to int3(-12, 11, 9)
ClientWorld player simulation set new target int3(-12, 11, 9)
ClientWorld player simulation reached target int3(-12, 11, 9)
Player simulation searching for path from float3(-11.49616f, 11.14227f, 9.35269f) = int3(-12, 11, 9) to int3(10, 11, 11)
ClientWorld player simulation set new target int3(10, 11, 11)
ClientWorld player simulation reached target int3(10, 11, 11)
Player simulation searching for path from float3(10.38571f, 11.12929f, 11.517f) = int3(10, 11, 11) to int3(-4, 11, 6)
ClientWorld player simulation set new target int3(-4, 11, 6)
ClientWorld player simulation reached target int3(-4, 11, 6)
Player simulation searching for path from float3(-3.345711f, 11.12929f, 6.479f) = int3(-4, 11, 6) to int3(13, 11, 11)
ClientWorld player simulation set new target int3(13, 11, 11)
ClientWorld player simulation reached target int3(13, 11, 11)
Player simulation searching for path from float3(13.30916f, 11.14227f, 11.40584f) = int3(13, 11, 11) to int3(3, 11, -8)
ClientWorld player simulation set new target int3(3, 11, -8)
ClientWorld player simulation reached target int3(3, 11, -8)
Player simulation searching for path from float3(3.662555f, 11.14227f, -7.545976f) = int3(3, 11, -8) to int3(-12, 11, 9)
ClientWorld player simulation set new target int3(-12, 11, 9)
ClientWorld player simulation reached target int3(-12, 11, 9)
Player simulation searching for path from float3(-11.507f, 11.12929f, 9.363712f) = int3(-12, 11, 9) to int3(10, 11, 11)
ClientWorld player simulation set new target int3(10, 11, 11)
ClientWorld player simulation reached target int3(10, 11, 11)
Player simulation searching for path from float3(10.32116f, 11.14227f, 11.45426f) = int3(10, 11, 11) to int3(-4, 11, 6)
ClientWorld player simulation set new target int3(-4, 11, 6)
ClientWorld player simulation reached target int3(-4, 11, 6)
Player simulation searching for path from float3(-3.339735f, 11.14227f, 6.630735f) = int3(-4, 11, 6) to int3(13, 11, 11)
ClientWorld player simulation set new target int3(13, 11, 11)
ClientWorld player simulation reached target int3(13, 11, 11)
Player simulation searching for path from float3(13.33913f, 11.12929f, 11.482f) = int3(13, 11, 11) to int3(3, 11, -8)
ClientWorld player simulation set new target int3(3, 11, -8)
ClientWorld player simulation reached target int3(3, 11, -8)
Player simulation searching for path from float3(3.688869f, 11.12929f, -7.450579f) = int3(3, 11, -8) to int3(-12, 11, 9)
ClientWorld player simulation set new target int3(-12, 11, 9)
ClientWorld player simulation reached target int3(-12, 11, 9)
Player simulation searching for path from float3(-11.48602f, 11.14227f, 9.378871f) = int3(-12, 11, 9) to int3(10, 11, 11)
ClientWorld player simulation set new target int3(10, 11, 11)
ClientWorld player simulation path has strayed from int3(-1, 11, 9) to int3(-4, 11, 9), searching for a correction
ClientWorld player simulation reached target int3(10, 11, 11)
Player simulation searching for path from float3(10.32458f, 11.14227f, 11.51501f) = int3(10, 11, 11) to int3(-4, 11, 6)
ClientWorld player simulation set new target int3(-4, 11, 6)
ClientWorld player simulation reached target int3(-4, 11, 6)
Player simulation searching for path from float3(-3.335132f, 11.12929f, 6.487f) = int3(-4, 11, 6) to int3(13, 11, 11)
ClientWorld player simulation set new target int3(13, 11, 11)
ClientWorld player simulation path has strayed from int3(0, 11, 6) to int3(-3, 11, 6), searching for a correction
ClientWorld player simulation reached target int3(13, 11, 11)
Player simulation searching for path from float3(13.30245f, 11.14227f, 11.51303f) = int3(13, 11, 11) to int3(3, 11, -8)
ClientWorld player simulation set new target int3(3, 11, -8)
ClientWorld player simulation reached target int3(3, 11, -8)
Player simulation searching for path from float3(3.50929f, 11.12929f, -7.524f) = int3(3, 11, -8) to int3(-12, 11, 9)
ClientWorld player simulation set new target int3(-12, 11, 9)
ClientWorld player simulation reached target int3(-12, 11, 9)
Player simulation searching for path from float3(-11.486f, 11.12929f, 9.308713f) = int3(-12, 11, 9) to int3(10, 11, 11)
ClientWorld player simulation set new target int3(10, 11, 11)
ClientWorld player simulation path has strayed from int3(-8, 11, 9) to int3(-11, 11, 9), searching for a correction
ClientWorld player simulation reached target int3(10, 11, 11)
Player simulation searching for path from float3(10.32813f, 11.12929f, 11.35058f) = int3(10, 11, 11) to int3(-4, 11, 6)
ClientWorld player simulation set new target int3(-4, 11, 6)
ClientWorld player simulation reached target int3(-4, 11, 6)
Player simulation searching for path from float3(-3.376711f, 11.12929f, 6.512f) = int3(-4, 11, 6) to int3(13, 11, 11)
ClientWorld player simulation set new target int3(13, 11, 11)
ClientWorld player simulation reached target int3(13, 11, 11)
Player simulation searching for path from float3(13.35242f, 11.12929f, 11.49129f) = int3(13, 11, 11) to int3(3, 11, -8)
ClientWorld player simulation set new target int3(3, 11, -8)
ClientWorld player simulation reached target int3(3, 11, -8)
Player simulation searching for path from float3(3.680579f, 11.12929f, -7.48029f) = int3(3, 11, -8) to int3(-12, 11, 9)
ClientWorld player simulation set new target int3(-12, 11, 9)
ClientWorld player simulation reached target int3(-12, 11, 9)
Player simulation searching for path from float3(-11.527f, 11.12929f, 9.322712f) = int3(-12, 11, 9) to int3(10, 11, 11)
ClientWorld player simulation set new target int3(10, 11, 11)
ClientWorld player simulation reached target int3(10, 11, 11)
Player simulation searching for path from float3(10.33871f, 11.12929f, 11.489f) = int3(10, 11, 11) to int3(-4, 11, 6)
ClientWorld player simulation set new target int3(-4, 11, 6)
ClientWorld player simulation reached target int3(-4, 11, 6)
Player simulation searching for path from float3(-3.497f, 11.12929f, 6.68129f) = int3(-4, 11, 6) to int3(13, 11, 11)
ClientWorld player simulation set new target int3(13, 11, 11)
ClientWorld player simulation reached target int3(13, 11, 11)
Player simulation searching for path from float3(13.30874f, 11.14227f, 11.49827f) = int3(13, 11, 11) to int3(3, 11, -8)
ClientWorld player simulation set new target int3(3, 11, -8)
ClientWorld player simulation reached target int3(3, 11, -8)
Player simulation searching for path from float3(3.62129f, 11.12929f, -7.47f) = int3(3, 11, -8) to int3(-12, 11, 9)
ClientWorld player simulation set new target int3(-12, 11, 9)
ClientWorld player simulation reached target int3(-12, 11, 9)
Player simulation searching for path from float3(-11.57042f, 11.12929f, 9.345134f) = int3(-12, 11, 9) to int3(10, 11, 11)
ClientWorld player simulation set new target int3(10, 11, 11)
ClientWorld player simulation reached target int3(10, 11, 11)
Player simulation searching for path from float3(10.33156f, 11.12929f, 11.49885f) = int3(10, 11, 11) to int3(-4, 11, 6)
ClientWorld player simulation set new target int3(-4, 11, 6)
ClientWorld player simulation reached target int3(-4, 11, 6)
Player simulation searching for path from float3(-3.39981f, 11.12929f, 6.467467f) = int3(-4, 11, 6) to int3(13, 11, 11)
ClientWorld player simulation set new target int3(13, 11, 11)
[13:46:56.4596040]:[ClientWorld] Connection disconnected ID:19 Reason:Timeout
Caught fatal signal - signo:15 code:0 errno:0 addr:0x15020007a62c
Obtained 26 stack frames.
#0  0x007f0ac81a59c9 in PlayerMain(int, char**)
#1  0x007f0ac819a4b7 in (Unknown)
#2  0x007f0ac5f02c20 in funlockfile
#3  0x007f0ac5c8b910 in __memmove_avx_unaligned_erms
#4  0x007f09ed6bd60c in Buffer_InternalMemcpy_mFABC315DCD001655DDA90A2531F56366794E72C5
#5  0x007f09ed6bd55b in Buffer_Memcpy_m87345ACEE449F8CEA42341BC9F4AFC3743EF96D1
#6  0x007f09ed6bdb95 in Buffer_Memmove_mAA31A45BF1B1FA6490F0913B7FB59537767E5EF3
#7  0x007f09ed4175cf in String_wstrcpy_m7F8C35DCD0E2D5AAC35B153EF73E6B0F1501406B
#8  0x007f09ed4174fb in String_FillStringChecked_m3413709C427A00C5AB0F94E659DB63E6B4816D62
#9  0x007f09ed404599 in String_Concat_m9E3155FB84015C823606188F53B47CB44C444991
#10 0x007f09ed8bd857 in StatisticsWriter_Update_m24123BF001E17A5463E4292E5A6CFD276BBDA76C
#11 0x007f09ed8bd523 in StatisticsWriterInstance_Update_m336F478398EDE3BFB1A5F3FBFF6830892C7A1FF0
#12 0x007f09e9e88073 in il2cpp::vm::Runtime::InvokeWithThrow(MethodInfo const*, void*, void**)
#13 0x007f09e9e87fdb in il2cpp::vm::Runtime::Invoke(MethodInfo const*, void*, void**, Il2CppException**)
#14 0x007f0ac80def0b in (Unknown)
#15 0x007f0ac80e9cd7 in (Unknown)
#16 0x007f0ac81109a4 in (Unknown)
#17 0x007f0ac7913c96 in (Unknown)
#18 0x007f0ac7913aae in (Unknown)
#19 0x007f0ac7c318cd in (Unknown)
#20 0x007f0ac7c1d247 in (Unknown)
#21 0x007f0ac7c1d201 in (Unknown)
#22 0x007f0ac7c1d570 in (Unknown)
#23 0x007f0ac819c077 in PlayerMain(int, char**)
#24 0x007f0ac5b4e493 in __libc_start_main
#25 0x00000000201029 in _start
Setting up 12 worker threads for Enlighten.
Writing stats to file
Calling DomainUnloadOrPlayModeChangeShutdown!
Caught fatal signal - signo:11 code:1 errno:0 addr:0x48
Obtained 25 stack frames.
#0  0x007f0ac81a59c9 in PlayerMain(int, char**)
#1  0x007f0ac819a4b7 in (Unknown)
#2  0x007f0ac5f02c20 in funlockfile
#3  0x007f0ac7b5dff3 in (Unknown)
#4  0x007f0ac7b5e671 in (Unknown)
#5  0x007f0ac7b3ee7a in (Unknown)
#6  0x007f0ac853a42e in PlayerMain(int, char**)
#7  0x007f0ac74ec426 in (Unknown)
#8  0x007f09eef6d320 in ContentLoadInterface_ContentFile_UnloadAsync_Injected_mBD2F1D561285B0DE37DCDA4DEA75931201B5E680
#9  0x007f09eef6c78f in ContentLoadInterface_ContentFile_UnloadAsync_m197A3C60564D4E9F9049BAD57B46FB404A8F17BD
#10 0x007f09eef6c635 in ContentFile_UnloadAsync_mF35518E83FCF4C1701AF2C6CEBF7E507490481D6
#11 0x007f09ee1e456a in RuntimeContentManager_ReleaseFile_m12EDB377B39EF4D01B3268E711303D79747A4F4C
#12 0x007f09ee1e245c in RuntimeContentManager_ReleaseObjectImpl_m84E24B7727CAA367D95ABC97FC529A5594840414
#13 0x007f09ee1e0ae8 in RuntimeContentManager_Cleanup_m6436DF58ED05204D0A7DFACFB212018BD6B813FD
#14 0x007f09ee1e1f38 in RuntimeContentManager_OnShutdown_m09B1F0AD37BE7168472DDB84F55C43F02CD40113
#15 0x007f09e9cdde76 in EventHandler_Invoke_m9D3126CBE291A3E7E7C304094E1DA846832F9B96_Multicast(EventHandler_tC6323FD7E6163F965259C33D72612C0E5B9BAB82*, Il2CppObject*, EventArgs_t37273F03EAC87217701DD431B190FBD84AD7C377*, MethodInfo const*)
#16 0x007f09ed64f7b0 in EventHandler_Invoke_m9D3126CBE291A3E7E7C304094E1DA846832F9B96
#17 0x007f09e9e88073 in il2cpp::vm::Runtime::InvokeWithThrow(MethodInfo const*, void*, void**)
#18 0x007f09e9e87fdb in il2cpp::vm::Runtime::Invoke(MethodInfo const*, void*, void**, Il2CppException**)
#19 0x007f09e9e87b1c in il2cpp::vm::Runtime::Shutdown()
#20 0x007f0ac80f3f56 in (Unknown)
#21 0x007f0ac7c2f658 in (Unknown)
#22 0x007f0ac819bee6 in PlayerMain(int, char**)
#23 0x007f0ac5b4e493 in __libc_start_main
#24 0x00000000201029 in _start
