[UnityMemory] Configuration Parameters - Can be set up in boot.config
    "memorysetup-bucket-allocator-granularity=16"
    "memorysetup-bucket-allocator-bucket-count=8"
    "memorysetup-bucket-allocator-block-size=4194304"
    "memorysetup-bucket-allocator-block-count=1"
    "memorysetup-main-allocator-block-size=16777216"
    "memorysetup-thread-allocator-block-size=16777216"
    "memorysetup-gfx-main-allocator-block-size=16777216"
    "memorysetup-gfx-thread-allocator-block-size=16777216"
    "memorysetup-cache-allocator-block-size=4194304"
    "memorysetup-typetree-allocator-block-size=2097152"
    "memorysetup-profiler-bucket-allocator-granularity=16"
    "memorysetup-profiler-bucket-allocator-bucket-count=8"
    "memorysetup-profiler-bucket-allocator-block-size=4194304"
    "memorysetup-profiler-bucket-allocator-block-count=1"
    "memorysetup-profiler-allocator-block-size=16777216"
    "memorysetup-profiler-editor-allocator-block-size=1048576"
    "memorysetup-temp-allocator-size-main=4194304"
    "memorysetup-job-temp-allocator-block-size=2097152"
    "memorysetup-job-temp-allocator-block-size-background=1048576"
    "memorysetup-job-temp-allocator-reduction-small-platforms=262144"
    "memorysetup-allocator-temp-initial-block-size-main=262144"
    "memorysetup-allocator-temp-initial-block-size-worker=262144"
    "memorysetup-temp-allocator-size-background-worker=32768"
    "memorysetup-temp-allocator-size-job-worker=262144"
    "memorysetup-temp-allocator-size-preload-manager=262144"
    "memorysetup-temp-allocator-size-nav-mesh-worker=65536"
    "memorysetup-temp-allocator-size-audio-worker=65536"
    "memorysetup-temp-allocator-size-cloud-worker=32768"
    "memorysetup-temp-allocator-size-gfx=262144"
Remaining time:29s
Found 2 interfaces on host : 0) 10.141.0.1 1) 10.149.0.1
Player connection [140632284671872] Multi-casting "[IP] 10.141.0.1 [Port] 55000 [Flags] 19 [Guid] 1435070540 [EditorId] 3765082745 [Version] 1048832 [Id] LinuxPlayer(13,10.141.0.1) [Debug] 0 [PackageName] LinuxPlayer [ProjectName] Opencraft" to [225.0.0.222:54997]...

Direct connection to host time out.
Stopping profiler. Profiler is not able to flush data to a file or socket and exceeded maximum allowed memory for buffering.
Please use Profiler.maxUsedMemory API or -profiler-maxusedmemory command line parameter to increase maximum allowed memory usage.
Using 134234112 bytes while Profiler.maxUsedMemory is 134217728 bytes.
Failed to initialize networking layer after 30 seconds, skipping waiting for connection before starting playback.
Preloaded 'lib_burst_generated.so'
Preloaded 'libwebrtc.so'
[Physics::Module] Initialized MultithreadedJobDispatcher with 47 workers.
Initialize engine version: 2022.3.16f1 (d2c21f0ef2f1)
[Subsystems] Discovering subsystems at path /var/scratch/zmr280/opencraft/opencraft_Data/UnitySubsystems
Forcing GfxDevice: Null
GfxDevice: creating device client; threaded=0; jobified=0
NullGfxDevice:
    Version:  NULL 1.0 [1.0]
    Renderer: Null Device
    Vendor:   Unity Technologies
ERROR: Shader Hidden/Universal Render Pipeline/Blit shader is not supported on this GPU (none of subshaders/fallbacks are suitable)
ERROR: Shader Hidden/Universal Render Pipeline/CopyDepth shader is not supported on this GPU (none of subshaders/fallbacks are suitable)
ERROR: Shader Hidden/Universal Render Pipeline/Sampling shader is not supported on this GPU (none of subshaders/fallbacks are suitable)
ERROR: Shader Hidden/Universal Render Pipeline/LutBuilderLdr shader is not supported on this GPU (none of subshaders/fallbacks are suitable)
ERROR: Shader Hidden/Universal Render Pipeline/LutBuilderHdr shader is not supported on this GPU (none of subshaders/fallbacks are suitable)
ERROR: Shader Hidden/Universal Render Pipeline/UberPost shader is not supported on this GPU (none of subshaders/fallbacks are suitable)
ERROR: Shader Hidden/Universal Render Pipeline/Debug/DebugReplacement shader is not supported on this GPU (none of subshaders/fallbacks are suitable)
ERROR: Shader Hidden/Universal/HDRDebugView shader is not supported on this GPU (none of subshaders/fallbacks are suitable)
WARNING: Shader Unsupported: 'Hidden/Universal Render Pipeline/FallbackError' - All subshaders removed
WARNING: Shader Did you use #pragma only_renderers and omit this platform?
WARNING: Shader If subshaders removal was intentional, you may have forgotten turning Fallback off?
ERROR: Shader Hidden/Universal Render Pipeline/FallbackError shader is not supported on this GPU (none of subshaders/fallbacks are suitable)
WARNING: Shader Unsupported: 'Hidden/Universal Render Pipeline/FallbackError' - All subshaders removed
WARNING: Shader Did you use #pragma only_renderers and omit this platform?
WARNING: Shader If subshaders removal was intentional, you may have forgotten turning Fallback off?
WARNING: Shader Unsupported: 'Hidden/Universal Render Pipeline/StencilDeferred' - All subshaders removed
WARNING: Shader Did you use #pragma only_renderers and omit this platform?
WARNING: Shader If subshaders removal was intentional, you may have forgotten turning Fallback off?
ERROR: Shader Hidden/Universal Render Pipeline/StencilDeferred shader is not supported on this GPU (none of subshaders/fallbacks are suitable)
WARNING: Shader Unsupported: 'Hidden/Universal Render Pipeline/StencilDeferred' - All subshaders removed
WARNING: Shader Did you use #pragma only_renderers and omit this platform?
WARNING: Shader If subshaders removal was intentional, you may have forgotten turning Fallback off?
ERROR: Shader Hidden/Universal Render Pipeline/CameraMotionVectors shader is not supported on this GPU (none of subshaders/fallbacks are suitable)
ERROR: Shader Hidden/Universal Render Pipeline/ObjectMotionVectors shader is not supported on this GPU (none of subshaders/fallbacks are suitable)
ERROR: Shader Hidden/Universal Render Pipeline/LensFlareDataDriven shader is not supported on this GPU (none of subshaders/fallbacks are suitable)
ERROR: Shader Hidden/Universal Render Pipeline/ScreenSpaceAmbientOcclusion shader is not supported on this GPU (none of subshaders/fallbacks are suitable)
ERROR: Shader Hidden/Universal Render Pipeline/Stop NaN shader is not supported on this GPU (none of subshaders/fallbacks are suitable)
ERROR: Shader Hidden/Universal Render Pipeline/SubpixelMorphologicalAntialiasing shader is not supported on this GPU (none of subshaders/fallbacks are suitable)
ERROR: Shader Hidden/Universal Render Pipeline/TemporalAA shader is not supported on this GPU (none of subshaders/fallbacks are suitable)
ERROR: Shader Hidden/Universal Render Pipeline/Scaling Setup shader is not supported on this GPU (none of subshaders/fallbacks are suitable)
ERROR: Shader Hidden/Universal Render Pipeline/Edge Adaptive Spatial Upsampling shader is not supported on this GPU (none of subshaders/fallbacks are suitable)
ERROR: Shader Hidden/Universal Render Pipeline/FinalPost shader is not supported on this GPU (none of subshaders/fallbacks are suitable)
ERROR: Shader Sprites/Default shader is not supported on this GPU (none of subshaders/fallbacks are suitable)
ERROR: Shader Sprites/Mask shader is not supported on this GPU (none of subshaders/fallbacks are suitable)
ERROR: Shader GUI/Text Shader shader is not supported on this GPU (none of subshaders/fallbacks are suitable)
UnloadTime: 0.888707 ms
Parsing args: /var/scratch/zmr280/opencraft/opencraft.x86_64, -batchmode, -nographics, -logStats, True, -terrainType, Empty, -statsFile, /var/scratch/zmr280/runs/players-activeLogic_Empty_0x_0z_100p_120s/opencraft_stats/server.csv, -activeLogic, -circuitX, 0, -circuitZ, 0, -playType, Server
Setting up worlds with playType Server and streaming role Disabled
Connecting worlds with playType Server and streaming role Disabled
Created listen request for 0.0.0.0:7979
Creating statistics writer!
Recorder [GhostSimulationSystemGroup] is invalid!
UnityEngine.DebugLogHandler:Internal_Log(LogType, LogOption, String, Object)
UnityEngine.DebugLogHandler:LogFormat(LogType, Object, String, Object[])
UnityEngine.Logger:Log(LogType, Object)
UnityEngine.Debug:LogWarning(Object)
PolkaDOTS.Statistics.StatisticsWriter:.ctor()
PolkaDOTS.Statistics.StatisticsWriterInstance:Awake()

Recorder [PredictedSimulationSystemGroup] is invalid!
UnityEngine.DebugLogHandler:Internal_Log(LogType, LogOption, String, Object)
UnityEngine.DebugLogHandler:LogFormat(LogType, Object, String, Object[])
UnityEngine.Logger:Log(LogType, Object)
UnityEngine.Debug:LogWarning(Object)
PolkaDOTS.Statistics.StatisticsWriter:.ctor()
PolkaDOTS.Statistics.StatisticsWriterInstance:Awake()

Initializing multiplay!
Found non-specified codec: VP8 Internal video/VP8 implementation_name=Internal
Found codec: VP9 Profile0
Found codec: VP9 Profile2
Found codec: VP9 Profile1
Found codec: VP9 Profile3
Found codec: AV1 Profile0
Found codec: AV1 Profile1
Could not find H264.High as streaming codec!
Adding terrain areas statistics recorders
Streamed scene with   35ms latency from /var/scratch/zmr280/opencraft/opencraft_Data/StreamingAssets/EntityScenes/bea83102298cfb741939cdba85abe535.0.entities
AutoLoading authoring scene in world ServerWorld
ERROR: Shader Custom/VoxelShader shader is not supported on this GPU (none of subshaders/fallbacks are suitable)
WARNING: Shader Unsupported: 'Hidden/Universal Render Pipeline/FallbackError' - All subshaders removed
WARNING: Shader Did you use #pragma only_renderers and omit this platform?
WARNING: Shader If subshaders removal was intentional, you may have forgotten turning Fallback off?
ERROR: Shader Hidden/Universal Render Pipeline/FallbackError shader is not supported on this GPU (none of subshaders/fallbacks are suitable)
WARNING: Shader Unsupported: 'Hidden/Universal Render Pipeline/FallbackError' - All subshaders removed
WARNING: Shader Did you use #pragma only_renderers and omit this platform?
WARNING: Shader If subshaders removal was intentional, you may have forgotten turning Fallback off?
WARNING: Shader Unsupported: 'Universal Render Pipeline/Lit' - All subshaders removed
WARNING: Shader Did you use #pragma only_renderers and omit this platform?
WARNING: Shader If subshaders removal was intentional, you may have forgotten turning Fallback off?
ERROR: Shader Universal Render Pipeline/Lit shader is not supported on this GPU (none of subshaders/fallbacks are suitable)
WARNING: Shader Unsupported: 'Universal Render Pipeline/Lit' - All subshaders removed
WARNING: Shader Did you use #pragma only_renderers and omit this platform?
WARNING: Shader If subshaders removal was intentional, you may have forgotten turning Fallback off?
WARNING: Shader Unsupported: 'Universal Render Pipeline/Unlit' - All subshaders removed
WARNING: Shader Did you use #pragma only_renderers and omit this platform?
WARNING: Shader If subshaders removal was intentional, you may have forgotten turning Fallback off?
ERROR: Shader Universal Render Pipeline/Unlit shader is not supported on this GPU (none of subshaders/fallbacks are suitable)
WARNING: Shader Unsupported: 'Universal Render Pipeline/Unlit' - All subshaders removed
WARNING: Shader Did you use #pragma only_renderers and omit this platform?
WARNING: Shader If subshaders removal was intentional, you may have forgotten turning Fallback off?
Streamed scene with   38ms latency from /var/scratch/zmr280/opencraft/opencraft_Data/StreamingAssets/EntityScenes/62561c7118c5bbb46929c6bf65331faa.0.entities
Setting player spawn to 0, 3, 0
TerrainLogicSystem Tick 1
[20:36:01.9511750]:[ServerWorld] New connection ID:1
[20:36:01.9658470]:[ServerWorld] New connection ID:5
[20:36:01.9658470]:[ServerWorld] New connection ID:2
[20:36:01.9658470]:[ServerWorld] New connection ID:3
[20:36:01.9658470]:[ServerWorld] New connection ID:4
[20:36:01.9839280]:[ServerWorld] New connection ID:6
[20:36:02.0025060]:[ServerWorld] New connection ID:7
[20:36:02.0304290]:[ServerWorld] New connection ID:8
Starting game stream on connection 1!
Starting game stream on connection 2!
Starting game stream on connection 3!
'Spawning a Ghost '' for user '4' on connection '1'!
'Spawning a Ghost '' for user '8' on connection '2'!
[20:36:02.0496580]:[ServerWorld] Connection disconnected ID:0 Reason:ConnectionClose
[20:36:02.0496580]:[ServerWorld] Connection disconnected ID:0 Reason:ConnectionClose
Starting game stream on connection 4!
'Spawning a Ghost '' for user '7' on connection '4'!
'Spawning a Ghost '' for user '6' on connection '3'!
[20:36:02.0653560]:[ServerWorld] Connection disconnected ID:0 Reason:ConnectionClose
[20:36:02.0653560]:[ServerWorld] Connection disconnected ID:0 Reason:ConnectionClose
Starting game stream on connection 7!
Starting game stream on connection 5!
Starting game stream on connection 6!
'Spawning a Ghost '' for user '5' on connection '5'!
'Spawning a Ghost '' for user '1' on connection '6'!
[20:36:02.0840540]:[ServerWorld] Connection disconnected ID:0 Reason:ConnectionClose
[20:36:02.0840540]:[ServerWorld] Connection disconnected ID:0 Reason:ConnectionClose
'Spawning a Ghost '' for user '9' on connection '7'!
[20:36:02.0988810]:[ServerWorld] Connection disconnected ID:0 Reason:ConnectionClose
Starting game stream on connection 8!
'Spawning a Ghost '' for user '10' on connection '8'!
[20:36:02.1313910]:[ServerWorld] Connection disconnected ID:0 Reason:ConnectionClose
[20:36:02.3671030]:[ServerWorld] New connection ID:9
[20:36:02.3981170]:[ServerWorld] New connection ID:10
Starting game stream on connection 9!
'Spawning a Ghost '' for user '2' on connection '9'!
[20:36:02.4666930]:[ServerWorld] Connection disconnected ID:0 Reason:ConnectionClose
Starting game stream on connection 10!
'Spawning a Ghost '' for user '3' on connection '10'!
[20:36:02.5136560]:[ServerWorld] Connection disconnected ID:0 Reason:ConnectionClose
TerrainLogicSystem Tick 2
[20:36:04.9492260]:[ServerWorld] New connection ID:11
[20:36:05.0321200]:[ServerWorld] New connection ID:12
Starting game stream on connection 11!
'Spawning a Ghost '' for user '11' on connection '11'!
[20:36:05.0645140]:[ServerWorld] New connection ID:13
[20:36:05.0645140]:[ServerWorld] Connection disconnected ID:0 Reason:ConnectionClose
[20:36:05.0824420]:[ServerWorld] New connection ID:14
[20:36:05.1147820]:[ServerWorld] New connection ID:15
[20:36:05.1147820]:[ServerWorld] New connection ID:16
Starting game stream on connection 12!
Starting game stream on connection 13!
'Spawning a Ghost '' for user '18' on connection '12'!
[20:36:05.1643860]:[ServerWorld] Connection disconnected ID:0 Reason:ConnectionClose
Starting game stream on connection 14!
'Spawning a Ghost '' for user '13' on connection '13'!
[20:36:05.1828850]:[ServerWorld] Connection disconnected ID:0 Reason:ConnectionClose
'Spawning a Ghost '' for user '17' on connection '14'!
[20:36:05.2022910]:[ServerWorld] Connection disconnected ID:0 Reason:ConnectionClose
Starting game stream on connection 16!
Starting game stream on connection 15!
'Spawning a Ghost '' for user '16' on connection '15'!
[20:36:05.2353090]:[ServerWorld] New connection ID:17
[20:36:05.2353090]:[ServerWorld] Connection disconnected ID:0 Reason:ConnectionClose
'Spawning a Ghost '' for user '15' on connection '16'!
[20:36:05.2485780]:[ServerWorld] Connection disconnected ID:0 Reason:ConnectionClose
[20:36:05.3327210]:[ServerWorld] New connection ID:18
Starting game stream on connection 17!
'Spawning a Ghost '' for user '12' on connection '17'!
[20:36:05.3513660]:[ServerWorld] New connection ID:19
[20:36:05.3513660]:[ServerWorld] Connection disconnected ID:0 Reason:ConnectionClose
[20:36:05.3846320]:[ServerWorld] New connection ID:20
Starting game stream on connection 18!
Starting game stream on connection 19!
'Spawning a Ghost '' for user '19' on connection '18'!
[20:36:05.4657630]:[ServerWorld] Connection disconnected ID:0 Reason:ConnectionClose
'Spawning a Ghost '' for user '14' on connection '19'!
[20:36:05.4842020]:[ServerWorld] Connection disconnected ID:0 Reason:ConnectionClose
Starting game stream on connection 20!
'Spawning a Ghost '' for user '20' on connection '20'!
[20:36:05.4991440]:[ServerWorld] Connection disconnected ID:0 Reason:ConnectionClose
[20:36:08.0492240]:[ServerWorld] New connection ID:21
[20:36:08.1154790]:[ServerWorld] New connection ID:22
Starting game stream on connection 21!
'Spawning a Ghost '' for user '28' on connection '21'!
[20:36:08.1662830]:[ServerWorld] Connection disconnected ID:0 Reason:ConnectionClose
[20:36:08.1992640]:[ServerWorld] New connection ID:23
[20:36:08.1992640]:[ServerWorld] New connection ID:24
[20:36:08.2184340]:[ServerWorld] New connection ID:25
Starting game stream on connection 22!
[20:36:08.2312500]:[ServerWorld] New connection ID:26
'Spawning a Ghost '' for user '29' on connection '22'!
[20:36:08.2495950]:[ServerWorld] Connection disconnected ID:0 Reason:ConnectionClose
[20:36:08.2682760]:[ServerWorld] New connection ID:27
Starting game stream on connection 24!
Starting game stream on connection 25!
'Spawning a Ghost '' for user '30' on connection '24'!
'Spawning a Ghost '' for user '23' on connection '25'!
[20:36:08.3192350]:[ServerWorld] Connection disconnected ID:0 Reason:ConnectionClose
[20:36:08.3192350]:[ServerWorld] Connection disconnected ID:0 Reason:ConnectionClose
Starting game stream on connection 23!
'Spawning a Ghost '' for user '21' on connection '23'!
[20:36:08.3325560]:[ServerWorld] New connection ID:28
[20:36:08.3325560]:[ServerWorld] Connection disconnected ID:0 Reason:ConnectionClose
Starting game stream on connection 26!
'Spawning a Ghost '' for user '24' on connection '26'!
[20:36:08.3487180]:[ServerWorld] Connection disconnected ID:0 Reason:ConnectionClose
Starting game stream on connection 27!
'Spawning a Ghost '' for user '26' on connection '27'!
[20:36:08.3811510]:[ServerWorld] New connection ID:29
[20:36:08.3811510]:[ServerWorld] Connection disconnected ID:0 Reason:ConnectionClose
[20:36:08.3992800]:[ServerWorld] New connection ID:30
Starting game stream on connection 28!
'Spawning a Ghost '' for user '27' on connection '28'!
[20:36:08.4665610]:[ServerWorld] Connection disconnected ID:0 Reason:ConnectionClose
Starting game stream on connection 29!
Starting game stream on connection 30!
'Spawning a Ghost '' for user '25' on connection '30'!
'Spawning a Ghost '' for user '22' on connection '29'!
[20:36:08.5357140]:[ServerWorld] Connection disconnected ID:0 Reason:ConnectionClose
[20:36:08.5357140]:[ServerWorld] Connection disconnected ID:0 Reason:ConnectionClose
TerrainLogicSystem Tick 3
[20:36:11.2770010]:[ServerWorld] New connection ID:31
[20:36:11.2825200]:[ServerWorld] New connection ID:33
[20:36:11.2825200]:[ServerWorld] New connection ID:32
[20:36:11.3338780]:[ServerWorld] New connection ID:34
[20:36:11.3485880]:[ServerWorld] New connection ID:36
[20:36:11.3485880]:[ServerWorld] New connection ID:35
Starting game stream on connection 32!
'Spawning a Ghost '' for user '32' on connection '32'!
[20:36:11.3675080]:[ServerWorld] Connection disconnected ID:0 Reason:ConnectionClose
[20:36:11.3823000]:[ServerWorld] New connection ID:37
Starting game stream on connection 31!
Starting game stream on connection 33!
'Spawning a Ghost '' for user '36' on connection '31'!
[20:36:11.3986170]:[ServerWorld] Connection disconnected ID:0 Reason:ConnectionClose
'Spawning a Ghost '' for user '35' on connection '33'!
[20:36:11.4169070]:[ServerWorld] Connection disconnected ID:0 Reason:ConnectionClose
Starting game stream on connection 34!
'Spawning a Ghost '' for user '31' on connection '34'!
[20:36:11.4312110]:[ServerWorld] Connection disconnected ID:0 Reason:ConnectionClose
Starting game stream on connection 35!
Starting game stream on connection 36!
'Spawning a Ghost '' for user '33' on connection '35'!
'Spawning a Ghost '' for user '40' on connection '36'!
[20:36:11.4508350]:[ServerWorld] Connection disconnected ID:0 Reason:ConnectionClose
[20:36:11.4508350]:[ServerWorld] Connection disconnected ID:0 Reason:ConnectionClose
Starting game stream on connection 37!
'Spawning a Ghost '' for user '34' on connection '37'!
[20:36:11.5002870]:[ServerWorld] Connection disconnected ID:0 Reason:ConnectionClose
[20:36:11.5341580]:[ServerWorld] New connection ID:38
[20:36:11.6145630]:[ServerWorld] New connection ID:39
[20:36:11.6145630]:[ServerWorld] New connection ID:40
Starting game stream on connection 38!
'Spawning a Ghost '' for user '38' on connection '38'!
[20:36:11.6673020]:[ServerWorld] Connection disconnected ID:0 Reason:ConnectionClose
Starting game stream on connection 39!
'Spawning a Ghost '' for user '39' on connection '39'!
[20:36:11.7314470]:[ServerWorld] Connection disconnected ID:0 Reason:ConnectionClose
Starting game stream on connection 40!
'Spawning a Ghost '' for user '37' on connection '40'!
[20:36:11.7651180]:[ServerWorld] Connection disconnected ID:0 Reason:ConnectionClose
TerrainLogicSystem Tick 4
[20:36:13.9958790]:[ServerWorld] New connection ID:41
Starting game stream on connection 41!
'Spawning a Ghost '' for user '48' on connection '41'!
[20:36:14.0493060]:[ServerWorld] New connection ID:42
[20:36:14.0493060]:[ServerWorld] Connection disconnected ID:0 Reason:ConnectionClose
Starting game stream on connection 42!
'Spawning a Ghost '' for user '44' on connection '42'!
[20:36:14.1345090]:[ServerWorld] New connection ID:43
[20:36:14.1345090]:[ServerWorld] Connection disconnected ID:0 Reason:ConnectionClose
[20:36:14.1497840]:[ServerWorld] New connection ID:44
[20:36:14.1645290]:[ServerWorld] New connection ID:45
[20:36:14.1856280]:[ServerWorld] New connection ID:48
[20:36:14.1856280]:[ServerWorld] New connection ID:46
[20:36:14.1856280]:[ServerWorld] New connection ID:47
[20:36:14.2009490]:[ServerWorld] New connection ID:49
Starting game stream on connection 43!
'Spawning a Ghost '' for user '46' on connection '43'!
[20:36:14.2159330]:[ServerWorld] Connection disconnected ID:0 Reason:ConnectionClose
[20:36:14.2361240]:[ServerWorld] New connection ID:50
Starting game stream on connection 44!
'Spawning a Ghost '' for user '50' on connection '44'!
[20:36:14.2513470]:[ServerWorld] Connection disconnected ID:0 Reason:ConnectionClose
Starting game stream on connection 45!
'Spawning a Ghost '' for user '42' on connection '45'!
[20:36:14.2668060]:[ServerWorld] Connection disconnected ID:0 Reason:ConnectionClose
Starting game stream on connection 47!
Starting game stream on connection 48!
Starting game stream on connection 46!
'Spawning a Ghost '' for user '47' on connection '47'!
'Spawning a Ghost '' for user '45' on connection '46'!
[20:36:14.2822530]:[ServerWorld] Connection disconnected ID:0 Reason:ConnectionClose
[20:36:14.2822530]:[ServerWorld] Connection disconnected ID:0 Reason:ConnectionClose
Starting game stream on connection 49!
'Spawning a Ghost '' for user '43' on connection '48'!
[20:36:14.3030870]:[ServerWorld] Connection disconnected ID:0 Reason:ConnectionClose
'Spawning a Ghost '' for user '41' on connection '49'!
[20:36:14.3179380]:[ServerWorld] Connection disconnected ID:0 Reason:ConnectionClose
Starting game stream on connection 50!
'Spawning a Ghost '' for user '49' on connection '50'!
[20:36:14.3334280]:[ServerWorld] Connection disconnected ID:0 Reason:ConnectionClose
[20:36:17.0033660]:[ServerWorld] New connection ID:51
[20:36:17.0178100]:[ServerWorld] New connection ID:52
[20:36:17.0334160]:[ServerWorld] New connection ID:53
Starting game stream on connection 51!
Starting game stream on connection 52!
'Spawning a Ghost '' for user '58' on connection '51'!
[20:36:17.1193120]:[ServerWorld] New connection ID:54
[20:36:17.1193120]:[ServerWorld] New connection ID:55
[20:36:17.1193120]:[ServerWorld] Connection disconnected ID:0 Reason:ConnectionClose
Starting game stream on connection 53!
'Spawning a Ghost '' for user '56' on connection '53'!
'Spawning a Ghost '' for user '54' on connection '52'!
[20:36:17.1345010]:[ServerWorld] Connection disconnected ID:0 Reason:ConnectionClose
[20:36:17.1345010]:[ServerWorld] Connection disconnected ID:0 Reason:ConnectionClose
[20:36:17.1502690]:[ServerWorld] New connection ID:56
[20:36:17.1652630]:[ServerWorld] New connection ID:57
Starting game stream on connection 54!
[20:36:17.2003440]:[ServerWorld] New connection ID:58
Starting game stream on connection 55!
'Spawning a Ghost '' for user '59' on connection '55'!
'Spawning a Ghost '' for user '52' on connection '54'!
[20:36:17.2153050]:[ServerWorld] Connection disconnected ID:0 Reason:ConnectionClose
[20:36:17.2153050]:[ServerWorld] Connection disconnected ID:0 Reason:ConnectionClose
Starting game stream on connection 56!
'Spawning a Ghost '' for user '53' on connection '56'!
[20:36:17.2512510]:[ServerWorld] New connection ID:59
[20:36:17.2512510]:[ServerWorld] Connection disconnected ID:0 Reason:ConnectionClose
Starting game stream on connection 57!
'Spawning a Ghost '' for user '60' on connection '57'!
[20:36:17.2664710]:[ServerWorld] New connection ID:60
[20:36:17.2664710]:[ServerWorld] Connection disconnected ID:0 Reason:ConnectionClose
Starting game stream on connection 58!
'Spawning a Ghost '' for user '57' on connection '58'!
[20:36:17.2987810]:[ServerWorld] Connection disconnected ID:0 Reason:ConnectionClose
Starting game stream on connection 59!
'Spawning a Ghost '' for user '51' on connection '59'!
[20:36:17.3500580]:[ServerWorld] Connection disconnected ID:0 Reason:ConnectionClose
Starting game stream on connection 60!
'Spawning a Ghost '' for user '55' on connection '60'!
[20:36:17.3862400]:[ServerWorld] Connection disconnected ID:0 Reason:ConnectionClose
TerrainLogicSystem Tick 5
[20:36:19.8865330]:[ServerWorld] New connection ID:61
[20:36:19.9322740]:[ServerWorld] New connection ID:62
[20:36:19.9682220]:[ServerWorld] New connection ID:63
Starting game stream on connection 61!
'Spawning a Ghost '' for user '66' on connection '61'!
[20:36:19.9838170]:[ServerWorld] Connection disconnected ID:0 Reason:ConnectionClose
Starting game stream on connection 62!
'Spawning a Ghost '' for user '67' on connection '62'!
[20:36:20.0178530]:[ServerWorld] Connection disconnected ID:0 Reason:ConnectionClose
Starting game stream on connection 63!
'Spawning a Ghost '' for user '68' on connection '63'!
[20:36:20.0865240]:[ServerWorld] Connection disconnected ID:0 Reason:ConnectionClose
[20:36:20.1021380]:[ServerWorld] New connection ID:64
[20:36:20.1021380]:[ServerWorld] New connection ID:65
[20:36:20.1486940]:[ServerWorld] New connection ID:66
[20:36:20.1858110]:[ServerWorld] New connection ID:67
Starting game stream on connection 64!
Starting game stream on connection 65!
'Spawning a Ghost '' for user '62' on connection '65'!
[20:36:20.2046670]:[ServerWorld] Connection disconnected ID:0 Reason:ConnectionClose
'Spawning a Ghost '' for user '70' on connection '64'!
[20:36:20.2150020]:[ServerWorld] New connection ID:68
[20:36:20.2150020]:[ServerWorld] Connection disconnected ID:0 Reason:ConnectionClose
Starting game stream on connection 66!
[20:36:20.2325080]:[ServerWorld] New connection ID:69
'Spawning a Ghost '' for user '61' on connection '66'!
[20:36:20.2613900]:[ServerWorld] Connection disconnected ID:0 Reason:ConnectionClose
Starting game stream on connection 67!
'Spawning a Ghost '' for user '65' on connection '67'!
[20:36:20.2883610]:[ServerWorld] Connection disconnected ID:0 Reason:ConnectionClose
[20:36:20.3022700]:[ServerWorld] New connection ID:70
Starting game stream on connection 69!
Starting game stream on connection 68!
'Spawning a Ghost '' for user '64' on connection '69'!
'Spawning a Ghost '' for user '69' on connection '68'!
[20:36:20.3336170]:[ServerWorld] Connection disconnected ID:0 Reason:ConnectionClose
[20:36:20.3336170]:[ServerWorld] Connection disconnected ID:0 Reason:ConnectionClose
Starting game stream on connection 70!
'Spawning a Ghost '' for user '63' on connection '70'!
[20:36:20.4150050]:[ServerWorld] Connection disconnected ID:0 Reason:ConnectionClose
TerrainLogicSystem Tick 6
[20:36:22.9158810]:[ServerWorld] New connection ID:71
[20:36:23.0195490]:[ServerWorld] New connection ID:72
Starting game stream on connection 71!
'Spawning a Ghost '' for user '78' on connection '71'!
[20:36:23.0519790]:[ServerWorld] Connection disconnected ID:0 Reason:ConnectionClose
TerrainLogicSystem Tick 7
[20:36:23.1198910]:[ServerWorld] New connection ID:73
[20:36:23.1198910]:[ServerWorld] New connection ID:74
[20:36:23.1198910]:[ServerWorld] New connection ID:75
Starting game stream on connection 72!
'Spawning a Ghost '' for user '74' on connection '72'!
[20:36:23.1217940]:[ServerWorld] Connection disconnected ID:0 Reason:ConnectionClose
Starting game stream on connection 74!
Starting game stream on connection 73!
Starting game stream on connection 75!
'Spawning a Ghost '' for user '72' on connection '73'!
'Spawning a Ghost '' for user '71' on connection '74'!
[20:36:23.1815320]:[ServerWorld] Connection disconnected ID:0 Reason:ConnectionClose
[20:36:23.1815320]:[ServerWorld] Connection disconnected ID:0 Reason:ConnectionClose
'Spawning a Ghost '' for user '77' on connection '75'!
[20:36:23.1985010]:[ServerWorld] Connection disconnected ID:0 Reason:ConnectionClose
[20:36:23.2163620]:[ServerWorld] New connection ID:76
[20:36:23.2488160]:[ServerWorld] New connection ID:77
[20:36:23.2654470]:[ServerWorld] New connection ID:78
[20:36:23.3162380]:[ServerWorld] New connection ID:79
Starting game stream on connection 76!
'Spawning a Ghost '' for user '79' on connection '76'!
[20:36:23.3332030]:[ServerWorld] Connection disconnected ID:0 Reason:ConnectionClose
Starting game stream on connection 78!
'Spawning a Ghost '' for user '73' on connection '78'!
[20:36:23.3494400]:[ServerWorld] New connection ID:80
[20:36:23.3494400]:[ServerWorld] Connection disconnected ID:0 Reason:ConnectionClose
Starting game stream on connection 77!
'Spawning a Ghost '' for user '76' on connection '77'!
[20:36:23.3653850]:[ServerWorld] Connection disconnected ID:0 Reason:ConnectionClose
Starting game stream on connection 79!
'Spawning a Ghost '' for user '75' on connection '79'!
[20:36:23.4156650]:[ServerWorld] Connection disconnected ID:0 Reason:ConnectionClose
Starting game stream on connection 80!
'Spawning a Ghost '' for user '80' on connection '80'!
[20:36:23.4673910]:[ServerWorld] Connection disconnected ID:0 Reason:ConnectionClose
TerrainLogicSystem Tick 8
[20:36:25.9030820]:[ServerWorld] New connection ID:81
Starting game stream on connection 81!
'Spawning a Ghost '' for user '83' on connection '81'!
[20:36:26.0043030]:[ServerWorld] Connection disconnected ID:0 Reason:ConnectionClose
[20:36:26.0223570]:[ServerWorld] New connection ID:82
[20:36:26.0223570]:[ServerWorld] New connection ID:83
[20:36:26.0323730]:[ServerWorld] New connection ID:84
[20:36:26.0662180]:[ServerWorld] New connection ID:85
Starting game stream on connection 82!
Starting game stream on connection 83!
'Spawning a Ghost '' for user '81' on connection '82'!
'Spawning a Ghost '' for user '88' on connection '83'!
[20:36:26.1177390]:[ServerWorld] Connection disconnected ID:0 Reason:ConnectionClose
[20:36:26.1177390]:[ServerWorld] Connection disconnected ID:0 Reason:ConnectionClose
Starting game stream on connection 84!
'Spawning a Ghost '' for user '82' on connection '84'!
[20:36:26.1511050]:[ServerWorld] New connection ID:86
[20:36:26.1511050]:[ServerWorld] Connection disconnected ID:0 Reason:ConnectionClose
[20:36:26.1685130]:[ServerWorld] New connection ID:87
Starting game stream on connection 85!
'Spawning a Ghost '' for user '84' on connection '85'!
[20:36:26.1852090]:[ServerWorld] New connection ID:89
[20:36:26.1852090]:[ServerWorld] New connection ID:88
[20:36:26.1852090]:[ServerWorld] Connection disconnected ID:0 Reason:ConnectionClose
[20:36:26.2181070]:[ServerWorld] New connection ID:90
Starting game stream on connection 86!
'Spawning a Ghost '' for user '87' on connection '86'!
[20:36:26.2504910]:[ServerWorld] Connection disconnected ID:0 Reason:ConnectionClose
Starting game stream on connection 87!
'Spawning a Ghost '' for user '85' on connection '87'!
[20:36:26.2674230]:[ServerWorld] Connection disconnected ID:0 Reason:ConnectionClose
Starting game stream on connection 88!
Starting game stream on connection 89!
'Spawning a Ghost '' for user '90' on connection '88'!
[20:36:26.3013400]:[ServerWorld] Connection disconnected ID:0 Reason:ConnectionClose
Starting game stream on connection 90!
'Spawning a Ghost '' for user '89' on connection '90'!
'Spawning a Ghost '' for user '86' on connection '89'!
[20:36:26.3185250]:[ServerWorld] Connection disconnected ID:0 Reason:ConnectionClose
[20:36:26.3185250]:[ServerWorld] Connection disconnected ID:0 Reason:ConnectionClose
TerrainLogicSystem Tick 9
[20:36:28.7509040]:[ServerWorld] New connection ID:91
Starting game stream on connection 91!
[20:36:28.8533130]:[ServerWorld] New connection ID:92
'Spawning a Ghost '' for user '99' on connection '91'!
[20:36:28.8702890]:[ServerWorld] New connection ID:93
[20:36:28.8702890]:[ServerWorld] Connection disconnected ID:0 Reason:ConnectionClose
[20:36:28.8992440]:[ServerWorld] New connection ID:94
[20:36:28.9343920]:[ServerWorld] New connection ID:95
[20:36:28.9510730]:[ServerWorld] New connection ID:97
[20:36:28.9510730]:[ServerWorld] New connection ID:96
Starting game stream on connection 92!
Starting game stream on connection 93!
'Spawning a Ghost '' for user '95' on connection '92'!
[20:36:28.9686330]:[ServerWorld] Connection disconnected ID:0 Reason:ConnectionClose
'Spawning a Ghost '' for user '100' on connection '93'!
[20:36:28.9905850]:[ServerWorld] Connection disconnected ID:0 Reason:ConnectionClose
[20:36:29.0098360]:[ServerWorld] New connection ID:98
Starting game stream on connection 95!
Starting game stream on connection 94!
'Spawning a Ghost '' for user '91' on connection '95'!
[20:36:29.0248480]:[ServerWorld] Connection disconnected ID:0 Reason:ConnectionClose
Starting game stream on connection 97!
'Spawning a Ghost '' for user '93' on connection '94'!
[20:36:29.0403060]:[ServerWorld] Connection disconnected ID:0 Reason:ConnectionClose
Starting game stream on connection 96!
'Spawning a Ghost '' for user '92' on connection '97'!
[20:36:29.0540330]:[ServerWorld] New connection ID:99
[20:36:29.0540330]:[ServerWorld] Connection disconnected ID:0 Reason:ConnectionClose
'Spawning a Ghost '' for user '98' on connection '96'!
[20:36:29.0708020]:[ServerWorld] Connection disconnected ID:0 Reason:ConnectionClose
[20:36:29.0861450]:[ServerWorld] New connection ID:100
Starting game stream on connection 98!
'Spawning a Ghost '' for user '94' on connection '98'!
[20:36:29.1193470]:[ServerWorld] Connection disconnected ID:0 Reason:ConnectionClose
Starting game stream on connection 99!
Starting game stream on connection 100!
'Spawning a Ghost '' for user '97' on connection '99'!
[20:36:29.1916840]:[ServerWorld] Connection disconnected ID:0 Reason:ConnectionClose
'Spawning a Ghost '' for user '96' on connection '100'!
[20:36:29.2080550]:[ServerWorld] Connection disconnected ID:0 Reason:ConnectionClose
TerrainLogicSystem Tick 10
TerrainLogicSystem Tick 11
TerrainLogicSystem Tick 12
TerrainLogicSystem Tick 13
TerrainLogicSystem Tick 14
TerrainLogicSystem Tick 15
TerrainLogicSystem Tick 16
TerrainLogicSystem Tick 17
TerrainLogicSystem Tick 18
TerrainLogicSystem Tick 19
TerrainLogicSystem Tick 20
TerrainLogicSystem Tick 21
TerrainLogicSystem Tick 22
TerrainLogicSystem Tick 23
TerrainLogicSystem Tick 24
TerrainLogicSystem Tick 25
TerrainLogicSystem Tick 26
TerrainLogicSystem Tick 27
TerrainLogicSystem Tick 28
TerrainLogicSystem Tick 29
TerrainLogicSystem Tick 30
TerrainLogicSystem Tick 31
TerrainLogicSystem Tick 32
TerrainLogicSystem Tick 33
TerrainLogicSystem Tick 34
TerrainLogicSystem Tick 35
TerrainLogicSystem Tick 36
TerrainLogicSystem Tick 37
TerrainLogicSystem Tick 38
TerrainLogicSystem Tick 39
TerrainLogicSystem Tick 40
TerrainLogicSystem Tick 41
TerrainLogicSystem Tick 42
TerrainLogicSystem Tick 43
Caught fatal signal - signo:15 code:0 errno:0 addr:0x150200064020
Obtained 20 stack frames.
#0  0x007fe77fd419c9 in PlayerMain(int, char**)
#1  0x007fe77fd364b7 in (Unknown)
#2  0x007fe77da9ec20 in funlockfile
#3  0x007fe6b9f12599 in GC_mark_and_push
#4  0x007fe6b9f1660d in GC_push_marked
#5  0x007fe6b9f15848 in GC_push_next_marked_uncollectable
#6  0x007fe6b9f0f261 in GC_mark_some
#7  0x007fe6b9f0e4cd in GC_stopped_mark
#8  0x007fe6b9f0db2c in GC_maybe_gc
#9  0x007fe6b9f0f117 in GC_collect_a_little_inner
#10 0x007fe6b9f0da75 in GC_collect_a_little
#11 0x007fe77fc81088 in (Unknown)
#12 0x007fe77fc8117e in (Unknown)
#13 0x007fe77f7cc373 in (Unknown)
#14 0x007fe77f7b9247 in (Unknown)
#15 0x007fe77f7b9201 in (Unknown)
#16 0x007fe77f7b9570 in (Unknown)
#17 0x007fe77fd38077 in PlayerMain(int, char**)
#18 0x007fe77d6ea493 in __libc_start_main
#19 0x00000000201029 in _start
Setting up 12 worker threads for Enlighten.
Writing stats to file
Calling DomainUnloadOrPlayModeChangeShutdown!
Caught fatal signal - signo:11 code:1 errno:0 addr:0x48
Obtained 25 stack frames.
#0  0x007fe77fd419c9 in PlayerMain(int, char**)
#1  0x007fe77fd364b7 in (Unknown)
#2  0x007fe77da9ec20 in funlockfile
#3  0x007fe77f6f9ff3 in (Unknown)
#4  0x007fe77f6fa671 in (Unknown)
#5  0x007fe77f6dae7a in (Unknown)
#6  0x007fe7800d642e in PlayerMain(int, char**)
#7  0x007fe77f088426 in (Unknown)
#8  0x007fe6bef6d320 in ContentLoadInterface_ContentFile_UnloadAsync_Injected_mBD2F1D561285B0DE37DCDA4DEA75931201B5E680
#9  0x007fe6bef6c78f in ContentLoadInterface_ContentFile_UnloadAsync_m197A3C60564D4E9F9049BAD57B46FB404A8F17BD
#10 0x007fe6bef6c635 in ContentFile_UnloadAsync_mF35518E83FCF4C1701AF2C6CEBF7E507490481D6
#11 0x007fe6be1e456a in RuntimeContentManager_ReleaseFile_m12EDB377B39EF4D01B3268E711303D79747A4F4C
#12 0x007fe6be1e245c in RuntimeContentManager_ReleaseObjectImpl_m84E24B7727CAA367D95ABC97FC529A5594840414
#13 0x007fe6be1e0ae8 in RuntimeContentManager_Cleanup_m6436DF58ED05204D0A7DFACFB212018BD6B813FD
#14 0x007fe6be1e1f38 in RuntimeContentManager_OnShutdown_m09B1F0AD37BE7168472DDB84F55C43F02CD40113
#15 0x007fe6b9cdde76 in EventHandler_Invoke_m9D3126CBE291A3E7E7C304094E1DA846832F9B96_Multicast(EventHandler_tC6323FD7E6163F965259C33D72612C0E5B9BAB82*, Il2CppObject*, EventArgs_t37273F03EAC87217701DD431B190FBD84AD7C377*, MethodInfo const*)
#16 0x007fe6bd64f7b0 in EventHandler_Invoke_m9D3126CBE291A3E7E7C304094E1DA846832F9B96
#17 0x007fe6b9e88073 in il2cpp::vm::Runtime::InvokeWithThrow(MethodInfo const*, void*, void**)
#18 0x007fe6b9e87fdb in il2cpp::vm::Runtime::Invoke(MethodInfo const*, void*, void**, Il2CppException**)
#19 0x007fe6b9e87b1c in il2cpp::vm::Runtime::Shutdown()
#20 0x007fe77fc8ff56 in (Unknown)
#21 0x007fe77f7cb658 in (Unknown)
#22 0x007fe77fd37ee6 in PlayerMain(int, char**)
#23 0x007fe77d6ea493 in __libc_start_main
#24 0x00000000201029 in _start
