[UnityMemory] Configuration Parameters - Can be set up in boot.config
    "memorysetup-bucket-allocator-granularity=16"
    "memorysetup-bucket-allocator-bucket-count=8"
    "memorysetup-bucket-allocator-block-size=4194304"
    "memorysetup-bucket-allocator-block-count=1"
    "memorysetup-main-allocator-block-size=16777216"
    "memorysetup-thread-allocator-block-size=16777216"
    "memorysetup-gfx-main-allocator-block-size=16777216"
    "memorysetup-gfx-thread-allocator-block-size=16777216"
    "memorysetup-cache-allocator-block-size=4194304"
    "memorysetup-typetree-allocator-block-size=2097152"
    "memorysetup-profiler-bucket-allocator-granularity=16"
    "memorysetup-profiler-bucket-allocator-bucket-count=8"
    "memorysetup-profiler-bucket-allocator-block-size=4194304"
    "memorysetup-profiler-bucket-allocator-block-count=1"
    "memorysetup-profiler-allocator-block-size=16777216"
    "memorysetup-profiler-editor-allocator-block-size=1048576"
    "memorysetup-temp-allocator-size-main=4194304"
    "memorysetup-job-temp-allocator-block-size=2097152"
    "memorysetup-job-temp-allocator-block-size-background=1048576"
    "memorysetup-job-temp-allocator-reduction-small-platforms=262144"
    "memorysetup-allocator-temp-initial-block-size-main=262144"
    "memorysetup-allocator-temp-initial-block-size-worker=262144"
    "memorysetup-temp-allocator-size-background-worker=32768"
    "memorysetup-temp-allocator-size-job-worker=262144"
    "memorysetup-temp-allocator-size-preload-manager=262144"
    "memorysetup-temp-allocator-size-nav-mesh-worker=65536"
    "memorysetup-temp-allocator-size-audio-worker=65536"
    "memorysetup-temp-allocator-size-cloud-worker=32768"
    "memorysetup-temp-allocator-size-gfx=262144"
Remaining time:29s
Found 2 interfaces on host : 0) 10.141.0.34 1) 10.149.0.34
Player connection [140458812833664] Multi-casting "[IP] 10.141.0.34 [Port] 55013 [Flags] 19 [Guid] 1839913053 [EditorId] 3988235067 [Version] 1048832 [Id] LinuxPlayer(13,10.141.0.34) [Debug] 0 [PackageName] LinuxPlayer [ProjectName] Opencraft" to [225.0.0.222:54997]...

Direct connection to host time out.
Stopping profiler. Profiler is not able to flush data to a file or socket and exceeded maximum allowed memory for buffering.
Please use Profiler.maxUsedMemory API or -profiler-maxusedmemory command line parameter to increase maximum allowed memory usage.
Using 134234112 bytes while Profiler.maxUsedMemory is 134217728 bytes.
Failed to initialize networking layer after 30 seconds, skipping waiting for connection before starting playback.
Preloaded 'lib_burst_generated.so'
Preloaded 'libwebrtc.so'
[Physics::Module] Initialized MultithreadedJobDispatcher with 47 workers.
Initialize engine version: 2022.3.16f1 (d2c21f0ef2f1)
[Subsystems] Discovering subsystems at path /var/scratch/zmr280/opencraft/opencraft_Data/UnitySubsystems
Forcing GfxDevice: Null
GfxDevice: creating device client; threaded=0; jobified=0
NullGfxDevice:
    Version:  NULL 1.0 [1.0]
    Renderer: Null Device
    Vendor:   Unity Technologies
ERROR: Shader Hidden/Universal Render Pipeline/Blit shader is not supported on this GPU (none of subshaders/fallbacks are suitable)
ERROR: Shader Hidden/Universal Render Pipeline/CopyDepth shader is not supported on this GPU (none of subshaders/fallbacks are suitable)
ERROR: Shader Hidden/Universal Render Pipeline/Sampling shader is not supported on this GPU (none of subshaders/fallbacks are suitable)
ERROR: Shader Hidden/Universal Render Pipeline/LutBuilderLdr shader is not supported on this GPU (none of subshaders/fallbacks are suitable)
ERROR: Shader Hidden/Universal Render Pipeline/LutBuilderHdr shader is not supported on this GPU (none of subshaders/fallbacks are suitable)
ERROR: Shader Hidden/Universal Render Pipeline/UberPost shader is not supported on this GPU (none of subshaders/fallbacks are suitable)
ERROR: Shader Hidden/Universal Render Pipeline/Debug/DebugReplacement shader is not supported on this GPU (none of subshaders/fallbacks are suitable)
ERROR: Shader Hidden/Universal/HDRDebugView shader is not supported on this GPU (none of subshaders/fallbacks are suitable)
WARNING: Shader Unsupported: 'Hidden/Universal Render Pipeline/FallbackError' - All subshaders removed
WARNING: Shader Did you use #pragma only_renderers and omit this platform?
WARNING: Shader If subshaders removal was intentional, you may have forgotten turning Fallback off?
ERROR: Shader Hidden/Universal Render Pipeline/FallbackError shader is not supported on this GPU (none of subshaders/fallbacks are suitable)
WARNING: Shader Unsupported: 'Hidden/Universal Render Pipeline/FallbackError' - All subshaders removed
WARNING: Shader Did you use #pragma only_renderers and omit this platform?
WARNING: Shader If subshaders removal was intentional, you may have forgotten turning Fallback off?
WARNING: Shader Unsupported: 'Hidden/Universal Render Pipeline/StencilDeferred' - All subshaders removed
WARNING: Shader Did you use #pragma only_renderers and omit this platform?
WARNING: Shader If subshaders removal was intentional, you may have forgotten turning Fallback off?
ERROR: Shader Hidden/Universal Render Pipeline/StencilDeferred shader is not supported on this GPU (none of subshaders/fallbacks are suitable)
WARNING: Shader Unsupported: 'Hidden/Universal Render Pipeline/StencilDeferred' - All subshaders removed
WARNING: Shader Did you use #pragma only_renderers and omit this platform?
WARNING: Shader If subshaders removal was intentional, you may have forgotten turning Fallback off?
ERROR: Shader Hidden/Universal Render Pipeline/CameraMotionVectors shader is not supported on this GPU (none of subshaders/fallbacks are suitable)
ERROR: Shader Hidden/Universal Render Pipeline/ObjectMotionVectors shader is not supported on this GPU (none of subshaders/fallbacks are suitable)
ERROR: Shader Hidden/Universal Render Pipeline/LensFlareDataDriven shader is not supported on this GPU (none of subshaders/fallbacks are suitable)
ERROR: Shader Hidden/Universal Render Pipeline/ScreenSpaceAmbientOcclusion shader is not supported on this GPU (none of subshaders/fallbacks are suitable)
ERROR: Shader Hidden/Universal Render Pipeline/Stop NaN shader is not supported on this GPU (none of subshaders/fallbacks are suitable)
ERROR: Shader Hidden/Universal Render Pipeline/SubpixelMorphologicalAntialiasing shader is not supported on this GPU (none of subshaders/fallbacks are suitable)
ERROR: Shader Hidden/Universal Render Pipeline/TemporalAA shader is not supported on this GPU (none of subshaders/fallbacks are suitable)
ERROR: Shader Hidden/Universal Render Pipeline/Scaling Setup shader is not supported on this GPU (none of subshaders/fallbacks are suitable)
ERROR: Shader Hidden/Universal Render Pipeline/Edge Adaptive Spatial Upsampling shader is not supported on this GPU (none of subshaders/fallbacks are suitable)
ERROR: Shader Hidden/Universal Render Pipeline/FinalPost shader is not supported on this GPU (none of subshaders/fallbacks are suitable)
ERROR: Shader Sprites/Default shader is not supported on this GPU (none of subshaders/fallbacks are suitable)
ERROR: Shader Sprites/Mask shader is not supported on this GPU (none of subshaders/fallbacks are suitable)
ERROR: Shader GUI/Text Shader shader is not supported on this GPU (none of subshaders/fallbacks are suitable)
UnloadTime: 0.696747 ms
Parsing args: /var/scratch/zmr280/opencraft/opencraft.x86_64, -batchmode, -nographics, -logStats, True, -serverUrl, 10.141.0.1, -statsFile, /var/scratch/zmr280/runs/pareto-activeLogic_5-Layer_6x_6z_200p_120s/opencraft_stats/client140.csv, -userID, 140, -playType, Client, -emulationType, Simulation
Setting up worlds with playType Client and streaming role Disabled
Adding type with UniqueSystemAttribute: StatisticsSystem
Adding type with UniqueSystemAttribute: StatisticsSystem
Failed to create websocket: System.Net.Sockets.SocketException (0x80004005): Address already in use
  at System.Net.Sockets.Socket.Bind (System.Net.EndPoint localEP) [0x00000] in <00000000000000000000000000000000>:0 
  at Unity.NetCode.DebugWebSocket..ctor (System.UInt16 port) [0x00000] in <00000000000000000000000000000000>:0 
  at Unity.NetCode.GhostStatsConnection..ctor () [0x00000] in <00000000000000000000000000000000>:0 
  at Unity.NetCode.GhostStatsFlushSystem.OnCreate () [0x00000] in <00000000000000000000000000000000>:0 
  at Unity.Entities.ComponentSystemBase.CreateInstance (Unity.Entities.World world) [0x00000] in <00000000000000000000000000000000>:0 
  at Unity.Entities.World.AddSystem_OnCreate_Internal (Unity.Entities.ComponentSystemBase system) [0x00000] in <00000000000000000000000000000000>:0 
  at Unity.Entities.World.GetOrCreateSystemsAndLogException (Unity.Collections.NativeList`1[T] types, System.Int32 typesCount, Unity.Collections.AllocatorManager+AllocatorHandle allocator) [0x00000] in <00000000000000000000000000000000>:0 
  at Unity.Entities.World.GetOrCreateSystemsAndLogException (Unity.Collections.NativeList`1[T] types, Unity.Collections.AllocatorManager+AllocatorHandle allocator) [0x00000] in <00000000000000000000000000000000>:0 
  at Unity.Entities.DefaultWorldInitialization.AddSystemToRootLevelSystemGroupsInternal[T] (Unity.Entities.World world, Unity.Collections.NativeList`1[T] systemTypesOrig, Unity.Entities.ComponentSystemGroup defaultGroup, T rootGroups) [0x00000] in <00000000000000000000000000000000>:0 
  at Unity.Entities.DefaultWorldInitialization.AddSystemToRootLevelSystemGroupsInternal (Unity.Entities.World world, Unity.Collections.NativeList`1[T] systemTypesOrig) [0x00000] in <00000000000000000000000000000000>:0 
  at Unity.Entities.DefaultWorldInitialization.AddSystemsToRootLevelSystemGroups (Unity.Entities.World world, System.Collections.Generic.IReadOnlyList`1[T] systemTypes) [0x00000] in <00000000000000000000000000000000>:0 
  at PolkaDOTS.Bootstrap.GameBootstrap.CreateClientWorld (System.String name, Unity.Entities.WorldFlags flags, System.Collections.Generic.IReadOnlyList`1[T] systems) [0x00000] in <00000000000000000000000000000000>:0 
  at PolkaDOTS.Bootstrap.GameBootstrap.CreateDefaultClientWorld (System.String worldName, System.Boolean isHost, System.Boolean isCloudHost) [0x00000] in <00000000000000000000000000000000>:0 
  at PolkaDOTS.Bootstrap.GameBootstrap.SetupWorlds (PolkaDOTS.Deployment.MultiplayStreamingRoles mRole, PolkaDOTS.Bootstrap.GameBootstrap+BootstrapPlayTypes playTypes, Unity.Collections.NativeList`1[Unity.Entities.WorldUnmanaged]& worldReferences, System.Int32 numSimulatedClients, System.Boolean autoStart, System.Boolean autoConnect, System.String serverUrl, System.UInt16 serverPort, System.String signalingUrl, System.String worldName) [0x00000] in <00000000000000000000000000000000>:0 
  at PolkaDOTS.Bootstrap.GameBootstrap.SetupWorldsFromLocalConfig () [0x00000] in <00000000000000000000000000000000>:0 
  at PolkaDOTS.Bootstrap.GameBootstrap.Initialize (System.String defaultWorldName) [0x00000] in <00000000000000000000000000000000>:0 
  at Unity.Entities.CustomWorldInitialization.Initialize (System.String defaultWorldName, System.Boolean editorWorld) [0x00000] in <00000000000000000000000000000000>:0 
  at Unity.Entities.CustomAutomaticWorldBootstrap.Initialize () [0x00000] in <00000000000000000000000000000000>:0 
UnityEngine.DebugLogHandler:Internal_Log(LogType, LogOption, String, Object)
UnityEngine.DebugLogHandler:LogFormat(LogType, Object, String, Object[])
UnityEngine.Logger:Log(LogType, Object)
UnityEngine.Debug:LogError(Object)
Unity.NetCode.DebugWebSocket:.ctor(UInt16)
Unity.NetCode.GhostStatsConnection:.ctor()
Unity.NetCode.GhostStatsFlushSystem:OnCreate()
Unity.Entities.ComponentSystemBase:CreateInstance(World)
Unity.Entities.World:AddSystem_OnCreate_Internal(ComponentSystemBase)
Unity.Entities.World:GetOrCreateSystemsAndLogException(NativeList`1, Int32, AllocatorHandle)
Unity.Entities.World:GetOrCreateSystemsAndLogException(NativeList`1, AllocatorHandle)
Unity.Entities.DefaultWorldInitialization:AddSystemToRootLevelSystemGroupsInternal(World, NativeList`1, ComponentSystemGroup, T)
Unity.Entities.DefaultWorldInitialization:AddSystemToRootLevelSystemGroupsInternal(World, NativeList`1)
Unity.Entities.DefaultWorldInitialization:AddSystemsToRootLevelSystemGroups(World, IReadOnlyList`1)
PolkaDOTS.Bootstrap.GameBootstrap:CreateClientWorld(String, WorldFlags, IReadOnlyList`1)
PolkaDOTS.Bootstrap.GameBootstrap:CreateDefaultClientWorld(String, Boolean, Boolean)
PolkaDOTS.Bootstrap.GameBootstrap:SetupWorlds(MultiplayStreamingRoles, BootstrapPlayTypes, NativeList`1&, Int32, Boolean, Boolean, String, UInt16, String, String)
PolkaDOTS.Bootstrap.GameBootstrap:SetupWorldsFromLocalConfig()
PolkaDOTS.Bootstrap.GameBootstrap:Initialize(String)
Unity.Entities.CustomWorldInitialization:Initialize(String, Boolean)
Unity.Entities.CustomAutomaticWorldBootstrap:Initialize()

Adding world ClientWorld to update list
Connecting worlds with playType Client and streaming role Disabled
Created connection request for 10.141.0.1:7979
Creating statistics writer!
Recorder [ServerFixedUpdate] is invalid!
UnityEngine.DebugLogHandler:Internal_Log(LogType, LogOption, String, Object)
UnityEngine.DebugLogHandler:LogFormat(LogType, Object, String, Object[])
UnityEngine.Logger:Log(LogType, Object)
UnityEngine.Debug:LogWarning(Object)
PolkaDOTS.Statistics.StatisticsWriter:.ctor()
PolkaDOTS.Statistics.StatisticsWriterInstance:Awake()

Recorder [TerrainGeneration] is invalid!
UnityEngine.DebugLogHandler:Internal_Log(LogType, LogOption, String, Object)
UnityEngine.DebugLogHandler:LogFormat(LogType, Object, String, Object[])
UnityEngine.Logger:Log(LogType, Object)
UnityEngine.Debug:LogWarning(Object)
PolkaDOTS.Statistics.StatisticsWriter:.ctor()
PolkaDOTS.Statistics.StatisticsWriterInstance:Awake()

Recorder [PlayerTerrainGenCheck] is invalid!
UnityEngine.DebugLogHandler:Internal_Log(LogType, LogOption, String, Object)
UnityEngine.DebugLogHandler:LogFormat(LogType, Object, String, Object[])
UnityEngine.Logger:Log(LogType, Object)
UnityEngine.Debug:LogWarning(Object)
PolkaDOTS.Statistics.StatisticsWriter:.ctor()
PolkaDOTS.Statistics.StatisticsWriterInstance:Awake()

Recorder [StructureGeneration] is invalid!
UnityEngine.DebugLogHandler:Internal_Log(LogType, LogOption, String, Object)
UnityEngine.DebugLogHandler:LogFormat(LogType, Object, String, Object[])
UnityEngine.Logger:Log(LogType, Object)
UnityEngine.Debug:LogWarning(Object)
PolkaDOTS.Statistics.StatisticsWriter:.ctor()
PolkaDOTS.Statistics.StatisticsWriterInstance:Awake()

Recorder [TerrainLogicSystem] is invalid!
UnityEngine.DebugLogHandler:Internal_Log(LogType, LogOption, String, Object)
UnityEngine.DebugLogHandler:LogFormat(LogType, Object, String, Object[])
UnityEngine.Logger:Log(LogType, Object)
UnityEngine.Debug:LogWarning(Object)
PolkaDOTS.Statistics.StatisticsWriter:.ctor()
PolkaDOTS.Statistics.StatisticsWriterInstance:Awake()

Recorder [GetUpdates] is invalid!
UnityEngine.DebugLogHandler:Internal_Log(LogType, LogOption, String, Object)
UnityEngine.DebugLogHandler:LogFormat(LogType, Object, String, Object[])
UnityEngine.Logger:Log(LogType, Object)
UnityEngine.Debug:LogWarning(Object)
PolkaDOTS.Statistics.StatisticsWriter:.ctor()
PolkaDOTS.Statistics.StatisticsWriterInstance:Awake()

Recorder [ReevaluatePropagateMarker] is invalid!
UnityEngine.DebugLogHandler:Internal_Log(LogType, LogOption, String, Object)
UnityEngine.DebugLogHandler:LogFormat(LogType, Object, String, Object[])
UnityEngine.Logger:Log(LogType, Object)
UnityEngine.Debug:LogWarning(Object)
PolkaDOTS.Statistics.StatisticsWriter:.ctor()
PolkaDOTS.Statistics.StatisticsWriterInstance:Awake()

Recorder [PropagateLogicState] is invalid!
UnityEngine.DebugLogHandler:Internal_Log(LogType, LogOption, String, Object)
UnityEngine.DebugLogHandler:LogFormat(LogType, Object, String, Object[])
UnityEngine.Logger:Log(LogType, Object)
UnityEngine.Debug:LogWarning(Object)
PolkaDOTS.Statistics.StatisticsWriter:.ctor()
PolkaDOTS.Statistics.StatisticsWriterInstance:Awake()

Recorder [PropInputBlocks] is invalid!
UnityEngine.DebugLogHandler:Internal_Log(LogType, LogOption, String, Object)
UnityEngine.DebugLogHandler:LogFormat(LogType, Object, String, Object[])
UnityEngine.Logger:Log(LogType, Object)
UnityEngine.Debug:LogWarning(Object)
PolkaDOTS.Statistics.StatisticsWriter:.ctor()
PolkaDOTS.Statistics.StatisticsWriterInstance:Awake()

Recorder [PropActiveLogicBlocks] is invalid!
UnityEngine.DebugLogHandler:Internal_Log(LogType, LogOption, String, Object)
UnityEngine.DebugLogHandler:LogFormat(LogType, Object, String, Object[])
UnityEngine.Logger:Log(LogType, Object)
UnityEngine.Debug:LogWarning(Object)
PolkaDOTS.Statistics.StatisticsWriter:.ctor()
PolkaDOTS.Statistics.StatisticsWriterInstance:Awake()

Recorder [CheckGateState] is invalid!
UnityEngine.DebugLogHandler:Internal_Log(LogType, LogOption, String, Object)
UnityEngine.DebugLogHandler:LogFormat(LogType, Object, String, Object[])
UnityEngine.Logger:Log(LogType, Object)
UnityEngine.Debug:LogWarning(Object)
PolkaDOTS.Statistics.StatisticsWriter:.ctor()
PolkaDOTS.Statistics.StatisticsWriterInstance:Awake()

Recorder [GhostSimulationSystemGroup] is invalid!
UnityEngine.DebugLogHandler:Internal_Log(LogType, LogOption, String, Object)
UnityEngine.DebugLogHandler:LogFormat(LogType, Object, String, Object[])
UnityEngine.Logger:Log(LogType, Object)
UnityEngine.Debug:LogWarning(Object)
PolkaDOTS.Statistics.StatisticsWriter:.ctor()
PolkaDOTS.Statistics.StatisticsWriterInstance:Awake()

Recorder [PredictedSimulationSystemGroup] is invalid!
UnityEngine.DebugLogHandler:Internal_Log(LogType, LogOption, String, Object)
UnityEngine.DebugLogHandler:LogFormat(LogType, Object, String, Object[])
UnityEngine.Logger:Log(LogType, Object)
UnityEngine.Debug:LogWarning(Object)
PolkaDOTS.Statistics.StatisticsWriter:.ctor()
PolkaDOTS.Statistics.StatisticsWriterInstance:Awake()

Initializing multiplay!
Found non-specified codec: VP8 Internal video/VP8 implementation_name=Internal
Found codec: VP9 Profile0
Found codec: VP9 Profile2
Found codec: VP9 Profile1
Found codec: VP9 Profile3
Found codec: AV1 Profile0
Found codec: AV1 Profile1
Could not find H264.High as streaming codec!
Adding terrain areas statistics recorders
Streamed scene with   58ms latency from /var/scratch/zmr280/opencraft/opencraft_Data/StreamingAssets/EntityScenes/bea83102298cfb741939cdba85abe535.0.entities
AutoLoading authoring scene in world ClientWorld
ERROR: Shader Custom/VoxelShader shader is not supported on this GPU (none of subshaders/fallbacks are suitable)
WARNING: Shader Unsupported: 'Hidden/Universal Render Pipeline/FallbackError' - All subshaders removed
WARNING: Shader Did you use #pragma only_renderers and omit this platform?
WARNING: Shader If subshaders removal was intentional, you may have forgotten turning Fallback off?
ERROR: Shader Hidden/Universal Render Pipeline/FallbackError shader is not supported on this GPU (none of subshaders/fallbacks are suitable)
WARNING: Shader Unsupported: 'Hidden/Universal Render Pipeline/FallbackError' - All subshaders removed
WARNING: Shader Did you use #pragma only_renderers and omit this platform?
WARNING: Shader If subshaders removal was intentional, you may have forgotten turning Fallback off?
WARNING: Shader Unsupported: 'Universal Render Pipeline/Lit' - All subshaders removed
WARNING: Shader Did you use #pragma only_renderers and omit this platform?
WARNING: Shader If subshaders removal was intentional, you may have forgotten turning Fallback off?
ERROR: Shader Universal Render Pipeline/Lit shader is not supported on this GPU (none of subshaders/fallbacks are suitable)
WARNING: Shader Unsupported: 'Universal Render Pipeline/Lit' - All subshaders removed
WARNING: Shader Did you use #pragma only_renderers and omit this platform?
WARNING: Shader If subshaders removal was intentional, you may have forgotten turning Fallback off?
WARNING: Shader Unsupported: 'Universal Render Pipeline/Unlit' - All subshaders removed
WARNING: Shader Did you use #pragma only_renderers and omit this platform?
WARNING: Shader If subshaders removal was intentional, you may have forgotten turning Fallback off?
ERROR: Shader Universal Render Pipeline/Unlit shader is not supported on this GPU (none of subshaders/fallbacks are suitable)
WARNING: Shader Unsupported: 'Universal Render Pipeline/Unlit' - All subshaders removed
WARNING: Shader Did you use #pragma only_renderers and omit this platform?
WARNING: Shader If subshaders removal was intentional, you may have forgotten turning Fallback off?
Streamed scene with   42ms latency from /var/scratch/zmr280/opencraft/opencraft_Data/StreamingAssets/EntityScenes/62561c7118c5bbb46929c6bf65331faa.0.entities
[13:48:54.4600120]:[ClientWorld] New connection ID:139
Sending start game stream RPC
Emulation type is Idle, Simulation
Creating local player object
Sending spawn player RPC for user 140
ERROR: Shader UI/Default shader is not supported on this GPU (none of subshaders/fallbacks are suitable)
Player 140 has no connection ID!
UnityEngine.DebugLogHandler:Internal_Log(LogType, LogOption, String, Object)
UnityEngine.DebugLogHandler:LogFormat(LogType, Object, String, Object[])
UnityEngine.Logger:Log(LogType, Object)
UnityEngine.Debug:LogWarning(Object)
Opencraft.Player.SamplePlayerInput:OnUpdate(SystemState&)
Opencraft.Player.SamplePlayerInput:__codegen__OnUpdate(IntPtr, IntPtr)

Linking player entity Entity(311:1) to 140@LOCALPLAYER
Player simulation searching for path from float3(0.5f, 13f, 0.5f) = int3(0, 13, 0) to int3(15, 13, -15)
Player simulation could not find a path from int3(0, 13, 0) to int3(15, 13, -15), will choose new target
Player simulation searching for path from float3(0.5f, 13f, 0.5f) = int3(0, 13, 0) to int3(-14, 13, -14)
ClientWorld player simulation set new target int3(-14, 13, -14)
ClientWorld player simulation reached target int3(-14, 13, -14)
Player simulation searching for path from float3(-13.32343f, 13f, -13.50642f) = int3(-14, 13, -14) to int3(-14, 13, -9)
ClientWorld player simulation set new target int3(-14, 13, -9)
ClientWorld player simulation reached target int3(-14, 13, -9)
Player simulation searching for path from float3(-13.506f, 13f, -8.615998f) = int3(-14, 13, -9) to int3(7, 13, 14)
ClientWorld player simulation set new target int3(7, 13, 14)
ClientWorld player simulation reached target int3(7, 13, 14)
Player simulation searching for path from float3(7.314132f, 13f, 14.53013f) = int3(7, 13, 14) to int3(10, 13, -1)
ClientWorld player simulation set new target int3(10, 13, -1)
ClientWorld player simulation path has strayed from int3(7, 13, 9) to int3(7, 13, 12), searching for a correction
ClientWorld player simulation reached target int3(10, 13, -1)
Player simulation searching for path from float3(10.36985f, 13f, -0.5018427f) = int3(10, 13, -1) to int3(-7, 13, -14)
ClientWorld player simulation set new target int3(-7, 13, -14)
ClientWorld player simulation reached target int3(-7, 13, -14)
Player simulation searching for path from float3(-6.372842f, 13f, -13.52727f) = int3(-7, 13, -14) to int3(-1, 13, -8)
ClientWorld player simulation set new target int3(-1, 13, -8)
ClientWorld player simulation reached target int3(-1, 13, -8)
Player simulation searching for path from float3(-0.5322893f, 13f, -7.615288f) = int3(-1, 13, -8) to int3(2, 13, -2)
ClientWorld player simulation set new target int3(2, 13, -2)
ClientWorld player simulation reached target int3(2, 13, -2)
Player simulation searching for path from float3(2.516421f, 13f, -1.666736f) = int3(2, 13, -2) to int3(-11, 13, 1)
ClientWorld player simulation set new target int3(-11, 13, 1)
ClientWorld player simulation reached target int3(-11, 13, 1)
Player simulation searching for path from float3(-10.50758f, 13f, 1.347843f) = int3(-11, 13, 1) to int3(-12, 13, 1)
ClientWorld player simulation set new target int3(-12, 13, 1)
ClientWorld player simulation reached target int3(-12, 13, 1)
Player simulation searching for path from float3(-11.349f, 13f, 1.489f) = int3(-12, 13, 1) to int3(-4, 13, -5)
ClientWorld player simulation set new target int3(-4, 13, -5)
ClientWorld player simulation reached target int3(-4, 13, -5)
Player simulation searching for path from float3(-3.669001f, 13f, -4.525f) = int3(-4, 13, -5) to int3(14, 13, -2)
ClientWorld player simulation set new target int3(14, 13, -2)
ClientWorld player simulation reached target int3(14, 13, -2)
Player simulation searching for path from float3(14.50829f, 13f, -1.681868f) = int3(14, 13, -2) to int3(9, 13, -15)
ClientWorld player simulation set new target int3(9, 13, -15)
ClientWorld player simulation reached target int3(9, 13, -15)
Player simulation searching for path from float3(9.686867f, 13f, -14.49571f) = int3(9, 13, -15) to int3(4, 13, -10)
ClientWorld player simulation set new target int3(4, 13, -10)
ClientWorld player simulation reached target int3(4, 13, -10)
Player simulation searching for path from float3(4.526422f, 13f, -9.627576f) = int3(4, 13, -10) to int3(-15, 13, -9)
ClientWorld player simulation set new target int3(-15, 13, -9)
ClientWorld player simulation reached target int3(-15, 13, -9)
Player simulation searching for path from float3(-14.498f, 13f, -8.644998f) = int3(-15, 13, -9) to int3(7, 13, -11)
ClientWorld player simulation set new target int3(7, 13, -11)
ClientWorld player simulation reached target int3(7, 13, -11)
Player simulation searching for path from float3(7.468f, 13f, -10.345f) = int3(7, 13, -11) to int3(6, 13, 8)
ClientWorld player simulation set new target int3(6, 13, 8)
ClientWorld player simulation reached target int3(6, 13, 8)
Player simulation searching for path from float3(6.473001f, 13f, 8.308002f) = int3(6, 13, 8) to int3(-7, 13, 1)
ClientWorld player simulation set new target int3(-7, 13, 1)
ClientWorld player simulation reached target int3(-7, 13, 1)
Player simulation searching for path from float3(-6.502f, 13f, 1.641f) = int3(-7, 13, 1) to int3(-1, 13, 4)
ClientWorld player simulation set new target int3(-1, 13, 4)
ClientWorld player simulation reached target int3(-1, 13, 4)
Player simulation searching for path from float3(-0.488f, 13f, 4.348f) = int3(-1, 13, 4) to int3(2, 13, -2)
ClientWorld player simulation set new target int3(2, 13, -2)
ClientWorld player simulation reached target int3(2, 13, -2)
Player simulation searching for path from float3(2.319f, 13f, -1.491f) = int3(2, 13, -2) to int3(-11, 13, 1)
ClientWorld player simulation set new target int3(-11, 13, 1)
ClientWorld player simulation reached target int3(-11, 13, 1)
Player simulation searching for path from float3(-10.64829f, 13f, 1.442975f) = int3(-11, 13, 1) to int3(-12, 13, 1)
ClientWorld player simulation set new target int3(-12, 13, 1)
ClientWorld player simulation reached target int3(-12, 13, 1)
Player simulation searching for path from float3(-11.319f, 13f, 1.513f) = int3(-12, 13, 1) to int3(-4, 13, -5)
ClientWorld player simulation set new target int3(-4, 13, -5)
ClientWorld player simulation reached target int3(-4, 13, -5)
Player simulation searching for path from float3(-3.686001f, 13f, -4.486f) = int3(-4, 13, -5) to int3(14, 13, -2)
ClientWorld player simulation set new target int3(14, 13, -2)
ClientWorld player simulation reached target int3(14, 13, -2)
Player simulation searching for path from float3(14.492f, 13f, -1.659f) = int3(14, 13, -2) to int3(9, 13, -15)
ClientWorld player simulation set new target int3(9, 13, -15)
ClientWorld player simulation reached target int3(9, 13, -15)
Player simulation searching for path from float3(9.648998f, 13f, -14.469f) = int3(9, 13, -15) to int3(4, 13, -10)
ClientWorld player simulation set new target int3(4, 13, -10)
ClientWorld player simulation reached target int3(4, 13, -10)
Player simulation searching for path from float3(4.493f, 13f, -9.678998f) = int3(4, 13, -10) to int3(-15, 13, -9)
ClientWorld player simulation set new target int3(-15, 13, -9)
ClientWorld player simulation reached target int3(-15, 13, -9)
Player simulation searching for path from float3(-14.485f, 13f, -8.642577f) = int3(-15, 13, -9) to int3(7, 13, -11)
ClientWorld player simulation set new target int3(7, 13, -11)
ClientWorld player simulation reached target int3(7, 13, -11)
Player simulation searching for path from float3(7.481f, 13f, -10.308f) = int3(7, 13, -11) to int3(6, 13, 8)
ClientWorld player simulation set new target int3(6, 13, 8)
ClientWorld player simulation reached target int3(6, 13, 8)
Player simulation searching for path from float3(6.532001f, 13f, 8.392002f) = int3(6, 13, 8) to int3(-7, 13, 1)
ClientWorld player simulation set new target int3(-7, 13, 1)
ClientWorld player simulation reached target int3(-7, 13, 1)
Player simulation searching for path from float3(-6.525f, 13f, 1.683f) = int3(-7, 13, 1) to int3(-1, 13, 4)
ClientWorld player simulation set new target int3(-1, 13, 4)
ClientWorld player simulation reached target int3(-1, 13, 4)
Player simulation searching for path from float3(-0.511f, 13f, 4.356f) = int3(-1, 13, 4) to int3(2, 13, -2)
ClientWorld player simulation set new target int3(2, 13, -2)
ClientWorld player simulation reached target int3(2, 13, -2)
Player simulation searching for path from float3(2.314711f, 13f, -1.522289f) = int3(2, 13, -2) to int3(-11, 13, 1)
ClientWorld player simulation set new target int3(-11, 13, 1)
ClientWorld player simulation reached target int3(-11, 13, 1)
Player simulation searching for path from float3(-10.49229f, 13f, 1.309132f) = int3(-11, 13, 1) to int3(-12, 13, 1)
ClientWorld player simulation set new target int3(-12, 13, 1)
ClientWorld player simulation reached target int3(-12, 13, 1)
Player simulation searching for path from float3(-11.37013f, 13f, 1.521289f) = int3(-12, 13, 1) to int3(-4, 13, -5)
ClientWorld player simulation set new target int3(-4, 13, -5)
ClientWorld player simulation reached target int3(-4, 13, -5)
Player simulation searching for path from float3(-3.654001f, 13f, -4.519f) = int3(-4, 13, -5) to int3(14, 13, -2)
ClientWorld player simulation set new target int3(14, 13, -2)
ClientWorld player simulation reached target int3(14, 13, -2)
Player simulation searching for path from float3(14.473f, 13f, -1.641579f) = int3(14, 13, -2) to int3(9, 13, -15)
ClientWorld player simulation set new target int3(9, 13, -15)
ClientWorld player simulation reached target int3(9, 13, -15)
Player simulation searching for path from float3(9.649443f, 13f, -14.46771f) = int3(9, 13, -15) to int3(4, 13, -10)
ClientWorld player simulation set new target int3(4, 13, -10)
ClientWorld player simulation reached target int3(4, 13, -10)
Player simulation searching for path from float3(4.511f, 13f, -9.694998f) = int3(4, 13, -10) to int3(-15, 13, -9)
ClientWorld player simulation set new target int3(-15, 13, -9)
ClientWorld player simulation reached target int3(-15, 13, -9)
Player simulation searching for path from float3(-14.513f, 13f, -8.628999f) = int3(-15, 13, -9) to int3(7, 13, -11)
ClientWorld player simulation set new target int3(7, 13, -11)
ClientWorld player simulation reached target int3(7, 13, -11)
Player simulation searching for path from float3(7.535f, 13f, -10.31927f) = int3(7, 13, -11) to int3(6, 13, 8)
ClientWorld player simulation set new target int3(6, 13, 8)
ClientWorld player simulation reached target int3(6, 13, 8)
Player simulation searching for path from float3(6.482f, 13f, 8.312001f) = int3(6, 13, 8) to int3(-7, 13, 1)
ClientWorld player simulation set new target int3(-7, 13, 1)
ClientWorld player simulation reached target int3(-7, 13, 1)
Player simulation searching for path from float3(-6.510869f, 13f, 1.688447f) = int3(-7, 13, 1) to int3(-1, 13, 4)
ClientWorld player simulation set new target int3(-1, 13, 4)
ClientWorld player simulation reached target int3(-1, 13, 4)
Player simulation searching for path from float3(-0.52f, 13f, 4.354f) = int3(-1, 13, 4) to int3(2, 13, -2)
ClientWorld player simulation set new target int3(2, 13, -2)
ClientWorld player simulation reached target int3(2, 13, -2)
Player simulation searching for path from float3(2.306f, 13f, -1.524f) = int3(2, 13, -2) to int3(-11, 13, 1)
ClientWorld player simulation set new target int3(-11, 13, 1)
ClientWorld player simulation reached target int3(-11, 13, 1)
Player simulation searching for path from float3(-10.508f, 13f, 1.374f) = int3(-11, 13, 1) to int3(-12, 13, 1)
ClientWorld player simulation set new target int3(-12, 13, 1)
ClientWorld player simulation reached target int3(-12, 13, 1)
Player simulation searching for path from float3(-11.35f, 13f, 1.515f) = int3(-12, 13, 1) to int3(-4, 13, -5)
ClientWorld player simulation set new target int3(-4, 13, -5)
ClientWorld player simulation reached target int3(-4, 13, -5)
Player simulation searching for path from float3(-3.667001f, 13f, -4.528f) = int3(-4, 13, -5) to int3(14, 13, -2)
ClientWorld player simulation set new target int3(14, 13, -2)
ClientWorld player simulation reached target int3(14, 13, -2)
Player simulation searching for path from float3(14.494f, 13f, -1.691f) = int3(14, 13, -2) to int3(9, 13, -15)
ClientWorld player simulation set new target int3(9, 13, -15)
ClientWorld player simulation reached target int3(9, 13, -15)
Player simulation searching for path from float3(9.667154f, 13f, -14.476f) = int3(9, 13, -15) to int3(4, 13, -10)
ClientWorld player simulation set new target int3(4, 13, -10)
ClientWorld player simulation reached target int3(4, 13, -10)
Player simulation searching for path from float3(4.475f, 13f, -9.615999f) = int3(4, 13, -10) to int3(-15, 13, -9)
ClientWorld player simulation set new target int3(-15, 13, -9)
ClientWorld player simulation reached target int3(-15, 13, -9)
Player simulation searching for path from float3(-14.50729f, 13f, -8.608866f) = int3(-15, 13, -9) to int3(7, 13, -11)
ClientWorld player simulation set new target int3(7, 13, -11)
[13:51:09.8735580]:[ClientWorld] Connection disconnected ID:139 Reason:ClosedByRemote
Caught fatal signal - signo:15 code:0 errno:0 addr:0x1502000b6eb3
Obtained 22 stack frames.
#0  0x007fbf1c19e9c9 in PlayerMain(int, char**)
#1  0x007fbf1c1934b7 in (Unknown)
#2  0x007fbf19efbc20 in funlockfile
#3  0x007fbeb9e1175c in Dictionary_2_GetEnumerator_m52AB12790B0B9B46B1DFB1F861C9DBEAB07C1FDA_gshared
#4  0x007fbeb7576d68 in MultiplayPlayerLinkSystem_OnUpdate_mB398DDDCFE94FD07C2EF47AAEF90F84A8AADCBAD
#5  0x007fbebb89f42f in SystemBase_Update_m795994EE60C054DFA78C313A60ED025B2668C9B4
#6  0x007fbebb63d758 in ComponentSystemGroup_UpdateAllSystems_m78B1AA9EAF07133497E9BA556B592AC93935441C
#7  0x007fbebb63d4d8 in ComponentSystemGroup_OnUpdate_m83128938DF97469E0D1CB883E5C9000C0C2DA9A7
#8  0x007fbebb6f8f8f in InitializationSystemGroup_OnUpdate_m214AA7E786CE6101E968CE623FD58546A42060E1
#9  0x007fbebb89f42f in SystemBase_Update_m795994EE60C054DFA78C313A60ED025B2668C9B4
#10 0x007fbebb88d7c6 in DummyDelegateWrapper_TriggerUpdate_m2C37F16899DE9C87FE35B065E0FF7E410E463FE7
#11 0x007fbebc5a41a0 in UpdateFunction_Invoke_m9BCEE4E5BEE924EB804DA64314B78D0E831C179B
#12 0x007fbeb7431073 in il2cpp::vm::Runtime::InvokeWithThrow(MethodInfo const*, void*, void**)
#13 0x007fbeb7430fdb in il2cpp::vm::Runtime::Invoke(MethodInfo const*, void*, void**, Il2CppException**)
#14 0x007fbf1c0d7f0b in (Unknown)
#15 0x007fbf1c0e2cd7 in (Unknown)
#16 0x007fbf1bc162e8 in (Unknown)
#17 0x007fbf1bc16201 in (Unknown)
#18 0x007fbf1bc16570 in (Unknown)
#19 0x007fbf1c195077 in PlayerMain(int, char**)
#20 0x007fbf19b47493 in __libc_start_main
#21 0x00000000201029 in _start
Setting up 12 worker threads for Enlighten.
Writing stats to file
Calling DomainUnloadOrPlayModeChangeShutdown!
Caught fatal signal - signo:11 code:1 errno:0 addr:0x48
Obtained 25 stack frames.
#0  0x007fbf1c19e9c9 in PlayerMain(int, char**)
#1  0x007fbf1c1934b7 in (Unknown)
#2  0x007fbf19efbc20 in funlockfile
#3  0x007fbf1bb56ff3 in (Unknown)
#4  0x007fbf1bb57671 in (Unknown)
#5  0x007fbf1bb37e7a in (Unknown)
#6  0x007fbf1c53342e in PlayerMain(int, char**)
#7  0x007fbf1b4e5426 in (Unknown)
#8  0x007fbebc516320 in ContentLoadInterface_ContentFile_UnloadAsync_Injected_mBD2F1D561285B0DE37DCDA4DEA75931201B5E680
#9  0x007fbebc51578f in ContentLoadInterface_ContentFile_UnloadAsync_m197A3C60564D4E9F9049BAD57B46FB404A8F17BD
#10 0x007fbebc515635 in ContentFile_UnloadAsync_mF35518E83FCF4C1701AF2C6CEBF7E507490481D6
#11 0x007fbebb78d56a in RuntimeContentManager_ReleaseFile_m12EDB377B39EF4D01B3268E711303D79747A4F4C
#12 0x007fbebb78b45c in RuntimeContentManager_ReleaseObjectImpl_m84E24B7727CAA367D95ABC97FC529A5594840414
#13 0x007fbebb789ae8 in RuntimeContentManager_Cleanup_m6436DF58ED05204D0A7DFACFB212018BD6B813FD
#14 0x007fbebb78af38 in RuntimeContentManager_OnShutdown_m09B1F0AD37BE7168472DDB84F55C43F02CD40113
#15 0x007fbeb7286e76 in EventHandler_Invoke_m9D3126CBE291A3E7E7C304094E1DA846832F9B96_Multicast(EventHandler_tC6323FD7E6163F965259C33D72612C0E5B9BAB82*, Il2CppObject*, EventArgs_t37273F03EAC87217701DD431B190FBD84AD7C377*, MethodInfo const*)
#16 0x007fbebabf87b0 in EventHandler_Invoke_m9D3126CBE291A3E7E7C304094E1DA846832F9B96
#17 0x007fbeb7431073 in il2cpp::vm::Runtime::InvokeWithThrow(MethodInfo const*, void*, void**)
#18 0x007fbeb7430fdb in il2cpp::vm::Runtime::Invoke(MethodInfo const*, void*, void**, Il2CppException**)
#19 0x007fbeb7430b1c in il2cpp::vm::Runtime::Shutdown()
#20 0x007fbf1c0ecf56 in (Unknown)
#21 0x007fbf1bc28658 in (Unknown)
#22 0x007fbf1c194ee6 in PlayerMain(int, char**)
#23 0x007fbf19b47493 in __libc_start_main
#24 0x00000000201029 in _start
