[UnityMemory] Configuration Parameters - Can be set up in boot.config
    "memorysetup-bucket-allocator-granularity=16"
    "memorysetup-bucket-allocator-bucket-count=8"
    "memorysetup-bucket-allocator-block-size=4194304"
    "memorysetup-bucket-allocator-block-count=1"
    "memorysetup-main-allocator-block-size=16777216"
    "memorysetup-thread-allocator-block-size=16777216"
    "memorysetup-gfx-main-allocator-block-size=16777216"
    "memorysetup-gfx-thread-allocator-block-size=16777216"
    "memorysetup-cache-allocator-block-size=4194304"
    "memorysetup-typetree-allocator-block-size=2097152"
    "memorysetup-profiler-bucket-allocator-granularity=16"
    "memorysetup-profiler-bucket-allocator-bucket-count=8"
    "memorysetup-profiler-bucket-allocator-block-size=4194304"
    "memorysetup-profiler-bucket-allocator-block-count=1"
    "memorysetup-profiler-allocator-block-size=16777216"
    "memorysetup-profiler-editor-allocator-block-size=1048576"
    "memorysetup-temp-allocator-size-main=4194304"
    "memorysetup-job-temp-allocator-block-size=2097152"
    "memorysetup-job-temp-allocator-block-size-background=1048576"
    "memorysetup-job-temp-allocator-reduction-small-platforms=262144"
    "memorysetup-allocator-temp-initial-block-size-main=262144"
    "memorysetup-allocator-temp-initial-block-size-worker=262144"
    "memorysetup-temp-allocator-size-background-worker=32768"
    "memorysetup-temp-allocator-size-job-worker=262144"
    "memorysetup-temp-allocator-size-preload-manager=262144"
    "memorysetup-temp-allocator-size-nav-mesh-worker=65536"
    "memorysetup-temp-allocator-size-audio-worker=65536"
    "memorysetup-temp-allocator-size-cloud-worker=32768"
    "memorysetup-temp-allocator-size-gfx=262144"
Remaining time:29s
Found 2 interfaces on host : 0) 10.141.0.8 1) 10.149.0.8
Player connection [140064129367936] Multi-casting "[IP] 10.141.0.8 [Port] 55004 [Flags] 19 [Guid] 2837122453 [EditorId] 3988235067 [Version] 1048832 [Id] LinuxPlayer(13,10.141.0.8) [Debug] 0 [PackageName] LinuxPlayer [ProjectName] Opencraft" to [225.0.0.222:54997]...

Direct connection to host time out.
Stopping profiler. Profiler is not able to flush data to a file or socket and exceeded maximum allowed memory for buffering.
Please use Profiler.maxUsedMemory API or -profiler-maxusedmemory command line parameter to increase maximum allowed memory usage.
Using 134234112 bytes while Profiler.maxUsedMemory is 134217728 bytes.
Failed to initialize networking layer after 30 seconds, skipping waiting for connection before starting playback.
Preloaded 'lib_burst_generated.so'
Preloaded 'libwebrtc.so'
[Physics::Module] Initialized MultithreadedJobDispatcher with 47 workers.
Initialize engine version: 2022.3.16f1 (d2c21f0ef2f1)
[Subsystems] Discovering subsystems at path /var/scratch/zmr280/opencraft/opencraft_Data/UnitySubsystems
Forcing GfxDevice: Null
GfxDevice: creating device client; threaded=0; jobified=0
NullGfxDevice:
    Version:  NULL 1.0 [1.0]
    Renderer: Null Device
    Vendor:   Unity Technologies
ERROR: Shader Hidden/Universal Render Pipeline/Blit shader is not supported on this GPU (none of subshaders/fallbacks are suitable)
ERROR: Shader Hidden/Universal Render Pipeline/CopyDepth shader is not supported on this GPU (none of subshaders/fallbacks are suitable)
ERROR: Shader Hidden/Universal Render Pipeline/Sampling shader is not supported on this GPU (none of subshaders/fallbacks are suitable)
ERROR: Shader Hidden/Universal Render Pipeline/LutBuilderLdr shader is not supported on this GPU (none of subshaders/fallbacks are suitable)
ERROR: Shader Hidden/Universal Render Pipeline/LutBuilderHdr shader is not supported on this GPU (none of subshaders/fallbacks are suitable)
ERROR: Shader Hidden/Universal Render Pipeline/UberPost shader is not supported on this GPU (none of subshaders/fallbacks are suitable)
ERROR: Shader Hidden/Universal Render Pipeline/Debug/DebugReplacement shader is not supported on this GPU (none of subshaders/fallbacks are suitable)
ERROR: Shader Hidden/Universal/HDRDebugView shader is not supported on this GPU (none of subshaders/fallbacks are suitable)
WARNING: Shader Unsupported: 'Hidden/Universal Render Pipeline/FallbackError' - All subshaders removed
WARNING: Shader Did you use #pragma only_renderers and omit this platform?
WARNING: Shader If subshaders removal was intentional, you may have forgotten turning Fallback off?
ERROR: Shader Hidden/Universal Render Pipeline/FallbackError shader is not supported on this GPU (none of subshaders/fallbacks are suitable)
WARNING: Shader Unsupported: 'Hidden/Universal Render Pipeline/FallbackError' - All subshaders removed
WARNING: Shader Did you use #pragma only_renderers and omit this platform?
WARNING: Shader If subshaders removal was intentional, you may have forgotten turning Fallback off?
WARNING: Shader Unsupported: 'Hidden/Universal Render Pipeline/StencilDeferred' - All subshaders removed
WARNING: Shader Did you use #pragma only_renderers and omit this platform?
WARNING: Shader If subshaders removal was intentional, you may have forgotten turning Fallback off?
ERROR: Shader Hidden/Universal Render Pipeline/StencilDeferred shader is not supported on this GPU (none of subshaders/fallbacks are suitable)
WARNING: Shader Unsupported: 'Hidden/Universal Render Pipeline/StencilDeferred' - All subshaders removed
WARNING: Shader Did you use #pragma only_renderers and omit this platform?
WARNING: Shader If subshaders removal was intentional, you may have forgotten turning Fallback off?
ERROR: Shader Hidden/Universal Render Pipeline/CameraMotionVectors shader is not supported on this GPU (none of subshaders/fallbacks are suitable)
ERROR: Shader Hidden/Universal Render Pipeline/ObjectMotionVectors shader is not supported on this GPU (none of subshaders/fallbacks are suitable)
ERROR: Shader Hidden/Universal Render Pipeline/LensFlareDataDriven shader is not supported on this GPU (none of subshaders/fallbacks are suitable)
ERROR: Shader Hidden/Universal Render Pipeline/ScreenSpaceAmbientOcclusion shader is not supported on this GPU (none of subshaders/fallbacks are suitable)
ERROR: Shader Hidden/Universal Render Pipeline/Stop NaN shader is not supported on this GPU (none of subshaders/fallbacks are suitable)
ERROR: Shader Hidden/Universal Render Pipeline/SubpixelMorphologicalAntialiasing shader is not supported on this GPU (none of subshaders/fallbacks are suitable)
ERROR: Shader Hidden/Universal Render Pipeline/TemporalAA shader is not supported on this GPU (none of subshaders/fallbacks are suitable)
ERROR: Shader Hidden/Universal Render Pipeline/Scaling Setup shader is not supported on this GPU (none of subshaders/fallbacks are suitable)
ERROR: Shader Hidden/Universal Render Pipeline/Edge Adaptive Spatial Upsampling shader is not supported on this GPU (none of subshaders/fallbacks are suitable)
ERROR: Shader Hidden/Universal Render Pipeline/FinalPost shader is not supported on this GPU (none of subshaders/fallbacks are suitable)
ERROR: Shader Sprites/Default shader is not supported on this GPU (none of subshaders/fallbacks are suitable)
ERROR: Shader Sprites/Mask shader is not supported on this GPU (none of subshaders/fallbacks are suitable)
ERROR: Shader GUI/Text Shader shader is not supported on this GPU (none of subshaders/fallbacks are suitable)
UnloadTime: 0.862477 ms
Parsing args: /var/scratch/zmr280/opencraft/opencraft.x86_64, -batchmode, -nographics, -logStats, True, -serverUrl, 10.141.0.1, -statsFile, /var/scratch/zmr280/runs/pareto-activeLogic_5-Layer_6x_6z_200p_120s/opencraft_stats/client45.csv, -userID, 45, -playType, Client, -emulationType, Simulation
Setting up worlds with playType Client and streaming role Disabled
Adding type with UniqueSystemAttribute: StatisticsSystem
Adding type with UniqueSystemAttribute: StatisticsSystem
Failed to create websocket: System.Net.Sockets.SocketException (0x80004005): Address already in use
  at System.Net.Sockets.Socket.Bind (System.Net.EndPoint localEP) [0x00000] in <00000000000000000000000000000000>:0 
  at Unity.NetCode.DebugWebSocket..ctor (System.UInt16 port) [0x00000] in <00000000000000000000000000000000>:0 
  at Unity.NetCode.GhostStatsConnection..ctor () [0x00000] in <00000000000000000000000000000000>:0 
  at Unity.NetCode.GhostStatsFlushSystem.OnCreate () [0x00000] in <00000000000000000000000000000000>:0 
  at Unity.Entities.ComponentSystemBase.CreateInstance (Unity.Entities.World world) [0x00000] in <00000000000000000000000000000000>:0 
  at Unity.Entities.World.AddSystem_OnCreate_Internal (Unity.Entities.ComponentSystemBase system) [0x00000] in <00000000000000000000000000000000>:0 
  at Unity.Entities.World.GetOrCreateSystemsAndLogException (Unity.Collections.NativeList`1[T] types, System.Int32 typesCount, Unity.Collections.AllocatorManager+AllocatorHandle allocator) [0x00000] in <00000000000000000000000000000000>:0 
  at Unity.Entities.World.GetOrCreateSystemsAndLogException (Unity.Collections.NativeList`1[T] types, Unity.Collections.AllocatorManager+AllocatorHandle allocator) [0x00000] in <00000000000000000000000000000000>:0 
  at Unity.Entities.DefaultWorldInitialization.AddSystemToRootLevelSystemGroupsInternal[T] (Unity.Entities.World world, Unity.Collections.NativeList`1[T] systemTypesOrig, Unity.Entities.ComponentSystemGroup defaultGroup, T rootGroups) [0x00000] in <00000000000000000000000000000000>:0 
  at Unity.Entities.DefaultWorldInitialization.AddSystemToRootLevelSystemGroupsInternal (Unity.Entities.World world, Unity.Collections.NativeList`1[T] systemTypesOrig) [0x00000] in <00000000000000000000000000000000>:0 
  at Unity.Entities.DefaultWorldInitialization.AddSystemsToRootLevelSystemGroups (Unity.Entities.World world, System.Collections.Generic.IReadOnlyList`1[T] systemTypes) [0x00000] in <00000000000000000000000000000000>:0 
  at PolkaDOTS.Bootstrap.GameBootstrap.CreateClientWorld (System.String name, Unity.Entities.WorldFlags flags, System.Collections.Generic.IReadOnlyList`1[T] systems) [0x00000] in <00000000000000000000000000000000>:0 
  at PolkaDOTS.Bootstrap.GameBootstrap.CreateDefaultClientWorld (System.String worldName, System.Boolean isHost, System.Boolean isCloudHost) [0x00000] in <00000000000000000000000000000000>:0 
  at PolkaDOTS.Bootstrap.GameBootstrap.SetupWorlds (PolkaDOTS.Deployment.MultiplayStreamingRoles mRole, PolkaDOTS.Bootstrap.GameBootstrap+BootstrapPlayTypes playTypes, Unity.Collections.NativeList`1[Unity.Entities.WorldUnmanaged]& worldReferences, System.Int32 numSimulatedClients, System.Boolean autoStart, System.Boolean autoConnect, System.String serverUrl, System.UInt16 serverPort, System.String signalingUrl, System.String worldName) [0x00000] in <00000000000000000000000000000000>:0 
  at PolkaDOTS.Bootstrap.GameBootstrap.SetupWorldsFromLocalConfig () [0x00000] in <00000000000000000000000000000000>:0 
  at PolkaDOTS.Bootstrap.GameBootstrap.Initialize (System.String defaultWorldName) [0x00000] in <00000000000000000000000000000000>:0 
  at Unity.Entities.CustomWorldInitialization.Initialize (System.String defaultWorldName, System.Boolean editorWorld) [0x00000] in <00000000000000000000000000000000>:0 
  at Unity.Entities.CustomAutomaticWorldBootstrap.Initialize () [0x00000] in <00000000000000000000000000000000>:0 
UnityEngine.DebugLogHandler:Internal_Log(LogType, LogOption, String, Object)
UnityEngine.DebugLogHandler:LogFormat(LogType, Object, String, Object[])
UnityEngine.Logger:Log(LogType, Object)
UnityEngine.Debug:LogError(Object)
Unity.NetCode.DebugWebSocket:.ctor(UInt16)
Unity.NetCode.GhostStatsConnection:.ctor()
Unity.NetCode.GhostStatsFlushSystem:OnCreate()
Unity.Entities.ComponentSystemBase:CreateInstance(World)
Unity.Entities.World:AddSystem_OnCreate_Internal(ComponentSystemBase)
Unity.Entities.World:GetOrCreateSystemsAndLogException(NativeList`1, Int32, AllocatorHandle)
Unity.Entities.World:GetOrCreateSystemsAndLogException(NativeList`1, AllocatorHandle)
Unity.Entities.DefaultWorldInitialization:AddSystemToRootLevelSystemGroupsInternal(World, NativeList`1, ComponentSystemGroup, T)
Unity.Entities.DefaultWorldInitialization:AddSystemToRootLevelSystemGroupsInternal(World, NativeList`1)
Unity.Entities.DefaultWorldInitialization:AddSystemsToRootLevelSystemGroups(World, IReadOnlyList`1)
PolkaDOTS.Bootstrap.GameBootstrap:CreateClientWorld(String, WorldFlags, IReadOnlyList`1)
PolkaDOTS.Bootstrap.GameBootstrap:CreateDefaultClientWorld(String, Boolean, Boolean)
PolkaDOTS.Bootstrap.GameBootstrap:SetupWorlds(MultiplayStreamingRoles, BootstrapPlayTypes, NativeList`1&, Int32, Boolean, Boolean, String, UInt16, String, String)
PolkaDOTS.Bootstrap.GameBootstrap:SetupWorldsFromLocalConfig()
PolkaDOTS.Bootstrap.GameBootstrap:Initialize(String)
Unity.Entities.CustomWorldInitialization:Initialize(String, Boolean)
Unity.Entities.CustomAutomaticWorldBootstrap:Initialize()

Adding world ClientWorld to update list
Connecting worlds with playType Client and streaming role Disabled
Created connection request for 10.141.0.1:7979
Creating statistics writer!
Recorder [ServerFixedUpdate] is invalid!
UnityEngine.DebugLogHandler:Internal_Log(LogType, LogOption, String, Object)
UnityEngine.DebugLogHandler:LogFormat(LogType, Object, String, Object[])
UnityEngine.Logger:Log(LogType, Object)
UnityEngine.Debug:LogWarning(Object)
PolkaDOTS.Statistics.StatisticsWriter:.ctor()
PolkaDOTS.Statistics.StatisticsWriterInstance:Awake()

Recorder [TerrainGeneration] is invalid!
UnityEngine.DebugLogHandler:Internal_Log(LogType, LogOption, String, Object)
UnityEngine.DebugLogHandler:LogFormat(LogType, Object, String, Object[])
UnityEngine.Logger:Log(LogType, Object)
UnityEngine.Debug:LogWarning(Object)
PolkaDOTS.Statistics.StatisticsWriter:.ctor()
PolkaDOTS.Statistics.StatisticsWriterInstance:Awake()

Recorder [PlayerTerrainGenCheck] is invalid!
UnityEngine.DebugLogHandler:Internal_Log(LogType, LogOption, String, Object)
UnityEngine.DebugLogHandler:LogFormat(LogType, Object, String, Object[])
UnityEngine.Logger:Log(LogType, Object)
UnityEngine.Debug:LogWarning(Object)
PolkaDOTS.Statistics.StatisticsWriter:.ctor()
PolkaDOTS.Statistics.StatisticsWriterInstance:Awake()

Recorder [StructureGeneration] is invalid!
UnityEngine.DebugLogHandler:Internal_Log(LogType, LogOption, String, Object)
UnityEngine.DebugLogHandler:LogFormat(LogType, Object, String, Object[])
UnityEngine.Logger:Log(LogType, Object)
UnityEngine.Debug:LogWarning(Object)
PolkaDOTS.Statistics.StatisticsWriter:.ctor()
PolkaDOTS.Statistics.StatisticsWriterInstance:Awake()

Recorder [TerrainLogicSystem] is invalid!
UnityEngine.DebugLogHandler:Internal_Log(LogType, LogOption, String, Object)
UnityEngine.DebugLogHandler:LogFormat(LogType, Object, String, Object[])
UnityEngine.Logger:Log(LogType, Object)
UnityEngine.Debug:LogWarning(Object)
PolkaDOTS.Statistics.StatisticsWriter:.ctor()
PolkaDOTS.Statistics.StatisticsWriterInstance:Awake()

Recorder [GetUpdates] is invalid!
UnityEngine.DebugLogHandler:Internal_Log(LogType, LogOption, String, Object)
UnityEngine.DebugLogHandler:LogFormat(LogType, Object, String, Object[])
UnityEngine.Logger:Log(LogType, Object)
UnityEngine.Debug:LogWarning(Object)
PolkaDOTS.Statistics.StatisticsWriter:.ctor()
PolkaDOTS.Statistics.StatisticsWriterInstance:Awake()

Recorder [ReevaluatePropagateMarker] is invalid!
UnityEngine.DebugLogHandler:Internal_Log(LogType, LogOption, String, Object)
UnityEngine.DebugLogHandler:LogFormat(LogType, Object, String, Object[])
UnityEngine.Logger:Log(LogType, Object)
UnityEngine.Debug:LogWarning(Object)
PolkaDOTS.Statistics.StatisticsWriter:.ctor()
PolkaDOTS.Statistics.StatisticsWriterInstance:Awake()

Recorder [PropagateLogicState] is invalid!
UnityEngine.DebugLogHandler:Internal_Log(LogType, LogOption, String, Object)
UnityEngine.DebugLogHandler:LogFormat(LogType, Object, String, Object[])
UnityEngine.Logger:Log(LogType, Object)
UnityEngine.Debug:LogWarning(Object)
PolkaDOTS.Statistics.StatisticsWriter:.ctor()
PolkaDOTS.Statistics.StatisticsWriterInstance:Awake()

Recorder [PropInputBlocks] is invalid!
UnityEngine.DebugLogHandler:Internal_Log(LogType, LogOption, String, Object)
UnityEngine.DebugLogHandler:LogFormat(LogType, Object, String, Object[])
UnityEngine.Logger:Log(LogType, Object)
UnityEngine.Debug:LogWarning(Object)
PolkaDOTS.Statistics.StatisticsWriter:.ctor()
PolkaDOTS.Statistics.StatisticsWriterInstance:Awake()

Recorder [PropActiveLogicBlocks] is invalid!
UnityEngine.DebugLogHandler:Internal_Log(LogType, LogOption, String, Object)
UnityEngine.DebugLogHandler:LogFormat(LogType, Object, String, Object[])
UnityEngine.Logger:Log(LogType, Object)
UnityEngine.Debug:LogWarning(Object)
PolkaDOTS.Statistics.StatisticsWriter:.ctor()
PolkaDOTS.Statistics.StatisticsWriterInstance:Awake()

Recorder [CheckGateState] is invalid!
UnityEngine.DebugLogHandler:Internal_Log(LogType, LogOption, String, Object)
UnityEngine.DebugLogHandler:LogFormat(LogType, Object, String, Object[])
UnityEngine.Logger:Log(LogType, Object)
UnityEngine.Debug:LogWarning(Object)
PolkaDOTS.Statistics.StatisticsWriter:.ctor()
PolkaDOTS.Statistics.StatisticsWriterInstance:Awake()

Recorder [GhostSimulationSystemGroup] is invalid!
UnityEngine.DebugLogHandler:Internal_Log(LogType, LogOption, String, Object)
UnityEngine.DebugLogHandler:LogFormat(LogType, Object, String, Object[])
UnityEngine.Logger:Log(LogType, Object)
UnityEngine.Debug:LogWarning(Object)
PolkaDOTS.Statistics.StatisticsWriter:.ctor()
PolkaDOTS.Statistics.StatisticsWriterInstance:Awake()

Recorder [PredictedSimulationSystemGroup] is invalid!
UnityEngine.DebugLogHandler:Internal_Log(LogType, LogOption, String, Object)
UnityEngine.DebugLogHandler:LogFormat(LogType, Object, String, Object[])
UnityEngine.Logger:Log(LogType, Object)
UnityEngine.Debug:LogWarning(Object)
PolkaDOTS.Statistics.StatisticsWriter:.ctor()
PolkaDOTS.Statistics.StatisticsWriterInstance:Awake()

Initializing multiplay!
Found non-specified codec: VP8 Internal video/VP8 implementation_name=Internal
Found codec: VP9 Profile0
Found codec: VP9 Profile2
Found codec: VP9 Profile1
Found codec: VP9 Profile3
Found codec: AV1 Profile0
Found codec: AV1 Profile1
Could not find H264.High as streaming codec!
Adding terrain areas statistics recorders
Streamed scene with   36ms latency from /var/scratch/zmr280/opencraft/opencraft_Data/StreamingAssets/EntityScenes/bea83102298cfb741939cdba85abe535.0.entities
AutoLoading authoring scene in world ClientWorld
[13:48:26.3807310]:[ClientWorld] New connection ID:43
ERROR: Shader Custom/VoxelShader shader is not supported on this GPU (none of subshaders/fallbacks are suitable)
WARNING: Shader Unsupported: 'Hidden/Universal Render Pipeline/FallbackError' - All subshaders removed
WARNING: Shader Did you use #pragma only_renderers and omit this platform?
WARNING: Shader If subshaders removal was intentional, you may have forgotten turning Fallback off?
ERROR: Shader Hidden/Universal Render Pipeline/FallbackError shader is not supported on this GPU (none of subshaders/fallbacks are suitable)
WARNING: Shader Unsupported: 'Hidden/Universal Render Pipeline/FallbackError' - All subshaders removed
WARNING: Shader Did you use #pragma only_renderers and omit this platform?
WARNING: Shader If subshaders removal was intentional, you may have forgotten turning Fallback off?
WARNING: Shader Unsupported: 'Universal Render Pipeline/Lit' - All subshaders removed
WARNING: Shader Did you use #pragma only_renderers and omit this platform?
WARNING: Shader If subshaders removal was intentional, you may have forgotten turning Fallback off?
ERROR: Shader Universal Render Pipeline/Lit shader is not supported on this GPU (none of subshaders/fallbacks are suitable)
WARNING: Shader Unsupported: 'Universal Render Pipeline/Lit' - All subshaders removed
WARNING: Shader Did you use #pragma only_renderers and omit this platform?
WARNING: Shader If subshaders removal was intentional, you may have forgotten turning Fallback off?
WARNING: Shader Unsupported: 'Universal Render Pipeline/Unlit' - All subshaders removed
WARNING: Shader Did you use #pragma only_renderers and omit this platform?
WARNING: Shader If subshaders removal was intentional, you may have forgotten turning Fallback off?
ERROR: Shader Universal Render Pipeline/Unlit shader is not supported on this GPU (none of subshaders/fallbacks are suitable)
WARNING: Shader Unsupported: 'Universal Render Pipeline/Unlit' - All subshaders removed
WARNING: Shader Did you use #pragma only_renderers and omit this platform?
WARNING: Shader If subshaders removal was intentional, you may have forgotten turning Fallback off?
Streamed scene with   52ms latency from /var/scratch/zmr280/opencraft/opencraft_Data/StreamingAssets/EntityScenes/62561c7118c5bbb46929c6bf65331faa.0.entities
Sending start game stream RPC
Emulation type is Idle, Simulation
Creating local player object
Sending spawn player RPC for user 45
ERROR: Shader UI/Default shader is not supported on this GPU (none of subshaders/fallbacks are suitable)
Player 45 has no connection ID!
UnityEngine.DebugLogHandler:Internal_Log(LogType, LogOption, String, Object)
UnityEngine.DebugLogHandler:LogFormat(LogType, Object, String, Object[])
UnityEngine.Logger:Log(LogType, Object)
UnityEngine.Debug:LogWarning(Object)
Opencraft.Player.SamplePlayerInput:OnUpdate(SystemState&)
Opencraft.Player.SamplePlayerInput:__codegen__OnUpdate(IntPtr, IntPtr)

Linking player entity Entity(210:1) to 45@LOCALPLAYER
Player simulation searching for path from float3(0.5f, 13.2f, 0.5f) = int3(0, 13, 0) to int3(15, 13, -15)
Player simulation could not find a path from int3(0, 13, 0) to int3(15, 13, -15), will choose new target
    1: Could not find target at int3(0, 13, 0)
Player simulation searching for path from float3(0.5f, 13.2f, 0.5f) = int3(0, 13, 0) to int3(4, 13, 3)
Player simulation could not find a path from int3(0, 13, 0) to int3(4, 13, 3), will choose new target
Player simulation searching for path from float3(0.5f, 13.2f, 0.5f) = int3(0, 13, 0) to int3(-6, 13, 9)
Player simulation could not find a path from int3(0, 13, 0) to int3(-6, 13, 9), will choose new target
Player simulation searching for path from float3(0.5f, 13.2f, 0.5f) = int3(0, 13, 0) to int3(15, 13, -10)
Player simulation could not find a path from int3(0, 13, 0) to int3(15, 13, -10), will choose new target
    5: Could not find target at int3(0, 13, 0)
Player simulation searching for path from float3(0.5f, 13.2f, 0.5f) = int3(0, 13, 0) to int3(1, 13, -12)
Player simulation could not find a path from int3(0, 13, 0) to int3(1, 13, -12), will choose new target
Player simulation searching for path from float3(0.5f, 13.2f, 0.5f) = int3(0, 13, 0) to int3(-8, 13, 12)
Player simulation could not find a path from int3(0, 13, 0) to int3(-8, 13, 12), will choose new target
    8: Could not find target at int3(0, 13, 0)
ClientWorld player simulation could not find a path in 9 attempts, waiting to try again
Player simulation searching for path from float3(0.5f, 13.1f, 0.5f) = int3(0, 13, 0) to int3(15, 13, -15)
ClientWorld player simulation set new target int3(15, 13, -15)
ClientWorld player simulation reached target int3(15, 13, -15)
Player simulation searching for path from float3(15.36971f, 13.12929f, -14.482f) = int3(15, 13, -15) to int3(4, 13, 11)
ClientWorld player simulation set new target int3(4, 13, 11)
ClientWorld player simulation reached target int3(4, 13, 11)
Player simulation searching for path from float3(4.530265f, 13.14227f, 11.34274f) = int3(4, 13, 11) to int3(4, 13, 8)
ClientWorld player simulation set new target int3(4, 13, 8)
ClientWorld player simulation reached target int3(4, 13, 8)
Player simulation searching for path from float3(4.517f, 13.12929f, 8.685288f) = int3(4, 13, 8) to int3(-15, 13, -9)
ClientWorld player simulation set new target int3(-15, 13, -9)
ClientWorld player simulation reached target int3(-15, 13, -9)
Player simulation searching for path from float3(-14.493f, 13.12929f, -8.369713f) = int3(-15, 13, -9) to int3(7, 13, -11)
ClientWorld player simulation set new target int3(7, 13, -11)
ClientWorld player simulation reached target int3(7, 13, -11)
Player simulation searching for path from float3(7.483867f, 13.14227f, -10.35145f) = int3(7, 13, -11) to int3(6, 13, 8)
ClientWorld player simulation set new target int3(6, 13, 8)
ClientWorld player simulation reached target int3(6, 13, 8)
Player simulation searching for path from float3(6.485f, 13.12929f, 8.324713f) = int3(6, 13, 8) to int3(-7, 13, 1)
ClientWorld player simulation set new target int3(-7, 13, 1)
ClientWorld player simulation reached target int3(-7, 13, 1)
Player simulation searching for path from float3(-6.348445f, 13.14227f, 1.487976f) = int3(-7, 13, 1) to int3(-1, 13, 4)
ClientWorld player simulation set new target int3(-1, 13, 4)
ClientWorld player simulation reached target int3(-1, 13, 4)
Player simulation searching for path from float3(-0.5297107f, 13.12929f, 4.300843f) = int3(-1, 13, 4) to int3(2, 13, -2)
ClientWorld player simulation set new target int3(2, 13, -2)
ClientWorld player simulation reached target int3(2, 13, -2)
Player simulation searching for path from float3(2.334735f, 13.14227f, -1.500735f) = int3(2, 13, -2) to int3(-11, 13, 1)
ClientWorld player simulation set new target int3(-11, 13, 1)
ClientWorld player simulation reached target int3(-11, 13, 1)
Player simulation searching for path from float3(-10.51202f, 13.14227f, 1.387446f) = int3(-11, 13, 1) to int3(-12, 13, 1)
ClientWorld player simulation set new target int3(-12, 13, 1)
ClientWorld player simulation reached target int3(-12, 13, 1)
Player simulation searching for path from float3(-11.325f, 13.12929f, 1.471711f) = int3(-12, 13, 1) to int3(-4, 13, -5)
ClientWorld player simulation set new target int3(-4, 13, -5)
ClientWorld player simulation reached target int3(-4, 13, -5)
Player simulation searching for path from float3(-3.661869f, 13.12929f, -4.590843f) = int3(-4, 13, -5) to int3(14, 13, -2)
ClientWorld player simulation set new target int3(14, 13, -2)
ClientWorld player simulation reached target int3(14, 13, -2)
Player simulation searching for path from float3(14.46929f, 13.12929f, -1.642579f) = int3(14, 13, -2) to int3(9, 13, -15)
ClientWorld player simulation set new target int3(9, 13, -15)
ClientWorld player simulation reached target int3(9, 13, -15)
Player simulation searching for path from float3(9.624021f, 13.12929f, -14.48142f) = int3(9, 13, -15) to int3(4, 13, -10)
ClientWorld player simulation set new target int3(4, 13, -10)
ClientWorld player simulation reached target int3(4, 13, -10)
Player simulation searching for path from float3(4.468026f, 13.12929f, -9.666885f) = int3(4, 13, -10) to int3(-15, 13, -9)
ClientWorld player simulation set new target int3(-15, 13, -9)
ClientWorld player simulation reached target int3(-15, 13, -9)
Player simulation searching for path from float3(-14.48714f, 13.12929f, -8.659575f) = int3(-15, 13, -9) to int3(7, 13, -11)
ClientWorld player simulation set new target int3(7, 13, -11)
ClientWorld player simulation path has strayed from int3(-10, 13, -9) to int3(-13, 13, -9), searching for a correction
ClientWorld player simulation reached target int3(7, 13, -11)
Player simulation searching for path from float3(7.532001f, 13.12929f, -10.33771f) = int3(7, 13, -11) to int3(6, 13, 8)
ClientWorld player simulation set new target int3(6, 13, 8)
ClientWorld player simulation reached target int3(6, 13, 8)
Player simulation searching for path from float3(6.520266f, 13.14227f, 8.344736f) = int3(6, 13, 8) to int3(-7, 13, 1)
ClientWorld player simulation set new target int3(-7, 13, 1)
ClientWorld player simulation reached target int3(-7, 13, 1)
Player simulation searching for path from float3(-6.348844f, 13.14227f, 1.671422f) = int3(-7, 13, 1) to int3(-1, 13, 4)
ClientWorld player simulation set new target int3(-1, 13, 4)
ClientWorld player simulation reached target int3(-1, 13, 4)
Player simulation searching for path from float3(-0.505f, 13.12929f, 4.301711f) = int3(-1, 13, 4) to int3(2, 13, -2)
ClientWorld player simulation set new target int3(2, 13, -2)
ClientWorld player simulation reached target int3(2, 13, -2)
Player simulation searching for path from float3(2.355735f, 13.14227f, -1.513265f) = int3(2, 13, -2) to int3(-11, 13, 1)
ClientWorld player simulation set new target int3(-11, 13, 1)
ClientWorld player simulation reached target int3(-11, 13, 1)
Player simulation searching for path from float3(-10.49327f, 13.14227f, 1.376735f) = int3(-11, 13, 1) to int3(-12, 13, 1)
ClientWorld player simulation set new target int3(-12, 13, 1)
ClientWorld player simulation reached target int3(-12, 13, 1)
Player simulation searching for path from float3(-11.34614f, 13.12929f, 1.601421f) = int3(-12, 13, 1) to int3(-4, 13, -5)
ClientWorld player simulation set new target int3(-4, 13, -5)
ClientWorld player simulation reached target int3(-4, 13, -5)
Player simulation searching for path from float3(-3.688844f, 13.14227f, -4.527265f) = int3(-4, 13, -5) to int3(14, 13, -2)
ClientWorld player simulation set new target int3(14, 13, -2)
ClientWorld player simulation reached target int3(14, 13, -2)
Player simulation searching for path from float3(14.485f, 13.12929f, -1.659289f) = int3(14, 13, -2) to int3(9, 13, -15)
ClientWorld player simulation set new target int3(9, 13, -15)
ClientWorld player simulation reached target int3(9, 13, -15)
Player simulation searching for path from float3(9.65413f, 13.14227f, -14.52545f) = int3(9, 13, -15) to int3(4, 13, -10)
ClientWorld player simulation set new target int3(4, 13, -10)
ClientWorld player simulation reached target int3(4, 13, -10)
Player simulation searching for path from float3(4.48f, 13.12929f, -9.617288f) = int3(4, 13, -10) to int3(-15, 13, -9)
ClientWorld player simulation set new target int3(-15, 13, -9)
ClientWorld player simulation reached target int3(-15, 13, -9)
Player simulation searching for path from float3(-14.48627f, 13.14227f, -8.623842f) = int3(-15, 13, -9) to int3(7, 13, -11)
ClientWorld player simulation set new target int3(7, 13, -11)
ClientWorld player simulation reached target int3(7, 13, -11)
Player simulation searching for path from float3(7.493001f, 13.12929f, -10.34671f) = int3(7, 13, -11) to int3(6, 13, 8)
ClientWorld player simulation set new target int3(6, 13, 8)
ClientWorld player simulation reached target int3(6, 13, 8)
Player simulation searching for path from float3(6.484735f, 13.14227f, 8.364737f) = int3(6, 13, 8) to int3(-7, 13, 1)
ClientWorld player simulation set new target int3(-7, 13, 1)
ClientWorld player simulation reached target int3(-7, 13, 1)
Player simulation searching for path from float3(-6.512f, 13.12929f, 1.614289f) = int3(-7, 13, 1) to int3(-1, 13, 4)
ClientWorld player simulation set new target int3(-1, 13, 4)
ClientWorld player simulation reached target int3(-1, 13, 4)
Player simulation searching for path from float3(-0.48f, 13.12929f, 4.36371f) = int3(-1, 13, 4) to int3(2, 13, -2)
ClientWorld player simulation set new target int3(2, 13, -2)
ClientWorld player simulation reached target int3(2, 13, -2)
Player simulation searching for path from float3(2.321711f, 13.12929f, -1.515f) = int3(2, 13, -2) to int3(-11, 13, 1)
ClientWorld player simulation set new target int3(-11, 13, 1)
ClientWorld player simulation reached target int3(-11, 13, 1)
Player simulation searching for path from float3(-10.50527f, 13.14227f, 1.340156f) = int3(-11, 13, 1) to int3(-12, 13, 1)
ClientWorld player simulation set new target int3(-12, 13, 1)
ClientWorld player simulation reached target int3(-12, 13, 1)
Player simulation searching for path from float3(-11.30471f, 13.12929f, 1.495f) = int3(-12, 13, 1) to int3(-4, 13, -5)
ClientWorld player simulation set new target int3(-4, 13, -5)
ClientWorld player simulation reached target int3(-4, 13, -5)
Player simulation searching for path from float3(-3.68829f, 13.12929f, -4.532f) = int3(-4, 13, -5) to int3(14, 13, -2)
ClientWorld player simulation set new target int3(14, 13, -2)
ClientWorld player simulation reached target int3(14, 13, -2)
Player simulation searching for path from float3(14.514f, 13.12929f, -1.654289f) = int3(14, 13, -2) to int3(9, 13, -15)
ClientWorld player simulation set new target int3(9, 13, -15)
ClientWorld player simulation reached target int3(9, 13, -15)
Player simulation searching for path from float3(9.663288f, 13.12929f, -14.539f) = int3(9, 13, -15) to int3(4, 13, -10)
ClientWorld player simulation set new target int3(4, 13, -10)
ClientWorld player simulation reached target int3(4, 13, -10)
Player simulation searching for path from float3(4.52f, 13.12929f, -9.664289f) = int3(4, 13, -10) to int3(-15, 13, -9)
ClientWorld player simulation set new target int3(-15, 13, -9)
ClientWorld player simulation reached target int3(-15, 13, -9)
Player simulation searching for path from float3(-14.46426f, 13.14227f, -8.652265f) = int3(-15, 13, -9) to int3(7, 13, -11)
ClientWorld player simulation set new target int3(7, 13, -11)
ClientWorld player simulation reached target int3(7, 13, -11)
Player simulation searching for path from float3(7.47529f, 13.12929f, -10.36442f) = int3(7, 13, -11) to int3(6, 13, 8)
ClientWorld player simulation set new target int3(6, 13, 8)
ClientWorld player simulation reached target int3(6, 13, 8)
Player simulation searching for path from float3(6.534976f, 13.14227f, 8.313291f) = int3(6, 13, 8) to int3(-7, 13, 1)
ClientWorld player simulation set new target int3(-7, 13, 1)
ClientWorld player simulation reached target int3(-7, 13, 1)
Player simulation searching for path from float3(-6.424265f, 13.14227f, 1.646844f) = int3(-7, 13, 1) to int3(-1, 13, 4)
ClientWorld player simulation set new target int3(-1, 13, 4)
ClientWorld player simulation reached target int3(-1, 13, 4)
Player simulation searching for path from float3(-0.534265f, 13.14227f, 4.335156f) = int3(-1, 13, 4) to int3(2, 13, -2)
ClientWorld player simulation set new target int3(2, 13, -2)
ClientWorld player simulation reached target int3(2, 13, -2)
Player simulation searching for path from float3(2.396735f, 13.14227f, -1.479265f) = int3(2, 13, -2) to int3(-11, 13, 1)
ClientWorld player simulation set new target int3(-11, 13, 1)
ClientWorld player simulation reached target int3(-11, 13, 1)
Player simulation searching for path from float3(-10.48556f, 13.12929f, 1.318843f) = int3(-11, 13, 1) to int3(-12, 13, 1)
ClientWorld player simulation set new target int3(-12, 13, 1)
ClientWorld player simulation reached target int3(-12, 13, 1)
Player simulation searching for path from float3(-11.39771f, 13.12929f, 1.531f) = int3(-12, 13, 1) to int3(-4, 13, -5)
ClientWorld player simulation set new target int3(-4, 13, -5)
ClientWorld player simulation reached target int3(-4, 13, -5)
Player simulation searching for path from float3(-3.665555f, 13.14227f, -4.465024f) = int3(-4, 13, -5) to int3(14, 13, -2)
ClientWorld player simulation set new target int3(14, 13, -2)
ClientWorld player simulation reached target int3(14, 13, -2)
Player simulation searching for path from float3(14.496f, 13.12929f, -1.63429f) = int3(14, 13, -2) to int3(9, 13, -15)
ClientWorld player simulation set new target int3(9, 13, -15)
ClientWorld player simulation reached target int3(9, 13, -15)
Player simulation searching for path from float3(9.657578f, 13.12929f, -14.47329f) = int3(9, 13, -15) to int3(4, 13, -10)
ClientWorld player simulation set new target int3(4, 13, -10)
ClientWorld player simulation reached target int3(4, 13, -10)
Player simulation searching for path from float3(4.514711f, 13.12929f, -9.622154f) = int3(4, 13, -10) to int3(-15, 13, -9)
ClientWorld player simulation set new target int3(-15, 13, -9)
ClientWorld player simulation reached target int3(-15, 13, -9)
Player simulation searching for path from float3(-14.50314f, 13.12929f, -8.656575f) = int3(-15, 13, -9) to int3(7, 13, -11)
ClientWorld player simulation set new target int3(7, 13, -11)
ClientWorld player simulation reached target int3(7, 13, -11)
Player simulation searching for path from float3(7.504f, 13.12929f, -10.30571f) = int3(7, 13, -11) to int3(6, 13, 8)
ClientWorld player simulation set new target int3(6, 13, 8)
ClientWorld player simulation reached target int3(6, 13, 8)
Player simulation searching for path from float3(6.534554f, 13.14227f, 8.359447f) = int3(6, 13, 8) to int3(-7, 13, 1)
ClientWorld player simulation set new target int3(-7, 13, 1)
ClientWorld player simulation reached target int3(-7, 13, 1)
Player simulation searching for path from float3(-6.474289f, 13.12929f, 1.626579f) = int3(-7, 13, 1) to int3(-1, 13, 4)
ClientWorld player simulation set new target int3(-1, 13, 4)
ClientWorld player simulation reached target int3(-1, 13, 4)
Player simulation searching for path from float3(-0.5317107f, 13.12929f, 4.370421f) = int3(-1, 13, 4) to int3(2, 13, -2)
ClientWorld player simulation set new target int3(2, 13, -2)
ClientWorld player simulation reached target int3(2, 13, -2)
Player simulation searching for path from float3(2.328867f, 13.14227f, -1.478976f) = int3(2, 13, -2) to int3(-11, 13, 1)
ClientWorld player simulation set new target int3(-11, 13, 1)
ClientWorld player simulation reached target int3(-11, 13, 1)
Player simulation searching for path from float3(-10.40655f, 13.14227f, 1.381867f) = int3(-11, 13, 1) to int3(-12, 13, 1)
ClientWorld player simulation set new target int3(-12, 13, 1)
ClientWorld player simulation reached target int3(-12, 13, 1)
Player simulation searching for path from float3(-11.35913f, 13.12929f, 1.465f) = int3(-12, 13, 1) to int3(-4, 13, -5)
ClientWorld player simulation set new target int3(-4, 13, -5)
ClientWorld player simulation reached target int3(-4, 13, -5)
Player simulation searching for path from float3(-3.628158f, 13.12929f, -4.575132f) = int3(-4, 13, -5) to int3(14, 13, -2)
ClientWorld player simulation set new target int3(14, 13, -2)
ClientWorld player simulation reached target int3(14, 13, -2)
Player simulation searching for path from float3(14.46842f, 13.12929f, -1.678026f) = int3(14, 13, -2) to int3(9, 13, -15)
ClientWorld player simulation set new target int3(9, 13, -15)
[13:51:09.8794430]:[ClientWorld] Connection disconnected ID:43 Reason:ClosedByRemote
Caught fatal signal - signo:15 code:0 errno:0 addr:0x1502003ced1a
Obtained 18 stack frames.
#0  0x007f63372229c9 in PlayerMain(int, char**)
#1  0x007f63372174b7 in (Unknown)
#2  0x007f6334f7fc20 in funlockfile
#3  0x007f6269f1322b in GC_mark_from
#4  0x007f6269f0f339 in GC_mark_some
#5  0x007f6269f0e4cd in GC_stopped_mark
#6  0x007f6269f0db2c in GC_maybe_gc
#7  0x007f6269f0f117 in GC_collect_a_little_inner
#8  0x007f6269f0da75 in GC_collect_a_little
#9  0x007f6337162088 in (Unknown)
#10 0x007f633716217e in (Unknown)
#11 0x007f6336cad373 in (Unknown)
#12 0x007f6336c9a247 in (Unknown)
#13 0x007f6336c9a201 in (Unknown)
#14 0x007f6336c9a570 in (Unknown)
#15 0x007f6337219077 in PlayerMain(int, char**)
#16 0x007f6334bcb493 in __libc_start_main
#17 0x00000000201029 in _start
Setting up 12 worker threads for Enlighten.
Calling DomainUnloadOrPlayModeChangeShutdown!
Writing stats to file
Caught fatal signal - signo:11 code:1 errno:0 addr:0x48
Obtained 25 stack frames.
#0  0x007f63372229c9 in PlayerMain(int, char**)
#1  0x007f63372174b7 in (Unknown)
#2  0x007f6334f7fc20 in funlockfile
#3  0x007f6336bdaff3 in (Unknown)
#4  0x007f6336bdb671 in (Unknown)
#5  0x007f6336bbbe7a in (Unknown)
#6  0x007f63375b742e in PlayerMain(int, char**)
#7  0x007f6336569426 in (Unknown)
#8  0x007f626ef6d320 in ContentLoadInterface_ContentFile_UnloadAsync_Injected_mBD2F1D561285B0DE37DCDA4DEA75931201B5E680
#9  0x007f626ef6c78f in ContentLoadInterface_ContentFile_UnloadAsync_m197A3C60564D4E9F9049BAD57B46FB404A8F17BD
#10 0x007f626ef6c635 in ContentFile_UnloadAsync_mF35518E83FCF4C1701AF2C6CEBF7E507490481D6
#11 0x007f626e1e456a in RuntimeContentManager_ReleaseFile_m12EDB377B39EF4D01B3268E711303D79747A4F4C
#12 0x007f626e1e245c in RuntimeContentManager_ReleaseObjectImpl_m84E24B7727CAA367D95ABC97FC529A5594840414
#13 0x007f626e1e0ae8 in RuntimeContentManager_Cleanup_m6436DF58ED05204D0A7DFACFB212018BD6B813FD
#14 0x007f626e1e1f38 in RuntimeContentManager_OnShutdown_m09B1F0AD37BE7168472DDB84F55C43F02CD40113
#15 0x007f6269cdde76 in EventHandler_Invoke_m9D3126CBE291A3E7E7C304094E1DA846832F9B96_Multicast(EventHandler_tC6323FD7E6163F965259C33D72612C0E5B9BAB82*, Il2CppObject*, EventArgs_t37273F03EAC87217701DD431B190FBD84AD7C377*, MethodInfo const*)
#16 0x007f626d64f7b0 in EventHandler_Invoke_m9D3126CBE291A3E7E7C304094E1DA846832F9B96
#17 0x007f6269e88073 in il2cpp::vm::Runtime::InvokeWithThrow(MethodInfo const*, void*, void**)
#18 0x007f6269e87fdb in il2cpp::vm::Runtime::Invoke(MethodInfo const*, void*, void**, Il2CppException**)
#19 0x007f6269e87b1c in il2cpp::vm::Runtime::Shutdown()
#20 0x007f6337170f56 in (Unknown)
#21 0x007f6336cac658 in (Unknown)
#22 0x007f6337218ee6 in PlayerMain(int, char**)
#23 0x007f6334bcb493 in __libc_start_main
#24 0x00000000201029 in _start
