[UnityMemory] Configuration Parameters - Can be set up in boot.config
    "memorysetup-bucket-allocator-granularity=16"
    "memorysetup-bucket-allocator-bucket-count=8"
    "memorysetup-bucket-allocator-block-size=4194304"
    "memorysetup-bucket-allocator-block-count=1"
    "memorysetup-main-allocator-block-size=16777216"
    "memorysetup-thread-allocator-block-size=16777216"
    "memorysetup-gfx-main-allocator-block-size=16777216"
    "memorysetup-gfx-thread-allocator-block-size=16777216"
    "memorysetup-cache-allocator-block-size=4194304"
    "memorysetup-typetree-allocator-block-size=2097152"
    "memorysetup-profiler-bucket-allocator-granularity=16"
    "memorysetup-profiler-bucket-allocator-bucket-count=8"
    "memorysetup-profiler-bucket-allocator-block-size=4194304"
    "memorysetup-profiler-bucket-allocator-block-count=1"
    "memorysetup-profiler-allocator-block-size=16777216"
    "memorysetup-profiler-editor-allocator-block-size=1048576"
    "memorysetup-temp-allocator-size-main=4194304"
    "memorysetup-job-temp-allocator-block-size=2097152"
    "memorysetup-job-temp-allocator-block-size-background=1048576"
    "memorysetup-job-temp-allocator-reduction-small-platforms=262144"
    "memorysetup-allocator-temp-initial-block-size-main=262144"
    "memorysetup-allocator-temp-initial-block-size-worker=262144"
    "memorysetup-temp-allocator-size-background-worker=32768"
    "memorysetup-temp-allocator-size-job-worker=262144"
    "memorysetup-temp-allocator-size-preload-manager=262144"
    "memorysetup-temp-allocator-size-nav-mesh-worker=65536"
    "memorysetup-temp-allocator-size-audio-worker=65536"
    "memorysetup-temp-allocator-size-cloud-worker=32768"
    "memorysetup-temp-allocator-size-gfx=262144"
Remaining time:29s
Found 2 interfaces on host : 0) 10.141.0.31 1) 10.149.0.31
Player connection [140204644556672] Multi-casting "[IP] 10.141.0.31 [Port] 55001 [Flags] 19 [Guid] 2204809987 [EditorId] 3765082745 [Version] 1048832 [Id] LinuxPlayer(13,10.141.0.31) [Debug] 0 [PackageName] LinuxPlayer [ProjectName] Opencraft" to [225.0.0.222:54997]...

Direct connection to host time out.
Stopping profiler. Profiler is not able to flush data to a file or socket and exceeded maximum allowed memory for buffering.
Please use Profiler.maxUsedMemory API or -profiler-maxusedmemory command line parameter to increase maximum allowed memory usage.
Using 134234112 bytes while Profiler.maxUsedMemory is 134217728 bytes.
Failed to initialize networking layer after 30 seconds, skipping waiting for connection before starting playback.
Preloaded 'lib_burst_generated.so'
Preloaded 'libwebrtc.so'
[Physics::Module] Initialized MultithreadedJobDispatcher with 47 workers.
Initialize engine version: 2022.3.16f1 (d2c21f0ef2f1)
[Subsystems] Discovering subsystems at path /var/scratch/zmr280/opencraft/opencraft_Data/UnitySubsystems
Forcing GfxDevice: Null
GfxDevice: creating device client; threaded=0; jobified=0
NullGfxDevice:
    Version:  NULL 1.0 [1.0]
    Renderer: Null Device
    Vendor:   Unity Technologies
ERROR: Shader Hidden/Universal Render Pipeline/Blit shader is not supported on this GPU (none of subshaders/fallbacks are suitable)
ERROR: Shader Hidden/Universal Render Pipeline/CopyDepth shader is not supported on this GPU (none of subshaders/fallbacks are suitable)
ERROR: Shader Hidden/Universal Render Pipeline/Sampling shader is not supported on this GPU (none of subshaders/fallbacks are suitable)
ERROR: Shader Hidden/Universal Render Pipeline/LutBuilderLdr shader is not supported on this GPU (none of subshaders/fallbacks are suitable)
ERROR: Shader Hidden/Universal Render Pipeline/LutBuilderHdr shader is not supported on this GPU (none of subshaders/fallbacks are suitable)
ERROR: Shader Hidden/Universal Render Pipeline/UberPost shader is not supported on this GPU (none of subshaders/fallbacks are suitable)
ERROR: Shader Hidden/Universal Render Pipeline/Debug/DebugReplacement shader is not supported on this GPU (none of subshaders/fallbacks are suitable)
ERROR: Shader Hidden/Universal/HDRDebugView shader is not supported on this GPU (none of subshaders/fallbacks are suitable)
WARNING: Shader Unsupported: 'Hidden/Universal Render Pipeline/FallbackError' - All subshaders removed
WARNING: Shader Did you use #pragma only_renderers and omit this platform?
WARNING: Shader If subshaders removal was intentional, you may have forgotten turning Fallback off?
ERROR: Shader Hidden/Universal Render Pipeline/FallbackError shader is not supported on this GPU (none of subshaders/fallbacks are suitable)
WARNING: Shader Unsupported: 'Hidden/Universal Render Pipeline/FallbackError' - All subshaders removed
WARNING: Shader Did you use #pragma only_renderers and omit this platform?
WARNING: Shader If subshaders removal was intentional, you may have forgotten turning Fallback off?
WARNING: Shader Unsupported: 'Hidden/Universal Render Pipeline/StencilDeferred' - All subshaders removed
WARNING: Shader Did you use #pragma only_renderers and omit this platform?
WARNING: Shader If subshaders removal was intentional, you may have forgotten turning Fallback off?
ERROR: Shader Hidden/Universal Render Pipeline/StencilDeferred shader is not supported on this GPU (none of subshaders/fallbacks are suitable)
WARNING: Shader Unsupported: 'Hidden/Universal Render Pipeline/StencilDeferred' - All subshaders removed
WARNING: Shader Did you use #pragma only_renderers and omit this platform?
WARNING: Shader If subshaders removal was intentional, you may have forgotten turning Fallback off?
ERROR: Shader Hidden/Universal Render Pipeline/CameraMotionVectors shader is not supported on this GPU (none of subshaders/fallbacks are suitable)
ERROR: Shader Hidden/Universal Render Pipeline/ObjectMotionVectors shader is not supported on this GPU (none of subshaders/fallbacks are suitable)
ERROR: Shader Hidden/Universal Render Pipeline/LensFlareDataDriven shader is not supported on this GPU (none of subshaders/fallbacks are suitable)
ERROR: Shader Hidden/Universal Render Pipeline/ScreenSpaceAmbientOcclusion shader is not supported on this GPU (none of subshaders/fallbacks are suitable)
ERROR: Shader Hidden/Universal Render Pipeline/Stop NaN shader is not supported on this GPU (none of subshaders/fallbacks are suitable)
ERROR: Shader Hidden/Universal Render Pipeline/SubpixelMorphologicalAntialiasing shader is not supported on this GPU (none of subshaders/fallbacks are suitable)
ERROR: Shader Hidden/Universal Render Pipeline/TemporalAA shader is not supported on this GPU (none of subshaders/fallbacks are suitable)
ERROR: Shader Hidden/Universal Render Pipeline/Scaling Setup shader is not supported on this GPU (none of subshaders/fallbacks are suitable)
ERROR: Shader Hidden/Universal Render Pipeline/Edge Adaptive Spatial Upsampling shader is not supported on this GPU (none of subshaders/fallbacks are suitable)
ERROR: Shader Hidden/Universal Render Pipeline/FinalPost shader is not supported on this GPU (none of subshaders/fallbacks are suitable)
ERROR: Shader Sprites/Default shader is not supported on this GPU (none of subshaders/fallbacks are suitable)
ERROR: Shader Sprites/Mask shader is not supported on this GPU (none of subshaders/fallbacks are suitable)
ERROR: Shader GUI/Text Shader shader is not supported on this GPU (none of subshaders/fallbacks are suitable)
UnloadTime: 1.301661 ms
Parsing args: /var/scratch/zmr280/opencraft/opencraft.x86_64, -batchmode, -nographics, -logStats, True, -serverUrl, 10.141.0.1, -statsFile, /var/scratch/zmr280/runs/players-activeLogic_1-Layer_6x_6z_200p_120s/opencraft_stats/client18.csv, -userID, 18, -playType, Client, -emulationType, Simulation
Setting up worlds with playType Client and streaming role Disabled
Adding type with UniqueSystemAttribute: StatisticsSystem
Adding type with UniqueSystemAttribute: StatisticsSystem
Failed to create websocket: System.Net.Sockets.SocketException (0x80004005): Address already in use
  at System.Net.Sockets.Socket.Bind (System.Net.EndPoint localEP) [0x00000] in <00000000000000000000000000000000>:0 
  at Unity.NetCode.DebugWebSocket..ctor (System.UInt16 port) [0x00000] in <00000000000000000000000000000000>:0 
  at Unity.NetCode.GhostStatsConnection..ctor () [0x00000] in <00000000000000000000000000000000>:0 
  at Unity.NetCode.GhostStatsFlushSystem.OnCreate () [0x00000] in <00000000000000000000000000000000>:0 
  at Unity.Entities.ComponentSystemBase.CreateInstance (Unity.Entities.World world) [0x00000] in <00000000000000000000000000000000>:0 
  at Unity.Entities.World.AddSystem_OnCreate_Internal (Unity.Entities.ComponentSystemBase system) [0x00000] in <00000000000000000000000000000000>:0 
  at Unity.Entities.World.GetOrCreateSystemsAndLogException (Unity.Collections.NativeList`1[T] types, System.Int32 typesCount, Unity.Collections.AllocatorManager+AllocatorHandle allocator) [0x00000] in <00000000000000000000000000000000>:0 
  at Unity.Entities.World.GetOrCreateSystemsAndLogException (Unity.Collections.NativeList`1[T] types, Unity.Collections.AllocatorManager+AllocatorHandle allocator) [0x00000] in <00000000000000000000000000000000>:0 
  at Unity.Entities.DefaultWorldInitialization.AddSystemToRootLevelSystemGroupsInternal[T] (Unity.Entities.World world, Unity.Collections.NativeList`1[T] systemTypesOrig, Unity.Entities.ComponentSystemGroup defaultGroup, T rootGroups) [0x00000] in <00000000000000000000000000000000>:0 
  at Unity.Entities.DefaultWorldInitialization.AddSystemToRootLevelSystemGroupsInternal (Unity.Entities.World world, Unity.Collections.NativeList`1[T] systemTypesOrig) [0x00000] in <00000000000000000000000000000000>:0 
  at Unity.Entities.DefaultWorldInitialization.AddSystemsToRootLevelSystemGroups (Unity.Entities.World world, System.Collections.Generic.IReadOnlyList`1[T] systemTypes) [0x00000] in <00000000000000000000000000000000>:0 
  at PolkaDOTS.Bootstrap.GameBootstrap.CreateClientWorld (System.String name, Unity.Entities.WorldFlags flags, System.Collections.Generic.IReadOnlyList`1[T] systems) [0x00000] in <00000000000000000000000000000000>:0 
  at PolkaDOTS.Bootstrap.GameBootstrap.CreateDefaultClientWorld (System.String worldName, System.Boolean isHost, System.Boolean isCloudHost) [0x00000] in <00000000000000000000000000000000>:0 
  at PolkaDOTS.Bootstrap.GameBootstrap.SetupWorlds (PolkaDOTS.Deployment.MultiplayStreamingRoles mRole, PolkaDOTS.Bootstrap.GameBootstrap+BootstrapPlayTypes playTypes, Unity.Collections.NativeList`1[Unity.Entities.WorldUnmanaged]& worldReferences, System.Int32 numSimulatedClients, System.Boolean autoStart, System.Boolean autoConnect, System.String serverUrl, System.UInt16 serverPort, System.String signalingUrl, System.String worldName) [0x00000] in <00000000000000000000000000000000>:0 
  at PolkaDOTS.Bootstrap.GameBootstrap.SetupWorldsFromLocalConfig () [0x00000] in <00000000000000000000000000000000>:0 
  at PolkaDOTS.Bootstrap.GameBootstrap.Initialize (System.String defaultWorldName) [0x00000] in <00000000000000000000000000000000>:0 
  at Unity.Entities.CustomWorldInitialization.Initialize (System.String defaultWorldName, System.Boolean editorWorld) [0x00000] in <00000000000000000000000000000000>:0 
  at Unity.Entities.CustomAutomaticWorldBootstrap.Initialize () [0x00000] in <00000000000000000000000000000000>:0 
UnityEngine.DebugLogHandler:Internal_Log(LogType, LogOption, String, Object)
UnityEngine.DebugLogHandler:LogFormat(LogType, Object, String, Object[])
UnityEngine.Logger:Log(LogType, Object)
UnityEngine.Debug:LogError(Object)
Unity.NetCode.DebugWebSocket:.ctor(UInt16)
Unity.NetCode.GhostStatsConnection:.ctor()
Unity.NetCode.GhostStatsFlushSystem:OnCreate()
Unity.Entities.ComponentSystemBase:CreateInstance(World)
Unity.Entities.World:AddSystem_OnCreate_Internal(ComponentSystemBase)
Unity.Entities.World:GetOrCreateSystemsAndLogException(NativeList`1, Int32, AllocatorHandle)
Unity.Entities.World:GetOrCreateSystemsAndLogException(NativeList`1, AllocatorHandle)
Unity.Entities.DefaultWorldInitialization:AddSystemToRootLevelSystemGroupsInternal(World, NativeList`1, ComponentSystemGroup, T)
Unity.Entities.DefaultWorldInitialization:AddSystemToRootLevelSystemGroupsInternal(World, NativeList`1)
Unity.Entities.DefaultWorldInitialization:AddSystemsToRootLevelSystemGroups(World, IReadOnlyList`1)
PolkaDOTS.Bootstrap.GameBootstrap:CreateClientWorld(String, WorldFlags, IReadOnlyList`1)
PolkaDOTS.Bootstrap.GameBootstrap:CreateDefaultClientWorld(String, Boolean, Boolean)
PolkaDOTS.Bootstrap.GameBootstrap:SetupWorlds(MultiplayStreamingRoles, BootstrapPlayTypes, NativeList`1&, Int32, Boolean, Boolean, String, UInt16, String, String)
PolkaDOTS.Bootstrap.GameBootstrap:SetupWorldsFromLocalConfig()
PolkaDOTS.Bootstrap.GameBootstrap:Initialize(String)
Unity.Entities.CustomWorldInitialization:Initialize(String, Boolean)
Unity.Entities.CustomAutomaticWorldBootstrap:Initialize()

Adding world ClientWorld to update list
Connecting worlds with playType Client and streaming role Disabled
Created connection request for 10.141.0.1:7979
Creating statistics writer!
Recorder [ServerFixedUpdate] is invalid!
UnityEngine.DebugLogHandler:Internal_Log(LogType, LogOption, String, Object)
UnityEngine.DebugLogHandler:LogFormat(LogType, Object, String, Object[])
UnityEngine.Logger:Log(LogType, Object)
UnityEngine.Debug:LogWarning(Object)
PolkaDOTS.Statistics.StatisticsWriter:.ctor()
PolkaDOTS.Statistics.StatisticsWriterInstance:Awake()

Recorder [TerrainGeneration] is invalid!
UnityEngine.DebugLogHandler:Internal_Log(LogType, LogOption, String, Object)
UnityEngine.DebugLogHandler:LogFormat(LogType, Object, String, Object[])
UnityEngine.Logger:Log(LogType, Object)
UnityEngine.Debug:LogWarning(Object)
PolkaDOTS.Statistics.StatisticsWriter:.ctor()
PolkaDOTS.Statistics.StatisticsWriterInstance:Awake()

Recorder [PlayerTerrainGenCheck] is invalid!
UnityEngine.DebugLogHandler:Internal_Log(LogType, LogOption, String, Object)
UnityEngine.DebugLogHandler:LogFormat(LogType, Object, String, Object[])
UnityEngine.Logger:Log(LogType, Object)
UnityEngine.Debug:LogWarning(Object)
PolkaDOTS.Statistics.StatisticsWriter:.ctor()
PolkaDOTS.Statistics.StatisticsWriterInstance:Awake()

Recorder [StructureGeneration] is invalid!
UnityEngine.DebugLogHandler:Internal_Log(LogType, LogOption, String, Object)
UnityEngine.DebugLogHandler:LogFormat(LogType, Object, String, Object[])
UnityEngine.Logger:Log(LogType, Object)
UnityEngine.Debug:LogWarning(Object)
PolkaDOTS.Statistics.StatisticsWriter:.ctor()
PolkaDOTS.Statistics.StatisticsWriterInstance:Awake()

Recorder [TerrainLogicSystem] is invalid!
UnityEngine.DebugLogHandler:Internal_Log(LogType, LogOption, String, Object)
UnityEngine.DebugLogHandler:LogFormat(LogType, Object, String, Object[])
UnityEngine.Logger:Log(LogType, Object)
UnityEngine.Debug:LogWarning(Object)
PolkaDOTS.Statistics.StatisticsWriter:.ctor()
PolkaDOTS.Statistics.StatisticsWriterInstance:Awake()

Recorder [GetUpdates] is invalid!
UnityEngine.DebugLogHandler:Internal_Log(LogType, LogOption, String, Object)
UnityEngine.DebugLogHandler:LogFormat(LogType, Object, String, Object[])
UnityEngine.Logger:Log(LogType, Object)
UnityEngine.Debug:LogWarning(Object)
PolkaDOTS.Statistics.StatisticsWriter:.ctor()
PolkaDOTS.Statistics.StatisticsWriterInstance:Awake()

Recorder [ReevaluatePropagateMarker] is invalid!
UnityEngine.DebugLogHandler:Internal_Log(LogType, LogOption, String, Object)
UnityEngine.DebugLogHandler:LogFormat(LogType, Object, String, Object[])
UnityEngine.Logger:Log(LogType, Object)
UnityEngine.Debug:LogWarning(Object)
PolkaDOTS.Statistics.StatisticsWriter:.ctor()
PolkaDOTS.Statistics.StatisticsWriterInstance:Awake()

Recorder [PropagateLogicState] is invalid!
UnityEngine.DebugLogHandler:Internal_Log(LogType, LogOption, String, Object)
UnityEngine.DebugLogHandler:LogFormat(LogType, Object, String, Object[])
UnityEngine.Logger:Log(LogType, Object)
UnityEngine.Debug:LogWarning(Object)
PolkaDOTS.Statistics.StatisticsWriter:.ctor()
PolkaDOTS.Statistics.StatisticsWriterInstance:Awake()

Recorder [PropInputBlocks] is invalid!
UnityEngine.DebugLogHandler:Internal_Log(LogType, LogOption, String, Object)
UnityEngine.DebugLogHandler:LogFormat(LogType, Object, String, Object[])
UnityEngine.Logger:Log(LogType, Object)
UnityEngine.Debug:LogWarning(Object)
PolkaDOTS.Statistics.StatisticsWriter:.ctor()
PolkaDOTS.Statistics.StatisticsWriterInstance:Awake()

Recorder [PropActiveLogicBlocks] is invalid!
UnityEngine.DebugLogHandler:Internal_Log(LogType, LogOption, String, Object)
UnityEngine.DebugLogHandler:LogFormat(LogType, Object, String, Object[])
UnityEngine.Logger:Log(LogType, Object)
UnityEngine.Debug:LogWarning(Object)
PolkaDOTS.Statistics.StatisticsWriter:.ctor()
PolkaDOTS.Statistics.StatisticsWriterInstance:Awake()

Recorder [CheckGateState] is invalid!
UnityEngine.DebugLogHandler:Internal_Log(LogType, LogOption, String, Object)
UnityEngine.DebugLogHandler:LogFormat(LogType, Object, String, Object[])
UnityEngine.Logger:Log(LogType, Object)
UnityEngine.Debug:LogWarning(Object)
PolkaDOTS.Statistics.StatisticsWriter:.ctor()
PolkaDOTS.Statistics.StatisticsWriterInstance:Awake()

Recorder [GhostSimulationSystemGroup] is invalid!
UnityEngine.DebugLogHandler:Internal_Log(LogType, LogOption, String, Object)
UnityEngine.DebugLogHandler:LogFormat(LogType, Object, String, Object[])
UnityEngine.Logger:Log(LogType, Object)
UnityEngine.Debug:LogWarning(Object)
PolkaDOTS.Statistics.StatisticsWriter:.ctor()
PolkaDOTS.Statistics.StatisticsWriterInstance:Awake()

Recorder [PredictedSimulationSystemGroup] is invalid!
UnityEngine.DebugLogHandler:Internal_Log(LogType, LogOption, String, Object)
UnityEngine.DebugLogHandler:LogFormat(LogType, Object, String, Object[])
UnityEngine.Logger:Log(LogType, Object)
UnityEngine.Debug:LogWarning(Object)
PolkaDOTS.Statistics.StatisticsWriter:.ctor()
PolkaDOTS.Statistics.StatisticsWriterInstance:Awake()

Initializing multiplay!
Found non-specified codec: VP8 Internal video/VP8 implementation_name=Internal
Found codec: VP9 Profile0
Found codec: VP9 Profile2
Found codec: VP9 Profile1
Found codec: VP9 Profile3
Found codec: AV1 Profile0
Found codec: AV1 Profile1
Could not find H264.High as streaming codec!
Adding terrain areas statistics recorders
Streamed scene with   62ms latency from /var/scratch/zmr280/opencraft/opencraft_Data/StreamingAssets/EntityScenes/bea83102298cfb741939cdba85abe535.0.entities
AutoLoading authoring scene in world ClientWorld
[03:15:58.9326330]:[ClientWorld] New connection ID:20
ERROR: Shader Custom/VoxelShader shader is not supported on this GPU (none of subshaders/fallbacks are suitable)
WARNING: Shader Unsupported: 'Hidden/Universal Render Pipeline/FallbackError' - All subshaders removed
WARNING: Shader Did you use #pragma only_renderers and omit this platform?
WARNING: Shader If subshaders removal was intentional, you may have forgotten turning Fallback off?
ERROR: Shader Hidden/Universal Render Pipeline/FallbackError shader is not supported on this GPU (none of subshaders/fallbacks are suitable)
WARNING: Shader Unsupported: 'Hidden/Universal Render Pipeline/FallbackError' - All subshaders removed
WARNING: Shader Did you use #pragma only_renderers and omit this platform?
WARNING: Shader If subshaders removal was intentional, you may have forgotten turning Fallback off?
WARNING: Shader Unsupported: 'Universal Render Pipeline/Lit' - All subshaders removed
WARNING: Shader Did you use #pragma only_renderers and omit this platform?
WARNING: Shader If subshaders removal was intentional, you may have forgotten turning Fallback off?
ERROR: Shader Universal Render Pipeline/Lit shader is not supported on this GPU (none of subshaders/fallbacks are suitable)
WARNING: Shader Unsupported: 'Universal Render Pipeline/Lit' - All subshaders removed
WARNING: Shader Did you use #pragma only_renderers and omit this platform?
WARNING: Shader If subshaders removal was intentional, you may have forgotten turning Fallback off?
WARNING: Shader Unsupported: 'Universal Render Pipeline/Unlit' - All subshaders removed
WARNING: Shader Did you use #pragma only_renderers and omit this platform?
WARNING: Shader If subshaders removal was intentional, you may have forgotten turning Fallback off?
ERROR: Shader Universal Render Pipeline/Unlit shader is not supported on this GPU (none of subshaders/fallbacks are suitable)
WARNING: Shader Unsupported: 'Universal Render Pipeline/Unlit' - All subshaders removed
WARNING: Shader Did you use #pragma only_renderers and omit this platform?
WARNING: Shader If subshaders removal was intentional, you may have forgotten turning Fallback off?
Streamed scene with   48ms latency from /var/scratch/zmr280/opencraft/opencraft_Data/StreamingAssets/EntityScenes/62561c7118c5bbb46929c6bf65331faa.0.entities
Sending start game stream RPC
Emulation type is Idle, Simulation
Creating local player object
Sending spawn player RPC for user 18
ERROR: Shader UI/Default shader is not supported on this GPU (none of subshaders/fallbacks are suitable)
Player 18 has no connection ID!
UnityEngine.DebugLogHandler:Internal_Log(LogType, LogOption, String, Object)
UnityEngine.DebugLogHandler:LogFormat(LogType, Object, String, Object[])
UnityEngine.Logger:Log(LogType, Object)
UnityEngine.Debug:LogWarning(Object)
Opencraft.Player.SamplePlayerInput:OnUpdate(SystemState&)
Opencraft.Player.SamplePlayerInput:__codegen__OnUpdate(IntPtr, IntPtr)

Linking player entity Entity(183:1) to 18@LOCALPLAYER
    0: Could not find target at int3(0, 5, 0)
Player simulation searching for path from float3(0.5f, 5.1f, 0.5f) = int3(0, 5, 0) to int3(-3, 5, 6)
Player simulation could not find a path from int3(0, 5, 0) to int3(-3, 5, 6), will choose new target
Player simulation searching for path from float3(0.5f, 5.1f, 0.5f) = int3(0, 5, 0) to int3(-3, 5, 3)
Player simulation could not find a path from int3(0, 5, 0) to int3(-3, 5, 3), will choose new target
Player simulation searching for path from float3(0.5f, 5.1f, 0.5f) = int3(0, 5, 0) to int3(-4, 5, 3)
Player simulation could not find a path from int3(0, 5, 0) to int3(-4, 5, 3), will choose new target
Player simulation searching for path from float3(0.5f, 5.1f, 0.5f) = int3(0, 5, 0) to int3(-5, 5, 9)
Player simulation could not find a path from int3(0, 5, 0) to int3(-5, 5, 9), will choose new target
    5: Could not find target at int3(0, 5, 0)
Player simulation searching for path from float3(0.5f, 5.1f, 0.5f) = int3(0, 5, 0) to int3(6, 5, -6)
Player simulation could not find a path from int3(0, 5, 0) to int3(6, 5, -6), will choose new target
    7: Could not find target at int3(0, 5, 0)
Player simulation searching for path from float3(0.5f, 5.1f, 0.5f) = int3(0, 5, 0) to int3(-8, 5, 4)
Player simulation could not find a path from int3(0, 5, 0) to int3(-8, 5, 4), will choose new target
ClientWorld player simulation could not find a path in 9 attempts, waiting to try again
Player simulation searching for path from float3(0.5f, 5.1f, 0.5f) = int3(0, 5, 0) to int3(-6, 5, -6)
ClientWorld player simulation set new target int3(-6, 5, -6)
ClientWorld player simulation reached target int3(-6, 5, -6)
Player simulation searching for path from float3(-5.475f, 5.1f, -5.368f) = int3(-6, 5, -6) to int3(-4, 5, -1)
ClientWorld player simulation set new target int3(-4, 5, -1)
ClientWorld player simulation reached target int3(-4, 5, -1)
Player simulation searching for path from float3(-3.48f, 5.1f, -0.673f) = int3(-4, 5, -1) to int3(13, 5, -4)
ClientWorld player simulation set new target int3(13, 5, -4)
ClientWorld player simulation reached target int3(13, 5, -4)
Player simulation searching for path from float3(13.324f, 5.1f, -3.521f) = int3(13, 5, -4) to int3(-6, 5, 1)
ClientWorld player simulation set new target int3(-6, 5, 1)
ClientWorld player simulation reached target int3(-6, 5, 1)
Player simulation searching for path from float3(-5.478f, 5.1f, 1.346f) = int3(-6, 5, 1) to int3(2, 5, -15)
ClientWorld player simulation set new target int3(2, 5, -15)
ClientWorld player simulation reached target int3(2, 5, -15)
Player simulation searching for path from float3(2.375f, 5.1f, -14.499f) = int3(2, 5, -15) to int3(-6, 5, -1)
ClientWorld player simulation set new target int3(-6, 5, -1)
ClientWorld player simulation reached target int3(-6, 5, -1)
Player simulation searching for path from float3(-5.534711f, 5.1f, -0.6588681f) = int3(-6, 5, -1) to int3(6, 5, -14)
ClientWorld player simulation set new target int3(6, 5, -14)
ClientWorld player simulation reached target int3(6, 5, -14)
Player simulation searching for path from float3(6.506711f, 5.1f, -13.35771f) = int3(6, 5, -14) to int3(-9, 5, -1)
ClientWorld player simulation set new target int3(-9, 5, -1)
ClientWorld player simulation reached target int3(-9, 5, -1)
Player simulation searching for path from float3(-8.507f, 5.1f, -0.6509999f) = int3(-9, 5, -1) to int3(8, 5, -9)
ClientWorld player simulation set new target int3(8, 5, -9)
ClientWorld player simulation reached target int3(8, 5, -9)
Player simulation searching for path from float3(8.333001f, 5.1f, -8.475f) = int3(8, 5, -9) to int3(-12, 5, 0)
ClientWorld player simulation set new target int3(-12, 5, 0)
ClientWorld player simulation reached target int3(-12, 5, 0)
Player simulation searching for path from float3(-11.47742f, 5.1f, 0.3432641f) = int3(-12, 5, 0) to int3(-2, 5, -14)
ClientWorld player simulation set new target int3(-2, 5, -14)
ClientWorld player simulation reached target int3(-2, 5, -14)
Player simulation searching for path from float3(-1.682f, 5.1f, -13.521f) = int3(-2, 5, -14) to int3(-10, 5, 12)
ClientWorld player simulation set new target int3(-10, 5, 12)
ClientWorld player simulation reached target int3(-10, 5, 12)
Player simulation searching for path from float3(-9.532001f, 5.1f, 12.385f) = int3(-10, 5, 12) to int3(-5, 5, -7)
ClientWorld player simulation set new target int3(-5, 5, -7)
ClientWorld player simulation reached target int3(-5, 5, -7)
Player simulation searching for path from float3(-4.605579f, 5.1f, -6.517f) = int3(-5, 5, -7) to int3(5, 5, -5)
ClientWorld player simulation set new target int3(5, 5, -5)
ClientWorld player simulation reached target int3(5, 5, -5)
Player simulation searching for path from float3(5.601264f, 5.1f, -4.651158f) = int3(5, 5, -5) to int3(1, 5, -1)
ClientWorld player simulation set new target int3(1, 5, -1)
ClientWorld player simulation reached target int3(1, 5, -1)
Player simulation searching for path from float3(1.486868f, 5.1f, -0.6714467f) = int3(1, 5, -1) to int3(-7, 5, 15)
ClientWorld player simulation set new target int3(-7, 5, 15)
ClientWorld player simulation reached target int3(-7, 5, 15)
Player simulation searching for path from float3(-6.46329f, 5.1f, 15.36856f) = int3(-7, 5, 15) to int3(2, 5, 5)
ClientWorld player simulation set new target int3(2, 5, 5)
ClientWorld player simulation reached target int3(2, 5, 5)
Player simulation searching for path from float3(2.306421f, 5.1f, 5.482f) = int3(2, 5, 5) to int3(5, 5, -12)
ClientWorld player simulation set new target int3(5, 5, -12)
ClientWorld player simulation reached target int3(5, 5, -12)
Player simulation searching for path from float3(5.48429f, 5.1f, -11.37871f) = int3(5, 5, -12) to int3(-15, 5, -6)
ClientWorld player simulation set new target int3(-15, 5, -6)
ClientWorld player simulation reached target int3(-15, 5, -6)
Player simulation searching for path from float3(-14.51329f, 5.1f, -5.68129f) = int3(-15, 5, -6) to int3(-5, 5, 0)
ClientWorld player simulation set new target int3(-5, 5, 0)
ClientWorld player simulation reached target int3(-5, 5, 0)
Player simulation searching for path from float3(-4.414289f, 5.1f, 0.3107107f) = int3(-5, 5, 0) to int3(15, 5, 12)
ClientWorld player simulation set new target int3(15, 5, 12)
ClientWorld player simulation reached target int3(15, 5, 12)
Player simulation searching for path from float3(15.51671f, 5.1f, 12.34071f) = int3(15, 5, 12) to int3(-11, 5, -15)
ClientWorld player simulation set new target int3(-11, 5, -15)
ClientWorld player simulation path has strayed from int3(6, 5, 1) to int3(7, 5, 4), searching for a correction
Large serverTick prediction error. Server tick rollback to Unity.NetCode.NetworkTick delta: -10.37311
UnityEngine.DebugLogHandler:Internal_Log(LogType, LogOption, String, Object)
UnityEngine.DebugLogHandler:LogFormat(LogType, Object, String, Object[])
UnityEngine.Logger:Log(LogType, Object)
UnityEngine.Debug:LogError(Object)
Unity.Logging.Sinks.ManagedUnityEngineDebugLogWrapper:WriteFunc(LogLevel, Byte*, Int32)

ClientWorld player simulation reached target int3(-11, 5, -15)
Player simulation searching for path from float3(-10.35571f, 5.1f, -14.41429f) = int3(-11, 5, -15) to int3(-4, 5, -3)
ClientWorld player simulation set new target int3(-4, 5, -3)
ClientWorld player simulation reached target int3(-4, 5, -3)
Player simulation searching for path from float3(-3.571f, 5.1f, -2.614579f) = int3(-4, 5, -3) to int3(13, 5, -8)
ClientWorld player simulation set new target int3(13, 5, -8)
ClientWorld player simulation reached target int3(13, 5, -8)
Player simulation searching for path from float3(13.49f, 5.1f, -7.39f) = int3(13, 5, -8) to int3(-6, 5, -8)
ClientWorld player simulation set new target int3(-6, 5, -8)
ClientWorld player simulation reached target int3(-6, 5, -8)
Player simulation searching for path from float3(-5.351f, 5.1f, -7.531f) = int3(-6, 5, -8) to int3(13, 5, -11)
ClientWorld player simulation set new target int3(13, 5, -11)
ClientWorld player simulation reached target int3(13, 5, -11)
Player simulation searching for path from float3(13.39869f, 5.1f, -10.49873f) = int3(13, 5, -11) to int3(5, 5, 14)
ClientWorld player simulation set new target int3(5, 5, 14)
ClientWorld player simulation path has strayed from int3(13, 5, -3) to int3(13, 5, -6), searching for a correction
ClientWorld player simulation reached target int3(5, 5, 14)
Player simulation searching for path from float3(5.473422f, 5.1f, 14.30242f) = int3(5, 5, 14) to int3(-15, 5, 9)
ClientWorld player simulation set new target int3(-15, 5, 9)
ClientWorld player simulation path has strayed from int3(0, 5, 14) to int3(3, 5, 14), searching for a correction
ClientWorld player simulation reached target int3(-15, 5, 9)
Player simulation searching for path from float3(-14.372f, 5.1f, 9.498f) = int3(-15, 5, 9) to int3(-9, 5, 11)
ClientWorld player simulation set new target int3(-9, 5, 11)
ClientWorld player simulation reached target int3(-9, 5, 11)
Player simulation searching for path from float3(-8.674577f, 5.1f, 11.529f) = int3(-9, 5, 11) to int3(11, 5, 6)
ClientWorld player simulation set new target int3(11, 5, 6)
ClientWorld player simulation path has strayed from int3(2, 5, 11) to int3(-1, 5, 11), searching for a correction
ClientWorld player simulation reached target int3(11, 5, 6)
Player simulation searching for path from float3(11.39842f, 5.1f, 6.518f) = int3(11, 5, 6) to int3(-3, 5, -13)
ClientWorld player simulation set new target int3(-3, 5, -13)
ClientWorld player simulation reached target int3(-3, 5, -13)
Player simulation searching for path from float3(-2.305f, 5.1f, -12.524f) = int3(-3, 5, -13) to int3(13, 5, -11)
ClientWorld player simulation set new target int3(13, 5, -11)
ClientWorld player simulation reached target int3(13, 5, -11)
Player simulation searching for path from float3(13.34284f, 5.1f, -10.54342f) = int3(13, 5, -11) to int3(5, 5, 14)
ClientWorld player simulation set new target int3(5, 5, 14)
ClientWorld player simulation reached target int3(5, 5, 14)
Player simulation searching for path from float3(5.503f, 5.1f, 14.321f) = int3(5, 5, 14) to int3(-15, 5, 9)
ClientWorld player simulation set new target int3(-15, 5, 9)
ClientWorld player simulation path has strayed from int3(-9, 5, 14) to int3(-6, 5, 14), searching for a correction
ClientWorld player simulation reached target int3(-15, 5, 9)
Player simulation searching for path from float3(-14.33771f, 5.1f, 9.477712f) = int3(-15, 5, 9) to int3(-9, 5, 11)
ClientWorld player simulation set new target int3(-9, 5, 11)
ClientWorld player simulation reached target int3(-9, 5, 11)
Player simulation searching for path from float3(-8.631f, 5.1f, 11.485f) = int3(-9, 5, 11) to int3(11, 5, 6)
ClientWorld player simulation set new target int3(11, 5, 6)
ClientWorld player simulation reached target int3(11, 5, 6)
Player simulation searching for path from float3(11.366f, 5.1f, 6.47f) = int3(11, 5, 6) to int3(-3, 5, -13)
ClientWorld player simulation set new target int3(-3, 5, -13)
ClientWorld player simulation path has strayed from int3(11, 5, 2) to int3(11, 5, 5), searching for a correction
ClientWorld player simulation reached target int3(-3, 5, -13)
Player simulation searching for path from float3(-2.312711f, 5.1f, -12.46729f) = int3(-3, 5, -13) to int3(13, 5, -11)
ClientWorld player simulation set new target int3(13, 5, -11)
ClientWorld player simulation reached target int3(13, 5, -11)
Player simulation searching for path from float3(13.353f, 5.1f, -10.502f) = int3(13, 5, -11) to int3(5, 5, 14)
ClientWorld player simulation set new target int3(5, 5, 14)
ClientWorld player simulation path has strayed from int3(13, 5, -5) to int3(13, 5, -8), searching for a correction
ClientWorld player simulation reached target int3(5, 5, 14)
Player simulation searching for path from float3(5.507f, 5.1f, 14.393f) = int3(5, 5, 14) to int3(-15, 5, 9)
ClientWorld player simulation set new target int3(-15, 5, 9)
ClientWorld player simulation reached target int3(-15, 5, 9)
Player simulation searching for path from float3(-14.334f, 5.1f, 9.525001f) = int3(-15, 5, 9) to int3(-9, 5, 11)
ClientWorld player simulation set new target int3(-9, 5, 11)
ClientWorld player simulation reached target int3(-9, 5, 11)
Player simulation searching for path from float3(-8.633999f, 5.1f, 11.522f) = int3(-9, 5, 11) to int3(11, 5, 6)
ClientWorld player simulation set new target int3(11, 5, 6)
ClientWorld player simulation path has strayed from int3(-3, 5, 11) to int3(-6, 5, 11), searching for a correction
ClientWorld player simulation reached target int3(11, 5, 6)
Player simulation searching for path from float3(11.36971f, 5.1f, 6.49029f) = int3(11, 5, 6) to int3(-3, 5, -13)
ClientWorld player simulation set new target int3(-3, 5, -13)
[03:18:50.8786950]:[ClientWorld] Connection disconnected ID:20 Reason:ClosedByRemote
Caught fatal signal - signo:15 code:0 errno:0 addr:0x15020006f72d
Obtained 13 stack frames.
#0  0x007f83ee7dc9c9 in PlayerMain(int, char**)
#1  0x007f83ee7d14b7 in (Unknown)
#2  0x007f83ec539c20 in funlockfile
#3  0x007f83ee2bda8e in (Unknown)
#4  0x007f83ee685027 in (Unknown)
#5  0x007f83ee68f690 in (Unknown)
#6  0x007f83ee2685ad in (Unknown)
#7  0x007f83ee254247 in (Unknown)
#8  0x007f83ee254201 in (Unknown)
#9  0x007f83ee254570 in (Unknown)
#10 0x007f83ee7d3077 in PlayerMain(int, char**)
#11 0x007f83ec185493 in __libc_start_main
#12 0x00000000201029 in _start
Setting up 12 worker threads for Enlighten.
Calling DomainUnloadOrPlayModeChangeShutdown!
Writing stats to file
Caught fatal signal - signo:11 code:1 errno:0 addr:0x48
Obtained 25 stack frames.
#0  0x007f83ee7dc9c9 in PlayerMain(int, char**)
#1  0x007f83ee7d14b7 in (Unknown)
#2  0x007f83ec539c20 in funlockfile
#3  0x007f83ee194ff3 in (Unknown)
#4  0x007f83ee195671 in (Unknown)
#5  0x007f83ee175e7a in (Unknown)
#6  0x007f83eeb7142e in PlayerMain(int, char**)
#7  0x007f83edb23426 in (Unknown)
#8  0x007f831e76c320 in ContentLoadInterface_ContentFile_UnloadAsync_Injected_mBD2F1D561285B0DE37DCDA4DEA75931201B5E680
#9  0x007f831e76b78f in ContentLoadInterface_ContentFile_UnloadAsync_m197A3C60564D4E9F9049BAD57B46FB404A8F17BD
#10 0x007f831e76b635 in ContentFile_UnloadAsync_mF35518E83FCF4C1701AF2C6CEBF7E507490481D6
#11 0x007f831d9e356a in RuntimeContentManager_ReleaseFile_m12EDB377B39EF4D01B3268E711303D79747A4F4C
#12 0x007f831d9e145c in RuntimeContentManager_ReleaseObjectImpl_m84E24B7727CAA367D95ABC97FC529A5594840414
#13 0x007f831d9dfae8 in RuntimeContentManager_Cleanup_m6436DF58ED05204D0A7DFACFB212018BD6B813FD
#14 0x007f831d9e0f38 in RuntimeContentManager_OnShutdown_m09B1F0AD37BE7168472DDB84F55C43F02CD40113
#15 0x007f83194dce76 in EventHandler_Invoke_m9D3126CBE291A3E7E7C304094E1DA846832F9B96_Multicast(EventHandler_tC6323FD7E6163F965259C33D72612C0E5B9BAB82*, Il2CppObject*, EventArgs_t37273F03EAC87217701DD431B190FBD84AD7C377*, MethodInfo const*)
#16 0x007f831ce4e7b0 in EventHandler_Invoke_m9D3126CBE291A3E7E7C304094E1DA846832F9B96
#17 0x007f8319687073 in il2cpp::vm::Runtime::InvokeWithThrow(MethodInfo const*, void*, void**)
#18 0x007f8319686fdb in il2cpp::vm::Runtime::Invoke(MethodInfo const*, void*, void**, Il2CppException**)
#19 0x007f8319686b1c in il2cpp::vm::Runtime::Shutdown()
#20 0x007f83ee72af56 in (Unknown)
#21 0x007f83ee266658 in (Unknown)
#22 0x007f83ee7d2ee6 in PlayerMain(int, char**)
#23 0x007f83ec185493 in __libc_start_main
#24 0x00000000201029 in _start
