[UnityMemory] Configuration Parameters - Can be set up in boot.config
    "memorysetup-bucket-allocator-granularity=16"
    "memorysetup-bucket-allocator-bucket-count=8"
    "memorysetup-bucket-allocator-block-size=4194304"
    "memorysetup-bucket-allocator-block-count=1"
    "memorysetup-main-allocator-block-size=16777216"
    "memorysetup-thread-allocator-block-size=16777216"
    "memorysetup-gfx-main-allocator-block-size=16777216"
    "memorysetup-gfx-thread-allocator-block-size=16777216"
    "memorysetup-cache-allocator-block-size=4194304"
    "memorysetup-typetree-allocator-block-size=2097152"
    "memorysetup-profiler-bucket-allocator-granularity=16"
    "memorysetup-profiler-bucket-allocator-bucket-count=8"
    "memorysetup-profiler-bucket-allocator-block-size=4194304"
    "memorysetup-profiler-bucket-allocator-block-count=1"
    "memorysetup-profiler-allocator-block-size=16777216"
    "memorysetup-profiler-editor-allocator-block-size=1048576"
    "memorysetup-temp-allocator-size-main=4194304"
    "memorysetup-job-temp-allocator-block-size=2097152"
    "memorysetup-job-temp-allocator-block-size-background=1048576"
    "memorysetup-job-temp-allocator-reduction-small-platforms=262144"
    "memorysetup-allocator-temp-initial-block-size-main=262144"
    "memorysetup-allocator-temp-initial-block-size-worker=262144"
    "memorysetup-temp-allocator-size-background-worker=32768"
    "memorysetup-temp-allocator-size-job-worker=262144"
    "memorysetup-temp-allocator-size-preload-manager=262144"
    "memorysetup-temp-allocator-size-nav-mesh-worker=65536"
    "memorysetup-temp-allocator-size-audio-worker=65536"
    "memorysetup-temp-allocator-size-cloud-worker=32768"
    "memorysetup-temp-allocator-size-gfx=262144"
Remaining time:29s
Found 2 interfaces on host : 0) 10.141.0.31 1) 10.149.0.31
Player connection [140486048538496] Multi-casting "[IP] 10.141.0.31 [Port] 55000 [Flags] 19 [Guid] 484397455 [EditorId] 3765082745 [Version] 1048832 [Id] LinuxPlayer(13,10.141.0.31) [Debug] 0 [PackageName] LinuxPlayer [ProjectName] Opencraft" to [225.0.0.222:54997]...

Direct connection to host time out.
Stopping profiler. Profiler is not able to flush data to a file or socket and exceeded maximum allowed memory for buffering.
Please use Profiler.maxUsedMemory API or -profiler-maxusedmemory command line parameter to increase maximum allowed memory usage.
Using 134234112 bytes while Profiler.maxUsedMemory is 134217728 bytes.
Failed to initialize networking layer after 30 seconds, skipping waiting for connection before starting playback.
Preloaded 'lib_burst_generated.so'
Preloaded 'libwebrtc.so'
[Physics::Module] Initialized MultithreadedJobDispatcher with 47 workers.
Initialize engine version: 2022.3.16f1 (d2c21f0ef2f1)
[Subsystems] Discovering subsystems at path /var/scratch/zmr280/opencraft/opencraft_Data/UnitySubsystems
Forcing GfxDevice: Null
GfxDevice: creating device client; threaded=0; jobified=0
NullGfxDevice:
    Version:  NULL 1.0 [1.0]
    Renderer: Null Device
    Vendor:   Unity Technologies
ERROR: Shader Hidden/Universal Render Pipeline/Blit shader is not supported on this GPU (none of subshaders/fallbacks are suitable)
ERROR: Shader Hidden/Universal Render Pipeline/CopyDepth shader is not supported on this GPU (none of subshaders/fallbacks are suitable)
ERROR: Shader Hidden/Universal Render Pipeline/Sampling shader is not supported on this GPU (none of subshaders/fallbacks are suitable)
ERROR: Shader Hidden/Universal Render Pipeline/LutBuilderLdr shader is not supported on this GPU (none of subshaders/fallbacks are suitable)
ERROR: Shader Hidden/Universal Render Pipeline/LutBuilderHdr shader is not supported on this GPU (none of subshaders/fallbacks are suitable)
ERROR: Shader Hidden/Universal Render Pipeline/UberPost shader is not supported on this GPU (none of subshaders/fallbacks are suitable)
ERROR: Shader Hidden/Universal Render Pipeline/Debug/DebugReplacement shader is not supported on this GPU (none of subshaders/fallbacks are suitable)
ERROR: Shader Hidden/Universal/HDRDebugView shader is not supported on this GPU (none of subshaders/fallbacks are suitable)
WARNING: Shader Unsupported: 'Hidden/Universal Render Pipeline/FallbackError' - All subshaders removed
WARNING: Shader Did you use #pragma only_renderers and omit this platform?
WARNING: Shader If subshaders removal was intentional, you may have forgotten turning Fallback off?
ERROR: Shader Hidden/Universal Render Pipeline/FallbackError shader is not supported on this GPU (none of subshaders/fallbacks are suitable)
WARNING: Shader Unsupported: 'Hidden/Universal Render Pipeline/FallbackError' - All subshaders removed
WARNING: Shader Did you use #pragma only_renderers and omit this platform?
WARNING: Shader If subshaders removal was intentional, you may have forgotten turning Fallback off?
WARNING: Shader Unsupported: 'Hidden/Universal Render Pipeline/StencilDeferred' - All subshaders removed
WARNING: Shader Did you use #pragma only_renderers and omit this platform?
WARNING: Shader If subshaders removal was intentional, you may have forgotten turning Fallback off?
ERROR: Shader Hidden/Universal Render Pipeline/StencilDeferred shader is not supported on this GPU (none of subshaders/fallbacks are suitable)
WARNING: Shader Unsupported: 'Hidden/Universal Render Pipeline/StencilDeferred' - All subshaders removed
WARNING: Shader Did you use #pragma only_renderers and omit this platform?
WARNING: Shader If subshaders removal was intentional, you may have forgotten turning Fallback off?
ERROR: Shader Hidden/Universal Render Pipeline/CameraMotionVectors shader is not supported on this GPU (none of subshaders/fallbacks are suitable)
ERROR: Shader Hidden/Universal Render Pipeline/ObjectMotionVectors shader is not supported on this GPU (none of subshaders/fallbacks are suitable)
ERROR: Shader Hidden/Universal Render Pipeline/LensFlareDataDriven shader is not supported on this GPU (none of subshaders/fallbacks are suitable)
ERROR: Shader Hidden/Universal Render Pipeline/ScreenSpaceAmbientOcclusion shader is not supported on this GPU (none of subshaders/fallbacks are suitable)
ERROR: Shader Hidden/Universal Render Pipeline/Stop NaN shader is not supported on this GPU (none of subshaders/fallbacks are suitable)
ERROR: Shader Hidden/Universal Render Pipeline/SubpixelMorphologicalAntialiasing shader is not supported on this GPU (none of subshaders/fallbacks are suitable)
ERROR: Shader Hidden/Universal Render Pipeline/TemporalAA shader is not supported on this GPU (none of subshaders/fallbacks are suitable)
ERROR: Shader Hidden/Universal Render Pipeline/Scaling Setup shader is not supported on this GPU (none of subshaders/fallbacks are suitable)
ERROR: Shader Hidden/Universal Render Pipeline/Edge Adaptive Spatial Upsampling shader is not supported on this GPU (none of subshaders/fallbacks are suitable)
ERROR: Shader Hidden/Universal Render Pipeline/FinalPost shader is not supported on this GPU (none of subshaders/fallbacks are suitable)
ERROR: Shader Sprites/Default shader is not supported on this GPU (none of subshaders/fallbacks are suitable)
ERROR: Shader Sprites/Mask shader is not supported on this GPU (none of subshaders/fallbacks are suitable)
ERROR: Shader GUI/Text Shader shader is not supported on this GPU (none of subshaders/fallbacks are suitable)
UnloadTime: 1.111695 ms
Parsing args: /var/scratch/zmr280/opencraft/opencraft.x86_64, -batchmode, -nographics, -logStats, True, -serverUrl, 10.141.0.1, -statsFile, /var/scratch/zmr280/runs/players-activeLogic_RollingHills_0x_0z_10p_120s/opencraft_stats/client8.csv, -userID, 8, -playType, Client, -emulationType, Simulation
Setting up worlds with playType Client and streaming role Disabled
Adding type with UniqueSystemAttribute: StatisticsSystem
Adding type with UniqueSystemAttribute: StatisticsSystem
Adding world ClientWorld to update list
Connecting worlds with playType Client and streaming role Disabled
Created connection request for 10.141.0.1:7979
Creating statistics writer!
Recorder [ServerFixedUpdate] is invalid!
UnityEngine.DebugLogHandler:Internal_Log(LogType, LogOption, String, Object)
UnityEngine.DebugLogHandler:LogFormat(LogType, Object, String, Object[])
UnityEngine.Logger:Log(LogType, Object)
UnityEngine.Debug:LogWarning(Object)
PolkaDOTS.Statistics.StatisticsWriter:.ctor()
PolkaDOTS.Statistics.StatisticsWriterInstance:Awake()

Recorder [TerrainGeneration] is invalid!
UnityEngine.DebugLogHandler:Internal_Log(LogType, LogOption, String, Object)
UnityEngine.DebugLogHandler:LogFormat(LogType, Object, String, Object[])
UnityEngine.Logger:Log(LogType, Object)
UnityEngine.Debug:LogWarning(Object)
PolkaDOTS.Statistics.StatisticsWriter:.ctor()
PolkaDOTS.Statistics.StatisticsWriterInstance:Awake()

Recorder [PlayerTerrainGenCheck] is invalid!
UnityEngine.DebugLogHandler:Internal_Log(LogType, LogOption, String, Object)
UnityEngine.DebugLogHandler:LogFormat(LogType, Object, String, Object[])
UnityEngine.Logger:Log(LogType, Object)
UnityEngine.Debug:LogWarning(Object)
PolkaDOTS.Statistics.StatisticsWriter:.ctor()
PolkaDOTS.Statistics.StatisticsWriterInstance:Awake()

Recorder [StructureGeneration] is invalid!
UnityEngine.DebugLogHandler:Internal_Log(LogType, LogOption, String, Object)
UnityEngine.DebugLogHandler:LogFormat(LogType, Object, String, Object[])
UnityEngine.Logger:Log(LogType, Object)
UnityEngine.Debug:LogWarning(Object)
PolkaDOTS.Statistics.StatisticsWriter:.ctor()
PolkaDOTS.Statistics.StatisticsWriterInstance:Awake()

Recorder [TerrainLogicSystem] is invalid!
UnityEngine.DebugLogHandler:Internal_Log(LogType, LogOption, String, Object)
UnityEngine.DebugLogHandler:LogFormat(LogType, Object, String, Object[])
UnityEngine.Logger:Log(LogType, Object)
UnityEngine.Debug:LogWarning(Object)
PolkaDOTS.Statistics.StatisticsWriter:.ctor()
PolkaDOTS.Statistics.StatisticsWriterInstance:Awake()

Recorder [GetUpdates] is invalid!
UnityEngine.DebugLogHandler:Internal_Log(LogType, LogOption, String, Object)
UnityEngine.DebugLogHandler:LogFormat(LogType, Object, String, Object[])
UnityEngine.Logger:Log(LogType, Object)
UnityEngine.Debug:LogWarning(Object)
PolkaDOTS.Statistics.StatisticsWriter:.ctor()
PolkaDOTS.Statistics.StatisticsWriterInstance:Awake()

Recorder [ReevaluatePropagateMarker] is invalid!
UnityEngine.DebugLogHandler:Internal_Log(LogType, LogOption, String, Object)
UnityEngine.DebugLogHandler:LogFormat(LogType, Object, String, Object[])
UnityEngine.Logger:Log(LogType, Object)
UnityEngine.Debug:LogWarning(Object)
PolkaDOTS.Statistics.StatisticsWriter:.ctor()
PolkaDOTS.Statistics.StatisticsWriterInstance:Awake()

Recorder [PropagateLogicState] is invalid!
UnityEngine.DebugLogHandler:Internal_Log(LogType, LogOption, String, Object)
UnityEngine.DebugLogHandler:LogFormat(LogType, Object, String, Object[])
UnityEngine.Logger:Log(LogType, Object)
UnityEngine.Debug:LogWarning(Object)
PolkaDOTS.Statistics.StatisticsWriter:.ctor()
PolkaDOTS.Statistics.StatisticsWriterInstance:Awake()

Recorder [PropInputBlocks] is invalid!
UnityEngine.DebugLogHandler:Internal_Log(LogType, LogOption, String, Object)
UnityEngine.DebugLogHandler:LogFormat(LogType, Object, String, Object[])
UnityEngine.Logger:Log(LogType, Object)
UnityEngine.Debug:LogWarning(Object)
PolkaDOTS.Statistics.StatisticsWriter:.ctor()
PolkaDOTS.Statistics.StatisticsWriterInstance:Awake()

Recorder [PropActiveLogicBlocks] is invalid!
UnityEngine.DebugLogHandler:Internal_Log(LogType, LogOption, String, Object)
UnityEngine.DebugLogHandler:LogFormat(LogType, Object, String, Object[])
UnityEngine.Logger:Log(LogType, Object)
UnityEngine.Debug:LogWarning(Object)
PolkaDOTS.Statistics.StatisticsWriter:.ctor()
PolkaDOTS.Statistics.StatisticsWriterInstance:Awake()

Recorder [CheckGateState] is invalid!
UnityEngine.DebugLogHandler:Internal_Log(LogType, LogOption, String, Object)
UnityEngine.DebugLogHandler:LogFormat(LogType, Object, String, Object[])
UnityEngine.Logger:Log(LogType, Object)
UnityEngine.Debug:LogWarning(Object)
PolkaDOTS.Statistics.StatisticsWriter:.ctor()
PolkaDOTS.Statistics.StatisticsWriterInstance:Awake()

Recorder [GhostSimulationSystemGroup] is invalid!
UnityEngine.DebugLogHandler:Internal_Log(LogType, LogOption, String, Object)
UnityEngine.DebugLogHandler:LogFormat(LogType, Object, String, Object[])
UnityEngine.Logger:Log(LogType, Object)
UnityEngine.Debug:LogWarning(Object)
PolkaDOTS.Statistics.StatisticsWriter:.ctor()
PolkaDOTS.Statistics.StatisticsWriterInstance:Awake()

Recorder [PredictedSimulationSystemGroup] is invalid!
UnityEngine.DebugLogHandler:Internal_Log(LogType, LogOption, String, Object)
UnityEngine.DebugLogHandler:LogFormat(LogType, Object, String, Object[])
UnityEngine.Logger:Log(LogType, Object)
UnityEngine.Debug:LogWarning(Object)
PolkaDOTS.Statistics.StatisticsWriter:.ctor()
PolkaDOTS.Statistics.StatisticsWriterInstance:Awake()

Initializing multiplay!
Found non-specified codec: VP8 Internal video/VP8 implementation_name=Internal
Found codec: VP9 Profile0
Found codec: VP9 Profile2
Found codec: VP9 Profile1
Found codec: VP9 Profile3
Found codec: AV1 Profile0
Found codec: AV1 Profile1
Could not find H264.High as streaming codec!
Adding terrain areas statistics recorders
Streamed scene with   43ms latency from /var/scratch/zmr280/opencraft/opencraft_Data/StreamingAssets/EntityScenes/bea83102298cfb741939cdba85abe535.0.entities
AutoLoading authoring scene in world ClientWorld
[21:15:49.1082710]:[ClientWorld] New connection ID:9
ERROR: Shader Custom/VoxelShader shader is not supported on this GPU (none of subshaders/fallbacks are suitable)
WARNING: Shader Unsupported: 'Hidden/Universal Render Pipeline/FallbackError' - All subshaders removed
WARNING: Shader Did you use #pragma only_renderers and omit this platform?
WARNING: Shader If subshaders removal was intentional, you may have forgotten turning Fallback off?
ERROR: Shader Hidden/Universal Render Pipeline/FallbackError shader is not supported on this GPU (none of subshaders/fallbacks are suitable)
WARNING: Shader Unsupported: 'Hidden/Universal Render Pipeline/FallbackError' - All subshaders removed
WARNING: Shader Did you use #pragma only_renderers and omit this platform?
WARNING: Shader If subshaders removal was intentional, you may have forgotten turning Fallback off?
WARNING: Shader Unsupported: 'Universal Render Pipeline/Lit' - All subshaders removed
WARNING: Shader Did you use #pragma only_renderers and omit this platform?
WARNING: Shader If subshaders removal was intentional, you may have forgotten turning Fallback off?
ERROR: Shader Universal Render Pipeline/Lit shader is not supported on this GPU (none of subshaders/fallbacks are suitable)
WARNING: Shader Unsupported: 'Universal Render Pipeline/Lit' - All subshaders removed
WARNING: Shader Did you use #pragma only_renderers and omit this platform?
WARNING: Shader If subshaders removal was intentional, you may have forgotten turning Fallback off?
WARNING: Shader Unsupported: 'Universal Render Pipeline/Unlit' - All subshaders removed
WARNING: Shader Did you use #pragma only_renderers and omit this platform?
WARNING: Shader If subshaders removal was intentional, you may have forgotten turning Fallback off?
ERROR: Shader Universal Render Pipeline/Unlit shader is not supported on this GPU (none of subshaders/fallbacks are suitable)
WARNING: Shader Unsupported: 'Universal Render Pipeline/Unlit' - All subshaders removed
WARNING: Shader Did you use #pragma only_renderers and omit this platform?
WARNING: Shader If subshaders removal was intentional, you may have forgotten turning Fallback off?
Streamed scene with   36ms latency from /var/scratch/zmr280/opencraft/opencraft_Data/StreamingAssets/EntityScenes/62561c7118c5bbb46929c6bf65331faa.0.entities
Sending start game stream RPC
Emulation type is Idle, Simulation
Creating local player object
Sending spawn player RPC for user 8
ERROR: Shader UI/Default shader is not supported on this GPU (none of subshaders/fallbacks are suitable)
Player 8 has no connection ID!
UnityEngine.DebugLogHandler:Internal_Log(LogType, LogOption, String, Object)
UnityEngine.DebugLogHandler:LogFormat(LogType, Object, String, Object[])
UnityEngine.Logger:Log(LogType, Object)
UnityEngine.Debug:LogWarning(Object)
Opencraft.Player.SamplePlayerInput:OnUpdate(SystemState&)
Opencraft.Player.SamplePlayerInput:__codegen__OnUpdate(IntPtr, IntPtr)

Linking player entity Entity(180:1) to 8@LOCALPLAYER
Player simulation searching for path from float3(0.5f, 42.1f, 0.5f) = int3(0, 42, 0) to int3(2, 42, -4)
Player simulation could not find a path from int3(0, 42, 0) to int3(2, 42, -4), will choose new target
Player simulation searching for path from float3(0.5f, 42.1f, 0.5f) = int3(0, 42, 0) to int3(15, 42, 12)
Player simulation could not find a path from int3(0, 42, 0) to int3(15, 42, 12), will choose new target
Player simulation searching for path from float3(0.5f, 42.1f, 0.5f) = int3(0, 42, 0) to int3(3, 42, -2)
Player simulation could not find a path from int3(0, 42, 0) to int3(3, 42, -2), will choose new target
    3: Could not find target at int3(0, 42, 0)
    4: Could not find target at int3(0, 42, 0)
    5: Could not find target at int3(0, 42, 0)
    6: Could not find target at int3(0, 42, 0)
Player simulation searching for path from float3(0.5f, 42.1f, 0.5f) = int3(0, 42, 0) to int3(0, 42, 4)
Player simulation could not find a path from int3(0, 42, 0) to int3(0, 42, 4), will choose new target
    8: Could not find target at int3(0, 42, 0)
ClientWorld player simulation could not find a path in 9 attempts, waiting to try again
Player simulation searching for path from float3(0.5f, 42.1f, 0.5f) = int3(0, 42, 0) to int3(2, 42, -4)
AStar halted as encountered unloaded blocks, retrying...
Player simulation could not find a path from int3(0, 42, 0) to int3(2, 42, -4), will choose new target
Player simulation searching for path from float3(0.5f, 42.1f, 0.5f) = int3(0, 42, 0) to int3(15, 42, 12)
AStar halted as encountered unloaded blocks, retrying...
Player simulation could not find a path from int3(0, 42, 0) to int3(15, 42, 12), will choose new target
Player simulation searching for path from float3(0.5f, 42.1f, 0.5f) = int3(0, 42, 0) to int3(3, 42, -2)
AStar halted as encountered unloaded blocks, retrying...
Player simulation could not find a path from int3(0, 42, 0) to int3(3, 42, -2), will choose new target
    3: Could not find target at int3(0, 42, 0)
    4: Could not find target at int3(0, 42, 0)
    5: Could not find target at int3(0, 42, 0)
    6: Could not find target at int3(0, 42, 0)
Player simulation searching for path from float3(0.5f, 42.1f, 0.5f) = int3(0, 42, 0) to int3(0, 42, 4)
AStar halted as encountered unloaded blocks, retrying...
Player simulation could not find a path from int3(0, 42, 0) to int3(0, 42, 4), will choose new target
    8: Could not find target at int3(0, 42, 0)
ClientWorld player simulation could not find a path in 9 attempts, waiting to try again
Player simulation searching for path from float3(0.5f, 42.1f, 0.5f) = int3(0, 42, 0) to int3(2, 42, -4)
ClientWorld player simulation set new target int3(2, 42, -4)
ClientWorld player simulation reached target int3(2, 42, -4)
Player simulation searching for path from float3(2.394711f, 42.1f, -3.494711f) = int3(2, 42, -4) to int3(-9, 42, 14)
ClientWorld player simulation set new target int3(-9, 42, 14)
ClientWorld player simulation reached target int3(-9, 42, 14)
Player simulation searching for path from float3(-8.397001f, 42.1f, 14.47f) = int3(-9, 42, 14) to int3(-8, 42, 8)
ClientWorld player simulation set new target int3(-8, 42, 8)
ClientWorld player simulation reached target int3(-8, 42, 8)
Player simulation searching for path from float3(-7.656001f, 42.1f, 8.487f) = int3(-8, 42, 8) to int3(-14, 42, 1)
ClientWorld player simulation set new target int3(-14, 42, 1)
ClientWorld player simulation reached target int3(-14, 42, 1)
Player simulation searching for path from float3(-13.382f, 42.1f, 1.512f) = int3(-14, 42, 1) to int3(-14, 42, 11)
ClientWorld player simulation set new target int3(-14, 42, 11)
ClientWorld player simulation reached target int3(-14, 42, 11)
Player simulation searching for path from float3(-13.523f, 42.1f, 11.395f) = int3(-14, 42, 11) to int3(-7, 42, 11)
ClientWorld player simulation set new target int3(-7, 42, 11)
ClientWorld player simulation reached target int3(-7, 42, 11)
Player simulation searching for path from float3(-6.664868f, 42.1f, 11.46529f) = int3(-7, 42, 11) to int3(-14, 42, -10)
ClientWorld player simulation set new target int3(-14, 42, -10)
ClientWorld player simulation reached target int3(-14, 42, -10)
Player simulation searching for path from float3(-13.327f, 42.1f, -9.47f) = int3(-14, 42, -10) to int3(-2, 42, 7)
ClientWorld player simulation set new target int3(-2, 42, 7)
ClientWorld player simulation reached target int3(-2, 42, 7)
Player simulation searching for path from float3(-1.485f, 42.1f, 7.331f) = int3(-2, 42, 7) to int3(-14, 42, 8)
ClientWorld player simulation set new target int3(-14, 42, 8)
ClientWorld player simulation reached target int3(-14, 42, 8)
Player simulation searching for path from float3(-13.467f, 42.1f, 8.414001f) = int3(-14, 42, 8) to int3(5, 42, -5)
ClientWorld player simulation set new target int3(5, 42, -5)
ClientWorld player simulation reached target int3(5, 42, -5)
Player simulation searching for path from float3(5.351f, 42.1f, -4.487f) = int3(5, 42, -5) to int3(13, 42, -15)
ClientWorld player simulation set new target int3(13, 42, -15)
ClientWorld player simulation reached target int3(13, 42, -15)
Player simulation searching for path from float3(13.521f, 42.1f, -14.354f) = int3(13, 42, -15) to int3(-9, 42, -9)
ClientWorld player simulation set new target int3(-9, 42, -9)
ClientWorld player simulation reached target int3(-9, 42, -9)
Player simulation searching for path from float3(-8.530001f, 42.1f, -8.619999f) = int3(-9, 42, -9) to int3(10, 42, 13)
ClientWorld player simulation set new target int3(10, 42, 13)
ClientWorld player simulation reached target int3(10, 42, 13)
Player simulation searching for path from float3(10.532f, 42.1f, 13.383f) = int3(10, 42, 13) to int3(3, 42, -9)
ClientWorld player simulation set new target int3(3, 42, -9)
ClientWorld player simulation reached target int3(3, 42, -9)
Player simulation searching for path from float3(3.49829f, 42.1f, -8.354712f) = int3(3, 42, -9) to int3(-5, 42, 15)
ClientWorld player simulation set new target int3(-5, 42, 15)
ClientWorld player simulation reached target int3(-5, 42, 15)
Player simulation searching for path from float3(-4.515f, 42.1f, 15.386f) = int3(-5, 42, 15) to int3(-7, 42, -10)
ClientWorld player simulation set new target int3(-7, 42, -10)
ClientWorld player simulation reached target int3(-7, 42, -10)
Player simulation searching for path from float3(-6.522f, 42.1f, -9.338001f) = int3(-7, 42, -10) to int3(5, 42, 8)
ClientWorld player simulation set new target int3(5, 42, 8)
ClientWorld player simulation reached target int3(5, 42, 8)
Player simulation searching for path from float3(5.469f, 42.1f, 8.340001f) = int3(5, 42, 8) to int3(12, 42, 8)
ClientWorld player simulation set new target int3(12, 42, 8)
ClientWorld player simulation reached target int3(12, 42, 8)
Player simulation searching for path from float3(12.352f, 42.1f, 8.481f) = int3(12, 42, 8) to int3(3, 42, -4)
ClientWorld player simulation set new target int3(3, 42, -4)
ClientWorld player simulation reached target int3(3, 42, -4)
Player simulation searching for path from float3(3.619f, 42.1f, -3.518f) = int3(3, 42, -4) to int3(5, 42, 4)
ClientWorld player simulation set new target int3(5, 42, 4)
ClientWorld player simulation reached target int3(5, 42, 4)
Player simulation searching for path from float3(5.572422f, 42.1f, 4.325421f) = int3(5, 42, 4) to int3(-7, 42, -12)
ClientWorld player simulation set new target int3(-7, 42, -12)
ClientWorld player simulation reached target int3(-7, 42, -12)
Player simulation searching for path from float3(-6.365f, 42.1f, -11.498f) = int3(-7, 42, -12) to int3(0, 42, -5)
ClientWorld player simulation set new target int3(0, 42, -5)
ClientWorld player simulation reached target int3(0, 42, -5)
Player simulation searching for path from float3(0.5100001f, 42.1f, -4.682001f) = int3(0, 42, -5) to int3(-2, 42, 8)
ClientWorld player simulation set new target int3(-2, 42, 8)
ClientWorld player simulation reached target int3(-2, 42, 8)
Player simulation searching for path from float3(-1.338711f, 42.1f, 8.483711f) = int3(-2, 42, 8) to int3(4, 42, 3)
ClientWorld player simulation set new target int3(4, 42, 3)
ClientWorld player simulation reached target int3(4, 42, 3)
Player simulation searching for path from float3(4.487f, 42.1f, 3.658f) = int3(4, 42, 3) to int3(2, 42, 2)
ClientWorld player simulation set new target int3(2, 42, 2)
ClientWorld player simulation reached target int3(2, 42, 2)
Player simulation searching for path from float3(2.638579f, 42.1f, 2.533f) = int3(2, 42, 2) to int3(-2, 42, -10)
ClientWorld player simulation set new target int3(-2, 42, -10)
ClientWorld player simulation reached target int3(-2, 42, -10)
Player simulation searching for path from float3(-1.329f, 42.1f, -9.524f) = int3(-2, 42, -10) to int3(2, 42, 12)
ClientWorld player simulation set new target int3(2, 42, 12)
ClientWorld player simulation reached target int3(2, 42, 12)
Player simulation searching for path from float3(2.526422f, 42.1f, 12.33842f) = int3(2, 42, 12) to int3(-9, 42, -14)
ClientWorld player simulation set new target int3(-9, 42, -14)
ClientWorld player simulation reached target int3(-9, 42, -14)
Player simulation searching for path from float3(-8.45729f, 42.1f, -13.30813f) = int3(-9, 42, -14) to int3(-14, 42, -13)
ClientWorld player simulation set new target int3(-14, 42, -13)
ClientWorld player simulation reached target int3(-14, 42, -13)
Player simulation searching for path from float3(-13.523f, 42.1f, -12.608f) = int3(-14, 42, -13) to int3(0, 42, 11)
ClientWorld player simulation set new target int3(0, 42, 11)
ClientWorld player simulation reached target int3(0, 42, 11)
Player simulation searching for path from float3(0.475f, 42.1f, 11.334f) = int3(0, 42, 11) to int3(-4, 42, 5)
ClientWorld player simulation set new target int3(-4, 42, 5)
ClientWorld player simulation reached target int3(-4, 42, 5)
Player simulation searching for path from float3(-3.505f, 42.1f, 5.654001f) = int3(-4, 42, 5) to int3(-2, 42, -9)
ClientWorld player simulation set new target int3(-2, 42, -9)
ClientWorld player simulation reached target int3(-2, 42, -9)
Player simulation searching for path from float3(-1.485f, 42.1f, -8.399001f) = int3(-2, 42, -9) to int3(-4, 42, -13)
ClientWorld player simulation set new target int3(-4, 42, -13)
ClientWorld player simulation reached target int3(-4, 42, -13)
Player simulation searching for path from float3(-3.487f, 42.1f, -12.318f) = int3(-4, 42, -13) to int3(1, 42, 13)
ClientWorld player simulation set new target int3(1, 42, 13)
ClientWorld player simulation reached target int3(1, 42, 13)
Player simulation searching for path from float3(1.351f, 42.1f, 13.469f) = int3(1, 42, 13) to int3(-3, 42, 1)
ClientWorld player simulation set new target int3(-3, 42, 1)
ClientWorld player simulation reached target int3(-3, 42, 1)
Player simulation searching for path from float3(-2.375421f, 42.1f, 1.528f) = int3(-3, 42, 1) to int3(11, 42, -11)
ClientWorld player simulation set new target int3(11, 42, -11)
[21:17:46.9002730]:[ClientWorld] Connection disconnected ID:9 Reason:ClosedByRemote
Caught fatal signal - signo:15 code:0 errno:0 addr:0x15020004ad4a
Obtained 26 stack frames.
#0  0x007fc57379c9c9 in PlayerMain(int, char**)
#1  0x007fc5737914b7 in (Unknown)
#2  0x007fc5714f9c20 in funlockfile
#3  0x007fc499f14771 in GC_malloc_kind_global
#4  0x007fc499ee2389 in il2cpp::vm::Object::AllocatePtrFree(unsigned long, Il2CppClass*)
#5  0x007fc499e4f362 in il2cpp::vm::String::NewSize(int)
#6  0x007fc49d417b7a in String_FastAllocateString_m071BD33B9EFB2375443E1550C028861164D0F104
#7  0x007fc49d67c90b in Number_UInt64ToDecStr_m43F203B15E57E7C38F6682A11880A52D71351AA7
#8  0x007fc49d670267 in Number_FormatInt64_mE70C55E1139AFB6DE50B0A4B3C570CA8040FED6C
#9  0x007fc49d670140 in Int64_ToString_m284E4E55662818E38654309A41C2B07CD436F36B
#10 0x007fc49d8bd7af in StatisticsWriter_Update_m24123BF001E17A5463E4292E5A6CFD276BBDA76C
#11 0x007fc49d8bd523 in StatisticsWriterInstance_Update_m336F478398EDE3BFB1A5F3FBFF6830892C7A1FF0
#12 0x007fc499e88073 in il2cpp::vm::Runtime::InvokeWithThrow(MethodInfo const*, void*, void**)
#13 0x007fc499e87fdb in il2cpp::vm::Runtime::Invoke(MethodInfo const*, void*, void**, Il2CppException**)
#14 0x007fc5736d5f0b in (Unknown)
#15 0x007fc5736e0cd7 in (Unknown)
#16 0x007fc5737079a4 in (Unknown)
#17 0x007fc572f0ac96 in (Unknown)
#18 0x007fc572f0aaae in (Unknown)
#19 0x007fc5732288cd in (Unknown)
#20 0x007fc573214247 in (Unknown)
#21 0x007fc573214201 in (Unknown)
#22 0x007fc573214570 in (Unknown)
#23 0x007fc573793077 in PlayerMain(int, char**)
#24 0x007fc571145493 in __libc_start_main
#25 0x00000000201029 in _start
Setting up 12 worker threads for Enlighten.
Writing stats to file
Calling DomainUnloadOrPlayModeChangeShutdown!
Caught fatal signal - signo:11 code:1 errno:0 addr:0x48
Obtained 25 stack frames.
#0  0x007fc57379c9c9 in PlayerMain(int, char**)
#1  0x007fc5737914b7 in (Unknown)
#2  0x007fc5714f9c20 in funlockfile
#3  0x007fc573154ff3 in (Unknown)
#4  0x007fc573155671 in (Unknown)
#5  0x007fc573135e7a in (Unknown)
#6  0x007fc573b3142e in PlayerMain(int, char**)
#7  0x007fc572ae3426 in (Unknown)
#8  0x007fc49ef6d320 in ContentLoadInterface_ContentFile_UnloadAsync_Injected_mBD2F1D561285B0DE37DCDA4DEA75931201B5E680
#9  0x007fc49ef6c78f in ContentLoadInterface_ContentFile_UnloadAsync_m197A3C60564D4E9F9049BAD57B46FB404A8F17BD
#10 0x007fc49ef6c635 in ContentFile_UnloadAsync_mF35518E83FCF4C1701AF2C6CEBF7E507490481D6
#11 0x007fc49e1e456a in RuntimeContentManager_ReleaseFile_m12EDB377B39EF4D01B3268E711303D79747A4F4C
#12 0x007fc49e1e245c in RuntimeContentManager_ReleaseObjectImpl_m84E24B7727CAA367D95ABC97FC529A5594840414
#13 0x007fc49e1e0ae8 in RuntimeContentManager_Cleanup_m6436DF58ED05204D0A7DFACFB212018BD6B813FD
#14 0x007fc49e1e1f38 in RuntimeContentManager_OnShutdown_m09B1F0AD37BE7168472DDB84F55C43F02CD40113
#15 0x007fc499cdde76 in EventHandler_Invoke_m9D3126CBE291A3E7E7C304094E1DA846832F9B96_Multicast(EventHandler_tC6323FD7E6163F965259C33D72612C0E5B9BAB82*, Il2CppObject*, EventArgs_t37273F03EAC87217701DD431B190FBD84AD7C377*, MethodInfo const*)
#16 0x007fc49d64f7b0 in EventHandler_Invoke_m9D3126CBE291A3E7E7C304094E1DA846832F9B96
#17 0x007fc499e88073 in il2cpp::vm::Runtime::InvokeWithThrow(MethodInfo const*, void*, void**)
#18 0x007fc499e87fdb in il2cpp::vm::Runtime::Invoke(MethodInfo const*, void*, void**, Il2CppException**)
#19 0x007fc499e87b1c in il2cpp::vm::Runtime::Shutdown()
#20 0x007fc5736eaf56 in (Unknown)
#21 0x007fc573226658 in (Unknown)
#22 0x007fc573792ee6 in PlayerMain(int, char**)
#23 0x007fc571145493 in __libc_start_main
#24 0x00000000201029 in _start
