[UnityMemory] Configuration Parameters - Can be set up in boot.config
    "memorysetup-bucket-allocator-granularity=16"
    "memorysetup-bucket-allocator-bucket-count=8"
    "memorysetup-bucket-allocator-block-size=4194304"
    "memorysetup-bucket-allocator-block-count=1"
    "memorysetup-main-allocator-block-size=16777216"
    "memorysetup-thread-allocator-block-size=16777216"
    "memorysetup-gfx-main-allocator-block-size=16777216"
    "memorysetup-gfx-thread-allocator-block-size=16777216"
    "memorysetup-cache-allocator-block-size=4194304"
    "memorysetup-typetree-allocator-block-size=2097152"
    "memorysetup-profiler-bucket-allocator-granularity=16"
    "memorysetup-profiler-bucket-allocator-bucket-count=8"
    "memorysetup-profiler-bucket-allocator-block-size=4194304"
    "memorysetup-profiler-bucket-allocator-block-count=1"
    "memorysetup-profiler-allocator-block-size=16777216"
    "memorysetup-profiler-editor-allocator-block-size=1048576"
    "memorysetup-temp-allocator-size-main=4194304"
    "memorysetup-job-temp-allocator-block-size=2097152"
    "memorysetup-job-temp-allocator-block-size-background=1048576"
    "memorysetup-job-temp-allocator-reduction-small-platforms=262144"
    "memorysetup-allocator-temp-initial-block-size-main=262144"
    "memorysetup-allocator-temp-initial-block-size-worker=262144"
    "memorysetup-temp-allocator-size-background-worker=32768"
    "memorysetup-temp-allocator-size-job-worker=262144"
    "memorysetup-temp-allocator-size-preload-manager=262144"
    "memorysetup-temp-allocator-size-nav-mesh-worker=65536"
    "memorysetup-temp-allocator-size-audio-worker=65536"
    "memorysetup-temp-allocator-size-cloud-worker=32768"
    "memorysetup-temp-allocator-size-gfx=262144"
Remaining time:29s
Found 2 interfaces on host : 0) 10.141.0.2 1) 10.149.0.2
Player connection [140298403704704] Multi-casting "[IP] 10.141.0.2 [Port] 55006 [Flags] 19 [Guid] 3169495327 [EditorId] 3765082745 [Version] 1048832 [Id] LinuxPlayer(13,10.141.0.2) [Debug] 0 [PackageName] LinuxPlayer [ProjectName] Opencraft" to [225.0.0.222:54997]...

Direct connection to host time out.
Stopping profiler. Profiler is not able to flush data to a file or socket and exceeded maximum allowed memory for buffering.
Please use Profiler.maxUsedMemory API or -profiler-maxusedmemory command line parameter to increase maximum allowed memory usage.
Using 134234112 bytes while Profiler.maxUsedMemory is 134217728 bytes.
Failed to initialize networking layer after 30 seconds, skipping waiting for connection before starting playback.
Preloaded 'lib_burst_generated.so'
Preloaded 'libwebrtc.so'
[Physics::Module] Initialized MultithreadedJobDispatcher with 47 workers.
Initialize engine version: 2022.3.16f1 (d2c21f0ef2f1)
[Subsystems] Discovering subsystems at path /var/scratch/zmr280/opencraft/opencraft_Data/UnitySubsystems
Forcing GfxDevice: Null
GfxDevice: creating device client; threaded=0; jobified=0
NullGfxDevice:
    Version:  NULL 1.0 [1.0]
    Renderer: Null Device
    Vendor:   Unity Technologies
ERROR: Shader Hidden/Universal Render Pipeline/Blit shader is not supported on this GPU (none of subshaders/fallbacks are suitable)
ERROR: Shader Hidden/Universal Render Pipeline/CopyDepth shader is not supported on this GPU (none of subshaders/fallbacks are suitable)
ERROR: Shader Hidden/Universal Render Pipeline/Sampling shader is not supported on this GPU (none of subshaders/fallbacks are suitable)
ERROR: Shader Hidden/Universal Render Pipeline/LutBuilderLdr shader is not supported on this GPU (none of subshaders/fallbacks are suitable)
ERROR: Shader Hidden/Universal Render Pipeline/LutBuilderHdr shader is not supported on this GPU (none of subshaders/fallbacks are suitable)
ERROR: Shader Hidden/Universal Render Pipeline/UberPost shader is not supported on this GPU (none of subshaders/fallbacks are suitable)
ERROR: Shader Hidden/Universal Render Pipeline/Debug/DebugReplacement shader is not supported on this GPU (none of subshaders/fallbacks are suitable)
ERROR: Shader Hidden/Universal/HDRDebugView shader is not supported on this GPU (none of subshaders/fallbacks are suitable)
WARNING: Shader Unsupported: 'Hidden/Universal Render Pipeline/FallbackError' - All subshaders removed
WARNING: Shader Did you use #pragma only_renderers and omit this platform?
WARNING: Shader If subshaders removal was intentional, you may have forgotten turning Fallback off?
ERROR: Shader Hidden/Universal Render Pipeline/FallbackError shader is not supported on this GPU (none of subshaders/fallbacks are suitable)
WARNING: Shader Unsupported: 'Hidden/Universal Render Pipeline/FallbackError' - All subshaders removed
WARNING: Shader Did you use #pragma only_renderers and omit this platform?
WARNING: Shader If subshaders removal was intentional, you may have forgotten turning Fallback off?
WARNING: Shader Unsupported: 'Hidden/Universal Render Pipeline/StencilDeferred' - All subshaders removed
WARNING: Shader Did you use #pragma only_renderers and omit this platform?
WARNING: Shader If subshaders removal was intentional, you may have forgotten turning Fallback off?
ERROR: Shader Hidden/Universal Render Pipeline/StencilDeferred shader is not supported on this GPU (none of subshaders/fallbacks are suitable)
WARNING: Shader Unsupported: 'Hidden/Universal Render Pipeline/StencilDeferred' - All subshaders removed
WARNING: Shader Did you use #pragma only_renderers and omit this platform?
WARNING: Shader If subshaders removal was intentional, you may have forgotten turning Fallback off?
ERROR: Shader Hidden/Universal Render Pipeline/CameraMotionVectors shader is not supported on this GPU (none of subshaders/fallbacks are suitable)
ERROR: Shader Hidden/Universal Render Pipeline/ObjectMotionVectors shader is not supported on this GPU (none of subshaders/fallbacks are suitable)
ERROR: Shader Hidden/Universal Render Pipeline/LensFlareDataDriven shader is not supported on this GPU (none of subshaders/fallbacks are suitable)
ERROR: Shader Hidden/Universal Render Pipeline/ScreenSpaceAmbientOcclusion shader is not supported on this GPU (none of subshaders/fallbacks are suitable)
ERROR: Shader Hidden/Universal Render Pipeline/Stop NaN shader is not supported on this GPU (none of subshaders/fallbacks are suitable)
ERROR: Shader Hidden/Universal Render Pipeline/SubpixelMorphologicalAntialiasing shader is not supported on this GPU (none of subshaders/fallbacks are suitable)
ERROR: Shader Hidden/Universal Render Pipeline/TemporalAA shader is not supported on this GPU (none of subshaders/fallbacks are suitable)
ERROR: Shader Hidden/Universal Render Pipeline/Scaling Setup shader is not supported on this GPU (none of subshaders/fallbacks are suitable)
ERROR: Shader Hidden/Universal Render Pipeline/Edge Adaptive Spatial Upsampling shader is not supported on this GPU (none of subshaders/fallbacks are suitable)
ERROR: Shader Hidden/Universal Render Pipeline/FinalPost shader is not supported on this GPU (none of subshaders/fallbacks are suitable)
ERROR: Shader Sprites/Default shader is not supported on this GPU (none of subshaders/fallbacks are suitable)
ERROR: Shader Sprites/Mask shader is not supported on this GPU (none of subshaders/fallbacks are suitable)
ERROR: Shader GUI/Text Shader shader is not supported on this GPU (none of subshaders/fallbacks are suitable)
UnloadTime: 0.976832 ms
Parsing args: /var/scratch/zmr280/opencraft/opencraft.x86_64, -batchmode, -nographics, -logStats, True, -serverUrl, 10.141.0.1, -statsFile, /var/scratch/zmr280/runs/players-activeLogic_2-Layer_6x_6z_80p_120s/opencraft_stats/client61.csv, -userID, 61, -playType, Client, -emulationType, Simulation
Setting up worlds with playType Client and streaming role Disabled
Adding type with UniqueSystemAttribute: StatisticsSystem
Adding type with UniqueSystemAttribute: StatisticsSystem
Failed to create websocket: System.Net.Sockets.SocketException (0x80004005): Address already in use
  at System.Net.Sockets.Socket.Bind (System.Net.EndPoint localEP) [0x00000] in <00000000000000000000000000000000>:0 
  at Unity.NetCode.DebugWebSocket..ctor (System.UInt16 port) [0x00000] in <00000000000000000000000000000000>:0 
  at Unity.NetCode.GhostStatsConnection..ctor () [0x00000] in <00000000000000000000000000000000>:0 
  at Unity.NetCode.GhostStatsFlushSystem.OnCreate () [0x00000] in <00000000000000000000000000000000>:0 
  at Unity.Entities.ComponentSystemBase.CreateInstance (Unity.Entities.World world) [0x00000] in <00000000000000000000000000000000>:0 
  at Unity.Entities.World.AddSystem_OnCreate_Internal (Unity.Entities.ComponentSystemBase system) [0x00000] in <00000000000000000000000000000000>:0 
  at Unity.Entities.World.GetOrCreateSystemsAndLogException (Unity.Collections.NativeList`1[T] types, System.Int32 typesCount, Unity.Collections.AllocatorManager+AllocatorHandle allocator) [0x00000] in <00000000000000000000000000000000>:0 
  at Unity.Entities.World.GetOrCreateSystemsAndLogException (Unity.Collections.NativeList`1[T] types, Unity.Collections.AllocatorManager+AllocatorHandle allocator) [0x00000] in <00000000000000000000000000000000>:0 
  at Unity.Entities.DefaultWorldInitialization.AddSystemToRootLevelSystemGroupsInternal[T] (Unity.Entities.World world, Unity.Collections.NativeList`1[T] systemTypesOrig, Unity.Entities.ComponentSystemGroup defaultGroup, T rootGroups) [0x00000] in <00000000000000000000000000000000>:0 
  at Unity.Entities.DefaultWorldInitialization.AddSystemToRootLevelSystemGroupsInternal (Unity.Entities.World world, Unity.Collections.NativeList`1[T] systemTypesOrig) [0x00000] in <00000000000000000000000000000000>:0 
  at Unity.Entities.DefaultWorldInitialization.AddSystemsToRootLevelSystemGroups (Unity.Entities.World world, System.Collections.Generic.IReadOnlyList`1[T] systemTypes) [0x00000] in <00000000000000000000000000000000>:0 
  at PolkaDOTS.Bootstrap.GameBootstrap.CreateClientWorld (System.String name, Unity.Entities.WorldFlags flags, System.Collections.Generic.IReadOnlyList`1[T] systems) [0x00000] in <00000000000000000000000000000000>:0 
  at PolkaDOTS.Bootstrap.GameBootstrap.CreateDefaultClientWorld (System.String worldName, System.Boolean isHost, System.Boolean isCloudHost) [0x00000] in <00000000000000000000000000000000>:0 
  at PolkaDOTS.Bootstrap.GameBootstrap.SetupWorlds (PolkaDOTS.Deployment.MultiplayStreamingRoles mRole, PolkaDOTS.Bootstrap.GameBootstrap+BootstrapPlayTypes playTypes, Unity.Collections.NativeList`1[Unity.Entities.WorldUnmanaged]& worldReferences, System.Int32 numSimulatedClients, System.Boolean autoStart, System.Boolean autoConnect, System.String serverUrl, System.UInt16 serverPort, System.String signalingUrl, System.String worldName) [0x00000] in <00000000000000000000000000000000>:0 
  at PolkaDOTS.Bootstrap.GameBootstrap.SetupWorldsFromLocalConfig () [0x00000] in <00000000000000000000000000000000>:0 
  at PolkaDOTS.Bootstrap.GameBootstrap.Initialize (System.String defaultWorldName) [0x00000] in <00000000000000000000000000000000>:0 
  at Unity.Entities.CustomWorldInitialization.Initialize (System.String defaultWorldName, System.Boolean editorWorld) [0x00000] in <00000000000000000000000000000000>:0 
  at Unity.Entities.CustomAutomaticWorldBootstrap.Initialize () [0x00000] in <00000000000000000000000000000000>:0 
UnityEngine.DebugLogHandler:Internal_Log(LogType, LogOption, String, Object)
UnityEngine.DebugLogHandler:LogFormat(LogType, Object, String, Object[])
UnityEngine.Logger:Log(LogType, Object)
UnityEngine.Debug:LogError(Object)
Unity.NetCode.DebugWebSocket:.ctor(UInt16)
Unity.NetCode.GhostStatsConnection:.ctor()
Unity.NetCode.GhostStatsFlushSystem:OnCreate()
Unity.Entities.ComponentSystemBase:CreateInstance(World)
Unity.Entities.World:AddSystem_OnCreate_Internal(ComponentSystemBase)
Unity.Entities.World:GetOrCreateSystemsAndLogException(NativeList`1, Int32, AllocatorHandle)
Unity.Entities.World:GetOrCreateSystemsAndLogException(NativeList`1, AllocatorHandle)
Unity.Entities.DefaultWorldInitialization:AddSystemToRootLevelSystemGroupsInternal(World, NativeList`1, ComponentSystemGroup, T)
Unity.Entities.DefaultWorldInitialization:AddSystemToRootLevelSystemGroupsInternal(World, NativeList`1)
Unity.Entities.DefaultWorldInitialization:AddSystemsToRootLevelSystemGroups(World, IReadOnlyList`1)
PolkaDOTS.Bootstrap.GameBootstrap:CreateClientWorld(String, WorldFlags, IReadOnlyList`1)
PolkaDOTS.Bootstrap.GameBootstrap:CreateDefaultClientWorld(String, Boolean, Boolean)
PolkaDOTS.Bootstrap.GameBootstrap:SetupWorlds(MultiplayStreamingRoles, BootstrapPlayTypes, NativeList`1&, Int32, Boolean, Boolean, String, UInt16, String, String)
PolkaDOTS.Bootstrap.GameBootstrap:SetupWorldsFromLocalConfig()
PolkaDOTS.Bootstrap.GameBootstrap:Initialize(String)
Unity.Entities.CustomWorldInitialization:Initialize(String, Boolean)
Unity.Entities.CustomAutomaticWorldBootstrap:Initialize()

Adding world ClientWorld to update list
Connecting worlds with playType Client and streaming role Disabled
Created connection request for 10.141.0.1:7979
Creating statistics writer!
Recorder [ServerFixedUpdate] is invalid!
UnityEngine.DebugLogHandler:Internal_Log(LogType, LogOption, String, Object)
UnityEngine.DebugLogHandler:LogFormat(LogType, Object, String, Object[])
UnityEngine.Logger:Log(LogType, Object)
UnityEngine.Debug:LogWarning(Object)
PolkaDOTS.Statistics.StatisticsWriter:.ctor()
PolkaDOTS.Statistics.StatisticsWriterInstance:Awake()

Recorder [TerrainGeneration] is invalid!
UnityEngine.DebugLogHandler:Internal_Log(LogType, LogOption, String, Object)
UnityEngine.DebugLogHandler:LogFormat(LogType, Object, String, Object[])
UnityEngine.Logger:Log(LogType, Object)
UnityEngine.Debug:LogWarning(Object)
PolkaDOTS.Statistics.StatisticsWriter:.ctor()
PolkaDOTS.Statistics.StatisticsWriterInstance:Awake()

Recorder [PlayerTerrainGenCheck] is invalid!
UnityEngine.DebugLogHandler:Internal_Log(LogType, LogOption, String, Object)
UnityEngine.DebugLogHandler:LogFormat(LogType, Object, String, Object[])
UnityEngine.Logger:Log(LogType, Object)
UnityEngine.Debug:LogWarning(Object)
PolkaDOTS.Statistics.StatisticsWriter:.ctor()
PolkaDOTS.Statistics.StatisticsWriterInstance:Awake()

Recorder [StructureGeneration] is invalid!
UnityEngine.DebugLogHandler:Internal_Log(LogType, LogOption, String, Object)
UnityEngine.DebugLogHandler:LogFormat(LogType, Object, String, Object[])
UnityEngine.Logger:Log(LogType, Object)
UnityEngine.Debug:LogWarning(Object)
PolkaDOTS.Statistics.StatisticsWriter:.ctor()
PolkaDOTS.Statistics.StatisticsWriterInstance:Awake()

Recorder [TerrainLogicSystem] is invalid!
UnityEngine.DebugLogHandler:Internal_Log(LogType, LogOption, String, Object)
UnityEngine.DebugLogHandler:LogFormat(LogType, Object, String, Object[])
UnityEngine.Logger:Log(LogType, Object)
UnityEngine.Debug:LogWarning(Object)
PolkaDOTS.Statistics.StatisticsWriter:.ctor()
PolkaDOTS.Statistics.StatisticsWriterInstance:Awake()

Recorder [GetUpdates] is invalid!
UnityEngine.DebugLogHandler:Internal_Log(LogType, LogOption, String, Object)
UnityEngine.DebugLogHandler:LogFormat(LogType, Object, String, Object[])
UnityEngine.Logger:Log(LogType, Object)
UnityEngine.Debug:LogWarning(Object)
PolkaDOTS.Statistics.StatisticsWriter:.ctor()
PolkaDOTS.Statistics.StatisticsWriterInstance:Awake()

Recorder [ReevaluatePropagateMarker] is invalid!
UnityEngine.DebugLogHandler:Internal_Log(LogType, LogOption, String, Object)
UnityEngine.DebugLogHandler:LogFormat(LogType, Object, String, Object[])
UnityEngine.Logger:Log(LogType, Object)
UnityEngine.Debug:LogWarning(Object)
PolkaDOTS.Statistics.StatisticsWriter:.ctor()
PolkaDOTS.Statistics.StatisticsWriterInstance:Awake()

Recorder [PropagateLogicState] is invalid!
UnityEngine.DebugLogHandler:Internal_Log(LogType, LogOption, String, Object)
UnityEngine.DebugLogHandler:LogFormat(LogType, Object, String, Object[])
UnityEngine.Logger:Log(LogType, Object)
UnityEngine.Debug:LogWarning(Object)
PolkaDOTS.Statistics.StatisticsWriter:.ctor()
PolkaDOTS.Statistics.StatisticsWriterInstance:Awake()

Recorder [PropInputBlocks] is invalid!
UnityEngine.DebugLogHandler:Internal_Log(LogType, LogOption, String, Object)
UnityEngine.DebugLogHandler:LogFormat(LogType, Object, String, Object[])
UnityEngine.Logger:Log(LogType, Object)
UnityEngine.Debug:LogWarning(Object)
PolkaDOTS.Statistics.StatisticsWriter:.ctor()
PolkaDOTS.Statistics.StatisticsWriterInstance:Awake()

Recorder [PropActiveLogicBlocks] is invalid!
UnityEngine.DebugLogHandler:Internal_Log(LogType, LogOption, String, Object)
UnityEngine.DebugLogHandler:LogFormat(LogType, Object, String, Object[])
UnityEngine.Logger:Log(LogType, Object)
UnityEngine.Debug:LogWarning(Object)
PolkaDOTS.Statistics.StatisticsWriter:.ctor()
PolkaDOTS.Statistics.StatisticsWriterInstance:Awake()

Recorder [CheckGateState] is invalid!
UnityEngine.DebugLogHandler:Internal_Log(LogType, LogOption, String, Object)
UnityEngine.DebugLogHandler:LogFormat(LogType, Object, String, Object[])
UnityEngine.Logger:Log(LogType, Object)
UnityEngine.Debug:LogWarning(Object)
PolkaDOTS.Statistics.StatisticsWriter:.ctor()
PolkaDOTS.Statistics.StatisticsWriterInstance:Awake()

Recorder [GhostSimulationSystemGroup] is invalid!
UnityEngine.DebugLogHandler:Internal_Log(LogType, LogOption, String, Object)
UnityEngine.DebugLogHandler:LogFormat(LogType, Object, String, Object[])
UnityEngine.Logger:Log(LogType, Object)
UnityEngine.Debug:LogWarning(Object)
PolkaDOTS.Statistics.StatisticsWriter:.ctor()
PolkaDOTS.Statistics.StatisticsWriterInstance:Awake()

Recorder [PredictedSimulationSystemGroup] is invalid!
UnityEngine.DebugLogHandler:Internal_Log(LogType, LogOption, String, Object)
UnityEngine.DebugLogHandler:LogFormat(LogType, Object, String, Object[])
UnityEngine.Logger:Log(LogType, Object)
UnityEngine.Debug:LogWarning(Object)
PolkaDOTS.Statistics.StatisticsWriter:.ctor()
PolkaDOTS.Statistics.StatisticsWriterInstance:Awake()

Initializing multiplay!
Found non-specified codec: VP8 Internal video/VP8 implementation_name=Internal
Found codec: VP9 Profile0
Found codec: VP9 Profile2
Found codec: VP9 Profile1
Found codec: VP9 Profile3
Found codec: AV1 Profile0
Found codec: AV1 Profile1
Could not find H264.High as streaming codec!
Adding terrain areas statistics recorders
Streamed scene with   38ms latency from /var/scratch/zmr280/opencraft/opencraft_Data/StreamingAssets/EntityScenes/bea83102298cfb741939cdba85abe535.0.entities
AutoLoading authoring scene in world ClientWorld
[23:10:21.6784020]:[ClientWorld] New connection ID:65
ERROR: Shader Custom/VoxelShader shader is not supported on this GPU (none of subshaders/fallbacks are suitable)
WARNING: Shader Unsupported: 'Hidden/Universal Render Pipeline/FallbackError' - All subshaders removed
WARNING: Shader Did you use #pragma only_renderers and omit this platform?
WARNING: Shader If subshaders removal was intentional, you may have forgotten turning Fallback off?
ERROR: Shader Hidden/Universal Render Pipeline/FallbackError shader is not supported on this GPU (none of subshaders/fallbacks are suitable)
WARNING: Shader Unsupported: 'Hidden/Universal Render Pipeline/FallbackError' - All subshaders removed
WARNING: Shader Did you use #pragma only_renderers and omit this platform?
WARNING: Shader If subshaders removal was intentional, you may have forgotten turning Fallback off?
WARNING: Shader Unsupported: 'Universal Render Pipeline/Lit' - All subshaders removed
WARNING: Shader Did you use #pragma only_renderers and omit this platform?
WARNING: Shader If subshaders removal was intentional, you may have forgotten turning Fallback off?
ERROR: Shader Universal Render Pipeline/Lit shader is not supported on this GPU (none of subshaders/fallbacks are suitable)
WARNING: Shader Unsupported: 'Universal Render Pipeline/Lit' - All subshaders removed
WARNING: Shader Did you use #pragma only_renderers and omit this platform?
WARNING: Shader If subshaders removal was intentional, you may have forgotten turning Fallback off?
WARNING: Shader Unsupported: 'Universal Render Pipeline/Unlit' - All subshaders removed
WARNING: Shader Did you use #pragma only_renderers and omit this platform?
WARNING: Shader If subshaders removal was intentional, you may have forgotten turning Fallback off?
ERROR: Shader Universal Render Pipeline/Unlit shader is not supported on this GPU (none of subshaders/fallbacks are suitable)
WARNING: Shader Unsupported: 'Universal Render Pipeline/Unlit' - All subshaders removed
WARNING: Shader Did you use #pragma only_renderers and omit this platform?
WARNING: Shader If subshaders removal was intentional, you may have forgotten turning Fallback off?
Streamed scene with   37ms latency from /var/scratch/zmr280/opencraft/opencraft_Data/StreamingAssets/EntityScenes/62561c7118c5bbb46929c6bf65331faa.0.entities
Sending start game stream RPC
Emulation type is Idle, Simulation
Creating local player object
Sending spawn player RPC for user 61
ERROR: Shader UI/Default shader is not supported on this GPU (none of subshaders/fallbacks are suitable)
Player 61 has no connection ID!
UnityEngine.DebugLogHandler:Internal_Log(LogType, LogOption, String, Object)
UnityEngine.DebugLogHandler:LogFormat(LogType, Object, String, Object[])
UnityEngine.Logger:Log(LogType, Object)
UnityEngine.Debug:LogWarning(Object)
Opencraft.Player.SamplePlayerInput:OnUpdate(SystemState&)
Opencraft.Player.SamplePlayerInput:__codegen__OnUpdate(IntPtr, IntPtr)

Linking player entity Entity(166:1) to 61@LOCALPLAYER
    0: Could not find target at int3(0, 6, 0)
    1: Could not find target at int3(0, 6, 0)
Player simulation searching for path from float3(0.5f, 6.600001f, 0.5f) = int3(0, 6, 0) to int3(6, 7, 9)
Player simulation could not find a path from int3(0, 6, 0) to int3(6, 7, 9), will choose new target
    3: Could not find target at int3(0, 6, 0)
Player simulation searching for path from float3(0.5f, 6.600001f, 0.5f) = int3(0, 6, 0) to int3(0, 7, 9)
Player simulation could not find a path from int3(0, 6, 0) to int3(0, 7, 9), will choose new target
Player simulation searching for path from float3(0.5f, 6.600001f, 0.5f) = int3(0, 6, 0) to int3(2, 7, 3)
Player simulation could not find a path from int3(0, 6, 0) to int3(2, 7, 3), will choose new target
Player simulation searching for path from float3(0.5f, 6.600001f, 0.5f) = int3(0, 6, 0) to int3(14, 7, 3)
Player simulation could not find a path from int3(0, 6, 0) to int3(14, 7, 3), will choose new target
    7: Could not find target at int3(0, 6, 0)
    8: Could not find target at int3(0, 6, 0)
ClientWorld player simulation could not find a path in 9 attempts, waiting to try again
Player simulation searching for path from float3(0.5f, 7.1f, 0.5f) = int3(0, 7, 0) to int3(6, 7, 4)
AStar halted as encountered unloaded blocks, retrying...
Player simulation could not find a path from int3(0, 7, 0) to int3(6, 7, 4), will choose new target
Player simulation searching for path from float3(0.5f, 7.1f, 0.5f) = int3(0, 7, 0) to int3(6, 7, 7)
AStar halted as encountered unloaded blocks, retrying...
Player simulation could not find a path from int3(0, 7, 0) to int3(6, 7, 7), will choose new target
Player simulation searching for path from float3(0.5f, 7.1f, 0.5f) = int3(0, 7, 0) to int3(-12, 7, 14)
AStar halted as encountered unloaded blocks, retrying...
Player simulation could not find a path from int3(0, 7, 0) to int3(-12, 7, 14), will choose new target
Player simulation searching for path from float3(0.5f, 7.1f, 0.5f) = int3(0, 7, 0) to int3(10, 7, -1)
AStar halted as encountered unloaded blocks, retrying...
Player simulation could not find a path from int3(0, 7, 0) to int3(10, 7, -1), will choose new target
Player simulation searching for path from float3(0.5f, 7.1f, 0.5f) = int3(0, 7, 0) to int3(2, 7, 6)
AStar halted as encountered unloaded blocks, retrying...
Player simulation could not find a path from int3(0, 7, 0) to int3(2, 7, 6), will choose new target
    5: Could not find target at int3(0, 7, 0)
Player simulation searching for path from float3(0.5f, 7.1f, 0.5f) = int3(0, 7, 0) to int3(-13, 7, 15)
AStar halted as encountered unloaded blocks, retrying...
Player simulation could not find a path from int3(0, 7, 0) to int3(-13, 7, 15), will choose new target
Player simulation searching for path from float3(0.5f, 7.1f, 0.5f) = int3(0, 7, 0) to int3(0, 7, 14)
AStar halted as encountered unloaded blocks, retrying...
Player simulation could not find a path from int3(0, 7, 0) to int3(0, 7, 14), will choose new target
Player simulation searching for path from float3(0.5f, 7.1f, 0.5f) = int3(0, 7, 0) to int3(1, 7, 9)
AStar halted as encountered unloaded blocks, retrying...
Player simulation could not find a path from int3(0, 7, 0) to int3(1, 7, 9), will choose new target
ClientWorld player simulation could not find a path in 9 attempts, waiting to try again
Player simulation searching for path from float3(0.5f, 7.1f, 0.5f) = int3(0, 7, 0) to int3(6, 7, 4)
ClientWorld player simulation set new target int3(6, 7, 4)
ClientWorld player simulation reached target int3(6, 7, 4)
Player simulation searching for path from float3(6.513843f, 7.1f, 4.313842f) = int3(6, 7, 4) to int3(-4, 7, -1)
ClientWorld player simulation set new target int3(-4, 7, -1)
ClientWorld player simulation reached target int3(-4, 7, -1)
Player simulation searching for path from float3(-3.326f, 7.1f, -0.5190001f) = int3(-4, 7, -1) to int3(14, 7, -12)
ClientWorld player simulation set new target int3(14, 7, -12)
ClientWorld player simulation reached target int3(14, 7, -12)
Player simulation searching for path from float3(14.521f, 7.1f, -11.384f) = int3(14, 7, -12) to int3(-6, 7, -12)
ClientWorld player simulation set new target int3(-6, 7, -12)
ClientWorld player simulation reached target int3(-6, 7, -12)
Player simulation searching for path from float3(-5.32f, 7.1f, -11.525f) = int3(-6, 7, -12) to int3(-1, 7, -2)
ClientWorld player simulation set new target int3(-1, 7, -2)
ClientWorld player simulation reached target int3(-1, 7, -2)
Player simulation searching for path from float3(-0.647f, 7.1f, -1.504f) = int3(-1, 7, -2) to int3(14, 7, -13)
ClientWorld player simulation set new target int3(14, 7, -13)
ClientWorld player simulation reached target int3(14, 7, -13)
Player simulation searching for path from float3(14.37013f, 7.1f, -12.53471f) = int3(14, 7, -13) to int3(-7, 7, 3)
ClientWorld player simulation set new target int3(-7, 7, 3)
ClientWorld player simulation reached target int3(-7, 7, 3)
Player simulation searching for path from float3(-6.46429f, 7.1f, 3.358132f) = int3(-7, 7, 3) to int3(8, 7, 8)
ClientWorld player simulation set new target int3(8, 7, 8)
ClientWorld player simulation reached target int3(8, 7, 8)
Player simulation searching for path from float3(8.345001f, 7.1f, 8.468f) = int3(8, 7, 8) to int3(6, 7, 1)
ClientWorld player simulation set new target int3(6, 7, 1)
ClientWorld player simulation reached target int3(6, 7, 1)
Player simulation searching for path from float3(6.525f, 7.1f, 1.666f) = int3(6, 7, 1) to int3(6, 7, -14)
ClientWorld player simulation set new target int3(6, 7, -14)
ClientWorld player simulation reached target int3(6, 7, -14)
Player simulation searching for path from float3(6.525f, 7.1f, -13.334f) = int3(6, 7, -14) to int3(-12, 7, 2)
ClientWorld player simulation set new target int3(-12, 7, 2)
ClientWorld player simulation reached target int3(-12, 7, 2)
Player simulation searching for path from float3(-11.46258f, 7.1f, 2.361421f) = int3(-12, 7, 2) to int3(13, 7, -13)
ClientWorld player simulation set new target int3(13, 7, -13)
ClientWorld player simulation reached target int3(13, 7, -13)
Player simulation searching for path from float3(13.36513f, 7.1f, -12.47329f) = int3(13, 7, -13) to int3(-4, 7, -11)
ClientWorld player simulation set new target int3(-4, 7, -11)
ClientWorld player simulation reached target int3(-4, 7, -11)
Player simulation searching for path from float3(-3.379f, 7.1f, -10.479f) = int3(-4, 7, -11) to int3(14, 7, 15)
ClientWorld player simulation set new target int3(14, 7, 15)
ClientWorld player simulation reached target int3(14, 7, 15)
Player simulation searching for path from float3(14.51671f, 7.1f, 15.30413f) = int3(14, 7, 15) to int3(-7, 7, 3)
ClientWorld player simulation set new target int3(-7, 7, 3)
ClientWorld player simulation reached target int3(-7, 7, 3)
Player simulation searching for path from float3(-6.38f, 7.1f, 3.473f) = int3(-7, 7, 3) to int3(8, 7, 8)
ClientWorld player simulation set new target int3(8, 7, 8)
ClientWorld player simulation reached target int3(8, 7, 8)
Player simulation searching for path from float3(8.342002f, 7.1f, 8.529f) = int3(8, 7, 8) to int3(6, 7, 1)
ClientWorld player simulation set new target int3(6, 7, 1)
ClientWorld player simulation reached target int3(6, 7, 1)
Player simulation searching for path from float3(6.476f, 7.1f, 1.655579f) = int3(6, 7, 1) to int3(6, 7, -14)
ClientWorld player simulation set new target int3(6, 7, -14)
ClientWorld player simulation reached target int3(6, 7, -14)
Player simulation searching for path from float3(6.476f, 7.1f, -13.344f) = int3(6, 7, -14) to int3(-12, 7, 2)
ClientWorld player simulation set new target int3(-12, 7, 2)
ClientWorld player simulation reached target int3(-12, 7, 2)
Player simulation searching for path from float3(-11.481f, 7.1f, 2.313f) = int3(-12, 7, 2) to int3(13, 7, -13)
ClientWorld player simulation set new target int3(13, 7, -13)
ClientWorld player simulation reached target int3(13, 7, -13)
Player simulation searching for path from float3(13.30242f, 7.1f, -12.495f) = int3(13, 7, -13) to int3(-4, 7, -11)
ClientWorld player simulation set new target int3(-4, 7, -11)
ClientWorld player simulation reached target int3(-4, 7, -11)
Player simulation searching for path from float3(-3.31f, 7.1f, -10.482f) = int3(-4, 7, -11) to int3(14, 7, 15)
ClientWorld player simulation set new target int3(14, 7, 15)
ClientWorld player simulation reached target int3(14, 7, 15)
Player simulation searching for path from float3(14.532f, 7.1f, 15.349f) = int3(14, 7, 15) to int3(-7, 7, 3)
ClientWorld player simulation set new target int3(-7, 7, 3)
ClientWorld player simulation reached target int3(-7, 7, 3)
Player simulation searching for path from float3(-6.317132f, 7.1f, 3.46529f) = int3(-7, 7, 3) to int3(8, 7, 8)
ClientWorld player simulation set new target int3(8, 7, 8)
ClientWorld player simulation reached target int3(8, 7, 8)
Player simulation searching for path from float3(8.356423f, 7.1f, 8.489f) = int3(8, 7, 8) to int3(6, 7, 1)
ClientWorld player simulation set new target int3(6, 7, 1)
ClientWorld player simulation reached target int3(6, 7, 1)
Player simulation searching for path from float3(6.44929f, 7.1f, 1.684289f) = int3(6, 7, 1) to int3(6, 7, -14)
ClientWorld player simulation set new target int3(6, 7, -14)
ClientWorld player simulation reached target int3(6, 7, -14)
Player simulation searching for path from float3(6.52f, 7.1f, -13.386f) = int3(6, 7, -14) to int3(-12, 7, 2)
ClientWorld player simulation set new target int3(-12, 7, 2)
ClientWorld player simulation reached target int3(-12, 7, 2)
Player simulation searching for path from float3(-11.489f, 7.1f, 2.343f) = int3(-12, 7, 2) to int3(13, 7, -13)
ClientWorld player simulation set new target int3(13, 7, -13)
ClientWorld player simulation reached target int3(13, 7, -13)
Player simulation searching for path from float3(13.363f, 7.1f, -12.474f) = int3(13, 7, -13) to int3(-4, 7, -11)
ClientWorld player simulation set new target int3(-4, 7, -11)
ClientWorld player simulation reached target int3(-4, 7, -11)
Player simulation searching for path from float3(-3.391f, 7.1f, -10.479f) = int3(-4, 7, -11) to int3(14, 7, 15)
ClientWorld player simulation set new target int3(14, 7, 15)
[23:12:22.7917020]:[ClientWorld] Connection disconnected ID:65 Reason:ClosedByRemote
Caught fatal signal - signo:15 code:0 errno:0 addr:0x150200087207
Obtained 39 stack frames.
#0  0x007f99c2f8d9c9 in PlayerMain(int, char**)
#1  0x007f99c2f824b7 in (Unknown)
#2  0x007f99c0ceac20 in funlockfile
#3  0x007f98f9f02dd0 in il2cpp::vm::Profiler::MethodEnter(MethodInfo const*)
#4  0x007f98fb07d8a8 in JobStruct_1_Initialize_m8689AB05BF100E5902894E6625BDF4D8CDF9E356_gshared
#5  0x007f98faad6d55 in IJobExtensions_GetReflectionData_TisCompleteReceiveJob_t24F76EDC9987CDDD5FEFC9714E86886E9BCC1F44_m4D0AE2D6472E93096BE214943BC47D8B7EAC7C4E_gshared
#6  0x007f98faadebbd in IJobExtensions_Schedule_TisCompleteReceiveJob_t24F76EDC9987CDDD5FEFC9714E86886E9BCC1F44_m7C4F001A63368A0C89178B53C5C628FA8E337A75_gshared
#7  0x007f98fe89411d in TopLayer_ScheduleReceive_mDCA73F38F75CD071A8C77DA602630E61EA8E7037
#8  0x007f98facf0bb1 in NetworkLayerWrapper_ScheduleReceiveWrapper_TisTopLayer_tE585BE354EB6A9B70674C134A5351972100D15F0_mA280C5CDE3F43F6905FB8BA1F4FFD46644A480F7_gshared
#9  0x007f98f9d99b41 in ReversePInvokeWrapper_ManagedCallWrapper_Method_m264B34032F3ABC391DB4AFBFCFBD0F411BA36AE4
#10 0x007f9960af2a50 in Unity.Networking.Transport.NetworkDriver, Unity.Networking.Transport, Version=0.0.0.0, Culture=neutral, PublicKeyToken=null.ScheduleUpdate(Unity.Networking.Transport.NetworkDriver*, Unity.Networking.Transport, Version=0.0.0.0, Culture=neutral, PublicKeyToken=null this, Unity.Jobs.JobHandle, UnityEngine.CoreModule, Version=0.0.0.0, Culture=neutral, PublicKeyToken=null dependency) -> Unity.Jobs.JobHandle, UnityEngine.CoreModule, Version=0.0.0.0, Culture=neutral, PublicKeyToken=null_362f43fd44a9be961edc90136d9814c5 from Unity.NetCode, Version=0.0.0.0, Culture=neutral, PublicKeyToken=null
#11 0x007f9960aee0a7 in Unity.NetCode.NetworkDriverStore, Unity.NetCode, Version=0.0.0.0, Culture=neutral, PublicKeyToken=null.ScheduleUpdateAllDrivers(Unity.NetCode.NetworkDriverStore*, Unity.NetCode, Version=0.0.0.0, Culture=neutral, PublicKeyToken=null this, Unity.Jobs.JobHandle, UnityEngine.CoreModule, Version=0.0.0.0, Culture=neutral, PublicKeyToken=null dependency) -> Unity.Jobs.JobHandle, UnityEngine.CoreModule, Version=0.0.0.0, Culture=neutral, PublicKeyToken=null_362f43fd44a9be961edc90136d9814c5 from Unity.NetCode, Version=0.0.0.0, Culture=neutral, PublicKeyToken=null
#12 0x007f9960aeee6a in Unity.NetCode.NetworkStreamReceiveSystem, Unity.NetCode, Version=0.0.0.0, Culture=neutral, PublicKeyToken=null.OnUpdate(Unity.NetCode.NetworkStreamReceiveSystem*, Unity.NetCode, Version=0.0.0.0, Culture=neutral, PublicKeyToken=null this, Unity.Entities.SystemState&, Unity.Entities, Version=0.0.0.0, Culture=neutral, PublicKeyToken=null state) -> System.Void, mscorlib, Version=4.0.0.0, Culture=neutral, PublicKeyToken=b77a5c561934e089_362f43fd44a9be961edc90136d9814c5 from Unity.NetCode, Version=0.0.0.0, Culture=neutral, PublicKeyToken=null
#13 0x007f9960aeacf9 in 773a697fbd874c659adc2a66daf876c8_avx2
#14 0x007f99614b6faa in 773a697fbd874c659adc2a66daf876c8
#15 0x007f9960bc7dc1 in Unity.Entities.WorldUnmanagedImpl+UnmanagedUpdate_00001534$BurstDirectCall, Unity.Entities, Version=0.0.0.0, Culture=neutral, PublicKeyToken=null.Invoke(System.Void*, mscorlib, Version=4.0.0.0, Culture=neutral, PublicKeyToken=b77a5c561934e089 pSystemState) -> System.Void, mscorlib, Version=4.0.0.0, Culture=neutral, PublicKeyToken=b77a5c561934e089_362f43fd44a9be961edc90136d9814c5 from Unity.Entities, Version=0.0.0.0, Culture=neutral, PublicKeyToken=null
#16 0x007f9960bc6c59 in 7bf3b3dc1c88cb657fd69b548232391d_avx2
#17 0x007f99614b70aa in 7bf3b3dc1c88cb657fd69b548232391d
#18 0x007f98fe1a0667 in UnmanagedUpdate_00001534U24BurstDirectCall_Invoke_m55B79C7CC8127CC26C857F8B7EF2D354EBB3ADBC
#19 0x007f98fe19d311 in WorldUnmanagedImpl_UnmanagedUpdate_m679FEB4A8B994B459B1A4ADF7BBC58B8187633B6
#20 0x007f98fe19d072 in WorldUnmanagedImpl_UpdateSystem_m542D9AE08601A66843934B06A609FDA778A0670B
#21 0x007f98fe0946d3 in ComponentSystemGroup_UpdateAllSystems_m78B1AA9EAF07133497E9BA556B592AC93935441C
#22 0x007f98fe0944d8 in ComponentSystemGroup_OnUpdate_m83128938DF97469E0D1CB883E5C9000C0C2DA9A7
#23 0x007f98fe2f642f in SystemBase_Update_m795994EE60C054DFA78C313A60ED025B2668C9B4
#24 0x007f98fe094758 in ComponentSystemGroup_UpdateAllSystems_m78B1AA9EAF07133497E9BA556B592AC93935441C
#25 0x007f98fe0944cb in ComponentSystemGroup_OnUpdate_m83128938DF97469E0D1CB883E5C9000C0C2DA9A7
#26 0x007f98fe2f642f in SystemBase_Update_m795994EE60C054DFA78C313A60ED025B2668C9B4
#27 0x007f98fe2e47c6 in DummyDelegateWrapper_TriggerUpdate_m2C37F16899DE9C87FE35B065E0FF7E410E463FE7
#28 0x007f98feffb1a0 in UpdateFunction_Invoke_m9BCEE4E5BEE924EB804DA64314B78D0E831C179B
#29 0x007f98f9e88073 in il2cpp::vm::Runtime::InvokeWithThrow(MethodInfo const*, void*, void**)
#30 0x007f98f9e87fdb in il2cpp::vm::Runtime::Invoke(MethodInfo const*, void*, void**, Il2CppException**)
#31 0x007f99c2ec6f0b in (Unknown)
#32 0x007f99c2ed1cd7 in (Unknown)
#33 0x007f99c2a052e8 in (Unknown)
#34 0x007f99c2a05201 in (Unknown)
#35 0x007f99c2a05570 in (Unknown)
#36 0x007f99c2f84077 in PlayerMain(int, char**)
#37 0x007f99c0936493 in __libc_start_main
#38 0x00000000201029 in _start
Setting up 12 worker threads for Enlighten.
Calling DomainUnloadOrPlayModeChangeShutdown!
Writing stats to file
Caught fatal signal - signo:11 code:1 errno:0 addr:0x48
Obtained 25 stack frames.
#0  0x007f99c2f8d9c9 in PlayerMain(int, char**)
#1  0x007f99c2f824b7 in (Unknown)
#2  0x007f99c0ceac20 in funlockfile
#3  0x007f99c2945ff3 in (Unknown)
#4  0x007f99c2946671 in (Unknown)
#5  0x007f99c2926e7a in (Unknown)
#6  0x007f99c332242e in PlayerMain(int, char**)
#7  0x007f99c22d4426 in (Unknown)
#8  0x007f98fef6d320 in ContentLoadInterface_ContentFile_UnloadAsync_Injected_mBD2F1D561285B0DE37DCDA4DEA75931201B5E680
#9  0x007f98fef6c78f in ContentLoadInterface_ContentFile_UnloadAsync_m197A3C60564D4E9F9049BAD57B46FB404A8F17BD
#10 0x007f98fef6c635 in ContentFile_UnloadAsync_mF35518E83FCF4C1701AF2C6CEBF7E507490481D6
#11 0x007f98fe1e456a in RuntimeContentManager_ReleaseFile_m12EDB377B39EF4D01B3268E711303D79747A4F4C
#12 0x007f98fe1e245c in RuntimeContentManager_ReleaseObjectImpl_m84E24B7727CAA367D95ABC97FC529A5594840414
#13 0x007f98fe1e0ae8 in RuntimeContentManager_Cleanup_m6436DF58ED05204D0A7DFACFB212018BD6B813FD
#14 0x007f98fe1e1f38 in RuntimeContentManager_OnShutdown_m09B1F0AD37BE7168472DDB84F55C43F02CD40113
#15 0x007f98f9cdde76 in EventHandler_Invoke_m9D3126CBE291A3E7E7C304094E1DA846832F9B96_Multicast(EventHandler_tC6323FD7E6163F965259C33D72612C0E5B9BAB82*, Il2CppObject*, EventArgs_t37273F03EAC87217701DD431B190FBD84AD7C377*, MethodInfo const*)
#16 0x007f98fd64f7b0 in EventHandler_Invoke_m9D3126CBE291A3E7E7C304094E1DA846832F9B96
#17 0x007f98f9e88073 in il2cpp::vm::Runtime::InvokeWithThrow(MethodInfo const*, void*, void**)
#18 0x007f98f9e87fdb in il2cpp::vm::Runtime::Invoke(MethodInfo const*, void*, void**, Il2CppException**)
#19 0x007f98f9e87b1c in il2cpp::vm::Runtime::Shutdown()
#20 0x007f99c2edbf56 in (Unknown)
#21 0x007f99c2a17658 in (Unknown)
#22 0x007f99c2f83ee6 in PlayerMain(int, char**)
#23 0x007f99c0936493 in __libc_start_main
#24 0x00000000201029 in _start
