[UnityMemory] Configuration Parameters - Can be set up in boot.config
    "memorysetup-bucket-allocator-granularity=16"
    "memorysetup-bucket-allocator-bucket-count=8"
    "memorysetup-bucket-allocator-block-size=4194304"
    "memorysetup-bucket-allocator-block-count=1"
    "memorysetup-main-allocator-block-size=16777216"
    "memorysetup-thread-allocator-block-size=16777216"
    "memorysetup-gfx-main-allocator-block-size=16777216"
    "memorysetup-gfx-thread-allocator-block-size=16777216"
    "memorysetup-cache-allocator-block-size=4194304"
    "memorysetup-typetree-allocator-block-size=2097152"
    "memorysetup-profiler-bucket-allocator-granularity=16"
    "memorysetup-profiler-bucket-allocator-bucket-count=8"
    "memorysetup-profiler-bucket-allocator-block-size=4194304"
    "memorysetup-profiler-bucket-allocator-block-count=1"
    "memorysetup-profiler-allocator-block-size=16777216"
    "memorysetup-profiler-editor-allocator-block-size=1048576"
    "memorysetup-temp-allocator-size-main=4194304"
    "memorysetup-job-temp-allocator-block-size=2097152"
    "memorysetup-job-temp-allocator-block-size-background=1048576"
    "memorysetup-job-temp-allocator-reduction-small-platforms=262144"
    "memorysetup-allocator-temp-initial-block-size-main=262144"
    "memorysetup-allocator-temp-initial-block-size-worker=262144"
    "memorysetup-temp-allocator-size-background-worker=32768"
    "memorysetup-temp-allocator-size-job-worker=262144"
    "memorysetup-temp-allocator-size-preload-manager=262144"
    "memorysetup-temp-allocator-size-nav-mesh-worker=65536"
    "memorysetup-temp-allocator-size-audio-worker=65536"
    "memorysetup-temp-allocator-size-cloud-worker=32768"
    "memorysetup-temp-allocator-size-gfx=262144"
Remaining time:29s
Found 2 interfaces on host : 0) 10.141.0.1 1) 10.149.0.1
Player connection [139633143144320] Multi-casting "[IP] 10.141.0.1 [Port] 55000 [Flags] 19 [Guid] 475350396 [EditorId] 3765082745 [Version] 1048832 [Id] LinuxPlayer(13,10.141.0.1) [Debug] 0 [PackageName] LinuxPlayer [ProjectName] Opencraft" to [225.0.0.222:54997]...

Direct connection to host time out.
Stopping profiler. Profiler is not able to flush data to a file or socket and exceeded maximum allowed memory for buffering.
Please use Profiler.maxUsedMemory API or -profiler-maxusedmemory command line parameter to increase maximum allowed memory usage.
Using 134234112 bytes while Profiler.maxUsedMemory is 134217728 bytes.
Failed to initialize networking layer after 30 seconds, skipping waiting for connection before starting playback.
Preloaded 'lib_burst_generated.so'
Preloaded 'libwebrtc.so'
[Physics::Module] Initialized MultithreadedJobDispatcher with 47 workers.
Initialize engine version: 2022.3.16f1 (d2c21f0ef2f1)
[Subsystems] Discovering subsystems at path /var/scratch/zmr280/opencraft/opencraft_Data/UnitySubsystems
Forcing GfxDevice: Null
GfxDevice: creating device client; threaded=0; jobified=0
NullGfxDevice:
    Version:  NULL 1.0 [1.0]
    Renderer: Null Device
    Vendor:   Unity Technologies
ERROR: Shader Hidden/Universal Render Pipeline/Blit shader is not supported on this GPU (none of subshaders/fallbacks are suitable)
ERROR: Shader Hidden/Universal Render Pipeline/CopyDepth shader is not supported on this GPU (none of subshaders/fallbacks are suitable)
ERROR: Shader Hidden/Universal Render Pipeline/Sampling shader is not supported on this GPU (none of subshaders/fallbacks are suitable)
ERROR: Shader Hidden/Universal Render Pipeline/LutBuilderLdr shader is not supported on this GPU (none of subshaders/fallbacks are suitable)
ERROR: Shader Hidden/Universal Render Pipeline/LutBuilderHdr shader is not supported on this GPU (none of subshaders/fallbacks are suitable)
ERROR: Shader Hidden/Universal Render Pipeline/UberPost shader is not supported on this GPU (none of subshaders/fallbacks are suitable)
ERROR: Shader Hidden/Universal Render Pipeline/Debug/DebugReplacement shader is not supported on this GPU (none of subshaders/fallbacks are suitable)
ERROR: Shader Hidden/Universal/HDRDebugView shader is not supported on this GPU (none of subshaders/fallbacks are suitable)
WARNING: Shader Unsupported: 'Hidden/Universal Render Pipeline/FallbackError' - All subshaders removed
WARNING: Shader Did you use #pragma only_renderers and omit this platform?
WARNING: Shader If subshaders removal was intentional, you may have forgotten turning Fallback off?
ERROR: Shader Hidden/Universal Render Pipeline/FallbackError shader is not supported on this GPU (none of subshaders/fallbacks are suitable)
WARNING: Shader Unsupported: 'Hidden/Universal Render Pipeline/FallbackError' - All subshaders removed
WARNING: Shader Did you use #pragma only_renderers and omit this platform?
WARNING: Shader If subshaders removal was intentional, you may have forgotten turning Fallback off?
WARNING: Shader Unsupported: 'Hidden/Universal Render Pipeline/StencilDeferred' - All subshaders removed
WARNING: Shader Did you use #pragma only_renderers and omit this platform?
WARNING: Shader If subshaders removal was intentional, you may have forgotten turning Fallback off?
ERROR: Shader Hidden/Universal Render Pipeline/StencilDeferred shader is not supported on this GPU (none of subshaders/fallbacks are suitable)
WARNING: Shader Unsupported: 'Hidden/Universal Render Pipeline/StencilDeferred' - All subshaders removed
WARNING: Shader Did you use #pragma only_renderers and omit this platform?
WARNING: Shader If subshaders removal was intentional, you may have forgotten turning Fallback off?
ERROR: Shader Hidden/Universal Render Pipeline/CameraMotionVectors shader is not supported on this GPU (none of subshaders/fallbacks are suitable)
ERROR: Shader Hidden/Universal Render Pipeline/ObjectMotionVectors shader is not supported on this GPU (none of subshaders/fallbacks are suitable)
ERROR: Shader Hidden/Universal Render Pipeline/LensFlareDataDriven shader is not supported on this GPU (none of subshaders/fallbacks are suitable)
ERROR: Shader Hidden/Universal Render Pipeline/ScreenSpaceAmbientOcclusion shader is not supported on this GPU (none of subshaders/fallbacks are suitable)
ERROR: Shader Hidden/Universal Render Pipeline/Stop NaN shader is not supported on this GPU (none of subshaders/fallbacks are suitable)
ERROR: Shader Hidden/Universal Render Pipeline/SubpixelMorphologicalAntialiasing shader is not supported on this GPU (none of subshaders/fallbacks are suitable)
ERROR: Shader Hidden/Universal Render Pipeline/TemporalAA shader is not supported on this GPU (none of subshaders/fallbacks are suitable)
ERROR: Shader Hidden/Universal Render Pipeline/Scaling Setup shader is not supported on this GPU (none of subshaders/fallbacks are suitable)
ERROR: Shader Hidden/Universal Render Pipeline/Edge Adaptive Spatial Upsampling shader is not supported on this GPU (none of subshaders/fallbacks are suitable)
ERROR: Shader Hidden/Universal Render Pipeline/FinalPost shader is not supported on this GPU (none of subshaders/fallbacks are suitable)
ERROR: Shader Sprites/Default shader is not supported on this GPU (none of subshaders/fallbacks are suitable)
ERROR: Shader Sprites/Mask shader is not supported on this GPU (none of subshaders/fallbacks are suitable)
ERROR: Shader GUI/Text Shader shader is not supported on this GPU (none of subshaders/fallbacks are suitable)
UnloadTime: 0.842029 ms
Parsing args: /var/scratch/zmr280/opencraft/opencraft.x86_64, -batchmode, -nographics, -logStats, True, -terrainType, 1-Layer, -statsFile, /var/scratch/zmr280/runs/players-activeLogic_1-Layer_6x_6z_40p_120s/opencraft_stats/server.csv, -activeLogic, -circuitX, 6, -circuitZ, 6, -playType, Server
Setting up worlds with playType Server and streaming role Disabled
Connecting worlds with playType Server and streaming role Disabled
Created listen request for 0.0.0.0:7979
Creating statistics writer!
Recorder [GhostSimulationSystemGroup] is invalid!
UnityEngine.DebugLogHandler:Internal_Log(LogType, LogOption, String, Object)
UnityEngine.DebugLogHandler:LogFormat(LogType, Object, String, Object[])
UnityEngine.Logger:Log(LogType, Object)
UnityEngine.Debug:LogWarning(Object)
PolkaDOTS.Statistics.StatisticsWriter:.ctor()
PolkaDOTS.Statistics.StatisticsWriterInstance:Awake()

Recorder [PredictedSimulationSystemGroup] is invalid!
UnityEngine.DebugLogHandler:Internal_Log(LogType, LogOption, String, Object)
UnityEngine.DebugLogHandler:LogFormat(LogType, Object, String, Object[])
UnityEngine.Logger:Log(LogType, Object)
UnityEngine.Debug:LogWarning(Object)
PolkaDOTS.Statistics.StatisticsWriter:.ctor()
PolkaDOTS.Statistics.StatisticsWriterInstance:Awake()

Initializing multiplay!
Found non-specified codec: VP8 Internal video/VP8 implementation_name=Internal
Found codec: VP9 Profile0
Found codec: VP9 Profile2
Found codec: VP9 Profile1
Found codec: VP9 Profile3
Found codec: AV1 Profile0
Found codec: AV1 Profile1
Could not find H264.High as streaming codec!
Adding terrain areas statistics recorders
Streamed scene with   37ms latency from /var/scratch/zmr280/opencraft/opencraft_Data/StreamingAssets/EntityScenes/bea83102298cfb741939cdba85abe535.0.entities
AutoLoading authoring scene in world ServerWorld
ERROR: Shader Custom/VoxelShader shader is not supported on this GPU (none of subshaders/fallbacks are suitable)
WARNING: Shader Unsupported: 'Hidden/Universal Render Pipeline/FallbackError' - All subshaders removed
WARNING: Shader Did you use #pragma only_renderers and omit this platform?
WARNING: Shader If subshaders removal was intentional, you may have forgotten turning Fallback off?
ERROR: Shader Hidden/Universal Render Pipeline/FallbackError shader is not supported on this GPU (none of subshaders/fallbacks are suitable)
WARNING: Shader Unsupported: 'Hidden/Universal Render Pipeline/FallbackError' - All subshaders removed
WARNING: Shader Did you use #pragma only_renderers and omit this platform?
WARNING: Shader If subshaders removal was intentional, you may have forgotten turning Fallback off?
WARNING: Shader Unsupported: 'Universal Render Pipeline/Lit' - All subshaders removed
WARNING: Shader Did you use #pragma only_renderers and omit this platform?
WARNING: Shader If subshaders removal was intentional, you may have forgotten turning Fallback off?
ERROR: Shader Universal Render Pipeline/Lit shader is not supported on this GPU (none of subshaders/fallbacks are suitable)
WARNING: Shader Unsupported: 'Universal Render Pipeline/Lit' - All subshaders removed
WARNING: Shader Did you use #pragma only_renderers and omit this platform?
WARNING: Shader If subshaders removal was intentional, you may have forgotten turning Fallback off?
WARNING: Shader Unsupported: 'Universal Render Pipeline/Unlit' - All subshaders removed
WARNING: Shader Did you use #pragma only_renderers and omit this platform?
WARNING: Shader If subshaders removal was intentional, you may have forgotten turning Fallback off?
ERROR: Shader Universal Render Pipeline/Unlit shader is not supported on this GPU (none of subshaders/fallbacks are suitable)
WARNING: Shader Unsupported: 'Universal Render Pipeline/Unlit' - All subshaders removed
WARNING: Shader Did you use #pragma only_renderers and omit this platform?
WARNING: Shader If subshaders removal was intentional, you may have forgotten turning Fallback off?
Streamed scene with   38ms latency from /var/scratch/zmr280/opencraft/opencraft_Data/StreamingAssets/EntityScenes/62561c7118c5bbb46929c6bf65331faa.0.entities
Setting player spawn to 0, 5, 0
TerrainLogicSystem Tick 1
[01:43:59.3685450]:[ServerWorld] New connection ID:1
[01:43:59.4161510]:[ServerWorld] New connection ID:2
[01:43:59.4358770]:[ServerWorld] New connection ID:3
Starting game stream on connection 1!
[01:43:59.4505930]:[ServerWorld] New connection ID:5
[01:43:59.4505930]:[ServerWorld] New connection ID:4
'Spawning a Ghost '' for user '1' on connection '1'!
[01:43:59.4677550]:[ServerWorld] New connection ID:6
[01:43:59.4677550]:[ServerWorld] Connection disconnected ID:0 Reason:ConnectionClose
[01:43:59.4839880]:[ServerWorld] New connection ID:8
[01:43:59.4839880]:[ServerWorld] New connection ID:7
[01:43:59.5022690]:[ServerWorld] New connection ID:9
Starting game stream on connection 2!
Starting game stream on connection 3!
'Spawning a Ghost '' for user '3' on connection '2'!
[01:43:59.5162420]:[ServerWorld] Connection disconnected ID:0 Reason:ConnectionClose
Starting game stream on connection 4!
'Spawning a Ghost '' for user '4' on connection '4'!
'Spawning a Ghost '' for user '5' on connection '3'!
[01:43:59.5349630]:[ServerWorld] Connection disconnected ID:0 Reason:ConnectionClose
[01:43:59.5349630]:[ServerWorld] Connection disconnected ID:0 Reason:ConnectionClose
Starting game stream on connection 5!
Starting game stream on connection 6!
'Spawning a Ghost '' for user '9' on connection '5'!
[01:43:59.5510820]:[ServerWorld] Connection disconnected ID:0 Reason:ConnectionClose
Starting game stream on connection 8!
'Spawning a Ghost '' for user '6' on connection '6'!
[01:43:59.5666280]:[ServerWorld] Connection disconnected ID:0 Reason:ConnectionClose
Starting game stream on connection 7!
Starting game stream on connection 9!
'Spawning a Ghost '' for user '2' on connection '7'!
'Spawning a Ghost '' for user '10' on connection '9'!
'Spawning a Ghost '' for user '8' on connection '8'!
[01:43:59.5854540]:[ServerWorld] Connection disconnected ID:0 Reason:ConnectionClose
[01:43:59.5854540]:[ServerWorld] Connection disconnected ID:0 Reason:ConnectionClose
[01:43:59.5854540]:[ServerWorld] Connection disconnected ID:0 Reason:ConnectionClose
[01:43:59.7495140]:[ServerWorld] New connection ID:10
Starting game stream on connection 10!
'Spawning a Ghost '' for user '7' on connection '10'!
[01:43:59.8854830]:[ServerWorld] Connection disconnected ID:0 Reason:ConnectionClose
TerrainLogicSystem Tick 2
[01:44:02.3846030]:[ServerWorld] New connection ID:11
[01:44:02.4359030]:[ServerWorld] New connection ID:12
Starting game stream on connection 11!
'Spawning a Ghost '' for user '19' on connection '11'!
[01:44:02.4833690]:[ServerWorld] Connection disconnected ID:0 Reason:ConnectionClose
Starting game stream on connection 12!
'Spawning a Ghost '' for user '11' on connection '12'!
[01:44:02.5342220]:[ServerWorld] New connection ID:13
[01:44:02.5342220]:[ServerWorld] Connection disconnected ID:0 Reason:ConnectionClose
[01:44:02.5662460]:[ServerWorld] New connection ID:14
[01:44:02.5662460]:[ServerWorld] New connection ID:15
[01:44:02.5850130]:[ServerWorld] New connection ID:16
Starting game stream on connection 13!
'Spawning a Ghost '' for user '12' on connection '13'!
[01:44:02.6513550]:[ServerWorld] New connection ID:17
[01:44:02.6513550]:[ServerWorld] Connection disconnected ID:0 Reason:ConnectionClose
[01:44:02.6680050]:[ServerWorld] New connection ID:18
Starting game stream on connection 16!
Starting game stream on connection 15!
'Spawning a Ghost '' for user '14' on connection '15'!
[01:44:02.6849180]:[ServerWorld] Connection disconnected ID:0 Reason:ConnectionClose
Starting game stream on connection 14!
'Spawning a Ghost '' for user '15' on connection '16'!
[01:44:02.7025540]:[ServerWorld] Connection disconnected ID:0 Reason:ConnectionClose
'Spawning a Ghost '' for user '17' on connection '14'!
[01:44:02.7174320]:[ServerWorld] Connection disconnected ID:0 Reason:ConnectionClose
[01:44:02.7672870]:[ServerWorld] New connection ID:19
Starting game stream on connection 17!
Starting game stream on connection 18!
'Spawning a Ghost '' for user '18' on connection '17'!
'Spawning a Ghost '' for user '16' on connection '18'!
[01:44:02.7753440]:[ServerWorld] New connection ID:20
[01:44:02.7753440]:[ServerWorld] Connection disconnected ID:0 Reason:ConnectionClose
[01:44:02.7753440]:[ServerWorld] Connection disconnected ID:0 Reason:ConnectionClose
Starting game stream on connection 19!
'Spawning a Ghost '' for user '13' on connection '19'!
[01:44:02.8670470]:[ServerWorld] Connection disconnected ID:0 Reason:ConnectionClose
Starting game stream on connection 20!
'Spawning a Ghost '' for user '20' on connection '20'!
[01:44:02.9367600]:[ServerWorld] Connection disconnected ID:0 Reason:ConnectionClose
[01:44:05.5670510]:[ServerWorld] New connection ID:21
[01:44:05.5825690]:[ServerWorld] New connection ID:22
[01:44:05.6167020]:[ServerWorld] New connection ID:23
[01:44:05.6352040]:[ServerWorld] New connection ID:24
Starting game stream on connection 21!
'Spawning a Ghost '' for user '23' on connection '21'!
[01:44:05.6861190]:[ServerWorld] New connection ID:25
[01:44:05.6861190]:[ServerWorld] New connection ID:26
[01:44:05.6861190]:[ServerWorld] Connection disconnected ID:0 Reason:ConnectionClose
[01:44:05.7012220]:[ServerWorld] New connection ID:27
Starting game stream on connection 24!
Starting game stream on connection 22!
Starting game stream on connection 23!
'Spawning a Ghost '' for user '22' on connection '22'!
'Spawning a Ghost '' for user '26' on connection '23'!
[01:44:05.7161250]:[ServerWorld] New connection ID:28
[01:44:05.7161250]:[ServerWorld] Connection disconnected ID:0 Reason:ConnectionClose
[01:44:05.7161250]:[ServerWorld] Connection disconnected ID:0 Reason:ConnectionClose
'Spawning a Ghost '' for user '29' on connection '24'!
[01:44:05.7348220]:[ServerWorld] New connection ID:29
[01:44:05.7348220]:[ServerWorld] Connection disconnected ID:0 Reason:ConnectionClose
Starting game stream on connection 25!
Starting game stream on connection 26!
'Spawning a Ghost '' for user '25' on connection '26'!
'Spawning a Ghost '' for user '21' on connection '25'!
[01:44:05.8024090]:[ServerWorld] Connection disconnected ID:0 Reason:ConnectionClose
[01:44:05.8024090]:[ServerWorld] Connection disconnected ID:0 Reason:ConnectionClose
Starting game stream on connection 27!
'Spawning a Ghost '' for user '24' on connection '27'!
[01:44:05.8183280]:[ServerWorld] Connection disconnected ID:0 Reason:ConnectionClose
Starting game stream on connection 28!
Starting game stream on connection 29!
'Spawning a Ghost '' for user '30' on connection '28'!
'Spawning a Ghost '' for user '28' on connection '29'!
[01:44:05.8522350]:[ServerWorld] Connection disconnected ID:0 Reason:ConnectionClose
[01:44:05.8522350]:[ServerWorld] Connection disconnected ID:0 Reason:ConnectionClose
[01:44:05.9847840]:[ServerWorld] New connection ID:30
Starting game stream on connection 30!
'Spawning a Ghost '' for user '27' on connection '30'!
[01:44:06.1021470]:[ServerWorld] Connection disconnected ID:0 Reason:ConnectionClose
TerrainLogicSystem Tick 3
[01:44:08.6206910]:[ServerWorld] New connection ID:31
[01:44:08.6206910]:[ServerWorld] New connection ID:32
[01:44:08.6374060]:[ServerWorld] New connection ID:33
[01:44:08.6498270]:[ServerWorld] New connection ID:34
[01:44:08.6677310]:[ServerWorld] New connection ID:35
Starting game stream on connection 32!
[01:44:08.7030150]:[ServerWorld] New connection ID:36
Starting game stream on connection 31!
'Spawning a Ghost '' for user '40' on connection '31'!
'Spawning a Ghost '' for user '31' on connection '32'!
[01:44:08.7270220]:[ServerWorld] Connection disconnected ID:0 Reason:ConnectionClose
[01:44:08.7270220]:[ServerWorld] Connection disconnected ID:0 Reason:ConnectionClose
Starting game stream on connection 33!
Starting game stream on connection 34!
'Spawning a Ghost '' for user '36' on connection '33'!
[01:44:08.7534440]:[ServerWorld] New connection ID:37
[01:44:08.7534440]:[ServerWorld] Connection disconnected ID:0 Reason:ConnectionClose
Starting game stream on connection 35!
'Spawning a Ghost '' for user '35' on connection '34'!
[01:44:08.7668610]:[ServerWorld] New connection ID:38
[01:44:08.7668610]:[ServerWorld] Connection disconnected ID:0 Reason:ConnectionClose
Starting game stream on connection 36!
'Spawning a Ghost '' for user '34' on connection '36'!
'Spawning a Ghost '' for user '37' on connection '35'!
[01:44:08.7845970]:[ServerWorld] Connection disconnected ID:0 Reason:ConnectionClose
[01:44:08.7845970]:[ServerWorld] Connection disconnected ID:0 Reason:ConnectionClose
[01:44:08.8031570]:[ServerWorld] New connection ID:39
[01:44:08.8340950]:[ServerWorld] New connection ID:40
Starting game stream on connection 37!
Starting game stream on connection 38!
'Spawning a Ghost '' for user '32' on connection '38'!
'Spawning a Ghost '' for user '38' on connection '37'!
[01:44:08.8687920]:[ServerWorld] Connection disconnected ID:0 Reason:ConnectionClose
[01:44:08.8687920]:[ServerWorld] Connection disconnected ID:0 Reason:ConnectionClose
Starting game stream on connection 39!
'Spawning a Ghost '' for user '33' on connection '39'!
[01:44:08.9160280]:[ServerWorld] Connection disconnected ID:0 Reason:ConnectionClose
Starting game stream on connection 40!
'Spawning a Ghost '' for user '39' on connection '40'!
[01:44:08.9684380]:[ServerWorld] Connection disconnected ID:0 Reason:ConnectionClose
TerrainLogicSystem Tick 4
TerrainLogicSystem Tick 5
TerrainLogicSystem Tick 6
TerrainLogicSystem Tick 7
TerrainLogicSystem Tick 8
TerrainLogicSystem Tick 9
TerrainLogicSystem Tick 10
TerrainLogicSystem Tick 11
TerrainLogicSystem Tick 12
TerrainLogicSystem Tick 13
TerrainLogicSystem Tick 14
TerrainLogicSystem Tick 15
TerrainLogicSystem Tick 16
TerrainLogicSystem Tick 17
TerrainLogicSystem Tick 18
TerrainLogicSystem Tick 19
TerrainLogicSystem Tick 20
TerrainLogicSystem Tick 21
TerrainLogicSystem Tick 22
TerrainLogicSystem Tick 23
TerrainLogicSystem Tick 24
TerrainLogicSystem Tick 25
TerrainLogicSystem Tick 26
TerrainLogicSystem Tick 27
TerrainLogicSystem Tick 28
TerrainLogicSystem Tick 29
TerrainLogicSystem Tick 30
Caught fatal signal - signo:15 code:0 errno:0 addr:0x15020006d449
Obtained 26 stack frames.
#0  0x007efede5a49c9 in PlayerMain(int, char**)
#1  0x007efede5994b7 in (Unknown)
#2  0x007efedc301c20 in funlockfile
#3  0x007efedc08a8e1 in __memmove_avx_unaligned_erms
#4  0x007efe1cebc60c in Buffer_InternalMemcpy_mFABC315DCD001655DDA90A2531F56366794E72C5
#5  0x007efe1cebc55b in Buffer_Memcpy_m87345ACEE449F8CEA42341BC9F4AFC3743EF96D1
#6  0x007efe1cebcb95 in Buffer_Memmove_mAA31A45BF1B1FA6490F0913B7FB59537767E5EF3
#7  0x007efe1cc165cf in String_wstrcpy_m7F8C35DCD0E2D5AAC35B153EF73E6B0F1501406B
#8  0x007efe1cc164fb in String_FillStringChecked_m3413709C427A00C5AB0F94E659DB63E6B4816D62
#9  0x007efe1cc03599 in String_Concat_m9E3155FB84015C823606188F53B47CB44C444991
#10 0x007efe1d0bc857 in StatisticsWriter_Update_m24123BF001E17A5463E4292E5A6CFD276BBDA76C
#11 0x007efe1d0bc523 in StatisticsWriterInstance_Update_m336F478398EDE3BFB1A5F3FBFF6830892C7A1FF0
#12 0x007efe19687073 in il2cpp::vm::Runtime::InvokeWithThrow(MethodInfo const*, void*, void**)
#13 0x007efe19686fdb in il2cpp::vm::Runtime::Invoke(MethodInfo const*, void*, void**, Il2CppException**)
#14 0x007efede4ddf0b in (Unknown)
#15 0x007efede4e8cd7 in (Unknown)
#16 0x007efede50f9a4 in (Unknown)
#17 0x007efeddd12c96 in (Unknown)
#18 0x007efeddd12aae in (Unknown)
#19 0x007efede0308cd in (Unknown)
#20 0x007efede01c247 in (Unknown)
#21 0x007efede01c201 in (Unknown)
#22 0x007efede01c570 in (Unknown)
#23 0x007efede59b077 in PlayerMain(int, char**)
#24 0x007efedbf4d493 in __libc_start_main
#25 0x00000000201029 in _start
Setting up 12 worker threads for Enlighten.
Writing stats to file
Calling DomainUnloadOrPlayModeChangeShutdown!
Caught fatal signal - signo:11 code:1 errno:0 addr:0x48
Obtained 25 stack frames.
#0  0x007efede5a49c9 in PlayerMain(int, char**)
#1  0x007efede5994b7 in (Unknown)
#2  0x007efedc301c20 in funlockfile
#3  0x007efeddf5cff3 in (Unknown)
#4  0x007efeddf5d671 in (Unknown)
#5  0x007efeddf3de7a in (Unknown)
#6  0x007efede93942e in PlayerMain(int, char**)
#7  0x007efedd8eb426 in (Unknown)
#8  0x007efe1e76c320 in ContentLoadInterface_ContentFile_UnloadAsync_Injected_mBD2F1D561285B0DE37DCDA4DEA75931201B5E680
#9  0x007efe1e76b78f in ContentLoadInterface_ContentFile_UnloadAsync_m197A3C60564D4E9F9049BAD57B46FB404A8F17BD
#10 0x007efe1e76b635 in ContentFile_UnloadAsync_mF35518E83FCF4C1701AF2C6CEBF7E507490481D6
#11 0x007efe1d9e356a in RuntimeContentManager_ReleaseFile_m12EDB377B39EF4D01B3268E711303D79747A4F4C
#12 0x007efe1d9e145c in RuntimeContentManager_ReleaseObjectImpl_m84E24B7727CAA367D95ABC97FC529A5594840414
#13 0x007efe1d9dfae8 in RuntimeContentManager_Cleanup_m6436DF58ED05204D0A7DFACFB212018BD6B813FD
#14 0x007efe1d9e0f38 in RuntimeContentManager_OnShutdown_m09B1F0AD37BE7168472DDB84F55C43F02CD40113
#15 0x007efe194dce76 in EventHandler_Invoke_m9D3126CBE291A3E7E7C304094E1DA846832F9B96_Multicast(EventHandler_tC6323FD7E6163F965259C33D72612C0E5B9BAB82*, Il2CppObject*, EventArgs_t37273F03EAC87217701DD431B190FBD84AD7C377*, MethodInfo const*)
#16 0x007efe1ce4e7b0 in EventHandler_Invoke_m9D3126CBE291A3E7E7C304094E1DA846832F9B96
#17 0x007efe19687073 in il2cpp::vm::Runtime::InvokeWithThrow(MethodInfo const*, void*, void**)
#18 0x007efe19686fdb in il2cpp::vm::Runtime::Invoke(MethodInfo const*, void*, void**, Il2CppException**)
#19 0x007efe19686b1c in il2cpp::vm::Runtime::Shutdown()
#20 0x007efede4f2f56 in (Unknown)
#21 0x007efede02e658 in (Unknown)
#22 0x007efede59aee6 in PlayerMain(int, char**)
#23 0x007efedbf4d493 in __libc_start_main
#24 0x00000000201029 in _start
