[UnityMemory] Configuration Parameters - Can be set up in boot.config
    "memorysetup-bucket-allocator-granularity=16"
    "memorysetup-bucket-allocator-bucket-count=8"
    "memorysetup-bucket-allocator-block-size=4194304"
    "memorysetup-bucket-allocator-block-count=1"
    "memorysetup-main-allocator-block-size=16777216"
    "memorysetup-thread-allocator-block-size=16777216"
    "memorysetup-gfx-main-allocator-block-size=16777216"
    "memorysetup-gfx-thread-allocator-block-size=16777216"
    "memorysetup-cache-allocator-block-size=4194304"
    "memorysetup-typetree-allocator-block-size=2097152"
    "memorysetup-profiler-bucket-allocator-granularity=16"
    "memorysetup-profiler-bucket-allocator-bucket-count=8"
    "memorysetup-profiler-bucket-allocator-block-size=4194304"
    "memorysetup-profiler-bucket-allocator-block-count=1"
    "memorysetup-profiler-allocator-block-size=16777216"
    "memorysetup-profiler-editor-allocator-block-size=1048576"
    "memorysetup-temp-allocator-size-main=4194304"
    "memorysetup-job-temp-allocator-block-size=2097152"
    "memorysetup-job-temp-allocator-block-size-background=1048576"
    "memorysetup-job-temp-allocator-reduction-small-platforms=262144"
    "memorysetup-allocator-temp-initial-block-size-main=262144"
    "memorysetup-allocator-temp-initial-block-size-worker=262144"
    "memorysetup-temp-allocator-size-background-worker=32768"
    "memorysetup-temp-allocator-size-job-worker=262144"
    "memorysetup-temp-allocator-size-preload-manager=262144"
    "memorysetup-temp-allocator-size-nav-mesh-worker=65536"
    "memorysetup-temp-allocator-size-audio-worker=65536"
    "memorysetup-temp-allocator-size-cloud-worker=32768"
    "memorysetup-temp-allocator-size-gfx=262144"
Remaining time:29s
Found 2 interfaces on host : 0) 10.141.0.1 1) 10.149.0.1
Player connection [140317677850496] Multi-casting "[IP] 10.141.0.1 [Port] 55000 [Flags] 19 [Guid] 2359173646 [EditorId] 3988235067 [Version] 1048832 [Id] LinuxPlayer(13,10.141.0.1) [Debug] 0 [PackageName] LinuxPlayer [ProjectName] Opencraft" to [225.0.0.222:54997]...

Direct connection to host time out.
Stopping profiler. Profiler is not able to flush data to a file or socket and exceeded maximum allowed memory for buffering.
Please use Profiler.maxUsedMemory API or -profiler-maxusedmemory command line parameter to increase maximum allowed memory usage.
Using 134234112 bytes while Profiler.maxUsedMemory is 134217728 bytes.
Failed to initialize networking layer after 30 seconds, skipping waiting for connection before starting playback.
Preloaded 'lib_burst_generated.so'
Preloaded 'libwebrtc.so'
[Physics::Module] Initialized MultithreadedJobDispatcher with 47 workers.
Initialize engine version: 2022.3.16f1 (d2c21f0ef2f1)
[Subsystems] Discovering subsystems at path /var/scratch/zmr280/opencraft/opencraft_Data/UnitySubsystems
Forcing GfxDevice: Null
GfxDevice: creating device client; threaded=0; jobified=0
NullGfxDevice:
    Version:  NULL 1.0 [1.0]
    Renderer: Null Device
    Vendor:   Unity Technologies
ERROR: Shader Hidden/Universal Render Pipeline/Blit shader is not supported on this GPU (none of subshaders/fallbacks are suitable)
ERROR: Shader Hidden/Universal Render Pipeline/CopyDepth shader is not supported on this GPU (none of subshaders/fallbacks are suitable)
ERROR: Shader Hidden/Universal Render Pipeline/Sampling shader is not supported on this GPU (none of subshaders/fallbacks are suitable)
ERROR: Shader Hidden/Universal Render Pipeline/LutBuilderLdr shader is not supported on this GPU (none of subshaders/fallbacks are suitable)
ERROR: Shader Hidden/Universal Render Pipeline/LutBuilderHdr shader is not supported on this GPU (none of subshaders/fallbacks are suitable)
ERROR: Shader Hidden/Universal Render Pipeline/UberPost shader is not supported on this GPU (none of subshaders/fallbacks are suitable)
ERROR: Shader Hidden/Universal Render Pipeline/Debug/DebugReplacement shader is not supported on this GPU (none of subshaders/fallbacks are suitable)
ERROR: Shader Hidden/Universal/HDRDebugView shader is not supported on this GPU (none of subshaders/fallbacks are suitable)
WARNING: Shader Unsupported: 'Hidden/Universal Render Pipeline/FallbackError' - All subshaders removed
WARNING: Shader Did you use #pragma only_renderers and omit this platform?
WARNING: Shader If subshaders removal was intentional, you may have forgotten turning Fallback off?
ERROR: Shader Hidden/Universal Render Pipeline/FallbackError shader is not supported on this GPU (none of subshaders/fallbacks are suitable)
WARNING: Shader Unsupported: 'Hidden/Universal Render Pipeline/FallbackError' - All subshaders removed
WARNING: Shader Did you use #pragma only_renderers and omit this platform?
WARNING: Shader If subshaders removal was intentional, you may have forgotten turning Fallback off?
WARNING: Shader Unsupported: 'Hidden/Universal Render Pipeline/StencilDeferred' - All subshaders removed
WARNING: Shader Did you use #pragma only_renderers and omit this platform?
WARNING: Shader If subshaders removal was intentional, you may have forgotten turning Fallback off?
ERROR: Shader Hidden/Universal Render Pipeline/StencilDeferred shader is not supported on this GPU (none of subshaders/fallbacks are suitable)
WARNING: Shader Unsupported: 'Hidden/Universal Render Pipeline/StencilDeferred' - All subshaders removed
WARNING: Shader Did you use #pragma only_renderers and omit this platform?
WARNING: Shader If subshaders removal was intentional, you may have forgotten turning Fallback off?
ERROR: Shader Hidden/Universal Render Pipeline/CameraMotionVectors shader is not supported on this GPU (none of subshaders/fallbacks are suitable)
ERROR: Shader Hidden/Universal Render Pipeline/ObjectMotionVectors shader is not supported on this GPU (none of subshaders/fallbacks are suitable)
ERROR: Shader Hidden/Universal Render Pipeline/LensFlareDataDriven shader is not supported on this GPU (none of subshaders/fallbacks are suitable)
ERROR: Shader Hidden/Universal Render Pipeline/ScreenSpaceAmbientOcclusion shader is not supported on this GPU (none of subshaders/fallbacks are suitable)
ERROR: Shader Hidden/Universal Render Pipeline/Stop NaN shader is not supported on this GPU (none of subshaders/fallbacks are suitable)
ERROR: Shader Hidden/Universal Render Pipeline/SubpixelMorphologicalAntialiasing shader is not supported on this GPU (none of subshaders/fallbacks are suitable)
ERROR: Shader Hidden/Universal Render Pipeline/TemporalAA shader is not supported on this GPU (none of subshaders/fallbacks are suitable)
ERROR: Shader Hidden/Universal Render Pipeline/Scaling Setup shader is not supported on this GPU (none of subshaders/fallbacks are suitable)
ERROR: Shader Hidden/Universal Render Pipeline/Edge Adaptive Spatial Upsampling shader is not supported on this GPU (none of subshaders/fallbacks are suitable)
ERROR: Shader Hidden/Universal Render Pipeline/FinalPost shader is not supported on this GPU (none of subshaders/fallbacks are suitable)
ERROR: Shader Sprites/Default shader is not supported on this GPU (none of subshaders/fallbacks are suitable)
ERROR: Shader Sprites/Mask shader is not supported on this GPU (none of subshaders/fallbacks are suitable)
ERROR: Shader GUI/Text Shader shader is not supported on this GPU (none of subshaders/fallbacks are suitable)
UnloadTime: 1.176647 ms
Parsing args: /var/scratch/zmr280/opencraft/opencraft.x86_64, -batchmode, -nographics, -logStats, True, -terrainType, 5-Layer, -statsFile, /var/scratch/zmr280/runs/pareto-activeLogic_5-Layer_7x_6z_120p_120s/opencraft_stats/server.csv, -activeLogic, -circuitX, 7, -circuitZ, 6, -playType, Server
Setting up worlds with playType Server and streaming role Disabled
Connecting worlds with playType Server and streaming role Disabled
Created listen request for 0.0.0.0:7979
Creating statistics writer!
Recorder [GhostSimulationSystemGroup] is invalid!
UnityEngine.DebugLogHandler:Internal_Log(LogType, LogOption, String, Object)
UnityEngine.DebugLogHandler:LogFormat(LogType, Object, String, Object[])
UnityEngine.Logger:Log(LogType, Object)
UnityEngine.Debug:LogWarning(Object)
PolkaDOTS.Statistics.StatisticsWriter:.ctor()
PolkaDOTS.Statistics.StatisticsWriterInstance:Awake()

Recorder [PredictedSimulationSystemGroup] is invalid!
UnityEngine.DebugLogHandler:Internal_Log(LogType, LogOption, String, Object)
UnityEngine.DebugLogHandler:LogFormat(LogType, Object, String, Object[])
UnityEngine.Logger:Log(LogType, Object)
UnityEngine.Debug:LogWarning(Object)
PolkaDOTS.Statistics.StatisticsWriter:.ctor()
PolkaDOTS.Statistics.StatisticsWriterInstance:Awake()

Initializing multiplay!
Found non-specified codec: VP8 Internal video/VP8 implementation_name=Internal
Found codec: VP9 Profile0
Found codec: VP9 Profile2
Found codec: VP9 Profile1
Found codec: VP9 Profile3
Found codec: AV1 Profile0
Found codec: AV1 Profile1
Could not find H264.High as streaming codec!
Adding terrain areas statistics recorders
Streamed scene with   55ms latency from /var/scratch/zmr280/opencraft/opencraft_Data/StreamingAssets/EntityScenes/bea83102298cfb741939cdba85abe535.0.entities
AutoLoading authoring scene in world ServerWorld
ERROR: Shader Custom/VoxelShader shader is not supported on this GPU (none of subshaders/fallbacks are suitable)
WARNING: Shader Unsupported: 'Hidden/Universal Render Pipeline/FallbackError' - All subshaders removed
WARNING: Shader Did you use #pragma only_renderers and omit this platform?
WARNING: Shader If subshaders removal was intentional, you may have forgotten turning Fallback off?
ERROR: Shader Hidden/Universal Render Pipeline/FallbackError shader is not supported on this GPU (none of subshaders/fallbacks are suitable)
WARNING: Shader Unsupported: 'Hidden/Universal Render Pipeline/FallbackError' - All subshaders removed
WARNING: Shader Did you use #pragma only_renderers and omit this platform?
WARNING: Shader If subshaders removal was intentional, you may have forgotten turning Fallback off?
WARNING: Shader Unsupported: 'Universal Render Pipeline/Lit' - All subshaders removed
WARNING: Shader Did you use #pragma only_renderers and omit this platform?
WARNING: Shader If subshaders removal was intentional, you may have forgotten turning Fallback off?
ERROR: Shader Universal Render Pipeline/Lit shader is not supported on this GPU (none of subshaders/fallbacks are suitable)
WARNING: Shader Unsupported: 'Universal Render Pipeline/Lit' - All subshaders removed
WARNING: Shader Did you use #pragma only_renderers and omit this platform?
WARNING: Shader If subshaders removal was intentional, you may have forgotten turning Fallback off?
WARNING: Shader Unsupported: 'Universal Render Pipeline/Unlit' - All subshaders removed
WARNING: Shader Did you use #pragma only_renderers and omit this platform?
WARNING: Shader If subshaders removal was intentional, you may have forgotten turning Fallback off?
ERROR: Shader Universal Render Pipeline/Unlit shader is not supported on this GPU (none of subshaders/fallbacks are suitable)
WARNING: Shader Unsupported: 'Universal Render Pipeline/Unlit' - All subshaders removed
WARNING: Shader Did you use #pragma only_renderers and omit this platform?
WARNING: Shader If subshaders removal was intentional, you may have forgotten turning Fallback off?
Streamed scene with   44ms latency from /var/scratch/zmr280/opencraft/opencraft_Data/StreamingAssets/EntityScenes/62561c7118c5bbb46929c6bf65331faa.0.entities
Setting player spawn to 0, 13, 0
TerrainLogicSystem Tick 1
[11:39:14.9284220]:[ServerWorld] New connection ID:1
Starting game stream on connection 1!
'Spawning a Ghost '' for user '204' on connection '1'!
[11:39:15.0136720]:[ServerWorld] Connection disconnected ID:0 Reason:ConnectionClose
[11:39:15.4328190]:[ServerWorld] New connection ID:2
Starting game stream on connection 2!
'Spawning a Ghost '' for user '202' on connection '2'!
[11:39:15.5470180]:[ServerWorld] Connection disconnected ID:0 Reason:ConnectionClose
TerrainLogicSystem Tick 2
TerrainLogicSystem Tick 3
TerrainLogicSystem Tick 4
[11:39:24.2476580]:[ServerWorld] Connection disconnected ID:2 Reason:ClosedByRemote
[11:39:25.4808320]:[ServerWorld] Connection disconnected ID:1 Reason:ClosedByRemote
TerrainLogicSystem Tick 5
TerrainLogicSystem Tick 6
TerrainLogicSystem Tick 7
TerrainLogicSystem Tick 8
TerrainLogicSystem Tick 9
[11:39:42.0170310]:[ServerWorld] New connection ID:2
[11:39:42.0463500]:[ServerWorld] New connection ID:1
[11:39:42.0664910]:[ServerWorld] New connection ID:4
[11:39:42.0664910]:[ServerWorld] New connection ID:3
[11:39:42.0807700]:[ServerWorld] New connection ID:5
Starting game stream on connection 2!
'Spawning a Ghost '' for user '4' on connection '2'!
[11:39:42.1162470]:[ServerWorld] Connection disconnected ID:0 Reason:ConnectionClose
[11:39:42.1308680]:[ServerWorld] New connection ID:6
Starting game stream on connection 1!
Starting game stream on connection 4!
Starting game stream on connection 3!
'Spawning a Ghost '' for user '1' on connection '1'!
'Spawning a Ghost '' for user '8' on connection '4'!
'Spawning a Ghost '' for user '5' on connection '3'!
[11:39:42.1458600]:[ServerWorld] Connection disconnected ID:0 Reason:ConnectionClose
[11:39:42.1458600]:[ServerWorld] Connection disconnected ID:0 Reason:ConnectionClose
[11:39:42.1458600]:[ServerWorld] Connection disconnected ID:0 Reason:ConnectionClose
Starting game stream on connection 5!
'Spawning a Ghost '' for user '3' on connection '5'!
[11:39:42.1841930]:[ServerWorld] Connection disconnected ID:0 Reason:ConnectionClose
[11:39:42.1977980]:[ServerWorld] New connection ID:7
Starting game stream on connection 6!
'Spawning a Ghost '' for user '10' on connection '6'!
[11:39:42.2126120]:[ServerWorld] Connection disconnected ID:0 Reason:ConnectionClose
Starting game stream on connection 7!
'Spawning a Ghost '' for user '6' on connection '7'!
[11:39:42.3465090]:[ServerWorld] Connection disconnected ID:0 Reason:ConnectionClose
[11:39:42.3973020]:[ServerWorld] New connection ID:8
Starting game stream on connection 8!
'Spawning a Ghost '' for user '2' on connection '8'!
[11:39:42.5139330]:[ServerWorld] Connection disconnected ID:0 Reason:ConnectionClose
TerrainLogicSystem Tick 10
[11:39:43.5621360]:[ServerWorld] New connection ID:9
[11:39:43.5621360]:[ServerWorld] New connection ID:10
Starting game stream on connection 10!
Starting game stream on connection 9!
'Spawning a Ghost '' for user '7' on connection '9'!
'Spawning a Ghost '' for user '9' on connection '10'!
[11:39:43.6954030]:[ServerWorld] Connection disconnected ID:0 Reason:ConnectionClose
[11:39:43.6954030]:[ServerWorld] Connection disconnected ID:0 Reason:ConnectionClose
[11:39:44.8968410]:[ServerWorld] New connection ID:11
Starting game stream on connection 11!
'Spawning a Ghost '' for user '14' on connection '11'!
[11:39:45.0157880]:[ServerWorld] New connection ID:12
[11:39:45.0157880]:[ServerWorld] Connection disconnected ID:0 Reason:ConnectionClose
Starting game stream on connection 12!
'Spawning a Ghost '' for user '17' on connection '12'!
[11:39:45.1294650]:[ServerWorld] New connection ID:13
[11:39:45.1294650]:[ServerWorld] Connection disconnected ID:0 Reason:ConnectionClose
Starting game stream on connection 13!
'Spawning a Ghost '' for user '15' on connection '13'!
[11:39:45.2292310]:[ServerWorld] Connection disconnected ID:0 Reason:ConnectionClose
[11:39:45.2620830]:[ServerWorld] New connection ID:14
[11:39:45.3150440]:[ServerWorld] New connection ID:15
Starting game stream on connection 14!
'Spawning a Ghost '' for user '11' on connection '14'!
[11:39:45.4003870]:[ServerWorld] Connection disconnected ID:0 Reason:ConnectionClose
[11:39:45.4128950]:[ServerWorld] New connection ID:16
[11:39:45.4128950]:[ServerWorld] New connection ID:17
Starting game stream on connection 15!
'Spawning a Ghost '' for user '18' on connection '15'!
[11:39:45.4291700]:[ServerWorld] New connection ID:18
[11:39:45.4291700]:[ServerWorld] Connection disconnected ID:0 Reason:ConnectionClose
[11:39:45.4807100]:[ServerWorld] New connection ID:19
Starting game stream on connection 18!
'Spawning a Ghost '' for user '20' on connection '18'!
[11:39:45.5316910]:[ServerWorld] Connection disconnected ID:0 Reason:ConnectionClose
Starting game stream on connection 16!
Starting game stream on connection 17!
'Spawning a Ghost '' for user '13' on connection '16'!
'Spawning a Ghost '' for user '19' on connection '17'!
[11:39:45.5453820]:[ServerWorld] Connection disconnected ID:0 Reason:ConnectionClose
[11:39:45.5453820]:[ServerWorld] Connection disconnected ID:0 Reason:ConnectionClose
[11:39:45.6120860]:[ServerWorld] New connection ID:20
Starting game stream on connection 19!
'Spawning a Ghost '' for user '12' on connection '19'!
[11:39:45.6292380]:[ServerWorld] Connection disconnected ID:0 Reason:ConnectionClose
Starting game stream on connection 20!
'Spawning a Ghost '' for user '16' on connection '20'!
[11:39:45.7816690]:[ServerWorld] Connection disconnected ID:0 Reason:ConnectionClose
TerrainLogicSystem Tick 11
[11:39:48.2808100]:[ServerWorld] New connection ID:21
[11:39:48.3144270]:[ServerWorld] New connection ID:22
[11:39:48.3317740]:[ServerWorld] New connection ID:23
[11:39:48.3485800]:[ServerWorld] New connection ID:24
[11:39:48.3809750]:[ServerWorld] New connection ID:25
[11:39:48.3809750]:[ServerWorld] New connection ID:26
Starting game stream on connection 21!
'Spawning a Ghost '' for user '30' on connection '21'!
[11:39:48.3973230]:[ServerWorld] Connection disconnected ID:0 Reason:ConnectionClose
[11:39:48.4136900]:[ServerWorld] New connection ID:27
Starting game stream on connection 22!
'Spawning a Ghost '' for user '28' on connection '22'!
[11:39:48.4311150]:[ServerWorld] New connection ID:28
[11:39:48.4311150]:[ServerWorld] Connection disconnected ID:0 Reason:ConnectionClose
Starting game stream on connection 24!
Starting game stream on connection 23!
'Spawning a Ghost '' for user '27' on connection '23'!
'Spawning a Ghost '' for user '29' on connection '24'!
[11:39:48.4632820]:[ServerWorld] Connection disconnected ID:0 Reason:ConnectionClose
[11:39:48.4632820]:[ServerWorld] Connection disconnected ID:0 Reason:ConnectionClose
Starting game stream on connection 25!
'Spawning a Ghost '' for user '25' on connection '25'!
[11:39:48.4961210]:[ServerWorld] Connection disconnected ID:0 Reason:ConnectionClose
Starting game stream on connection 27!
'Spawning a Ghost '' for user '24' on connection '27'!
[11:39:48.5136310]:[ServerWorld] Connection disconnected ID:0 Reason:ConnectionClose
Starting game stream on connection 26!
'Spawning a Ghost '' for user '21' on connection '26'!
[11:39:48.5311550]:[ServerWorld] New connection ID:29
[11:39:48.5311550]:[ServerWorld] Connection disconnected ID:0 Reason:ConnectionClose
Starting game stream on connection 28!
'Spawning a Ghost '' for user '26' on connection '28'!
[11:39:48.5803960]:[ServerWorld] Connection disconnected ID:0 Reason:ConnectionClose
[11:39:48.6292890]:[ServerWorld] New connection ID:30
Starting game stream on connection 29!
'Spawning a Ghost '' for user '22' on connection '29'!
[11:39:48.6470350]:[ServerWorld] Connection disconnected ID:0 Reason:ConnectionClose
TerrainLogicSystem Tick 12
Starting game stream on connection 30!
'Spawning a Ghost '' for user '23' on connection '30'!
[11:39:48.7407780]:[ServerWorld] Connection disconnected ID:0 Reason:ConnectionClose
[11:39:51.1755410]:[ServerWorld] New connection ID:31
Starting game stream on connection 31!
'Spawning a Ghost '' for user '32' on connection '31'!
[11:39:51.2791110]:[ServerWorld] Connection disconnected ID:0 Reason:ConnectionClose
[11:39:51.3701130]:[ServerWorld] New connection ID:32
[11:39:51.3701130]:[ServerWorld] New connection ID:33
[11:39:51.3795590]:[ServerWorld] New connection ID:34
[11:39:51.3970180]:[ServerWorld] New connection ID:35
[11:39:51.4126180]:[ServerWorld] New connection ID:36
[11:39:51.4298490]:[ServerWorld] New connection ID:37
Starting game stream on connection 32!
Starting game stream on connection 33!
'Spawning a Ghost '' for user '39' on connection '32'!
'Spawning a Ghost '' for user '38' on connection '33'!
[11:39:51.4837080]:[ServerWorld] Connection disconnected ID:0 Reason:ConnectionClose
[11:39:51.4837080]:[ServerWorld] Connection disconnected ID:0 Reason:ConnectionClose
Starting game stream on connection 37!
Starting game stream on connection 34!
Starting game stream on connection 35!
'Spawning a Ghost '' for user '37' on connection '34'!
'Spawning a Ghost '' for user '35' on connection '35'!
[11:39:51.5166590]:[ServerWorld] Connection disconnected ID:0 Reason:ConnectionClose
[11:39:51.5166590]:[ServerWorld] Connection disconnected ID:0 Reason:ConnectionClose
Starting game stream on connection 36!
'Spawning a Ghost '' for user '40' on connection '37'!
[11:39:51.5335780]:[ServerWorld] Connection disconnected ID:0 Reason:ConnectionClose
'Spawning a Ghost '' for user '36' on connection '36'!
[11:39:51.5509750]:[ServerWorld] New connection ID:38
[11:39:51.5509750]:[ServerWorld] Connection disconnected ID:0 Reason:ConnectionClose
[11:39:51.5810150]:[ServerWorld] New connection ID:39
[11:39:51.6475870]:[ServerWorld] New connection ID:40
Starting game stream on connection 38!
'Spawning a Ghost '' for user '31' on connection '38'!
[11:39:51.6797220]:[ServerWorld] Connection disconnected ID:0 Reason:ConnectionClose
Starting game stream on connection 39!
'Spawning a Ghost '' for user '33' on connection '39'!
[11:39:51.7132410]:[ServerWorld] Connection disconnected ID:0 Reason:ConnectionClose
Starting game stream on connection 40!
'Spawning a Ghost '' for user '34' on connection '40'!
[11:39:51.7834430]:[ServerWorld] Connection disconnected ID:0 Reason:ConnectionClose
TerrainLogicSystem Tick 13
[11:39:54.2302150]:[ServerWorld] New connection ID:41
Starting game stream on connection 41!
'Spawning a Ghost '' for user '47' on connection '41'!
[11:39:54.3326740]:[ServerWorld] Connection disconnected ID:0 Reason:ConnectionClose
[11:39:54.3467080]:[ServerWorld] New connection ID:42
[11:39:54.3467080]:[ServerWorld] New connection ID:43
[11:39:54.3792030]:[ServerWorld] New connection ID:44
[11:39:54.3972480]:[ServerWorld] New connection ID:46
[11:39:54.3972480]:[ServerWorld] New connection ID:45
[11:39:54.4152000]:[ServerWorld] New connection ID:47
Starting game stream on connection 42!
'Spawning a Ghost '' for user '42' on connection '42'!
[11:39:54.4457190]:[ServerWorld] Connection disconnected ID:0 Reason:ConnectionClose
Starting game stream on connection 43!
Starting game stream on connection 44!
Starting game stream on connection 45!
'Spawning a Ghost '' for user '50' on connection '43'!
[11:39:54.4653240]:[ServerWorld] Connection disconnected ID:0 Reason:ConnectionClose
Starting game stream on connection 46!
'Spawning a Ghost '' for user '49' on connection '44'!
'Spawning a Ghost '' for user '45' on connection '45'!
[11:39:54.4792450]:[ServerWorld] New connection ID:48
[11:39:54.4792450]:[ServerWorld] Connection disconnected ID:0 Reason:ConnectionClose
[11:39:54.4792450]:[ServerWorld] Connection disconnected ID:0 Reason:ConnectionClose
'Spawning a Ghost '' for user '48' on connection '46'!
[11:39:54.4972660]:[ServerWorld] New connection ID:49
[11:39:54.4972660]:[ServerWorld] Connection disconnected ID:0 Reason:ConnectionClose
Starting game stream on connection 47!
'Spawning a Ghost '' for user '43' on connection '47'!
[11:39:54.5682460]:[ServerWorld] Connection disconnected ID:0 Reason:ConnectionClose
TerrainLogicSystem Tick 14
Starting game stream on connection 48!
Starting game stream on connection 49!
'Spawning a Ghost '' for user '46' on connection '49'!
'Spawning a Ghost '' for user '41' on connection '48'!
[11:39:54.6364030]:[ServerWorld] Connection disconnected ID:0 Reason:ConnectionClose
[11:39:54.6364030]:[ServerWorld] Connection disconnected ID:0 Reason:ConnectionClose
[11:39:54.7148630]:[ServerWorld] New connection ID:50
Starting game stream on connection 50!
'Spawning a Ghost '' for user '44' on connection '50'!
[11:39:54.8311840]:[ServerWorld] Connection disconnected ID:0 Reason:ConnectionClose
TerrainLogicSystem Tick 15
[11:39:57.0490000]:[ServerWorld] New connection ID:51
[11:39:57.0798340]:[ServerWorld] New connection ID:52
[11:39:57.0982350]:[ServerWorld] New connection ID:53
Starting game stream on connection 51!
[11:39:57.1313310]:[ServerWorld] New connection ID:54
'Spawning a Ghost '' for user '60' on connection '51'!
[11:39:57.1490570]:[ServerWorld] Connection disconnected ID:0 Reason:ConnectionClose
[11:39:57.1669790]:[ServerWorld] New connection ID:55
Starting game stream on connection 53!
Starting game stream on connection 52!
[11:39:57.1818950]:[ServerWorld] New connection ID:56
'Spawning a Ghost '' for user '58' on connection '53'!
'Spawning a Ghost '' for user '57' on connection '52'!
[11:39:57.2004580]:[ServerWorld] New connection ID:57
[11:39:57.2004580]:[ServerWorld] Connection disconnected ID:0 Reason:ConnectionClose
[11:39:57.2004580]:[ServerWorld] Connection disconnected ID:0 Reason:ConnectionClose
Starting game stream on connection 54!
'Spawning a Ghost '' for user '59' on connection '54'!
[11:39:57.2470200]:[ServerWorld] New connection ID:58
[11:39:57.2470200]:[ServerWorld] Connection disconnected ID:0 Reason:ConnectionClose
Starting game stream on connection 55!
[11:39:57.2601060]:[ServerWorld] New connection ID:59
'Spawning a Ghost '' for user '53' on connection '55'!
[11:39:57.2722350]:[ServerWorld] Connection disconnected ID:0 Reason:ConnectionClose
Starting game stream on connection 56!
Starting game stream on connection 57!
'Spawning a Ghost '' for user '52' on connection '56'!
'Spawning a Ghost '' for user '56' on connection '57'!
[11:39:57.2818960]:[ServerWorld] New connection ID:60
[11:39:57.2818960]:[ServerWorld] Connection disconnected ID:0 Reason:ConnectionClose
[11:39:57.2818960]:[ServerWorld] Connection disconnected ID:0 Reason:ConnectionClose
Starting game stream on connection 59!
Starting game stream on connection 58!
'Spawning a Ghost '' for user '55' on connection '59'!
[11:39:57.3459910]:[ServerWorld] Connection disconnected ID:0 Reason:ConnectionClose
'Spawning a Ghost '' for user '54' on connection '58'!
[11:39:57.3635580]:[ServerWorld] Connection disconnected ID:0 Reason:ConnectionClose
Starting game stream on connection 60!
'Spawning a Ghost '' for user '51' on connection '60'!
[11:39:57.3989010]:[ServerWorld] Connection disconnected ID:0 Reason:ConnectionClose
TerrainLogicSystem Tick 16
TerrainLogicSystem Tick 17
[11:40:00.0327370]:[ServerWorld] New connection ID:61
[11:40:00.0566550]:[ServerWorld] New connection ID:62
Starting game stream on connection 61!
'Spawning a Ghost '' for user '69' on connection '61'!
[11:40:00.0982330]:[ServerWorld] Connection disconnected ID:0 Reason:ConnectionClose
Starting game stream on connection 62!
[11:40:00.1408280]:[ServerWorld] New connection ID:63
[11:40:00.1408280]:[ServerWorld] New connection ID:64
'Spawning a Ghost '' for user '65' on connection '62'!
[11:40:00.1486000]:[ServerWorld] Connection disconnected ID:0 Reason:ConnectionClose
[11:40:00.1831450]:[ServerWorld] New connection ID:65
[11:40:00.2016770]:[ServerWorld] New connection ID:66
Starting game stream on connection 64!
'Spawning a Ghost '' for user '66' on connection '64'!
[11:40:00.2131180]:[ServerWorld] New connection ID:67
[11:40:00.2131180]:[ServerWorld] Connection disconnected ID:0 Reason:ConnectionClose
Starting game stream on connection 63!
'Spawning a Ghost '' for user '67' on connection '63'!
[11:40:00.2350160]:[ServerWorld] Connection disconnected ID:0 Reason:ConnectionClose
Starting game stream on connection 65!
'Spawning a Ghost '' for user '64' on connection '65'!
[11:40:00.3455370]:[ServerWorld] Connection disconnected ID:0 Reason:ConnectionClose
Starting game stream on connection 66!
[11:40:00.3624040]:[ServerWorld] New connection ID:68
'Spawning a Ghost '' for user '70' on connection '66'!
[11:40:00.3648900]:[ServerWorld] New connection ID:69
[11:40:00.3648900]:[ServerWorld] Connection disconnected ID:0 Reason:ConnectionClose
TerrainLogicSystem Tick 18
Starting game stream on connection 67!
'Spawning a Ghost '' for user '63' on connection '67'!
[11:40:00.4906090]:[ServerWorld] Connection disconnected ID:0 Reason:ConnectionClose
[11:40:00.4925890]:[ServerWorld] New connection ID:70
Starting game stream on connection 68!
'Spawning a Ghost '' for user '62' on connection '68'!
[11:40:00.5032570]:[ServerWorld] Connection disconnected ID:0 Reason:ConnectionClose
Starting game stream on connection 69!
'Spawning a Ghost '' for user '61' on connection '69'!
[11:40:00.5076540]:[ServerWorld] Connection disconnected ID:0 Reason:ConnectionClose
Starting game stream on connection 70!
'Spawning a Ghost '' for user '68' on connection '70'!
[11:40:00.5491170]:[ServerWorld] Connection disconnected ID:0 Reason:ConnectionClose
TerrainLogicSystem Tick 19
TerrainLogicSystem Tick 20
[11:40:03.1014110]:[ServerWorld] New connection ID:71
Starting game stream on connection 71!
'Spawning a Ghost '' for user '73' on connection '71'!
[11:40:03.1800720]:[ServerWorld] Connection disconnected ID:0 Reason:ConnectionClose
[11:40:03.2337810]:[ServerWorld] New connection ID:72
[11:40:03.2337810]:[ServerWorld] New connection ID:73
[11:40:03.2680630]:[ServerWorld] New connection ID:74
[11:40:03.2993050]:[ServerWorld] New connection ID:75
[11:40:03.2993050]:[ServerWorld] New connection ID:76
[11:40:03.2993050]:[ServerWorld] New connection ID:77
[11:40:03.2993050]:[ServerWorld] New connection ID:78
Starting game stream on connection 73!
'Spawning a Ghost '' for user '79' on connection '73'!
[11:40:03.3168390]:[ServerWorld] Connection disconnected ID:0 Reason:ConnectionClose
Starting game stream on connection 72!
'Spawning a Ghost '' for user '80' on connection '72'!
[11:40:03.3302450]:[ServerWorld] Connection disconnected ID:0 Reason:ConnectionClose
[11:40:03.3654690]:[ServerWorld] New connection ID:79
Starting game stream on connection 78!
Starting game stream on connection 74!
'Spawning a Ghost '' for user '77' on connection '74'!
[11:40:03.3818520]:[ServerWorld] Connection disconnected ID:0 Reason:ConnectionClose
Starting game stream on connection 76!
'Spawning a Ghost '' for user '75' on connection '76'!
'Spawning a Ghost '' for user '71' on connection '78'!
[11:40:03.3985900]:[ServerWorld] Connection disconnected ID:0 Reason:ConnectionClose
[11:40:03.3985900]:[ServerWorld] Connection disconnected ID:0 Reason:ConnectionClose
Starting game stream on connection 77!
Starting game stream on connection 75!
'Spawning a Ghost '' for user '78' on connection '75'!
[11:40:03.4130160]:[ServerWorld] Connection disconnected ID:0 Reason:ConnectionClose
'Spawning a Ghost '' for user '76' on connection '77'!
[11:40:03.4323610]:[ServerWorld] New connection ID:80
[11:40:03.4323610]:[ServerWorld] Connection disconnected ID:0 Reason:ConnectionClose
Starting game stream on connection 79!
'Spawning a Ghost '' for user '74' on connection '79'!
[11:40:03.4819550]:[ServerWorld] Connection disconnected ID:0 Reason:ConnectionClose
Starting game stream on connection 80!
'Spawning a Ghost '' for user '72' on connection '80'!
[11:40:03.5513610]:[ServerWorld] Connection disconnected ID:0 Reason:ConnectionClose
TerrainLogicSystem Tick 21
TerrainLogicSystem Tick 22
[11:40:05.9757650]:[ServerWorld] New connection ID:81
[11:40:05.9857880]:[ServerWorld] New connection ID:82
[11:40:06.0168360]:[ServerWorld] New connection ID:83
Starting game stream on connection 81!
Starting game stream on connection 82!
'Spawning a Ghost '' for user '85' on connection '81'!
[11:40:06.0804500]:[ServerWorld] New connection ID:84
[11:40:06.0804500]:[ServerWorld] New connection ID:85
[11:40:06.0804500]:[ServerWorld] Connection disconnected ID:0 Reason:ConnectionClose
'Spawning a Ghost '' for user '87' on connection '82'!
[11:40:06.0972020]:[ServerWorld] New connection ID:86
[11:40:06.0972020]:[ServerWorld] Connection disconnected ID:0 Reason:ConnectionClose
Starting game stream on connection 83!
'Spawning a Ghost '' for user '88' on connection '83'!
[11:40:06.1144940]:[ServerWorld] Connection disconnected ID:0 Reason:ConnectionClose
[11:40:06.1324860]:[ServerWorld] New connection ID:87
[11:40:06.1474610]:[ServerWorld] New connection ID:88
Starting game stream on connection 84!
'Spawning a Ghost '' for user '86' on connection '84'!
[11:40:06.1642970]:[ServerWorld] New connection ID:89
[11:40:06.1642970]:[ServerWorld] Connection disconnected ID:0 Reason:ConnectionClose
Starting game stream on connection 86!
'Spawning a Ghost '' for user '90' on connection '86'!
[11:40:06.2924770]:[ServerWorld] Connection disconnected ID:0 Reason:ConnectionClose
Starting game stream on connection 85!
'Spawning a Ghost '' for user '81' on connection '85'!
[11:40:06.3272880]:[ServerWorld] Connection disconnected ID:0 Reason:ConnectionClose
Starting game stream on connection 87!
Starting game stream on connection 88!
'Spawning a Ghost '' for user '82' on connection '87'!
'Spawning a Ghost '' for user '89' on connection '88'!
[11:40:06.3295730]:[ServerWorld] Connection disconnected ID:0 Reason:ConnectionClose
[11:40:06.3295730]:[ServerWorld] Connection disconnected ID:0 Reason:ConnectionClose
Starting game stream on connection 89!
'Spawning a Ghost '' for user '83' on connection '89'!
[11:40:06.3316880]:[ServerWorld] Connection disconnected ID:0 Reason:ConnectionClose
TerrainLogicSystem Tick 23
[11:40:06.4055720]:[ServerWorld] New connection ID:90
Starting game stream on connection 90!
'Spawning a Ghost '' for user '84' on connection '90'!
[11:40:06.4475600]:[ServerWorld] Connection disconnected ID:0 Reason:ConnectionClose
TerrainLogicSystem Tick 24
TerrainLogicSystem Tick 25
TerrainLogicSystem Tick 26
[11:40:08.9106380]:[ServerWorld] New connection ID:91
Starting game stream on connection 91!
'Spawning a Ghost '' for user '94' on connection '91'!
[11:40:08.9486380]:[ServerWorld] Connection disconnected ID:0 Reason:ConnectionClose
[11:40:08.9640210]:[ServerWorld] New connection ID:92
Starting game stream on connection 92!
[11:40:09.0513690]:[ServerWorld] New connection ID:93
'Spawning a Ghost '' for user '97' on connection '92'!
[11:40:09.0659760]:[ServerWorld] New connection ID:94
[11:40:09.0659760]:[ServerWorld] Connection disconnected ID:0 Reason:ConnectionClose
[11:40:09.0833770]:[ServerWorld] New connection ID:96
[11:40:09.0833770]:[ServerWorld] New connection ID:95
[11:40:09.0962130]:[ServerWorld] New connection ID:97
[11:40:09.1305820]:[ServerWorld] New connection ID:98
Starting game stream on connection 93!
Starting game stream on connection 94!
'Spawning a Ghost '' for user '96' on connection '93'!
[11:40:09.1483400]:[ServerWorld] Connection disconnected ID:0 Reason:ConnectionClose
'Spawning a Ghost '' for user '92' on connection '94'!
[11:40:09.1650940]:[ServerWorld] Connection disconnected ID:0 Reason:ConnectionClose
Starting game stream on connection 97!
Starting game stream on connection 95!
Starting game stream on connection 96!
'Spawning a Ghost '' for user '95' on connection '95'!
'Spawning a Ghost '' for user '93' on connection '96'!
'Spawning a Ghost '' for user '98' on connection '97'!
[11:40:09.1992330]:[ServerWorld] Connection disconnected ID:0 Reason:ConnectionClose
[11:40:09.1992330]:[ServerWorld] Connection disconnected ID:0 Reason:ConnectionClose
[11:40:09.1992330]:[ServerWorld] Connection disconnected ID:0 Reason:ConnectionClose
Starting game stream on connection 98!
'Spawning a Ghost '' for user '99' on connection '98'!
[11:40:09.2669280]:[ServerWorld] Connection disconnected ID:0 Reason:ConnectionClose
[11:40:09.3674470]:[ServerWorld] New connection ID:99
Starting game stream on connection 99!
'Spawning a Ghost '' for user '91' on connection '99'!
[11:40:09.4986060]:[ServerWorld] Connection disconnected ID:0 Reason:ConnectionClose
[11:40:09.9803700]:[ServerWorld] New connection ID:100
TerrainLogicSystem Tick 27
Starting game stream on connection 100!
'Spawning a Ghost '' for user '100' on connection '100'!
[11:40:10.1220780]:[ServerWorld] Connection disconnected ID:0 Reason:ConnectionClose
TerrainLogicSystem Tick 28
TerrainLogicSystem Tick 29
[11:40:11.8812920]:[ServerWorld] New connection ID:101
Starting game stream on connection 101!
'Spawning a Ghost '' for user '104' on connection '101'!
[11:40:11.9838190]:[ServerWorld] New connection ID:102
[11:40:11.9838190]:[ServerWorld] Connection disconnected ID:0 Reason:ConnectionClose
[11:40:12.0028990]:[ServerWorld] New connection ID:103
[11:40:12.0178230]:[ServerWorld] New connection ID:104
[11:40:12.0636400]:[ServerWorld] New connection ID:105
[11:40:12.0636400]:[ServerWorld] New connection ID:106
Starting game stream on connection 102!
'Spawning a Ghost '' for user '106' on connection '102'!
[11:40:12.0929280]:[ServerWorld] New connection ID:107
[11:40:12.0929280]:[ServerWorld] Connection disconnected ID:0 Reason:ConnectionClose
Starting game stream on connection 104!
Starting game stream on connection 103!
'Spawning a Ghost '' for user '101' on connection '104'!
'Spawning a Ghost '' for user '108' on connection '103'!
[11:40:12.1099600]:[ServerWorld] Connection disconnected ID:0 Reason:ConnectionClose
[11:40:12.1099600]:[ServerWorld] Connection disconnected ID:0 Reason:ConnectionClose
Starting game stream on connection 105!
TerrainLogicSystem Tick 30
Starting game stream on connection 106!
'Spawning a Ghost '' for user '109' on connection '105'!
[11:40:12.2510480]:[ServerWorld] Connection disconnected ID:0 Reason:ConnectionClose
'Spawning a Ghost '' for user '110' on connection '106'!
[11:40:12.2535800]:[ServerWorld] Connection disconnected ID:0 Reason:ConnectionClose
Starting game stream on connection 107!
'Spawning a Ghost '' for user '105' on connection '107'!
[11:40:12.2558500]:[ServerWorld] Connection disconnected ID:0 Reason:ConnectionClose
[11:40:12.4533570]:[ServerWorld] New connection ID:108
TerrainLogicSystem Tick 31
Starting game stream on connection 108!
'Spawning a Ghost '' for user '103' on connection '108'!
[11:40:12.5829410]:[ServerWorld] Connection disconnected ID:0 Reason:ConnectionClose
[11:40:13.2182820]:[ServerWorld] New connection ID:109
TerrainLogicSystem Tick 32
Starting game stream on connection 109!
'Spawning a Ghost '' for user '107' on connection '109'!
[11:40:13.3399720]:[ServerWorld] Connection disconnected ID:0 Reason:ConnectionClose
[11:40:14.2337620]:[ServerWorld] New connection ID:110
Starting game stream on connection 110!
'Spawning a Ghost '' for user '102' on connection '110'!
[11:40:14.3347070]:[ServerWorld] Connection disconnected ID:0 Reason:ConnectionClose
TerrainLogicSystem Tick 33
[11:40:14.9356380]:[ServerWorld] New connection ID:111
[11:40:14.9771750]:[ServerWorld] New connection ID:112
[11:40:14.9771750]:[ServerWorld] New connection ID:113
Starting game stream on connection 111!
'Spawning a Ghost '' for user '116' on connection '111'!
[11:40:14.9990270]:[ServerWorld] New connection ID:114
[11:40:14.9990270]:[ServerWorld] Connection disconnected ID:0 Reason:ConnectionClose
TerrainLogicSystem Tick 34
[11:40:15.1398350]:[ServerWorld] New connection ID:115
[11:40:15.1398350]:[ServerWorld] New connection ID:116
Starting game stream on connection 113!
[11:40:15.1429230]:[ServerWorld] New connection ID:117
Starting game stream on connection 114!
'Spawning a Ghost '' for user '115' on connection '114'!
[11:40:15.1479300]:[ServerWorld] Connection disconnected ID:0 Reason:ConnectionClose
Starting game stream on connection 116!
Starting game stream on connection 115!
'Spawning a Ghost '' for user '113' on connection '116'!
'Spawning a Ghost '' for user '118' on connection '115'!
[11:40:15.1813490]:[ServerWorld] Connection disconnected ID:0 Reason:ConnectionClose
[11:40:15.1813490]:[ServerWorld] Connection disconnected ID:0 Reason:ConnectionClose
Starting game stream on connection 112!
Starting game stream on connection 117!
'Spawning a Ghost '' for user '117' on connection '117'!
'Spawning a Ghost '' for user '114' on connection '113'!
'Spawning a Ghost '' for user '112' on connection '112'!
[11:40:15.2694280]:[ServerWorld] New connection ID:118
[11:40:15.2694280]:[ServerWorld] Connection disconnected ID:0 Reason:ConnectionClose
[11:40:15.2694280]:[ServerWorld] Connection disconnected ID:0 Reason:ConnectionClose
[11:40:15.2694280]:[ServerWorld] Connection disconnected ID:0 Reason:ConnectionClose
[11:40:15.2862770]:[ServerWorld] New connection ID:119
Starting game stream on connection 118!
'Spawning a Ghost '' for user '119' on connection '118'!
[11:40:15.4113790]:[ServerWorld] Connection disconnected ID:0 Reason:ConnectionClose
Starting game stream on connection 119!
'Spawning a Ghost '' for user '111' on connection '119'!
[11:40:15.4356780]:[ServerWorld] Connection disconnected ID:0 Reason:ConnectionClose
TerrainLogicSystem Tick 35
TerrainLogicSystem Tick 36
TerrainLogicSystem Tick 37
[11:40:17.1315780]:[ServerWorld] New connection ID:120
Starting game stream on connection 120!
'Spawning a Ghost '' for user '120' on connection '120'!
[11:40:17.2092010]:[ServerWorld] Connection disconnected ID:0 Reason:ConnectionClose
TerrainLogicSystem Tick 38
TerrainLogicSystem Tick 39
TerrainLogicSystem Tick 40
TerrainLogicSystem Tick 41
TerrainLogicSystem Tick 42
TerrainLogicSystem Tick 43
TerrainLogicSystem Tick 44
TerrainLogicSystem Tick 45
TerrainLogicSystem Tick 46
TerrainLogicSystem Tick 47
TerrainLogicSystem Tick 48
TerrainLogicSystem Tick 49
TerrainLogicSystem Tick 50
TerrainLogicSystem Tick 51
TerrainLogicSystem Tick 52
TerrainLogicSystem Tick 53
TerrainLogicSystem Tick 54
TerrainLogicSystem Tick 55
TerrainLogicSystem Tick 56
TerrainLogicSystem Tick 57
TerrainLogicSystem Tick 58
TerrainLogicSystem Tick 59
TerrainLogicSystem Tick 60
TerrainLogicSystem Tick 61
TerrainLogicSystem Tick 62
TerrainLogicSystem Tick 63
TerrainLogicSystem Tick 64
TerrainLogicSystem Tick 65
TerrainLogicSystem Tick 66
TerrainLogicSystem Tick 67
TerrainLogicSystem Tick 68
TerrainLogicSystem Tick 69
TerrainLogicSystem Tick 70
TerrainLogicSystem Tick 71
TerrainLogicSystem Tick 72
TerrainLogicSystem Tick 73
TerrainLogicSystem Tick 74
TerrainLogicSystem Tick 75
TerrainLogicSystem Tick 76
TerrainLogicSystem Tick 77
TerrainLogicSystem Tick 78
TerrainLogicSystem Tick 79
TerrainLogicSystem Tick 80
TerrainLogicSystem Tick 81
TerrainLogicSystem Tick 82
TerrainLogicSystem Tick 83
TerrainLogicSystem Tick 84
TerrainLogicSystem Tick 85
TerrainLogicSystem Tick 86
TerrainLogicSystem Tick 87
TerrainLogicSystem Tick 88
TerrainLogicSystem Tick 89
TerrainLogicSystem Tick 90
TerrainLogicSystem Tick 91
CompleteSend failed with the following error code: -5
UnityEngine.DebugLogHandler:Internal_Log(LogType, LogOption, String, Object)
UnityEngine.DebugLogHandler:LogFormat(LogType, Object, String, Object[])
UnityEngine.Logger:Log(LogType, Object)
UnityEngine.Debug:LogWarning(Object)
Unity.Logging.Sinks.ManagedUnityEngineDebugLogWrapper:WriteFunc(LogLevel, Byte*, Int32)

CompleteSend failed with the following error code: -5
UnityEngine.DebugLogHandler:Internal_Log(LogType, LogOption, String, Object)
UnityEngine.DebugLogHandler:LogFormat(LogType, Object, String, Object[])
UnityEngine.Logger:Log(LogType, Object)
UnityEngine.Debug:LogWarning(Object)
Unity.Logging.Sinks.ManagedUnityEngineDebugLogWrapper:WriteFunc(LogLevel, Byte*, Int32)

An error occurred during EndSend. ErrorCode: -5
UnityEngine.DebugLogHandler:Internal_Log(LogType, LogOption, String, Object)
UnityEngine.DebugLogHandler:LogFormat(LogType, Object, String, Object[])
UnityEngine.Logger:Log(LogType, Object)
UnityEngine.Debug:LogWarning(Object)
Unity.Logging.Sinks.ManagedUnityEngineDebugLogWrapper:WriteFunc(LogLevel, Byte*, Int32)

CompleteSend failed with the following error code: -5
UnityEngine.DebugLogHandler:Internal_Log(LogType, LogOption, String, Object)
UnityEngine.DebugLogHandler:LogFormat(LogType, Object, String, Object[])
UnityEngine.Logger:Log(LogType, Object)
UnityEngine.Debug:LogWarning(Object)
Unity.Logging.Sinks.ManagedUnityEngineDebugLogWrapper:WriteFunc(LogLevel, Byte*, Int32)

CompleteSend failed with the following error code: -5
UnityEngine.DebugLogHandler:Internal_Log(LogType, LogOption, String, Object)
UnityEngine.DebugLogHandler:LogFormat(LogType, Object, String, Object[])
UnityEngine.Logger:Log(LogType, Object)
UnityEngine.Debug:LogWarning(Object)
Unity.Logging.Sinks.ManagedUnityEngineDebugLogWrapper:WriteFunc(LogLevel, Byte*, Int32)

An error occurred during EndSend. ErrorCode: -5
UnityEngine.DebugLogHandler:Internal_Log(LogType, LogOption, String, Object)
UnityEngine.DebugLogHandler:LogFormat(LogType, Object, String, Object[])
UnityEngine.Logger:Log(LogType, Object)
UnityEngine.Debug:LogWarning(Object)
Unity.Logging.Sinks.ManagedUnityEngineDebugLogWrapper:WriteFunc(LogLevel, Byte*, Int32)

CompleteSend failed with the following error code: -5
UnityEngine.DebugLogHandler:Internal_Log(LogType, LogOption, String, Object)
UnityEngine.DebugLogHandler:LogFormat(LogType, Object, String, Object[])
UnityEngine.Logger:Log(LogType, Object)
UnityEngine.Debug:LogWarning(Object)
Unity.Logging.Sinks.ManagedUnityEngineDebugLogWrapper:WriteFunc(LogLevel, Byte*, Int32)

CompleteSend failed with the following error code: -5
UnityEngine.DebugLogHandler:Internal_Log(LogType, LogOption, String, Object)
UnityEngine.DebugLogHandler:LogFormat(LogType, Object, String, Object[])
UnityEngine.Logger:Log(LogType, Object)
UnityEngine.Debug:LogWarning(Object)
Unity.Logging.Sinks.ManagedUnityEngineDebugLogWrapper:WriteFunc(LogLevel, Byte*, Int32)

CompleteSend failed with the following error code: -5
UnityEngine.DebugLogHandler:Internal_Log(LogType, LogOption, String, Object)
UnityEngine.DebugLogHandler:LogFormat(LogType, Object, String, Object[])
UnityEngine.Logger:Log(LogType, Object)
UnityEngine.Debug:LogWarning(Object)
Unity.Logging.Sinks.ManagedUnityEngineDebugLogWrapper:WriteFunc(LogLevel, Byte*, Int32)

An error occurred during EndSend. ErrorCode: -5
UnityEngine.DebugLogHandler:Internal_Log(LogType, LogOption, String, Object)
UnityEngine.DebugLogHandler:LogFormat(LogType, Object, String, Object[])
UnityEngine.Logger:Log(LogType, Object)
UnityEngine.Debug:LogWarning(Object)
Unity.Logging.Sinks.ManagedUnityEngineDebugLogWrapper:WriteFunc(LogLevel, Byte*, Int32)

CompleteSend failed with the following error code: -5
UnityEngine.DebugLogHandler:Internal_Log(LogType, LogOption, String, Object)
UnityEngine.DebugLogHandler:LogFormat(LogType, Object, String, Object[])
UnityEngine.Logger:Log(LogType, Object)
UnityEngine.Debug:LogWarning(Object)
Unity.Logging.Sinks.ManagedUnityEngineDebugLogWrapper:WriteFunc(LogLevel, Byte*, Int32)

CompleteSend failed with the following error code: -5
UnityEngine.DebugLogHandler:Internal_Log(LogType, LogOption, String, Object)
UnityEngine.DebugLogHandler:LogFormat(LogType, Object, String, Object[])
UnityEngine.Logger:Log(LogType, Object)
UnityEngine.Debug:LogWarning(Object)
Unity.Logging.Sinks.ManagedUnityEngineDebugLogWrapper:WriteFunc(LogLevel, Byte*, Int32)

CompleteSend failed with the following error code: -5
UnityEngine.DebugLogHandler:Internal_Log(LogType, LogOption, String, Object)
UnityEngine.DebugLogHandler:LogFormat(LogType, Object, String, Object[])
UnityEngine.Logger:Log(LogType, Object)
UnityEngine.Debug:LogWarning(Object)
Unity.Logging.Sinks.ManagedUnityEngineDebugLogWrapper:WriteFunc(LogLevel, Byte*, Int32)

CompleteSend failed with the following error code: -5
UnityEngine.DebugLogHandler:Internal_Log(LogType, LogOption, String, Object)
UnityEngine.DebugLogHandler:LogFormat(LogType, Object, String, Object[])
UnityEngine.Logger:Log(LogType, Object)
UnityEngine.Debug:LogWarning(Object)
Unity.Logging.Sinks.ManagedUnityEngineDebugLogWrapper:WriteFunc(LogLevel, Byte*, Int32)

CompleteSend failed with the following error code: -5
UnityEngine.DebugLogHandler:Internal_Log(LogType, LogOption, String, Object)
UnityEngine.DebugLogHandler:LogFormat(LogType, Object, String, Object[])
UnityEngine.Logger:Log(LogType, Object)
UnityEngine.Debug:LogWarning(Object)
Unity.Logging.Sinks.ManagedUnityEngineDebugLogWrapper:WriteFunc(LogLevel, Byte*, Int32)

CompleteSend failed with the following error code: -5
UnityEngine.DebugLogHandler:Internal_Log(LogType, LogOption, String, Object)
UnityEngine.DebugLogHandler:LogFormat(LogType, Object, String, Object[])
UnityEngine.Logger:Log(LogType, Object)
UnityEngine.Debug:LogWarning(Object)
Unity.Logging.Sinks.ManagedUnityEngineDebugLogWrapper:WriteFunc(LogLevel, Byte*, Int32)

CompleteSend failed with the following error code: -5
UnityEngine.DebugLogHandler:Internal_Log(LogType, LogOption, String, Object)
UnityEngine.DebugLogHandler:LogFormat(LogType, Object, String, Object[])
UnityEngine.Logger:Log(LogType, Object)
UnityEngine.Debug:LogWarning(Object)
Unity.Logging.Sinks.ManagedUnityEngineDebugLogWrapper:WriteFunc(LogLevel, Byte*, Int32)

CompleteSend failed with the following error code: -5
UnityEngine.DebugLogHandler:Internal_Log(LogType, LogOption, String, Object)
UnityEngine.DebugLogHandler:LogFormat(LogType, Object, String, Object[])
UnityEngine.Logger:Log(LogType, Object)
UnityEngine.Debug:LogWarning(Object)
Unity.Logging.Sinks.ManagedUnityEngineDebugLogWrapper:WriteFunc(LogLevel, Byte*, Int32)

CompleteSend failed with the following error code: -5
UnityEngine.DebugLogHandler:Internal_Log(LogType, LogOption, String, Object)
UnityEngine.DebugLogHandler:LogFormat(LogType, Object, String, Object[])
UnityEngine.Logger:Log(LogType, Object)
UnityEngine.Debug:LogWarning(Object)
Unity.Logging.Sinks.ManagedUnityEngineDebugLogWrapper:WriteFunc(LogLevel, Byte*, Int32)

An error occurred during EndSend. ErrorCode: -5
UnityEngine.DebugLogHandler:Internal_Log(LogType, LogOption, String, Object)
UnityEngine.DebugLogHandler:LogFormat(LogType, Object, String, Object[])
UnityEngine.Logger:Log(LogType, Object)
UnityEngine.Debug:LogWarning(Object)
Unity.Logging.Sinks.ManagedUnityEngineDebugLogWrapper:WriteFunc(LogLevel, Byte*, Int32)

CompleteSend failed with the following error code: -5
UnityEngine.DebugLogHandler:Internal_Log(LogType, LogOption, String, Object)
UnityEngine.DebugLogHandler:LogFormat(LogType, Object, String, Object[])
UnityEngine.Logger:Log(LogType, Object)
UnityEngine.Debug:LogWarning(Object)
Unity.Logging.Sinks.ManagedUnityEngineDebugLogWrapper:WriteFunc(LogLevel, Byte*, Int32)

CompleteSend failed with the following error code: -5
UnityEngine.DebugLogHandler:Internal_Log(LogType, LogOption, String, Object)
UnityEngine.DebugLogHandler:LogFormat(LogType, Object, String, Object[])
UnityEngine.Logger:Log(LogType, Object)
UnityEngine.Debug:LogWarning(Object)
Unity.Logging.Sinks.ManagedUnityEngineDebugLogWrapper:WriteFunc(LogLevel, Byte*, Int32)

An error occurred during EndSend. ErrorCode: -5
UnityEngine.DebugLogHandler:Internal_Log(LogType, LogOption, String, Object)
UnityEngine.DebugLogHandler:LogFormat(LogType, Object, String, Object[])
UnityEngine.Logger:Log(LogType, Object)
UnityEngine.Debug:LogWarning(Object)
Unity.Logging.Sinks.ManagedUnityEngineDebugLogWrapper:WriteFunc(LogLevel, Byte*, Int32)

An error occurred during EndSend. ErrorCode: -5
UnityEngine.DebugLogHandler:Internal_Log(LogType, LogOption, String, Object)
UnityEngine.DebugLogHandler:LogFormat(LogType, Object, String, Object[])
UnityEngine.Logger:Log(LogType, Object)
UnityEngine.Debug:LogWarning(Object)
Unity.Logging.Sinks.ManagedUnityEngineDebugLogWrapper:WriteFunc(LogLevel, Byte*, Int32)

An error occurred during EndSend. ErrorCode: -5
UnityEngine.DebugLogHandler:Internal_Log(LogType, LogOption, String, Object)
UnityEngine.DebugLogHandler:LogFormat(LogType, Object, String, Object[])
UnityEngine.Logger:Log(LogType, Object)
UnityEngine.Debug:LogWarning(Object)
Unity.Logging.Sinks.ManagedUnityEngineDebugLogWrapper:WriteFunc(LogLevel, Byte*, Int32)

An error occurred during EndSend. ErrorCode: -5
UnityEngine.DebugLogHandler:Internal_Log(LogType, LogOption, String, Object)
UnityEngine.DebugLogHandler:LogFormat(LogType, Object, String, Object[])
UnityEngine.Logger:Log(LogType, Object)
UnityEngine.Debug:LogWarning(Object)
Unity.Logging.Sinks.ManagedUnityEngineDebugLogWrapper:WriteFunc(LogLevel, Byte*, Int32)

An error occurred during EndSend. ErrorCode: -5
UnityEngine.DebugLogHandler:Internal_Log(LogType, LogOption, String, Object)
UnityEngine.DebugLogHandler:LogFormat(LogType, Object, String, Object[])
UnityEngine.Logger:Log(LogType, Object)
UnityEngine.Debug:LogWarning(Object)
Unity.Logging.Sinks.ManagedUnityEngineDebugLogWrapper:WriteFunc(LogLevel, Byte*, Int32)

An error occurred during EndSend. ErrorCode: -5
UnityEngine.DebugLogHandler:Internal_Log(LogType, LogOption, String, Object)
UnityEngine.DebugLogHandler:LogFormat(LogType, Object, String, Object[])
UnityEngine.Logger:Log(LogType, Object)
UnityEngine.Debug:LogWarning(Object)
Unity.Logging.Sinks.ManagedUnityEngineDebugLogWrapper:WriteFunc(LogLevel, Byte*, Int32)

CompleteSend failed with the following error code: -5
UnityEngine.DebugLogHandler:Internal_Log(LogType, LogOption, String, Object)
UnityEngine.DebugLogHandler:LogFormat(LogType, Object, String, Object[])
UnityEngine.Logger:Log(LogType, Object)
UnityEngine.Debug:LogWarning(Object)
Unity.Logging.Sinks.ManagedUnityEngineDebugLogWrapper:WriteFunc(LogLevel, Byte*, Int32)

CompleteSend failed with the following error code: -5
UnityEngine.DebugLogHandler:Internal_Log(LogType, LogOption, String, Object)
UnityEngine.DebugLogHandler:LogFormat(LogType, Object, String, Object[])
UnityEngine.Logger:Log(LogType, Object)
UnityEngine.Debug:LogWarning(Object)
Unity.Logging.Sinks.ManagedUnityEngineDebugLogWrapper:WriteFunc(LogLevel, Byte*, Int32)

An error occurred during EndSend. ErrorCode: -5
UnityEngine.DebugLogHandler:Internal_Log(LogType, LogOption, String, Object)
UnityEngine.DebugLogHandler:LogFormat(LogType, Object, String, Object[])
UnityEngine.Logger:Log(LogType, Object)
UnityEngine.Debug:LogWarning(Object)
Unity.Logging.Sinks.ManagedUnityEngineDebugLogWrapper:WriteFunc(LogLevel, Byte*, Int32)

An error occurred during EndSend. ErrorCode: -5
UnityEngine.DebugLogHandler:Internal_Log(LogType, LogOption, String, Object)
UnityEngine.DebugLogHandler:LogFormat(LogType, Object, String, Object[])
UnityEngine.Logger:Log(LogType, Object)
UnityEngine.Debug:LogWarning(Object)
Unity.Logging.Sinks.ManagedUnityEngineDebugLogWrapper:WriteFunc(LogLevel, Byte*, Int32)

An error occurred during EndSend. ErrorCode: -5
UnityEngine.DebugLogHandler:Internal_Log(LogType, LogOption, String, Object)
UnityEngine.DebugLogHandler:LogFormat(LogType, Object, String, Object[])
UnityEngine.Logger:Log(LogType, Object)
UnityEngine.Debug:LogWarning(Object)
Unity.Logging.Sinks.ManagedUnityEngineDebugLogWrapper:WriteFunc(LogLevel, Byte*, Int32)

CompleteSend failed with the following error code: -5
UnityEngine.DebugLogHandler:Internal_Log(LogType, LogOption, String, Object)
UnityEngine.DebugLogHandler:LogFormat(LogType, Object, String, Object[])
UnityEngine.Logger:Log(LogType, Object)
UnityEngine.Debug:LogWarning(Object)
Unity.Logging.Sinks.ManagedUnityEngineDebugLogWrapper:WriteFunc(LogLevel, Byte*, Int32)

CompleteSend failed with the following error code: -5
UnityEngine.DebugLogHandler:Internal_Log(LogType, LogOption, String, Object)
UnityEngine.DebugLogHandler:LogFormat(LogType, Object, String, Object[])
UnityEngine.Logger:Log(LogType, Object)
UnityEngine.Debug:LogWarning(Object)
Unity.Logging.Sinks.ManagedUnityEngineDebugLogWrapper:WriteFunc(LogLevel, Byte*, Int32)

An error occurred during EndSend. ErrorCode: -5
UnityEngine.DebugLogHandler:Internal_Log(LogType, LogOption, String, Object)
UnityEngine.DebugLogHandler:LogFormat(LogType, Object, String, Object[])
UnityEngine.Logger:Log(LogType, Object)
UnityEngine.Debug:LogWarning(Object)
Unity.Logging.Sinks.ManagedUnityEngineDebugLogWrapper:WriteFunc(LogLevel, Byte*, Int32)

An error occurred during EndSend. ErrorCode: -5
UnityEngine.DebugLogHandler:Internal_Log(LogType, LogOption, String, Object)
UnityEngine.DebugLogHandler:LogFormat(LogType, Object, String, Object[])
UnityEngine.Logger:Log(LogType, Object)
UnityEngine.Debug:LogWarning(Object)
Unity.Logging.Sinks.ManagedUnityEngineDebugLogWrapper:WriteFunc(LogLevel, Byte*, Int32)

An error occurred during EndSend. ErrorCode: -5
UnityEngine.DebugLogHandler:Internal_Log(LogType, LogOption, String, Object)
UnityEngine.DebugLogHandler:LogFormat(LogType, Object, String, Object[])
UnityEngine.Logger:Log(LogType, Object)
UnityEngine.Debug:LogWarning(Object)
Unity.Logging.Sinks.ManagedUnityEngineDebugLogWrapper:WriteFunc(LogLevel, Byte*, Int32)

CompleteSend failed with the following error code: -5
UnityEngine.DebugLogHandler:Internal_Log(LogType, LogOption, String, Object)
UnityEngine.DebugLogHandler:LogFormat(LogType, Object, String, Object[])
UnityEngine.Logger:Log(LogType, Object)
UnityEngine.Debug:LogWarning(Object)
Unity.Logging.Sinks.ManagedUnityEngineDebugLogWrapper:WriteFunc(LogLevel, Byte*, Int32)

CompleteSend failed with the following error code: -5
UnityEngine.DebugLogHandler:Internal_Log(LogType, LogOption, String, Object)
UnityEngine.DebugLogHandler:LogFormat(LogType, Object, String, Object[])
UnityEngine.Logger:Log(LogType, Object)
UnityEngine.Debug:LogWarning(Object)
Unity.Logging.Sinks.ManagedUnityEngineDebugLogWrapper:WriteFunc(LogLevel, Byte*, Int32)

CompleteSend failed with the following error code: -5
UnityEngine.DebugLogHandler:Internal_Log(LogType, LogOption, String, Object)
UnityEngine.DebugLogHandler:LogFormat(LogType, Object, String, Object[])
UnityEngine.Logger:Log(LogType, Object)
UnityEngine.Debug:LogWarning(Object)
Unity.Logging.Sinks.ManagedUnityEngineDebugLogWrapper:WriteFunc(LogLevel, Byte*, Int32)

CompleteSend failed with the following error code: -5
UnityEngine.DebugLogHandler:Internal_Log(LogType, LogOption, String, Object)
UnityEngine.DebugLogHandler:LogFormat(LogType, Object, String, Object[])
UnityEngine.Logger:Log(LogType, Object)
UnityEngine.Debug:LogWarning(Object)
Unity.Logging.Sinks.ManagedUnityEngineDebugLogWrapper:WriteFunc(LogLevel, Byte*, Int32)

An error occurred during EndSend. ErrorCode: -5
UnityEngine.DebugLogHandler:Internal_Log(LogType, LogOption, String, Object)
UnityEngine.DebugLogHandler:LogFormat(LogType, Object, String, Object[])
UnityEngine.Logger:Log(LogType, Object)
UnityEngine.Debug:LogWarning(Object)
Unity.Logging.Sinks.ManagedUnityEngineDebugLogWrapper:WriteFunc(LogLevel, Byte*, Int32)

An error occurred during EndSend. ErrorCode: -5
UnityEngine.DebugLogHandler:Internal_Log(LogType, LogOption, String, Object)
UnityEngine.DebugLogHandler:LogFormat(LogType, Object, String, Object[])
UnityEngine.Logger:Log(LogType, Object)
UnityEngine.Debug:LogWarning(Object)
Unity.Logging.Sinks.ManagedUnityEngineDebugLogWrapper:WriteFunc(LogLevel, Byte*, Int32)

CompleteSend failed with the following error code: -5
UnityEngine.DebugLogHandler:Internal_Log(LogType, LogOption, String, Object)
UnityEngine.DebugLogHandler:LogFormat(LogType, Object, String, Object[])
UnityEngine.Logger:Log(LogType, Object)
UnityEngine.Debug:LogWarning(Object)
Unity.Logging.Sinks.ManagedUnityEngineDebugLogWrapper:WriteFunc(LogLevel, Byte*, Int32)

An error occurred during EndSend. ErrorCode: -5
UnityEngine.DebugLogHandler:Internal_Log(LogType, LogOption, String, Object)
UnityEngine.DebugLogHandler:LogFormat(LogType, Object, String, Object[])
UnityEngine.Logger:Log(LogType, Object)
UnityEngine.Debug:LogWarning(Object)
Unity.Logging.Sinks.ManagedUnityEngineDebugLogWrapper:WriteFunc(LogLevel, Byte*, Int32)

An error occurred during EndSend. ErrorCode: -5
UnityEngine.DebugLogHandler:Internal_Log(LogType, LogOption, String, Object)
UnityEngine.DebugLogHandler:LogFormat(LogType, Object, String, Object[])
UnityEngine.Logger:Log(LogType, Object)
UnityEngine.Debug:LogWarning(Object)
Unity.Logging.Sinks.ManagedUnityEngineDebugLogWrapper:WriteFunc(LogLevel, Byte*, Int32)

CompleteSend failed with the following error code: -5
UnityEngine.DebugLogHandler:Internal_Log(LogType, LogOption, String, Object)
UnityEngine.DebugLogHandler:LogFormat(LogType, Object, String, Object[])
UnityEngine.Logger:Log(LogType, Object)
UnityEngine.Debug:LogWarning(Object)
Unity.Logging.Sinks.ManagedUnityEngineDebugLogWrapper:WriteFunc(LogLevel, Byte*, Int32)

An error occurred during EndSend. ErrorCode: -5
UnityEngine.DebugLogHandler:Internal_Log(LogType, LogOption, String, Object)
UnityEngine.DebugLogHandler:LogFormat(LogType, Object, String, Object[])
UnityEngine.Logger:Log(LogType, Object)
UnityEngine.Debug:LogWarning(Object)
Unity.Logging.Sinks.ManagedUnityEngineDebugLogWrapper:WriteFunc(LogLevel, Byte*, Int32)

An error occurred during EndSend. ErrorCode: -5
UnityEngine.DebugLogHandler:Internal_Log(LogType, LogOption, String, Object)
UnityEngine.DebugLogHandler:LogFormat(LogType, Object, String, Object[])
UnityEngine.Logger:Log(LogType, Object)
UnityEngine.Debug:LogWarning(Object)
Unity.Logging.Sinks.ManagedUnityEngineDebugLogWrapper:WriteFunc(LogLevel, Byte*, Int32)

An error occurred during EndSend. ErrorCode: -5
UnityEngine.DebugLogHandler:Internal_Log(LogType, LogOption, String, Object)
UnityEngine.DebugLogHandler:LogFormat(LogType, Object, String, Object[])
UnityEngine.Logger:Log(LogType, Object)
UnityEngine.Debug:LogWarning(Object)
Unity.Logging.Sinks.ManagedUnityEngineDebugLogWrapper:WriteFunc(LogLevel, Byte*, Int32)

An error occurred during EndSend. ErrorCode: -5
UnityEngine.DebugLogHandler:Internal_Log(LogType, LogOption, String, Object)
UnityEngine.DebugLogHandler:LogFormat(LogType, Object, String, Object[])
UnityEngine.Logger:Log(LogType, Object)
UnityEngine.Debug:LogWarning(Object)
Unity.Logging.Sinks.ManagedUnityEngineDebugLogWrapper:WriteFunc(LogLevel, Byte*, Int32)

An error occurred during EndSend. ErrorCode: -5
UnityEngine.DebugLogHandler:Internal_Log(LogType, LogOption, String, Object)
UnityEngine.DebugLogHandler:LogFormat(LogType, Object, String, Object[])
UnityEngine.Logger:Log(LogType, Object)
UnityEngine.Debug:LogWarning(Object)
Unity.Logging.Sinks.ManagedUnityEngineDebugLogWrapper:WriteFunc(LogLevel, Byte*, Int32)

An error occurred during EndSend. ErrorCode: -5
UnityEngine.DebugLogHandler:Internal_Log(LogType, LogOption, String, Object)
UnityEngine.DebugLogHandler:LogFormat(LogType, Object, String, Object[])
UnityEngine.Logger:Log(LogType, Object)
UnityEngine.Debug:LogWarning(Object)
Unity.Logging.Sinks.ManagedUnityEngineDebugLogWrapper:WriteFunc(LogLevel, Byte*, Int32)

An error occurred during EndSend. ErrorCode: -5
UnityEngine.DebugLogHandler:Internal_Log(LogType, LogOption, String, Object)
UnityEngine.DebugLogHandler:LogFormat(LogType, Object, String, Object[])
UnityEngine.Logger:Log(LogType, Object)
UnityEngine.Debug:LogWarning(Object)
Unity.Logging.Sinks.ManagedUnityEngineDebugLogWrapper:WriteFunc(LogLevel, Byte*, Int32)

An error occurred during EndSend. ErrorCode: -5
UnityEngine.DebugLogHandler:Internal_Log(LogType, LogOption, String, Object)
UnityEngine.DebugLogHandler:LogFormat(LogType, Object, String, Object[])
UnityEngine.Logger:Log(LogType, Object)
UnityEngine.Debug:LogWarning(Object)
Unity.Logging.Sinks.ManagedUnityEngineDebugLogWrapper:WriteFunc(LogLevel, Byte*, Int32)

CompleteSend failed with the following error code: -5
UnityEngine.DebugLogHandler:Internal_Log(LogType, LogOption, String, Object)
UnityEngine.DebugLogHandler:LogFormat(LogType, Object, String, Object[])
UnityEngine.Logger:Log(LogType, Object)
UnityEngine.Debug:LogWarning(Object)
Unity.Logging.Sinks.ManagedUnityEngineDebugLogWrapper:WriteFunc(LogLevel, Byte*, Int32)

CompleteSend failed with the following error code: -5
UnityEngine.DebugLogHandler:Internal_Log(LogType, LogOption, String, Object)
UnityEngine.DebugLogHandler:LogFormat(LogType, Object, String, Object[])
UnityEngine.Logger:Log(LogType, Object)
UnityEngine.Debug:LogWarning(Object)
Unity.Logging.Sinks.ManagedUnityEngineDebugLogWrapper:WriteFunc(LogLevel, Byte*, Int32)

An error occurred during EndSend. ErrorCode: -5
UnityEngine.DebugLogHandler:Internal_Log(LogType, LogOption, String, Object)
UnityEngine.DebugLogHandler:LogFormat(LogType, Object, String, Object[])
UnityEngine.Logger:Log(LogType, Object)
UnityEngine.Debug:LogWarning(Object)
Unity.Logging.Sinks.ManagedUnityEngineDebugLogWrapper:WriteFunc(LogLevel, Byte*, Int32)

An error occurred during EndSend. ErrorCode: -5
UnityEngine.DebugLogHandler:Internal_Log(LogType, LogOption, String, Object)
UnityEngine.DebugLogHandler:LogFormat(LogType, Object, String, Object[])
UnityEngine.Logger:Log(LogType, Object)
UnityEngine.Debug:LogWarning(Object)
Unity.Logging.Sinks.ManagedUnityEngineDebugLogWrapper:WriteFunc(LogLevel, Byte*, Int32)

CompleteSend failed with the following error code: -5
UnityEngine.DebugLogHandler:Internal_Log(LogType, LogOption, String, Object)
UnityEngine.DebugLogHandler:LogFormat(LogType, Object, String, Object[])
UnityEngine.Logger:Log(LogType, Object)
UnityEngine.Debug:LogWarning(Object)
Unity.Logging.Sinks.ManagedUnityEngineDebugLogWrapper:WriteFunc(LogLevel, Byte*, Int32)

CompleteSend failed with the following error code: -5
UnityEngine.DebugLogHandler:Internal_Log(LogType, LogOption, String, Object)
UnityEngine.DebugLogHandler:LogFormat(LogType, Object, String, Object[])
UnityEngine.Logger:Log(LogType, Object)
UnityEngine.Debug:LogWarning(Object)
Unity.Logging.Sinks.ManagedUnityEngineDebugLogWrapper:WriteFunc(LogLevel, Byte*, Int32)

An error occurred during EndSend. ErrorCode: -5
UnityEngine.DebugLogHandler:Internal_Log(LogType, LogOption, String, Object)
UnityEngine.DebugLogHandler:LogFormat(LogType, Object, String, Object[])
UnityEngine.Logger:Log(LogType, Object)
UnityEngine.Debug:LogWarning(Object)
Unity.Logging.Sinks.ManagedUnityEngineDebugLogWrapper:WriteFunc(LogLevel, Byte*, Int32)

An error occurred during EndSend. ErrorCode: -5
UnityEngine.DebugLogHandler:Internal_Log(LogType, LogOption, String, Object)
UnityEngine.DebugLogHandler:LogFormat(LogType, Object, String, Object[])
UnityEngine.Logger:Log(LogType, Object)
UnityEngine.Debug:LogWarning(Object)
Unity.Logging.Sinks.ManagedUnityEngineDebugLogWrapper:WriteFunc(LogLevel, Byte*, Int32)

TerrainLogicSystem Tick 92
TerrainLogicSystem Tick 93
TerrainLogicSystem Tick 94
TerrainLogicSystem Tick 95
TerrainLogicSystem Tick 96
TerrainLogicSystem Tick 97
TerrainLogicSystem Tick 98
TerrainLogicSystem Tick 99
TerrainLogicSystem Tick 100
TerrainLogicSystem Tick 101
TerrainLogicSystem Tick 102
TerrainLogicSystem Tick 103
TerrainLogicSystem Tick 104
TerrainLogicSystem Tick 105
TerrainLogicSystem Tick 106
TerrainLogicSystem Tick 107
TerrainLogicSystem Tick 108
TerrainLogicSystem Tick 109
TerrainLogicSystem Tick 110
TerrainLogicSystem Tick 111
TerrainLogicSystem Tick 112
TerrainLogicSystem Tick 113
TerrainLogicSystem Tick 114
TerrainLogicSystem Tick 115
TerrainLogicSystem Tick 116
TerrainLogicSystem Tick 117
TerrainLogicSystem Tick 118
TerrainLogicSystem Tick 119
TerrainLogicSystem Tick 120
TerrainLogicSystem Tick 121
TerrainLogicSystem Tick 122
TerrainLogicSystem Tick 123
TerrainLogicSystem Tick 124
TerrainLogicSystem Tick 125
TerrainLogicSystem Tick 126
TerrainLogicSystem Tick 127
TerrainLogicSystem Tick 128
TerrainLogicSystem Tick 129
TerrainLogicSystem Tick 130
TerrainLogicSystem Tick 131
TerrainLogicSystem Tick 132
TerrainLogicSystem Tick 133
TerrainLogicSystem Tick 134
TerrainLogicSystem Tick 135
TerrainLogicSystem Tick 136
TerrainLogicSystem Tick 137
TerrainLogicSystem Tick 138
TerrainLogicSystem Tick 139
TerrainLogicSystem Tick 140
TerrainLogicSystem Tick 141
TerrainLogicSystem Tick 142
TerrainLogicSystem Tick 143
TerrainLogicSystem Tick 144
TerrainLogicSystem Tick 145
TerrainLogicSystem Tick 146
TerrainLogicSystem Tick 147
TerrainLogicSystem Tick 148
TerrainLogicSystem Tick 149
TerrainLogicSystem Tick 150
TerrainLogicSystem Tick 151
TerrainLogicSystem Tick 152
TerrainLogicSystem Tick 153
Caught fatal signal - signo:15 code:0 errno:0 addr:0x15020008c744
Obtained 16 stack frames.
#0  0x007f9e3fccf9c9 in PlayerMain(int, char**)
#1  0x007f9e3fcc44b7 in (Unknown)
#2  0x007f9e3da2cc20 in funlockfile
#3  0x007f9d69f1331b in GC_mark_from
#4  0x007f9d69f0f339 in GC_mark_some
#5  0x007f9d69f0f107 in GC_collect_a_little_inner
#6  0x007f9d69f0da75 in GC_collect_a_little
#7  0x007f9e3fc0f088 in (Unknown)
#8  0x007f9e3fc0f17e in (Unknown)
#9  0x007f9e3f75a373 in (Unknown)
#10 0x007f9e3f747247 in (Unknown)
#11 0x007f9e3f747201 in (Unknown)
#12 0x007f9e3f747570 in (Unknown)
#13 0x007f9e3fcc6077 in PlayerMain(int, char**)
#14 0x007f9e3d678493 in __libc_start_main
#15 0x00000000201029 in _start
Setting up 12 worker threads for Enlighten.
Writing stats to file
Calling DomainUnloadOrPlayModeChangeShutdown!
Caught fatal signal - signo:11 code:1 errno:0 addr:0x48
Obtained 25 stack frames.
#0  0x007f9e3fccf9c9 in PlayerMain(int, char**)
#1  0x007f9e3fcc44b7 in (Unknown)
#2  0x007f9e3da2cc20 in funlockfile
#3  0x007f9e3f687ff3 in (Unknown)
#4  0x007f9e3f688671 in (Unknown)
#5  0x007f9e3f668e7a in (Unknown)
#6  0x007f9e4006442e in PlayerMain(int, char**)
#7  0x007f9e3f016426 in (Unknown)
#8  0x007f9d6ef6d320 in ContentLoadInterface_ContentFile_UnloadAsync_Injected_mBD2F1D561285B0DE37DCDA4DEA75931201B5E680
#9  0x007f9d6ef6c78f in ContentLoadInterface_ContentFile_UnloadAsync_m197A3C60564D4E9F9049BAD57B46FB404A8F17BD
#10 0x007f9d6ef6c635 in ContentFile_UnloadAsync_mF35518E83FCF4C1701AF2C6CEBF7E507490481D6
#11 0x007f9d6e1e456a in RuntimeContentManager_ReleaseFile_m12EDB377B39EF4D01B3268E711303D79747A4F4C
#12 0x007f9d6e1e245c in RuntimeContentManager_ReleaseObjectImpl_m84E24B7727CAA367D95ABC97FC529A5594840414
#13 0x007f9d6e1e0ae8 in RuntimeContentManager_Cleanup_m6436DF58ED05204D0A7DFACFB212018BD6B813FD
#14 0x007f9d6e1e1f38 in RuntimeContentManager_OnShutdown_m09B1F0AD37BE7168472DDB84F55C43F02CD40113
#15 0x007f9d69cdde76 in EventHandler_Invoke_m9D3126CBE291A3E7E7C304094E1DA846832F9B96_Multicast(EventHandler_tC6323FD7E6163F965259C33D72612C0E5B9BAB82*, Il2CppObject*, EventArgs_t37273F03EAC87217701DD431B190FBD84AD7C377*, MethodInfo const*)
#16 0x007f9d6d64f7b0 in EventHandler_Invoke_m9D3126CBE291A3E7E7C304094E1DA846832F9B96
#17 0x007f9d69e88073 in il2cpp::vm::Runtime::InvokeWithThrow(MethodInfo const*, void*, void**)
#18 0x007f9d69e87fdb in il2cpp::vm::Runtime::Invoke(MethodInfo const*, void*, void**, Il2CppException**)
#19 0x007f9d69e87b1c in il2cpp::vm::Runtime::Shutdown()
#20 0x007f9e3fc1df56 in (Unknown)
#21 0x007f9e3f759658 in (Unknown)
#22 0x007f9e3fcc5ee6 in PlayerMain(int, char**)
#23 0x007f9e3d678493 in __libc_start_main
#24 0x00000000201029 in _start
