[UnityMemory] Configuration Parameters - Can be set up in boot.config
    "memorysetup-bucket-allocator-granularity=16"
    "memorysetup-bucket-allocator-bucket-count=8"
    "memorysetup-bucket-allocator-block-size=4194304"
    "memorysetup-bucket-allocator-block-count=1"
    "memorysetup-main-allocator-block-size=16777216"
    "memorysetup-thread-allocator-block-size=16777216"
    "memorysetup-gfx-main-allocator-block-size=16777216"
    "memorysetup-gfx-thread-allocator-block-size=16777216"
    "memorysetup-cache-allocator-block-size=4194304"
    "memorysetup-typetree-allocator-block-size=2097152"
    "memorysetup-profiler-bucket-allocator-granularity=16"
    "memorysetup-profiler-bucket-allocator-bucket-count=8"
    "memorysetup-profiler-bucket-allocator-block-size=4194304"
    "memorysetup-profiler-bucket-allocator-block-count=1"
    "memorysetup-profiler-allocator-block-size=16777216"
    "memorysetup-profiler-editor-allocator-block-size=1048576"
    "memorysetup-temp-allocator-size-main=4194304"
    "memorysetup-job-temp-allocator-block-size=2097152"
    "memorysetup-job-temp-allocator-block-size-background=1048576"
    "memorysetup-job-temp-allocator-reduction-small-platforms=262144"
    "memorysetup-allocator-temp-initial-block-size-main=262144"
    "memorysetup-allocator-temp-initial-block-size-worker=262144"
    "memorysetup-temp-allocator-size-background-worker=32768"
    "memorysetup-temp-allocator-size-job-worker=262144"
    "memorysetup-temp-allocator-size-preload-manager=262144"
    "memorysetup-temp-allocator-size-nav-mesh-worker=65536"
    "memorysetup-temp-allocator-size-audio-worker=65536"
    "memorysetup-temp-allocator-size-cloud-worker=32768"
    "memorysetup-temp-allocator-size-gfx=262144"
Remaining time:29s
Found 2 interfaces on host : 0) 10.141.0.1 1) 10.149.0.1
Player connection [140468948008832] Multi-casting "[IP] 10.141.0.1 [Port] 55000 [Flags] 19 [Guid] 996223258 [EditorId] 3988235067 [Version] 1048832 [Id] LinuxPlayer(13,10.141.0.1) [Debug] 0 [PackageName] LinuxPlayer [ProjectName] Opencraft" to [225.0.0.222:54997]...

Direct connection to host time out.
Stopping profiler. Profiler is not able to flush data to a file or socket and exceeded maximum allowed memory for buffering.
Please use Profiler.maxUsedMemory API or -profiler-maxusedmemory command line parameter to increase maximum allowed memory usage.
Using 134234112 bytes while Profiler.maxUsedMemory is 134217728 bytes.
Failed to initialize networking layer after 30 seconds, skipping waiting for connection before starting playback.
Preloaded 'lib_burst_generated.so'
Preloaded 'libwebrtc.so'
[Physics::Module] Initialized MultithreadedJobDispatcher with 47 workers.
Initialize engine version: 2022.3.16f1 (d2c21f0ef2f1)
[Subsystems] Discovering subsystems at path /var/scratch/zmr280/opencraft/opencraft_Data/UnitySubsystems
Forcing GfxDevice: Null
GfxDevice: creating device client; threaded=0; jobified=0
NullGfxDevice:
    Version:  NULL 1.0 [1.0]
    Renderer: Null Device
    Vendor:   Unity Technologies
ERROR: Shader Hidden/Universal Render Pipeline/Blit shader is not supported on this GPU (none of subshaders/fallbacks are suitable)
ERROR: Shader Hidden/Universal Render Pipeline/CopyDepth shader is not supported on this GPU (none of subshaders/fallbacks are suitable)
ERROR: Shader Hidden/Universal Render Pipeline/Sampling shader is not supported on this GPU (none of subshaders/fallbacks are suitable)
ERROR: Shader Hidden/Universal Render Pipeline/LutBuilderLdr shader is not supported on this GPU (none of subshaders/fallbacks are suitable)
ERROR: Shader Hidden/Universal Render Pipeline/LutBuilderHdr shader is not supported on this GPU (none of subshaders/fallbacks are suitable)
ERROR: Shader Hidden/Universal Render Pipeline/UberPost shader is not supported on this GPU (none of subshaders/fallbacks are suitable)
ERROR: Shader Hidden/Universal Render Pipeline/Debug/DebugReplacement shader is not supported on this GPU (none of subshaders/fallbacks are suitable)
ERROR: Shader Hidden/Universal/HDRDebugView shader is not supported on this GPU (none of subshaders/fallbacks are suitable)
WARNING: Shader Unsupported: 'Hidden/Universal Render Pipeline/FallbackError' - All subshaders removed
WARNING: Shader Did you use #pragma only_renderers and omit this platform?
WARNING: Shader If subshaders removal was intentional, you may have forgotten turning Fallback off?
ERROR: Shader Hidden/Universal Render Pipeline/FallbackError shader is not supported on this GPU (none of subshaders/fallbacks are suitable)
WARNING: Shader Unsupported: 'Hidden/Universal Render Pipeline/FallbackError' - All subshaders removed
WARNING: Shader Did you use #pragma only_renderers and omit this platform?
WARNING: Shader If subshaders removal was intentional, you may have forgotten turning Fallback off?
WARNING: Shader Unsupported: 'Hidden/Universal Render Pipeline/StencilDeferred' - All subshaders removed
WARNING: Shader Did you use #pragma only_renderers and omit this platform?
WARNING: Shader If subshaders removal was intentional, you may have forgotten turning Fallback off?
ERROR: Shader Hidden/Universal Render Pipeline/StencilDeferred shader is not supported on this GPU (none of subshaders/fallbacks are suitable)
WARNING: Shader Unsupported: 'Hidden/Universal Render Pipeline/StencilDeferred' - All subshaders removed
WARNING: Shader Did you use #pragma only_renderers and omit this platform?
WARNING: Shader If subshaders removal was intentional, you may have forgotten turning Fallback off?
ERROR: Shader Hidden/Universal Render Pipeline/CameraMotionVectors shader is not supported on this GPU (none of subshaders/fallbacks are suitable)
ERROR: Shader Hidden/Universal Render Pipeline/ObjectMotionVectors shader is not supported on this GPU (none of subshaders/fallbacks are suitable)
ERROR: Shader Hidden/Universal Render Pipeline/LensFlareDataDriven shader is not supported on this GPU (none of subshaders/fallbacks are suitable)
ERROR: Shader Hidden/Universal Render Pipeline/ScreenSpaceAmbientOcclusion shader is not supported on this GPU (none of subshaders/fallbacks are suitable)
ERROR: Shader Hidden/Universal Render Pipeline/Stop NaN shader is not supported on this GPU (none of subshaders/fallbacks are suitable)
ERROR: Shader Hidden/Universal Render Pipeline/SubpixelMorphologicalAntialiasing shader is not supported on this GPU (none of subshaders/fallbacks are suitable)
ERROR: Shader Hidden/Universal Render Pipeline/TemporalAA shader is not supported on this GPU (none of subshaders/fallbacks are suitable)
ERROR: Shader Hidden/Universal Render Pipeline/Scaling Setup shader is not supported on this GPU (none of subshaders/fallbacks are suitable)
ERROR: Shader Hidden/Universal Render Pipeline/Edge Adaptive Spatial Upsampling shader is not supported on this GPU (none of subshaders/fallbacks are suitable)
ERROR: Shader Hidden/Universal Render Pipeline/FinalPost shader is not supported on this GPU (none of subshaders/fallbacks are suitable)
ERROR: Shader Sprites/Default shader is not supported on this GPU (none of subshaders/fallbacks are suitable)
ERROR: Shader Sprites/Mask shader is not supported on this GPU (none of subshaders/fallbacks are suitable)
ERROR: Shader GUI/Text Shader shader is not supported on this GPU (none of subshaders/fallbacks are suitable)
UnloadTime: 1.061300 ms
Parsing args: /var/scratch/zmr280/opencraft/opencraft.x86_64, -batchmode, -nographics, -logStats, True, -terrainType, 5-Layer, -statsFile, /var/scratch/zmr280/runs/pareto-activeLogic_5-Layer_6x_6z_120p_120s/opencraft_stats/server.csv, -activeLogic, -circuitX, 6, -circuitZ, 6, -playType, Server
Setting up worlds with playType Server and streaming role Disabled
Connecting worlds with playType Server and streaming role Disabled
Created listen request for 0.0.0.0:7979
Creating statistics writer!
Recorder [GhostSimulationSystemGroup] is invalid!
UnityEngine.DebugLogHandler:Internal_Log(LogType, LogOption, String, Object)
UnityEngine.DebugLogHandler:LogFormat(LogType, Object, String, Object[])
UnityEngine.Logger:Log(LogType, Object)
UnityEngine.Debug:LogWarning(Object)
PolkaDOTS.Statistics.StatisticsWriter:.ctor()
PolkaDOTS.Statistics.StatisticsWriterInstance:Awake()

Recorder [PredictedSimulationSystemGroup] is invalid!
UnityEngine.DebugLogHandler:Internal_Log(LogType, LogOption, String, Object)
UnityEngine.DebugLogHandler:LogFormat(LogType, Object, String, Object[])
UnityEngine.Logger:Log(LogType, Object)
UnityEngine.Debug:LogWarning(Object)
PolkaDOTS.Statistics.StatisticsWriter:.ctor()
PolkaDOTS.Statistics.StatisticsWriterInstance:Awake()

Initializing multiplay!
Found non-specified codec: VP8 Internal video/VP8 implementation_name=Internal
Found codec: VP9 Profile0
Found codec: VP9 Profile2
Found codec: VP9 Profile1
Found codec: VP9 Profile3
Found codec: AV1 Profile0
Found codec: AV1 Profile1
Could not find H264.High as streaming codec!
Adding terrain areas statistics recorders
Streamed scene with   37ms latency from /var/scratch/zmr280/opencraft/opencraft_Data/StreamingAssets/EntityScenes/bea83102298cfb741939cdba85abe535.0.entities
AutoLoading authoring scene in world ServerWorld
ERROR: Shader Custom/VoxelShader shader is not supported on this GPU (none of subshaders/fallbacks are suitable)
WARNING: Shader Unsupported: 'Hidden/Universal Render Pipeline/FallbackError' - All subshaders removed
WARNING: Shader Did you use #pragma only_renderers and omit this platform?
WARNING: Shader If subshaders removal was intentional, you may have forgotten turning Fallback off?
ERROR: Shader Hidden/Universal Render Pipeline/FallbackError shader is not supported on this GPU (none of subshaders/fallbacks are suitable)
WARNING: Shader Unsupported: 'Hidden/Universal Render Pipeline/FallbackError' - All subshaders removed
WARNING: Shader Did you use #pragma only_renderers and omit this platform?
WARNING: Shader If subshaders removal was intentional, you may have forgotten turning Fallback off?
WARNING: Shader Unsupported: 'Universal Render Pipeline/Lit' - All subshaders removed
WARNING: Shader Did you use #pragma only_renderers and omit this platform?
WARNING: Shader If subshaders removal was intentional, you may have forgotten turning Fallback off?
ERROR: Shader Universal Render Pipeline/Lit shader is not supported on this GPU (none of subshaders/fallbacks are suitable)
WARNING: Shader Unsupported: 'Universal Render Pipeline/Lit' - All subshaders removed
WARNING: Shader Did you use #pragma only_renderers and omit this platform?
WARNING: Shader If subshaders removal was intentional, you may have forgotten turning Fallback off?
WARNING: Shader Unsupported: 'Universal Render Pipeline/Unlit' - All subshaders removed
WARNING: Shader Did you use #pragma only_renderers and omit this platform?
WARNING: Shader If subshaders removal was intentional, you may have forgotten turning Fallback off?
ERROR: Shader Universal Render Pipeline/Unlit shader is not supported on this GPU (none of subshaders/fallbacks are suitable)
WARNING: Shader Unsupported: 'Universal Render Pipeline/Unlit' - All subshaders removed
WARNING: Shader Did you use #pragma only_renderers and omit this platform?
WARNING: Shader If subshaders removal was intentional, you may have forgotten turning Fallback off?
Streamed scene with   44ms latency from /var/scratch/zmr280/opencraft/opencraft_Data/StreamingAssets/EntityScenes/62561c7118c5bbb46929c6bf65331faa.0.entities
Setting player spawn to 0, 13, 0
TerrainLogicSystem Tick 1
[13:31:41.8594650]:[ServerWorld] New connection ID:1
[13:31:41.9452790]:[ServerWorld] New connection ID:2
Starting game stream on connection 1!
'Spawning a Ghost '' for user '5' on connection '1'!
[13:31:41.9616960]:[ServerWorld] New connection ID:4
[13:31:41.9616960]:[ServerWorld] New connection ID:3
[13:31:41.9616960]:[ServerWorld] Connection disconnected ID:0 Reason:ConnectionClose
[13:31:41.9807800]:[ServerWorld] New connection ID:7
[13:31:41.9807800]:[ServerWorld] New connection ID:6
[13:31:41.9807800]:[ServerWorld] New connection ID:5
[13:31:42.0041360]:[ServerWorld] New connection ID:9
[13:31:42.0041360]:[ServerWorld] New connection ID:8
Starting game stream on connection 2!
'Spawning a Ghost '' for user '3' on connection '2'!
[13:31:42.0258990]:[ServerWorld] Connection disconnected ID:0 Reason:ConnectionClose
Starting game stream on connection 3!
'Spawning a Ghost '' for user '8' on connection '3'!
[13:31:42.0603210]:[ServerWorld] Connection disconnected ID:0 Reason:ConnectionClose
Starting game stream on connection 4!
Starting game stream on connection 7!
Starting game stream on connection 6!
Starting game stream on connection 5!
'Spawning a Ghost '' for user '7' on connection '4'!
'Spawning a Ghost '' for user '6' on connection '7'!
'Spawning a Ghost '' for user '1' on connection '6'!
'Spawning a Ghost '' for user '9' on connection '5'!
[13:31:42.0765780]:[ServerWorld] Connection disconnected ID:0 Reason:ConnectionClose
[13:31:42.0765780]:[ServerWorld] Connection disconnected ID:0 Reason:ConnectionClose
[13:31:42.0765780]:[ServerWorld] Connection disconnected ID:0 Reason:ConnectionClose
[13:31:42.0765780]:[ServerWorld] Connection disconnected ID:0 Reason:ConnectionClose
Starting game stream on connection 8!
Starting game stream on connection 9!
'Spawning a Ghost '' for user '4' on connection '8'!
'Spawning a Ghost '' for user '10' on connection '9'!
[13:31:42.0956760]:[ServerWorld] Connection disconnected ID:0 Reason:ConnectionClose
[13:31:42.0956760]:[ServerWorld] Connection disconnected ID:0 Reason:ConnectionClose
[13:31:42.3621240]:[ServerWorld] New connection ID:10
Starting game stream on connection 10!
'Spawning a Ghost '' for user '2' on connection '10'!
[13:31:42.4618380]:[ServerWorld] Connection disconnected ID:0 Reason:ConnectionClose
TerrainLogicSystem Tick 2
[13:31:44.8606700]:[ServerWorld] New connection ID:11
[13:31:44.9428740]:[ServerWorld] New connection ID:12
Starting game stream on connection 11!
'Spawning a Ghost '' for user '15' on connection '11'!
[13:31:44.9605580]:[ServerWorld] Connection disconnected ID:0 Reason:ConnectionClose
Starting game stream on connection 12!
'Spawning a Ghost '' for user '11' on connection '12'!
[13:31:45.0437170]:[ServerWorld] Connection disconnected ID:0 Reason:ConnectionClose
[13:31:45.0771190]:[ServerWorld] New connection ID:13
[13:31:45.1281120]:[ServerWorld] New connection ID:14
[13:31:45.1618270]:[ServerWorld] New connection ID:15
Starting game stream on connection 13!
'Spawning a Ghost '' for user '19' on connection '13'!
[13:31:45.1936490]:[ServerWorld] Connection disconnected ID:0 Reason:ConnectionClose
[13:31:45.2106820]:[ServerWorld] New connection ID:16
Starting game stream on connection 14!
'Spawning a Ghost '' for user '13' on connection '14'!
[13:31:45.2445240]:[ServerWorld] Connection disconnected ID:0 Reason:ConnectionClose
Starting game stream on connection 15!
'Spawning a Ghost '' for user '18' on connection '15'!
[13:31:45.2752150]:[ServerWorld] Connection disconnected ID:0 Reason:ConnectionClose
[13:31:45.3114360]:[ServerWorld] New connection ID:17
Starting game stream on connection 16!
'Spawning a Ghost '' for user '16' on connection '16'!
[13:31:45.3289090]:[ServerWorld] New connection ID:18
[13:31:45.3289090]:[ServerWorld] Connection disconnected ID:0 Reason:ConnectionClose
[13:31:45.3763540]:[ServerWorld] New connection ID:19
Starting game stream on connection 17!
'Spawning a Ghost '' for user '14' on connection '17'!
[13:31:45.4420410]:[ServerWorld] Connection disconnected ID:0 Reason:ConnectionClose
Starting game stream on connection 18!
'Spawning a Ghost '' for user '17' on connection '18'!
[13:31:45.4598250]:[ServerWorld] Connection disconnected ID:0 Reason:ConnectionClose
Starting game stream on connection 19!
'Spawning a Ghost '' for user '12' on connection '19'!
[13:31:45.5120990]:[ServerWorld] Connection disconnected ID:0 Reason:ConnectionClose
[13:31:45.5254990]:[ServerWorld] New connection ID:20
Starting game stream on connection 20!
'Spawning a Ghost '' for user '20' on connection '20'!
[13:31:45.6622940]:[ServerWorld] Connection disconnected ID:0 Reason:ConnectionClose
TerrainLogicSystem Tick 3
[13:31:48.0484710]:[ServerWorld] New connection ID:21
[13:31:48.1101800]:[ServerWorld] New connection ID:22
[13:31:48.1286550]:[ServerWorld] New connection ID:23
Starting game stream on connection 21!
'Spawning a Ghost '' for user '22' on connection '21'!
[13:31:48.1601950]:[ServerWorld] Connection disconnected ID:0 Reason:ConnectionClose
[13:31:48.1955370]:[ServerWorld] New connection ID:24
[13:31:48.1955370]:[ServerWorld] New connection ID:25
Starting game stream on connection 22!
'Spawning a Ghost '' for user '21' on connection '22'!
[13:31:48.2156200]:[ServerWorld] New connection ID:26
[13:31:48.2156200]:[ServerWorld] Connection disconnected ID:0 Reason:ConnectionClose
Starting game stream on connection 23!
'Spawning a Ghost '' for user '24' on connection '23'!
[13:31:48.2497670]:[ServerWorld] Connection disconnected ID:0 Reason:ConnectionClose
[13:31:48.2641250]:[ServerWorld] New connection ID:27
Starting game stream on connection 24!
'Spawning a Ghost '' for user '23' on connection '24'!
[13:31:48.3137660]:[ServerWorld] Connection disconnected ID:0 Reason:ConnectionClose
Starting game stream on connection 26!
Starting game stream on connection 25!
'Spawning a Ghost '' for user '30' on connection '26'!
'Spawning a Ghost '' for user '28' on connection '25'!
[13:31:48.3425180]:[ServerWorld] Connection disconnected ID:0 Reason:ConnectionClose
[13:31:48.3425180]:[ServerWorld] Connection disconnected ID:0 Reason:ConnectionClose
[13:31:48.3621460]:[ServerWorld] New connection ID:28
[13:31:48.3761080]:[ServerWorld] New connection ID:29
Starting game stream on connection 27!
'Spawning a Ghost '' for user '27' on connection '27'!
[13:31:48.3953290]:[ServerWorld] New connection ID:30
[13:31:48.3953290]:[ServerWorld] Connection disconnected ID:0 Reason:ConnectionClose
Starting game stream on connection 28!
'Spawning a Ghost '' for user '26' on connection '28'!
[13:31:48.4809670]:[ServerWorld] Connection disconnected ID:0 Reason:ConnectionClose
Starting game stream on connection 30!
Starting game stream on connection 29!
'Spawning a Ghost '' for user '25' on connection '29'!
'Spawning a Ghost '' for user '29' on connection '30'!
[13:31:48.5092020]:[ServerWorld] Connection disconnected ID:0 Reason:ConnectionClose
[13:31:48.5092020]:[ServerWorld] Connection disconnected ID:0 Reason:ConnectionClose
TerrainLogicSystem Tick 4
[13:31:51.0942400]:[ServerWorld] New connection ID:31
[13:31:51.1091390]:[ServerWorld] New connection ID:32
[13:31:51.1645880]:[ServerWorld] New connection ID:33
[13:31:51.1788130]:[ServerWorld] New connection ID:34
Starting game stream on connection 31!
Starting game stream on connection 32!
'Spawning a Ghost '' for user '36' on connection '31'!
'Spawning a Ghost '' for user '35' on connection '32'!
[13:31:51.1943160]:[ServerWorld] New connection ID:35
[13:31:51.1943160]:[ServerWorld] Connection disconnected ID:0 Reason:ConnectionClose
[13:31:51.1943160]:[ServerWorld] Connection disconnected ID:0 Reason:ConnectionClose
[13:31:51.2706800]:[ServerWorld] New connection ID:36
Starting game stream on connection 33!
'Spawning a Ghost '' for user '31' on connection '33'!
[13:31:51.2871280]:[ServerWorld] Connection disconnected ID:0 Reason:ConnectionClose
Starting game stream on connection 34!
Starting game stream on connection 35!
'Spawning a Ghost '' for user '39' on connection '34'!
[13:31:51.3125650]:[ServerWorld] Connection disconnected ID:0 Reason:ConnectionClose
'Spawning a Ghost '' for user '32' on connection '35'!
[13:31:51.3275390]:[ServerWorld] Connection disconnected ID:0 Reason:ConnectionClose
[13:31:51.3443790]:[ServerWorld] New connection ID:37
[13:31:51.3612240]:[ServerWorld] New connection ID:38
Starting game stream on connection 36!
'Spawning a Ghost '' for user '33' on connection '36'!
[13:31:51.3813710]:[ServerWorld] Connection disconnected ID:0 Reason:ConnectionClose
[13:31:51.4140600]:[ServerWorld] New connection ID:39
Starting game stream on connection 37!
'Spawning a Ghost '' for user '38' on connection '37'!
[13:31:51.4597730]:[ServerWorld] Connection disconnected ID:0 Reason:ConnectionClose
Starting game stream on connection 38!
'Spawning a Ghost '' for user '40' on connection '38'!
[13:31:51.4756410]:[ServerWorld] New connection ID:40
[13:31:51.4756410]:[ServerWorld] Connection disconnected ID:0 Reason:ConnectionClose
Starting game stream on connection 39!
'Spawning a Ghost '' for user '34' on connection '39'!
[13:31:51.5105210]:[ServerWorld] Connection disconnected ID:0 Reason:ConnectionClose
Starting game stream on connection 40!
'Spawning a Ghost '' for user '37' on connection '40'!
[13:31:51.6138870]:[ServerWorld] Connection disconnected ID:0 Reason:ConnectionClose
TerrainLogicSystem Tick 5
[13:31:54.0648310]:[ServerWorld] New connection ID:41
[13:31:54.0757840]:[ServerWorld] New connection ID:42
Starting game stream on connection 42!
[13:31:54.1630080]:[ServerWorld] New connection ID:43
Starting game stream on connection 41!
'Spawning a Ghost '' for user '43' on connection '41'!
'Spawning a Ghost '' for user '48' on connection '42'!
[13:31:54.1789640]:[ServerWorld] New connection ID:45
[13:31:54.1789640]:[ServerWorld] New connection ID:44
[13:31:54.1789640]:[ServerWorld] Connection disconnected ID:0 Reason:ConnectionClose
[13:31:54.1789640]:[ServerWorld] Connection disconnected ID:0 Reason:ConnectionClose
[13:31:54.2096730]:[ServerWorld] New connection ID:46
Starting game stream on connection 43!
'Spawning a Ghost '' for user '46' on connection '43'!
[13:31:54.2637850]:[ServerWorld] New connection ID:47
[13:31:54.2637850]:[ServerWorld] New connection ID:48
[13:31:54.2637850]:[ServerWorld] Connection disconnected ID:0 Reason:ConnectionClose
Starting game stream on connection 44!
'Spawning a Ghost '' for user '41' on connection '44'!
[13:31:54.2964200]:[ServerWorld] Connection disconnected ID:0 Reason:ConnectionClose
Starting game stream on connection 46!
Starting game stream on connection 45!
'Spawning a Ghost '' for user '50' on connection '46'!
'Spawning a Ghost '' for user '47' on connection '45'!
[13:31:54.3114750]:[ServerWorld] Connection disconnected ID:0 Reason:ConnectionClose
[13:31:54.3114750]:[ServerWorld] Connection disconnected ID:0 Reason:ConnectionClose
[13:31:54.3611420]:[ServerWorld] New connection ID:49
Starting game stream on connection 47!
'Spawning a Ghost '' for user '49' on connection '47'!
[13:31:54.3778160]:[ServerWorld] Connection disconnected ID:0 Reason:ConnectionClose
Starting game stream on connection 48!
'Spawning a Ghost '' for user '44' on connection '48'!
[13:31:54.3973230]:[ServerWorld] New connection ID:50
[13:31:54.3973230]:[ServerWorld] Connection disconnected ID:0 Reason:ConnectionClose
Starting game stream on connection 49!
'Spawning a Ghost '' for user '45' on connection '49'!
[13:31:54.4545800]:[ServerWorld] Connection disconnected ID:0 Reason:ConnectionClose
Starting game stream on connection 50!
'Spawning a Ghost '' for user '42' on connection '50'!
[13:31:54.4783470]:[ServerWorld] Connection disconnected ID:0 Reason:ConnectionClose
TerrainLogicSystem Tick 6
[13:31:56.9483870]:[ServerWorld] New connection ID:51
[13:31:56.9483870]:[ServerWorld] New connection ID:52
[13:31:56.9797650]:[ServerWorld] New connection ID:53
Starting game stream on connection 51!
[13:31:57.0133920]:[ServerWorld] New connection ID:54
Starting game stream on connection 52!
'Spawning a Ghost '' for user '58' on connection '52'!
'Spawning a Ghost '' for user '53' on connection '51'!
[13:31:57.0313110]:[ServerWorld] Connection disconnected ID:0 Reason:ConnectionClose
[13:31:57.0313110]:[ServerWorld] Connection disconnected ID:0 Reason:ConnectionClose
Starting game stream on connection 53!
'Spawning a Ghost '' for user '56' on connection '53'!
[13:31:57.0656300]:[ServerWorld] Connection disconnected ID:0 Reason:ConnectionClose
[13:31:57.0951570]:[ServerWorld] New connection ID:55
[13:31:57.0951570]:[ServerWorld] New connection ID:56
Starting game stream on connection 54!
'Spawning a Ghost '' for user '55' on connection '54'!
[13:31:57.1116850]:[ServerWorld] Connection disconnected ID:0 Reason:ConnectionClose
[13:31:57.1294360]:[ServerWorld] New connection ID:57
[13:31:57.1472480]:[ServerWorld] New connection ID:58
Starting game stream on connection 55!
'Spawning a Ghost '' for user '57' on connection '55'!
[13:31:57.1792120]:[ServerWorld] Connection disconnected ID:0 Reason:ConnectionClose
Starting game stream on connection 56!
'Spawning a Ghost '' for user '54' on connection '56'!
[13:31:57.1952200]:[ServerWorld] New connection ID:59
[13:31:57.1952200]:[ServerWorld] Connection disconnected ID:0 Reason:ConnectionClose
Starting game stream on connection 57!
'Spawning a Ghost '' for user '52' on connection '57'!
[13:31:57.2269280]:[ServerWorld] Connection disconnected ID:0 Reason:ConnectionClose
Starting game stream on connection 58!
'Spawning a Ghost '' for user '60' on connection '58'!
[13:31:57.2603770]:[ServerWorld] Connection disconnected ID:0 Reason:ConnectionClose
[13:31:57.2780450]:[ServerWorld] New connection ID:60
Starting game stream on connection 59!
'Spawning a Ghost '' for user '59' on connection '59'!
[13:31:57.3102580]:[ServerWorld] Connection disconnected ID:0 Reason:ConnectionClose
Starting game stream on connection 60!
'Spawning a Ghost '' for user '51' on connection '60'!
[13:31:57.3811150]:[ServerWorld] Connection disconnected ID:0 Reason:ConnectionClose
TerrainLogicSystem Tick 7
[13:32:00.0793420]:[ServerWorld] New connection ID:61
[13:32:00.0968170]:[ServerWorld] New connection ID:63
[13:32:00.0968170]:[ServerWorld] New connection ID:62
[13:32:00.1132010]:[ServerWorld] New connection ID:65
[13:32:00.1132010]:[ServerWorld] New connection ID:64
[13:32:00.1533850]:[ServerWorld] New connection ID:66
[13:32:00.1533850]:[ServerWorld] New connection ID:67
[13:32:00.1533850]:[ServerWorld] New connection ID:68
Starting game stream on connection 61!
Starting game stream on connection 63!
Starting game stream on connection 62!
Starting game stream on connection 64!
'Spawning a Ghost '' for user '69' on connection '64'!
'Spawning a Ghost '' for user '65' on connection '61'!
[13:32:00.1966670]:[ServerWorld] Connection disconnected ID:0 Reason:ConnectionClose
[13:32:00.1966670]:[ServerWorld] Connection disconnected ID:0 Reason:ConnectionClose
Starting game stream on connection 65!
'Spawning a Ghost '' for user '64' on connection '63'!
'Spawning a Ghost '' for user '61' on connection '62'!
[13:32:00.2148010]:[ServerWorld] Connection disconnected ID:0 Reason:ConnectionClose
[13:32:00.2148010]:[ServerWorld] Connection disconnected ID:0 Reason:ConnectionClose
'Spawning a Ghost '' for user '66' on connection '65'!
[13:32:00.2352430]:[ServerWorld] New connection ID:69
[13:32:00.2352430]:[ServerWorld] Connection disconnected ID:0 Reason:ConnectionClose
Starting game stream on connection 68!
Starting game stream on connection 67!
Starting game stream on connection 66!
'Spawning a Ghost '' for user '68' on connection '67'!
'Spawning a Ghost '' for user '67' on connection '66'!
[13:32:00.2541590]:[ServerWorld] Connection disconnected ID:0 Reason:ConnectionClose
[13:32:00.2541590]:[ServerWorld] Connection disconnected ID:0 Reason:ConnectionClose
'Spawning a Ghost '' for user '63' on connection '68'!
[13:32:00.2619980]:[ServerWorld] New connection ID:70
[13:32:00.2619980]:[ServerWorld] Connection disconnected ID:0 Reason:ConnectionClose
Starting game stream on connection 69!
Starting game stream on connection 70!
'Spawning a Ghost '' for user '70' on connection '70'!
'Spawning a Ghost '' for user '62' on connection '69'!
[13:32:00.3652270]:[ServerWorld] Connection disconnected ID:0 Reason:ConnectionClose
[13:32:00.3652270]:[ServerWorld] Connection disconnected ID:0 Reason:ConnectionClose
TerrainLogicSystem Tick 8
TerrainLogicSystem Tick 9
[13:32:03.0613200]:[ServerWorld] New connection ID:71
[13:32:03.0613200]:[ServerWorld] New connection ID:72
[13:32:03.0772430]:[ServerWorld] New connection ID:73
[13:32:03.1266810]:[ServerWorld] New connection ID:74
[13:32:03.1467180]:[ServerWorld] New connection ID:75
Starting game stream on connection 71!
Starting game stream on connection 72!
[13:32:03.1642670]:[ServerWorld] New connection ID:77
[13:32:03.1642670]:[ServerWorld] New connection ID:76
'Spawning a Ghost '' for user '80' on connection '71'!
'Spawning a Ghost '' for user '79' on connection '72'!
[13:32:03.1763740]:[ServerWorld] Connection disconnected ID:0 Reason:ConnectionClose
[13:32:03.1763740]:[ServerWorld] Connection disconnected ID:0 Reason:ConnectionClose
Starting game stream on connection 73!
'Spawning a Ghost '' for user '74' on connection '73'!
[13:32:03.1933180]:[ServerWorld] Connection disconnected ID:0 Reason:ConnectionClose
Starting game stream on connection 74!
'Spawning a Ghost '' for user '72' on connection '74'!
[13:32:03.2283860]:[ServerWorld] New connection ID:78
[13:32:03.2283860]:[ServerWorld] Connection disconnected ID:0 Reason:ConnectionClose
Starting game stream on connection 76!
'Spawning a Ghost '' for user '71' on connection '76'!
[13:32:03.2520680]:[ServerWorld] New connection ID:79
[13:32:03.2520680]:[ServerWorld] Connection disconnected ID:0 Reason:ConnectionClose
Starting game stream on connection 75!
'Spawning a Ghost '' for user '78' on connection '75'!
[13:32:03.2718190]:[ServerWorld] Connection disconnected ID:0 Reason:ConnectionClose
Starting game stream on connection 77!
'Spawning a Ghost '' for user '73' on connection '77'!
[13:32:03.2978520]:[ServerWorld] New connection ID:80
[13:32:03.2978520]:[ServerWorld] Connection disconnected ID:0 Reason:ConnectionClose
Starting game stream on connection 78!
'Spawning a Ghost '' for user '75' on connection '78'!
[13:32:03.3300440]:[ServerWorld] Connection disconnected ID:0 Reason:ConnectionClose
Starting game stream on connection 79!
'Spawning a Ghost '' for user '77' on connection '79'!
[13:32:03.3683270]:[ServerWorld] Connection disconnected ID:0 Reason:ConnectionClose
Starting game stream on connection 80!
'Spawning a Ghost '' for user '76' on connection '80'!
[13:32:03.4306710]:[ServerWorld] Connection disconnected ID:0 Reason:ConnectionClose
TerrainLogicSystem Tick 10
TerrainLogicSystem Tick 11
[13:32:05.8598220]:[ServerWorld] New connection ID:81
[13:32:05.9436600]:[ServerWorld] New connection ID:82
Starting game stream on connection 81!
'Spawning a Ghost '' for user '90' on connection '81'!
[13:32:05.9784670]:[ServerWorld] Connection disconnected ID:0 Reason:ConnectionClose
[13:32:06.0050850]:[ServerWorld] New connection ID:83
[13:32:06.0050850]:[ServerWorld] New connection ID:84
[13:32:06.0172420]:[ServerWorld] New connection ID:85
Starting game stream on connection 82!
'Spawning a Ghost '' for user '87' on connection '82'!
[13:32:06.0304790]:[ServerWorld] Connection disconnected ID:0 Reason:ConnectionClose
Starting game stream on connection 83!
'Spawning a Ghost '' for user '88' on connection '83'!
[13:32:06.0938970]:[ServerWorld] New connection ID:86
[13:32:06.0938970]:[ServerWorld] Connection disconnected ID:0 Reason:ConnectionClose
Starting game stream on connection 84!
Starting game stream on connection 85!
'Spawning a Ghost '' for user '83' on connection '84'!
[13:32:06.1886260]:[ServerWorld] New connection ID:87
[13:32:06.1886260]:[ServerWorld] Connection disconnected ID:0 Reason:ConnectionClose
'Spawning a Ghost '' for user '89' on connection '85'!
[13:32:06.2051440]:[ServerWorld] New connection ID:88
[13:32:06.2051440]:[ServerWorld] Connection disconnected ID:0 Reason:ConnectionClose
Starting game stream on connection 86!
'Spawning a Ghost '' for user '85' on connection '86'!
[13:32:06.2097060]:[ServerWorld] Connection disconnected ID:0 Reason:ConnectionClose
TerrainLogicSystem Tick 12
Starting game stream on connection 87!
Starting game stream on connection 88!
'Spawning a Ghost '' for user '86' on connection '87'!
'Spawning a Ghost '' for user '84' on connection '88'!
[13:32:06.3240930]:[ServerWorld] Connection disconnected ID:0 Reason:ConnectionClose
[13:32:06.3240930]:[ServerWorld] Connection disconnected ID:0 Reason:ConnectionClose
[13:32:07.1792940]:[ServerWorld] New connection ID:89
Starting game stream on connection 89!
'Spawning a Ghost '' for user '81' on connection '89'!
[13:32:07.2475280]:[ServerWorld] Connection disconnected ID:0 Reason:ConnectionClose
[13:32:07.3815490]:[ServerWorld] New connection ID:90
TerrainLogicSystem Tick 13
Starting game stream on connection 90!
'Spawning a Ghost '' for user '82' on connection '90'!
[13:32:07.5113880]:[ServerWorld] Connection disconnected ID:0 Reason:ConnectionClose
TerrainLogicSystem Tick 14
[13:32:08.7944630]:[ServerWorld] New connection ID:91
[13:32:08.8440710]:[ServerWorld] New connection ID:92
Starting game stream on connection 91!
'Spawning a Ghost '' for user '99' on connection '91'!
[13:32:08.8952490]:[ServerWorld] Connection disconnected ID:0 Reason:ConnectionClose
Starting game stream on connection 92!
'Spawning a Ghost '' for user '98' on connection '92'!
[13:32:08.9429110]:[ServerWorld] Connection disconnected ID:0 Reason:ConnectionClose
[13:32:08.9632260]:[ServerWorld] New connection ID:93
[13:32:08.9779660]:[ServerWorld] New connection ID:95
[13:32:08.9779660]:[ServerWorld] New connection ID:94
[13:32:09.0113230]:[ServerWorld] New connection ID:96
[13:32:09.0280690]:[ServerWorld] New connection ID:97
[13:32:09.0438150]:[ServerWorld] New connection ID:99
[13:32:09.0438150]:[ServerWorld] New connection ID:98
Starting game stream on connection 93!
Starting game stream on connection 94!
'Spawning a Ghost '' for user '96' on connection '93'!
'Spawning a Ghost '' for user '100' on connection '94'!
[13:32:09.0642450]:[ServerWorld] Connection disconnected ID:0 Reason:ConnectionClose
[13:32:09.0642450]:[ServerWorld] Connection disconnected ID:0 Reason:ConnectionClose
Starting game stream on connection 95!
[13:32:09.0761700]:[ServerWorld] New connection ID:100
'Spawning a Ghost '' for user '92' on connection '95'!
[13:32:09.0964030]:[ServerWorld] Connection disconnected ID:0 Reason:ConnectionClose
Starting game stream on connection 97!
Starting game stream on connection 96!
'Spawning a Ghost '' for user '91' on connection '96'!
[13:32:09.1285860]:[ServerWorld] Connection disconnected ID:0 Reason:ConnectionClose
'Spawning a Ghost '' for user '93' on connection '97'!
[13:32:09.1465090]:[ServerWorld] Connection disconnected ID:0 Reason:ConnectionClose
Starting game stream on connection 100!
Starting game stream on connection 98!
Starting game stream on connection 99!
'Spawning a Ghost '' for user '97' on connection '100'!
'Spawning a Ghost '' for user '94' on connection '98'!
'Spawning a Ghost '' for user '95' on connection '99'!
[13:32:09.1605620]:[ServerWorld] Connection disconnected ID:0 Reason:ConnectionClose
[13:32:09.1605620]:[ServerWorld] Connection disconnected ID:0 Reason:ConnectionClose
[13:32:09.1605620]:[ServerWorld] Connection disconnected ID:0 Reason:ConnectionClose
TerrainLogicSystem Tick 15
[13:32:11.8799430]:[ServerWorld] New connection ID:101
[13:32:11.9266970]:[ServerWorld] New connection ID:102
[13:32:11.9640430]:[ServerWorld] New connection ID:103
[13:32:11.9640430]:[ServerWorld] New connection ID:104
Starting game stream on connection 101!
Starting game stream on connection 102!
'Spawning a Ghost '' for user '109' on connection '101'!
[13:32:12.0151370]:[ServerWorld] Connection disconnected ID:0 Reason:ConnectionClose
'Spawning a Ghost '' for user '102' on connection '102'!
[13:32:12.0269040]:[ServerWorld] New connection ID:105
[13:32:12.0269040]:[ServerWorld] Connection disconnected ID:0 Reason:ConnectionClose
Starting game stream on connection 104!
Starting game stream on connection 103!
'Spawning a Ghost '' for user '101' on connection '104'!
'Spawning a Ghost '' for user '107' on connection '103'!
[13:32:12.0454630]:[ServerWorld] New connection ID:107
[13:32:12.0454630]:[ServerWorld] New connection ID:106
[13:32:12.0454630]:[ServerWorld] Connection disconnected ID:0 Reason:ConnectionClose
[13:32:12.0454630]:[ServerWorld] Connection disconnected ID:0 Reason:ConnectionClose
[13:32:12.0666940]:[ServerWorld] New connection ID:109
[13:32:12.0666940]:[ServerWorld] New connection ID:108
Starting game stream on connection 105!
Starting game stream on connection 106!
'Spawning a Ghost '' for user '110' on connection '105'!
[13:32:12.2192010]:[ServerWorld] New connection ID:110
[13:32:12.2192010]:[ServerWorld] Connection disconnected ID:0 Reason:ConnectionClose
Starting game stream on connection 108!
Starting game stream on connection 107!
Starting game stream on connection 109!
'Spawning a Ghost '' for user '104' on connection '107'!
'Spawning a Ghost '' for user '106' on connection '109'!
'Spawning a Ghost '' for user '103' on connection '106'!
[13:32:12.2225470]:[ServerWorld] Connection disconnected ID:0 Reason:ConnectionClose
[13:32:12.2225470]:[ServerWorld] Connection disconnected ID:0 Reason:ConnectionClose
[13:32:12.2225470]:[ServerWorld] Connection disconnected ID:0 Reason:ConnectionClose
TerrainLogicSystem Tick 16
Starting game stream on connection 110!
'Spawning a Ghost '' for user '105' on connection '110'!
'Spawning a Ghost '' for user '108' on connection '108'!
[13:32:12.3449020]:[ServerWorld] Connection disconnected ID:0 Reason:ConnectionClose
[13:32:12.3449020]:[ServerWorld] Connection disconnected ID:0 Reason:ConnectionClose
TerrainLogicSystem Tick 17
TerrainLogicSystem Tick 18
TerrainLogicSystem Tick 19
[13:32:14.9470700]:[ServerWorld] New connection ID:111
[13:32:14.9657500]:[ServerWorld] New connection ID:112
[13:32:15.0169680]:[ServerWorld] New connection ID:113
[13:32:15.0169680]:[ServerWorld] New connection ID:114
[13:32:15.0467150]:[ServerWorld] New connection ID:115
[13:32:15.0467150]:[ServerWorld] New connection ID:116
[13:32:15.0467150]:[ServerWorld] New connection ID:117
Starting game stream on connection 111!
'Spawning a Ghost '' for user '112' on connection '111'!
[13:32:15.0656930]:[ServerWorld] New connection ID:118
[13:32:15.0656930]:[ServerWorld] Connection disconnected ID:0 Reason:ConnectionClose
Starting game stream on connection 112!
'Spawning a Ghost '' for user '117' on connection '112'!
[13:32:15.0815250]:[ServerWorld] Connection disconnected ID:0 Reason:ConnectionClose
Starting game stream on connection 113!
'Spawning a Ghost '' for user '114' on connection '113'!
[13:32:15.0985250]:[ServerWorld] Connection disconnected ID:0 Reason:ConnectionClose
Starting game stream on connection 114!
'Spawning a Ghost '' for user '119' on connection '114'!
[13:32:15.1305900]:[ServerWorld] New connection ID:119
[13:32:15.1305900]:[ServerWorld] Connection disconnected ID:0 Reason:ConnectionClose
Starting game stream on connection 116!
Starting game stream on connection 117!
Starting game stream on connection 115!
'Spawning a Ghost '' for user '120' on connection '116'!
'Spawning a Ghost '' for user '111' on connection '117'!
[13:32:15.1644590]:[ServerWorld] Connection disconnected ID:0 Reason:ConnectionClose
[13:32:15.1644590]:[ServerWorld] Connection disconnected ID:0 Reason:ConnectionClose
'Spawning a Ghost '' for user '116' on connection '115'!
[13:32:15.1795850]:[ServerWorld] New connection ID:120
[13:32:15.1795850]:[ServerWorld] Connection disconnected ID:0 Reason:ConnectionClose
Starting game stream on connection 118!
'Spawning a Ghost '' for user '113' on connection '118'!
[13:32:15.1987970]:[ServerWorld] Connection disconnected ID:0 Reason:ConnectionClose
Starting game stream on connection 119!
'Spawning a Ghost '' for user '118' on connection '119'!
[13:32:15.2310530]:[ServerWorld] Connection disconnected ID:0 Reason:ConnectionClose
Starting game stream on connection 120!
'Spawning a Ghost '' for user '115' on connection '120'!
[13:32:15.2973730]:[ServerWorld] Connection disconnected ID:0 Reason:ConnectionClose
TerrainLogicSystem Tick 20
TerrainLogicSystem Tick 21
TerrainLogicSystem Tick 22
TerrainLogicSystem Tick 23
TerrainLogicSystem Tick 24
TerrainLogicSystem Tick 25
TerrainLogicSystem Tick 26
TerrainLogicSystem Tick 27
TerrainLogicSystem Tick 28
TerrainLogicSystem Tick 29
TerrainLogicSystem Tick 30
TerrainLogicSystem Tick 31
TerrainLogicSystem Tick 32
TerrainLogicSystem Tick 33
TerrainLogicSystem Tick 34
TerrainLogicSystem Tick 35
TerrainLogicSystem Tick 36
TerrainLogicSystem Tick 37
TerrainLogicSystem Tick 38
TerrainLogicSystem Tick 39
TerrainLogicSystem Tick 40
TerrainLogicSystem Tick 41
TerrainLogicSystem Tick 42
TerrainLogicSystem Tick 43
TerrainLogicSystem Tick 44
TerrainLogicSystem Tick 45
TerrainLogicSystem Tick 46
TerrainLogicSystem Tick 47
TerrainLogicSystem Tick 48
TerrainLogicSystem Tick 49
TerrainLogicSystem Tick 50
TerrainLogicSystem Tick 51
TerrainLogicSystem Tick 52
TerrainLogicSystem Tick 53
TerrainLogicSystem Tick 54
TerrainLogicSystem Tick 55
TerrainLogicSystem Tick 56
TerrainLogicSystem Tick 57
TerrainLogicSystem Tick 58
TerrainLogicSystem Tick 59
TerrainLogicSystem Tick 60
TerrainLogicSystem Tick 61
TerrainLogicSystem Tick 62
TerrainLogicSystem Tick 63
TerrainLogicSystem Tick 64
TerrainLogicSystem Tick 65
TerrainLogicSystem Tick 66
TerrainLogicSystem Tick 67
TerrainLogicSystem Tick 68
TerrainLogicSystem Tick 69
TerrainLogicSystem Tick 70
TerrainLogicSystem Tick 71
TerrainLogicSystem Tick 72
TerrainLogicSystem Tick 73
TerrainLogicSystem Tick 74
TerrainLogicSystem Tick 75
TerrainLogicSystem Tick 76
TerrainLogicSystem Tick 77
TerrainLogicSystem Tick 78
TerrainLogicSystem Tick 79
TerrainLogicSystem Tick 80
TerrainLogicSystem Tick 81
Caught fatal signal - signo:15 code:0 errno:0 addr:0x1502000766e5
Obtained 21 stack frames.
#0  0x007fc1783469c9 in PlayerMain(int, char**)
#1  0x007fc17833b4b7 in (Unknown)
#2  0x007fc1760a3c20 in funlockfile
#3  0x007fc09e094748 in ComponentSystemGroup_UpdateAllSystems_m78B1AA9EAF07133497E9BA556B592AC93935441C
#4  0x007fc09e0944d8 in ComponentSystemGroup_OnUpdate_m83128938DF97469E0D1CB883E5C9000C0C2DA9A7
#5  0x007fc09e2f642f in SystemBase_Update_m795994EE60C054DFA78C313A60ED025B2668C9B4
#6  0x007fc09e094758 in ComponentSystemGroup_UpdateAllSystems_m78B1AA9EAF07133497E9BA556B592AC93935441C
#7  0x007fc09e0944cb in ComponentSystemGroup_OnUpdate_m83128938DF97469E0D1CB883E5C9000C0C2DA9A7
#8  0x007fc09e2f642f in SystemBase_Update_m795994EE60C054DFA78C313A60ED025B2668C9B4
#9  0x007fc09e2e47c6 in DummyDelegateWrapper_TriggerUpdate_m2C37F16899DE9C87FE35B065E0FF7E410E463FE7
#10 0x007fc09effb1a0 in UpdateFunction_Invoke_m9BCEE4E5BEE924EB804DA64314B78D0E831C179B
#11 0x007fc099e88073 in il2cpp::vm::Runtime::InvokeWithThrow(MethodInfo const*, void*, void**)
#12 0x007fc099e87fdb in il2cpp::vm::Runtime::Invoke(MethodInfo const*, void*, void**, Il2CppException**)
#13 0x007fc17827ff0b in (Unknown)
#14 0x007fc17828acd7 in (Unknown)
#15 0x007fc177dbe2e8 in (Unknown)
#16 0x007fc177dbe201 in (Unknown)
#17 0x007fc177dbe570 in (Unknown)
#18 0x007fc17833d077 in PlayerMain(int, char**)
#19 0x007fc175cef493 in __libc_start_main
#20 0x00000000201029 in _start
Setting up 12 worker threads for Enlighten.
Writing stats to file
Calling DomainUnloadOrPlayModeChangeShutdown!
Caught fatal signal - signo:11 code:1 errno:0 addr:0x48
Obtained 25 stack frames.
#0  0x007fc1783469c9 in PlayerMain(int, char**)
#1  0x007fc17833b4b7 in (Unknown)
#2  0x007fc1760a3c20 in funlockfile
#3  0x007fc177cfeff3 in (Unknown)
#4  0x007fc177cff671 in (Unknown)
#5  0x007fc177cdfe7a in (Unknown)
#6  0x007fc1786db42e in PlayerMain(int, char**)
#7  0x007fc17768d426 in (Unknown)
#8  0x007fc09ef6d320 in ContentLoadInterface_ContentFile_UnloadAsync_Injected_mBD2F1D561285B0DE37DCDA4DEA75931201B5E680
#9  0x007fc09ef6c78f in ContentLoadInterface_ContentFile_UnloadAsync_m197A3C60564D4E9F9049BAD57B46FB404A8F17BD
#10 0x007fc09ef6c635 in ContentFile_UnloadAsync_mF35518E83FCF4C1701AF2C6CEBF7E507490481D6
#11 0x007fc09e1e456a in RuntimeContentManager_ReleaseFile_m12EDB377B39EF4D01B3268E711303D79747A4F4C
#12 0x007fc09e1e245c in RuntimeContentManager_ReleaseObjectImpl_m84E24B7727CAA367D95ABC97FC529A5594840414
#13 0x007fc09e1e0ae8 in RuntimeContentManager_Cleanup_m6436DF58ED05204D0A7DFACFB212018BD6B813FD
#14 0x007fc09e1e1f38 in RuntimeContentManager_OnShutdown_m09B1F0AD37BE7168472DDB84F55C43F02CD40113
#15 0x007fc099cdde76 in EventHandler_Invoke_m9D3126CBE291A3E7E7C304094E1DA846832F9B96_Multicast(EventHandler_tC6323FD7E6163F965259C33D72612C0E5B9BAB82*, Il2CppObject*, EventArgs_t37273F03EAC87217701DD431B190FBD84AD7C377*, MethodInfo const*)
#16 0x007fc09d64f7b0 in EventHandler_Invoke_m9D3126CBE291A3E7E7C304094E1DA846832F9B96
#17 0x007fc099e88073 in il2cpp::vm::Runtime::InvokeWithThrow(MethodInfo const*, void*, void**)
#18 0x007fc099e87fdb in il2cpp::vm::Runtime::Invoke(MethodInfo const*, void*, void**, Il2CppException**)
#19 0x007fc099e87b1c in il2cpp::vm::Runtime::Shutdown()
#20 0x007fc178294f56 in (Unknown)
#21 0x007fc177dd0658 in (Unknown)
#22 0x007fc17833cee6 in PlayerMain(int, char**)
#23 0x007fc175cef493 in __libc_start_main
#24 0x00000000201029 in _start
