[UnityMemory] Configuration Parameters - Can be set up in boot.config
    "memorysetup-bucket-allocator-granularity=16"
    "memorysetup-bucket-allocator-bucket-count=8"
    "memorysetup-bucket-allocator-block-size=4194304"
    "memorysetup-bucket-allocator-block-count=1"
    "memorysetup-main-allocator-block-size=16777216"
    "memorysetup-thread-allocator-block-size=16777216"
    "memorysetup-gfx-main-allocator-block-size=16777216"
    "memorysetup-gfx-thread-allocator-block-size=16777216"
    "memorysetup-cache-allocator-block-size=4194304"
    "memorysetup-typetree-allocator-block-size=2097152"
    "memorysetup-profiler-bucket-allocator-granularity=16"
    "memorysetup-profiler-bucket-allocator-bucket-count=8"
    "memorysetup-profiler-bucket-allocator-block-size=4194304"
    "memorysetup-profiler-bucket-allocator-block-count=1"
    "memorysetup-profiler-allocator-block-size=16777216"
    "memorysetup-profiler-editor-allocator-block-size=1048576"
    "memorysetup-temp-allocator-size-main=4194304"
    "memorysetup-job-temp-allocator-block-size=2097152"
    "memorysetup-job-temp-allocator-block-size-background=1048576"
    "memorysetup-job-temp-allocator-reduction-small-platforms=262144"
    "memorysetup-allocator-temp-initial-block-size-main=262144"
    "memorysetup-allocator-temp-initial-block-size-worker=262144"
    "memorysetup-temp-allocator-size-background-worker=32768"
    "memorysetup-temp-allocator-size-job-worker=262144"
    "memorysetup-temp-allocator-size-preload-manager=262144"
    "memorysetup-temp-allocator-size-nav-mesh-worker=65536"
    "memorysetup-temp-allocator-size-audio-worker=65536"
    "memorysetup-temp-allocator-size-cloud-worker=32768"
    "memorysetup-temp-allocator-size-gfx=262144"
Remaining time:29s
Found 2 interfaces on host : 0) 10.141.0.7 1) 10.149.0.7
Player connection [140705205698432] Multi-casting "[IP] 10.141.0.7 [Port] 55000 [Flags] 19 [Guid] 557680566 [EditorId] 3988235067 [Version] 1048832 [Id] LinuxPlayer(13,10.141.0.7) [Debug] 0 [PackageName] LinuxPlayer [ProjectName] Opencraft" to [225.0.0.222:54997]...

Direct connection to host time out.
Stopping profiler. Profiler is not able to flush data to a file or socket and exceeded maximum allowed memory for buffering.
Please use Profiler.maxUsedMemory API or -profiler-maxusedmemory command line parameter to increase maximum allowed memory usage.
Using 134234112 bytes while Profiler.maxUsedMemory is 134217728 bytes.
Failed to initialize networking layer after 30 seconds, skipping waiting for connection before starting playback.
Preloaded 'lib_burst_generated.so'
Preloaded 'libwebrtc.so'
[Physics::Module] Initialized MultithreadedJobDispatcher with 47 workers.
Initialize engine version: 2022.3.16f1 (d2c21f0ef2f1)
[Subsystems] Discovering subsystems at path /var/scratch/zmr280/opencraft/opencraft_Data/UnitySubsystems
Forcing GfxDevice: Null
GfxDevice: creating device client; threaded=0; jobified=0
NullGfxDevice:
    Version:  NULL 1.0 [1.0]
    Renderer: Null Device
    Vendor:   Unity Technologies
ERROR: Shader Hidden/Universal Render Pipeline/Blit shader is not supported on this GPU (none of subshaders/fallbacks are suitable)
ERROR: Shader Hidden/Universal Render Pipeline/CopyDepth shader is not supported on this GPU (none of subshaders/fallbacks are suitable)
ERROR: Shader Hidden/Universal Render Pipeline/Sampling shader is not supported on this GPU (none of subshaders/fallbacks are suitable)
ERROR: Shader Hidden/Universal Render Pipeline/LutBuilderLdr shader is not supported on this GPU (none of subshaders/fallbacks are suitable)
ERROR: Shader Hidden/Universal Render Pipeline/LutBuilderHdr shader is not supported on this GPU (none of subshaders/fallbacks are suitable)
ERROR: Shader Hidden/Universal Render Pipeline/UberPost shader is not supported on this GPU (none of subshaders/fallbacks are suitable)
ERROR: Shader Hidden/Universal Render Pipeline/Debug/DebugReplacement shader is not supported on this GPU (none of subshaders/fallbacks are suitable)
ERROR: Shader Hidden/Universal/HDRDebugView shader is not supported on this GPU (none of subshaders/fallbacks are suitable)
WARNING: Shader Unsupported: 'Hidden/Universal Render Pipeline/FallbackError' - All subshaders removed
WARNING: Shader Did you use #pragma only_renderers and omit this platform?
WARNING: Shader If subshaders removal was intentional, you may have forgotten turning Fallback off?
ERROR: Shader Hidden/Universal Render Pipeline/FallbackError shader is not supported on this GPU (none of subshaders/fallbacks are suitable)
WARNING: Shader Unsupported: 'Hidden/Universal Render Pipeline/FallbackError' - All subshaders removed
WARNING: Shader Did you use #pragma only_renderers and omit this platform?
WARNING: Shader If subshaders removal was intentional, you may have forgotten turning Fallback off?
WARNING: Shader Unsupported: 'Hidden/Universal Render Pipeline/StencilDeferred' - All subshaders removed
WARNING: Shader Did you use #pragma only_renderers and omit this platform?
WARNING: Shader If subshaders removal was intentional, you may have forgotten turning Fallback off?
ERROR: Shader Hidden/Universal Render Pipeline/StencilDeferred shader is not supported on this GPU (none of subshaders/fallbacks are suitable)
WARNING: Shader Unsupported: 'Hidden/Universal Render Pipeline/StencilDeferred' - All subshaders removed
WARNING: Shader Did you use #pragma only_renderers and omit this platform?
WARNING: Shader If subshaders removal was intentional, you may have forgotten turning Fallback off?
ERROR: Shader Hidden/Universal Render Pipeline/CameraMotionVectors shader is not supported on this GPU (none of subshaders/fallbacks are suitable)
ERROR: Shader Hidden/Universal Render Pipeline/ObjectMotionVectors shader is not supported on this GPU (none of subshaders/fallbacks are suitable)
ERROR: Shader Hidden/Universal Render Pipeline/LensFlareDataDriven shader is not supported on this GPU (none of subshaders/fallbacks are suitable)
ERROR: Shader Hidden/Universal Render Pipeline/ScreenSpaceAmbientOcclusion shader is not supported on this GPU (none of subshaders/fallbacks are suitable)
ERROR: Shader Hidden/Universal Render Pipeline/Stop NaN shader is not supported on this GPU (none of subshaders/fallbacks are suitable)
ERROR: Shader Hidden/Universal Render Pipeline/SubpixelMorphologicalAntialiasing shader is not supported on this GPU (none of subshaders/fallbacks are suitable)
ERROR: Shader Hidden/Universal Render Pipeline/TemporalAA shader is not supported on this GPU (none of subshaders/fallbacks are suitable)
ERROR: Shader Hidden/Universal Render Pipeline/Scaling Setup shader is not supported on this GPU (none of subshaders/fallbacks are suitable)
ERROR: Shader Hidden/Universal Render Pipeline/Edge Adaptive Spatial Upsampling shader is not supported on this GPU (none of subshaders/fallbacks are suitable)
ERROR: Shader Hidden/Universal Render Pipeline/FinalPost shader is not supported on this GPU (none of subshaders/fallbacks are suitable)
ERROR: Shader Sprites/Default shader is not supported on this GPU (none of subshaders/fallbacks are suitable)
ERROR: Shader Sprites/Mask shader is not supported on this GPU (none of subshaders/fallbacks are suitable)
ERROR: Shader GUI/Text Shader shader is not supported on this GPU (none of subshaders/fallbacks are suitable)
UnloadTime: 0.874370 ms
Parsing args: /var/scratch/zmr280/opencraft/opencraft.x86_64, -batchmode, -nographics, -logStats, True, -serverUrl, 10.141.0.1, -statsFile, /var/scratch/zmr280/runs/pareto-activeLogic_5-Layer_6x_6z_80p_120s/opencraft_stats/client4.csv, -userID, 4, -playType, Client, -emulationType, Simulation
Setting up worlds with playType Client and streaming role Disabled
Adding type with UniqueSystemAttribute: StatisticsSystem
Adding type with UniqueSystemAttribute: StatisticsSystem
Adding world ClientWorld to update list
Connecting worlds with playType Client and streaming role Disabled
Created connection request for 10.141.0.1:7979
Creating statistics writer!
Recorder [ServerFixedUpdate] is invalid!
UnityEngine.DebugLogHandler:Internal_Log(LogType, LogOption, String, Object)
UnityEngine.DebugLogHandler:LogFormat(LogType, Object, String, Object[])
UnityEngine.Logger:Log(LogType, Object)
UnityEngine.Debug:LogWarning(Object)
PolkaDOTS.Statistics.StatisticsWriter:.ctor()
PolkaDOTS.Statistics.StatisticsWriterInstance:Awake()

Recorder [TerrainGeneration] is invalid!
UnityEngine.DebugLogHandler:Internal_Log(LogType, LogOption, String, Object)
UnityEngine.DebugLogHandler:LogFormat(LogType, Object, String, Object[])
UnityEngine.Logger:Log(LogType, Object)
UnityEngine.Debug:LogWarning(Object)
PolkaDOTS.Statistics.StatisticsWriter:.ctor()
PolkaDOTS.Statistics.StatisticsWriterInstance:Awake()

Recorder [PlayerTerrainGenCheck] is invalid!
UnityEngine.DebugLogHandler:Internal_Log(LogType, LogOption, String, Object)
UnityEngine.DebugLogHandler:LogFormat(LogType, Object, String, Object[])
UnityEngine.Logger:Log(LogType, Object)
UnityEngine.Debug:LogWarning(Object)
PolkaDOTS.Statistics.StatisticsWriter:.ctor()
PolkaDOTS.Statistics.StatisticsWriterInstance:Awake()

Recorder [StructureGeneration] is invalid!
UnityEngine.DebugLogHandler:Internal_Log(LogType, LogOption, String, Object)
UnityEngine.DebugLogHandler:LogFormat(LogType, Object, String, Object[])
UnityEngine.Logger:Log(LogType, Object)
UnityEngine.Debug:LogWarning(Object)
PolkaDOTS.Statistics.StatisticsWriter:.ctor()
PolkaDOTS.Statistics.StatisticsWriterInstance:Awake()

Recorder [TerrainLogicSystem] is invalid!
UnityEngine.DebugLogHandler:Internal_Log(LogType, LogOption, String, Object)
UnityEngine.DebugLogHandler:LogFormat(LogType, Object, String, Object[])
UnityEngine.Logger:Log(LogType, Object)
UnityEngine.Debug:LogWarning(Object)
PolkaDOTS.Statistics.StatisticsWriter:.ctor()
PolkaDOTS.Statistics.StatisticsWriterInstance:Awake()

Recorder [GetUpdates] is invalid!
UnityEngine.DebugLogHandler:Internal_Log(LogType, LogOption, String, Object)
UnityEngine.DebugLogHandler:LogFormat(LogType, Object, String, Object[])
UnityEngine.Logger:Log(LogType, Object)
UnityEngine.Debug:LogWarning(Object)
PolkaDOTS.Statistics.StatisticsWriter:.ctor()
PolkaDOTS.Statistics.StatisticsWriterInstance:Awake()

Recorder [ReevaluatePropagateMarker] is invalid!
UnityEngine.DebugLogHandler:Internal_Log(LogType, LogOption, String, Object)
UnityEngine.DebugLogHandler:LogFormat(LogType, Object, String, Object[])
UnityEngine.Logger:Log(LogType, Object)
UnityEngine.Debug:LogWarning(Object)
PolkaDOTS.Statistics.StatisticsWriter:.ctor()
PolkaDOTS.Statistics.StatisticsWriterInstance:Awake()

Recorder [PropagateLogicState] is invalid!
UnityEngine.DebugLogHandler:Internal_Log(LogType, LogOption, String, Object)
UnityEngine.DebugLogHandler:LogFormat(LogType, Object, String, Object[])
UnityEngine.Logger:Log(LogType, Object)
UnityEngine.Debug:LogWarning(Object)
PolkaDOTS.Statistics.StatisticsWriter:.ctor()
PolkaDOTS.Statistics.StatisticsWriterInstance:Awake()

Recorder [PropInputBlocks] is invalid!
UnityEngine.DebugLogHandler:Internal_Log(LogType, LogOption, String, Object)
UnityEngine.DebugLogHandler:LogFormat(LogType, Object, String, Object[])
UnityEngine.Logger:Log(LogType, Object)
UnityEngine.Debug:LogWarning(Object)
PolkaDOTS.Statistics.StatisticsWriter:.ctor()
PolkaDOTS.Statistics.StatisticsWriterInstance:Awake()

Recorder [PropActiveLogicBlocks] is invalid!
UnityEngine.DebugLogHandler:Internal_Log(LogType, LogOption, String, Object)
UnityEngine.DebugLogHandler:LogFormat(LogType, Object, String, Object[])
UnityEngine.Logger:Log(LogType, Object)
UnityEngine.Debug:LogWarning(Object)
PolkaDOTS.Statistics.StatisticsWriter:.ctor()
PolkaDOTS.Statistics.StatisticsWriterInstance:Awake()

Recorder [CheckGateState] is invalid!
UnityEngine.DebugLogHandler:Internal_Log(LogType, LogOption, String, Object)
UnityEngine.DebugLogHandler:LogFormat(LogType, Object, String, Object[])
UnityEngine.Logger:Log(LogType, Object)
UnityEngine.Debug:LogWarning(Object)
PolkaDOTS.Statistics.StatisticsWriter:.ctor()
PolkaDOTS.Statistics.StatisticsWriterInstance:Awake()

Recorder [GhostSimulationSystemGroup] is invalid!
UnityEngine.DebugLogHandler:Internal_Log(LogType, LogOption, String, Object)
UnityEngine.DebugLogHandler:LogFormat(LogType, Object, String, Object[])
UnityEngine.Logger:Log(LogType, Object)
UnityEngine.Debug:LogWarning(Object)
PolkaDOTS.Statistics.StatisticsWriter:.ctor()
PolkaDOTS.Statistics.StatisticsWriterInstance:Awake()

Recorder [PredictedSimulationSystemGroup] is invalid!
UnityEngine.DebugLogHandler:Internal_Log(LogType, LogOption, String, Object)
UnityEngine.DebugLogHandler:LogFormat(LogType, Object, String, Object[])
UnityEngine.Logger:Log(LogType, Object)
UnityEngine.Debug:LogWarning(Object)
PolkaDOTS.Statistics.StatisticsWriter:.ctor()
PolkaDOTS.Statistics.StatisticsWriterInstance:Awake()

Initializing multiplay!
Found non-specified codec: VP8 Internal video/VP8 implementation_name=Internal
Found codec: VP9 Profile0
Found codec: VP9 Profile2
Found codec: VP9 Profile1
Found codec: VP9 Profile3
Found codec: AV1 Profile0
Found codec: AV1 Profile1
Could not find H264.High as streaming codec!
Adding terrain areas statistics recorders
Streamed scene with   35ms latency from /var/scratch/zmr280/opencraft/opencraft_Data/StreamingAssets/EntityScenes/bea83102298cfb741939cdba85abe535.0.entities
AutoLoading authoring scene in world ClientWorld
[13:24:00.8130600]:[ClientWorld] New connection ID:4
ERROR: Shader Custom/VoxelShader shader is not supported on this GPU (none of subshaders/fallbacks are suitable)
WARNING: Shader Unsupported: 'Hidden/Universal Render Pipeline/FallbackError' - All subshaders removed
WARNING: Shader Did you use #pragma only_renderers and omit this platform?
WARNING: Shader If subshaders removal was intentional, you may have forgotten turning Fallback off?
ERROR: Shader Hidden/Universal Render Pipeline/FallbackError shader is not supported on this GPU (none of subshaders/fallbacks are suitable)
WARNING: Shader Unsupported: 'Hidden/Universal Render Pipeline/FallbackError' - All subshaders removed
WARNING: Shader Did you use #pragma only_renderers and omit this platform?
WARNING: Shader If subshaders removal was intentional, you may have forgotten turning Fallback off?
WARNING: Shader Unsupported: 'Universal Render Pipeline/Lit' - All subshaders removed
WARNING: Shader Did you use #pragma only_renderers and omit this platform?
WARNING: Shader If subshaders removal was intentional, you may have forgotten turning Fallback off?
ERROR: Shader Universal Render Pipeline/Lit shader is not supported on this GPU (none of subshaders/fallbacks are suitable)
WARNING: Shader Unsupported: 'Universal Render Pipeline/Lit' - All subshaders removed
WARNING: Shader Did you use #pragma only_renderers and omit this platform?
WARNING: Shader If subshaders removal was intentional, you may have forgotten turning Fallback off?
WARNING: Shader Unsupported: 'Universal Render Pipeline/Unlit' - All subshaders removed
WARNING: Shader Did you use #pragma only_renderers and omit this platform?
WARNING: Shader If subshaders removal was intentional, you may have forgotten turning Fallback off?
ERROR: Shader Universal Render Pipeline/Unlit shader is not supported on this GPU (none of subshaders/fallbacks are suitable)
WARNING: Shader Unsupported: 'Universal Render Pipeline/Unlit' - All subshaders removed
WARNING: Shader Did you use #pragma only_renderers and omit this platform?
WARNING: Shader If subshaders removal was intentional, you may have forgotten turning Fallback off?
Streamed scene with   44ms latency from /var/scratch/zmr280/opencraft/opencraft_Data/StreamingAssets/EntityScenes/62561c7118c5bbb46929c6bf65331faa.0.entities
Sending start game stream RPC
Emulation type is Idle, Simulation
Creating local player object
Sending spawn player RPC for user 4
ERROR: Shader UI/Default shader is not supported on this GPU (none of subshaders/fallbacks are suitable)
Player 4 has no connection ID!
UnityEngine.DebugLogHandler:Internal_Log(LogType, LogOption, String, Object)
UnityEngine.DebugLogHandler:LogFormat(LogType, Object, String, Object[])
UnityEngine.Logger:Log(LogType, Object)
UnityEngine.Debug:LogWarning(Object)
Opencraft.Player.SamplePlayerInput:OnUpdate(SystemState&)
Opencraft.Player.SamplePlayerInput:__codegen__OnUpdate(IntPtr, IntPtr)

Linking player entity Entity(164:1) to 4@LOCALPLAYER
    0: Could not find target at int3(0, 13, 0)
    1: Could not find target at int3(0, 13, 0)
Player simulation searching for path from float3(0.5f, 13.2f, 0.5f) = int3(0, 13, 0) to int3(4, 13, 3)
Player simulation could not find a path from int3(0, 13, 0) to int3(4, 13, 3), will choose new target
    3: Could not find target at int3(0, 13, 0)
    4: Could not find target at int3(0, 13, 0)
    5: Could not find target at int3(0, 13, 0)
    6: Could not find target at int3(0, 13, 0)
    7: Could not find target at int3(0, 13, 0)
    8: Could not find target at int3(0, 13, 0)
ClientWorld player simulation could not find a path in 9 attempts, waiting to try again
Player simulation searching for path from float3(0.5f, 13.1f, 0.5f) = int3(0, 13, 0) to int3(15, 13, -15)
AStar halted as encountered unloaded blocks, retrying...
Player simulation could not find a path from int3(0, 13, 0) to int3(15, 13, -15), will choose new target
    1: Could not find target at int3(0, 13, 0)
Player simulation searching for path from float3(0.5f, 13.1f, 0.5f) = int3(0, 13, 0) to int3(4, 13, 3)
AStar halted as encountered unloaded blocks, retrying...
Player simulation could not find a path from int3(0, 13, 0) to int3(4, 13, 3), will choose new target
Player simulation searching for path from float3(0.5f, 13.1f, 0.5f) = int3(0, 13, 0) to int3(-6, 13, 9)
AStar halted as encountered unloaded blocks, retrying...
Player simulation could not find a path from int3(0, 13, 0) to int3(-6, 13, 9), will choose new target
Player simulation searching for path from float3(0.5f, 13.1f, 0.5f) = int3(0, 13, 0) to int3(15, 13, -10)
AStar halted as encountered unloaded blocks, retrying...
Player simulation could not find a path from int3(0, 13, 0) to int3(15, 13, -10), will choose new target
    5: Could not find target at int3(0, 13, 0)
Player simulation searching for path from float3(0.5f, 13.1f, 0.5f) = int3(0, 13, 0) to int3(1, 13, -12)
AStar halted as encountered unloaded blocks, retrying...
Player simulation could not find a path from int3(0, 13, 0) to int3(1, 13, -12), will choose new target
Player simulation searching for path from float3(0.5f, 13.1f, 0.5f) = int3(0, 13, 0) to int3(-8, 13, 12)
AStar halted as encountered unloaded blocks, retrying...
Player simulation could not find a path from int3(0, 13, 0) to int3(-8, 13, 12), will choose new target
    8: Could not find target at int3(0, 13, 0)
ClientWorld player simulation could not find a path in 9 attempts, waiting to try again
Player simulation searching for path from float3(0.5f, 13.1f, 0.5f) = int3(0, 13, 0) to int3(15, 13, -15)
AStar halted as encountered unloaded blocks, retrying...
Player simulation could not find a path from int3(0, 13, 0) to int3(15, 13, -15), will choose new target
Player simulation searching for path from float3(0.5f, 13.1f, 0.5f) = int3(0, 13, 0) to int3(-14, 13, -14)
ClientWorld player simulation set new target int3(-14, 13, -14)
ClientWorld player simulation reached target int3(-14, 13, -14)
Player simulation searching for path from float3(-13.35271f, 13.12929f, -13.489f) = int3(-14, 13, -14) to int3(-14, 13, -9)
ClientWorld player simulation set new target int3(-14, 13, -9)
ClientWorld player simulation reached target int3(-14, 13, -9)
Player simulation searching for path from float3(-13.523f, 13.12929f, -8.677288f) = int3(-14, 13, -9) to int3(7, 13, 14)
ClientWorld player simulation set new target int3(7, 13, 14)
ClientWorld player simulation reached target int3(7, 13, 14)
Player simulation searching for path from float3(7.383711f, 13.12929f, 14.523f) = int3(7, 13, 14) to int3(10, 13, -1)
ClientWorld player simulation set new target int3(10, 13, -1)
ClientWorld player simulation reached target int3(10, 13, -1)
Player simulation searching for path from float3(10.37345f, 13.14227f, -0.4799757f) = int3(10, 13, -1) to int3(-7, 13, -14)
ClientWorld player simulation set new target int3(-7, 13, -14)
ClientWorld player simulation reached target int3(-7, 13, -14)
Player simulation searching for path from float3(-6.38271f, 13.12929f, -13.482f) = int3(-7, 13, -14) to int3(-1, 13, -8)
ClientWorld player simulation set new target int3(-1, 13, -8)
ClientWorld player simulation reached target int3(-1, 13, -8)
Player simulation searching for path from float3(-0.469f, 13.12929f, -7.66029f) = int3(-1, 13, -8) to int3(2, 13, -2)
ClientWorld player simulation set new target int3(2, 13, -2)
ClientWorld player simulation reached target int3(2, 13, -2)
Player simulation searching for path from float3(2.468f, 13.12929f, -1.624289f) = int3(2, 13, -2) to int3(-11, 13, 1)
ClientWorld player simulation set new target int3(-11, 13, 1)
ClientWorld player simulation reached target int3(-11, 13, 1)
Player simulation searching for path from float3(-10.473f, 13.12929f, 1.360711f) = int3(-11, 13, 1) to int3(-12, 13, 1)
ClientWorld player simulation set new target int3(-12, 13, 1)
ClientWorld player simulation reached target int3(-12, 13, 1)
Player simulation searching for path from float3(-11.38471f, 13.12929f, 1.531f) = int3(-12, 13, 1) to int3(-4, 13, -5)
ClientWorld player simulation set new target int3(-4, 13, -5)
ClientWorld player simulation reached target int3(-4, 13, -5)
Player simulation searching for path from float3(-3.67529f, 13.12929f, -4.495f) = int3(-4, 13, -5) to int3(14, 13, -2)
ClientWorld player simulation set new target int3(14, 13, -2)
ClientWorld player simulation reached target int3(14, 13, -2)
Player simulation searching for path from float3(14.514f, 13.12929f, -1.622289f) = int3(14, 13, -2) to int3(9, 13, -15)
ClientWorld player simulation set new target int3(9, 13, -15)
ClientWorld player simulation reached target int3(9, 13, -15)
Player simulation searching for path from float3(9.659842f, 13.14227f, -14.52374f) = int3(9, 13, -15) to int3(4, 13, -10)
ClientWorld player simulation set new target int3(4, 13, -10)
ClientWorld player simulation reached target int3(4, 13, -10)
Player simulation searching for path from float3(4.477265f, 13.14227f, -9.615843f) = int3(4, 13, -10) to int3(-15, 13, -9)
ClientWorld player simulation set new target int3(-15, 13, -9)
ClientWorld player simulation reached target int3(-15, 13, -9)
Player simulation searching for path from float3(-14.52f, 13.12929f, -8.620289f) = int3(-15, 13, -9) to int3(7, 13, -11)
ClientWorld player simulation set new target int3(7, 13, -11)
ClientWorld player simulation reached target int3(7, 13, -11)
Player simulation searching for path from float3(7.499001f, 13.12929f, -10.31471f) = int3(7, 13, -11) to int3(6, 13, 8)
ClientWorld player simulation set new target int3(6, 13, 8)
ClientWorld player simulation reached target int3(6, 13, 8)
Player simulation searching for path from float3(6.516f, 13.12929f, 8.350712f) = int3(6, 13, 8) to int3(-7, 13, 1)
ClientWorld player simulation set new target int3(-7, 13, 1)
ClientWorld player simulation reached target int3(-7, 13, 1)
Player simulation searching for path from float3(-6.471f, 13.12929f, 1.698289f) = int3(-7, 13, 1) to int3(-1, 13, 4)
ClientWorld player simulation set new target int3(-1, 13, 4)
ClientWorld player simulation reached target int3(-1, 13, 4)
Player simulation searching for path from float3(-0.5827351f, 13.14227f, 4.357735f) = int3(-1, 13, 4) to int3(2, 13, -2)
ClientWorld player simulation set new target int3(2, 13, -2)
ClientWorld player simulation reached target int3(2, 13, -2)
Player simulation searching for path from float3(2.35271f, 13.12929f, -1.487f) = int3(2, 13, -2) to int3(-11, 13, 1)
ClientWorld player simulation set new target int3(-11, 13, 1)
ClientWorld player simulation reached target int3(-11, 13, 1)
Player simulation searching for path from float3(-10.467f, 13.12929f, 1.314711f) = int3(-11, 13, 1) to int3(-12, 13, 1)
ClientWorld player simulation set new target int3(-12, 13, 1)
ClientWorld player simulation reached target int3(-12, 13, 1)
Player simulation searching for path from float3(-11.36171f, 13.12929f, 1.486f) = int3(-12, 13, 1) to int3(-4, 13, -5)
ClientWorld player simulation set new target int3(-4, 13, -5)
ClientWorld player simulation reached target int3(-4, 13, -5)
Player simulation searching for path from float3(-3.62829f, 13.12929f, -4.506f) = int3(-4, 13, -5) to int3(14, 13, -2)
ClientWorld player simulation set new target int3(14, 13, -2)
ClientWorld player simulation reached target int3(14, 13, -2)
Player simulation searching for path from float3(14.508f, 13.12929f, -1.604289f) = int3(14, 13, -2) to int3(9, 13, -15)
ClientWorld player simulation set new target int3(9, 13, -15)
ClientWorld player simulation reached target int3(9, 13, -15)
Player simulation searching for path from float3(9.664289f, 13.12929f, -14.506f) = int3(9, 13, -15) to int3(4, 13, -10)
ClientWorld player simulation set new target int3(4, 13, -10)
ClientWorld player simulation reached target int3(4, 13, -10)
Player simulation searching for path from float3(4.538f, 13.12929f, -9.621288f) = int3(4, 13, -10) to int3(-15, 13, -9)
ClientWorld player simulation set new target int3(-15, 13, -9)
ClientWorld player simulation reached target int3(-15, 13, -9)
Player simulation searching for path from float3(-14.60442f, 13.12929f, -8.655867f) = int3(-15, 13, -9) to int3(7, 13, -11)
ClientWorld player simulation set new target int3(7, 13, -11)
ClientWorld player simulation reached target int3(7, 13, -11)
Player simulation searching for path from float3(7.473001f, 13.12929f, -10.35071f) = int3(7, 13, -11) to int3(6, 13, 8)
ClientWorld player simulation set new target int3(6, 13, 8)
ClientWorld player simulation reached target int3(6, 13, 8)
Player simulation searching for path from float3(6.52f, 13.12929f, 8.385713f) = int3(6, 13, 8) to int3(-7, 13, 1)
ClientWorld player simulation set new target int3(-7, 13, 1)
ClientWorld player simulation reached target int3(-7, 13, 1)
Player simulation searching for path from float3(-6.516f, 13.12929f, 1.616289f) = int3(-7, 13, 1) to int3(-1, 13, 4)
ClientWorld player simulation set new target int3(-1, 13, 4)
ClientWorld player simulation reached target int3(-1, 13, 4)
Player simulation searching for path from float3(-0.489f, 13.12929f, 4.301132f) = int3(-1, 13, 4) to int3(2, 13, -2)
ClientWorld player simulation set new target int3(2, 13, -2)
ClientWorld player simulation reached target int3(2, 13, -2)
Player simulation searching for path from float3(2.36571f, 13.12929f, -1.513f) = int3(2, 13, -2) to int3(-11, 13, 1)
ClientWorld player simulation set new target int3(-11, 13, 1)
ClientWorld player simulation reached target int3(-11, 13, 1)
Player simulation searching for path from float3(-10.51074f, 13.14227f, 1.358156f) = int3(-11, 13, 1) to int3(-12, 13, 1)
ClientWorld player simulation set new target int3(-12, 13, 1)
ClientWorld player simulation reached target int3(-12, 13, 1)
Player simulation searching for path from float3(-11.33571f, 13.12929f, 1.513f) = int3(-12, 13, 1) to int3(-4, 13, -5)
ClientWorld player simulation set new target int3(-4, 13, -5)
ClientWorld player simulation reached target int3(-4, 13, -5)
Player simulation searching for path from float3(-3.66629f, 13.12929f, -4.491f) = int3(-4, 13, -5) to int3(14, 13, -2)
ClientWorld player simulation set new target int3(14, 13, -2)
ClientWorld player simulation reached target int3(14, 13, -2)
Player simulation searching for path from float3(14.482f, 13.12929f, -1.601289f) = int3(14, 13, -2) to int3(9, 13, -15)
ClientWorld player simulation set new target int3(9, 13, -15)
ClientWorld player simulation reached target int3(9, 13, -15)
Player simulation searching for path from float3(9.661842f, 13.14227f, -14.59274f) = int3(9, 13, -15) to int3(4, 13, -10)
ClientWorld player simulation set new target int3(4, 13, -10)
ClientWorld player simulation reached target int3(4, 13, -10)
Player simulation searching for path from float3(4.511f, 13.12929f, -9.665289f) = int3(4, 13, -10) to int3(-15, 13, -9)
ClientWorld player simulation set new target int3(-15, 13, -9)
ClientWorld player simulation reached target int3(-15, 13, -9)
Player simulation searching for path from float3(-14.48498f, 13.14227f, -8.682553f) = int3(-15, 13, -9) to int3(7, 13, -11)
ClientWorld player simulation set new target int3(7, 13, -11)
ClientWorld player simulation reached target int3(7, 13, -11)
Player simulation searching for path from float3(7.49f, 13.12929f, -10.38871f) = int3(7, 13, -11) to int3(6, 13, 8)
ClientWorld player simulation set new target int3(6, 13, 8)
ClientWorld player simulation reached target int3(6, 13, 8)
Player simulation searching for path from float3(6.520266f, 13.14227f, 8.375737f) = int3(6, 13, 8) to int3(-7, 13, 1)
ClientWorld player simulation set new target int3(-7, 13, 1)
ClientWorld player simulation reached target int3(-7, 13, 1)
Player simulation searching for path from float3(-6.502f, 13.12929f, 1.660289f) = int3(-7, 13, 1) to int3(-1, 13, 4)
ClientWorld player simulation set new target int3(-1, 13, 4)
ClientWorld player simulation reached target int3(-1, 13, 4)
Player simulation searching for path from float3(-0.512f, 13.12929f, 4.350711f) = int3(-1, 13, 4) to int3(2, 13, -2)
ClientWorld player simulation set new target int3(2, 13, -2)
ClientWorld player simulation reached target int3(2, 13, -2)
Player simulation searching for path from float3(2.365156f, 13.14227f, -1.497735f) = int3(2, 13, -2) to int3(-11, 13, 1)
ClientWorld player simulation set new target int3(-11, 13, 1)
ClientWorld player simulation reached target int3(-11, 13, 1)
Player simulation searching for path from float3(-10.51045f, 13.14227f, 1.303446f) = int3(-11, 13, 1) to int3(-12, 13, 1)
ClientWorld player simulation set new target int3(-12, 13, 1)
ClientWorld player simulation reached target int3(-12, 13, 1)
Player simulation searching for path from float3(-11.32274f, 13.14227f, 1.514735f) = int3(-12, 13, 1) to int3(-4, 13, -5)
ClientWorld player simulation set new target int3(-4, 13, -5)
ClientWorld player simulation reached target int3(-4, 13, -5)
Player simulation searching for path from float3(-3.69729f, 13.12929f, -4.498f) = int3(-4, 13, -5) to int3(14, 13, -2)
ClientWorld player simulation set new target int3(14, 13, -2)
ClientWorld player simulation reached target int3(14, 13, -2)
Player simulation searching for path from float3(14.46702f, 13.14227f, -1.696554f) = int3(14, 13, -2) to int3(9, 13, -15)
ClientWorld player simulation set new target int3(9, 13, -15)
ClientWorld player simulation reached target int3(9, 13, -15)
Player simulation searching for path from float3(9.689553f, 13.14227f, -14.44403f) = int3(9, 13, -15) to int3(4, 13, -10)
ClientWorld player simulation set new target int3(4, 13, -10)
ClientWorld player simulation reached target int3(4, 13, -10)
Player simulation searching for path from float3(4.513024f, 13.14227f, -9.667554f) = int3(4, 13, -10) to int3(-15, 13, -9)
ClientWorld player simulation set new target int3(-15, 13, -9)
ClientWorld player simulation reached target int3(-15, 13, -9)
Player simulation searching for path from float3(-14.523f, 13.12929f, -8.660288f) = int3(-15, 13, -9) to int3(7, 13, -11)
ClientWorld player simulation set new target int3(7, 13, -11)
ClientWorld player simulation reached target int3(7, 13, -11)
Player simulation searching for path from float3(7.48429f, 13.12929f, -10.32542f) = int3(7, 13, -11) to int3(6, 13, 8)
ClientWorld player simulation set new target int3(6, 13, 8)
[13:26:20.2207930]:[ClientWorld] Connection disconnected ID:4 Reason:ClosedByRemote
Caught fatal signal - signo:15 code:0 errno:0 addr:0x15020008a3dc
Obtained 26 stack frames.
#0  0x007ff87a42a9c9 in PlayerMain(int, char**)
#1  0x007ff87a41f4b7 in (Unknown)
#2  0x007ff878187c20 in funlockfile
#3  0x007ff877f1090a in __memmove_avx_unaligned_erms
#4  0x007ff818fab60c in Buffer_InternalMemcpy_mFABC315DCD001655DDA90A2531F56366794E72C5
#5  0x007ff818fab55b in Buffer_Memcpy_m87345ACEE449F8CEA42341BC9F4AFC3743EF96D1
#6  0x007ff818fabb95 in Buffer_Memmove_mAA31A45BF1B1FA6490F0913B7FB59537767E5EF3
#7  0x007ff818d055cf in String_wstrcpy_m7F8C35DCD0E2D5AAC35B153EF73E6B0F1501406B
#8  0x007ff818d054fb in String_FillStringChecked_m3413709C427A00C5AB0F94E659DB63E6B4816D62
#9  0x007ff818cf2599 in String_Concat_m9E3155FB84015C823606188F53B47CB44C444991
#10 0x007ff8191ab857 in StatisticsWriter_Update_m24123BF001E17A5463E4292E5A6CFD276BBDA76C
#11 0x007ff8191ab523 in StatisticsWriterInstance_Update_m336F478398EDE3BFB1A5F3FBFF6830892C7A1FF0
#12 0x007ff815776073 in il2cpp::vm::Runtime::InvokeWithThrow(MethodInfo const*, void*, void**)
#13 0x007ff815775fdb in il2cpp::vm::Runtime::Invoke(MethodInfo const*, void*, void**, Il2CppException**)
#14 0x007ff87a363f0b in (Unknown)
#15 0x007ff87a36ecd7 in (Unknown)
#16 0x007ff87a3959a4 in (Unknown)
#17 0x007ff879b98c96 in (Unknown)
#18 0x007ff879b98aae in (Unknown)
#19 0x007ff879eb68cd in (Unknown)
#20 0x007ff879ea2247 in (Unknown)
#21 0x007ff879ea2201 in (Unknown)
#22 0x007ff879ea2570 in (Unknown)
#23 0x007ff87a421077 in PlayerMain(int, char**)
#24 0x007ff877dd3493 in __libc_start_main
#25 0x00000000201029 in _start
Setting up 12 worker threads for Enlighten.
Calling DomainUnloadOrPlayModeChangeShutdown!
Writing stats to file
Caught fatal signal - signo:11 code:1 errno:0 addr:0x48
Obtained 25 stack frames.
#0  0x007ff87a42a9c9 in PlayerMain(int, char**)
#1  0x007ff87a41f4b7 in (Unknown)
#2  0x007ff878187c20 in funlockfile
#3  0x007ff879de2ff3 in (Unknown)
#4  0x007ff879de3671 in (Unknown)
#5  0x007ff879dc3e7a in (Unknown)
#6  0x007ff87a7bf42e in PlayerMain(int, char**)
#7  0x007ff879771426 in (Unknown)
#8  0x007ff81a85b320 in ContentLoadInterface_ContentFile_UnloadAsync_Injected_mBD2F1D561285B0DE37DCDA4DEA75931201B5E680
#9  0x007ff81a85a78f in ContentLoadInterface_ContentFile_UnloadAsync_m197A3C60564D4E9F9049BAD57B46FB404A8F17BD
#10 0x007ff81a85a635 in ContentFile_UnloadAsync_mF35518E83FCF4C1701AF2C6CEBF7E507490481D6
#11 0x007ff819ad256a in RuntimeContentManager_ReleaseFile_m12EDB377B39EF4D01B3268E711303D79747A4F4C
#12 0x007ff819ad045c in RuntimeContentManager_ReleaseObjectImpl_m84E24B7727CAA367D95ABC97FC529A5594840414
#13 0x007ff819aceae8 in RuntimeContentManager_Cleanup_m6436DF58ED05204D0A7DFACFB212018BD6B813FD
#14 0x007ff819acff38 in RuntimeContentManager_OnShutdown_m09B1F0AD37BE7168472DDB84F55C43F02CD40113
#15 0x007ff8155cbe76 in EventHandler_Invoke_m9D3126CBE291A3E7E7C304094E1DA846832F9B96_Multicast(EventHandler_tC6323FD7E6163F965259C33D72612C0E5B9BAB82*, Il2CppObject*, EventArgs_t37273F03EAC87217701DD431B190FBD84AD7C377*, MethodInfo const*)
#16 0x007ff818f3d7b0 in EventHandler_Invoke_m9D3126CBE291A3E7E7C304094E1DA846832F9B96
#17 0x007ff815776073 in il2cpp::vm::Runtime::InvokeWithThrow(MethodInfo const*, void*, void**)
#18 0x007ff815775fdb in il2cpp::vm::Runtime::Invoke(MethodInfo const*, void*, void**, Il2CppException**)
#19 0x007ff815775b1c in il2cpp::vm::Runtime::Shutdown()
#20 0x007ff87a378f56 in (Unknown)
#21 0x007ff879eb4658 in (Unknown)
#22 0x007ff87a420ee6 in PlayerMain(int, char**)
#23 0x007ff877dd3493 in __libc_start_main
#24 0x00000000201029 in _start
