[UnityMemory] Configuration Parameters - Can be set up in boot.config
    "memorysetup-bucket-allocator-granularity=16"
    "memorysetup-bucket-allocator-bucket-count=8"
    "memorysetup-bucket-allocator-block-size=4194304"
    "memorysetup-bucket-allocator-block-count=1"
    "memorysetup-main-allocator-block-size=16777216"
    "memorysetup-thread-allocator-block-size=16777216"
    "memorysetup-gfx-main-allocator-block-size=16777216"
    "memorysetup-gfx-thread-allocator-block-size=16777216"
    "memorysetup-cache-allocator-block-size=4194304"
    "memorysetup-typetree-allocator-block-size=2097152"
    "memorysetup-profiler-bucket-allocator-granularity=16"
    "memorysetup-profiler-bucket-allocator-bucket-count=8"
    "memorysetup-profiler-bucket-allocator-block-size=4194304"
    "memorysetup-profiler-bucket-allocator-block-count=1"
    "memorysetup-profiler-allocator-block-size=16777216"
    "memorysetup-profiler-editor-allocator-block-size=1048576"
    "memorysetup-temp-allocator-size-main=4194304"
    "memorysetup-job-temp-allocator-block-size=2097152"
    "memorysetup-job-temp-allocator-block-size-background=1048576"
    "memorysetup-job-temp-allocator-reduction-small-platforms=262144"
    "memorysetup-allocator-temp-initial-block-size-main=262144"
    "memorysetup-allocator-temp-initial-block-size-worker=262144"
    "memorysetup-temp-allocator-size-background-worker=32768"
    "memorysetup-temp-allocator-size-job-worker=262144"
    "memorysetup-temp-allocator-size-preload-manager=262144"
    "memorysetup-temp-allocator-size-nav-mesh-worker=65536"
    "memorysetup-temp-allocator-size-audio-worker=65536"
    "memorysetup-temp-allocator-size-cloud-worker=32768"
    "memorysetup-temp-allocator-size-gfx=262144"
Remaining time:29s
Found 2 interfaces on host : 0) 10.141.0.1 1) 10.149.0.1
Player connection [140382442721152] Multi-casting "[IP] 10.141.0.1 [Port] 55000 [Flags] 19 [Guid] 1270813562 [EditorId] 3765082745 [Version] 1048832 [Id] LinuxPlayer(13,10.141.0.1) [Debug] 0 [PackageName] LinuxPlayer [ProjectName] Opencraft" to [225.0.0.222:54997]...

Direct connection to host time out.
Stopping profiler. Profiler is not able to flush data to a file or socket and exceeded maximum allowed memory for buffering.
Please use Profiler.maxUsedMemory API or -profiler-maxusedmemory command line parameter to increase maximum allowed memory usage.
Using 134234112 bytes while Profiler.maxUsedMemory is 134217728 bytes.
Failed to initialize networking layer after 30 seconds, skipping waiting for connection before starting playback.
Preloaded 'lib_burst_generated.so'
Preloaded 'libwebrtc.so'
[Physics::Module] Initialized MultithreadedJobDispatcher with 47 workers.
Initialize engine version: 2022.3.16f1 (d2c21f0ef2f1)
[Subsystems] Discovering subsystems at path /var/scratch/zmr280/opencraft/opencraft_Data/UnitySubsystems
Forcing GfxDevice: Null
GfxDevice: creating device client; threaded=0; jobified=0
NullGfxDevice:
    Version:  NULL 1.0 [1.0]
    Renderer: Null Device
    Vendor:   Unity Technologies
ERROR: Shader Hidden/Universal Render Pipeline/Blit shader is not supported on this GPU (none of subshaders/fallbacks are suitable)
ERROR: Shader Hidden/Universal Render Pipeline/CopyDepth shader is not supported on this GPU (none of subshaders/fallbacks are suitable)
ERROR: Shader Hidden/Universal Render Pipeline/Sampling shader is not supported on this GPU (none of subshaders/fallbacks are suitable)
ERROR: Shader Hidden/Universal Render Pipeline/LutBuilderLdr shader is not supported on this GPU (none of subshaders/fallbacks are suitable)
ERROR: Shader Hidden/Universal Render Pipeline/LutBuilderHdr shader is not supported on this GPU (none of subshaders/fallbacks are suitable)
ERROR: Shader Hidden/Universal Render Pipeline/UberPost shader is not supported on this GPU (none of subshaders/fallbacks are suitable)
ERROR: Shader Hidden/Universal Render Pipeline/Debug/DebugReplacement shader is not supported on this GPU (none of subshaders/fallbacks are suitable)
ERROR: Shader Hidden/Universal/HDRDebugView shader is not supported on this GPU (none of subshaders/fallbacks are suitable)
WARNING: Shader Unsupported: 'Hidden/Universal Render Pipeline/FallbackError' - All subshaders removed
WARNING: Shader Did you use #pragma only_renderers and omit this platform?
WARNING: Shader If subshaders removal was intentional, you may have forgotten turning Fallback off?
ERROR: Shader Hidden/Universal Render Pipeline/FallbackError shader is not supported on this GPU (none of subshaders/fallbacks are suitable)
WARNING: Shader Unsupported: 'Hidden/Universal Render Pipeline/FallbackError' - All subshaders removed
WARNING: Shader Did you use #pragma only_renderers and omit this platform?
WARNING: Shader If subshaders removal was intentional, you may have forgotten turning Fallback off?
WARNING: Shader Unsupported: 'Hidden/Universal Render Pipeline/StencilDeferred' - All subshaders removed
WARNING: Shader Did you use #pragma only_renderers and omit this platform?
WARNING: Shader If subshaders removal was intentional, you may have forgotten turning Fallback off?
ERROR: Shader Hidden/Universal Render Pipeline/StencilDeferred shader is not supported on this GPU (none of subshaders/fallbacks are suitable)
WARNING: Shader Unsupported: 'Hidden/Universal Render Pipeline/StencilDeferred' - All subshaders removed
WARNING: Shader Did you use #pragma only_renderers and omit this platform?
WARNING: Shader If subshaders removal was intentional, you may have forgotten turning Fallback off?
ERROR: Shader Hidden/Universal Render Pipeline/CameraMotionVectors shader is not supported on this GPU (none of subshaders/fallbacks are suitable)
ERROR: Shader Hidden/Universal Render Pipeline/ObjectMotionVectors shader is not supported on this GPU (none of subshaders/fallbacks are suitable)
ERROR: Shader Hidden/Universal Render Pipeline/LensFlareDataDriven shader is not supported on this GPU (none of subshaders/fallbacks are suitable)
ERROR: Shader Hidden/Universal Render Pipeline/ScreenSpaceAmbientOcclusion shader is not supported on this GPU (none of subshaders/fallbacks are suitable)
ERROR: Shader Hidden/Universal Render Pipeline/Stop NaN shader is not supported on this GPU (none of subshaders/fallbacks are suitable)
ERROR: Shader Hidden/Universal Render Pipeline/SubpixelMorphologicalAntialiasing shader is not supported on this GPU (none of subshaders/fallbacks are suitable)
ERROR: Shader Hidden/Universal Render Pipeline/TemporalAA shader is not supported on this GPU (none of subshaders/fallbacks are suitable)
ERROR: Shader Hidden/Universal Render Pipeline/Scaling Setup shader is not supported on this GPU (none of subshaders/fallbacks are suitable)
ERROR: Shader Hidden/Universal Render Pipeline/Edge Adaptive Spatial Upsampling shader is not supported on this GPU (none of subshaders/fallbacks are suitable)
ERROR: Shader Hidden/Universal Render Pipeline/FinalPost shader is not supported on this GPU (none of subshaders/fallbacks are suitable)
ERROR: Shader Sprites/Default shader is not supported on this GPU (none of subshaders/fallbacks are suitable)
ERROR: Shader Sprites/Mask shader is not supported on this GPU (none of subshaders/fallbacks are suitable)
ERROR: Shader GUI/Text Shader shader is not supported on this GPU (none of subshaders/fallbacks are suitable)
UnloadTime: 0.840807 ms
Parsing args: /var/scratch/zmr280/opencraft/opencraft.x86_64, -batchmode, -nographics, -logStats, True, -terrainType, 2-Layer, -statsFile, /var/scratch/zmr280/runs/players-activeLogic_2-Layer_6x_6z_90p_120s/opencraft_stats/server.csv, -activeLogic, -circuitX, 6, -circuitZ, 6, -playType, Server
Setting up worlds with playType Server and streaming role Disabled
Connecting worlds with playType Server and streaming role Disabled
Created listen request for 0.0.0.0:7979
Creating statistics writer!
Recorder [GhostSimulationSystemGroup] is invalid!
UnityEngine.DebugLogHandler:Internal_Log(LogType, LogOption, String, Object)
UnityEngine.DebugLogHandler:LogFormat(LogType, Object, String, Object[])
UnityEngine.Logger:Log(LogType, Object)
UnityEngine.Debug:LogWarning(Object)
PolkaDOTS.Statistics.StatisticsWriter:.ctor()
PolkaDOTS.Statistics.StatisticsWriterInstance:Awake()

Recorder [PredictedSimulationSystemGroup] is invalid!
UnityEngine.DebugLogHandler:Internal_Log(LogType, LogOption, String, Object)
UnityEngine.DebugLogHandler:LogFormat(LogType, Object, String, Object[])
UnityEngine.Logger:Log(LogType, Object)
UnityEngine.Debug:LogWarning(Object)
PolkaDOTS.Statistics.StatisticsWriter:.ctor()
PolkaDOTS.Statistics.StatisticsWriterInstance:Awake()

Initializing multiplay!
Found non-specified codec: VP8 Internal video/VP8 implementation_name=Internal
Found codec: VP9 Profile0
Found codec: VP9 Profile2
Found codec: VP9 Profile1
Found codec: VP9 Profile3
Found codec: AV1 Profile0
Found codec: AV1 Profile1
Could not find H264.High as streaming codec!
Adding terrain areas statistics recorders
Streamed scene with   33ms latency from /var/scratch/zmr280/opencraft/opencraft_Data/StreamingAssets/EntityScenes/bea83102298cfb741939cdba85abe535.0.entities
AutoLoading authoring scene in world ServerWorld
ERROR: Shader Custom/VoxelShader shader is not supported on this GPU (none of subshaders/fallbacks are suitable)
WARNING: Shader Unsupported: 'Hidden/Universal Render Pipeline/FallbackError' - All subshaders removed
WARNING: Shader Did you use #pragma only_renderers and omit this platform?
WARNING: Shader If subshaders removal was intentional, you may have forgotten turning Fallback off?
ERROR: Shader Hidden/Universal Render Pipeline/FallbackError shader is not supported on this GPU (none of subshaders/fallbacks are suitable)
WARNING: Shader Unsupported: 'Hidden/Universal Render Pipeline/FallbackError' - All subshaders removed
WARNING: Shader Did you use #pragma only_renderers and omit this platform?
WARNING: Shader If subshaders removal was intentional, you may have forgotten turning Fallback off?
WARNING: Shader Unsupported: 'Universal Render Pipeline/Lit' - All subshaders removed
WARNING: Shader Did you use #pragma only_renderers and omit this platform?
WARNING: Shader If subshaders removal was intentional, you may have forgotten turning Fallback off?
ERROR: Shader Universal Render Pipeline/Lit shader is not supported on this GPU (none of subshaders/fallbacks are suitable)
WARNING: Shader Unsupported: 'Universal Render Pipeline/Lit' - All subshaders removed
WARNING: Shader Did you use #pragma only_renderers and omit this platform?
WARNING: Shader If subshaders removal was intentional, you may have forgotten turning Fallback off?
WARNING: Shader Unsupported: 'Universal Render Pipeline/Unlit' - All subshaders removed
WARNING: Shader Did you use #pragma only_renderers and omit this platform?
WARNING: Shader If subshaders removal was intentional, you may have forgotten turning Fallback off?
ERROR: Shader Universal Render Pipeline/Unlit shader is not supported on this GPU (none of subshaders/fallbacks are suitable)
WARNING: Shader Unsupported: 'Universal Render Pipeline/Unlit' - All subshaders removed
WARNING: Shader Did you use #pragma only_renderers and omit this platform?
WARNING: Shader If subshaders removal was intentional, you may have forgotten turning Fallback off?
Streamed scene with   45ms latency from /var/scratch/zmr280/opencraft/opencraft_Data/StreamingAssets/EntityScenes/62561c7118c5bbb46929c6bf65331faa.0.entities
Setting player spawn to 0, 7, 0
TerrainLogicSystem Tick 1
[23:13:47.0466040]:[ServerWorld] New connection ID:1
[23:13:47.0792440]:[ServerWorld] New connection ID:2
[23:13:47.0973860]:[ServerWorld] New connection ID:3
Starting game stream on connection 1!
'Spawning a Ghost '' for user '4' on connection '1'!
[23:13:47.1505140]:[ServerWorld] Connection disconnected ID:0 Reason:ConnectionClose
[23:13:47.1646400]:[ServerWorld] New connection ID:4
Starting game stream on connection 3!
Starting game stream on connection 2!
'Spawning a Ghost '' for user '5' on connection '3'!
'Spawning a Ghost '' for user '2' on connection '2'!
[23:13:47.1838900]:[ServerWorld] Connection disconnected ID:0 Reason:ConnectionClose
[23:13:47.1838900]:[ServerWorld] Connection disconnected ID:0 Reason:ConnectionClose
[23:13:47.1980360]:[ServerWorld] New connection ID:5
Starting game stream on connection 4!
'Spawning a Ghost '' for user '10' on connection '4'!
[23:13:47.2651350]:[ServerWorld] New connection ID:6
[23:13:47.2651350]:[ServerWorld] Connection disconnected ID:0 Reason:ConnectionClose
Starting game stream on connection 5!
'Spawning a Ghost '' for user '8' on connection '5'!
[23:13:47.2957760]:[ServerWorld] Connection disconnected ID:0 Reason:ConnectionClose
Starting game stream on connection 6!
'Spawning a Ghost '' for user '3' on connection '6'!
[23:13:47.3643380]:[ServerWorld] Connection disconnected ID:0 Reason:ConnectionClose
[23:13:47.3815500]:[ServerWorld] New connection ID:7
Starting game stream on connection 7!
'Spawning a Ghost '' for user '1' on connection '7'!
[23:13:47.4647120]:[ServerWorld] Connection disconnected ID:0 Reason:ConnectionClose
[23:13:47.5125540]:[ServerWorld] New connection ID:8
[23:13:47.5480670]:[ServerWorld] New connection ID:9
Starting game stream on connection 8!
'Spawning a Ghost '' for user '7' on connection '8'!
[23:13:47.6336280]:[ServerWorld] New connection ID:10
[23:13:47.6336280]:[ServerWorld] Connection disconnected ID:0 Reason:ConnectionClose
Starting game stream on connection 9!
'Spawning a Ghost '' for user '6' on connection '9'!
[23:13:47.6787640]:[ServerWorld] Connection disconnected ID:0 Reason:ConnectionClose
Starting game stream on connection 10!
'Spawning a Ghost '' for user '9' on connection '10'!
[23:13:47.7620720]:[ServerWorld] Connection disconnected ID:0 Reason:ConnectionClose
TerrainLogicSystem Tick 2
[23:13:50.0286120]:[ServerWorld] New connection ID:11
Starting game stream on connection 11!
'Spawning a Ghost '' for user '12' on connection '11'!
[23:13:50.1314500]:[ServerWorld] Connection disconnected ID:0 Reason:ConnectionClose
[23:13:50.3803890]:[ServerWorld] New connection ID:12
[23:13:50.3803890]:[ServerWorld] New connection ID:13
[23:13:50.3983660]:[ServerWorld] New connection ID:14
[23:13:50.4291290]:[ServerWorld] New connection ID:15
[23:13:50.4490840]:[ServerWorld] New connection ID:16
[23:13:50.4626370]:[ServerWorld] New connection ID:17
Starting game stream on connection 13!
[23:13:50.4805260]:[ServerWorld] New connection ID:18
Starting game stream on connection 12!
'Spawning a Ghost '' for user '17' on connection '13'!
[23:13:50.4995250]:[ServerWorld] Connection disconnected ID:0 Reason:ConnectionClose
'Spawning a Ghost '' for user '20' on connection '12'!
[23:13:50.5135740]:[ServerWorld] New connection ID:19
[23:13:50.5135740]:[ServerWorld] Connection disconnected ID:0 Reason:ConnectionClose
Starting game stream on connection 14!
'Spawning a Ghost '' for user '19' on connection '14'!
[23:13:50.5291440]:[ServerWorld] Connection disconnected ID:0 Reason:ConnectionClose
Starting game stream on connection 15!
'Spawning a Ghost '' for user '13' on connection '15'!
[23:13:50.5661510]:[ServerWorld] Connection disconnected ID:0 Reason:ConnectionClose
Starting game stream on connection 17!
Starting game stream on connection 16!
'Spawning a Ghost '' for user '18' on connection '17'!
[23:13:50.5822940]:[ServerWorld] Connection disconnected ID:0 Reason:ConnectionClose
Starting game stream on connection 18!
'Spawning a Ghost '' for user '11' on connection '18'!
'Spawning a Ghost '' for user '14' on connection '16'!
[23:13:50.5964930]:[ServerWorld] Connection disconnected ID:0 Reason:ConnectionClose
[23:13:50.5964930]:[ServerWorld] Connection disconnected ID:0 Reason:ConnectionClose
Starting game stream on connection 19!
'Spawning a Ghost '' for user '15' on connection '19'!
[23:13:50.6310280]:[ServerWorld] New connection ID:20
[23:13:50.6310280]:[ServerWorld] Connection disconnected ID:0 Reason:ConnectionClose
Starting game stream on connection 20!
'Spawning a Ghost '' for user '16' on connection '20'!
[23:13:50.7818890]:[ServerWorld] Connection disconnected ID:0 Reason:ConnectionClose
TerrainLogicSystem Tick 3
[23:13:53.1999720]:[ServerWorld] New connection ID:21
Starting game stream on connection 21!
[23:13:53.2800740]:[ServerWorld] New connection ID:22
[23:13:53.2800740]:[ServerWorld] New connection ID:23
'Spawning a Ghost '' for user '30' on connection '21'!
[23:13:53.3003130]:[ServerWorld] Connection disconnected ID:0 Reason:ConnectionClose
[23:13:53.3140060]:[ServerWorld] New connection ID:24
Starting game stream on connection 22!
[23:13:53.3803910]:[ServerWorld] New connection ID:25
Starting game stream on connection 23!
'Spawning a Ghost '' for user '22' on connection '23'!
'Spawning a Ghost '' for user '24' on connection '22'!
[23:13:53.3997620]:[ServerWorld] Connection disconnected ID:0 Reason:ConnectionClose
[23:13:53.3997620]:[ServerWorld] Connection disconnected ID:0 Reason:ConnectionClose
[23:13:53.4138690]:[ServerWorld] New connection ID:26
Starting game stream on connection 24!
'Spawning a Ghost '' for user '25' on connection '24'!
[23:13:53.4474930]:[ServerWorld] Connection disconnected ID:0 Reason:ConnectionClose
[23:13:53.4654730]:[ServerWorld] New connection ID:27
Starting game stream on connection 25!
'Spawning a Ghost '' for user '28' on connection '25'!
[23:13:53.5162420]:[ServerWorld] New connection ID:28
[23:13:53.5162420]:[ServerWorld] New connection ID:29
[23:13:53.5162420]:[ServerWorld] Connection disconnected ID:0 Reason:ConnectionClose
Starting game stream on connection 26!
'Spawning a Ghost '' for user '21' on connection '26'!
[23:13:53.5303300]:[ServerWorld] Connection disconnected ID:0 Reason:ConnectionClose
[23:13:53.5495330]:[ServerWorld] New connection ID:30
Starting game stream on connection 27!
'Spawning a Ghost '' for user '23' on connection '27'!
[23:13:53.5830050]:[ServerWorld] Connection disconnected ID:0 Reason:ConnectionClose
Starting game stream on connection 28!
'Spawning a Ghost '' for user '26' on connection '28'!
[23:13:53.6297580]:[ServerWorld] Connection disconnected ID:0 Reason:ConnectionClose
Starting game stream on connection 29!
'Spawning a Ghost '' for user '29' on connection '29'!
[23:13:53.6499040]:[ServerWorld] Connection disconnected ID:0 Reason:ConnectionClose
Starting game stream on connection 30!
'Spawning a Ghost '' for user '27' on connection '30'!
[23:13:53.6958420]:[ServerWorld] Connection disconnected ID:0 Reason:ConnectionClose
[23:13:56.1325190]:[ServerWorld] New connection ID:31
[23:13:56.1325190]:[ServerWorld] New connection ID:32
Starting game stream on connection 31!
Starting game stream on connection 32!
'Spawning a Ghost '' for user '32' on connection '31'!
[23:13:56.2315360]:[ServerWorld] Connection disconnected ID:0 Reason:ConnectionClose
'Spawning a Ghost '' for user '35' on connection '32'!
[23:13:56.2479780]:[ServerWorld] New connection ID:33
[23:13:56.2479780]:[ServerWorld] Connection disconnected ID:0 Reason:ConnectionClose
[23:13:56.2976170]:[ServerWorld] New connection ID:34
[23:13:56.3149160]:[ServerWorld] New connection ID:35
Starting game stream on connection 33!
'Spawning a Ghost '' for user '31' on connection '33'!
[23:13:56.3451870]:[ServerWorld] Connection disconnected ID:0 Reason:ConnectionClose
Starting game stream on connection 34!
'Spawning a Ghost '' for user '33' on connection '34'!
[23:13:56.3976470]:[ServerWorld] Connection disconnected ID:0 Reason:ConnectionClose
[23:13:56.4159100]:[ServerWorld] New connection ID:36
[23:13:56.4159100]:[ServerWorld] New connection ID:37
Starting game stream on connection 35!
'Spawning a Ghost '' for user '39' on connection '35'!
[23:13:56.4460540]:[ServerWorld] Connection disconnected ID:0 Reason:ConnectionClose
[23:13:56.4799490]:[ServerWorld] New connection ID:38
[23:13:56.4799490]:[ServerWorld] New connection ID:39
[23:13:56.5123590]:[ServerWorld] New connection ID:40
Starting game stream on connection 37!
'Spawning a Ghost '' for user '38' on connection '37'!
[23:13:56.5450220]:[ServerWorld] Connection disconnected ID:0 Reason:ConnectionClose
Starting game stream on connection 36!
'Spawning a Ghost '' for user '36' on connection '36'!
[23:13:56.5645620]:[ServerWorld] Connection disconnected ID:0 Reason:ConnectionClose
Starting game stream on connection 38!
'Spawning a Ghost '' for user '40' on connection '38'!
[23:13:56.5967150]:[ServerWorld] Connection disconnected ID:0 Reason:ConnectionClose
Starting game stream on connection 40!
Starting game stream on connection 39!
'Spawning a Ghost '' for user '37' on connection '40'!
'Spawning a Ghost '' for user '34' on connection '39'!
[23:13:56.6125920]:[ServerWorld] Connection disconnected ID:0 Reason:ConnectionClose
[23:13:56.6125920]:[ServerWorld] Connection disconnected ID:0 Reason:ConnectionClose
TerrainLogicSystem Tick 4
[23:13:59.0978590]:[ServerWorld] New connection ID:41
[23:13:59.1149000]:[ServerWorld] New connection ID:42
[23:13:59.1630880]:[ServerWorld] New connection ID:43
[23:13:59.1802810]:[ServerWorld] New connection ID:44
Starting game stream on connection 41!
Starting game stream on connection 42!
[23:13:59.2117970]:[ServerWorld] New connection ID:45
'Spawning a Ghost '' for user '45' on connection '41'!
'Spawning a Ghost '' for user '42' on connection '42'!
[23:13:59.2303790]:[ServerWorld] Connection disconnected ID:0 Reason:ConnectionClose
[23:13:59.2303790]:[ServerWorld] Connection disconnected ID:0 Reason:ConnectionClose
[23:13:59.2496730]:[ServerWorld] New connection ID:46
Starting game stream on connection 43!
'Spawning a Ghost '' for user '41' on connection '43'!
[23:13:59.2628830]:[ServerWorld] New connection ID:47
[23:13:59.2628830]:[ServerWorld] Connection disconnected ID:0 Reason:ConnectionClose
Starting game stream on connection 44!
'Spawning a Ghost '' for user '49' on connection '44'!
[23:13:59.2805640]:[ServerWorld] Connection disconnected ID:0 Reason:ConnectionClose
Starting game stream on connection 45!
'Spawning a Ghost '' for user '47' on connection '45'!
[23:13:59.3299560]:[ServerWorld] Connection disconnected ID:0 Reason:ConnectionClose
Starting game stream on connection 46!
'Spawning a Ghost '' for user '44' on connection '46'!
[23:13:59.3478450]:[ServerWorld] New connection ID:48
[23:13:59.3478450]:[ServerWorld] Connection disconnected ID:0 Reason:ConnectionClose
Starting game stream on connection 47!
'Spawning a Ghost '' for user '48' on connection '47'!
[23:13:59.3839050]:[ServerWorld] Connection disconnected ID:0 Reason:ConnectionClose
Starting game stream on connection 48!
'Spawning a Ghost '' for user '43' on connection '48'!
[23:13:59.4653680]:[ServerWorld] Connection disconnected ID:0 Reason:ConnectionClose
[23:13:59.4960040]:[ServerWorld] New connection ID:49
[23:13:59.4960040]:[ServerWorld] New connection ID:50
Starting game stream on connection 49!
Starting game stream on connection 50!
'Spawning a Ghost '' for user '50' on connection '50'!
[23:13:59.6264880]:[ServerWorld] Connection disconnected ID:0 Reason:ConnectionClose
'Spawning a Ghost '' for user '46' on connection '49'!
[23:13:59.6385090]:[ServerWorld] Connection disconnected ID:0 Reason:ConnectionClose
TerrainLogicSystem Tick 5
[23:14:02.0328430]:[ServerWorld] New connection ID:51
[23:14:02.0518610]:[ServerWorld] New connection ID:53
[23:14:02.0518610]:[ServerWorld] New connection ID:52
[23:14:02.0827930]:[ServerWorld] New connection ID:54
Starting game stream on connection 51!
'Spawning a Ghost '' for user '51' on connection '51'!
[23:14:02.1156140]:[ServerWorld] Connection disconnected ID:0 Reason:ConnectionClose
Starting game stream on connection 53!
Starting game stream on connection 52!
'Spawning a Ghost '' for user '57' on connection '53'!
'Spawning a Ghost '' for user '58' on connection '52'!
[23:14:02.1487010]:[ServerWorld] Connection disconnected ID:0 Reason:ConnectionClose
[23:14:02.1487010]:[ServerWorld] Connection disconnected ID:0 Reason:ConnectionClose
Starting game stream on connection 54!
'Spawning a Ghost '' for user '54' on connection '54'!
[23:14:02.1817890]:[ServerWorld] New connection ID:55
[23:14:02.1817890]:[ServerWorld] Connection disconnected ID:0 Reason:ConnectionClose
[23:14:02.2336920]:[ServerWorld] New connection ID:56
Starting game stream on connection 55!
'Spawning a Ghost '' for user '52' on connection '55'!
[23:14:02.2819250]:[ServerWorld] New connection ID:57
[23:14:02.2819250]:[ServerWorld] Connection disconnected ID:0 Reason:ConnectionClose
Starting game stream on connection 56!
[23:14:02.3157340]:[ServerWorld] New connection ID:58
[23:14:02.3157340]:[ServerWorld] New connection ID:59
[23:14:02.3157340]:[ServerWorld] New connection ID:60
'Spawning a Ghost '' for user '60' on connection '56'!
[23:14:02.3319260]:[ServerWorld] Connection disconnected ID:0 Reason:ConnectionClose
Starting game stream on connection 57!
Starting game stream on connection 58!
'Spawning a Ghost '' for user '56' on connection '58'!
'Spawning a Ghost '' for user '53' on connection '57'!
[23:14:02.3982470]:[ServerWorld] Connection disconnected ID:0 Reason:ConnectionClose
[23:14:02.3982470]:[ServerWorld] Connection disconnected ID:0 Reason:ConnectionClose
Starting game stream on connection 59!
'Spawning a Ghost '' for user '59' on connection '59'!
[23:14:02.4152600]:[ServerWorld] Connection disconnected ID:0 Reason:ConnectionClose
Starting game stream on connection 60!
'Spawning a Ghost '' for user '55' on connection '60'!
[23:14:02.4324200]:[ServerWorld] Connection disconnected ID:0 Reason:ConnectionClose
TerrainLogicSystem Tick 6
[23:14:05.0167430]:[ServerWorld] New connection ID:61
[23:14:05.0792430]:[ServerWorld] New connection ID:62
[23:14:05.0792430]:[ServerWorld] New connection ID:63
Starting game stream on connection 61!
'Spawning a Ghost '' for user '62' on connection '61'!
[23:14:05.1312630]:[ServerWorld] New connection ID:64
[23:14:05.1312630]:[ServerWorld] Connection disconnected ID:0 Reason:ConnectionClose
Starting game stream on connection 63!
'Spawning a Ghost '' for user '61' on connection '63'!
[23:14:05.1807040]:[ServerWorld] Connection disconnected ID:0 Reason:ConnectionClose
Starting game stream on connection 62!
Starting game stream on connection 64!
'Spawning a Ghost '' for user '67' on connection '62'!
[23:14:05.2176770]:[ServerWorld] New connection ID:65
[23:14:05.2176770]:[ServerWorld] Connection disconnected ID:0 Reason:ConnectionClose
'Spawning a Ghost '' for user '70' on connection '64'!
[23:14:05.2303150]:[ServerWorld] Connection disconnected ID:0 Reason:ConnectionClose
[23:14:05.2634640]:[ServerWorld] New connection ID:66
Starting game stream on connection 65!
[23:14:05.2989950]:[ServerWorld] New connection ID:67
[23:14:05.2989950]:[ServerWorld] New connection ID:68
[23:14:05.2989950]:[ServerWorld] New connection ID:69
'Spawning a Ghost '' for user '65' on connection '65'!
[23:14:05.3481740]:[ServerWorld] New connection ID:70
[23:14:05.3481740]:[ServerWorld] Connection disconnected ID:0 Reason:ConnectionClose
Starting game stream on connection 66!
'Spawning a Ghost '' for user '68' on connection '66'!
[23:14:05.3635710]:[ServerWorld] Connection disconnected ID:0 Reason:ConnectionClose
Starting game stream on connection 67!
Starting game stream on connection 68!
Starting game stream on connection 69!
'Spawning a Ghost '' for user '69' on connection '67'!
'Spawning a Ghost '' for user '64' on connection '69'!
[23:14:05.3731860]:[ServerWorld] Connection disconnected ID:0 Reason:ConnectionClose
[23:14:05.3731860]:[ServerWorld] Connection disconnected ID:0 Reason:ConnectionClose
Starting game stream on connection 70!
'Spawning a Ghost '' for user '63' on connection '68'!
[23:14:05.3984960]:[ServerWorld] Connection disconnected ID:0 Reason:ConnectionClose
'Spawning a Ghost '' for user '66' on connection '70'!
[23:14:05.4165220]:[ServerWorld] Connection disconnected ID:0 Reason:ConnectionClose
TerrainLogicSystem Tick 7
[23:14:08.0685040]:[ServerWorld] New connection ID:71
[23:14:08.0685040]:[ServerWorld] New connection ID:72
Starting game stream on connection 71!
Starting game stream on connection 72!
'Spawning a Ghost '' for user '74' on connection '72'!
'Spawning a Ghost '' for user '78' on connection '71'!
[23:14:08.1647350]:[ServerWorld] Connection disconnected ID:0 Reason:ConnectionClose
[23:14:08.1647350]:[ServerWorld] Connection disconnected ID:0 Reason:ConnectionClose
[23:14:08.1968330]:[ServerWorld] New connection ID:73
[23:14:08.2166890]:[ServerWorld] New connection ID:74
[23:14:08.2323640]:[ServerWorld] New connection ID:76
[23:14:08.2323640]:[ServerWorld] New connection ID:75
[23:14:08.2666960]:[ServerWorld] New connection ID:77
[23:14:08.2666960]:[ServerWorld] New connection ID:78
[23:14:08.2827640]:[ServerWorld] New connection ID:79
Starting game stream on connection 73!
Starting game stream on connection 74!
'Spawning a Ghost '' for user '80' on connection '73'!
'Spawning a Ghost '' for user '72' on connection '74'!
[23:14:08.2982190]:[ServerWorld] Connection disconnected ID:0 Reason:ConnectionClose
[23:14:08.2982190]:[ServerWorld] Connection disconnected ID:0 Reason:ConnectionClose
Starting game stream on connection 75!
'Spawning a Ghost '' for user '71' on connection '75'!
[23:14:08.3315450]:[ServerWorld] Connection disconnected ID:0 Reason:ConnectionClose
Starting game stream on connection 78!
Starting game stream on connection 77!
Starting game stream on connection 76!
'Spawning a Ghost '' for user '77' on connection '78'!
[23:14:08.3723890]:[ServerWorld] New connection ID:80
[23:14:08.3723890]:[ServerWorld] Connection disconnected ID:0 Reason:ConnectionClose
Starting game stream on connection 79!
'Spawning a Ghost '' for user '75' on connection '77'!
'Spawning a Ghost '' for user '76' on connection '76'!
[23:14:08.3921310]:[ServerWorld] Connection disconnected ID:0 Reason:ConnectionClose
[23:14:08.3921310]:[ServerWorld] Connection disconnected ID:0 Reason:ConnectionClose
'Spawning a Ghost '' for user '73' on connection '79'!
[23:14:08.4026470]:[ServerWorld] Connection disconnected ID:0 Reason:ConnectionClose
Starting game stream on connection 80!
'Spawning a Ghost '' for user '79' on connection '80'!
[23:14:08.4799770]:[ServerWorld] Connection disconnected ID:0 Reason:ConnectionClose
TerrainLogicSystem Tick 8
[23:14:10.9793950]:[ServerWorld] New connection ID:81
[23:14:11.0048900]:[ServerWorld] New connection ID:82
[23:14:11.0157310]:[ServerWorld] New connection ID:83
[23:14:11.1292390]:[ServerWorld] New connection ID:84
[23:14:11.1292390]:[ServerWorld] New connection ID:85
Starting game stream on connection 81!
Starting game stream on connection 82!
'Spawning a Ghost '' for user '89' on connection '81'!
[23:14:11.1317010]:[ServerWorld] New connection ID:86
[23:14:11.1317010]:[ServerWorld] Connection disconnected ID:0 Reason:ConnectionClose
Starting game stream on connection 83!
'Spawning a Ghost '' for user '81' on connection '83'!
[23:14:11.1337220]:[ServerWorld] Connection disconnected ID:0 Reason:ConnectionClose
Starting game stream on connection 84!
Starting game stream on connection 85!
'Spawning a Ghost '' for user '82' on connection '85'!
'Spawning a Ghost '' for user '84' on connection '84'!
[23:14:11.1647190]:[ServerWorld] Connection disconnected ID:0 Reason:ConnectionClose
[23:14:11.1647190]:[ServerWorld] Connection disconnected ID:0 Reason:ConnectionClose
[23:14:11.1802640]:[ServerWorld] New connection ID:87
'Spawning a Ghost '' for user '90' on connection '82'!
[23:14:11.1981260]:[ServerWorld] Connection disconnected ID:0 Reason:ConnectionClose
[23:14:11.2278940]:[ServerWorld] New connection ID:88
[23:14:11.2278940]:[ServerWorld] New connection ID:89
Starting game stream on connection 86!
[23:14:11.2378970]:[ServerWorld] New connection ID:90
'Spawning a Ghost '' for user '88' on connection '86'!
[23:14:11.2498510]:[ServerWorld] Connection disconnected ID:0 Reason:ConnectionClose
TerrainLogicSystem Tick 9
Starting game stream on connection 87!
Starting game stream on connection 88!
Starting game stream on connection 89!
Starting game stream on connection 90!
'Spawning a Ghost '' for user '86' on connection '87'!
'Spawning a Ghost '' for user '85' on connection '88'!
[23:14:11.3172070]:[ServerWorld] Connection disconnected ID:0 Reason:ConnectionClose
[23:14:11.3172070]:[ServerWorld] Connection disconnected ID:0 Reason:ConnectionClose
'Spawning a Ghost '' for user '87' on connection '89'!
'Spawning a Ghost '' for user '83' on connection '90'!
[23:14:11.3413120]:[ServerWorld] Connection disconnected ID:0 Reason:ConnectionClose
[23:14:11.3413120]:[ServerWorld] Connection disconnected ID:0 Reason:ConnectionClose
TerrainLogicSystem Tick 10
TerrainLogicSystem Tick 11
TerrainLogicSystem Tick 12
TerrainLogicSystem Tick 13
TerrainLogicSystem Tick 14
TerrainLogicSystem Tick 15
TerrainLogicSystem Tick 16
TerrainLogicSystem Tick 17
TerrainLogicSystem Tick 18
TerrainLogicSystem Tick 19
TerrainLogicSystem Tick 20
TerrainLogicSystem Tick 21
TerrainLogicSystem Tick 22
TerrainLogicSystem Tick 23
TerrainLogicSystem Tick 24
TerrainLogicSystem Tick 25
TerrainLogicSystem Tick 26
TerrainLogicSystem Tick 27
TerrainLogicSystem Tick 28
TerrainLogicSystem Tick 29
TerrainLogicSystem Tick 30
TerrainLogicSystem Tick 31
TerrainLogicSystem Tick 32
TerrainLogicSystem Tick 33
TerrainLogicSystem Tick 34
TerrainLogicSystem Tick 35
TerrainLogicSystem Tick 36
TerrainLogicSystem Tick 37
TerrainLogicSystem Tick 38
TerrainLogicSystem Tick 39
TerrainLogicSystem Tick 40
TerrainLogicSystem Tick 41
TerrainLogicSystem Tick 42
TerrainLogicSystem Tick 43
TerrainLogicSystem Tick 44
TerrainLogicSystem Tick 45
TerrainLogicSystem Tick 46
Caught fatal signal - signo:15 code:0 errno:0 addr:0x15020006902e
Obtained 16 stack frames.
#0  0x007fad541679c9 in PlayerMain(int, char**)
#1  0x007fad5415c4b7 in (Unknown)
#2  0x007fad51ec4c20 in funlockfile
#3  0x007fac79f1a950 in GC_suspend_handler_inner
#4  0x007fad51ec4c20 in funlockfile
#5  0x007fad51b2472e in sigsuspend
#6  0x007fac79f1a908 in GC_suspend_handler_inner
#7  0x007fac79f1a82c in GC_suspend_handler
#8  0x007fad51ec4c20 in funlockfile
#9  0x007fad51be452d in syscall
#10 0x007fad54f3dd2e in PlayerMain(int, char**)
#11 0x007fad53b21815 in (Unknown)
#12 0x007fad53b22995 in (Unknown)
#13 0x007fad53f3204d in (Unknown)
#14 0x007fad51eba17a in start_thread
#15 0x007fad51be9dc3 in clone
Setting up 12 worker threads for Enlighten.
Writing stats to file
Calling DomainUnloadOrPlayModeChangeShutdown!
Caught fatal signal - signo:11 code:1 errno:0 addr:0x48
Obtained 25 stack frames.
#0  0x007fad541679c9 in PlayerMain(int, char**)
#1  0x007fad5415c4b7 in (Unknown)
#2  0x007fad51ec4c20 in funlockfile
#3  0x007fad53b1fff3 in (Unknown)
#4  0x007fad53b20671 in (Unknown)
#5  0x007fad53b00e7a in (Unknown)
#6  0x007fad544fc42e in PlayerMain(int, char**)
#7  0x007fad534ae426 in (Unknown)
#8  0x007fac7ef6d320 in ContentLoadInterface_ContentFile_UnloadAsync_Injected_mBD2F1D561285B0DE37DCDA4DEA75931201B5E680
#9  0x007fac7ef6c78f in ContentLoadInterface_ContentFile_UnloadAsync_m197A3C60564D4E9F9049BAD57B46FB404A8F17BD
#10 0x007fac7ef6c635 in ContentFile_UnloadAsync_mF35518E83FCF4C1701AF2C6CEBF7E507490481D6
#11 0x007fac7e1e456a in RuntimeContentManager_ReleaseFile_m12EDB377B39EF4D01B3268E711303D79747A4F4C
#12 0x007fac7e1e245c in RuntimeContentManager_ReleaseObjectImpl_m84E24B7727CAA367D95ABC97FC529A5594840414
#13 0x007fac7e1e0ae8 in RuntimeContentManager_Cleanup_m6436DF58ED05204D0A7DFACFB212018BD6B813FD
#14 0x007fac7e1e1f38 in RuntimeContentManager_OnShutdown_m09B1F0AD37BE7168472DDB84F55C43F02CD40113
#15 0x007fac79cdde76 in EventHandler_Invoke_m9D3126CBE291A3E7E7C304094E1DA846832F9B96_Multicast(EventHandler_tC6323FD7E6163F965259C33D72612C0E5B9BAB82*, Il2CppObject*, EventArgs_t37273F03EAC87217701DD431B190FBD84AD7C377*, MethodInfo const*)
#16 0x007fac7d64f7b0 in EventHandler_Invoke_m9D3126CBE291A3E7E7C304094E1DA846832F9B96
#17 0x007fac79e88073 in il2cpp::vm::Runtime::InvokeWithThrow(MethodInfo const*, void*, void**)
#18 0x007fac79e87fdb in il2cpp::vm::Runtime::Invoke(MethodInfo const*, void*, void**, Il2CppException**)
#19 0x007fac79e87b1c in il2cpp::vm::Runtime::Shutdown()
#20 0x007fad540b5f56 in (Unknown)
#21 0x007fad53bf1658 in (Unknown)
#22 0x007fad5415dee6 in PlayerMain(int, char**)
#23 0x007fad51b10493 in __libc_start_main
#24 0x00000000201029 in _start
