[UnityMemory] Configuration Parameters - Can be set up in boot.config
    "memorysetup-bucket-allocator-granularity=16"
    "memorysetup-bucket-allocator-bucket-count=8"
    "memorysetup-bucket-allocator-block-size=4194304"
    "memorysetup-bucket-allocator-block-count=1"
    "memorysetup-main-allocator-block-size=16777216"
    "memorysetup-thread-allocator-block-size=16777216"
    "memorysetup-gfx-main-allocator-block-size=16777216"
    "memorysetup-gfx-thread-allocator-block-size=16777216"
    "memorysetup-cache-allocator-block-size=4194304"
    "memorysetup-typetree-allocator-block-size=2097152"
    "memorysetup-profiler-bucket-allocator-granularity=16"
    "memorysetup-profiler-bucket-allocator-bucket-count=8"
    "memorysetup-profiler-bucket-allocator-block-size=4194304"
    "memorysetup-profiler-bucket-allocator-block-count=1"
    "memorysetup-profiler-allocator-block-size=16777216"
    "memorysetup-profiler-editor-allocator-block-size=1048576"
    "memorysetup-temp-allocator-size-main=4194304"
    "memorysetup-job-temp-allocator-block-size=2097152"
    "memorysetup-job-temp-allocator-block-size-background=1048576"
    "memorysetup-job-temp-allocator-reduction-small-platforms=262144"
    "memorysetup-allocator-temp-initial-block-size-main=262144"
    "memorysetup-allocator-temp-initial-block-size-worker=262144"
    "memorysetup-temp-allocator-size-background-worker=32768"
    "memorysetup-temp-allocator-size-job-worker=262144"
    "memorysetup-temp-allocator-size-preload-manager=262144"
    "memorysetup-temp-allocator-size-nav-mesh-worker=65536"
    "memorysetup-temp-allocator-size-audio-worker=65536"
    "memorysetup-temp-allocator-size-cloud-worker=32768"
    "memorysetup-temp-allocator-size-gfx=262144"
Remaining time:29s
Found 2 interfaces on host : 0) 10.141.0.13 1) 10.149.0.13
Player connection [140537812283264] Multi-casting "[IP] 10.141.0.13 [Port] 55007 [Flags] 19 [Guid] 4188983286 [EditorId] 3765082745 [Version] 1048832 [Id] LinuxPlayer(13,10.141.0.13) [Debug] 0 [PackageName] LinuxPlayer [ProjectName] Opencraft" to [225.0.0.222:54997]...

Direct connection to host time out.
Stopping profiler. Profiler is not able to flush data to a file or socket and exceeded maximum allowed memory for buffering.
Please use Profiler.maxUsedMemory API or -profiler-maxusedmemory command line parameter to increase maximum allowed memory usage.
Using 134234112 bytes while Profiler.maxUsedMemory is 134217728 bytes.
Failed to initialize networking layer after 30 seconds, skipping waiting for connection before starting playback.
Preloaded 'lib_burst_generated.so'
Preloaded 'libwebrtc.so'
[Physics::Module] Initialized MultithreadedJobDispatcher with 47 workers.
Initialize engine version: 2022.3.16f1 (d2c21f0ef2f1)
[Subsystems] Discovering subsystems at path /var/scratch/zmr280/opencraft/opencraft_Data/UnitySubsystems
Forcing GfxDevice: Null
GfxDevice: creating device client; threaded=0; jobified=0
NullGfxDevice:
    Version:  NULL 1.0 [1.0]
    Renderer: Null Device
    Vendor:   Unity Technologies
ERROR: Shader Hidden/Universal Render Pipeline/Blit shader is not supported on this GPU (none of subshaders/fallbacks are suitable)
ERROR: Shader Hidden/Universal Render Pipeline/CopyDepth shader is not supported on this GPU (none of subshaders/fallbacks are suitable)
ERROR: Shader Hidden/Universal Render Pipeline/Sampling shader is not supported on this GPU (none of subshaders/fallbacks are suitable)
ERROR: Shader Hidden/Universal Render Pipeline/LutBuilderLdr shader is not supported on this GPU (none of subshaders/fallbacks are suitable)
ERROR: Shader Hidden/Universal Render Pipeline/LutBuilderHdr shader is not supported on this GPU (none of subshaders/fallbacks are suitable)
ERROR: Shader Hidden/Universal Render Pipeline/UberPost shader is not supported on this GPU (none of subshaders/fallbacks are suitable)
ERROR: Shader Hidden/Universal Render Pipeline/Debug/DebugReplacement shader is not supported on this GPU (none of subshaders/fallbacks are suitable)
ERROR: Shader Hidden/Universal/HDRDebugView shader is not supported on this GPU (none of subshaders/fallbacks are suitable)
WARNING: Shader Unsupported: 'Hidden/Universal Render Pipeline/FallbackError' - All subshaders removed
WARNING: Shader Did you use #pragma only_renderers and omit this platform?
WARNING: Shader If subshaders removal was intentional, you may have forgotten turning Fallback off?
ERROR: Shader Hidden/Universal Render Pipeline/FallbackError shader is not supported on this GPU (none of subshaders/fallbacks are suitable)
WARNING: Shader Unsupported: 'Hidden/Universal Render Pipeline/FallbackError' - All subshaders removed
WARNING: Shader Did you use #pragma only_renderers and omit this platform?
WARNING: Shader If subshaders removal was intentional, you may have forgotten turning Fallback off?
WARNING: Shader Unsupported: 'Hidden/Universal Render Pipeline/StencilDeferred' - All subshaders removed
WARNING: Shader Did you use #pragma only_renderers and omit this platform?
WARNING: Shader If subshaders removal was intentional, you may have forgotten turning Fallback off?
ERROR: Shader Hidden/Universal Render Pipeline/StencilDeferred shader is not supported on this GPU (none of subshaders/fallbacks are suitable)
WARNING: Shader Unsupported: 'Hidden/Universal Render Pipeline/StencilDeferred' - All subshaders removed
WARNING: Shader Did you use #pragma only_renderers and omit this platform?
WARNING: Shader If subshaders removal was intentional, you may have forgotten turning Fallback off?
ERROR: Shader Hidden/Universal Render Pipeline/CameraMotionVectors shader is not supported on this GPU (none of subshaders/fallbacks are suitable)
ERROR: Shader Hidden/Universal Render Pipeline/ObjectMotionVectors shader is not supported on this GPU (none of subshaders/fallbacks are suitable)
ERROR: Shader Hidden/Universal Render Pipeline/LensFlareDataDriven shader is not supported on this GPU (none of subshaders/fallbacks are suitable)
ERROR: Shader Hidden/Universal Render Pipeline/ScreenSpaceAmbientOcclusion shader is not supported on this GPU (none of subshaders/fallbacks are suitable)
ERROR: Shader Hidden/Universal Render Pipeline/Stop NaN shader is not supported on this GPU (none of subshaders/fallbacks are suitable)
ERROR: Shader Hidden/Universal Render Pipeline/SubpixelMorphologicalAntialiasing shader is not supported on this GPU (none of subshaders/fallbacks are suitable)
ERROR: Shader Hidden/Universal Render Pipeline/TemporalAA shader is not supported on this GPU (none of subshaders/fallbacks are suitable)
ERROR: Shader Hidden/Universal Render Pipeline/Scaling Setup shader is not supported on this GPU (none of subshaders/fallbacks are suitable)
ERROR: Shader Hidden/Universal Render Pipeline/Edge Adaptive Spatial Upsampling shader is not supported on this GPU (none of subshaders/fallbacks are suitable)
ERROR: Shader Hidden/Universal Render Pipeline/FinalPost shader is not supported on this GPU (none of subshaders/fallbacks are suitable)
ERROR: Shader Sprites/Default shader is not supported on this GPU (none of subshaders/fallbacks are suitable)
ERROR: Shader Sprites/Mask shader is not supported on this GPU (none of subshaders/fallbacks are suitable)
ERROR: Shader GUI/Text Shader shader is not supported on this GPU (none of subshaders/fallbacks are suitable)
UnloadTime: 2.162956 ms
Parsing args: /var/scratch/zmr280/opencraft/opencraft.x86_64, -batchmode, -nographics, -logStats, True, -serverUrl, 10.141.0.1, -statsFile, /var/scratch/zmr280/runs/players-activeLogic_3-Layer_6x_6z_200p_120s/opencraft_stats/client76.csv, -userID, 76, -playType, Client, -emulationType, Simulation
Setting up worlds with playType Client and streaming role Disabled
Adding type with UniqueSystemAttribute: StatisticsSystem
Adding type with UniqueSystemAttribute: StatisticsSystem
Failed to create websocket: System.Net.Sockets.SocketException (0x80004005): Address already in use
  at System.Net.Sockets.Socket.Bind (System.Net.EndPoint localEP) [0x00000] in <00000000000000000000000000000000>:0 
  at Unity.NetCode.DebugWebSocket..ctor (System.UInt16 port) [0x00000] in <00000000000000000000000000000000>:0 
  at Unity.NetCode.GhostStatsConnection..ctor () [0x00000] in <00000000000000000000000000000000>:0 
  at Unity.NetCode.GhostStatsFlushSystem.OnCreate () [0x00000] in <00000000000000000000000000000000>:0 
  at Unity.Entities.ComponentSystemBase.CreateInstance (Unity.Entities.World world) [0x00000] in <00000000000000000000000000000000>:0 
  at Unity.Entities.World.AddSystem_OnCreate_Internal (Unity.Entities.ComponentSystemBase system) [0x00000] in <00000000000000000000000000000000>:0 
  at Unity.Entities.World.GetOrCreateSystemsAndLogException (Unity.Collections.NativeList`1[T] types, System.Int32 typesCount, Unity.Collections.AllocatorManager+AllocatorHandle allocator) [0x00000] in <00000000000000000000000000000000>:0 
  at Unity.Entities.World.GetOrCreateSystemsAndLogException (Unity.Collections.NativeList`1[T] types, Unity.Collections.AllocatorManager+AllocatorHandle allocator) [0x00000] in <00000000000000000000000000000000>:0 
  at Unity.Entities.DefaultWorldInitialization.AddSystemToRootLevelSystemGroupsInternal[T] (Unity.Entities.World world, Unity.Collections.NativeList`1[T] systemTypesOrig, Unity.Entities.ComponentSystemGroup defaultGroup, T rootGroups) [0x00000] in <00000000000000000000000000000000>:0 
  at Unity.Entities.DefaultWorldInitialization.AddSystemToRootLevelSystemGroupsInternal (Unity.Entities.World world, Unity.Collections.NativeList`1[T] systemTypesOrig) [0x00000] in <00000000000000000000000000000000>:0 
  at Unity.Entities.DefaultWorldInitialization.AddSystemsToRootLevelSystemGroups (Unity.Entities.World world, System.Collections.Generic.IReadOnlyList`1[T] systemTypes) [0x00000] in <00000000000000000000000000000000>:0 
  at PolkaDOTS.Bootstrap.GameBootstrap.CreateClientWorld (System.String name, Unity.Entities.WorldFlags flags, System.Collections.Generic.IReadOnlyList`1[T] systems) [0x00000] in <00000000000000000000000000000000>:0 
  at PolkaDOTS.Bootstrap.GameBootstrap.CreateDefaultClientWorld (System.String worldName, System.Boolean isHost, System.Boolean isCloudHost) [0x00000] in <00000000000000000000000000000000>:0 
  at PolkaDOTS.Bootstrap.GameBootstrap.SetupWorlds (PolkaDOTS.Deployment.MultiplayStreamingRoles mRole, PolkaDOTS.Bootstrap.GameBootstrap+BootstrapPlayTypes playTypes, Unity.Collections.NativeList`1[Unity.Entities.WorldUnmanaged]& worldReferences, System.Int32 numSimulatedClients, System.Boolean autoStart, System.Boolean autoConnect, System.String serverUrl, System.UInt16 serverPort, System.String signalingUrl, System.String worldName) [0x00000] in <00000000000000000000000000000000>:0 
  at PolkaDOTS.Bootstrap.GameBootstrap.SetupWorldsFromLocalConfig () [0x00000] in <00000000000000000000000000000000>:0 
  at PolkaDOTS.Bootstrap.GameBootstrap.Initialize (System.String defaultWorldName) [0x00000] in <00000000000000000000000000000000>:0 
  at Unity.Entities.CustomWorldInitialization.Initialize (System.String defaultWorldName, System.Boolean editorWorld) [0x00000] in <00000000000000000000000000000000>:0 
  at Unity.Entities.CustomAutomaticWorldBootstrap.Initialize () [0x00000] in <00000000000000000000000000000000>:0 
UnityEngine.DebugLogHandler:Internal_Log(LogType, LogOption, String, Object)
UnityEngine.DebugLogHandler:LogFormat(LogType, Object, String, Object[])
UnityEngine.Logger:Log(LogType, Object)
UnityEngine.Debug:LogError(Object)
Unity.NetCode.DebugWebSocket:.ctor(UInt16)
Unity.NetCode.GhostStatsConnection:.ctor()
Unity.NetCode.GhostStatsFlushSystem:OnCreate()
Unity.Entities.ComponentSystemBase:CreateInstance(World)
Unity.Entities.World:AddSystem_OnCreate_Internal(ComponentSystemBase)
Unity.Entities.World:GetOrCreateSystemsAndLogException(NativeList`1, Int32, AllocatorHandle)
Unity.Entities.World:GetOrCreateSystemsAndLogException(NativeList`1, AllocatorHandle)
Unity.Entities.DefaultWorldInitialization:AddSystemToRootLevelSystemGroupsInternal(World, NativeList`1, ComponentSystemGroup, T)
Unity.Entities.DefaultWorldInitialization:AddSystemToRootLevelSystemGroupsInternal(World, NativeList`1)
Unity.Entities.DefaultWorldInitialization:AddSystemsToRootLevelSystemGroups(World, IReadOnlyList`1)
PolkaDOTS.Bootstrap.GameBootstrap:CreateClientWorld(String, WorldFlags, IReadOnlyList`1)
PolkaDOTS.Bootstrap.GameBootstrap:CreateDefaultClientWorld(String, Boolean, Boolean)
PolkaDOTS.Bootstrap.GameBootstrap:SetupWorlds(MultiplayStreamingRoles, BootstrapPlayTypes, NativeList`1&, Int32, Boolean, Boolean, String, UInt16, String, String)
PolkaDOTS.Bootstrap.GameBootstrap:SetupWorldsFromLocalConfig()
PolkaDOTS.Bootstrap.GameBootstrap:Initialize(String)
Unity.Entities.CustomWorldInitialization:Initialize(String, Boolean)
Unity.Entities.CustomAutomaticWorldBootstrap:Initialize()

Adding world ClientWorld to update list
Connecting worlds with playType Client and streaming role Disabled
Created connection request for 10.141.0.1:7979
Creating statistics writer!
Recorder [ServerFixedUpdate] is invalid!
UnityEngine.DebugLogHandler:Internal_Log(LogType, LogOption, String, Object)
UnityEngine.DebugLogHandler:LogFormat(LogType, Object, String, Object[])
UnityEngine.Logger:Log(LogType, Object)
UnityEngine.Debug:LogWarning(Object)
PolkaDOTS.Statistics.StatisticsWriter:.ctor()
PolkaDOTS.Statistics.StatisticsWriterInstance:Awake()

Recorder [TerrainGeneration] is invalid!
UnityEngine.DebugLogHandler:Internal_Log(LogType, LogOption, String, Object)
UnityEngine.DebugLogHandler:LogFormat(LogType, Object, String, Object[])
UnityEngine.Logger:Log(LogType, Object)
UnityEngine.Debug:LogWarning(Object)
PolkaDOTS.Statistics.StatisticsWriter:.ctor()
PolkaDOTS.Statistics.StatisticsWriterInstance:Awake()

Recorder [PlayerTerrainGenCheck] is invalid!
UnityEngine.DebugLogHandler:Internal_Log(LogType, LogOption, String, Object)
UnityEngine.DebugLogHandler:LogFormat(LogType, Object, String, Object[])
UnityEngine.Logger:Log(LogType, Object)
UnityEngine.Debug:LogWarning(Object)
PolkaDOTS.Statistics.StatisticsWriter:.ctor()
PolkaDOTS.Statistics.StatisticsWriterInstance:Awake()

Recorder [StructureGeneration] is invalid!
UnityEngine.DebugLogHandler:Internal_Log(LogType, LogOption, String, Object)
UnityEngine.DebugLogHandler:LogFormat(LogType, Object, String, Object[])
UnityEngine.Logger:Log(LogType, Object)
UnityEngine.Debug:LogWarning(Object)
PolkaDOTS.Statistics.StatisticsWriter:.ctor()
PolkaDOTS.Statistics.StatisticsWriterInstance:Awake()

Recorder [TerrainLogicSystem] is invalid!
UnityEngine.DebugLogHandler:Internal_Log(LogType, LogOption, String, Object)
UnityEngine.DebugLogHandler:LogFormat(LogType, Object, String, Object[])
UnityEngine.Logger:Log(LogType, Object)
UnityEngine.Debug:LogWarning(Object)
PolkaDOTS.Statistics.StatisticsWriter:.ctor()
PolkaDOTS.Statistics.StatisticsWriterInstance:Awake()

Recorder [GetUpdates] is invalid!
UnityEngine.DebugLogHandler:Internal_Log(LogType, LogOption, String, Object)
UnityEngine.DebugLogHandler:LogFormat(LogType, Object, String, Object[])
UnityEngine.Logger:Log(LogType, Object)
UnityEngine.Debug:LogWarning(Object)
PolkaDOTS.Statistics.StatisticsWriter:.ctor()
PolkaDOTS.Statistics.StatisticsWriterInstance:Awake()

Recorder [ReevaluatePropagateMarker] is invalid!
UnityEngine.DebugLogHandler:Internal_Log(LogType, LogOption, String, Object)
UnityEngine.DebugLogHandler:LogFormat(LogType, Object, String, Object[])
UnityEngine.Logger:Log(LogType, Object)
UnityEngine.Debug:LogWarning(Object)
PolkaDOTS.Statistics.StatisticsWriter:.ctor()
PolkaDOTS.Statistics.StatisticsWriterInstance:Awake()

Recorder [PropagateLogicState] is invalid!
UnityEngine.DebugLogHandler:Internal_Log(LogType, LogOption, String, Object)
UnityEngine.DebugLogHandler:LogFormat(LogType, Object, String, Object[])
UnityEngine.Logger:Log(LogType, Object)
UnityEngine.Debug:LogWarning(Object)
PolkaDOTS.Statistics.StatisticsWriter:.ctor()
PolkaDOTS.Statistics.StatisticsWriterInstance:Awake()

Recorder [PropInputBlocks] is invalid!
UnityEngine.DebugLogHandler:Internal_Log(LogType, LogOption, String, Object)
UnityEngine.DebugLogHandler:LogFormat(LogType, Object, String, Object[])
UnityEngine.Logger:Log(LogType, Object)
UnityEngine.Debug:LogWarning(Object)
PolkaDOTS.Statistics.StatisticsWriter:.ctor()
PolkaDOTS.Statistics.StatisticsWriterInstance:Awake()

Recorder [PropActiveLogicBlocks] is invalid!
UnityEngine.DebugLogHandler:Internal_Log(LogType, LogOption, String, Object)
UnityEngine.DebugLogHandler:LogFormat(LogType, Object, String, Object[])
UnityEngine.Logger:Log(LogType, Object)
UnityEngine.Debug:LogWarning(Object)
PolkaDOTS.Statistics.StatisticsWriter:.ctor()
PolkaDOTS.Statistics.StatisticsWriterInstance:Awake()

Recorder [CheckGateState] is invalid!
UnityEngine.DebugLogHandler:Internal_Log(LogType, LogOption, String, Object)
UnityEngine.DebugLogHandler:LogFormat(LogType, Object, String, Object[])
UnityEngine.Logger:Log(LogType, Object)
UnityEngine.Debug:LogWarning(Object)
PolkaDOTS.Statistics.StatisticsWriter:.ctor()
PolkaDOTS.Statistics.StatisticsWriterInstance:Awake()

Recorder [GhostSimulationSystemGroup] is invalid!
UnityEngine.DebugLogHandler:Internal_Log(LogType, LogOption, String, Object)
UnityEngine.DebugLogHandler:LogFormat(LogType, Object, String, Object[])
UnityEngine.Logger:Log(LogType, Object)
UnityEngine.Debug:LogWarning(Object)
PolkaDOTS.Statistics.StatisticsWriter:.ctor()
PolkaDOTS.Statistics.StatisticsWriterInstance:Awake()

Recorder [PredictedSimulationSystemGroup] is invalid!
UnityEngine.DebugLogHandler:Internal_Log(LogType, LogOption, String, Object)
UnityEngine.DebugLogHandler:LogFormat(LogType, Object, String, Object[])
UnityEngine.Logger:Log(LogType, Object)
UnityEngine.Debug:LogWarning(Object)
PolkaDOTS.Statistics.StatisticsWriter:.ctor()
PolkaDOTS.Statistics.StatisticsWriterInstance:Awake()

Initializing multiplay!
Found non-specified codec: VP8 Internal video/VP8 implementation_name=Internal
Found codec: VP9 Profile0
Found codec: VP9 Profile2
Found codec: VP9 Profile1
Found codec: VP9 Profile3
Found codec: AV1 Profile0
Found codec: AV1 Profile1
Could not find H264.High as streaming codec!
Adding terrain areas statistics recorders
Streamed scene with   56ms latency from /var/scratch/zmr280/opencraft/opencraft_Data/StreamingAssets/EntityScenes/bea83102298cfb741939cdba85abe535.0.entities
AutoLoading authoring scene in world ClientWorld
[03:24:56.2489250]:[ClientWorld] New connection ID:75
ERROR: Shader Custom/VoxelShader shader is not supported on this GPU (none of subshaders/fallbacks are suitable)
WARNING: Shader Unsupported: 'Hidden/Universal Render Pipeline/FallbackError' - All subshaders removed
WARNING: Shader Did you use #pragma only_renderers and omit this platform?
WARNING: Shader If subshaders removal was intentional, you may have forgotten turning Fallback off?
ERROR: Shader Hidden/Universal Render Pipeline/FallbackError shader is not supported on this GPU (none of subshaders/fallbacks are suitable)
WARNING: Shader Unsupported: 'Hidden/Universal Render Pipeline/FallbackError' - All subshaders removed
WARNING: Shader Did you use #pragma only_renderers and omit this platform?
WARNING: Shader If subshaders removal was intentional, you may have forgotten turning Fallback off?
WARNING: Shader Unsupported: 'Universal Render Pipeline/Lit' - All subshaders removed
WARNING: Shader Did you use #pragma only_renderers and omit this platform?
WARNING: Shader If subshaders removal was intentional, you may have forgotten turning Fallback off?
ERROR: Shader Universal Render Pipeline/Lit shader is not supported on this GPU (none of subshaders/fallbacks are suitable)
WARNING: Shader Unsupported: 'Universal Render Pipeline/Lit' - All subshaders removed
WARNING: Shader Did you use #pragma only_renderers and omit this platform?
WARNING: Shader If subshaders removal was intentional, you may have forgotten turning Fallback off?
WARNING: Shader Unsupported: 'Universal Render Pipeline/Unlit' - All subshaders removed
WARNING: Shader Did you use #pragma only_renderers and omit this platform?
WARNING: Shader If subshaders removal was intentional, you may have forgotten turning Fallback off?
ERROR: Shader Universal Render Pipeline/Unlit shader is not supported on this GPU (none of subshaders/fallbacks are suitable)
WARNING: Shader Unsupported: 'Universal Render Pipeline/Unlit' - All subshaders removed
WARNING: Shader Did you use #pragma only_renderers and omit this platform?
WARNING: Shader If subshaders removal was intentional, you may have forgotten turning Fallback off?
Streamed scene with   31ms latency from /var/scratch/zmr280/opencraft/opencraft_Data/StreamingAssets/EntityScenes/62561c7118c5bbb46929c6bf65331faa.0.entities
Sending start game stream RPC
Emulation type is Idle, Simulation
Creating local player object
Sending spawn player RPC for user 76
ERROR: Shader UI/Default shader is not supported on this GPU (none of subshaders/fallbacks are suitable)
Player 76 has no connection ID!
UnityEngine.DebugLogHandler:Internal_Log(LogType, LogOption, String, Object)
UnityEngine.DebugLogHandler:LogFormat(LogType, Object, String, Object[])
UnityEngine.Logger:Log(LogType, Object)
UnityEngine.Debug:LogWarning(Object)
Opencraft.Player.SamplePlayerInput:OnUpdate(SystemState&)
Opencraft.Player.SamplePlayerInput:__codegen__OnUpdate(IntPtr, IntPtr)

Linking player entity Entity(241:1) to 76@LOCALPLAYER
Player simulation searching for path from float3(0.5f, 9.1f, 0.5f) = int3(0, 9, 0) to int3(-13, 9, 4)
Player simulation could not find a path from int3(0, 9, 0) to int3(-13, 9, 4), will choose new target
Player simulation searching for path from float3(0.5f, 9.1f, 0.5f) = int3(0, 9, 0) to int3(8, 9, 6)
Player simulation could not find a path from int3(0, 9, 0) to int3(8, 9, 6), will choose new target
    2: Could not find target at int3(0, 9, 0)
Player simulation searching for path from float3(0.5f, 9.1f, 0.5f) = int3(0, 9, 0) to int3(-12, 9, 14)
Player simulation could not find a path from int3(0, 9, 0) to int3(-12, 9, 14), will choose new target
Player simulation searching for path from float3(0.5f, 9.1f, 0.5f) = int3(0, 9, 0) to int3(9, 9, 4)
Player simulation could not find a path from int3(0, 9, 0) to int3(9, 9, 4), will choose new target
    5: Could not find target at int3(0, 9, 0)
Player simulation searching for path from float3(0.5f, 9.1f, 0.5f) = int3(0, 9, 0) to int3(5, 9, -5)
Player simulation could not find a path from int3(0, 9, 0) to int3(5, 9, -5), will choose new target
Player simulation searching for path from float3(0.5f, 9.1f, 0.5f) = int3(0, 9, 0) to int3(15, 9, -2)
Player simulation could not find a path from int3(0, 9, 0) to int3(15, 9, -2), will choose new target
Player simulation searching for path from float3(0.5f, 9.1f, 0.5f) = int3(0, 9, 0) to int3(11, 9, -3)
Player simulation could not find a path from int3(0, 9, 0) to int3(11, 9, -3), will choose new target
ClientWorld player simulation could not find a path in 9 attempts, waiting to try again
Player simulation searching for path from float3(0.5f, 9.1f, 0.5f) = int3(0, 9, 0) to int3(-13, 9, 4)
ClientWorld player simulation set new target int3(-13, 9, 4)
ClientWorld player simulation reached target int3(-13, 9, 4)
Player simulation searching for path from float3(-12.31943f, 9.12929f, 4.473132f) = int3(-13, 9, 4) to int3(3, 9, 1)
ClientWorld player simulation set new target int3(3, 9, 1)
ClientWorld player simulation reached target int3(3, 9, 1)
Player simulation searching for path from float3(3.324711f, 9.12929f, 1.512f) = int3(3, 9, 1) to int3(2, 9, 10)
ClientWorld player simulation set new target int3(2, 9, 10)
ClientWorld player simulation reached target int3(2, 9, 10)
Player simulation searching for path from float3(2.641868f, 9.12929f, 10.39458f) = int3(2, 9, 10) to int3(0, 9, 5)
ClientWorld player simulation set new target int3(0, 9, 5)
ClientWorld player simulation reached target int3(0, 9, 5)
Player simulation searching for path from float3(0.6471329f, 9.142265f, 5.530555f) = int3(0, 9, 5) to int3(8, 9, -4)
ClientWorld player simulation set new target int3(8, 9, -4)
ClientWorld player simulation reached target int3(8, 9, -4)
Player simulation searching for path from float3(8.531f, 9.12929f, -3.323711f) = int3(8, 9, -4) to int3(4, 9, 11)
ClientWorld player simulation set new target int3(4, 9, 11)
ClientWorld player simulation reached target int3(4, 9, 11)
Player simulation searching for path from float3(4.61029f, 9.12929f, 11.515f) = int3(4, 9, 11) to int3(6, 9, -12)
ClientWorld player simulation set new target int3(6, 9, -12)
ClientWorld player simulation reached target int3(6, 9, -12)
Player simulation searching for path from float3(6.488f, 9.12929f, -11.32171f) = int3(6, 9, -12) to int3(-1, 9, 12)
ClientWorld player simulation set new target int3(-1, 9, 12)
ClientWorld player simulation path has strayed from int3(6, 9, 4) to int3(6, 9, 1), searching for a correction
ClientWorld player simulation reached target int3(-1, 9, 12)
Player simulation searching for path from float3(-0.3028671f, 9.142265f, 12.4896f) = int3(-1, 9, 12) to int3(-8, 9, 11)
ClientWorld player simulation set new target int3(-8, 9, 11)
ClientWorld player simulation reached target int3(-8, 9, 11)
Player simulation searching for path from float3(-7.528f, 9.12929f, 11.66029f) = int3(-8, 9, 11) to int3(3, 9, 4)
ClientWorld player simulation set new target int3(3, 9, 4)
ClientWorld player simulation reached target int3(3, 9, 4)
Player simulation searching for path from float3(3.325843f, 9.12929f, 4.503132f) = int3(3, 9, 4) to int3(-13, 9, -8)
ClientWorld player simulation set new target int3(-13, 9, -8)
ClientWorld player simulation reached target int3(-13, 9, -8)
Player simulation searching for path from float3(-12.506f, 9.12929f, -7.31571f) = int3(-13, 9, -8) to int3(3, 9, 1)
ClientWorld player simulation set new target int3(3, 9, 1)
ClientWorld player simulation reached target int3(3, 9, 1)
Player simulation searching for path from float3(3.375421f, 9.12929f, 1.514711f) = int3(3, 9, 1) to int3(2, 9, 10)
ClientWorld player simulation set new target int3(2, 9, 10)
ClientWorld player simulation reached target int3(2, 9, 10)
Player simulation searching for path from float3(2.52229f, 9.12929f, 10.486f) = int3(2, 9, 10) to int3(0, 9, 5)
ClientWorld player simulation set new target int3(0, 9, 5)
ClientWorld player simulation reached target int3(0, 9, 5)
Player simulation searching for path from float3(0.6982649f, 9.142265f, 5.509735f) = int3(0, 9, 5) to int3(8, 9, -4)
ClientWorld player simulation set new target int3(8, 9, -4)
ClientWorld player simulation reached target int3(8, 9, -4)
Player simulation searching for path from float3(8.533977f, 9.142265f, -3.399446f) = int3(8, 9, -4) to int3(4, 9, 11)
ClientWorld player simulation set new target int3(4, 9, 11)
ClientWorld player simulation reached target int3(4, 9, 11)
Player simulation searching for path from float3(4.446844f, 9.142265f, 11.41469f) = int3(4, 9, 11) to int3(6, 9, -12)
ClientWorld player simulation set new target int3(6, 9, -12)
ClientWorld player simulation reached target int3(6, 9, -12)
Player simulation searching for path from float3(6.552446f, 9.142265f, -11.35845f) = int3(6, 9, -12) to int3(-1, 9, 12)
ClientWorld player simulation set new target int3(-1, 9, 12)
ClientWorld player simulation reached target int3(-1, 9, 12)
Player simulation searching for path from float3(-0.3691565f, 9.142265f, 12.53274f) = int3(-1, 9, 12) to int3(-8, 9, 11)
ClientWorld player simulation set new target int3(-8, 9, 11)
ClientWorld player simulation reached target int3(-8, 9, 11)
Player simulation searching for path from float3(-7.436265f, 9.142265f, 11.65084f) = int3(-8, 9, 11) to int3(3, 9, 4)
ClientWorld player simulation set new target int3(3, 9, 4)
ClientWorld player simulation reached target int3(3, 9, 4)
Player simulation searching for path from float3(3.379867f, 9.142265f, 4.485976f) = int3(3, 9, 4) to int3(-13, 9, -8)
ClientWorld player simulation set new target int3(-13, 9, -8)
ClientWorld player simulation reached target int3(-13, 9, -8)
Player simulation searching for path from float3(-12.53374f, 9.142265f, -7.343156f) = int3(-13, 9, -8) to int3(3, 9, 1)
ClientWorld player simulation set new target int3(3, 9, 1)
ClientWorld player simulation reached target int3(3, 9, 1)
Player simulation searching for path from float3(3.331734f, 9.142265f, 1.490735f) = int3(3, 9, 1) to int3(2, 9, 10)
ClientWorld player simulation set new target int3(2, 9, 10)
ClientWorld player simulation reached target int3(2, 9, 10)
Player simulation searching for path from float3(2.671579f, 9.12929f, 10.64671f) = int3(2, 9, 10) to int3(0, 9, 5)
ClientWorld player simulation set new target int3(0, 9, 5)
ClientWorld player simulation reached target int3(0, 9, 5)
Player simulation searching for path from float3(0.6762893f, 9.12929f, 5.503f) = int3(0, 9, 5) to int3(8, 9, -4)
ClientWorld player simulation set new target int3(8, 9, -4)
ClientWorld player simulation reached target int3(8, 9, -4)
Player simulation searching for path from float3(8.463025f, 9.142265f, -3.302131f) = int3(8, 9, -4) to int3(4, 9, 11)
ClientWorld player simulation set new target int3(4, 9, 11)
ClientWorld player simulation reached target int3(4, 9, 11)
Player simulation searching for path from float3(4.645266f, 9.142265f, 11.48674f) = int3(4, 9, 11) to int3(6, 9, -12)
ClientWorld player simulation set new target int3(6, 9, -12)
ClientWorld player simulation reached target int3(6, 9, -12)
Player simulation searching for path from float3(6.515f, 9.12929f, -11.39571f) = int3(6, 9, -12) to int3(-1, 9, 12)
ClientWorld player simulation set new target int3(-1, 9, 12)
ClientWorld player simulation path has strayed from int3(6, 9, -4) to int3(6, 9, -7), searching for a correction
ClientWorld player simulation reached target int3(-1, 9, 12)
Player simulation searching for path from float3(-0.3574214f, 9.12929f, 12.52971f) = int3(-1, 9, 12) to int3(-8, 9, 11)
ClientWorld player simulation set new target int3(-8, 9, 11)
ClientWorld player simulation reached target int3(-8, 9, 11)
Player simulation searching for path from float3(-7.498024f, 9.142265f, 11.66055f) = int3(-8, 9, 11) to int3(3, 9, 4)
ClientWorld player simulation set new target int3(3, 9, 4)
ClientWorld player simulation reached target int3(3, 9, 4)
Player simulation searching for path from float3(3.392132f, 9.12929f, 4.488f) = int3(3, 9, 4) to int3(-13, 9, -8)
ClientWorld player simulation set new target int3(-13, 9, -8)
ClientWorld player simulation reached target int3(-13, 9, -8)
Player simulation searching for path from float3(-12.47074f, 9.142265f, -7.338735f) = int3(-13, 9, -8) to int3(3, 9, 1)
ClientWorld player simulation set new target int3(3, 9, 1)
ClientWorld player simulation path has strayed from int3(2, 9, 1) to int3(2, 9, -2), searching for a correction
ClientWorld player simulation reached target int3(3, 9, 1)
Player simulation searching for path from float3(3.368842f, 9.12929f, 1.471132f) = int3(3, 9, 1) to int3(2, 9, 10)
ClientWorld player simulation set new target int3(2, 9, 10)
ClientWorld player simulation reached target int3(2, 9, 10)
Player simulation searching for path from float3(2.686844f, 9.142265f, 10.42584f) = int3(2, 9, 10) to int3(0, 9, 5)
ClientWorld player simulation set new target int3(0, 9, 5)
ClientWorld player simulation reached target int3(0, 9, 5)
Player simulation searching for path from float3(0.5965543f, 9.142265f, 5.493024f) = int3(0, 9, 5) to int3(8, 9, -4)
ClientWorld player simulation set new target int3(8, 9, -4)
ClientWorld player simulation reached target int3(8, 9, -4)
Player simulation searching for path from float3(8.519f, 9.12929f, -3.37671f) = int3(8, 9, -4) to int3(4, 9, 11)
ClientWorld player simulation set new target int3(4, 9, 11)
ClientWorld player simulation reached target int3(4, 9, 11)
Player simulation searching for path from float3(4.664555f, 9.142265f, 11.49198f) = int3(4, 9, 11) to int3(6, 9, -12)
ClientWorld player simulation set new target int3(6, 9, -12)
ClientWorld player simulation reached target int3(6, 9, -12)
Player simulation searching for path from float3(6.540735f, 9.142265f, -11.48574f) = int3(6, 9, -12) to int3(-1, 9, 12)
ClientWorld player simulation set new target int3(-1, 9, 12)
ClientWorld player simulation reached target int3(-1, 9, 12)
Player simulation searching for path from float3(-0.4084457f, 9.142265f, 12.53098f) = int3(-1, 9, 12) to int3(-8, 9, 11)
ClientWorld player simulation set new target int3(-8, 9, 11)
ClientWorld player simulation reached target int3(-8, 9, 11)
Player simulation searching for path from float3(-7.633422f, 9.12929f, 11.66887f) = int3(-8, 9, 11) to int3(3, 9, 4)
ClientWorld player simulation set new target int3(3, 9, 4)
ClientWorld player simulation reached target int3(3, 9, 4)
Player simulation searching for path from float3(3.330734f, 9.142265f, 4.473735f) = int3(3, 9, 4) to int3(-13, 9, -8)
ClientWorld player simulation set new target int3(-13, 9, -8)
ClientWorld player simulation reached target int3(-13, 9, -8)
Player simulation searching for path from float3(-12.45374f, 9.142265f, -7.337735f) = int3(-13, 9, -8) to int3(3, 9, 1)
ClientWorld player simulation set new target int3(3, 9, 1)
ClientWorld player simulation reached target int3(3, 9, 1)
Player simulation searching for path from float3(3.387711f, 9.12929f, 1.482f) = int3(3, 9, 1) to int3(2, 9, 10)
ClientWorld player simulation set new target int3(2, 9, 10)
ClientWorld player simulation reached target int3(2, 9, 10)
Player simulation searching for path from float3(2.693158f, 9.12929f, 10.47729f) = int3(2, 9, 10) to int3(0, 9, 5)
ClientWorld player simulation set new target int3(0, 9, 5)
ClientWorld player simulation reached target int3(0, 9, 5)
Player simulation searching for path from float3(0.6442894f, 9.12929f, 5.514f) = int3(0, 9, 5) to int3(8, 9, -4)
ClientWorld player simulation set new target int3(8, 9, -4)
ClientWorld player simulation reached target int3(8, 9, -4)
Player simulation searching for path from float3(8.502554f, 9.142265f, -3.358867f) = int3(8, 9, -4) to int3(4, 9, 11)
ClientWorld player simulation set new target int3(4, 9, 11)
ClientWorld player simulation reached target int3(4, 9, 11)
Player simulation searching for path from float3(4.600555f, 9.142265f, 11.48498f) = int3(4, 9, 11) to int3(6, 9, -12)
ClientWorld player simulation set new target int3(6, 9, -12)
ClientWorld player simulation path has strayed from int3(4, 9, 3) to int3(4, 9, 6), searching for a correction
ClientWorld player simulation reached target int3(6, 9, -12)
Player simulation searching for path from float3(6.442266f, 9.142265f, -11.32274f) = int3(6, 9, -12) to int3(-1, 9, 12)
ClientWorld player simulation set new target int3(-1, 9, 12)
[03:27:30.5362490]:[ClientWorld] Connection disconnected ID:75 Reason:ClosedByRemote
Caught fatal signal - signo:15 code:0 errno:0 addr:0x150200069bc2
Obtained 26 stack frames.
#0  0x007fd180d5d9c9 in PlayerMain(int, char**)
#1  0x007fd180d524b7 in (Unknown)
#2  0x007fd17eabac20 in funlockfile
#3  0x007fd17e8438eb in __memmove_avx_unaligned_erms
#4  0x007fd0bd6bd60c in Buffer_InternalMemcpy_mFABC315DCD001655DDA90A2531F56366794E72C5
#5  0x007fd0bd6bd55b in Buffer_Memcpy_m87345ACEE449F8CEA42341BC9F4AFC3743EF96D1
#6  0x007fd0bd6bdb95 in Buffer_Memmove_mAA31A45BF1B1FA6490F0913B7FB59537767E5EF3
#7  0x007fd0bd4175cf in String_wstrcpy_m7F8C35DCD0E2D5AAC35B153EF73E6B0F1501406B
#8  0x007fd0bd4174fb in String_FillStringChecked_m3413709C427A00C5AB0F94E659DB63E6B4816D62
#9  0x007fd0bd404599 in String_Concat_m9E3155FB84015C823606188F53B47CB44C444991
#10 0x007fd0bd8bd857 in StatisticsWriter_Update_m24123BF001E17A5463E4292E5A6CFD276BBDA76C
#11 0x007fd0bd8bd523 in StatisticsWriterInstance_Update_m336F478398EDE3BFB1A5F3FBFF6830892C7A1FF0
#12 0x007fd0b9e88073 in il2cpp::vm::Runtime::InvokeWithThrow(MethodInfo const*, void*, void**)
#13 0x007fd0b9e87fdb in il2cpp::vm::Runtime::Invoke(MethodInfo const*, void*, void**, Il2CppException**)
#14 0x007fd180c96f0b in (Unknown)
#15 0x007fd180ca1cd7 in (Unknown)
#16 0x007fd180cc89a4 in (Unknown)
#17 0x007fd1804cbc96 in (Unknown)
#18 0x007fd1804cbaae in (Unknown)
#19 0x007fd1807e98cd in (Unknown)
#20 0x007fd1807d5247 in (Unknown)
#21 0x007fd1807d5201 in (Unknown)
#22 0x007fd1807d5570 in (Unknown)
#23 0x007fd180d54077 in PlayerMain(int, char**)
#24 0x007fd17e706493 in __libc_start_main
#25 0x00000000201029 in _start
Setting up 12 worker threads for Enlighten.
Writing stats to file
Calling DomainUnloadOrPlayModeChangeShutdown!
Caught fatal signal - signo:11 code:1 errno:0 addr:0x48
Obtained 25 stack frames.
#0  0x007fd180d5d9c9 in PlayerMain(int, char**)
#1  0x007fd180d524b7 in (Unknown)
#2  0x007fd17eabac20 in funlockfile
#3  0x007fd180715ff3 in (Unknown)
#4  0x007fd180716671 in (Unknown)
#5  0x007fd1806f6e7a in (Unknown)
#6  0x007fd1810f242e in PlayerMain(int, char**)
#7  0x007fd1800a4426 in (Unknown)
#8  0x007fd0bef6d320 in ContentLoadInterface_ContentFile_UnloadAsync_Injected_mBD2F1D561285B0DE37DCDA4DEA75931201B5E680
#9  0x007fd0bef6c78f in ContentLoadInterface_ContentFile_UnloadAsync_m197A3C60564D4E9F9049BAD57B46FB404A8F17BD
#10 0x007fd0bef6c635 in ContentFile_UnloadAsync_mF35518E83FCF4C1701AF2C6CEBF7E507490481D6
#11 0x007fd0be1e456a in RuntimeContentManager_ReleaseFile_m12EDB377B39EF4D01B3268E711303D79747A4F4C
#12 0x007fd0be1e245c in RuntimeContentManager_ReleaseObjectImpl_m84E24B7727CAA367D95ABC97FC529A5594840414
#13 0x007fd0be1e0ae8 in RuntimeContentManager_Cleanup_m6436DF58ED05204D0A7DFACFB212018BD6B813FD
#14 0x007fd0be1e1f38 in RuntimeContentManager_OnShutdown_m09B1F0AD37BE7168472DDB84F55C43F02CD40113
#15 0x007fd0b9cdde76 in EventHandler_Invoke_m9D3126CBE291A3E7E7C304094E1DA846832F9B96_Multicast(EventHandler_tC6323FD7E6163F965259C33D72612C0E5B9BAB82*, Il2CppObject*, EventArgs_t37273F03EAC87217701DD431B190FBD84AD7C377*, MethodInfo const*)
#16 0x007fd0bd64f7b0 in EventHandler_Invoke_m9D3126CBE291A3E7E7C304094E1DA846832F9B96
#17 0x007fd0b9e88073 in il2cpp::vm::Runtime::InvokeWithThrow(MethodInfo const*, void*, void**)
#18 0x007fd0b9e87fdb in il2cpp::vm::Runtime::Invoke(MethodInfo const*, void*, void**, Il2CppException**)
#19 0x007fd0b9e87b1c in il2cpp::vm::Runtime::Shutdown()
#20 0x007fd180cabf56 in (Unknown)
#21 0x007fd1807e7658 in (Unknown)
#22 0x007fd180d53ee6 in PlayerMain(int, char**)
#23 0x007fd17e706493 in __libc_start_main
#24 0x00000000201029 in _start
