[UnityMemory] Configuration Parameters - Can be set up in boot.config
    "memorysetup-bucket-allocator-granularity=16"
    "memorysetup-bucket-allocator-bucket-count=8"
    "memorysetup-bucket-allocator-block-size=4194304"
    "memorysetup-bucket-allocator-block-count=1"
    "memorysetup-main-allocator-block-size=16777216"
    "memorysetup-thread-allocator-block-size=16777216"
    "memorysetup-gfx-main-allocator-block-size=16777216"
    "memorysetup-gfx-thread-allocator-block-size=16777216"
    "memorysetup-cache-allocator-block-size=4194304"
    "memorysetup-typetree-allocator-block-size=2097152"
    "memorysetup-profiler-bucket-allocator-granularity=16"
    "memorysetup-profiler-bucket-allocator-bucket-count=8"
    "memorysetup-profiler-bucket-allocator-block-size=4194304"
    "memorysetup-profiler-bucket-allocator-block-count=1"
    "memorysetup-profiler-allocator-block-size=16777216"
    "memorysetup-profiler-editor-allocator-block-size=1048576"
    "memorysetup-temp-allocator-size-main=4194304"
    "memorysetup-job-temp-allocator-block-size=2097152"
    "memorysetup-job-temp-allocator-block-size-background=1048576"
    "memorysetup-job-temp-allocator-reduction-small-platforms=262144"
    "memorysetup-allocator-temp-initial-block-size-main=262144"
    "memorysetup-allocator-temp-initial-block-size-worker=262144"
    "memorysetup-temp-allocator-size-background-worker=32768"
    "memorysetup-temp-allocator-size-job-worker=262144"
    "memorysetup-temp-allocator-size-preload-manager=262144"
    "memorysetup-temp-allocator-size-nav-mesh-worker=65536"
    "memorysetup-temp-allocator-size-audio-worker=65536"
    "memorysetup-temp-allocator-size-cloud-worker=32768"
    "memorysetup-temp-allocator-size-gfx=262144"
Remaining time:29s
Found 2 interfaces on host : 0) 10.141.0.31 1) 10.149.0.31
Player connection [140487228206976] Multi-casting "[IP] 10.141.0.31 [Port] 55003 [Flags] 19 [Guid] 3183061604 [EditorId] 3988235067 [Version] 1048832 [Id] LinuxPlayer(13,10.141.0.31) [Debug] 0 [PackageName] LinuxPlayer [ProjectName] Opencraft" to [225.0.0.222:54997]...

Direct connection to host time out.
Stopping profiler. Profiler is not able to flush data to a file or socket and exceeded maximum allowed memory for buffering.
Please use Profiler.maxUsedMemory API or -profiler-maxusedmemory command line parameter to increase maximum allowed memory usage.
Using 134234112 bytes while Profiler.maxUsedMemory is 134217728 bytes.
Failed to initialize networking layer after 30 seconds, skipping waiting for connection before starting playback.
Preloaded 'lib_burst_generated.so'
Preloaded 'libwebrtc.so'
[Physics::Module] Initialized MultithreadedJobDispatcher with 47 workers.
Initialize engine version: 2022.3.16f1 (d2c21f0ef2f1)
[Subsystems] Discovering subsystems at path /var/scratch/zmr280/opencraft/opencraft_Data/UnitySubsystems
Forcing GfxDevice: Null
GfxDevice: creating device client; threaded=0; jobified=0
NullGfxDevice:
    Version:  NULL 1.0 [1.0]
    Renderer: Null Device
    Vendor:   Unity Technologies
ERROR: Shader Hidden/Universal Render Pipeline/Blit shader is not supported on this GPU (none of subshaders/fallbacks are suitable)
ERROR: Shader Hidden/Universal Render Pipeline/CopyDepth shader is not supported on this GPU (none of subshaders/fallbacks are suitable)
ERROR: Shader Hidden/Universal Render Pipeline/Sampling shader is not supported on this GPU (none of subshaders/fallbacks are suitable)
ERROR: Shader Hidden/Universal Render Pipeline/LutBuilderLdr shader is not supported on this GPU (none of subshaders/fallbacks are suitable)
ERROR: Shader Hidden/Universal Render Pipeline/LutBuilderHdr shader is not supported on this GPU (none of subshaders/fallbacks are suitable)
ERROR: Shader Hidden/Universal Render Pipeline/UberPost shader is not supported on this GPU (none of subshaders/fallbacks are suitable)
ERROR: Shader Hidden/Universal Render Pipeline/Debug/DebugReplacement shader is not supported on this GPU (none of subshaders/fallbacks are suitable)
ERROR: Shader Hidden/Universal/HDRDebugView shader is not supported on this GPU (none of subshaders/fallbacks are suitable)
WARNING: Shader Unsupported: 'Hidden/Universal Render Pipeline/FallbackError' - All subshaders removed
WARNING: Shader Did you use #pragma only_renderers and omit this platform?
WARNING: Shader If subshaders removal was intentional, you may have forgotten turning Fallback off?
ERROR: Shader Hidden/Universal Render Pipeline/FallbackError shader is not supported on this GPU (none of subshaders/fallbacks are suitable)
WARNING: Shader Unsupported: 'Hidden/Universal Render Pipeline/FallbackError' - All subshaders removed
WARNING: Shader Did you use #pragma only_renderers and omit this platform?
WARNING: Shader If subshaders removal was intentional, you may have forgotten turning Fallback off?
WARNING: Shader Unsupported: 'Hidden/Universal Render Pipeline/StencilDeferred' - All subshaders removed
WARNING: Shader Did you use #pragma only_renderers and omit this platform?
WARNING: Shader If subshaders removal was intentional, you may have forgotten turning Fallback off?
ERROR: Shader Hidden/Universal Render Pipeline/StencilDeferred shader is not supported on this GPU (none of subshaders/fallbacks are suitable)
WARNING: Shader Unsupported: 'Hidden/Universal Render Pipeline/StencilDeferred' - All subshaders removed
WARNING: Shader Did you use #pragma only_renderers and omit this platform?
WARNING: Shader If subshaders removal was intentional, you may have forgotten turning Fallback off?
ERROR: Shader Hidden/Universal Render Pipeline/CameraMotionVectors shader is not supported on this GPU (none of subshaders/fallbacks are suitable)
ERROR: Shader Hidden/Universal Render Pipeline/ObjectMotionVectors shader is not supported on this GPU (none of subshaders/fallbacks are suitable)
ERROR: Shader Hidden/Universal Render Pipeline/LensFlareDataDriven shader is not supported on this GPU (none of subshaders/fallbacks are suitable)
ERROR: Shader Hidden/Universal Render Pipeline/ScreenSpaceAmbientOcclusion shader is not supported on this GPU (none of subshaders/fallbacks are suitable)
ERROR: Shader Hidden/Universal Render Pipeline/Stop NaN shader is not supported on this GPU (none of subshaders/fallbacks are suitable)
ERROR: Shader Hidden/Universal Render Pipeline/SubpixelMorphologicalAntialiasing shader is not supported on this GPU (none of subshaders/fallbacks are suitable)
ERROR: Shader Hidden/Universal Render Pipeline/TemporalAA shader is not supported on this GPU (none of subshaders/fallbacks are suitable)
ERROR: Shader Hidden/Universal Render Pipeline/Scaling Setup shader is not supported on this GPU (none of subshaders/fallbacks are suitable)
ERROR: Shader Hidden/Universal Render Pipeline/Edge Adaptive Spatial Upsampling shader is not supported on this GPU (none of subshaders/fallbacks are suitable)
ERROR: Shader Hidden/Universal Render Pipeline/FinalPost shader is not supported on this GPU (none of subshaders/fallbacks are suitable)
ERROR: Shader Sprites/Default shader is not supported on this GPU (none of subshaders/fallbacks are suitable)
ERROR: Shader Sprites/Mask shader is not supported on this GPU (none of subshaders/fallbacks are suitable)
ERROR: Shader GUI/Text Shader shader is not supported on this GPU (none of subshaders/fallbacks are suitable)
UnloadTime: 1.099692 ms
Parsing args: /var/scratch/zmr280/opencraft/opencraft.x86_64, -batchmode, -nographics, -logStats, True, -serverUrl, 10.141.0.1, -statsFile, /var/scratch/zmr280/runs/pareto-activeLogic_4-Layer_6x_6z_80p_120s/opencraft_stats/client38.csv, -userID, 38, -playType, Client, -emulationType, Simulation
Setting up worlds with playType Client and streaming role Disabled
Adding type with UniqueSystemAttribute: StatisticsSystem
Adding type with UniqueSystemAttribute: StatisticsSystem
Failed to create websocket: System.Net.Sockets.SocketException (0x80004005): Address already in use
  at System.Net.Sockets.Socket.Bind (System.Net.EndPoint localEP) [0x00000] in <00000000000000000000000000000000>:0 
  at Unity.NetCode.DebugWebSocket..ctor (System.UInt16 port) [0x00000] in <00000000000000000000000000000000>:0 
  at Unity.NetCode.GhostStatsConnection..ctor () [0x00000] in <00000000000000000000000000000000>:0 
  at Unity.NetCode.GhostStatsFlushSystem.OnCreate () [0x00000] in <00000000000000000000000000000000>:0 
  at Unity.Entities.ComponentSystemBase.CreateInstance (Unity.Entities.World world) [0x00000] in <00000000000000000000000000000000>:0 
  at Unity.Entities.World.AddSystem_OnCreate_Internal (Unity.Entities.ComponentSystemBase system) [0x00000] in <00000000000000000000000000000000>:0 
  at Unity.Entities.World.GetOrCreateSystemsAndLogException (Unity.Collections.NativeList`1[T] types, System.Int32 typesCount, Unity.Collections.AllocatorManager+AllocatorHandle allocator) [0x00000] in <00000000000000000000000000000000>:0 
  at Unity.Entities.World.GetOrCreateSystemsAndLogException (Unity.Collections.NativeList`1[T] types, Unity.Collections.AllocatorManager+AllocatorHandle allocator) [0x00000] in <00000000000000000000000000000000>:0 
  at Unity.Entities.DefaultWorldInitialization.AddSystemToRootLevelSystemGroupsInternal[T] (Unity.Entities.World world, Unity.Collections.NativeList`1[T] systemTypesOrig, Unity.Entities.ComponentSystemGroup defaultGroup, T rootGroups) [0x00000] in <00000000000000000000000000000000>:0 
  at Unity.Entities.DefaultWorldInitialization.AddSystemToRootLevelSystemGroupsInternal (Unity.Entities.World world, Unity.Collections.NativeList`1[T] systemTypesOrig) [0x00000] in <00000000000000000000000000000000>:0 
  at Unity.Entities.DefaultWorldInitialization.AddSystemsToRootLevelSystemGroups (Unity.Entities.World world, System.Collections.Generic.IReadOnlyList`1[T] systemTypes) [0x00000] in <00000000000000000000000000000000>:0 
  at PolkaDOTS.Bootstrap.GameBootstrap.CreateClientWorld (System.String name, Unity.Entities.WorldFlags flags, System.Collections.Generic.IReadOnlyList`1[T] systems) [0x00000] in <00000000000000000000000000000000>:0 
  at PolkaDOTS.Bootstrap.GameBootstrap.CreateDefaultClientWorld (System.String worldName, System.Boolean isHost, System.Boolean isCloudHost) [0x00000] in <00000000000000000000000000000000>:0 
  at PolkaDOTS.Bootstrap.GameBootstrap.SetupWorlds (PolkaDOTS.Deployment.MultiplayStreamingRoles mRole, PolkaDOTS.Bootstrap.GameBootstrap+BootstrapPlayTypes playTypes, Unity.Collections.NativeList`1[Unity.Entities.WorldUnmanaged]& worldReferences, System.Int32 numSimulatedClients, System.Boolean autoStart, System.Boolean autoConnect, System.String serverUrl, System.UInt16 serverPort, System.String signalingUrl, System.String worldName) [0x00000] in <00000000000000000000000000000000>:0 
  at PolkaDOTS.Bootstrap.GameBootstrap.SetupWorldsFromLocalConfig () [0x00000] in <00000000000000000000000000000000>:0 
  at PolkaDOTS.Bootstrap.GameBootstrap.Initialize (System.String defaultWorldName) [0x00000] in <00000000000000000000000000000000>:0 
  at Unity.Entities.CustomWorldInitialization.Initialize (System.String defaultWorldName, System.Boolean editorWorld) [0x00000] in <00000000000000000000000000000000>:0 
  at Unity.Entities.CustomAutomaticWorldBootstrap.Initialize () [0x00000] in <00000000000000000000000000000000>:0 
UnityEngine.DebugLogHandler:Internal_Log(LogType, LogOption, String, Object)
UnityEngine.DebugLogHandler:LogFormat(LogType, Object, String, Object[])
UnityEngine.Logger:Log(LogType, Object)
UnityEngine.Debug:LogError(Object)
Unity.NetCode.DebugWebSocket:.ctor(UInt16)
Unity.NetCode.GhostStatsConnection:.ctor()
Unity.NetCode.GhostStatsFlushSystem:OnCreate()
Unity.Entities.ComponentSystemBase:CreateInstance(World)
Unity.Entities.World:AddSystem_OnCreate_Internal(ComponentSystemBase)
Unity.Entities.World:GetOrCreateSystemsAndLogException(NativeList`1, Int32, AllocatorHandle)
Unity.Entities.World:GetOrCreateSystemsAndLogException(NativeList`1, AllocatorHandle)
Unity.Entities.DefaultWorldInitialization:AddSystemToRootLevelSystemGroupsInternal(World, NativeList`1, ComponentSystemGroup, T)
Unity.Entities.DefaultWorldInitialization:AddSystemToRootLevelSystemGroupsInternal(World, NativeList`1)
Unity.Entities.DefaultWorldInitialization:AddSystemsToRootLevelSystemGroups(World, IReadOnlyList`1)
PolkaDOTS.Bootstrap.GameBootstrap:CreateClientWorld(String, WorldFlags, IReadOnlyList`1)
PolkaDOTS.Bootstrap.GameBootstrap:CreateDefaultClientWorld(String, Boolean, Boolean)
PolkaDOTS.Bootstrap.GameBootstrap:SetupWorlds(MultiplayStreamingRoles, BootstrapPlayTypes, NativeList`1&, Int32, Boolean, Boolean, String, UInt16, String, String)
PolkaDOTS.Bootstrap.GameBootstrap:SetupWorldsFromLocalConfig()
PolkaDOTS.Bootstrap.GameBootstrap:Initialize(String)
Unity.Entities.CustomWorldInitialization:Initialize(String, Boolean)
Unity.Entities.CustomAutomaticWorldBootstrap:Initialize()

Adding world ClientWorld to update list
Connecting worlds with playType Client and streaming role Disabled
Created connection request for 10.141.0.1:7979
Creating statistics writer!
Recorder [ServerFixedUpdate] is invalid!
UnityEngine.DebugLogHandler:Internal_Log(LogType, LogOption, String, Object)
UnityEngine.DebugLogHandler:LogFormat(LogType, Object, String, Object[])
UnityEngine.Logger:Log(LogType, Object)
UnityEngine.Debug:LogWarning(Object)
PolkaDOTS.Statistics.StatisticsWriter:.ctor()
PolkaDOTS.Statistics.StatisticsWriterInstance:Awake()

Recorder [TerrainGeneration] is invalid!
UnityEngine.DebugLogHandler:Internal_Log(LogType, LogOption, String, Object)
UnityEngine.DebugLogHandler:LogFormat(LogType, Object, String, Object[])
UnityEngine.Logger:Log(LogType, Object)
UnityEngine.Debug:LogWarning(Object)
PolkaDOTS.Statistics.StatisticsWriter:.ctor()
PolkaDOTS.Statistics.StatisticsWriterInstance:Awake()

Recorder [PlayerTerrainGenCheck] is invalid!
UnityEngine.DebugLogHandler:Internal_Log(LogType, LogOption, String, Object)
UnityEngine.DebugLogHandler:LogFormat(LogType, Object, String, Object[])
UnityEngine.Logger:Log(LogType, Object)
UnityEngine.Debug:LogWarning(Object)
PolkaDOTS.Statistics.StatisticsWriter:.ctor()
PolkaDOTS.Statistics.StatisticsWriterInstance:Awake()

Recorder [StructureGeneration] is invalid!
UnityEngine.DebugLogHandler:Internal_Log(LogType, LogOption, String, Object)
UnityEngine.DebugLogHandler:LogFormat(LogType, Object, String, Object[])
UnityEngine.Logger:Log(LogType, Object)
UnityEngine.Debug:LogWarning(Object)
PolkaDOTS.Statistics.StatisticsWriter:.ctor()
PolkaDOTS.Statistics.StatisticsWriterInstance:Awake()

Recorder [TerrainLogicSystem] is invalid!
UnityEngine.DebugLogHandler:Internal_Log(LogType, LogOption, String, Object)
UnityEngine.DebugLogHandler:LogFormat(LogType, Object, String, Object[])
UnityEngine.Logger:Log(LogType, Object)
UnityEngine.Debug:LogWarning(Object)
PolkaDOTS.Statistics.StatisticsWriter:.ctor()
PolkaDOTS.Statistics.StatisticsWriterInstance:Awake()

Recorder [GetUpdates] is invalid!
UnityEngine.DebugLogHandler:Internal_Log(LogType, LogOption, String, Object)
UnityEngine.DebugLogHandler:LogFormat(LogType, Object, String, Object[])
UnityEngine.Logger:Log(LogType, Object)
UnityEngine.Debug:LogWarning(Object)
PolkaDOTS.Statistics.StatisticsWriter:.ctor()
PolkaDOTS.Statistics.StatisticsWriterInstance:Awake()

Recorder [ReevaluatePropagateMarker] is invalid!
UnityEngine.DebugLogHandler:Internal_Log(LogType, LogOption, String, Object)
UnityEngine.DebugLogHandler:LogFormat(LogType, Object, String, Object[])
UnityEngine.Logger:Log(LogType, Object)
UnityEngine.Debug:LogWarning(Object)
PolkaDOTS.Statistics.StatisticsWriter:.ctor()
PolkaDOTS.Statistics.StatisticsWriterInstance:Awake()

Recorder [PropagateLogicState] is invalid!
UnityEngine.DebugLogHandler:Internal_Log(LogType, LogOption, String, Object)
UnityEngine.DebugLogHandler:LogFormat(LogType, Object, String, Object[])
UnityEngine.Logger:Log(LogType, Object)
UnityEngine.Debug:LogWarning(Object)
PolkaDOTS.Statistics.StatisticsWriter:.ctor()
PolkaDOTS.Statistics.StatisticsWriterInstance:Awake()

Recorder [PropInputBlocks] is invalid!
UnityEngine.DebugLogHandler:Internal_Log(LogType, LogOption, String, Object)
UnityEngine.DebugLogHandler:LogFormat(LogType, Object, String, Object[])
UnityEngine.Logger:Log(LogType, Object)
UnityEngine.Debug:LogWarning(Object)
PolkaDOTS.Statistics.StatisticsWriter:.ctor()
PolkaDOTS.Statistics.StatisticsWriterInstance:Awake()

Recorder [PropActiveLogicBlocks] is invalid!
UnityEngine.DebugLogHandler:Internal_Log(LogType, LogOption, String, Object)
UnityEngine.DebugLogHandler:LogFormat(LogType, Object, String, Object[])
UnityEngine.Logger:Log(LogType, Object)
UnityEngine.Debug:LogWarning(Object)
PolkaDOTS.Statistics.StatisticsWriter:.ctor()
PolkaDOTS.Statistics.StatisticsWriterInstance:Awake()

Recorder [CheckGateState] is invalid!
UnityEngine.DebugLogHandler:Internal_Log(LogType, LogOption, String, Object)
UnityEngine.DebugLogHandler:LogFormat(LogType, Object, String, Object[])
UnityEngine.Logger:Log(LogType, Object)
UnityEngine.Debug:LogWarning(Object)
PolkaDOTS.Statistics.StatisticsWriter:.ctor()
PolkaDOTS.Statistics.StatisticsWriterInstance:Awake()

Recorder [GhostSimulationSystemGroup] is invalid!
UnityEngine.DebugLogHandler:Internal_Log(LogType, LogOption, String, Object)
UnityEngine.DebugLogHandler:LogFormat(LogType, Object, String, Object[])
UnityEngine.Logger:Log(LogType, Object)
UnityEngine.Debug:LogWarning(Object)
PolkaDOTS.Statistics.StatisticsWriter:.ctor()
PolkaDOTS.Statistics.StatisticsWriterInstance:Awake()

Recorder [PredictedSimulationSystemGroup] is invalid!
UnityEngine.DebugLogHandler:Internal_Log(LogType, LogOption, String, Object)
UnityEngine.DebugLogHandler:LogFormat(LogType, Object, String, Object[])
UnityEngine.Logger:Log(LogType, Object)
UnityEngine.Debug:LogWarning(Object)
PolkaDOTS.Statistics.StatisticsWriter:.ctor()
PolkaDOTS.Statistics.StatisticsWriterInstance:Awake()

Initializing multiplay!
Found non-specified codec: VP8 Internal video/VP8 implementation_name=Internal
Found codec: VP9 Profile0
Found codec: VP9 Profile2
Found codec: VP9 Profile1
Found codec: VP9 Profile3
Found codec: AV1 Profile0
Found codec: AV1 Profile1
Could not find H264.High as streaming codec!
Adding terrain areas statistics recorders
Streamed scene with   49ms latency from /var/scratch/zmr280/opencraft/opencraft_Data/StreamingAssets/EntityScenes/bea83102298cfb741939cdba85abe535.0.entities
AutoLoading authoring scene in world ClientWorld
[13:20:26.2652430]:[ClientWorld] New connection ID:33
ERROR: Shader Custom/VoxelShader shader is not supported on this GPU (none of subshaders/fallbacks are suitable)
WARNING: Shader Unsupported: 'Hidden/Universal Render Pipeline/FallbackError' - All subshaders removed
WARNING: Shader Did you use #pragma only_renderers and omit this platform?
WARNING: Shader If subshaders removal was intentional, you may have forgotten turning Fallback off?
ERROR: Shader Hidden/Universal Render Pipeline/FallbackError shader is not supported on this GPU (none of subshaders/fallbacks are suitable)
WARNING: Shader Unsupported: 'Hidden/Universal Render Pipeline/FallbackError' - All subshaders removed
WARNING: Shader Did you use #pragma only_renderers and omit this platform?
WARNING: Shader If subshaders removal was intentional, you may have forgotten turning Fallback off?
WARNING: Shader Unsupported: 'Universal Render Pipeline/Lit' - All subshaders removed
WARNING: Shader Did you use #pragma only_renderers and omit this platform?
WARNING: Shader If subshaders removal was intentional, you may have forgotten turning Fallback off?
ERROR: Shader Universal Render Pipeline/Lit shader is not supported on this GPU (none of subshaders/fallbacks are suitable)
WARNING: Shader Unsupported: 'Universal Render Pipeline/Lit' - All subshaders removed
WARNING: Shader Did you use #pragma only_renderers and omit this platform?
WARNING: Shader If subshaders removal was intentional, you may have forgotten turning Fallback off?
WARNING: Shader Unsupported: 'Universal Render Pipeline/Unlit' - All subshaders removed
WARNING: Shader Did you use #pragma only_renderers and omit this platform?
WARNING: Shader If subshaders removal was intentional, you may have forgotten turning Fallback off?
ERROR: Shader Universal Render Pipeline/Unlit shader is not supported on this GPU (none of subshaders/fallbacks are suitable)
WARNING: Shader Unsupported: 'Universal Render Pipeline/Unlit' - All subshaders removed
WARNING: Shader Did you use #pragma only_renderers and omit this platform?
WARNING: Shader If subshaders removal was intentional, you may have forgotten turning Fallback off?
Streamed scene with   54ms latency from /var/scratch/zmr280/opencraft/opencraft_Data/StreamingAssets/EntityScenes/62561c7118c5bbb46929c6bf65331faa.0.entities
Sending start game stream RPC
Emulation type is Idle, Simulation
Creating local player object
Sending spawn player RPC for user 38
ERROR: Shader UI/Default shader is not supported on this GPU (none of subshaders/fallbacks are suitable)
Player 38 has no connection ID!
UnityEngine.DebugLogHandler:Internal_Log(LogType, LogOption, String, Object)
UnityEngine.DebugLogHandler:LogFormat(LogType, Object, String, Object[])
UnityEngine.Logger:Log(LogType, Object)
UnityEngine.Debug:LogWarning(Object)
Opencraft.Player.SamplePlayerInput:OnUpdate(SystemState&)
Opencraft.Player.SamplePlayerInput:__codegen__OnUpdate(IntPtr, IntPtr)

Linking player entity Entity(162:1) to 38@LOCALPLAYER
    0: Could not find target at int3(0, 10, 0)
Player simulation searching for path from float3(0.5f, 10.8f, 0.5f) = int3(0, 10, 0) to int3(3, 11, 2)
Player simulation could not find a path from int3(0, 10, 0) to int3(3, 11, 2), will choose new target
    2: Could not find target at int3(0, 10, 0)
    3: Could not find target at int3(0, 10, 0)
    4: Could not find target at int3(0, 10, 0)
    5: Could not find target at int3(0, 10, 0)
    6: Could not find target at int3(0, 10, 0)
    7: Could not find target at int3(0, 10, 0)
Player simulation searching for path from float3(0.5f, 10.8f, 0.5f) = int3(0, 10, 0) to int3(14, 11, 7)
Player simulation could not find a path from int3(0, 10, 0) to int3(14, 11, 7), will choose new target
ClientWorld player simulation could not find a path in 9 attempts, waiting to try again
Player simulation searching for path from float3(0.5f, 11.1f, 0.5f) = int3(0, 11, 0) to int3(-9, 11, 5)
AStar halted as encountered unloaded blocks, retrying...
Player simulation could not find a path from int3(0, 11, 0) to int3(-9, 11, 5), will choose new target
Player simulation searching for path from float3(0.5f, 11.1f, 0.5f) = int3(0, 11, 0) to int3(5, 11, -1)
AStar halted as encountered unloaded blocks, retrying...
Player simulation could not find a path from int3(0, 11, 0) to int3(5, 11, -1), will choose new target
Player simulation searching for path from float3(0.5f, 11.1f, 0.5f) = int3(0, 11, 0) to int3(-9, 11, 4)
AStar halted as encountered unloaded blocks, retrying...
Player simulation could not find a path from int3(0, 11, 0) to int3(-9, 11, 4), will choose new target
    3: Could not find target at int3(0, 11, 0)
Player simulation searching for path from float3(0.5f, 11.1f, 0.5f) = int3(0, 11, 0) to int3(1, 11, -4)
AStar halted as encountered unloaded blocks, retrying...
Player simulation could not find a path from int3(0, 11, 0) to int3(1, 11, -4), will choose new target
Player simulation searching for path from float3(0.5f, 11.1f, 0.5f) = int3(0, 11, 0) to int3(8, 11, -4)
AStar halted as encountered unloaded blocks, retrying...
Player simulation could not find a path from int3(0, 11, 0) to int3(8, 11, -4), will choose new target
Player simulation searching for path from float3(0.5f, 11.1f, 0.5f) = int3(0, 11, 0) to int3(-7, 11, 9)
AStar halted as encountered unloaded blocks, retrying...
Player simulation could not find a path from int3(0, 11, 0) to int3(-7, 11, 9), will choose new target
Player simulation searching for path from float3(0.5f, 11.1f, 0.5f) = int3(0, 11, 0) to int3(3, 11, 2)
AStar halted as encountered unloaded blocks, retrying...
Player simulation could not find a path from int3(0, 11, 0) to int3(3, 11, 2), will choose new target
    8: Could not find target at int3(0, 11, 0)
ClientWorld player simulation could not find a path in 9 attempts, waiting to try again
Player simulation searching for path from float3(0.5f, 11.1f, 0.5f) = int3(0, 11, 0) to int3(-9, 11, 5)
ClientWorld player simulation set new target int3(-9, 11, 5)
ClientWorld player simulation reached target int3(-9, 11, 5)
Player simulation searching for path from float3(-8.345713f, 11.12929f, 5.502f) = int3(-9, 11, 5) to int3(1, 11, -11)
ClientWorld player simulation set new target int3(1, 11, -11)
ClientWorld player simulation reached target int3(1, 11, -11)
Player simulation searching for path from float3(1.348711f, 11.12929f, -10.492f) = int3(1, 11, -11) to int3(0, 11, -11)
ClientWorld player simulation set new target int3(0, 11, -11)
ClientWorld player simulation reached target int3(0, 11, -11)
Player simulation searching for path from float3(0.6072893f, 11.12929f, -10.492f) = int3(0, 11, -11) to int3(-4, 11, 7)
ClientWorld player simulation set new target int3(-4, 11, 7)
ClientWorld player simulation reached target int3(-4, 11, 7)
Player simulation searching for path from float3(-3.502f, 11.12929f, 7.399711f) = int3(-4, 11, 7) to int3(-14, 11, 2)
ClientWorld player simulation set new target int3(-14, 11, 2)
ClientWorld player simulation reached target int3(-14, 11, 2)
Player simulation searching for path from float3(-13.32871f, 11.12929f, 2.515f) = int3(-14, 11, 2) to int3(-13, 11, 6)
ClientWorld player simulation set new target int3(-13, 11, 6)
ClientWorld player simulation reached target int3(-13, 11, 6)
Player simulation searching for path from float3(-12.68729f, 11.12929f, 6.498f) = int3(-13, 11, 6) to int3(-12, 11, -3)
ClientWorld player simulation set new target int3(-12, 11, -3)
ClientWorld player simulation reached target int3(-12, 11, -3)
Player simulation searching for path from float3(-11.504f, 11.12929f, -2.308711f) = int3(-12, 11, -3) to int3(14, 11, 3)
ClientWorld player simulation set new target int3(14, 11, 3)
ClientWorld player simulation reached target int3(14, 11, 3)
Player simulation searching for path from float3(14.493f, 11.12929f, 3.377711f) = int3(14, 11, 3) to int3(2, 11, 1)
ClientWorld player simulation set new target int3(2, 11, 1)
ClientWorld player simulation reached target int3(2, 11, 1)
Player simulation searching for path from float3(2.69629f, 11.12929f, 1.471f) = int3(2, 11, 1) to int3(-4, 11, -13)
ClientWorld player simulation set new target int3(-4, 11, -13)
ClientWorld player simulation reached target int3(-4, 11, -13)
Player simulation searching for path from float3(-3.390446f, 11.14227f, -12.45902f) = int3(-4, 11, -13) to int3(-4, 11, -6)
ClientWorld player simulation set new target int3(-4, 11, -6)
ClientWorld player simulation reached target int3(-4, 11, -6)
Player simulation searching for path from float3(-3.531735f, 11.14227f, -5.608265f) = int3(-4, 11, -6) to int3(11, 11, -5)
ClientWorld player simulation set new target int3(11, 11, -5)
ClientWorld player simulation reached target int3(11, 11, -5)
Player simulation searching for path from float3(11.492f, 11.12929f, -4.62929f) = int3(11, 11, -5) to int3(0, 11, -3)
ClientWorld player simulation set new target int3(0, 11, -3)
ClientWorld player simulation reached target int3(0, 11, -3)
Player simulation searching for path from float3(0.5427107f, 11.12929f, -2.680579f) = int3(0, 11, -3) to int3(-11, 11, 5)
ClientWorld player simulation set new target int3(-11, 11, 5)
ClientWorld player simulation reached target int3(-11, 11, 5)
Player simulation searching for path from float3(-10.48f, 11.12929f, 5.369711f) = int3(-11, 11, 5) to int3(-1, 11, 0)
ClientWorld player simulation set new target int3(-1, 11, 0)
ClientWorld player simulation reached target int3(-1, 11, 0)
Player simulation searching for path from float3(-0.6924223f, 11.14227f, 0.466265f) = int3(-1, 11, 0) to int3(-4, 11, -8)
ClientWorld player simulation set new target int3(-4, 11, -8)
ClientWorld player simulation reached target int3(-4, 11, -8)
Player simulation searching for path from float3(-3.356711f, 11.12929f, -7.502f) = int3(-4, 11, -8) to int3(13, 11, 11)
ClientWorld player simulation set new target int3(13, 11, 11)
ClientWorld player simulation reached target int3(13, 11, 11)
Player simulation searching for path from float3(13.47274f, 11.14227f, 11.33674f) = int3(13, 11, 11) to int3(3, 11, -8)
ClientWorld player simulation set new target int3(3, 11, -8)
ClientWorld player simulation reached target int3(3, 11, -8)
Player simulation searching for path from float3(3.675265f, 11.14227f, -7.501266f) = int3(3, 11, -8) to int3(-12, 11, 9)
ClientWorld player simulation set new target int3(-12, 11, 9)
ClientWorld player simulation reached target int3(-12, 11, 9)
Player simulation searching for path from float3(-11.45002f, 11.14227f, 9.343448f) = int3(-12, 11, 9) to int3(10, 11, 11)
ClientWorld player simulation set new target int3(10, 11, 11)
ClientWorld player simulation reached target int3(10, 11, 11)
Player simulation searching for path from float3(10.38916f, 11.14227f, 11.49174f) = int3(10, 11, 11) to int3(-4, 11, 6)
ClientWorld player simulation set new target int3(-4, 11, 6)
ClientWorld player simulation reached target int3(-4, 11, 6)
Player simulation searching for path from float3(-3.323711f, 11.12929f, 6.483f) = int3(-4, 11, 6) to int3(13, 11, 11)
ClientWorld player simulation set new target int3(13, 11, 11)
ClientWorld player simulation reached target int3(13, 11, 11)
Player simulation searching for path from float3(13.37871f, 11.12929f, 11.51f) = int3(13, 11, 11) to int3(3, 11, -8)
ClientWorld player simulation set new target int3(3, 11, -8)
ClientWorld player simulation reached target int3(3, 11, -8)
Player simulation searching for path from float3(3.61629f, 11.12929f, -7.532001f) = int3(3, 11, -8) to int3(-12, 11, 9)
ClientWorld player simulation set new target int3(-12, 11, 9)
ClientWorld player simulation reached target int3(-12, 11, 9)
Player simulation searching for path from float3(-11.513f, 11.12929f, 9.387712f) = int3(-12, 11, 9) to int3(10, 11, 11)
ClientWorld player simulation set new target int3(10, 11, 11)
ClientWorld player simulation reached target int3(10, 11, 11)
Player simulation searching for path from float3(10.35874f, 11.14227f, 11.45774f) = int3(10, 11, 11) to int3(-4, 11, 6)
ClientWorld player simulation set new target int3(-4, 11, 6)
ClientWorld player simulation reached target int3(-4, 11, 6)
Player simulation searching for path from float3(-3.302711f, 11.12929f, 6.473001f) = int3(-4, 11, 6) to int3(13, 11, 11)
ClientWorld player simulation set new target int3(13, 11, 11)
ClientWorld player simulation reached target int3(13, 11, 11)
Player simulation searching for path from float3(13.33071f, 11.12929f, 11.514f) = int3(13, 11, 11) to int3(3, 11, -8)
ClientWorld player simulation set new target int3(3, 11, -8)
ClientWorld player simulation reached target int3(3, 11, -8)
Player simulation searching for path from float3(3.669555f, 11.14227f, -7.526976f) = int3(3, 11, -8) to int3(-12, 11, 9)
ClientWorld player simulation set new target int3(-12, 11, 9)
ClientWorld player simulation reached target int3(-12, 11, 9)
Player simulation searching for path from float3(-11.483f, 11.12929f, 9.389712f) = int3(-12, 11, 9) to int3(10, 11, 11)
ClientWorld player simulation set new target int3(10, 11, 11)
ClientWorld player simulation reached target int3(10, 11, 11)
Player simulation searching for path from float3(10.30642f, 11.12929f, 11.47229f) = int3(10, 11, 11) to int3(-4, 11, 6)
ClientWorld player simulation set new target int3(-4, 11, 6)
ClientWorld player simulation reached target int3(-4, 11, 6)
Player simulation searching for path from float3(-3.336711f, 11.12929f, 6.47f) = int3(-4, 11, 6) to int3(13, 11, 11)
ClientWorld player simulation set new target int3(13, 11, 11)
ClientWorld player simulation reached target int3(13, 11, 11)
Player simulation searching for path from float3(13.34513f, 11.12929f, 11.58642f) = int3(13, 11, 11) to int3(3, 11, -8)
ClientWorld player simulation set new target int3(3, 11, -8)
ClientWorld player simulation reached target int3(3, 11, -8)
Player simulation searching for path from float3(3.678844f, 11.14227f, -7.467314f) = int3(3, 11, -8) to int3(-12, 11, 9)
ClientWorld player simulation set new target int3(-12, 11, 9)
ClientWorld player simulation reached target int3(-12, 11, 9)
Player simulation searching for path from float3(-11.508f, 11.12929f, 9.332713f) = int3(-12, 11, 9) to int3(10, 11, 11)
ClientWorld player simulation set new target int3(10, 11, 11)
ClientWorld player simulation reached target int3(10, 11, 11)
Player simulation searching for path from float3(10.38671f, 11.12929f, 11.528f) = int3(10, 11, 11) to int3(-4, 11, 6)
ClientWorld player simulation set new target int3(-4, 11, 6)
ClientWorld player simulation reached target int3(-4, 11, 6)
Player simulation searching for path from float3(-3.363711f, 11.12929f, 6.519001f) = int3(-4, 11, 6) to int3(13, 11, 11)
ClientWorld player simulation set new target int3(13, 11, 11)
[13:22:36.3857430]:[ClientWorld] Connection disconnected ID:33 Reason:ClosedByRemote
Caught fatal signal - signo:15 code:0 errno:0 addr:0x1502000764b1
Obtained 26 stack frames.
#0  0x007fc5b9ca19c9 in PlayerMain(int, char**)
#1  0x007fc5b9c964b7 in (Unknown)
#2  0x007fc5b79fec20 in funlockfile
#3  0x007fc5b7787910 in __memmove_avx_unaligned_erms
#4  0x007fc4ed6bd60c in Buffer_InternalMemcpy_mFABC315DCD001655DDA90A2531F56366794E72C5
#5  0x007fc4ed6bd55b in Buffer_Memcpy_m87345ACEE449F8CEA42341BC9F4AFC3743EF96D1
#6  0x007fc4ed6bdb95 in Buffer_Memmove_mAA31A45BF1B1FA6490F0913B7FB59537767E5EF3
#7  0x007fc4ed4175cf in String_wstrcpy_m7F8C35DCD0E2D5AAC35B153EF73E6B0F1501406B
#8  0x007fc4ed4174fb in String_FillStringChecked_m3413709C427A00C5AB0F94E659DB63E6B4816D62
#9  0x007fc4ed404599 in String_Concat_m9E3155FB84015C823606188F53B47CB44C444991
#10 0x007fc4ed8bd857 in StatisticsWriter_Update_m24123BF001E17A5463E4292E5A6CFD276BBDA76C
#11 0x007fc4ed8bd523 in StatisticsWriterInstance_Update_m336F478398EDE3BFB1A5F3FBFF6830892C7A1FF0
#12 0x007fc4e9e88073 in il2cpp::vm::Runtime::InvokeWithThrow(MethodInfo const*, void*, void**)
#13 0x007fc4e9e87fdb in il2cpp::vm::Runtime::Invoke(MethodInfo const*, void*, void**, Il2CppException**)
#14 0x007fc5b9bdaf0b in (Unknown)
#15 0x007fc5b9be5cd7 in (Unknown)
#16 0x007fc5b9c0c9a4 in (Unknown)
#17 0x007fc5b940fc96 in (Unknown)
#18 0x007fc5b940faae in (Unknown)
#19 0x007fc5b972d8cd in (Unknown)
#20 0x007fc5b9719247 in (Unknown)
#21 0x007fc5b9719201 in (Unknown)
#22 0x007fc5b9719570 in (Unknown)
#23 0x007fc5b9c98077 in PlayerMain(int, char**)
#24 0x007fc5b764a493 in __libc_start_main
#25 0x00000000201029 in _start
Setting up 12 worker threads for Enlighten.
Calling DomainUnloadOrPlayModeChangeShutdown!
Writing stats to file
Caught fatal signal - signo:11 code:1 errno:0 addr:0x48
Obtained 25 stack frames.
#0  0x007fc5b9ca19c9 in PlayerMain(int, char**)
#1  0x007fc5b9c964b7 in (Unknown)
#2  0x007fc5b79fec20 in funlockfile
#3  0x007fc5b9659ff3 in (Unknown)
#4  0x007fc5b965a671 in (Unknown)
#5  0x007fc5b963ae7a in (Unknown)
#6  0x007fc5ba03642e in PlayerMain(int, char**)
#7  0x007fc5b8fe8426 in (Unknown)
#8  0x007fc4eef6d320 in ContentLoadInterface_ContentFile_UnloadAsync_Injected_mBD2F1D561285B0DE37DCDA4DEA75931201B5E680
#9  0x007fc4eef6c78f in ContentLoadInterface_ContentFile_UnloadAsync_m197A3C60564D4E9F9049BAD57B46FB404A8F17BD
#10 0x007fc4eef6c635 in ContentFile_UnloadAsync_mF35518E83FCF4C1701AF2C6CEBF7E507490481D6
#11 0x007fc4ee1e456a in RuntimeContentManager_ReleaseFile_m12EDB377B39EF4D01B3268E711303D79747A4F4C
#12 0x007fc4ee1e245c in RuntimeContentManager_ReleaseObjectImpl_m84E24B7727CAA367D95ABC97FC529A5594840414
#13 0x007fc4ee1e0ae8 in RuntimeContentManager_Cleanup_m6436DF58ED05204D0A7DFACFB212018BD6B813FD
#14 0x007fc4ee1e1f38 in RuntimeContentManager_OnShutdown_m09B1F0AD37BE7168472DDB84F55C43F02CD40113
#15 0x007fc4e9cdde76 in EventHandler_Invoke_m9D3126CBE291A3E7E7C304094E1DA846832F9B96_Multicast(EventHandler_tC6323FD7E6163F965259C33D72612C0E5B9BAB82*, Il2CppObject*, EventArgs_t37273F03EAC87217701DD431B190FBD84AD7C377*, MethodInfo const*)
#16 0x007fc4ed64f7b0 in EventHandler_Invoke_m9D3126CBE291A3E7E7C304094E1DA846832F9B96
#17 0x007fc4e9e88073 in il2cpp::vm::Runtime::InvokeWithThrow(MethodInfo const*, void*, void**)
#18 0x007fc4e9e87fdb in il2cpp::vm::Runtime::Invoke(MethodInfo const*, void*, void**, Il2CppException**)
#19 0x007fc4e9e87b1c in il2cpp::vm::Runtime::Shutdown()
#20 0x007fc5b9beff56 in (Unknown)
#21 0x007fc5b972b658 in (Unknown)
#22 0x007fc5b9c97ee6 in PlayerMain(int, char**)
#23 0x007fc5b764a493 in __libc_start_main
#24 0x00000000201029 in _start
