[UnityMemory] Configuration Parameters - Can be set up in boot.config
    "memorysetup-bucket-allocator-granularity=16"
    "memorysetup-bucket-allocator-bucket-count=8"
    "memorysetup-bucket-allocator-block-size=4194304"
    "memorysetup-bucket-allocator-block-count=1"
    "memorysetup-main-allocator-block-size=16777216"
    "memorysetup-thread-allocator-block-size=16777216"
    "memorysetup-gfx-main-allocator-block-size=16777216"
    "memorysetup-gfx-thread-allocator-block-size=16777216"
    "memorysetup-cache-allocator-block-size=4194304"
    "memorysetup-typetree-allocator-block-size=2097152"
    "memorysetup-profiler-bucket-allocator-granularity=16"
    "memorysetup-profiler-bucket-allocator-bucket-count=8"
    "memorysetup-profiler-bucket-allocator-block-size=4194304"
    "memorysetup-profiler-bucket-allocator-block-count=1"
    "memorysetup-profiler-allocator-block-size=16777216"
    "memorysetup-profiler-editor-allocator-block-size=1048576"
    "memorysetup-temp-allocator-size-main=4194304"
    "memorysetup-job-temp-allocator-block-size=2097152"
    "memorysetup-job-temp-allocator-block-size-background=1048576"
    "memorysetup-job-temp-allocator-reduction-small-platforms=262144"
    "memorysetup-allocator-temp-initial-block-size-main=262144"
    "memorysetup-allocator-temp-initial-block-size-worker=262144"
    "memorysetup-temp-allocator-size-background-worker=32768"
    "memorysetup-temp-allocator-size-job-worker=262144"
    "memorysetup-temp-allocator-size-preload-manager=262144"
    "memorysetup-temp-allocator-size-nav-mesh-worker=65536"
    "memorysetup-temp-allocator-size-audio-worker=65536"
    "memorysetup-temp-allocator-size-cloud-worker=32768"
    "memorysetup-temp-allocator-size-gfx=262144"
Remaining time:29s
Found 2 interfaces on host : 0) 10.141.0.31 1) 10.149.0.31
Player connection [140365630091136] Multi-casting "[IP] 10.141.0.31 [Port] 55005 [Flags] 19 [Guid] 2072814598 [EditorId] 3988235067 [Version] 1048832 [Id] LinuxPlayer(13,10.141.0.31) [Debug] 0 [PackageName] LinuxPlayer [ProjectName] Opencraft" to [225.0.0.222:54997]...

Direct connection to host time out.
Stopping profiler. Profiler is not able to flush data to a file or socket and exceeded maximum allowed memory for buffering.
Please use Profiler.maxUsedMemory API or -profiler-maxusedmemory command line parameter to increase maximum allowed memory usage.
Using 134234112 bytes while Profiler.maxUsedMemory is 134217728 bytes.
Failed to initialize networking layer after 30 seconds, skipping waiting for connection before starting playback.
Preloaded 'lib_burst_generated.so'
Preloaded 'libwebrtc.so'
[Physics::Module] Initialized MultithreadedJobDispatcher with 47 workers.
Initialize engine version: 2022.3.16f1 (d2c21f0ef2f1)
[Subsystems] Discovering subsystems at path /var/scratch/zmr280/opencraft/opencraft_Data/UnitySubsystems
Forcing GfxDevice: Null
GfxDevice: creating device client; threaded=0; jobified=0
NullGfxDevice:
    Version:  NULL 1.0 [1.0]
    Renderer: Null Device
    Vendor:   Unity Technologies
ERROR: Shader Hidden/Universal Render Pipeline/Blit shader is not supported on this GPU (none of subshaders/fallbacks are suitable)
ERROR: Shader Hidden/Universal Render Pipeline/CopyDepth shader is not supported on this GPU (none of subshaders/fallbacks are suitable)
ERROR: Shader Hidden/Universal Render Pipeline/Sampling shader is not supported on this GPU (none of subshaders/fallbacks are suitable)
ERROR: Shader Hidden/Universal Render Pipeline/LutBuilderLdr shader is not supported on this GPU (none of subshaders/fallbacks are suitable)
ERROR: Shader Hidden/Universal Render Pipeline/LutBuilderHdr shader is not supported on this GPU (none of subshaders/fallbacks are suitable)
ERROR: Shader Hidden/Universal Render Pipeline/UberPost shader is not supported on this GPU (none of subshaders/fallbacks are suitable)
ERROR: Shader Hidden/Universal Render Pipeline/Debug/DebugReplacement shader is not supported on this GPU (none of subshaders/fallbacks are suitable)
ERROR: Shader Hidden/Universal/HDRDebugView shader is not supported on this GPU (none of subshaders/fallbacks are suitable)
WARNING: Shader Unsupported: 'Hidden/Universal Render Pipeline/FallbackError' - All subshaders removed
WARNING: Shader Did you use #pragma only_renderers and omit this platform?
WARNING: Shader If subshaders removal was intentional, you may have forgotten turning Fallback off?
ERROR: Shader Hidden/Universal Render Pipeline/FallbackError shader is not supported on this GPU (none of subshaders/fallbacks are suitable)
WARNING: Shader Unsupported: 'Hidden/Universal Render Pipeline/FallbackError' - All subshaders removed
WARNING: Shader Did you use #pragma only_renderers and omit this platform?
WARNING: Shader If subshaders removal was intentional, you may have forgotten turning Fallback off?
WARNING: Shader Unsupported: 'Hidden/Universal Render Pipeline/StencilDeferred' - All subshaders removed
WARNING: Shader Did you use #pragma only_renderers and omit this platform?
WARNING: Shader If subshaders removal was intentional, you may have forgotten turning Fallback off?
ERROR: Shader Hidden/Universal Render Pipeline/StencilDeferred shader is not supported on this GPU (none of subshaders/fallbacks are suitable)
WARNING: Shader Unsupported: 'Hidden/Universal Render Pipeline/StencilDeferred' - All subshaders removed
WARNING: Shader Did you use #pragma only_renderers and omit this platform?
WARNING: Shader If subshaders removal was intentional, you may have forgotten turning Fallback off?
ERROR: Shader Hidden/Universal Render Pipeline/CameraMotionVectors shader is not supported on this GPU (none of subshaders/fallbacks are suitable)
ERROR: Shader Hidden/Universal Render Pipeline/ObjectMotionVectors shader is not supported on this GPU (none of subshaders/fallbacks are suitable)
ERROR: Shader Hidden/Universal Render Pipeline/LensFlareDataDriven shader is not supported on this GPU (none of subshaders/fallbacks are suitable)
ERROR: Shader Hidden/Universal Render Pipeline/ScreenSpaceAmbientOcclusion shader is not supported on this GPU (none of subshaders/fallbacks are suitable)
ERROR: Shader Hidden/Universal Render Pipeline/Stop NaN shader is not supported on this GPU (none of subshaders/fallbacks are suitable)
ERROR: Shader Hidden/Universal Render Pipeline/SubpixelMorphologicalAntialiasing shader is not supported on this GPU (none of subshaders/fallbacks are suitable)
ERROR: Shader Hidden/Universal Render Pipeline/TemporalAA shader is not supported on this GPU (none of subshaders/fallbacks are suitable)
ERROR: Shader Hidden/Universal Render Pipeline/Scaling Setup shader is not supported on this GPU (none of subshaders/fallbacks are suitable)
ERROR: Shader Hidden/Universal Render Pipeline/Edge Adaptive Spatial Upsampling shader is not supported on this GPU (none of subshaders/fallbacks are suitable)
ERROR: Shader Hidden/Universal Render Pipeline/FinalPost shader is not supported on this GPU (none of subshaders/fallbacks are suitable)
ERROR: Shader Sprites/Default shader is not supported on this GPU (none of subshaders/fallbacks are suitable)
ERROR: Shader Sprites/Mask shader is not supported on this GPU (none of subshaders/fallbacks are suitable)
ERROR: Shader GUI/Text Shader shader is not supported on this GPU (none of subshaders/fallbacks are suitable)
UnloadTime: 1.154245 ms
Parsing args: /var/scratch/zmr280/opencraft/opencraft.x86_64, -batchmode, -nographics, -logStats, True, -serverUrl, 10.141.0.1, -statsFile, /var/scratch/zmr280/runs/pareto-activeLogic_5-Layer_7x_6z_200p_120s/opencraft_stats/client58.csv, -userID, 58, -playType, Client, -emulationType, Simulation
Setting up worlds with playType Client and streaming role Disabled
Adding type with UniqueSystemAttribute: StatisticsSystem
Adding type with UniqueSystemAttribute: StatisticsSystem
Failed to create websocket: System.Net.Sockets.SocketException (0x80004005): Address already in use
  at System.Net.Sockets.Socket.Bind (System.Net.EndPoint localEP) [0x00000] in <00000000000000000000000000000000>:0 
  at Unity.NetCode.DebugWebSocket..ctor (System.UInt16 port) [0x00000] in <00000000000000000000000000000000>:0 
  at Unity.NetCode.GhostStatsConnection..ctor () [0x00000] in <00000000000000000000000000000000>:0 
  at Unity.NetCode.GhostStatsFlushSystem.OnCreate () [0x00000] in <00000000000000000000000000000000>:0 
  at Unity.Entities.ComponentSystemBase.CreateInstance (Unity.Entities.World world) [0x00000] in <00000000000000000000000000000000>:0 
  at Unity.Entities.World.AddSystem_OnCreate_Internal (Unity.Entities.ComponentSystemBase system) [0x00000] in <00000000000000000000000000000000>:0 
  at Unity.Entities.World.GetOrCreateSystemsAndLogException (Unity.Collections.NativeList`1[T] types, System.Int32 typesCount, Unity.Collections.AllocatorManager+AllocatorHandle allocator) [0x00000] in <00000000000000000000000000000000>:0 
  at Unity.Entities.World.GetOrCreateSystemsAndLogException (Unity.Collections.NativeList`1[T] types, Unity.Collections.AllocatorManager+AllocatorHandle allocator) [0x00000] in <00000000000000000000000000000000>:0 
  at Unity.Entities.DefaultWorldInitialization.AddSystemToRootLevelSystemGroupsInternal[T] (Unity.Entities.World world, Unity.Collections.NativeList`1[T] systemTypesOrig, Unity.Entities.ComponentSystemGroup defaultGroup, T rootGroups) [0x00000] in <00000000000000000000000000000000>:0 
  at Unity.Entities.DefaultWorldInitialization.AddSystemToRootLevelSystemGroupsInternal (Unity.Entities.World world, Unity.Collections.NativeList`1[T] systemTypesOrig) [0x00000] in <00000000000000000000000000000000>:0 
  at Unity.Entities.DefaultWorldInitialization.AddSystemsToRootLevelSystemGroups (Unity.Entities.World world, System.Collections.Generic.IReadOnlyList`1[T] systemTypes) [0x00000] in <00000000000000000000000000000000>:0 
  at PolkaDOTS.Bootstrap.GameBootstrap.CreateClientWorld (System.String name, Unity.Entities.WorldFlags flags, System.Collections.Generic.IReadOnlyList`1[T] systems) [0x00000] in <00000000000000000000000000000000>:0 
  at PolkaDOTS.Bootstrap.GameBootstrap.CreateDefaultClientWorld (System.String worldName, System.Boolean isHost, System.Boolean isCloudHost) [0x00000] in <00000000000000000000000000000000>:0 
  at PolkaDOTS.Bootstrap.GameBootstrap.SetupWorlds (PolkaDOTS.Deployment.MultiplayStreamingRoles mRole, PolkaDOTS.Bootstrap.GameBootstrap+BootstrapPlayTypes playTypes, Unity.Collections.NativeList`1[Unity.Entities.WorldUnmanaged]& worldReferences, System.Int32 numSimulatedClients, System.Boolean autoStart, System.Boolean autoConnect, System.String serverUrl, System.UInt16 serverPort, System.String signalingUrl, System.String worldName) [0x00000] in <00000000000000000000000000000000>:0 
  at PolkaDOTS.Bootstrap.GameBootstrap.SetupWorldsFromLocalConfig () [0x00000] in <00000000000000000000000000000000>:0 
  at PolkaDOTS.Bootstrap.GameBootstrap.Initialize (System.String defaultWorldName) [0x00000] in <00000000000000000000000000000000>:0 
  at Unity.Entities.CustomWorldInitialization.Initialize (System.String defaultWorldName, System.Boolean editorWorld) [0x00000] in <00000000000000000000000000000000>:0 
  at Unity.Entities.CustomAutomaticWorldBootstrap.Initialize () [0x00000] in <00000000000000000000000000000000>:0 
UnityEngine.DebugLogHandler:Internal_Log(LogType, LogOption, String, Object)
UnityEngine.DebugLogHandler:LogFormat(LogType, Object, String, Object[])
UnityEngine.Logger:Log(LogType, Object)
UnityEngine.Debug:LogError(Object)
Unity.NetCode.DebugWebSocket:.ctor(UInt16)
Unity.NetCode.GhostStatsConnection:.ctor()
Unity.NetCode.GhostStatsFlushSystem:OnCreate()
Unity.Entities.ComponentSystemBase:CreateInstance(World)
Unity.Entities.World:AddSystem_OnCreate_Internal(ComponentSystemBase)
Unity.Entities.World:GetOrCreateSystemsAndLogException(NativeList`1, Int32, AllocatorHandle)
Unity.Entities.World:GetOrCreateSystemsAndLogException(NativeList`1, AllocatorHandle)
Unity.Entities.DefaultWorldInitialization:AddSystemToRootLevelSystemGroupsInternal(World, NativeList`1, ComponentSystemGroup, T)
Unity.Entities.DefaultWorldInitialization:AddSystemToRootLevelSystemGroupsInternal(World, NativeList`1)
Unity.Entities.DefaultWorldInitialization:AddSystemsToRootLevelSystemGroups(World, IReadOnlyList`1)
PolkaDOTS.Bootstrap.GameBootstrap:CreateClientWorld(String, WorldFlags, IReadOnlyList`1)
PolkaDOTS.Bootstrap.GameBootstrap:CreateDefaultClientWorld(String, Boolean, Boolean)
PolkaDOTS.Bootstrap.GameBootstrap:SetupWorlds(MultiplayStreamingRoles, BootstrapPlayTypes, NativeList`1&, Int32, Boolean, Boolean, String, UInt16, String, String)
PolkaDOTS.Bootstrap.GameBootstrap:SetupWorldsFromLocalConfig()
PolkaDOTS.Bootstrap.GameBootstrap:Initialize(String)
Unity.Entities.CustomWorldInitialization:Initialize(String, Boolean)
Unity.Entities.CustomAutomaticWorldBootstrap:Initialize()

Adding world ClientWorld to update list
Connecting worlds with playType Client and streaming role Disabled
Created connection request for 10.141.0.1:7979
Creating statistics writer!
Recorder [ServerFixedUpdate] is invalid!
UnityEngine.DebugLogHandler:Internal_Log(LogType, LogOption, String, Object)
UnityEngine.DebugLogHandler:LogFormat(LogType, Object, String, Object[])
UnityEngine.Logger:Log(LogType, Object)
UnityEngine.Debug:LogWarning(Object)
PolkaDOTS.Statistics.StatisticsWriter:.ctor()
PolkaDOTS.Statistics.StatisticsWriterInstance:Awake()

Recorder [TerrainGeneration] is invalid!
UnityEngine.DebugLogHandler:Internal_Log(LogType, LogOption, String, Object)
UnityEngine.DebugLogHandler:LogFormat(LogType, Object, String, Object[])
UnityEngine.Logger:Log(LogType, Object)
UnityEngine.Debug:LogWarning(Object)
PolkaDOTS.Statistics.StatisticsWriter:.ctor()
PolkaDOTS.Statistics.StatisticsWriterInstance:Awake()

Recorder [PlayerTerrainGenCheck] is invalid!
UnityEngine.DebugLogHandler:Internal_Log(LogType, LogOption, String, Object)
UnityEngine.DebugLogHandler:LogFormat(LogType, Object, String, Object[])
UnityEngine.Logger:Log(LogType, Object)
UnityEngine.Debug:LogWarning(Object)
PolkaDOTS.Statistics.StatisticsWriter:.ctor()
PolkaDOTS.Statistics.StatisticsWriterInstance:Awake()

Recorder [StructureGeneration] is invalid!
UnityEngine.DebugLogHandler:Internal_Log(LogType, LogOption, String, Object)
UnityEngine.DebugLogHandler:LogFormat(LogType, Object, String, Object[])
UnityEngine.Logger:Log(LogType, Object)
UnityEngine.Debug:LogWarning(Object)
PolkaDOTS.Statistics.StatisticsWriter:.ctor()
PolkaDOTS.Statistics.StatisticsWriterInstance:Awake()

Recorder [TerrainLogicSystem] is invalid!
UnityEngine.DebugLogHandler:Internal_Log(LogType, LogOption, String, Object)
UnityEngine.DebugLogHandler:LogFormat(LogType, Object, String, Object[])
UnityEngine.Logger:Log(LogType, Object)
UnityEngine.Debug:LogWarning(Object)
PolkaDOTS.Statistics.StatisticsWriter:.ctor()
PolkaDOTS.Statistics.StatisticsWriterInstance:Awake()

Recorder [GetUpdates] is invalid!
UnityEngine.DebugLogHandler:Internal_Log(LogType, LogOption, String, Object)
UnityEngine.DebugLogHandler:LogFormat(LogType, Object, String, Object[])
UnityEngine.Logger:Log(LogType, Object)
UnityEngine.Debug:LogWarning(Object)
PolkaDOTS.Statistics.StatisticsWriter:.ctor()
PolkaDOTS.Statistics.StatisticsWriterInstance:Awake()

Recorder [ReevaluatePropagateMarker] is invalid!
UnityEngine.DebugLogHandler:Internal_Log(LogType, LogOption, String, Object)
UnityEngine.DebugLogHandler:LogFormat(LogType, Object, String, Object[])
UnityEngine.Logger:Log(LogType, Object)
UnityEngine.Debug:LogWarning(Object)
PolkaDOTS.Statistics.StatisticsWriter:.ctor()
PolkaDOTS.Statistics.StatisticsWriterInstance:Awake()

Recorder [PropagateLogicState] is invalid!
UnityEngine.DebugLogHandler:Internal_Log(LogType, LogOption, String, Object)
UnityEngine.DebugLogHandler:LogFormat(LogType, Object, String, Object[])
UnityEngine.Logger:Log(LogType, Object)
UnityEngine.Debug:LogWarning(Object)
PolkaDOTS.Statistics.StatisticsWriter:.ctor()
PolkaDOTS.Statistics.StatisticsWriterInstance:Awake()

Recorder [PropInputBlocks] is invalid!
UnityEngine.DebugLogHandler:Internal_Log(LogType, LogOption, String, Object)
UnityEngine.DebugLogHandler:LogFormat(LogType, Object, String, Object[])
UnityEngine.Logger:Log(LogType, Object)
UnityEngine.Debug:LogWarning(Object)
PolkaDOTS.Statistics.StatisticsWriter:.ctor()
PolkaDOTS.Statistics.StatisticsWriterInstance:Awake()

Recorder [PropActiveLogicBlocks] is invalid!
UnityEngine.DebugLogHandler:Internal_Log(LogType, LogOption, String, Object)
UnityEngine.DebugLogHandler:LogFormat(LogType, Object, String, Object[])
UnityEngine.Logger:Log(LogType, Object)
UnityEngine.Debug:LogWarning(Object)
PolkaDOTS.Statistics.StatisticsWriter:.ctor()
PolkaDOTS.Statistics.StatisticsWriterInstance:Awake()

Recorder [CheckGateState] is invalid!
UnityEngine.DebugLogHandler:Internal_Log(LogType, LogOption, String, Object)
UnityEngine.DebugLogHandler:LogFormat(LogType, Object, String, Object[])
UnityEngine.Logger:Log(LogType, Object)
UnityEngine.Debug:LogWarning(Object)
PolkaDOTS.Statistics.StatisticsWriter:.ctor()
PolkaDOTS.Statistics.StatisticsWriterInstance:Awake()

Recorder [GhostSimulationSystemGroup] is invalid!
UnityEngine.DebugLogHandler:Internal_Log(LogType, LogOption, String, Object)
UnityEngine.DebugLogHandler:LogFormat(LogType, Object, String, Object[])
UnityEngine.Logger:Log(LogType, Object)
UnityEngine.Debug:LogWarning(Object)
PolkaDOTS.Statistics.StatisticsWriter:.ctor()
PolkaDOTS.Statistics.StatisticsWriterInstance:Awake()

Recorder [PredictedSimulationSystemGroup] is invalid!
UnityEngine.DebugLogHandler:Internal_Log(LogType, LogOption, String, Object)
UnityEngine.DebugLogHandler:LogFormat(LogType, Object, String, Object[])
UnityEngine.Logger:Log(LogType, Object)
UnityEngine.Debug:LogWarning(Object)
PolkaDOTS.Statistics.StatisticsWriter:.ctor()
PolkaDOTS.Statistics.StatisticsWriterInstance:Awake()

Initializing multiplay!
Found non-specified codec: VP8 Internal video/VP8 implementation_name=Internal
Found codec: VP9 Profile0
Found codec: VP9 Profile2
Found codec: VP9 Profile1
Found codec: VP9 Profile3
Found codec: AV1 Profile0
Found codec: AV1 Profile1
Could not find H264.High as streaming codec!
Adding terrain areas statistics recorders
Streamed scene with   49ms latency from /var/scratch/zmr280/opencraft/opencraft_Data/StreamingAssets/EntityScenes/bea83102298cfb741939cdba85abe535.0.entities
AutoLoading authoring scene in world ClientWorld
[11:48:56.4032320]:[ClientWorld] New connection ID:60
ERROR: Shader Custom/VoxelShader shader is not supported on this GPU (none of subshaders/fallbacks are suitable)
WARNING: Shader Unsupported: 'Hidden/Universal Render Pipeline/FallbackError' - All subshaders removed
WARNING: Shader Did you use #pragma only_renderers and omit this platform?
WARNING: Shader If subshaders removal was intentional, you may have forgotten turning Fallback off?
ERROR: Shader Hidden/Universal Render Pipeline/FallbackError shader is not supported on this GPU (none of subshaders/fallbacks are suitable)
WARNING: Shader Unsupported: 'Hidden/Universal Render Pipeline/FallbackError' - All subshaders removed
WARNING: Shader Did you use #pragma only_renderers and omit this platform?
WARNING: Shader If subshaders removal was intentional, you may have forgotten turning Fallback off?
WARNING: Shader Unsupported: 'Universal Render Pipeline/Lit' - All subshaders removed
WARNING: Shader Did you use #pragma only_renderers and omit this platform?
WARNING: Shader If subshaders removal was intentional, you may have forgotten turning Fallback off?
ERROR: Shader Universal Render Pipeline/Lit shader is not supported on this GPU (none of subshaders/fallbacks are suitable)
WARNING: Shader Unsupported: 'Universal Render Pipeline/Lit' - All subshaders removed
WARNING: Shader Did you use #pragma only_renderers and omit this platform?
WARNING: Shader If subshaders removal was intentional, you may have forgotten turning Fallback off?
WARNING: Shader Unsupported: 'Universal Render Pipeline/Unlit' - All subshaders removed
WARNING: Shader Did you use #pragma only_renderers and omit this platform?
WARNING: Shader If subshaders removal was intentional, you may have forgotten turning Fallback off?
ERROR: Shader Universal Render Pipeline/Unlit shader is not supported on this GPU (none of subshaders/fallbacks are suitable)
WARNING: Shader Unsupported: 'Universal Render Pipeline/Unlit' - All subshaders removed
WARNING: Shader Did you use #pragma only_renderers and omit this platform?
WARNING: Shader If subshaders removal was intentional, you may have forgotten turning Fallback off?
Streamed scene with   32ms latency from /var/scratch/zmr280/opencraft/opencraft_Data/StreamingAssets/EntityScenes/62561c7118c5bbb46929c6bf65331faa.0.entities
Sending start game stream RPC
Emulation type is Idle, Simulation
Creating local player object
Sending spawn player RPC for user 58
ERROR: Shader UI/Default shader is not supported on this GPU (none of subshaders/fallbacks are suitable)
Player 58 has no connection ID!
UnityEngine.DebugLogHandler:Internal_Log(LogType, LogOption, String, Object)
UnityEngine.DebugLogHandler:LogFormat(LogType, Object, String, Object[])
UnityEngine.Logger:Log(LogType, Object)
UnityEngine.Debug:LogWarning(Object)
Opencraft.Player.SamplePlayerInput:OnUpdate(SystemState&)
Opencraft.Player.SamplePlayerInput:__codegen__OnUpdate(IntPtr, IntPtr)

Linking player entity Entity(224:1) to 58@LOCALPLAYER
Player simulation searching for path from float3(0.5f, 13.2f, 0.5f) = int3(0, 13, 0) to int3(15, 13, -15)
Player simulation could not find a path from int3(0, 13, 0) to int3(15, 13, -15), will choose new target
    1: Could not find target at int3(0, 13, 0)
Player simulation searching for path from float3(0.5f, 13.2f, 0.5f) = int3(0, 13, 0) to int3(4, 13, 3)
Player simulation could not find a path from int3(0, 13, 0) to int3(4, 13, 3), will choose new target
Player simulation searching for path from float3(0.5f, 13.2f, 0.5f) = int3(0, 13, 0) to int3(-6, 13, 9)
Player simulation could not find a path from int3(0, 13, 0) to int3(-6, 13, 9), will choose new target
Player simulation searching for path from float3(0.5f, 13.2f, 0.5f) = int3(0, 13, 0) to int3(15, 13, -10)
Player simulation could not find a path from int3(0, 13, 0) to int3(15, 13, -10), will choose new target
    5: Could not find target at int3(0, 13, 0)
Player simulation searching for path from float3(0.5f, 13.2f, 0.5f) = int3(0, 13, 0) to int3(1, 13, -12)
Player simulation could not find a path from int3(0, 13, 0) to int3(1, 13, -12), will choose new target
Player simulation searching for path from float3(0.5f, 13.2f, 0.5f) = int3(0, 13, 0) to int3(-8, 13, 12)
Player simulation could not find a path from int3(0, 13, 0) to int3(-8, 13, 12), will choose new target
    8: Could not find target at int3(0, 13, 0)
ClientWorld player simulation could not find a path in 9 attempts, waiting to try again
Player simulation searching for path from float3(0.5f, 13.1f, 0.5f) = int3(0, 13, 0) to int3(15, 13, -15)
ClientWorld player simulation set new target int3(15, 13, -15)
ClientWorld player simulation reached target int3(15, 13, -15)
Player simulation searching for path from float3(15.32245f, 13.14227f, -14.47445f) = int3(15, 13, -15) to int3(4, 13, 11)
ClientWorld player simulation set new target int3(4, 13, 11)
ClientWorld player simulation reached target int3(4, 13, 11)
Player simulation searching for path from float3(4.507f, 13.12929f, 11.35371f) = int3(4, 13, 11) to int3(4, 13, 8)
ClientWorld player simulation set new target int3(4, 13, 8)
ClientWorld player simulation path has strayed from int3(4, 13, 8) to int3(4, 13, 11), searching for a correction
ClientWorld player simulation reached target int3(4, 13, 8)
Player simulation searching for path from float3(4.507f, 13.12929f, 8.612288f) = int3(4, 13, 8) to int3(-15, 13, -9)
ClientWorld player simulation set new target int3(-15, 13, -9)
ClientWorld player simulation reached target int3(-15, 13, -9)
Player simulation searching for path from float3(-14.501f, 13.12929f, -8.320712f) = int3(-15, 13, -9) to int3(7, 13, -11)
ClientWorld player simulation set new target int3(7, 13, -11)
ClientWorld player simulation path has strayed from int3(-1, 13, -9) to int3(-4, 13, -9), searching for a correction
ClientWorld player simulation reached target int3(7, 13, -11)
Player simulation searching for path from float3(7.501266f, 13.14227f, -10.36774f) = int3(7, 13, -11) to int3(6, 13, 8)
ClientWorld player simulation set new target int3(6, 13, 8)
ClientWorld player simulation reached target int3(6, 13, 8)
Player simulation searching for path from float3(6.464f, 13.12929f, 8.313712f) = int3(6, 13, 8) to int3(-7, 13, 1)
ClientWorld player simulation set new target int3(-7, 13, 1)
ClientWorld player simulation reached target int3(-7, 13, 1)
Player simulation searching for path from float3(-6.515843f, 13.12929f, 1.643868f) = int3(-7, 13, 1) to int3(-1, 13, 4)
ClientWorld player simulation set new target int3(-1, 13, 4)
ClientWorld player simulation reached target int3(-1, 13, 4)
Player simulation searching for path from float3(-0.4850009f, 13.14227f, 4.396577f) = int3(-1, 13, 4) to int3(2, 13, -2)
ClientWorld player simulation set new target int3(2, 13, -2)
ClientWorld player simulation reached target int3(2, 13, -2)
Player simulation searching for path from float3(2.388421f, 13.12929f, -1.504132f) = int3(2, 13, -2) to int3(-11, 13, 1)
ClientWorld player simulation set new target int3(-11, 13, 1)
ClientWorld player simulation reached target int3(-11, 13, 1)
Player simulation searching for path from float3(-10.51356f, 13.12929f, 1.363264f) = int3(-11, 13, 1) to int3(-12, 13, 1)
ClientWorld player simulation set new target int3(-12, 13, 1)
ClientWorld player simulation reached target int3(-12, 13, 1)
Player simulation searching for path from float3(-11.36196f, 13.12929f, 1.463132f) = int3(-12, 13, 1) to int3(-4, 13, -5)
ClientWorld player simulation set new target int3(-4, 13, -5)
ClientWorld player simulation reached target int3(-4, 13, -5)
Player simulation searching for path from float3(-3.634423f, 13.14227f, -4.528263f) = int3(-4, 13, -5) to int3(14, 13, -2)
ClientWorld player simulation set new target int3(14, 13, -2)
ClientWorld player simulation path has strayed from int3(11, 13, -5) to int3(8, 13, -5), searching for a correction
ClientWorld player simulation reached target int3(14, 13, -2)
Player simulation searching for path from float3(14.36325f, 13.12929f, -1.521264f) = int3(14, 13, -2) to int3(9, 13, -15)
ClientWorld player simulation set new target int3(9, 13, -15)
ClientWorld player simulation reached target int3(9, 13, -15)
Player simulation searching for path from float3(9.68744f, 13.12929f, -14.4767f) = int3(9, 13, -15) to int3(4, 13, -10)
ClientWorld player simulation set new target int3(4, 13, -10)
ClientWorld player simulation reached target int3(4, 13, -10)
Player simulation searching for path from float3(4.527448f, 13.12929f, -9.677729f) = int3(4, 13, -10) to int3(-15, 13, -9)
ClientWorld player simulation set new target int3(-15, 13, -9)
ClientWorld player simulation reached target int3(-15, 13, -9)
Player simulation searching for path from float3(-14.533f, 13.12929f, -8.699287f) = int3(-15, 13, -9) to int3(7, 13, -11)
ClientWorld player simulation set new target int3(7, 13, -11)
ClientWorld player simulation reached target int3(7, 13, -11)
Player simulation searching for path from float3(7.526842f, 13.12929f, -10.31171f) = int3(7, 13, -11) to int3(6, 13, 8)
ClientWorld player simulation set new target int3(6, 13, 8)
ClientWorld player simulation path has strayed from int3(7, 13, 4) to int3(7, 13, 1), searching for a correction
ClientWorld player simulation reached target int3(6, 13, 8)
Player simulation searching for path from float3(6.503159f, 13.12929f, 8.336554f) = int3(6, 13, 8) to int3(-7, 13, 1)
ClientWorld player simulation set new target int3(-7, 13, 1)
ClientWorld player simulation reached target int3(-7, 13, 1)
Player simulation searching for path from float3(-6.312867f, 13.14227f, 1.641133f) = int3(-7, 13, 1) to int3(-1, 13, 4)
ClientWorld player simulation set new target int3(-1, 13, 4)
ClientWorld player simulation reached target int3(-1, 13, 4)
Player simulation searching for path from float3(-0.4998437f, 13.14227f, 4.322156f) = int3(-1, 13, 4) to int3(2, 13, -2)
ClientWorld player simulation set new target int3(2, 13, -2)
ClientWorld player simulation reached target int3(2, 13, -2)
Player simulation searching for path from float3(2.339685f, 13.12929f, -1.513868f) = int3(2, 13, -2) to int3(-11, 13, 1)
ClientWorld player simulation set new target int3(-11, 13, 1)
ClientWorld player simulation path has strayed from int3(-7, 13, -2) to int3(-4, 13, -2), searching for a correction
ClientWorld player simulation path has strayed from int3(-8, 13, -2) to int3(-5, 13, -2), searching for a correction
ClientWorld player simulation reached target int3(-11, 13, 1)
Player simulation searching for path from float3(-10.49327f, 13.14227f, 1.363156f) = int3(-11, 13, 1) to int3(-12, 13, 1)
ClientWorld player simulation set new target int3(-12, 13, 1)
ClientWorld player simulation reached target int3(-12, 13, 1)
Player simulation searching for path from float3(-11.33469f, 13.14227f, 1.504578f) = int3(-12, 13, 1) to int3(-4, 13, -5)
ClientWorld player simulation set new target int3(-4, 13, -5)
ClientWorld player simulation reached target int3(-4, 13, -5)
Player simulation searching for path from float3(-3.49129f, 13.12929f, -4.376685f) = int3(-4, 13, -5) to int3(14, 13, -2)
ClientWorld player simulation set new target int3(14, 13, -2)
ClientWorld player simulation path has strayed from int3(0, 13, -5) to int3(-3, 13, -5), searching for a correction
ClientWorld player simulation path has strayed from int3(2, 13, -5) to int3(-1, 13, -5), searching for a correction
ClientWorld player simulation path has strayed from int3(10, 13, -5) to int3(7, 13, -5), searching for a correction
ClientWorld player simulation path has strayed from int3(14, 13, -3) to int3(12, 13, -5), searching for a correction
ClientWorld player simulation reached target int3(14, 13, -2)
Player simulation searching for path from float3(14.528f, 13.12929f, -1.64029f) = int3(14, 13, -2) to int3(9, 13, -15)
ClientWorld player simulation set new target int3(9, 13, -15)
ClientWorld player simulation reached target int3(9, 13, -15)
Player simulation searching for path from float3(9.502996f, 13.14227f, -14.329f) = int3(9, 13, -15) to int3(4, 13, -10)
ClientWorld player simulation set new target int3(4, 13, -10)
ClientWorld player simulation reached target int3(4, 13, -10)
Player simulation searching for path from float3(4.49358f, 13.14227f, -9.677573f) = int3(4, 13, -10) to int3(-15, 13, -9)
ClientWorld player simulation set new target int3(-15, 13, -9)
ClientWorld player simulation reached target int3(-15, 13, -9)
Player simulation searching for path from float3(-14.53313f, 13.12929f, -8.652575f) = int3(-15, 13, -9) to int3(7, 13, -11)
ClientWorld player simulation set new target int3(7, 13, -11)
ClientWorld player simulation path has strayed from int3(-11, 13, -9) to int3(-14, 13, -9), searching for a correction
ClientWorld player simulation path has strayed from int3(-9, 13, -9) to int3(-12, 13, -9), searching for a correction
ClientWorld player simulation reached target int3(7, 13, -11)
Player simulation searching for path from float3(7.345238f, 13.14227f, -10.48955f) = int3(7, 13, -11) to int3(6, 13, 8)
ClientWorld player simulation set new target int3(6, 13, 8)
ClientWorld player simulation path has strayed from int3(7, 13, 0) to int3(7, 13, -3), searching for a correction
ClientWorld player simulation path has strayed from int3(7, 13, 4) to int3(7, 13, 1), searching for a correction
ClientWorld player simulation reached target int3(6, 13, 8)
Player simulation searching for path from float3(6.517159f, 13.12929f, 8.308555f) = int3(6, 13, 8) to int3(-7, 13, 1)
ClientWorld player simulation set new target int3(-7, 13, 1)
ClientWorld player simulation reached target int3(-7, 13, 1)
Player simulation searching for path from float3(-6.501554f, 13.12929f, 1.690157f) = int3(-7, 13, 1) to int3(-1, 13, 4)
ClientWorld player simulation set new target int3(-1, 13, 4)
ClientWorld player simulation reached target int3(-1, 13, 4)
Player simulation searching for path from float3(-0.5280257f, 13.12929f, 4.363263f) = int3(-1, 13, 4) to int3(2, 13, -2)
ClientWorld player simulation set new target int3(2, 13, -2)
ClientWorld player simulation path has strayed from int3(1, 13, -1) to int3(-1, 13, 1), searching for a correction
ClientWorld player simulation reached target int3(2, 13, -2)
Player simulation searching for path from float3(2.481157f, 13.12929f, -1.32366f) = int3(2, 13, -2) to int3(-11, 13, 1)
ClientWorld player simulation set new target int3(-11, 13, 1)
ClientWorld player simulation path has strayed from int3(-3, 13, -2) to int3(0, 13, -1), searching for a correction
Large serverTick prediction error. Server tick rollback to Unity.NetCode.NetworkTick delta: -10.44343
UnityEngine.DebugLogHandler:Internal_Log(LogType, LogOption, String, Object)
UnityEngine.DebugLogHandler:LogFormat(LogType, Object, String, Object[])
UnityEngine.Logger:Log(LogType, Object)
UnityEngine.Debug:LogError(Object)
Unity.Logging.Sinks.ManagedUnityEngineDebugLogWrapper:WriteFunc(LogLevel, Byte*, Int32)

ClientWorld player simulation path has strayed from int3(-5, 13, -2) to int3(-2, 13, -2), searching for a correction
Large serverTick prediction error. Server tick rollback to Unity.NetCode.NetworkTick delta: -10.27813
UnityEngine.DebugLogHandler:Internal_Log(LogType, LogOption, String, Object)
UnityEngine.DebugLogHandler:LogFormat(LogType, Object, String, Object[])
UnityEngine.Logger:Log(LogType, Object)
UnityEngine.Debug:LogError(Object)
Unity.Logging.Sinks.ManagedUnityEngineDebugLogWrapper:WriteFunc(LogLevel, Byte*, Int32)

ClientWorld player simulation path has strayed from int3(-9, 13, -2) to int3(-1, 13, -2), searching for a correction
ClientWorld player simulation path has strayed from int3(-2, 13, -2) to int3(-5, 13, -2), searching for a correction
ClientWorld player simulation path has strayed from int3(-4, 13, -2) to int3(-1, 13, -2), searching for a correction
Large serverTick prediction error. Server tick rollback to Unity.NetCode.NetworkTick delta: -10.47637
UnityEngine.DebugLogHandler:Internal_Log(LogType, LogOption, String, Object)
UnityEngine.DebugLogHandler:LogFormat(LogType, Object, String, Object[])
UnityEngine.Logger:Log(LogType, Object)
UnityEngine.Debug:LogError(Object)
Unity.Logging.Sinks.ManagedUnityEngineDebugLogWrapper:WriteFunc(LogLevel, Byte*, Int32)

Large serverTick prediction error. Server tick rollback to Unity.NetCode.NetworkTick delta: -10.71053
UnityEngine.DebugLogHandler:Internal_Log(LogType, LogOption, String, Object)
UnityEngine.DebugLogHandler:LogFormat(LogType, Object, String, Object[])
UnityEngine.Logger:Log(LogType, Object)
UnityEngine.Debug:LogError(Object)
Unity.Logging.Sinks.ManagedUnityEngineDebugLogWrapper:WriteFunc(LogLevel, Byte*, Int32)

ClientWorld player simulation path has strayed from int3(-2, 13, -2) to int3(-6, 13, -2), searching for a correction
Large serverTick prediction error. Server tick rollback to Unity.NetCode.NetworkTick delta: -11.5894
UnityEngine.DebugLogHandler:Internal_Log(LogType, LogOption, String, Object)
UnityEngine.DebugLogHandler:LogFormat(LogType, Object, String, Object[])
UnityEngine.Logger:Log(LogType, Object)
UnityEngine.Debug:LogError(Object)
Unity.Logging.Sinks.ManagedUnityEngineDebugLogWrapper:WriteFunc(LogLevel, Byte*, Int32)

ClientWorld player simulation path has strayed from int3(-4, 13, -2) to int3(-1, 13, -2), searching for a correction
Large serverTick prediction error. Server tick rollback to Unity.NetCode.NetworkTick delta: -10.42303
UnityEngine.DebugLogHandler:Internal_Log(LogType, LogOption, String, Object)
UnityEngine.DebugLogHandler:LogFormat(LogType, Object, String, Object[])
UnityEngine.Logger:Log(LogType, Object)
UnityEngine.Debug:LogError(Object)
Unity.Logging.Sinks.ManagedUnityEngineDebugLogWrapper:WriteFunc(LogLevel, Byte*, Int32)

ClientWorld player simulation path has strayed from int3(-9, 13, -2) to int3(-3, 13, -2), searching for a correction
ClientWorld player simulation path has strayed from int3(-4, 13, -2) to int3(-8, 13, -2), searching for a correction
ClientWorld player simulation path has strayed from int3(-7, 13, -2) to int3(-3, 13, -2), searching for a correction
ClientWorld player simulation path has strayed from int3(-4, 13, -2) to int3(-7, 13, -2), searching for a correction
Large serverTick prediction error. Server tick rollback to Unity.NetCode.NetworkTick delta: -10.48307
UnityEngine.DebugLogHandler:Internal_Log(LogType, LogOption, String, Object)
UnityEngine.DebugLogHandler:LogFormat(LogType, Object, String, Object[])
UnityEngine.Logger:Log(LogType, Object)
UnityEngine.Debug:LogError(Object)
Unity.Logging.Sinks.ManagedUnityEngineDebugLogWrapper:WriteFunc(LogLevel, Byte*, Int32)

ClientWorld player simulation path has strayed from int3(-4, 13, -2) to int3(-8, 13, -2), searching for a correction
Large serverTick prediction error. Server tick rollback to Unity.NetCode.NetworkTick delta: -12.76885
UnityEngine.DebugLogHandler:Internal_Log(LogType, LogOption, String, Object)
UnityEngine.DebugLogHandler:LogFormat(LogType, Object, String, Object[])
UnityEngine.Logger:Log(LogType, Object)
UnityEngine.Debug:LogError(Object)
Unity.Logging.Sinks.ManagedUnityEngineDebugLogWrapper:WriteFunc(LogLevel, Byte*, Int32)

ClientWorld player simulation path has strayed from int3(-4, 13, -2) to int3(-9, 13, -2), searching for a correction
Large serverTick prediction error. Server tick rollback to Unity.NetCode.NetworkTick delta: -10.41316
UnityEngine.DebugLogHandler:Internal_Log(LogType, LogOption, String, Object)
UnityEngine.DebugLogHandler:LogFormat(LogType, Object, String, Object[])
UnityEngine.Logger:Log(LogType, Object)
UnityEngine.Debug:LogError(Object)
Unity.Logging.Sinks.ManagedUnityEngineDebugLogWrapper:WriteFunc(LogLevel, Byte*, Int32)

ClientWorld player simulation path has strayed from int3(-4, 13, -2) to int3(-10, 13, -2), searching for a correction
Large serverTick prediction error. Server tick rollback to Unity.NetCode.NetworkTick delta: -10.30557
UnityEngine.DebugLogHandler:Internal_Log(LogType, LogOption, String, Object)
UnityEngine.DebugLogHandler:LogFormat(LogType, Object, String, Object[])
UnityEngine.Logger:Log(LogType, Object)
UnityEngine.Debug:LogError(Object)
Unity.Logging.Sinks.ManagedUnityEngineDebugLogWrapper:WriteFunc(LogLevel, Byte*, Int32)

ClientWorld player simulation path has strayed from int3(-4, 13, -2) to int3(-10, 13, -2), searching for a correction
ClientWorld player simulation path has strayed from int3(-9, 13, -2) to int3(-4, 13, -2), searching for a correction
ClientWorld player simulation path has strayed from int3(-6, 13, -2) to int3(-10, 13, -2), searching for a correction
ClientWorld player simulation path has strayed from int3(-9, 13, -2) to int3(-5, 13, -2), searching for a correction
Large serverTick prediction error. Server tick rollback to Unity.NetCode.NetworkTick delta: -10.57664
UnityEngine.DebugLogHandler:Internal_Log(LogType, LogOption, String, Object)
UnityEngine.DebugLogHandler:LogFormat(LogType, Object, String, Object[])
UnityEngine.Logger:Log(LogType, Object)
UnityEngine.Debug:LogError(Object)
Unity.Logging.Sinks.ManagedUnityEngineDebugLogWrapper:WriteFunc(LogLevel, Byte*, Int32)

ClientWorld player simulation path has strayed from int3(-8, 13, -2) to int3(-4, 13, -2), searching for a correction
Large serverTick prediction error. Server tick rollback to Unity.NetCode.NetworkTick delta: -10.48155
UnityEngine.DebugLogHandler:Internal_Log(LogType, LogOption, String, Object)
UnityEngine.DebugLogHandler:LogFormat(LogType, Object, String, Object[])
UnityEngine.Logger:Log(LogType, Object)
UnityEngine.Debug:LogError(Object)
Unity.Logging.Sinks.ManagedUnityEngineDebugLogWrapper:WriteFunc(LogLevel, Byte*, Int32)

Large serverTick prediction error. Server tick rollback to Unity.NetCode.NetworkTick delta: -10.74933
UnityEngine.DebugLogHandler:Internal_Log(LogType, LogOption, String, Object)
UnityEngine.DebugLogHandler:LogFormat(LogType, Object, String, Object[])
UnityEngine.Logger:Log(LogType, Object)
UnityEngine.Debug:LogError(Object)
Unity.Logging.Sinks.ManagedUnityEngineDebugLogWrapper:WriteFunc(LogLevel, Byte*, Int32)

Large serverTick prediction error. Server tick rollback to Unity.NetCode.NetworkTick delta: -11.71192
UnityEngine.DebugLogHandler:Internal_Log(LogType, LogOption, String, Object)
UnityEngine.DebugLogHandler:LogFormat(LogType, Object, String, Object[])
UnityEngine.Logger:Log(LogType, Object)
UnityEngine.Debug:LogError(Object)
Unity.Logging.Sinks.ManagedUnityEngineDebugLogWrapper:WriteFunc(LogLevel, Byte*, Int32)

ClientWorld player simulation path has strayed from int3(-10, 13, 0) to int3(-8, 13, -2), searching for a correction
Large serverTick prediction error. Server tick rollback to Unity.NetCode.NetworkTick delta: -11.42373
UnityEngine.DebugLogHandler:Internal_Log(LogType, LogOption, String, Object)
UnityEngine.DebugLogHandler:LogFormat(LogType, Object, String, Object[])
UnityEngine.Logger:Log(LogType, Object)
UnityEngine.Debug:LogError(Object)
Unity.Logging.Sinks.ManagedUnityEngineDebugLogWrapper:WriteFunc(LogLevel, Byte*, Int32)

ClientWorld player simulation path has strayed from int3(-11, 13, 0) to int3(-14, 13, 0), searching for a correction
ClientWorld player simulation reached target int3(-11, 13, 1)
Player simulation searching for path from float3(-10.47988f, 13.14227f, 1.381999f) = int3(-11, 13, 1) to int3(-12, 13, 1)
ClientWorld player simulation set new target int3(-12, 13, 1)
ClientWorld player simulation reached target int3(-12, 13, 1)
Player simulation searching for path from float3(-11.34987f, 13.14227f, 1.478397f) = int3(-12, 13, 1) to int3(-4, 13, -5)
ClientWorld player simulation set new target int3(-4, 13, -5)
Large serverTick prediction error. Server tick rollback to Unity.NetCode.NetworkTick delta: -10.39674
UnityEngine.DebugLogHandler:Internal_Log(LogType, LogOption, String, Object)
UnityEngine.DebugLogHandler:LogFormat(LogType, Object, String, Object[])
UnityEngine.Logger:Log(LogType, Object)
UnityEngine.Debug:LogError(Object)
Unity.Logging.Sinks.ManagedUnityEngineDebugLogWrapper:WriteFunc(LogLevel, Byte*, Int32)

ClientWorld player simulation reached target int3(-4, 13, -5)
Player simulation searching for path from float3(-3.633763f, 13.14227f, -4.53666f) = int3(-4, 13, -5) to int3(14, 13, -2)
ClientWorld player simulation set new target int3(14, 13, -2)
ClientWorld player simulation path has strayed from int3(8, 13, -5) to int3(5, 13, -5), searching for a correction
ClientWorld player simulation path has strayed from int3(12, 13, -4) to int3(7, 13, -5), searching for a correction
ClientWorld player simulation path has strayed from int3(8, 13, -5) to int3(12, 13, -5), searching for a correction
Large serverTick prediction error. Server tick rollback to Unity.NetCode.NetworkTick delta: -11.56893
UnityEngine.DebugLogHandler:Internal_Log(LogType, LogOption, String, Object)
UnityEngine.DebugLogHandler:LogFormat(LogType, Object, String, Object[])
UnityEngine.Logger:Log(LogType, Object)
UnityEngine.Debug:LogError(Object)
Unity.Logging.Sinks.ManagedUnityEngineDebugLogWrapper:WriteFunc(LogLevel, Byte*, Int32)

ClientWorld player simulation path has strayed from int3(10, 13, -5) to int3(4, 13, -5), searching for a correction
Large serverTick prediction error. Server tick rollback to Unity.NetCode.NetworkTick delta: -10.53451
UnityEngine.DebugLogHandler:Internal_Log(LogType, LogOption, String, Object)
UnityEngine.DebugLogHandler:LogFormat(LogType, Object, String, Object[])
UnityEngine.Logger:Log(LogType, Object)
UnityEngine.Debug:LogError(Object)
Unity.Logging.Sinks.ManagedUnityEngineDebugLogWrapper:WriteFunc(LogLevel, Byte*, Int32)

ClientWorld player simulation path has strayed from int3(11, 13, -5) to int3(8, 13, -5), searching for a correction
Large serverTick prediction error. Server tick rollback to Unity.NetCode.NetworkTick delta: -10.52202
UnityEngine.DebugLogHandler:Internal_Log(LogType, LogOption, String, Object)
UnityEngine.DebugLogHandler:LogFormat(LogType, Object, String, Object[])
UnityEngine.Logger:Log(LogType, Object)
UnityEngine.Debug:LogError(Object)
Unity.Logging.Sinks.ManagedUnityEngineDebugLogWrapper:WriteFunc(LogLevel, Byte*, Int32)

ClientWorld player simulation path has strayed from int3(14, 13, -2) to int3(12, 13, -5), searching for a correction
ClientWorld player simulation path has strayed from int3(12, 13, -4) to int3(14, 13, -2), searching for a correction
ClientWorld player simulation path has strayed from int3(14, 13, -3) to int3(12, 13, -5), searching for a correction
Large serverTick prediction error. Server tick rollback to Unity.NetCode.NetworkTick delta: -10.4221
UnityEngine.DebugLogHandler:Internal_Log(LogType, LogOption, String, Object)
UnityEngine.DebugLogHandler:LogFormat(LogType, Object, String, Object[])
UnityEngine.Logger:Log(LogType, Object)
UnityEngine.Debug:LogError(Object)
Unity.Logging.Sinks.ManagedUnityEngineDebugLogWrapper:WriteFunc(LogLevel, Byte*, Int32)

ClientWorld player simulation path has strayed from int3(13, 13, -4) to int3(15, 13, -2), searching for a correction
Large serverTick prediction error. Server tick rollback to Unity.NetCode.NetworkTick delta: -10.58116
UnityEngine.DebugLogHandler:Internal_Log(LogType, LogOption, String, Object)
UnityEngine.DebugLogHandler:LogFormat(LogType, Object, String, Object[])
UnityEngine.Logger:Log(LogType, Object)
UnityEngine.Debug:LogError(Object)
Unity.Logging.Sinks.ManagedUnityEngineDebugLogWrapper:WriteFunc(LogLevel, Byte*, Int32)

ClientWorld player simulation path has strayed from int3(13, 13, -4) to int3(14, 13, 0), searching for a correction
Large serverTick prediction error. Server tick rollback to Unity.NetCode.NetworkTick delta: -10.61005
UnityEngine.DebugLogHandler:Internal_Log(LogType, LogOption, String, Object)
UnityEngine.DebugLogHandler:LogFormat(LogType, Object, String, Object[])
UnityEngine.Logger:Log(LogType, Object)
UnityEngine.Debug:LogError(Object)
Unity.Logging.Sinks.ManagedUnityEngineDebugLogWrapper:WriteFunc(LogLevel, Byte*, Int32)

Large serverTick prediction error. Server tick rollback to Unity.NetCode.NetworkTick delta: -10.54304
UnityEngine.DebugLogHandler:Internal_Log(LogType, LogOption, String, Object)
UnityEngine.DebugLogHandler:LogFormat(LogType, Object, String, Object[])
UnityEngine.Logger:Log(LogType, Object)
UnityEngine.Debug:LogError(Object)
Unity.Logging.Sinks.ManagedUnityEngineDebugLogWrapper:WriteFunc(LogLevel, Byte*, Int32)

ClientWorld player simulation reached target int3(14, 13, -2)
Player simulation searching for path from float3(14.42296f, 13.12929f, -1.541499f) = int3(14, 13, -2) to int3(9, 13, -15)
ClientWorld player simulation set new target int3(9, 13, -15)
ClientWorld player simulation path has strayed from int3(14, 13, -9) to int3(14, 13, -5), searching for a correction
ClientWorld player simulation path has strayed from int3(14, 13, -6) to int3(14, 13, -9), searching for a correction
Large serverTick prediction error. Server tick rollback to Unity.NetCode.NetworkTick delta: -10.61584
UnityEngine.DebugLogHandler:Internal_Log(LogType, LogOption, String, Object)
UnityEngine.DebugLogHandler:LogFormat(LogType, Object, String, Object[])
UnityEngine.Logger:Log(LogType, Object)
UnityEngine.Debug:LogError(Object)
Unity.Logging.Sinks.ManagedUnityEngineDebugLogWrapper:WriteFunc(LogLevel, Byte*, Int32)

ClientWorld player simulation path has strayed from int3(14, 13, -11) to int3(15, 13, -7), searching for a correction
Large serverTick prediction error. Server tick rollback to Unity.NetCode.NetworkTick delta: -11.70685
UnityEngine.DebugLogHandler:Internal_Log(LogType, LogOption, String, Object)
UnityEngine.DebugLogHandler:LogFormat(LogType, Object, String, Object[])
UnityEngine.Logger:Log(LogType, Object)
UnityEngine.Debug:LogError(Object)
Unity.Logging.Sinks.ManagedUnityEngineDebugLogWrapper:WriteFunc(LogLevel, Byte*, Int32)

ClientWorld player simulation path has strayed from int3(11, 13, -12) to int3(15, 13, -14), searching for a correction
ClientWorld player simulation path has strayed from int3(11, 13, -13) to int3(15, 13, -14), searching for a correction
Large serverTick prediction error. Server tick rollback to Unity.NetCode.NetworkTick delta: -13.52945
UnityEngine.DebugLogHandler:Internal_Log(LogType, LogOption, String, Object)
UnityEngine.DebugLogHandler:LogFormat(LogType, Object, String, Object[])
UnityEngine.Logger:Log(LogType, Object)
UnityEngine.Debug:LogError(Object)
Unity.Logging.Sinks.ManagedUnityEngineDebugLogWrapper:WriteFunc(LogLevel, Byte*, Int32)

ClientWorld player simulation path has strayed from int3(14, 13, -14) to int3(13, 13, -11), searching for a correction
ClientWorld player simulation reached target int3(9, 13, -15)
Player simulation searching for path from float3(9.654032f, 13.12929f, -14.50683f) = int3(9, 13, -15) to int3(4, 13, -10)
ClientWorld player simulation set new target int3(4, 13, -10)
ClientWorld player simulation path has strayed from int3(6, 13, -12) to int3(12, 13, -12), searching for a correction
Large serverTick prediction error. Server tick rollback to Unity.NetCode.NetworkTick delta: -20.71115
UnityEngine.DebugLogHandler:Internal_Log(LogType, LogOption, String, Object)
UnityEngine.DebugLogHandler:LogFormat(LogType, Object, String, Object[])
UnityEngine.Logger:Log(LogType, Object)
UnityEngine.Debug:LogError(Object)
Unity.Logging.Sinks.ManagedUnityEngineDebugLogWrapper:WriteFunc(LogLevel, Byte*, Int32)

ClientWorld player simulation path has strayed from int3(7, 13, -12) to int3(12, 13, -12), searching for a correction
Large serverTick prediction error. Server tick rollback to Unity.NetCode.NetworkTick delta: -10.61241
UnityEngine.DebugLogHandler:Internal_Log(LogType, LogOption, String, Object)
UnityEngine.DebugLogHandler:LogFormat(LogType, Object, String, Object[])
UnityEngine.Logger:Log(LogType, Object)
UnityEngine.Debug:LogError(Object)
Unity.Logging.Sinks.ManagedUnityEngineDebugLogWrapper:WriteFunc(LogLevel, Byte*, Int32)

ClientWorld player simulation path has strayed from int3(11, 13, -12) to int3(9, 13, -14), searching for a correction
Large serverTick prediction error. Server tick rollback to Unity.NetCode.NetworkTick delta: -10.73964
UnityEngine.DebugLogHandler:Internal_Log(LogType, LogOption, String, Object)
UnityEngine.DebugLogHandler:LogFormat(LogType, Object, String, Object[])
UnityEngine.Logger:Log(LogType, Object)
UnityEngine.Debug:LogError(Object)
Unity.Logging.Sinks.ManagedUnityEngineDebugLogWrapper:WriteFunc(LogLevel, Byte*, Int32)

ClientWorld player simulation path has strayed from int3(11, 13, -13) to int3(9, 13, -15), searching for a correction
Large serverTick prediction error. Server tick rollback to Unity.NetCode.NetworkTick delta: -14.4458
UnityEngine.DebugLogHandler:Internal_Log(LogType, LogOption, String, Object)
UnityEngine.DebugLogHandler:LogFormat(LogType, Object, String, Object[])
UnityEngine.Logger:Log(LogType, Object)
UnityEngine.Debug:LogError(Object)
Unity.Logging.Sinks.ManagedUnityEngineDebugLogWrapper:WriteFunc(LogLevel, Byte*, Int32)

ClientWorld player simulation path has strayed from int3(10, 13, -14) to int3(7, 13, -15), searching for a correction
Large serverTick prediction error. Server tick rollback to Unity.NetCode.NetworkTick delta: -12.61139
UnityEngine.DebugLogHandler:Internal_Log(LogType, LogOption, String, Object)
UnityEngine.DebugLogHandler:LogFormat(LogType, Object, String, Object[])
UnityEngine.Logger:Log(LogType, Object)
UnityEngine.Debug:LogError(Object)
Unity.Logging.Sinks.ManagedUnityEngineDebugLogWrapper:WriteFunc(LogLevel, Byte*, Int32)

ClientWorld player simulation path has strayed from int3(10, 13, -15) to int3(7, 13, -15), searching for a correction
Large serverTick prediction error. Server tick rollback to Unity.NetCode.NetworkTick delta: -10.78857
UnityEngine.DebugLogHandler:Internal_Log(LogType, LogOption, String, Object)
UnityEngine.DebugLogHandler:LogFormat(LogType, Object, String, Object[])
UnityEngine.Logger:Log(LogType, Object)
UnityEngine.Debug:LogError(Object)
Unity.Logging.Sinks.ManagedUnityEngineDebugLogWrapper:WriteFunc(LogLevel, Byte*, Int32)

ClientWorld player simulation path has strayed from int3(11, 13, -13) to int3(7, 13, -14), searching for a correction
ClientWorld player simulation path has strayed from int3(8, 13, -14) to int3(10, 13, -11), searching for a correction
ClientWorld player simulation path has strayed from int3(9, 13, -12) to int3(7, 13, -14), searching for a correction
Large serverTick prediction error. Server tick rollback to Unity.NetCode.NetworkTick delta: -10.59125
UnityEngine.DebugLogHandler:Internal_Log(LogType, LogOption, String, Object)
UnityEngine.DebugLogHandler:LogFormat(LogType, Object, String, Object[])
UnityEngine.Logger:Log(LogType, Object)
UnityEngine.Debug:LogError(Object)
Unity.Logging.Sinks.ManagedUnityEngineDebugLogWrapper:WriteFunc(LogLevel, Byte*, Int32)

ClientWorld player simulation path has strayed from int3(7, 13, -13) to int3(10, 13, -13), searching for a correction
ClientWorld player simulation path has strayed from int3(8, 13, -13) to int3(13, 13, -13), searching for a correction
Large serverTick prediction error. Server tick rollback to Unity.NetCode.NetworkTick delta: -10.75375
UnityEngine.DebugLogHandler:Internal_Log(LogType, LogOption, String, Object)
UnityEngine.DebugLogHandler:LogFormat(LogType, Object, String, Object[])
UnityEngine.Logger:Log(LogType, Object)
UnityEngine.Debug:LogError(Object)
Unity.Logging.Sinks.ManagedUnityEngineDebugLogWrapper:WriteFunc(LogLevel, Byte*, Int32)

ClientWorld player simulation path has strayed from int3(7, 13, -13) to int3(13, 13, -13), searching for a correction
Large serverTick prediction error. Server tick rollback to Unity.NetCode.NetworkTick delta: -10.49911
UnityEngine.DebugLogHandler:Internal_Log(LogType, LogOption, String, Object)
UnityEngine.DebugLogHandler:LogFormat(LogType, Object, String, Object[])
UnityEngine.Logger:Log(LogType, Object)
UnityEngine.Debug:LogError(Object)
Unity.Logging.Sinks.ManagedUnityEngineDebugLogWrapper:WriteFunc(LogLevel, Byte*, Int32)

ClientWorld player simulation path has strayed from int3(12, 13, -13) to int3(8, 13, -14), searching for a correction
ClientWorld player simulation path has strayed from int3(11, 13, -13) to int3(7, 13, -14), searching for a correction
Large serverTick prediction error. Server tick rollback to Unity.NetCode.NetworkTick delta: -10.3268
UnityEngine.DebugLogHandler:Internal_Log(LogType, LogOption, String, Object)
UnityEngine.DebugLogHandler:LogFormat(LogType, Object, String, Object[])
UnityEngine.Logger:Log(LogType, Object)
UnityEngine.Debug:LogError(Object)
Unity.Logging.Sinks.ManagedUnityEngineDebugLogWrapper:WriteFunc(LogLevel, Byte*, Int32)

Large serverTick prediction error. Server tick rollback to Unity.NetCode.NetworkTick delta: -10.46177
UnityEngine.DebugLogHandler:Internal_Log(LogType, LogOption, String, Object)
UnityEngine.DebugLogHandler:LogFormat(LogType, Object, String, Object[])
UnityEngine.Logger:Log(LogType, Object)
UnityEngine.Debug:LogError(Object)
Unity.Logging.Sinks.ManagedUnityEngineDebugLogWrapper:WriteFunc(LogLevel, Byte*, Int32)

ClientWorld player simulation path has strayed from int3(8, 13, -13) to int3(5, 13, -14), searching for a correction
Large serverTick prediction error. Server tick rollback to Unity.NetCode.NetworkTick delta: -17.5043
UnityEngine.DebugLogHandler:Internal_Log(LogType, LogOption, String, Object)
UnityEngine.DebugLogHandler:LogFormat(LogType, Object, String, Object[])
UnityEngine.Logger:Log(LogType, Object)
UnityEngine.Debug:LogError(Object)
Unity.Logging.Sinks.ManagedUnityEngineDebugLogWrapper:WriteFunc(LogLevel, Byte*, Int32)

Large serverTick prediction error. Server tick rollback to Unity.NetCode.NetworkTick delta: -13.5371
UnityEngine.DebugLogHandler:Internal_Log(LogType, LogOption, String, Object)
UnityEngine.DebugLogHandler:LogFormat(LogType, Object, String, Object[])
UnityEngine.Logger:Log(LogType, Object)
UnityEngine.Debug:LogError(Object)
Unity.Logging.Sinks.ManagedUnityEngineDebugLogWrapper:WriteFunc(LogLevel, Byte*, Int32)

ClientWorld player simulation path has strayed from int3(7, 13, -13) to int3(5, 13, -15), searching for a correction
Large serverTick prediction error. Server tick rollback to Unity.NetCode.NetworkTick delta: -12.23625
UnityEngine.DebugLogHandler:Internal_Log(LogType, LogOption, String, Object)
UnityEngine.DebugLogHandler:LogFormat(LogType, Object, String, Object[])
UnityEngine.Logger:Log(LogType, Object)
UnityEngine.Debug:LogError(Object)
Unity.Logging.Sinks.ManagedUnityEngineDebugLogWrapper:WriteFunc(LogLevel, Byte*, Int32)

ClientWorld player simulation path has strayed from int3(5, 13, -14) to int3(10, 13, -16), searching for a correction
Large serverTick prediction error. Server tick rollback to Unity.NetCode.NetworkTick delta: -11.74919
UnityEngine.DebugLogHandler:Internal_Log(LogType, LogOption, String, Object)
UnityEngine.DebugLogHandler:LogFormat(LogType, Object, String, Object[])
UnityEngine.Logger:Log(LogType, Object)
UnityEngine.Debug:LogError(Object)
Unity.Logging.Sinks.ManagedUnityEngineDebugLogWrapper:WriteFunc(LogLevel, Byte*, Int32)

ClientWorld player simulation path has strayed from int3(7, 13, -15) to int3(10, 13, -18), searching for a correction
Large serverTick prediction error. Server tick rollback to Unity.NetCode.NetworkTick delta: -10.09996
UnityEngine.DebugLogHandler:Internal_Log(LogType, LogOption, String, Object)
UnityEngine.DebugLogHandler:LogFormat(LogType, Object, String, Object[])
UnityEngine.Logger:Log(LogType, Object)
UnityEngine.Debug:LogError(Object)
Unity.Logging.Sinks.ManagedUnityEngineDebugLogWrapper:WriteFunc(LogLevel, Byte*, Int32)

ClientWorld player simulation path has strayed from int3(8, 13, -16) to int3(11, 13, -16), searching for a correction
Large serverTick prediction error. Server tick rollback to Unity.NetCode.NetworkTick delta: -10.71333
UnityEngine.DebugLogHandler:Internal_Log(LogType, LogOption, String, Object)
UnityEngine.DebugLogHandler:LogFormat(LogType, Object, String, Object[])
UnityEngine.Logger:Log(LogType, Object)
UnityEngine.Debug:LogError(Object)
Unity.Logging.Sinks.ManagedUnityEngineDebugLogWrapper:WriteFunc(LogLevel, Byte*, Int32)

Large serverTick prediction error. Server tick rollback to Unity.NetCode.NetworkTick delta: -11.9638
UnityEngine.DebugLogHandler:Internal_Log(LogType, LogOption, String, Object)
UnityEngine.DebugLogHandler:LogFormat(LogType, Object, String, Object[])
UnityEngine.Logger:Log(LogType, Object)
UnityEngine.Debug:LogError(Object)
Unity.Logging.Sinks.ManagedUnityEngineDebugLogWrapper:WriteFunc(LogLevel, Byte*, Int32)

Large serverTick prediction error. Server tick rollback to Unity.NetCode.NetworkTick delta: -12.6266
UnityEngine.DebugLogHandler:Internal_Log(LogType, LogOption, String, Object)
UnityEngine.DebugLogHandler:LogFormat(LogType, Object, String, Object[])
UnityEngine.Logger:Log(LogType, Object)
UnityEngine.Debug:LogError(Object)
Unity.Logging.Sinks.ManagedUnityEngineDebugLogWrapper:WriteFunc(LogLevel, Byte*, Int32)

Large serverTick prediction error. Server tick rollback to Unity.NetCode.NetworkTick delta: -10.94778
UnityEngine.DebugLogHandler:Internal_Log(LogType, LogOption, String, Object)
UnityEngine.DebugLogHandler:LogFormat(LogType, Object, String, Object[])
UnityEngine.Logger:Log(LogType, Object)
UnityEngine.Debug:LogError(Object)
Unity.Logging.Sinks.ManagedUnityEngineDebugLogWrapper:WriteFunc(LogLevel, Byte*, Int32)

ClientWorld player simulation path has strayed from int3(9, 13, -14) to int3(7, 13, -12), searching for a correction
Large serverTick prediction error. Server tick rollback to Unity.NetCode.NetworkTick delta: -13.42957
UnityEngine.DebugLogHandler:Internal_Log(LogType, LogOption, String, Object)
UnityEngine.DebugLogHandler:LogFormat(LogType, Object, String, Object[])
UnityEngine.Logger:Log(LogType, Object)
UnityEngine.Debug:LogError(Object)
Unity.Logging.Sinks.ManagedUnityEngineDebugLogWrapper:WriteFunc(LogLevel, Byte*, Int32)

ClientWorld player simulation path has strayed from int3(7, 13, -13) to int3(7, 13, -8), searching for a correction
Large serverTick prediction error. Server tick rollback to Unity.NetCode.NetworkTick delta: -10.4208
UnityEngine.DebugLogHandler:Internal_Log(LogType, LogOption, String, Object)
UnityEngine.DebugLogHandler:LogFormat(LogType, Object, String, Object[])
UnityEngine.Logger:Log(LogType, Object)
UnityEngine.Debug:LogError(Object)
Unity.Logging.Sinks.ManagedUnityEngineDebugLogWrapper:WriteFunc(LogLevel, Byte*, Int32)

Large serverTick prediction error. Server tick rollback to Unity.NetCode.NetworkTick delta: -11.41273
UnityEngine.DebugLogHandler:Internal_Log(LogType, LogOption, String, Object)
UnityEngine.DebugLogHandler:LogFormat(LogType, Object, String, Object[])
UnityEngine.Logger:Log(LogType, Object)
UnityEngine.Debug:LogError(Object)
Unity.Logging.Sinks.ManagedUnityEngineDebugLogWrapper:WriteFunc(LogLevel, Byte*, Int32)

ClientWorld player simulation path has strayed from int3(8, 13, -14) to int3(8, 13, -8), searching for a correction
ClientWorld player simulation path has strayed from int3(8, 13, -9) to int3(8, 13, -13), searching for a correction
ClientWorld player simulation path has strayed from int3(8, 13, -11) to int3(8, 13, -8), searching for a correction
ClientWorld player simulation path has strayed from int3(8, 13, -9) to int3(8, 13, -12), searching for a correction
Large serverTick prediction error. Server tick rollback to Unity.NetCode.NetworkTick delta: -15.56785
UnityEngine.DebugLogHandler:Internal_Log(LogType, LogOption, String, Object)
UnityEngine.DebugLogHandler:LogFormat(LogType, Object, String, Object[])
UnityEngine.Logger:Log(LogType, Object)
UnityEngine.Debug:LogError(Object)
Unity.Logging.Sinks.ManagedUnityEngineDebugLogWrapper:WriteFunc(LogLevel, Byte*, Int32)

ClientWorld player simulation path has strayed from int3(8, 13, -11) to int3(12, 13, -9), searching for a correction
ClientWorld player simulation path has strayed from int3(11, 13, -9) to int3(11, 13, -12), searching for a correction
Large serverTick prediction error. Server tick rollback to Unity.NetCode.NetworkTick delta: -10.91378
UnityEngine.DebugLogHandler:Internal_Log(LogType, LogOption, String, Object)
UnityEngine.DebugLogHandler:LogFormat(LogType, Object, String, Object[])
UnityEngine.Logger:Log(LogType, Object)
UnityEngine.Debug:LogError(Object)
Unity.Logging.Sinks.ManagedUnityEngineDebugLogWrapper:WriteFunc(LogLevel, Byte*, Int32)

ClientWorld player simulation path has strayed from int3(10, 13, -10) to int3(12, 13, -13), searching for a correction
ClientWorld player simulation path has strayed from int3(12, 13, -12) to int3(10, 13, -10), searching for a correction
Large serverTick prediction error. Server tick rollback to Unity.NetCode.NetworkTick delta: -10.45406
UnityEngine.DebugLogHandler:Internal_Log(LogType, LogOption, String, Object)
UnityEngine.DebugLogHandler:LogFormat(LogType, Object, String, Object[])
UnityEngine.Logger:Log(LogType, Object)
UnityEngine.Debug:LogError(Object)
Unity.Logging.Sinks.ManagedUnityEngineDebugLogWrapper:WriteFunc(LogLevel, Byte*, Int32)

ClientWorld player simulation path has strayed from int3(8, 13, -10) to int3(12, 13, -14), searching for a correction
Large serverTick prediction error. Server tick rollback to Unity.NetCode.NetworkTick delta: -10.413
UnityEngine.DebugLogHandler:Internal_Log(LogType, LogOption, String, Object)
UnityEngine.DebugLogHandler:LogFormat(LogType, Object, String, Object[])
UnityEngine.Logger:Log(LogType, Object)
UnityEngine.Debug:LogError(Object)
Unity.Logging.Sinks.ManagedUnityEngineDebugLogWrapper:WriteFunc(LogLevel, Byte*, Int32)

Large serverTick prediction error. Server tick rollback to Unity.NetCode.NetworkTick delta: -15.69501
UnityEngine.DebugLogHandler:Internal_Log(LogType, LogOption, String, Object)
UnityEngine.DebugLogHandler:LogFormat(LogType, Object, String, Object[])
UnityEngine.Logger:Log(LogType, Object)
UnityEngine.Debug:LogError(Object)
Unity.Logging.Sinks.ManagedUnityEngineDebugLogWrapper:WriteFunc(LogLevel, Byte*, Int32)

ClientWorld player simulation reached target int3(4, 13, -10)
Player simulation searching for path from float3(4.515371f, 13.1f, -9.643746f) = int3(4, 13, -10) to int3(-15, 13, -9)
ClientWorld player simulation set new target int3(-15, 13, -9)
[11:51:42.2998730]:[ClientWorld] Connection disconnected ID:60 Reason:Timeout
Caught fatal signal - signo:15 code:0 errno:0 addr:0x15020008bb88
Obtained 18 stack frames.
#0  0x007fa969fa19c9 in PlayerMain(int, char**)
#1  0x007fa969f964b7 in (Unknown)
#2  0x007fa967cfec20 in funlockfile
#3  0x007fa90546a970 in GC_mark_from
#4  0x007fa905466339 in GC_mark_some
#5  0x007fa9054654cd in GC_stopped_mark
#6  0x007fa905464b2c in GC_maybe_gc
#7  0x007fa905466117 in GC_collect_a_little_inner
#8  0x007fa905464a75 in GC_collect_a_little
#9  0x007fa969ee1088 in (Unknown)
#10 0x007fa969ee117e in (Unknown)
#11 0x007fa969a2c373 in (Unknown)
#12 0x007fa969a19247 in (Unknown)
#13 0x007fa969a19201 in (Unknown)
#14 0x007fa969a19570 in (Unknown)
#15 0x007fa969f98077 in PlayerMain(int, char**)
#16 0x007fa96794a493 in __libc_start_main
#17 0x00000000201029 in _start
Setting up 12 worker threads for Enlighten.
Calling DomainUnloadOrPlayModeChangeShutdown!
Writing stats to file
Caught fatal signal - signo:11 code:1 errno:0 addr:0x48
Obtained 25 stack frames.
#0  0x007fa969fa19c9 in PlayerMain(int, char**)
#1  0x007fa969f964b7 in (Unknown)
#2  0x007fa967cfec20 in funlockfile
#3  0x007fa969959ff3 in (Unknown)
#4  0x007fa96995a671 in (Unknown)
#5  0x007fa96993ae7a in (Unknown)
#6  0x007fa96a33642e in PlayerMain(int, char**)
#7  0x007fa9692e8426 in (Unknown)
#8  0x007fa90a4c4320 in ContentLoadInterface_ContentFile_UnloadAsync_Injected_mBD2F1D561285B0DE37DCDA4DEA75931201B5E680
#9  0x007fa90a4c378f in ContentLoadInterface_ContentFile_UnloadAsync_m197A3C60564D4E9F9049BAD57B46FB404A8F17BD
#10 0x007fa90a4c3635 in ContentFile_UnloadAsync_mF35518E83FCF4C1701AF2C6CEBF7E507490481D6
#11 0x007fa90973b56a in RuntimeContentManager_ReleaseFile_m12EDB377B39EF4D01B3268E711303D79747A4F4C
#12 0x007fa90973945c in RuntimeContentManager_ReleaseObjectImpl_m84E24B7727CAA367D95ABC97FC529A5594840414
#13 0x007fa909737ae8 in RuntimeContentManager_Cleanup_m6436DF58ED05204D0A7DFACFB212018BD6B813FD
#14 0x007fa909738f38 in RuntimeContentManager_OnShutdown_m09B1F0AD37BE7168472DDB84F55C43F02CD40113
#15 0x007fa905234e76 in EventHandler_Invoke_m9D3126CBE291A3E7E7C304094E1DA846832F9B96_Multicast(EventHandler_tC6323FD7E6163F965259C33D72612C0E5B9BAB82*, Il2CppObject*, EventArgs_t37273F03EAC87217701DD431B190FBD84AD7C377*, MethodInfo const*)
#16 0x007fa908ba67b0 in EventHandler_Invoke_m9D3126CBE291A3E7E7C304094E1DA846832F9B96
#17 0x007fa9053df073 in il2cpp::vm::Runtime::InvokeWithThrow(MethodInfo const*, void*, void**)
#18 0x007fa9053defdb in il2cpp::vm::Runtime::Invoke(MethodInfo const*, void*, void**, Il2CppException**)
#19 0x007fa9053deb1c in il2cpp::vm::Runtime::Shutdown()
#20 0x007fa969eeff56 in (Unknown)
#21 0x007fa969a2b658 in (Unknown)
#22 0x007fa969f97ee6 in PlayerMain(int, char**)
#23 0x007fa96794a493 in __libc_start_main
#24 0x00000000201029 in _start
