[UnityMemory] Configuration Parameters - Can be set up in boot.config
    "memorysetup-bucket-allocator-granularity=16"
    "memorysetup-bucket-allocator-bucket-count=8"
    "memorysetup-bucket-allocator-block-size=4194304"
    "memorysetup-bucket-allocator-block-count=1"
    "memorysetup-main-allocator-block-size=16777216"
    "memorysetup-thread-allocator-block-size=16777216"
    "memorysetup-gfx-main-allocator-block-size=16777216"
    "memorysetup-gfx-thread-allocator-block-size=16777216"
    "memorysetup-cache-allocator-block-size=4194304"
    "memorysetup-typetree-allocator-block-size=2097152"
    "memorysetup-profiler-bucket-allocator-granularity=16"
    "memorysetup-profiler-bucket-allocator-bucket-count=8"
    "memorysetup-profiler-bucket-allocator-block-size=4194304"
    "memorysetup-profiler-bucket-allocator-block-count=1"
    "memorysetup-profiler-allocator-block-size=16777216"
    "memorysetup-profiler-editor-allocator-block-size=1048576"
    "memorysetup-temp-allocator-size-main=4194304"
    "memorysetup-job-temp-allocator-block-size=2097152"
    "memorysetup-job-temp-allocator-block-size-background=1048576"
    "memorysetup-job-temp-allocator-reduction-small-platforms=262144"
    "memorysetup-allocator-temp-initial-block-size-main=262144"
    "memorysetup-allocator-temp-initial-block-size-worker=262144"
    "memorysetup-temp-allocator-size-background-worker=32768"
    "memorysetup-temp-allocator-size-job-worker=262144"
    "memorysetup-temp-allocator-size-preload-manager=262144"
    "memorysetup-temp-allocator-size-nav-mesh-worker=65536"
    "memorysetup-temp-allocator-size-audio-worker=65536"
    "memorysetup-temp-allocator-size-cloud-worker=32768"
    "memorysetup-temp-allocator-size-gfx=262144"
Remaining time:29s
Found 2 interfaces on host : 0) 10.141.0.12 1) 10.149.0.12
Player connection [139856706420608] Multi-casting "[IP] 10.141.0.12 [Port] 55016 [Flags] 19 [Guid] 1891709222 [EditorId] 3988235067 [Version] 1048832 [Id] LinuxPlayer(13,10.141.0.12) [Debug] 0 [PackageName] LinuxPlayer [ProjectName] Opencraft" to [225.0.0.222:54997]...

Direct connection to host time out.
Stopping profiler. Profiler is not able to flush data to a file or socket and exceeded maximum allowed memory for buffering.
Please use Profiler.maxUsedMemory API or -profiler-maxusedmemory command line parameter to increase maximum allowed memory usage.
Using 134234112 bytes while Profiler.maxUsedMemory is 134217728 bytes.
Failed to initialize networking layer after 30 seconds, skipping waiting for connection before starting playback.
Preloaded 'lib_burst_generated.so'
Preloaded 'libwebrtc.so'
[Physics::Module] Initialized MultithreadedJobDispatcher with 47 workers.
Initialize engine version: 2022.3.16f1 (d2c21f0ef2f1)
[Subsystems] Discovering subsystems at path /var/scratch/zmr280/opencraft/opencraft_Data/UnitySubsystems
Forcing GfxDevice: Null
GfxDevice: creating device client; threaded=0; jobified=0
NullGfxDevice:
    Version:  NULL 1.0 [1.0]
    Renderer: Null Device
    Vendor:   Unity Technologies
ERROR: Shader Hidden/Universal Render Pipeline/Blit shader is not supported on this GPU (none of subshaders/fallbacks are suitable)
ERROR: Shader Hidden/Universal Render Pipeline/CopyDepth shader is not supported on this GPU (none of subshaders/fallbacks are suitable)
ERROR: Shader Hidden/Universal Render Pipeline/Sampling shader is not supported on this GPU (none of subshaders/fallbacks are suitable)
ERROR: Shader Hidden/Universal Render Pipeline/LutBuilderLdr shader is not supported on this GPU (none of subshaders/fallbacks are suitable)
ERROR: Shader Hidden/Universal Render Pipeline/LutBuilderHdr shader is not supported on this GPU (none of subshaders/fallbacks are suitable)
ERROR: Shader Hidden/Universal Render Pipeline/UberPost shader is not supported on this GPU (none of subshaders/fallbacks are suitable)
ERROR: Shader Hidden/Universal Render Pipeline/Debug/DebugReplacement shader is not supported on this GPU (none of subshaders/fallbacks are suitable)
ERROR: Shader Hidden/Universal/HDRDebugView shader is not supported on this GPU (none of subshaders/fallbacks are suitable)
WARNING: Shader Unsupported: 'Hidden/Universal Render Pipeline/FallbackError' - All subshaders removed
WARNING: Shader Did you use #pragma only_renderers and omit this platform?
WARNING: Shader If subshaders removal was intentional, you may have forgotten turning Fallback off?
ERROR: Shader Hidden/Universal Render Pipeline/FallbackError shader is not supported on this GPU (none of subshaders/fallbacks are suitable)
WARNING: Shader Unsupported: 'Hidden/Universal Render Pipeline/FallbackError' - All subshaders removed
WARNING: Shader Did you use #pragma only_renderers and omit this platform?
WARNING: Shader If subshaders removal was intentional, you may have forgotten turning Fallback off?
WARNING: Shader Unsupported: 'Hidden/Universal Render Pipeline/StencilDeferred' - All subshaders removed
WARNING: Shader Did you use #pragma only_renderers and omit this platform?
WARNING: Shader If subshaders removal was intentional, you may have forgotten turning Fallback off?
ERROR: Shader Hidden/Universal Render Pipeline/StencilDeferred shader is not supported on this GPU (none of subshaders/fallbacks are suitable)
WARNING: Shader Unsupported: 'Hidden/Universal Render Pipeline/StencilDeferred' - All subshaders removed
WARNING: Shader Did you use #pragma only_renderers and omit this platform?
WARNING: Shader If subshaders removal was intentional, you may have forgotten turning Fallback off?
ERROR: Shader Hidden/Universal Render Pipeline/CameraMotionVectors shader is not supported on this GPU (none of subshaders/fallbacks are suitable)
ERROR: Shader Hidden/Universal Render Pipeline/ObjectMotionVectors shader is not supported on this GPU (none of subshaders/fallbacks are suitable)
ERROR: Shader Hidden/Universal Render Pipeline/LensFlareDataDriven shader is not supported on this GPU (none of subshaders/fallbacks are suitable)
ERROR: Shader Hidden/Universal Render Pipeline/ScreenSpaceAmbientOcclusion shader is not supported on this GPU (none of subshaders/fallbacks are suitable)
ERROR: Shader Hidden/Universal Render Pipeline/Stop NaN shader is not supported on this GPU (none of subshaders/fallbacks are suitable)
ERROR: Shader Hidden/Universal Render Pipeline/SubpixelMorphologicalAntialiasing shader is not supported on this GPU (none of subshaders/fallbacks are suitable)
ERROR: Shader Hidden/Universal Render Pipeline/TemporalAA shader is not supported on this GPU (none of subshaders/fallbacks are suitable)
ERROR: Shader Hidden/Universal Render Pipeline/Scaling Setup shader is not supported on this GPU (none of subshaders/fallbacks are suitable)
ERROR: Shader Hidden/Universal Render Pipeline/Edge Adaptive Spatial Upsampling shader is not supported on this GPU (none of subshaders/fallbacks are suitable)
ERROR: Shader Hidden/Universal Render Pipeline/FinalPost shader is not supported on this GPU (none of subshaders/fallbacks are suitable)
ERROR: Shader Sprites/Default shader is not supported on this GPU (none of subshaders/fallbacks are suitable)
ERROR: Shader Sprites/Mask shader is not supported on this GPU (none of subshaders/fallbacks are suitable)
ERROR: Shader GUI/Text Shader shader is not supported on this GPU (none of subshaders/fallbacks are suitable)
UnloadTime: 2.620704 ms
Parsing args: /var/scratch/zmr280/opencraft/opencraft.x86_64, -batchmode, -nographics, -logStats, True, -serverUrl, 10.141.0.1, -statsFile, /var/scratch/zmr280/runs/pareto-activeLogic_5-Layer_7x_6z_200p_120s/opencraft_stats/client185.csv, -userID, 185, -playType, Client, -emulationType, Simulation
Setting up worlds with playType Client and streaming role Disabled
Adding type with UniqueSystemAttribute: StatisticsSystem
Adding type with UniqueSystemAttribute: StatisticsSystem
Failed to create websocket: System.Net.Sockets.SocketException (0x80004005): Address already in use
  at System.Net.Sockets.Socket.Bind (System.Net.EndPoint localEP) [0x00000] in <00000000000000000000000000000000>:0 
  at Unity.NetCode.DebugWebSocket..ctor (System.UInt16 port) [0x00000] in <00000000000000000000000000000000>:0 
  at Unity.NetCode.GhostStatsConnection..ctor () [0x00000] in <00000000000000000000000000000000>:0 
  at Unity.NetCode.GhostStatsFlushSystem.OnCreate () [0x00000] in <00000000000000000000000000000000>:0 
  at Unity.Entities.ComponentSystemBase.CreateInstance (Unity.Entities.World world) [0x00000] in <00000000000000000000000000000000>:0 
  at Unity.Entities.World.AddSystem_OnCreate_Internal (Unity.Entities.ComponentSystemBase system) [0x00000] in <00000000000000000000000000000000>:0 
  at Unity.Entities.World.GetOrCreateSystemsAndLogException (Unity.Collections.NativeList`1[T] types, System.Int32 typesCount, Unity.Collections.AllocatorManager+AllocatorHandle allocator) [0x00000] in <00000000000000000000000000000000>:0 
  at Unity.Entities.World.GetOrCreateSystemsAndLogException (Unity.Collections.NativeList`1[T] types, Unity.Collections.AllocatorManager+AllocatorHandle allocator) [0x00000] in <00000000000000000000000000000000>:0 
  at Unity.Entities.DefaultWorldInitialization.AddSystemToRootLevelSystemGroupsInternal[T] (Unity.Entities.World world, Unity.Collections.NativeList`1[T] systemTypesOrig, Unity.Entities.ComponentSystemGroup defaultGroup, T rootGroups) [0x00000] in <00000000000000000000000000000000>:0 
  at Unity.Entities.DefaultWorldInitialization.AddSystemToRootLevelSystemGroupsInternal (Unity.Entities.World world, Unity.Collections.NativeList`1[T] systemTypesOrig) [0x00000] in <00000000000000000000000000000000>:0 
  at Unity.Entities.DefaultWorldInitialization.AddSystemsToRootLevelSystemGroups (Unity.Entities.World world, System.Collections.Generic.IReadOnlyList`1[T] systemTypes) [0x00000] in <00000000000000000000000000000000>:0 
  at PolkaDOTS.Bootstrap.GameBootstrap.CreateClientWorld (System.String name, Unity.Entities.WorldFlags flags, System.Collections.Generic.IReadOnlyList`1[T] systems) [0x00000] in <00000000000000000000000000000000>:0 
  at PolkaDOTS.Bootstrap.GameBootstrap.CreateDefaultClientWorld (System.String worldName, System.Boolean isHost, System.Boolean isCloudHost) [0x00000] in <00000000000000000000000000000000>:0 
  at PolkaDOTS.Bootstrap.GameBootstrap.SetupWorlds (PolkaDOTS.Deployment.MultiplayStreamingRoles mRole, PolkaDOTS.Bootstrap.GameBootstrap+BootstrapPlayTypes playTypes, Unity.Collections.NativeList`1[Unity.Entities.WorldUnmanaged]& worldReferences, System.Int32 numSimulatedClients, System.Boolean autoStart, System.Boolean autoConnect, System.String serverUrl, System.UInt16 serverPort, System.String signalingUrl, System.String worldName) [0x00000] in <00000000000000000000000000000000>:0 
  at PolkaDOTS.Bootstrap.GameBootstrap.SetupWorldsFromLocalConfig () [0x00000] in <00000000000000000000000000000000>:0 
  at PolkaDOTS.Bootstrap.GameBootstrap.Initialize (System.String defaultWorldName) [0x00000] in <00000000000000000000000000000000>:0 
  at Unity.Entities.CustomWorldInitialization.Initialize (System.String defaultWorldName, System.Boolean editorWorld) [0x00000] in <00000000000000000000000000000000>:0 
  at Unity.Entities.CustomAutomaticWorldBootstrap.Initialize () [0x00000] in <00000000000000000000000000000000>:0 
UnityEngine.DebugLogHandler:Internal_Log(LogType, LogOption, String, Object)
UnityEngine.DebugLogHandler:LogFormat(LogType, Object, String, Object[])
UnityEngine.Logger:Log(LogType, Object)
UnityEngine.Debug:LogError(Object)
Unity.NetCode.DebugWebSocket:.ctor(UInt16)
Unity.NetCode.GhostStatsConnection:.ctor()
Unity.NetCode.GhostStatsFlushSystem:OnCreate()
Unity.Entities.ComponentSystemBase:CreateInstance(World)
Unity.Entities.World:AddSystem_OnCreate_Internal(ComponentSystemBase)
Unity.Entities.World:GetOrCreateSystemsAndLogException(NativeList`1, Int32, AllocatorHandle)
Unity.Entities.World:GetOrCreateSystemsAndLogException(NativeList`1, AllocatorHandle)
Unity.Entities.DefaultWorldInitialization:AddSystemToRootLevelSystemGroupsInternal(World, NativeList`1, ComponentSystemGroup, T)
Unity.Entities.DefaultWorldInitialization:AddSystemToRootLevelSystemGroupsInternal(World, NativeList`1)
Unity.Entities.DefaultWorldInitialization:AddSystemsToRootLevelSystemGroups(World, IReadOnlyList`1)
PolkaDOTS.Bootstrap.GameBootstrap:CreateClientWorld(String, WorldFlags, IReadOnlyList`1)
PolkaDOTS.Bootstrap.GameBootstrap:CreateDefaultClientWorld(String, Boolean, Boolean)
PolkaDOTS.Bootstrap.GameBootstrap:SetupWorlds(MultiplayStreamingRoles, BootstrapPlayTypes, NativeList`1&, Int32, Boolean, Boolean, String, UInt16, String, String)
PolkaDOTS.Bootstrap.GameBootstrap:SetupWorldsFromLocalConfig()
PolkaDOTS.Bootstrap.GameBootstrap:Initialize(String)
Unity.Entities.CustomWorldInitialization:Initialize(String, Boolean)
Unity.Entities.CustomAutomaticWorldBootstrap:Initialize()

Adding world ClientWorld to update list
Connecting worlds with playType Client and streaming role Disabled
Created connection request for 10.141.0.1:7979
Creating statistics writer!
Recorder [ServerFixedUpdate] is invalid!
UnityEngine.DebugLogHandler:Internal_Log(LogType, LogOption, String, Object)
UnityEngine.DebugLogHandler:LogFormat(LogType, Object, String, Object[])
UnityEngine.Logger:Log(LogType, Object)
UnityEngine.Debug:LogWarning(Object)
PolkaDOTS.Statistics.StatisticsWriter:.ctor()
PolkaDOTS.Statistics.StatisticsWriterInstance:Awake()

Recorder [TerrainGeneration] is invalid!
UnityEngine.DebugLogHandler:Internal_Log(LogType, LogOption, String, Object)
UnityEngine.DebugLogHandler:LogFormat(LogType, Object, String, Object[])
UnityEngine.Logger:Log(LogType, Object)
UnityEngine.Debug:LogWarning(Object)
PolkaDOTS.Statistics.StatisticsWriter:.ctor()
PolkaDOTS.Statistics.StatisticsWriterInstance:Awake()

Recorder [PlayerTerrainGenCheck] is invalid!
UnityEngine.DebugLogHandler:Internal_Log(LogType, LogOption, String, Object)
UnityEngine.DebugLogHandler:LogFormat(LogType, Object, String, Object[])
UnityEngine.Logger:Log(LogType, Object)
UnityEngine.Debug:LogWarning(Object)
PolkaDOTS.Statistics.StatisticsWriter:.ctor()
PolkaDOTS.Statistics.StatisticsWriterInstance:Awake()

Recorder [StructureGeneration] is invalid!
UnityEngine.DebugLogHandler:Internal_Log(LogType, LogOption, String, Object)
UnityEngine.DebugLogHandler:LogFormat(LogType, Object, String, Object[])
UnityEngine.Logger:Log(LogType, Object)
UnityEngine.Debug:LogWarning(Object)
PolkaDOTS.Statistics.StatisticsWriter:.ctor()
PolkaDOTS.Statistics.StatisticsWriterInstance:Awake()

Recorder [TerrainLogicSystem] is invalid!
UnityEngine.DebugLogHandler:Internal_Log(LogType, LogOption, String, Object)
UnityEngine.DebugLogHandler:LogFormat(LogType, Object, String, Object[])
UnityEngine.Logger:Log(LogType, Object)
UnityEngine.Debug:LogWarning(Object)
PolkaDOTS.Statistics.StatisticsWriter:.ctor()
PolkaDOTS.Statistics.StatisticsWriterInstance:Awake()

Recorder [GetUpdates] is invalid!
UnityEngine.DebugLogHandler:Internal_Log(LogType, LogOption, String, Object)
UnityEngine.DebugLogHandler:LogFormat(LogType, Object, String, Object[])
UnityEngine.Logger:Log(LogType, Object)
UnityEngine.Debug:LogWarning(Object)
PolkaDOTS.Statistics.StatisticsWriter:.ctor()
PolkaDOTS.Statistics.StatisticsWriterInstance:Awake()

Recorder [ReevaluatePropagateMarker] is invalid!
UnityEngine.DebugLogHandler:Internal_Log(LogType, LogOption, String, Object)
UnityEngine.DebugLogHandler:LogFormat(LogType, Object, String, Object[])
UnityEngine.Logger:Log(LogType, Object)
UnityEngine.Debug:LogWarning(Object)
PolkaDOTS.Statistics.StatisticsWriter:.ctor()
PolkaDOTS.Statistics.StatisticsWriterInstance:Awake()

Recorder [PropagateLogicState] is invalid!
UnityEngine.DebugLogHandler:Internal_Log(LogType, LogOption, String, Object)
UnityEngine.DebugLogHandler:LogFormat(LogType, Object, String, Object[])
UnityEngine.Logger:Log(LogType, Object)
UnityEngine.Debug:LogWarning(Object)
PolkaDOTS.Statistics.StatisticsWriter:.ctor()
PolkaDOTS.Statistics.StatisticsWriterInstance:Awake()

Recorder [PropInputBlocks] is invalid!
UnityEngine.DebugLogHandler:Internal_Log(LogType, LogOption, String, Object)
UnityEngine.DebugLogHandler:LogFormat(LogType, Object, String, Object[])
UnityEngine.Logger:Log(LogType, Object)
UnityEngine.Debug:LogWarning(Object)
PolkaDOTS.Statistics.StatisticsWriter:.ctor()
PolkaDOTS.Statistics.StatisticsWriterInstance:Awake()

Recorder [PropActiveLogicBlocks] is invalid!
UnityEngine.DebugLogHandler:Internal_Log(LogType, LogOption, String, Object)
UnityEngine.DebugLogHandler:LogFormat(LogType, Object, String, Object[])
UnityEngine.Logger:Log(LogType, Object)
UnityEngine.Debug:LogWarning(Object)
PolkaDOTS.Statistics.StatisticsWriter:.ctor()
PolkaDOTS.Statistics.StatisticsWriterInstance:Awake()

Recorder [CheckGateState] is invalid!
UnityEngine.DebugLogHandler:Internal_Log(LogType, LogOption, String, Object)
UnityEngine.DebugLogHandler:LogFormat(LogType, Object, String, Object[])
UnityEngine.Logger:Log(LogType, Object)
UnityEngine.Debug:LogWarning(Object)
PolkaDOTS.Statistics.StatisticsWriter:.ctor()
PolkaDOTS.Statistics.StatisticsWriterInstance:Awake()

Recorder [GhostSimulationSystemGroup] is invalid!
UnityEngine.DebugLogHandler:Internal_Log(LogType, LogOption, String, Object)
UnityEngine.DebugLogHandler:LogFormat(LogType, Object, String, Object[])
UnityEngine.Logger:Log(LogType, Object)
UnityEngine.Debug:LogWarning(Object)
PolkaDOTS.Statistics.StatisticsWriter:.ctor()
PolkaDOTS.Statistics.StatisticsWriterInstance:Awake()

Recorder [PredictedSimulationSystemGroup] is invalid!
UnityEngine.DebugLogHandler:Internal_Log(LogType, LogOption, String, Object)
UnityEngine.DebugLogHandler:LogFormat(LogType, Object, String, Object[])
UnityEngine.Logger:Log(LogType, Object)
UnityEngine.Debug:LogWarning(Object)
PolkaDOTS.Statistics.StatisticsWriter:.ctor()
PolkaDOTS.Statistics.StatisticsWriterInstance:Awake()

Initializing multiplay!
Found non-specified codec: VP8 Internal video/VP8 implementation_name=Internal
Found codec: VP9 Profile0
Found codec: VP9 Profile2
Found codec: VP9 Profile1
Found codec: VP9 Profile3
Found codec: AV1 Profile0
Found codec: AV1 Profile1
Could not find H264.High as streaming codec!
Adding terrain areas statistics recorders
Streamed scene with   48ms latency from /var/scratch/zmr280/opencraft/opencraft_Data/StreamingAssets/EntityScenes/bea83102298cfb741939cdba85abe535.0.entities
AutoLoading authoring scene in world ClientWorld
ERROR: Shader Custom/VoxelShader shader is not supported on this GPU (none of subshaders/fallbacks are suitable)
WARNING: Shader Unsupported: 'Hidden/Universal Render Pipeline/FallbackError' - All subshaders removed
WARNING: Shader Did you use #pragma only_renderers and omit this platform?
WARNING: Shader If subshaders removal was intentional, you may have forgotten turning Fallback off?
ERROR: Shader Hidden/Universal Render Pipeline/FallbackError shader is not supported on this GPU (none of subshaders/fallbacks are suitable)
WARNING: Shader Unsupported: 'Hidden/Universal Render Pipeline/FallbackError' - All subshaders removed
WARNING: Shader Did you use #pragma only_renderers and omit this platform?
WARNING: Shader If subshaders removal was intentional, you may have forgotten turning Fallback off?
WARNING: Shader Unsupported: 'Universal Render Pipeline/Lit' - All subshaders removed
WARNING: Shader Did you use #pragma only_renderers and omit this platform?
WARNING: Shader If subshaders removal was intentional, you may have forgotten turning Fallback off?
ERROR: Shader Universal Render Pipeline/Lit shader is not supported on this GPU (none of subshaders/fallbacks are suitable)
WARNING: Shader Unsupported: 'Universal Render Pipeline/Lit' - All subshaders removed
WARNING: Shader Did you use #pragma only_renderers and omit this platform?
WARNING: Shader If subshaders removal was intentional, you may have forgotten turning Fallback off?
WARNING: Shader Unsupported: 'Universal Render Pipeline/Unlit' - All subshaders removed
WARNING: Shader Did you use #pragma only_renderers and omit this platform?
WARNING: Shader If subshaders removal was intentional, you may have forgotten turning Fallback off?
ERROR: Shader Universal Render Pipeline/Unlit shader is not supported on this GPU (none of subshaders/fallbacks are suitable)
WARNING: Shader Unsupported: 'Universal Render Pipeline/Unlit' - All subshaders removed
WARNING: Shader Did you use #pragma only_renderers and omit this platform?
WARNING: Shader If subshaders removal was intentional, you may have forgotten turning Fallback off?
Streamed scene with   49ms latency from /var/scratch/zmr280/opencraft/opencraft_Data/StreamingAssets/EntityScenes/62561c7118c5bbb46929c6bf65331faa.0.entities
[11:49:37.4136600]:[ClientWorld] New connection ID:189
Sending start game stream RPC
Emulation type is Idle, Simulation
Creating local player object
Sending spawn player RPC for user 185
ERROR: Shader UI/Default shader is not supported on this GPU (none of subshaders/fallbacks are suitable)
Player 185 has no connection ID!
UnityEngine.DebugLogHandler:Internal_Log(LogType, LogOption, String, Object)
UnityEngine.DebugLogHandler:LogFormat(LogType, Object, String, Object[])
UnityEngine.Logger:Log(LogType, Object)
UnityEngine.Debug:LogWarning(Object)
Opencraft.Player.SamplePlayerInput:OnUpdate(SystemState&)
Opencraft.Player.SamplePlayerInput:__codegen__OnUpdate(IntPtr, IntPtr)

Linking player entity Entity(225:1) to 185@LOCALPLAYER
    0: Could not find target at int3(0, 11, 0)
    1: Could not find target at int3(0, 11, 0)
    2: Could not find target at int3(0, 11, 0)
    3: Could not find target at int3(0, 11, 0)
    4: Could not find target at int3(0, 11, 0)
    5: Could not find target at int3(0, 11, 0)
    6: Could not find target at int3(0, 11, 0)
Player simulation searching for path from float3(0.5f, 11.6f, 0.5f) = int3(0, 11, 0) to int3(3, 13, 2)
Player simulation could not find a path from int3(0, 11, 0) to int3(3, 13, 2), will choose new target
    8: Could not find target at int3(0, 11, 0)
ClientWorld player simulation could not find a path in 9 attempts, waiting to try again
    0: Could not find target at int3(0, 11, 0)
    1: Could not find target at int3(0, 11, 0)
    2: Could not find target at int3(0, 11, 0)
    3: Could not find target at int3(0, 11, 0)
    4: Could not find target at int3(0, 11, 0)
    5: Could not find target at int3(0, 11, 0)
    6: Could not find target at int3(0, 11, 0)
Player simulation searching for path from float3(0.5f, 11.19999f, 0.5f) = int3(0, 11, 0) to int3(3, 13, 2)
Player simulation could not find a path from int3(0, 11, 0) to int3(3, 13, 2), will choose new target
    8: Could not find target at int3(0, 11, 0)
ClientWorld player simulation could not find a path in 9 attempts, waiting to try again
    0: Could not find target at int3(0, 13, 0)
    1: Could not find target at int3(0, 13, 0)
Player simulation searching for path from float3(0.5f, 13f, 0.5f) = int3(0, 13, 0) to int3(4, 13, 3)
AStar halted as encountered unloaded blocks, retrying...
Player simulation could not find a path from int3(0, 13, 0) to int3(4, 13, 3), will choose new target
    3: Could not find target at int3(0, 13, 0)
    4: Could not find target at int3(0, 13, 0)
    5: Could not find target at int3(0, 13, 0)
    6: Could not find target at int3(0, 13, 0)
    7: Could not find target at int3(0, 13, 0)
    8: Could not find target at int3(0, 13, 0)
ClientWorld player simulation could not find a path in 9 attempts, waiting to try again
    0: Could not find target at int3(0, 13, 0)
    1: Could not find target at int3(0, 13, 0)
Player simulation searching for path from float3(0.5f, 13f, 0.5f) = int3(0, 13, 0) to int3(4, 13, 3)
AStar halted as encountered unloaded blocks, retrying...
Player simulation could not find a path from int3(0, 13, 0) to int3(4, 13, 3), will choose new target
    3: Could not find target at int3(0, 13, 0)
    4: Could not find target at int3(0, 13, 0)
    5: Could not find target at int3(0, 13, 0)
    6: Could not find target at int3(0, 13, 0)
    7: Could not find target at int3(0, 13, 0)
    8: Could not find target at int3(0, 13, 0)
ClientWorld player simulation could not find a path in 9 attempts, waiting to try again
Player simulation searching for path from float3(0.5f, 13f, 0.5f) = int3(0, 13, 0) to int3(15, 13, -15)
ClientWorld player simulation set new target int3(15, 13, -15)
ClientWorld player simulation reached target int3(15, 13, -15)
Player simulation searching for path from float3(15.357f, 13f, -14.52585f) = int3(15, 13, -15) to int3(4, 13, 11)
ClientWorld player simulation set new target int3(4, 13, 11)
ClientWorld player simulation reached target int3(4, 13, 11)
Player simulation searching for path from float3(4.61429f, 13f, 11.51971f) = int3(4, 13, 11) to int3(4, 13, 8)
ClientWorld player simulation set new target int3(4, 13, 8)
ClientWorld player simulation reached target int3(4, 13, 8)
Player simulation searching for path from float3(4.472868f, 13f, 8.67828f) = int3(4, 13, 8) to int3(-15, 13, -9)
ClientWorld player simulation set new target int3(-15, 13, -9)
ClientWorld player simulation reached target int3(-15, 13, -9)
Player simulation searching for path from float3(-14.49629f, 13f, -8.348712f) = int3(-15, 13, -9) to int3(7, 13, -11)
ClientWorld player simulation set new target int3(7, 13, -11)
ClientWorld player simulation reached target int3(7, 13, -11)
Player simulation searching for path from float3(7.513319f, 13f, -10.34374f) = int3(7, 13, -11) to int3(6, 13, 8)
ClientWorld player simulation set new target int3(6, 13, 8)
ClientWorld player simulation reached target int3(6, 13, 8)
Player simulation searching for path from float3(6.532448f, 13f, 8.361551f) = int3(6, 13, 8) to int3(-7, 13, 1)
ClientWorld player simulation set new target int3(-7, 13, 1)
ClientWorld player simulation reached target int3(-7, 13, 1)
Player simulation searching for path from float3(-6.473212f, 13f, 1.693158f) = int3(-7, 13, 1) to int3(-1, 13, 4)
ClientWorld player simulation set new target int3(-1, 13, 4)
ClientWorld player simulation reached target int3(-1, 13, 4)
Player simulation searching for path from float3(-0.4831572f, 13f, 4.334684f) = int3(-1, 13, 4) to int3(2, 13, -2)
ClientWorld player simulation set new target int3(2, 13, -2)
ClientWorld player simulation reached target int3(2, 13, -2)
Player simulation searching for path from float3(2.364711f, 13f, -1.51066f) = int3(2, 13, -2) to int3(-11, 13, 1)
ClientWorld player simulation set new target int3(-11, 13, 1)
ClientWorld player simulation reached target int3(-11, 13, 1)
Player simulation searching for path from float3(-10.46669f, 13f, 1.396686f) = int3(-11, 13, 1) to int3(-12, 13, 1)
ClientWorld player simulation set new target int3(-12, 13, 1)
ClientWorld player simulation reached target int3(-12, 13, 1)
Player simulation searching for path from float3(-11.34856f, 13f, 1.472447f) = int3(-12, 13, 1) to int3(-4, 13, -5)
ClientWorld player simulation set new target int3(-4, 13, -5)
ClientWorld player simulation reached target int3(-4, 13, -5)
Player simulation searching for path from float3(-3.68629f, 13f, -4.441711f) = int3(-4, 13, -5) to int3(14, 13, -2)
ClientWorld player simulation set new target int3(14, 13, -2)
ClientWorld player simulation reached target int3(14, 13, -2)
Player simulation searching for path from float3(14.61558f, 13f, -1.698579f) = int3(14, 13, -2) to int3(9, 13, -15)
ClientWorld player simulation set new target int3(9, 13, -15)
ClientWorld player simulation reached target int3(9, 13, -15)
Player simulation searching for path from float3(9.61431f, 13f, -14.52974f) = int3(9, 13, -15) to int3(4, 13, -10)
ClientWorld player simulation set new target int3(4, 13, -10)
ClientWorld player simulation reached target int3(4, 13, -10)
Player simulation searching for path from float3(4.500474f, 13f, -9.663995f) = int3(4, 13, -10) to int3(-15, 13, -9)
ClientWorld player simulation set new target int3(-15, 13, -9)
ClientWorld player simulation reached target int3(-15, 13, -9)
Player simulation searching for path from float3(-14.47751f, 13f, -8.623131f) = int3(-15, 13, -9) to int3(7, 13, -11)
ClientWorld player simulation set new target int3(7, 13, -11)
ClientWorld player simulation reached target int3(7, 13, -11)
Player simulation searching for path from float3(7.526792f, 13f, -10.38158f) = int3(7, 13, -11) to int3(6, 13, 8)
ClientWorld player simulation set new target int3(6, 13, 8)
ClientWorld player simulation reached target int3(6, 13, 8)
Player simulation searching for path from float3(6.532158f, 13f, 8.320839f) = int3(6, 13, 8) to int3(-7, 13, 1)
ClientWorld player simulation set new target int3(-7, 13, 1)
ClientWorld player simulation path has strayed from int3(5, 13, 8) to int3(7, 13, 6), searching for a correction
ClientWorld player simulation path has strayed from int3(4, 13, 8) to int3(7, 13, 8), searching for a correction
Large serverTick prediction error. Server tick rollback to Unity.NetCode.NetworkTick delta: -11.38124
UnityEngine.DebugLogHandler:Internal_Log(LogType, LogOption, String, Object)
UnityEngine.DebugLogHandler:LogFormat(LogType, Object, String, Object[])
UnityEngine.Logger:Log(LogType, Object)
UnityEngine.Debug:LogError(Object)
Unity.Logging.Sinks.ManagedUnityEngineDebugLogWrapper:WriteFunc(LogLevel, Byte*, Int32)

ClientWorld player simulation path has strayed from int3(-1, 13, 7) to int3(7, 13, 7), searching for a correction
ClientWorld player simulation path has strayed from int3(6, 13, 7) to int3(2, 13, 7), searching for a correction
Large serverTick prediction error. Server tick rollback to Unity.NetCode.NetworkTick delta: -11.56872
UnityEngine.DebugLogHandler:Internal_Log(LogType, LogOption, String, Object)
UnityEngine.DebugLogHandler:LogFormat(LogType, Object, String, Object[])
UnityEngine.Logger:Log(LogType, Object)
UnityEngine.Debug:LogError(Object)
Unity.Logging.Sinks.ManagedUnityEngineDebugLogWrapper:WriteFunc(LogLevel, Byte*, Int32)

ClientWorld player simulation path has strayed from int3(3, 13, 7) to int3(7, 13, 7), searching for a correction
ClientWorld player simulation path has strayed from int3(6, 13, 7) to int3(3, 13, 7), searching for a correction
Large serverTick prediction error. Server tick rollback to Unity.NetCode.NetworkTick delta: -10.29608
UnityEngine.DebugLogHandler:Internal_Log(LogType, LogOption, String, Object)
UnityEngine.DebugLogHandler:LogFormat(LogType, Object, String, Object[])
UnityEngine.Logger:Log(LogType, Object)
UnityEngine.Debug:LogError(Object)
Unity.Logging.Sinks.ManagedUnityEngineDebugLogWrapper:WriteFunc(LogLevel, Byte*, Int32)

Large serverTick prediction error. Server tick rollback to Unity.NetCode.NetworkTick delta: -10.55368
UnityEngine.DebugLogHandler:Internal_Log(LogType, LogOption, String, Object)
UnityEngine.DebugLogHandler:LogFormat(LogType, Object, String, Object[])
UnityEngine.Logger:Log(LogType, Object)
UnityEngine.Debug:LogError(Object)
Unity.Logging.Sinks.ManagedUnityEngineDebugLogWrapper:WriteFunc(LogLevel, Byte*, Int32)

ClientWorld player simulation path has strayed from int3(2, 13, 7) to int3(6, 13, 7), searching for a correction
Large serverTick prediction error. Server tick rollback to Unity.NetCode.NetworkTick delta: -10.61996
UnityEngine.DebugLogHandler:Internal_Log(LogType, LogOption, String, Object)
UnityEngine.DebugLogHandler:LogFormat(LogType, Object, String, Object[])
UnityEngine.Logger:Log(LogType, Object)
UnityEngine.Debug:LogError(Object)
Unity.Logging.Sinks.ManagedUnityEngineDebugLogWrapper:WriteFunc(LogLevel, Byte*, Int32)

ClientWorld player simulation path has strayed from int3(-2, 13, 7) to int3(6, 13, 7), searching for a correction
ClientWorld player simulation path has strayed from int3(5, 13, 7) to int3(1, 13, 7), searching for a correction
ClientWorld player simulation path has strayed from int3(2, 13, 7) to int3(6, 13, 7), searching for a correction
ClientWorld player simulation path has strayed from int3(5, 13, 7) to int3(1, 13, 7), searching for a correction
Large serverTick prediction error. Server tick rollback to Unity.NetCode.NetworkTick delta: -11.45477
UnityEngine.DebugLogHandler:Internal_Log(LogType, LogOption, String, Object)
UnityEngine.DebugLogHandler:LogFormat(LogType, Object, String, Object[])
UnityEngine.Logger:Log(LogType, Object)
UnityEngine.Debug:LogError(Object)
Unity.Logging.Sinks.ManagedUnityEngineDebugLogWrapper:WriteFunc(LogLevel, Byte*, Int32)

ClientWorld player simulation path has strayed from int3(2, 13, 7) to int3(6, 13, 7), searching for a correction
ClientWorld player simulation path has strayed from int3(5, 13, 7) to int3(9, 13, 7), searching for a correction
Large serverTick prediction error. Server tick rollback to Unity.NetCode.NetworkTick delta: -11.36784
UnityEngine.DebugLogHandler:Internal_Log(LogType, LogOption, String, Object)
UnityEngine.DebugLogHandler:LogFormat(LogType, Object, String, Object[])
UnityEngine.Logger:Log(LogType, Object)
UnityEngine.Debug:LogError(Object)
Unity.Logging.Sinks.ManagedUnityEngineDebugLogWrapper:WriteFunc(LogLevel, Byte*, Int32)

ClientWorld player simulation path has strayed from int3(7, 13, 7) to int3(3, 13, 7), searching for a correction
ClientWorld player simulation path has strayed from int3(7, 13, 7) to int3(3, 13, 7), searching for a correction
Large serverTick prediction error. Server tick rollback to Unity.NetCode.NetworkTick delta: -11.39358
UnityEngine.DebugLogHandler:Internal_Log(LogType, LogOption, String, Object)
UnityEngine.DebugLogHandler:LogFormat(LogType, Object, String, Object[])
UnityEngine.Logger:Log(LogType, Object)
UnityEngine.Debug:LogError(Object)
Unity.Logging.Sinks.ManagedUnityEngineDebugLogWrapper:WriteFunc(LogLevel, Byte*, Int32)

ClientWorld player simulation path has strayed from int3(5, 13, 7) to int3(8, 13, 7), searching for a correction
ClientWorld player simulation path has strayed from int3(7, 13, 7) to int3(10, 13, 7), searching for a correction
Large serverTick prediction error. Server tick rollback to Unity.NetCode.NetworkTick delta: -10.77226
UnityEngine.DebugLogHandler:Internal_Log(LogType, LogOption, String, Object)
UnityEngine.DebugLogHandler:LogFormat(LogType, Object, String, Object[])
UnityEngine.Logger:Log(LogType, Object)
UnityEngine.Debug:LogError(Object)
Unity.Logging.Sinks.ManagedUnityEngineDebugLogWrapper:WriteFunc(LogLevel, Byte*, Int32)

ClientWorld player simulation path has strayed from int3(3, 13, 7) to int3(9, 13, 7), searching for a correction
ClientWorld player simulation path has strayed from int3(8, 13, 7) to int3(4, 13, 7), searching for a correction
ClientWorld player simulation path has strayed from int3(6, 13, 7) to int3(9, 13, 7), searching for a correction
ClientWorld player simulation path has strayed from int3(8, 13, 7) to int3(4, 13, 7), searching for a correction
Large serverTick prediction error. Server tick rollback to Unity.NetCode.NetworkTick delta: -10.23293
UnityEngine.DebugLogHandler:Internal_Log(LogType, LogOption, String, Object)
UnityEngine.DebugLogHandler:LogFormat(LogType, Object, String, Object[])
UnityEngine.Logger:Log(LogType, Object)
UnityEngine.Debug:LogError(Object)
Unity.Logging.Sinks.ManagedUnityEngineDebugLogWrapper:WriteFunc(LogLevel, Byte*, Int32)

Large serverTick prediction error. Server tick rollback to Unity.NetCode.NetworkTick delta: -10.38949
UnityEngine.DebugLogHandler:Internal_Log(LogType, LogOption, String, Object)
UnityEngine.DebugLogHandler:LogFormat(LogType, Object, String, Object[])
UnityEngine.Logger:Log(LogType, Object)
UnityEngine.Debug:LogError(Object)
Unity.Logging.Sinks.ManagedUnityEngineDebugLogWrapper:WriteFunc(LogLevel, Byte*, Int32)

Large serverTick prediction error. Server tick rollback to Unity.NetCode.NetworkTick delta: -10.28461
UnityEngine.DebugLogHandler:Internal_Log(LogType, LogOption, String, Object)
UnityEngine.DebugLogHandler:LogFormat(LogType, Object, String, Object[])
UnityEngine.Logger:Log(LogType, Object)
UnityEngine.Debug:LogError(Object)
Unity.Logging.Sinks.ManagedUnityEngineDebugLogWrapper:WriteFunc(LogLevel, Byte*, Int32)

Large serverTick prediction error. Server tick rollback to Unity.NetCode.NetworkTick delta: -10.54049
UnityEngine.DebugLogHandler:Internal_Log(LogType, LogOption, String, Object)
UnityEngine.DebugLogHandler:LogFormat(LogType, Object, String, Object[])
UnityEngine.Logger:Log(LogType, Object)
UnityEngine.Debug:LogError(Object)
Unity.Logging.Sinks.ManagedUnityEngineDebugLogWrapper:WriteFunc(LogLevel, Byte*, Int32)

ClientWorld player simulation path has strayed from int3(-4, 13, 3) to int3(3, 13, 7), searching for a correction
ClientWorld player simulation path has strayed from int3(2, 13, 7) to int3(1, 13, 4), searching for a correction
ClientWorld player simulation path has strayed from int3(1, 13, 5) to int3(3, 13, 7), searching for a correction
ClientWorld player simulation path has strayed from int3(2, 13, 7) to int3(1, 13, 4), searching for a correction
Large serverTick prediction error. Server tick rollback to Unity.NetCode.NetworkTick delta: -10.61027
UnityEngine.DebugLogHandler:Internal_Log(LogType, LogOption, String, Object)
UnityEngine.DebugLogHandler:LogFormat(LogType, Object, String, Object[])
UnityEngine.Logger:Log(LogType, Object)
UnityEngine.Debug:LogError(Object)
Unity.Logging.Sinks.ManagedUnityEngineDebugLogWrapper:WriteFunc(LogLevel, Byte*, Int32)

Large serverTick prediction error. Server tick rollback to Unity.NetCode.NetworkTick delta: -10.86977
UnityEngine.DebugLogHandler:Internal_Log(LogType, LogOption, String, Object)
UnityEngine.DebugLogHandler:LogFormat(LogType, Object, String, Object[])
UnityEngine.Logger:Log(LogType, Object)
UnityEngine.Debug:LogError(Object)
Unity.Logging.Sinks.ManagedUnityEngineDebugLogWrapper:WriteFunc(LogLevel, Byte*, Int32)

ClientWorld player simulation reached target int3(-7, 13, 1)
Player simulation searching for path from float3(-6.480525f, 13f, 1.669159f) = int3(-7, 13, 1) to int3(-1, 13, 4)
ClientWorld player simulation set new target int3(-1, 13, 4)
ClientWorld player simulation path has strayed from int3(-2, 13, 2) to int3(-5, 13, 2), searching for a correction
ClientWorld player simulation reached target int3(-1, 13, 4)
Player simulation searching for path from float3(-0.4705558f, 13f, 4.334445f) = int3(-1, 13, 4) to int3(2, 13, -2)
ClientWorld player simulation set new target int3(2, 13, -2)
ClientWorld player simulation path has strayed from int3(1, 13, -1) to int3(2, 13, 2), searching for a correction
ClientWorld player simulation path has strayed from int3(2, 13, 1) to int3(4, 13, -1), searching for a correction
ClientWorld player simulation path has strayed from int3(3, 13, -1) to int3(2, 13, 2), searching for a correction
Large serverTick prediction error. Server tick rollback to Unity.NetCode.NetworkTick delta: -10.53455
UnityEngine.DebugLogHandler:Internal_Log(LogType, LogOption, String, Object)
UnityEngine.DebugLogHandler:LogFormat(LogType, Object, String, Object[])
UnityEngine.Logger:Log(LogType, Object)
UnityEngine.Debug:LogError(Object)
Unity.Logging.Sinks.ManagedUnityEngineDebugLogWrapper:WriteFunc(LogLevel, Byte*, Int32)

Large serverTick prediction error. Server tick rollback to Unity.NetCode.NetworkTick delta: -10.5041
UnityEngine.DebugLogHandler:Internal_Log(LogType, LogOption, String, Object)
UnityEngine.DebugLogHandler:LogFormat(LogType, Object, String, Object[])
UnityEngine.Logger:Log(LogType, Object)
UnityEngine.Debug:LogError(Object)
Unity.Logging.Sinks.ManagedUnityEngineDebugLogWrapper:WriteFunc(LogLevel, Byte*, Int32)

ClientWorld player simulation path has strayed from int3(3, 13, 0) to int3(6, 13, -1), searching for a correction
ClientWorld player simulation path has strayed from int3(2, 13, 0) to int3(5, 13, 0), searching for a correction
ClientWorld player simulation path has strayed from int3(4, 13, 0) to int3(1, 13, 1), searching for a correction
Large serverTick prediction error. Server tick rollback to Unity.NetCode.NetworkTick delta: -10.60785
UnityEngine.DebugLogHandler:Internal_Log(LogType, LogOption, String, Object)
UnityEngine.DebugLogHandler:LogFormat(LogType, Object, String, Object[])
UnityEngine.Logger:Log(LogType, Object)
UnityEngine.Debug:LogError(Object)
Unity.Logging.Sinks.ManagedUnityEngineDebugLogWrapper:WriteFunc(LogLevel, Byte*, Int32)

Large serverTick prediction error. Server tick rollback to Unity.NetCode.NetworkTick delta: -11.59121
UnityEngine.DebugLogHandler:Internal_Log(LogType, LogOption, String, Object)
UnityEngine.DebugLogHandler:LogFormat(LogType, Object, String, Object[])
UnityEngine.Logger:Log(LogType, Object)
UnityEngine.Debug:LogError(Object)
Unity.Logging.Sinks.ManagedUnityEngineDebugLogWrapper:WriteFunc(LogLevel, Byte*, Int32)

ClientWorld player simulation reached target int3(2, 13, -2)
Player simulation searching for path from float3(2.325761f, 13f, -1.483188f) = int3(2, 13, -2) to int3(-11, 13, 1)
ClientWorld player simulation set new target int3(-11, 13, 1)
ClientWorld player simulation path has strayed from int3(-1, 13, -2) to int3(2, 13, 2), searching for a correction
Large serverTick prediction error. Server tick rollback to Unity.NetCode.NetworkTick delta: -11.52218
UnityEngine.DebugLogHandler:Internal_Log(LogType, LogOption, String, Object)
UnityEngine.DebugLogHandler:LogFormat(LogType, Object, String, Object[])
UnityEngine.Logger:Log(LogType, Object)
UnityEngine.Debug:LogError(Object)
Unity.Logging.Sinks.ManagedUnityEngineDebugLogWrapper:WriteFunc(LogLevel, Byte*, Int32)

ClientWorld player simulation path has strayed from int3(2, 13, 1) to int3(-1, 13, -2), searching for a correction
Large serverTick prediction error. Server tick rollback to Unity.NetCode.NetworkTick delta: -10.33092
UnityEngine.DebugLogHandler:Internal_Log(LogType, LogOption, String, Object)
UnityEngine.DebugLogHandler:LogFormat(LogType, Object, String, Object[])
UnityEngine.Logger:Log(LogType, Object)
UnityEngine.Debug:LogError(Object)
Unity.Logging.Sinks.ManagedUnityEngineDebugLogWrapper:WriteFunc(LogLevel, Byte*, Int32)

ClientWorld player simulation path has strayed from int3(2, 13, 0) to int3(-5, 13, 1), searching for a correction
Large serverTick prediction error. Server tick rollback to Unity.NetCode.NetworkTick delta: -10.44444
UnityEngine.DebugLogHandler:Internal_Log(LogType, LogOption, String, Object)
UnityEngine.DebugLogHandler:LogFormat(LogType, Object, String, Object[])
UnityEngine.Logger:Log(LogType, Object)
UnityEngine.Debug:LogError(Object)
Unity.Logging.Sinks.ManagedUnityEngineDebugLogWrapper:WriteFunc(LogLevel, Byte*, Int32)

ClientWorld player simulation path has strayed from int3(0, 13, -1) to int3(2, 13, 1), searching for a correction
Large serverTick prediction error. Server tick rollback to Unity.NetCode.NetworkTick delta: -10.50233
UnityEngine.DebugLogHandler:Internal_Log(LogType, LogOption, String, Object)
UnityEngine.DebugLogHandler:LogFormat(LogType, Object, String, Object[])
UnityEngine.Logger:Log(LogType, Object)
UnityEngine.Debug:LogError(Object)
Unity.Logging.Sinks.ManagedUnityEngineDebugLogWrapper:WriteFunc(LogLevel, Byte*, Int32)

ClientWorld player simulation path has strayed from int3(-5, 13, -2) to int3(0, 13, -2), searching for a correction
ClientWorld player simulation path has strayed from int3(-1, 13, -2) to int3(-4, 13, -2), searching for a correction
ClientWorld player simulation path has strayed from int3(-3, 13, -2) to int3(0, 13, -2), searching for a correction
Large serverTick prediction error. Server tick rollback to Unity.NetCode.NetworkTick delta: -12.46308
UnityEngine.DebugLogHandler:Internal_Log(LogType, LogOption, String, Object)
UnityEngine.DebugLogHandler:LogFormat(LogType, Object, String, Object[])
UnityEngine.Logger:Log(LogType, Object)
UnityEngine.Debug:LogError(Object)
Unity.Logging.Sinks.ManagedUnityEngineDebugLogWrapper:WriteFunc(LogLevel, Byte*, Int32)

ClientWorld player simulation path has strayed from int3(-9, 13, -1) to int3(-3, 13, -2), searching for a correction
Large serverTick prediction error. Server tick rollback to Unity.NetCode.NetworkTick delta: -10.52674
UnityEngine.DebugLogHandler:Internal_Log(LogType, LogOption, String, Object)
UnityEngine.DebugLogHandler:LogFormat(LogType, Object, String, Object[])
UnityEngine.Logger:Log(LogType, Object)
UnityEngine.Debug:LogError(Object)
Unity.Logging.Sinks.ManagedUnityEngineDebugLogWrapper:WriteFunc(LogLevel, Byte*, Int32)

Large serverTick prediction error. Server tick rollback to Unity.NetCode.NetworkTick delta: -10.72828
UnityEngine.DebugLogHandler:Internal_Log(LogType, LogOption, String, Object)
UnityEngine.DebugLogHandler:LogFormat(LogType, Object, String, Object[])
UnityEngine.Logger:Log(LogType, Object)
UnityEngine.Debug:LogError(Object)
Unity.Logging.Sinks.ManagedUnityEngineDebugLogWrapper:WriteFunc(LogLevel, Byte*, Int32)

ClientWorld player simulation reached target int3(-11, 13, 1)
Player simulation searching for path from float3(-10.51481f, 13f, 1.357686f) = int3(-11, 13, 1) to int3(-12, 13, 1)
ClientWorld player simulation set new target int3(-12, 13, 1)
ClientWorld player simulation reached target int3(-12, 13, 1)
Player simulation searching for path from float3(-11.35623f, 13f, 1.499107f) = int3(-12, 13, 1) to int3(-4, 13, -5)
ClientWorld player simulation set new target int3(-4, 13, -5)
Large serverTick prediction error. Server tick rollback to Unity.NetCode.NetworkTick delta: -13.31794
UnityEngine.DebugLogHandler:Internal_Log(LogType, LogOption, String, Object)
UnityEngine.DebugLogHandler:LogFormat(LogType, Object, String, Object[])
UnityEngine.Logger:Log(LogType, Object)
UnityEngine.Debug:LogError(Object)
Unity.Logging.Sinks.ManagedUnityEngineDebugLogWrapper:WriteFunc(LogLevel, Byte*, Int32)

ClientWorld player simulation path has strayed from int3(-8, 13, 0) to int3(-15, 13, -3), searching for a correction
Large serverTick prediction error. Server tick rollback to Unity.NetCode.NetworkTick delta: -10.40712
UnityEngine.DebugLogHandler:Internal_Log(LogType, LogOption, String, Object)
UnityEngine.DebugLogHandler:LogFormat(LogType, Object, String, Object[])
UnityEngine.Logger:Log(LogType, Object)
UnityEngine.Debug:LogError(Object)
Unity.Logging.Sinks.ManagedUnityEngineDebugLogWrapper:WriteFunc(LogLevel, Byte*, Int32)

ClientWorld player simulation path has strayed from int3(-12, 13, -3) to int3(-15, 13, -3), searching for a correction
Large serverTick prediction error. Server tick rollback to Unity.NetCode.NetworkTick delta: -15.42057
UnityEngine.DebugLogHandler:Internal_Log(LogType, LogOption, String, Object)
UnityEngine.DebugLogHandler:LogFormat(LogType, Object, String, Object[])
UnityEngine.Logger:Log(LogType, Object)
UnityEngine.Debug:LogError(Object)
Unity.Logging.Sinks.ManagedUnityEngineDebugLogWrapper:WriteFunc(LogLevel, Byte*, Int32)

ClientWorld player simulation path has strayed from int3(-12, 13, -3) to int3(-15, 13, -3), searching for a correction
Large serverTick prediction error. Server tick rollback to Unity.NetCode.NetworkTick delta: -10.40015
UnityEngine.DebugLogHandler:Internal_Log(LogType, LogOption, String, Object)
UnityEngine.DebugLogHandler:LogFormat(LogType, Object, String, Object[])
UnityEngine.Logger:Log(LogType, Object)
UnityEngine.Debug:LogError(Object)
Unity.Logging.Sinks.ManagedUnityEngineDebugLogWrapper:WriteFunc(LogLevel, Byte*, Int32)

Large serverTick prediction error. Server tick rollback to Unity.NetCode.NetworkTick delta: -12.49822
UnityEngine.DebugLogHandler:Internal_Log(LogType, LogOption, String, Object)
UnityEngine.DebugLogHandler:LogFormat(LogType, Object, String, Object[])
UnityEngine.Logger:Log(LogType, Object)
UnityEngine.Debug:LogError(Object)
Unity.Logging.Sinks.ManagedUnityEngineDebugLogWrapper:WriteFunc(LogLevel, Byte*, Int32)

ClientWorld player simulation path has strayed from int3(-12, 13, -3) to int3(-15, 13, -7), searching for a correction
Large serverTick prediction error. Server tick rollback to Unity.NetCode.NetworkTick delta: -10.67459
UnityEngine.DebugLogHandler:Internal_Log(LogType, LogOption, String, Object)
UnityEngine.DebugLogHandler:LogFormat(LogType, Object, String, Object[])
UnityEngine.Logger:Log(LogType, Object)
UnityEngine.Debug:LogError(Object)
Unity.Logging.Sinks.ManagedUnityEngineDebugLogWrapper:WriteFunc(LogLevel, Byte*, Int32)

ClientWorld player simulation path has strayed from int3(-12, 13, -3) to int3(-15, 13, -7), searching for a correction
ClientWorld player simulation path has strayed from int3(-15, 13, -6) to int3(-13, 13, -4), searching for a correction
Large serverTick prediction error. Server tick rollback to Unity.NetCode.NetworkTick delta: -12.34046
UnityEngine.DebugLogHandler:Internal_Log(LogType, LogOption, String, Object)
UnityEngine.DebugLogHandler:LogFormat(LogType, Object, String, Object[])
UnityEngine.Logger:Log(LogType, Object)
UnityEngine.Debug:LogError(Object)
Unity.Logging.Sinks.ManagedUnityEngineDebugLogWrapper:WriteFunc(LogLevel, Byte*, Int32)

ClientWorld player simulation path has strayed from int3(-15, 13, -5) to int3(-14, 13, -8), searching for a correction
Large serverTick prediction error. Server tick rollback to Unity.NetCode.NetworkTick delta: -12.35588
UnityEngine.DebugLogHandler:Internal_Log(LogType, LogOption, String, Object)
UnityEngine.DebugLogHandler:LogFormat(LogType, Object, String, Object[])
UnityEngine.Logger:Log(LogType, Object)
UnityEngine.Debug:LogError(Object)
Unity.Logging.Sinks.ManagedUnityEngineDebugLogWrapper:WriteFunc(LogLevel, Byte*, Int32)

ClientWorld player simulation path has strayed from int3(-13, 13, -4) to int3(-11, 13, 0), searching for a correction
Large serverTick prediction error. Server tick rollback to Unity.NetCode.NetworkTick delta: -14.33946
UnityEngine.DebugLogHandler:Internal_Log(LogType, LogOption, String, Object)
UnityEngine.DebugLogHandler:LogFormat(LogType, Object, String, Object[])
UnityEngine.Logger:Log(LogType, Object)
UnityEngine.Debug:LogError(Object)
Unity.Logging.Sinks.ManagedUnityEngineDebugLogWrapper:WriteFunc(LogLevel, Byte*, Int32)

Large serverTick prediction error. Server tick rollback to Unity.NetCode.NetworkTick delta: -10.44827
UnityEngine.DebugLogHandler:Internal_Log(LogType, LogOption, String, Object)
UnityEngine.DebugLogHandler:LogFormat(LogType, Object, String, Object[])
UnityEngine.Logger:Log(LogType, Object)
UnityEngine.Debug:LogError(Object)
Unity.Logging.Sinks.ManagedUnityEngineDebugLogWrapper:WriteFunc(LogLevel, Byte*, Int32)

Large serverTick prediction error. Server tick rollback to Unity.NetCode.NetworkTick delta: -10.46272
UnityEngine.DebugLogHandler:Internal_Log(LogType, LogOption, String, Object)
UnityEngine.DebugLogHandler:LogFormat(LogType, Object, String, Object[])
UnityEngine.Logger:Log(LogType, Object)
UnityEngine.Debug:LogError(Object)
Unity.Logging.Sinks.ManagedUnityEngineDebugLogWrapper:WriteFunc(LogLevel, Byte*, Int32)

ClientWorld player simulation path has strayed from int3(-10, 13, -3) to int3(-13, 13, -2), searching for a correction
Large serverTick prediction error. Server tick rollback to Unity.NetCode.NetworkTick delta: -10.82983
UnityEngine.DebugLogHandler:Internal_Log(LogType, LogOption, String, Object)
UnityEngine.DebugLogHandler:LogFormat(LogType, Object, String, Object[])
UnityEngine.Logger:Log(LogType, Object)
UnityEngine.Debug:LogError(Object)
Unity.Logging.Sinks.ManagedUnityEngineDebugLogWrapper:WriteFunc(LogLevel, Byte*, Int32)

Large serverTick prediction error. Server tick rollback to Unity.NetCode.NetworkTick delta: -10.60387
UnityEngine.DebugLogHandler:Internal_Log(LogType, LogOption, String, Object)
UnityEngine.DebugLogHandler:LogFormat(LogType, Object, String, Object[])
UnityEngine.Logger:Log(LogType, Object)
UnityEngine.Debug:LogError(Object)
Unity.Logging.Sinks.ManagedUnityEngineDebugLogWrapper:WriteFunc(LogLevel, Byte*, Int32)

ClientWorld player simulation path has strayed from int3(-9, 13, -2) to int3(-18, 13, -3), searching for a correction
Large serverTick prediction error. Server tick rollback to Unity.NetCode.NetworkTick delta: -15.09767
UnityEngine.DebugLogHandler:Internal_Log(LogType, LogOption, String, Object)
UnityEngine.DebugLogHandler:LogFormat(LogType, Object, String, Object[])
UnityEngine.Logger:Log(LogType, Object)
UnityEngine.Debug:LogError(Object)
Unity.Logging.Sinks.ManagedUnityEngineDebugLogWrapper:WriteFunc(LogLevel, Byte*, Int32)

Large serverTick prediction error. Server tick rollback to Unity.NetCode.NetworkTick delta: -11.65804
UnityEngine.DebugLogHandler:Internal_Log(LogType, LogOption, String, Object)
UnityEngine.DebugLogHandler:LogFormat(LogType, Object, String, Object[])
UnityEngine.Logger:Log(LogType, Object)
UnityEngine.Debug:LogError(Object)
Unity.Logging.Sinks.ManagedUnityEngineDebugLogWrapper:WriteFunc(LogLevel, Byte*, Int32)

ClientWorld player simulation path has strayed from int3(-15, 13, -3) to int3(-18, 13, -3), searching for a correction
Large serverTick prediction error. Server tick rollback to Unity.NetCode.NetworkTick delta: -10.4914
UnityEngine.DebugLogHandler:Internal_Log(LogType, LogOption, String, Object)
UnityEngine.DebugLogHandler:LogFormat(LogType, Object, String, Object[])
UnityEngine.Logger:Log(LogType, Object)
UnityEngine.Debug:LogError(Object)
Unity.Logging.Sinks.ManagedUnityEngineDebugLogWrapper:WriteFunc(LogLevel, Byte*, Int32)

ClientWorld player simulation path has strayed from int3(-12, 13, -3) to int3(-18, 13, -3), searching for a correction
Large serverTick prediction error. Server tick rollback to Unity.NetCode.NetworkTick delta: -12.48013
UnityEngine.DebugLogHandler:Internal_Log(LogType, LogOption, String, Object)
UnityEngine.DebugLogHandler:LogFormat(LogType, Object, String, Object[])
UnityEngine.Logger:Log(LogType, Object)
UnityEngine.Debug:LogError(Object)
Unity.Logging.Sinks.ManagedUnityEngineDebugLogWrapper:WriteFunc(LogLevel, Byte*, Int32)

Large serverTick prediction error. Server tick rollback to Unity.NetCode.NetworkTick delta: -11.30364
UnityEngine.DebugLogHandler:Internal_Log(LogType, LogOption, String, Object)
UnityEngine.DebugLogHandler:LogFormat(LogType, Object, String, Object[])
UnityEngine.Logger:Log(LogType, Object)
UnityEngine.Debug:LogError(Object)
Unity.Logging.Sinks.ManagedUnityEngineDebugLogWrapper:WriteFunc(LogLevel, Byte*, Int32)

ClientWorld player simulation path has strayed from int3(-14, 13, -3) to int3(-18, 13, -3), searching for a correction
ClientWorld player simulation path has strayed from int3(-9, 13, -2) to int3(-16, 13, 1), searching for a correction
ClientWorld player simulation path has strayed from int3(-15, 13, 1) to int3(-10, 13, 2), searching for a correction
ClientWorld player simulation path has strayed from int3(-11, 13, 2) to int3(-16, 13, 1), searching for a correction
ClientWorld player simulation path has strayed from int3(-15, 13, 1) to int3(-11, 13, 1), searching for a correction
Large serverTick prediction error. Server tick rollback to Unity.NetCode.NetworkTick delta: -15.68384
UnityEngine.DebugLogHandler:Internal_Log(LogType, LogOption, String, Object)
UnityEngine.DebugLogHandler:LogFormat(LogType, Object, String, Object[])
UnityEngine.Logger:Log(LogType, Object)
UnityEngine.Debug:LogError(Object)
Unity.Logging.Sinks.ManagedUnityEngineDebugLogWrapper:WriteFunc(LogLevel, Byte*, Int32)

Large serverTick prediction error. Server tick rollback to Unity.NetCode.NetworkTick delta: -13.51736
UnityEngine.DebugLogHandler:Internal_Log(LogType, LogOption, String, Object)
UnityEngine.DebugLogHandler:LogFormat(LogType, Object, String, Object[])
UnityEngine.Logger:Log(LogType, Object)
UnityEngine.Debug:LogError(Object)
Unity.Logging.Sinks.ManagedUnityEngineDebugLogWrapper:WriteFunc(LogLevel, Byte*, Int32)

ClientWorld player simulation path has strayed from int3(-12, 13, 1) to int3(-16, 13, 1), searching for a correction
ClientWorld player simulation path has strayed from int3(-15, 13, 1) to int3(-11, 13, 1), searching for a correction
Large serverTick prediction error. Server tick rollback to Unity.NetCode.NetworkTick delta: -11.57117
UnityEngine.DebugLogHandler:Internal_Log(LogType, LogOption, String, Object)
UnityEngine.DebugLogHandler:LogFormat(LogType, Object, String, Object[])
UnityEngine.Logger:Log(LogType, Object)
UnityEngine.Debug:LogError(Object)
Unity.Logging.Sinks.ManagedUnityEngineDebugLogWrapper:WriteFunc(LogLevel, Byte*, Int32)

ClientWorld player simulation path has strayed from int3(-14, 13, 1) to int3(-7, 13, 1), searching for a correction
ClientWorld player simulation path has strayed from int3(-9, 13, 1) to int3(-6, 13, 1), searching for a correction
Large serverTick prediction error. Server tick rollback to Unity.NetCode.NetworkTick delta: -15.48623
UnityEngine.DebugLogHandler:Internal_Log(LogType, LogOption, String, Object)
UnityEngine.DebugLogHandler:LogFormat(LogType, Object, String, Object[])
UnityEngine.Logger:Log(LogType, Object)
UnityEngine.Debug:LogError(Object)
Unity.Logging.Sinks.ManagedUnityEngineDebugLogWrapper:WriteFunc(LogLevel, Byte*, Int32)

ClientWorld player simulation path has strayed from int3(-9, 13, 1) to int3(-6, 13, 1), searching for a correction
Large serverTick prediction error. Server tick rollback to Unity.NetCode.NetworkTick delta: -13.35688
UnityEngine.DebugLogHandler:Internal_Log(LogType, LogOption, String, Object)
UnityEngine.DebugLogHandler:LogFormat(LogType, Object, String, Object[])
UnityEngine.Logger:Log(LogType, Object)
UnityEngine.Debug:LogError(Object)
Unity.Logging.Sinks.ManagedUnityEngineDebugLogWrapper:WriteFunc(LogLevel, Byte*, Int32)

ClientWorld player simulation path has strayed from int3(-14, 13, 1) to int3(-7, 13, 1), searching for a correction
ClientWorld player simulation path has strayed from int3(-8, 13, 1) to int3(-13, 13, 1), searching for a correction
Large serverTick prediction error. Server tick rollback to Unity.NetCode.NetworkTick delta: -10.44257
UnityEngine.DebugLogHandler:Internal_Log(LogType, LogOption, String, Object)
UnityEngine.DebugLogHandler:LogFormat(LogType, Object, String, Object[])
UnityEngine.Logger:Log(LogType, Object)
UnityEngine.Debug:LogError(Object)
Unity.Logging.Sinks.ManagedUnityEngineDebugLogWrapper:WriteFunc(LogLevel, Byte*, Int32)

Large serverTick prediction error. Server tick rollback to Unity.NetCode.NetworkTick delta: -10.7064
UnityEngine.DebugLogHandler:Internal_Log(LogType, LogOption, String, Object)
UnityEngine.DebugLogHandler:LogFormat(LogType, Object, String, Object[])
UnityEngine.Logger:Log(LogType, Object)
UnityEngine.Debug:LogError(Object)
Unity.Logging.Sinks.ManagedUnityEngineDebugLogWrapper:WriteFunc(LogLevel, Byte*, Int32)

Large serverTick prediction error. Server tick rollback to Unity.NetCode.NetworkTick delta: -10.37737
UnityEngine.DebugLogHandler:Internal_Log(LogType, LogOption, String, Object)
UnityEngine.DebugLogHandler:LogFormat(LogType, Object, String, Object[])
UnityEngine.Logger:Log(LogType, Object)
UnityEngine.Debug:LogError(Object)
Unity.Logging.Sinks.ManagedUnityEngineDebugLogWrapper:WriteFunc(LogLevel, Byte*, Int32)

ClientWorld player simulation path has strayed from int3(-10, 13, 1) to int3(-7, 13, 2), searching for a correction
Large serverTick prediction error. Server tick rollback to Unity.NetCode.NetworkTick delta: -10.45737
UnityEngine.DebugLogHandler:Internal_Log(LogType, LogOption, String, Object)
UnityEngine.DebugLogHandler:LogFormat(LogType, Object, String, Object[])
UnityEngine.Logger:Log(LogType, Object)
UnityEngine.Debug:LogError(Object)
Unity.Logging.Sinks.ManagedUnityEngineDebugLogWrapper:WriteFunc(LogLevel, Byte*, Int32)

ClientWorld player simulation path has strayed from int3(-14, 13, 1) to int3(-19, 13, 1), searching for a correction
ClientWorld player simulation reached target int3(-4, 13, -5)
Player simulation searching for path from float3(-3.692264f, 13f, -4.466659f) = int3(-4, 13, -5) to int3(14, 13, -2)
ClientWorld player simulation set new target int3(14, 13, -2)
[11:51:42.1816820]:[ClientWorld] Connection disconnected ID:189 Reason:Timeout
Caught fatal signal - signo:15 code:0 errno:0 addr:0x1502000837a8
Obtained 26 stack frames.
#0  0x007f32ebc389c9 in PlayerMain(int, char**)
#1  0x007f32ebc2d4b7 in (Unknown)
#2  0x007f32e9995c20 in funlockfile
#3  0x007f32e971e848 in __memmove_avx_unaligned_erms
#4  0x007f328a7ae60c in Buffer_InternalMemcpy_mFABC315DCD001655DDA90A2531F56366794E72C5
#5  0x007f328a7ae55b in Buffer_Memcpy_m87345ACEE449F8CEA42341BC9F4AFC3743EF96D1
#6  0x007f328a7aeb95 in Buffer_Memmove_mAA31A45BF1B1FA6490F0913B7FB59537767E5EF3
#7  0x007f328a5085cf in String_wstrcpy_m7F8C35DCD0E2D5AAC35B153EF73E6B0F1501406B
#8  0x007f328a5084fb in String_FillStringChecked_m3413709C427A00C5AB0F94E659DB63E6B4816D62
#9  0x007f328a4f5599 in String_Concat_m9E3155FB84015C823606188F53B47CB44C444991
#10 0x007f328a9ae857 in StatisticsWriter_Update_m24123BF001E17A5463E4292E5A6CFD276BBDA76C
#11 0x007f328a9ae523 in StatisticsWriterInstance_Update_m336F478398EDE3BFB1A5F3FBFF6830892C7A1FF0
#12 0x007f3286f79073 in il2cpp::vm::Runtime::InvokeWithThrow(MethodInfo const*, void*, void**)
#13 0x007f3286f78fdb in il2cpp::vm::Runtime::Invoke(MethodInfo const*, void*, void**, Il2CppException**)
#14 0x007f32ebb71f0b in (Unknown)
#15 0x007f32ebb7ccd7 in (Unknown)
#16 0x007f32ebba39a4 in (Unknown)
#17 0x007f32eb3a6c96 in (Unknown)
#18 0x007f32eb3a6aae in (Unknown)
#19 0x007f32eb6c48cd in (Unknown)
#20 0x007f32eb6b0247 in (Unknown)
#21 0x007f32eb6b0201 in (Unknown)
#22 0x007f32eb6b0570 in (Unknown)
#23 0x007f32ebc2f077 in PlayerMain(int, char**)
#24 0x007f32e95e1493 in __libc_start_main
#25 0x00000000201029 in _start
Setting up 12 worker threads for Enlighten.
Writing stats to file
Calling DomainUnloadOrPlayModeChangeShutdown!
Caught fatal signal - signo:11 code:1 errno:0 addr:0x48
Obtained 25 stack frames.
#0  0x007f32ebc389c9 in PlayerMain(int, char**)
#1  0x007f32ebc2d4b7 in (Unknown)
#2  0x007f32e9995c20 in funlockfile
#3  0x007f32eb5f0ff3 in (Unknown)
#4  0x007f32eb5f1671 in (Unknown)
#5  0x007f32eb5d1e7a in (Unknown)
#6  0x007f32ebfcd42e in PlayerMain(int, char**)
#7  0x007f32eaf7f426 in (Unknown)
#8  0x007f328c05e320 in ContentLoadInterface_ContentFile_UnloadAsync_Injected_mBD2F1D561285B0DE37DCDA4DEA75931201B5E680
#9  0x007f328c05d78f in ContentLoadInterface_ContentFile_UnloadAsync_m197A3C60564D4E9F9049BAD57B46FB404A8F17BD
#10 0x007f328c05d635 in ContentFile_UnloadAsync_mF35518E83FCF4C1701AF2C6CEBF7E507490481D6
#11 0x007f328b2d556a in RuntimeContentManager_ReleaseFile_m12EDB377B39EF4D01B3268E711303D79747A4F4C
#12 0x007f328b2d345c in RuntimeContentManager_ReleaseObjectImpl_m84E24B7727CAA367D95ABC97FC529A5594840414
#13 0x007f328b2d1ae8 in RuntimeContentManager_Cleanup_m6436DF58ED05204D0A7DFACFB212018BD6B813FD
#14 0x007f328b2d2f38 in RuntimeContentManager_OnShutdown_m09B1F0AD37BE7168472DDB84F55C43F02CD40113
#15 0x007f3286dcee76 in EventHandler_Invoke_m9D3126CBE291A3E7E7C304094E1DA846832F9B96_Multicast(EventHandler_tC6323FD7E6163F965259C33D72612C0E5B9BAB82*, Il2CppObject*, EventArgs_t37273F03EAC87217701DD431B190FBD84AD7C377*, MethodInfo const*)
#16 0x007f328a7407b0 in EventHandler_Invoke_m9D3126CBE291A3E7E7C304094E1DA846832F9B96
#17 0x007f3286f79073 in il2cpp::vm::Runtime::InvokeWithThrow(MethodInfo const*, void*, void**)
#18 0x007f3286f78fdb in il2cpp::vm::Runtime::Invoke(MethodInfo const*, void*, void**, Il2CppException**)
#19 0x007f3286f78b1c in il2cpp::vm::Runtime::Shutdown()
#20 0x007f32ebb86f56 in (Unknown)
#21 0x007f32eb6c2658 in (Unknown)
#22 0x007f32ebc2eee6 in PlayerMain(int, char**)
#23 0x007f32e95e1493 in __libc_start_main
#24 0x00000000201029 in _start
