[UnityMemory] Configuration Parameters - Can be set up in boot.config
    "memorysetup-bucket-allocator-granularity=16"
    "memorysetup-bucket-allocator-bucket-count=8"
    "memorysetup-bucket-allocator-block-size=4194304"
    "memorysetup-bucket-allocator-block-count=1"
    "memorysetup-main-allocator-block-size=16777216"
    "memorysetup-thread-allocator-block-size=16777216"
    "memorysetup-gfx-main-allocator-block-size=16777216"
    "memorysetup-gfx-thread-allocator-block-size=16777216"
    "memorysetup-cache-allocator-block-size=4194304"
    "memorysetup-typetree-allocator-block-size=2097152"
    "memorysetup-profiler-bucket-allocator-granularity=16"
    "memorysetup-profiler-bucket-allocator-bucket-count=8"
    "memorysetup-profiler-bucket-allocator-block-size=4194304"
    "memorysetup-profiler-bucket-allocator-block-count=1"
    "memorysetup-profiler-allocator-block-size=16777216"
    "memorysetup-profiler-editor-allocator-block-size=1048576"
    "memorysetup-temp-allocator-size-main=4194304"
    "memorysetup-job-temp-allocator-block-size=2097152"
    "memorysetup-job-temp-allocator-block-size-background=1048576"
    "memorysetup-job-temp-allocator-reduction-small-platforms=262144"
    "memorysetup-allocator-temp-initial-block-size-main=262144"
    "memorysetup-allocator-temp-initial-block-size-worker=262144"
    "memorysetup-temp-allocator-size-background-worker=32768"
    "memorysetup-temp-allocator-size-job-worker=262144"
    "memorysetup-temp-allocator-size-preload-manager=262144"
    "memorysetup-temp-allocator-size-nav-mesh-worker=65536"
    "memorysetup-temp-allocator-size-audio-worker=65536"
    "memorysetup-temp-allocator-size-cloud-worker=32768"
    "memorysetup-temp-allocator-size-gfx=262144"
Remaining time:29s
Found 2 interfaces on host : 0) 10.141.0.1 1) 10.149.0.1
Player connection [140556979949440] Multi-casting "[IP] 10.141.0.1 [Port] 55000 [Flags] 19 [Guid] 4121680164 [EditorId] 3765082745 [Version] 1048832 [Id] LinuxPlayer(13,10.141.0.1) [Debug] 0 [PackageName] LinuxPlayer [ProjectName] Opencraft" to [225.0.0.222:54997]...

Direct connection to host time out.
Stopping profiler. Profiler is not able to flush data to a file or socket and exceeded maximum allowed memory for buffering.
Please use Profiler.maxUsedMemory API or -profiler-maxusedmemory command line parameter to increase maximum allowed memory usage.
Using 134234112 bytes while Profiler.maxUsedMemory is 134217728 bytes.
Failed to initialize networking layer after 30 seconds, skipping waiting for connection before starting playback.
Preloaded 'lib_burst_generated.so'
Preloaded 'libwebrtc.so'
[Physics::Module] Initialized MultithreadedJobDispatcher with 47 workers.
Initialize engine version: 2022.3.16f1 (d2c21f0ef2f1)
[Subsystems] Discovering subsystems at path /var/scratch/zmr280/opencraft/opencraft_Data/UnitySubsystems
Forcing GfxDevice: Null
GfxDevice: creating device client; threaded=0; jobified=0
NullGfxDevice:
    Version:  NULL 1.0 [1.0]
    Renderer: Null Device
    Vendor:   Unity Technologies
ERROR: Shader Hidden/Universal Render Pipeline/Blit shader is not supported on this GPU (none of subshaders/fallbacks are suitable)
ERROR: Shader Hidden/Universal Render Pipeline/CopyDepth shader is not supported on this GPU (none of subshaders/fallbacks are suitable)
ERROR: Shader Hidden/Universal Render Pipeline/Sampling shader is not supported on this GPU (none of subshaders/fallbacks are suitable)
ERROR: Shader Hidden/Universal Render Pipeline/LutBuilderLdr shader is not supported on this GPU (none of subshaders/fallbacks are suitable)
ERROR: Shader Hidden/Universal Render Pipeline/LutBuilderHdr shader is not supported on this GPU (none of subshaders/fallbacks are suitable)
ERROR: Shader Hidden/Universal Render Pipeline/UberPost shader is not supported on this GPU (none of subshaders/fallbacks are suitable)
ERROR: Shader Hidden/Universal Render Pipeline/Debug/DebugReplacement shader is not supported on this GPU (none of subshaders/fallbacks are suitable)
ERROR: Shader Hidden/Universal/HDRDebugView shader is not supported on this GPU (none of subshaders/fallbacks are suitable)
WARNING: Shader Unsupported: 'Hidden/Universal Render Pipeline/FallbackError' - All subshaders removed
WARNING: Shader Did you use #pragma only_renderers and omit this platform?
WARNING: Shader If subshaders removal was intentional, you may have forgotten turning Fallback off?
ERROR: Shader Hidden/Universal Render Pipeline/FallbackError shader is not supported on this GPU (none of subshaders/fallbacks are suitable)
WARNING: Shader Unsupported: 'Hidden/Universal Render Pipeline/FallbackError' - All subshaders removed
WARNING: Shader Did you use #pragma only_renderers and omit this platform?
WARNING: Shader If subshaders removal was intentional, you may have forgotten turning Fallback off?
WARNING: Shader Unsupported: 'Hidden/Universal Render Pipeline/StencilDeferred' - All subshaders removed
WARNING: Shader Did you use #pragma only_renderers and omit this platform?
WARNING: Shader If subshaders removal was intentional, you may have forgotten turning Fallback off?
ERROR: Shader Hidden/Universal Render Pipeline/StencilDeferred shader is not supported on this GPU (none of subshaders/fallbacks are suitable)
WARNING: Shader Unsupported: 'Hidden/Universal Render Pipeline/StencilDeferred' - All subshaders removed
WARNING: Shader Did you use #pragma only_renderers and omit this platform?
WARNING: Shader If subshaders removal was intentional, you may have forgotten turning Fallback off?
ERROR: Shader Hidden/Universal Render Pipeline/CameraMotionVectors shader is not supported on this GPU (none of subshaders/fallbacks are suitable)
ERROR: Shader Hidden/Universal Render Pipeline/ObjectMotionVectors shader is not supported on this GPU (none of subshaders/fallbacks are suitable)
ERROR: Shader Hidden/Universal Render Pipeline/LensFlareDataDriven shader is not supported on this GPU (none of subshaders/fallbacks are suitable)
ERROR: Shader Hidden/Universal Render Pipeline/ScreenSpaceAmbientOcclusion shader is not supported on this GPU (none of subshaders/fallbacks are suitable)
ERROR: Shader Hidden/Universal Render Pipeline/Stop NaN shader is not supported on this GPU (none of subshaders/fallbacks are suitable)
ERROR: Shader Hidden/Universal Render Pipeline/SubpixelMorphologicalAntialiasing shader is not supported on this GPU (none of subshaders/fallbacks are suitable)
ERROR: Shader Hidden/Universal Render Pipeline/TemporalAA shader is not supported on this GPU (none of subshaders/fallbacks are suitable)
ERROR: Shader Hidden/Universal Render Pipeline/Scaling Setup shader is not supported on this GPU (none of subshaders/fallbacks are suitable)
ERROR: Shader Hidden/Universal Render Pipeline/Edge Adaptive Spatial Upsampling shader is not supported on this GPU (none of subshaders/fallbacks are suitable)
ERROR: Shader Hidden/Universal Render Pipeline/FinalPost shader is not supported on this GPU (none of subshaders/fallbacks are suitable)
ERROR: Shader Sprites/Default shader is not supported on this GPU (none of subshaders/fallbacks are suitable)
ERROR: Shader Sprites/Mask shader is not supported on this GPU (none of subshaders/fallbacks are suitable)
ERROR: Shader GUI/Text Shader shader is not supported on this GPU (none of subshaders/fallbacks are suitable)
UnloadTime: 0.834395 ms
Parsing args: /var/scratch/zmr280/opencraft/opencraft.x86_64, -batchmode, -nographics, -logStats, True, -terrainType, 1-Layer, -statsFile, /var/scratch/zmr280/runs/players-activeLogic_1-Layer_6x_6z_80p_120s/opencraft_stats/server.csv, -activeLogic, -circuitX, 6, -circuitZ, 6, -playType, Server
Setting up worlds with playType Server and streaming role Disabled
Connecting worlds with playType Server and streaming role Disabled
Created listen request for 0.0.0.0:7979
Creating statistics writer!
Recorder [GhostSimulationSystemGroup] is invalid!
UnityEngine.DebugLogHandler:Internal_Log(LogType, LogOption, String, Object)
UnityEngine.DebugLogHandler:LogFormat(LogType, Object, String, Object[])
UnityEngine.Logger:Log(LogType, Object)
UnityEngine.Debug:LogWarning(Object)
PolkaDOTS.Statistics.StatisticsWriter:.ctor()
PolkaDOTS.Statistics.StatisticsWriterInstance:Awake()

Recorder [PredictedSimulationSystemGroup] is invalid!
UnityEngine.DebugLogHandler:Internal_Log(LogType, LogOption, String, Object)
UnityEngine.DebugLogHandler:LogFormat(LogType, Object, String, Object[])
UnityEngine.Logger:Log(LogType, Object)
UnityEngine.Debug:LogWarning(Object)
PolkaDOTS.Statistics.StatisticsWriter:.ctor()
PolkaDOTS.Statistics.StatisticsWriterInstance:Awake()

Initializing multiplay!
Found non-specified codec: VP8 Internal video/VP8 implementation_name=Internal
Found codec: VP9 Profile0
Found codec: VP9 Profile2
Found codec: VP9 Profile1
Found codec: VP9 Profile3
Found codec: AV1 Profile0
Found codec: AV1 Profile1
Could not find H264.High as streaming codec!
Adding terrain areas statistics recorders
Streamed scene with   34ms latency from /var/scratch/zmr280/opencraft/opencraft_Data/StreamingAssets/EntityScenes/bea83102298cfb741939cdba85abe535.0.entities
AutoLoading authoring scene in world ServerWorld
ERROR: Shader Custom/VoxelShader shader is not supported on this GPU (none of subshaders/fallbacks are suitable)
WARNING: Shader Unsupported: 'Hidden/Universal Render Pipeline/FallbackError' - All subshaders removed
WARNING: Shader Did you use #pragma only_renderers and omit this platform?
WARNING: Shader If subshaders removal was intentional, you may have forgotten turning Fallback off?
ERROR: Shader Hidden/Universal Render Pipeline/FallbackError shader is not supported on this GPU (none of subshaders/fallbacks are suitable)
WARNING: Shader Unsupported: 'Hidden/Universal Render Pipeline/FallbackError' - All subshaders removed
WARNING: Shader Did you use #pragma only_renderers and omit this platform?
WARNING: Shader If subshaders removal was intentional, you may have forgotten turning Fallback off?
WARNING: Shader Unsupported: 'Universal Render Pipeline/Lit' - All subshaders removed
WARNING: Shader Did you use #pragma only_renderers and omit this platform?
WARNING: Shader If subshaders removal was intentional, you may have forgotten turning Fallback off?
ERROR: Shader Universal Render Pipeline/Lit shader is not supported on this GPU (none of subshaders/fallbacks are suitable)
WARNING: Shader Unsupported: 'Universal Render Pipeline/Lit' - All subshaders removed
WARNING: Shader Did you use #pragma only_renderers and omit this platform?
WARNING: Shader If subshaders removal was intentional, you may have forgotten turning Fallback off?
WARNING: Shader Unsupported: 'Universal Render Pipeline/Unlit' - All subshaders removed
WARNING: Shader Did you use #pragma only_renderers and omit this platform?
WARNING: Shader If subshaders removal was intentional, you may have forgotten turning Fallback off?
ERROR: Shader Universal Render Pipeline/Unlit shader is not supported on this GPU (none of subshaders/fallbacks are suitable)
WARNING: Shader Unsupported: 'Universal Render Pipeline/Unlit' - All subshaders removed
WARNING: Shader Did you use #pragma only_renderers and omit this platform?
WARNING: Shader If subshaders removal was intentional, you may have forgotten turning Fallback off?
Streamed scene with   38ms latency from /var/scratch/zmr280/opencraft/opencraft_Data/StreamingAssets/EntityScenes/62561c7118c5bbb46929c6bf65331faa.0.entities
Setting player spawn to 0, 5, 0
TerrainLogicSystem Tick 1
[02:05:01.4166500]:[ServerWorld] New connection ID:1
[02:05:01.4789770]:[ServerWorld] New connection ID:2
[02:05:01.4976470]:[ServerWorld] New connection ID:3
Starting game stream on connection 1!
'Spawning a Ghost '' for user '5' on connection '1'!
[02:05:01.5144210]:[ServerWorld] New connection ID:5
[02:05:01.5144210]:[ServerWorld] New connection ID:4
[02:05:01.5144210]:[ServerWorld] Connection disconnected ID:0 Reason:ConnectionClose
[02:05:01.5294590]:[ServerWorld] New connection ID:7
[02:05:01.5294590]:[ServerWorld] New connection ID:6
Starting game stream on connection 2!
'Spawning a Ghost '' for user '2' on connection '2'!
[02:05:01.5628480]:[ServerWorld] Connection disconnected ID:0 Reason:ConnectionClose
Starting game stream on connection 3!
Starting game stream on connection 4!
'Spawning a Ghost '' for user '1' on connection '3'!
'Spawning a Ghost '' for user '6' on connection '4'!
[02:05:01.5973670]:[ServerWorld] Connection disconnected ID:0 Reason:ConnectionClose
[02:05:01.5973670]:[ServerWorld] Connection disconnected ID:0 Reason:ConnectionClose
Starting game stream on connection 6!
Starting game stream on connection 7!
Starting game stream on connection 5!
'Spawning a Ghost '' for user '8' on connection '6'!
'Spawning a Ghost '' for user '3' on connection '5'!
[02:05:01.6128140]:[ServerWorld] Connection disconnected ID:0 Reason:ConnectionClose
[02:05:01.6128140]:[ServerWorld] Connection disconnected ID:0 Reason:ConnectionClose
'Spawning a Ghost '' for user '9' on connection '7'!
[02:05:01.6310000]:[ServerWorld] Connection disconnected ID:0 Reason:ConnectionClose
[02:05:01.7143960]:[ServerWorld] New connection ID:8
Starting game stream on connection 8!
'Spawning a Ghost '' for user '4' on connection '8'!
[02:05:01.8476030]:[ServerWorld] New connection ID:9
[02:05:01.8476030]:[ServerWorld] Connection disconnected ID:0 Reason:ConnectionClose
Starting game stream on connection 9!
'Spawning a Ghost '' for user '7' on connection '9'!
[02:05:01.9815090]:[ServerWorld] New connection ID:10
[02:05:01.9815090]:[ServerWorld] Connection disconnected ID:0 Reason:ConnectionClose
Starting game stream on connection 10!
'Spawning a Ghost '' for user '10' on connection '10'!
[02:05:02.1129190]:[ServerWorld] Connection disconnected ID:0 Reason:ConnectionClose
TerrainLogicSystem Tick 2
[02:05:04.4846350]:[ServerWorld] New connection ID:11
[02:05:04.5490490]:[ServerWorld] New connection ID:12
Starting game stream on connection 11!
'Spawning a Ghost '' for user '18' on connection '11'!
[02:05:04.5804630]:[ServerWorld] Connection disconnected ID:0 Reason:ConnectionClose
[02:05:04.6121480]:[ServerWorld] New connection ID:13
[02:05:04.6479770]:[ServerWorld] New connection ID:14
Starting game stream on connection 12!
'Spawning a Ghost '' for user '15' on connection '12'!
[02:05:04.6986460]:[ServerWorld] Connection disconnected ID:0 Reason:ConnectionClose
Starting game stream on connection 13!
'Spawning a Ghost '' for user '19' on connection '13'!
[02:05:04.7330170]:[ServerWorld] Connection disconnected ID:0 Reason:ConnectionClose
Starting game stream on connection 14!
'Spawning a Ghost '' for user '11' on connection '14'!
[02:05:04.7492050]:[ServerWorld] New connection ID:15
[02:05:04.7492050]:[ServerWorld] New connection ID:16
[02:05:04.7492050]:[ServerWorld] Connection disconnected ID:0 Reason:ConnectionClose
[02:05:04.7965240]:[ServerWorld] New connection ID:17
[02:05:04.8160990]:[ServerWorld] New connection ID:18
Starting game stream on connection 15!
'Spawning a Ghost '' for user '13' on connection '15'!
[02:05:04.8636050]:[ServerWorld] Connection disconnected ID:0 Reason:ConnectionClose
Starting game stream on connection 16!
'Spawning a Ghost '' for user '20' on connection '16'!
[02:05:04.8817670]:[ServerWorld] Connection disconnected ID:0 Reason:ConnectionClose
Starting game stream on connection 18!
Starting game stream on connection 17!
'Spawning a Ghost '' for user '16' on connection '18'!
[02:05:04.9326460]:[ServerWorld] Connection disconnected ID:0 Reason:ConnectionClose
'Spawning a Ghost '' for user '17' on connection '17'!
[02:05:04.9460450]:[ServerWorld] Connection disconnected ID:0 Reason:ConnectionClose
[02:05:05.0007630]:[ServerWorld] New connection ID:19
[02:05:05.0007630]:[ServerWorld] New connection ID:20
Starting game stream on connection 19!
Starting game stream on connection 20!
'Spawning a Ghost '' for user '14' on connection '20'!
'Spawning a Ghost '' for user '12' on connection '19'!
[02:05:05.1292040]:[ServerWorld] Connection disconnected ID:0 Reason:ConnectionClose
[02:05:05.1292040]:[ServerWorld] Connection disconnected ID:0 Reason:ConnectionClose
TerrainLogicSystem Tick 3
[02:05:07.6471520]:[ServerWorld] New connection ID:21
[02:05:07.6800490]:[ServerWorld] New connection ID:22
[02:05:07.6800490]:[ServerWorld] New connection ID:23
[02:05:07.7314510]:[ServerWorld] New connection ID:24
Starting game stream on connection 21!
'Spawning a Ghost '' for user '30' on connection '21'!
[02:05:07.7796390]:[ServerWorld] Connection disconnected ID:0 Reason:ConnectionClose
Starting game stream on connection 22!
Starting game stream on connection 23!
'Spawning a Ghost '' for user '25' on connection '22'!
'Spawning a Ghost '' for user '29' on connection '23'!
[02:05:07.7970590]:[ServerWorld] Connection disconnected ID:0 Reason:ConnectionClose
[02:05:07.7970590]:[ServerWorld] Connection disconnected ID:0 Reason:ConnectionClose
[02:05:07.8129760]:[ServerWorld] New connection ID:25
Starting game stream on connection 24!
'Spawning a Ghost '' for user '27' on connection '24'!
[02:05:07.8474500]:[ServerWorld] Connection disconnected ID:0 Reason:ConnectionClose
[02:05:07.8992580]:[ServerWorld] New connection ID:26
Starting game stream on connection 25!
'Spawning a Ghost '' for user '28' on connection '25'!
[02:05:07.9323330]:[ServerWorld] Connection disconnected ID:0 Reason:ConnectionClose
[02:05:07.9486450]:[ServerWorld] New connection ID:27
[02:05:07.9486450]:[ServerWorld] New connection ID:28
[02:05:08.0010910]:[ServerWorld] New connection ID:29
Starting game stream on connection 26!
'Spawning a Ghost '' for user '26' on connection '26'!
[02:05:08.0157420]:[ServerWorld] New connection ID:30
[02:05:08.0157420]:[ServerWorld] Connection disconnected ID:0 Reason:ConnectionClose
Starting game stream on connection 28!
Starting game stream on connection 27!
'Spawning a Ghost '' for user '22' on connection '28'!
[02:05:08.0645100]:[ServerWorld] Connection disconnected ID:0 Reason:ConnectionClose
'Spawning a Ghost '' for user '21' on connection '27'!
[02:05:08.0798740]:[ServerWorld] Connection disconnected ID:0 Reason:ConnectionClose
Starting game stream on connection 29!
'Spawning a Ghost '' for user '23' on connection '29'!
[02:05:08.1298400]:[ServerWorld] Connection disconnected ID:0 Reason:ConnectionClose
Starting game stream on connection 30!
'Spawning a Ghost '' for user '24' on connection '30'!
[02:05:08.1806540]:[ServerWorld] Connection disconnected ID:0 Reason:ConnectionClose
[02:05:10.6638880]:[ServerWorld] New connection ID:31
[02:05:10.7005840]:[ServerWorld] New connection ID:32
[02:05:10.7338060]:[ServerWorld] New connection ID:33
Starting game stream on connection 31!
[02:05:10.7467960]:[ServerWorld] New connection ID:35
[02:05:10.7467960]:[ServerWorld] New connection ID:34
'Spawning a Ghost '' for user '40' on connection '31'!
[02:05:10.7643800]:[ServerWorld] Connection disconnected ID:0 Reason:ConnectionClose
[02:05:10.7960070]:[ServerWorld] New connection ID:36
Starting game stream on connection 32!
'Spawning a Ghost '' for user '33' on connection '32'!
[02:05:10.8148700]:[ServerWorld] Connection disconnected ID:0 Reason:ConnectionClose
Starting game stream on connection 34!
Starting game stream on connection 33!
'Spawning a Ghost '' for user '32' on connection '34'!
'Spawning a Ghost '' for user '36' on connection '33'!
[02:05:10.8639350]:[ServerWorld] Connection disconnected ID:0 Reason:ConnectionClose
[02:05:10.8639350]:[ServerWorld] Connection disconnected ID:0 Reason:ConnectionClose
Starting game stream on connection 35!
Starting game stream on connection 36!
'Spawning a Ghost '' for user '38' on connection '35'!
[02:05:10.8997340]:[ServerWorld] New connection ID:37
[02:05:10.8997340]:[ServerWorld] New connection ID:38
[02:05:10.8997340]:[ServerWorld] Connection disconnected ID:0 Reason:ConnectionClose
'Spawning a Ghost '' for user '39' on connection '36'!
[02:05:10.9142510]:[ServerWorld] New connection ID:39
[02:05:10.9142510]:[ServerWorld] Connection disconnected ID:0 Reason:ConnectionClose
Starting game stream on connection 38!
'Spawning a Ghost '' for user '34' on connection '38'!
[02:05:11.0158860]:[ServerWorld] Connection disconnected ID:0 Reason:ConnectionClose
Starting game stream on connection 37!
Starting game stream on connection 39!
'Spawning a Ghost '' for user '31' on connection '37'!
'Spawning a Ghost '' for user '35' on connection '39'!
[02:05:11.0664250]:[ServerWorld] New connection ID:40
[02:05:11.0664250]:[ServerWorld] Connection disconnected ID:0 Reason:ConnectionClose
[02:05:11.0664250]:[ServerWorld] Connection disconnected ID:0 Reason:ConnectionClose
Starting game stream on connection 40!
'Spawning a Ghost '' for user '37' on connection '40'!
[02:05:11.1826190]:[ServerWorld] Connection disconnected ID:0 Reason:ConnectionClose
TerrainLogicSystem Tick 4
[02:05:13.5315410]:[ServerWorld] New connection ID:41
[02:05:13.5315410]:[ServerWorld] New connection ID:42
Starting game stream on connection 41!
Starting game stream on connection 42!
'Spawning a Ghost '' for user '45' on connection '41'!
[02:05:13.6337270]:[ServerWorld] New connection ID:43
[02:05:13.6337270]:[ServerWorld] Connection disconnected ID:0 Reason:ConnectionClose
'Spawning a Ghost '' for user '43' on connection '42'!
[02:05:13.6468150]:[ServerWorld] New connection ID:44
[02:05:13.6468150]:[ServerWorld] Connection disconnected ID:0 Reason:ConnectionClose
Starting game stream on connection 43!
Starting game stream on connection 44!
'Spawning a Ghost '' for user '41' on connection '43'!
[02:05:13.7307020]:[ServerWorld] New connection ID:45
[02:05:13.7307020]:[ServerWorld] New connection ID:46
[02:05:13.7307020]:[ServerWorld] Connection disconnected ID:0 Reason:ConnectionClose
'Spawning a Ghost '' for user '50' on connection '44'!
[02:05:13.7504430]:[ServerWorld] New connection ID:48
[02:05:13.7504430]:[ServerWorld] New connection ID:47
[02:05:13.7504430]:[ServerWorld] Connection disconnected ID:0 Reason:ConnectionClose
[02:05:13.7965020]:[ServerWorld] New connection ID:49
Starting game stream on connection 45!
Starting game stream on connection 46!
'Spawning a Ghost '' for user '47' on connection '45'!
'Spawning a Ghost '' for user '46' on connection '46'!
[02:05:13.8494250]:[ServerWorld] Connection disconnected ID:0 Reason:ConnectionClose
[02:05:13.8494250]:[ServerWorld] Connection disconnected ID:0 Reason:ConnectionClose
Starting game stream on connection 47!
Starting game stream on connection 48!
'Spawning a Ghost '' for user '48' on connection '47'!
'Spawning a Ghost '' for user '42' on connection '48'!
[02:05:13.8629850]:[ServerWorld] New connection ID:50
[02:05:13.8629850]:[ServerWorld] Connection disconnected ID:0 Reason:ConnectionClose
[02:05:13.8629850]:[ServerWorld] Connection disconnected ID:0 Reason:ConnectionClose
Starting game stream on connection 49!
'Spawning a Ghost '' for user '44' on connection '49'!
[02:05:13.9153690]:[ServerWorld] Connection disconnected ID:0 Reason:ConnectionClose
Starting game stream on connection 50!
'Spawning a Ghost '' for user '49' on connection '50'!
[02:05:13.9640970]:[ServerWorld] Connection disconnected ID:0 Reason:ConnectionClose
[02:05:16.5170770]:[ServerWorld] New connection ID:51
[02:05:16.5170770]:[ServerWorld] New connection ID:52
[02:05:16.5170770]:[ServerWorld] New connection ID:53
[02:05:16.5646160]:[ServerWorld] New connection ID:54
Starting game stream on connection 52!
Starting game stream on connection 51!
Starting game stream on connection 53!
'Spawning a Ghost '' for user '53' on connection '53'!
'Spawning a Ghost '' for user '51' on connection '52'!
[02:05:16.6146930]:[ServerWorld] New connection ID:55
[02:05:16.6146930]:[ServerWorld] Connection disconnected ID:0 Reason:ConnectionClose
[02:05:16.6146930]:[ServerWorld] Connection disconnected ID:0 Reason:ConnectionClose
'Spawning a Ghost '' for user '55' on connection '51'!
[02:05:16.6348000]:[ServerWorld] New connection ID:56
[02:05:16.6348000]:[ServerWorld] Connection disconnected ID:0 Reason:ConnectionClose
Starting game stream on connection 54!
'Spawning a Ghost '' for user '58' on connection '54'!
[02:05:16.6648470]:[ServerWorld] New connection ID:57
[02:05:16.6648470]:[ServerWorld] Connection disconnected ID:0 Reason:ConnectionClose
Starting game stream on connection 55!
'Spawning a Ghost '' for user '59' on connection '55'!
[02:05:16.7009600]:[ServerWorld] Connection disconnected ID:0 Reason:ConnectionClose
[02:05:16.7145660]:[ServerWorld] New connection ID:58
Starting game stream on connection 56!
'Spawning a Ghost '' for user '60' on connection '56'!
[02:05:16.7332980]:[ServerWorld] New connection ID:59
[02:05:16.7332980]:[ServerWorld] Connection disconnected ID:0 Reason:ConnectionClose
Starting game stream on connection 57!
[02:05:16.7627560]:[ServerWorld] New connection ID:60
'Spawning a Ghost '' for user '52' on connection '57'!
[02:05:16.7814170]:[ServerWorld] Connection disconnected ID:0 Reason:ConnectionClose
Starting game stream on connection 58!
'Spawning a Ghost '' for user '57' on connection '58'!
[02:05:16.8166520]:[ServerWorld] Connection disconnected ID:0 Reason:ConnectionClose
Starting game stream on connection 59!
'Spawning a Ghost '' for user '56' on connection '59'!
[02:05:16.8302160]:[ServerWorld] Connection disconnected ID:0 Reason:ConnectionClose
Starting game stream on connection 60!
'Spawning a Ghost '' for user '54' on connection '60'!
[02:05:16.8829220]:[ServerWorld] Connection disconnected ID:0 Reason:ConnectionClose
TerrainLogicSystem Tick 5
[02:05:19.4970910]:[ServerWorld] New connection ID:61
[02:05:19.5305490]:[ServerWorld] New connection ID:62
Starting game stream on connection 61!
'Spawning a Ghost '' for user '61' on connection '61'!
[02:05:19.6000530]:[ServerWorld] Connection disconnected ID:0 Reason:ConnectionClose
Starting game stream on connection 62!
'Spawning a Ghost '' for user '62' on connection '62'!
[02:05:19.6322300]:[ServerWorld] New connection ID:63
[02:05:19.6322300]:[ServerWorld] Connection disconnected ID:0 Reason:ConnectionClose
[02:05:19.6648040]:[ServerWorld] New connection ID:64
[02:05:19.6648040]:[ServerWorld] New connection ID:65
[02:05:19.6648040]:[ServerWorld] New connection ID:66
[02:05:19.6990320]:[ServerWorld] New connection ID:67
[02:05:19.6990320]:[ServerWorld] New connection ID:68
Starting game stream on connection 63!
'Spawning a Ghost '' for user '68' on connection '63'!
[02:05:19.7152390]:[ServerWorld] New connection ID:69
[02:05:19.7152390]:[ServerWorld] Connection disconnected ID:0 Reason:ConnectionClose
Starting game stream on connection 66!
Starting game stream on connection 64!
'Spawning a Ghost '' for user '69' on connection '66'!
'Spawning a Ghost '' for user '67' on connection '64'!
[02:05:19.7651340]:[ServerWorld] New connection ID:70
[02:05:19.7651340]:[ServerWorld] Connection disconnected ID:0 Reason:ConnectionClose
[02:05:19.7651340]:[ServerWorld] Connection disconnected ID:0 Reason:ConnectionClose
Starting game stream on connection 65!
Starting game stream on connection 67!
'Spawning a Ghost '' for user '65' on connection '65'!
'Spawning a Ghost '' for user '63' on connection '67'!
[02:05:19.7821080]:[ServerWorld] Connection disconnected ID:0 Reason:ConnectionClose
[02:05:19.7821080]:[ServerWorld] Connection disconnected ID:0 Reason:ConnectionClose
Starting game stream on connection 69!
Starting game stream on connection 68!
'Spawning a Ghost '' for user '64' on connection '68'!
[02:05:19.8243250]:[ServerWorld] Connection disconnected ID:0 Reason:ConnectionClose
'Spawning a Ghost '' for user '70' on connection '69'!
[02:05:19.8518330]:[ServerWorld] Connection disconnected ID:0 Reason:ConnectionClose
Starting game stream on connection 70!
'Spawning a Ghost '' for user '66' on connection '70'!
[02:05:19.8831040]:[ServerWorld] Connection disconnected ID:0 Reason:ConnectionClose
TerrainLogicSystem Tick 6
[02:05:22.5804450]:[ServerWorld] New connection ID:71
[02:05:22.6176240]:[ServerWorld] New connection ID:72
[02:05:22.6176240]:[ServerWorld] New connection ID:73
[02:05:22.6374000]:[ServerWorld] New connection ID:74
Starting game stream on connection 71!
'Spawning a Ghost '' for user '72' on connection '71'!
[02:05:22.6659640]:[ServerWorld] Connection disconnected ID:0 Reason:ConnectionClose
[02:05:22.6986450]:[ServerWorld] New connection ID:75
Starting game stream on connection 72!
'Spawning a Ghost '' for user '75' on connection '72'!
[02:05:22.7146830]:[ServerWorld] Connection disconnected ID:0 Reason:ConnectionClose
Starting game stream on connection 74!
Starting game stream on connection 73!
'Spawning a Ghost '' for user '71' on connection '73'!
[02:05:22.7310110]:[ServerWorld] New connection ID:76
[02:05:22.7310110]:[ServerWorld] Connection disconnected ID:0 Reason:ConnectionClose
'Spawning a Ghost '' for user '80' on connection '74'!
[02:05:22.7474640]:[ServerWorld] New connection ID:77
[02:05:22.7474640]:[ServerWorld] Connection disconnected ID:0 Reason:ConnectionClose
Starting game stream on connection 75!
'Spawning a Ghost '' for user '79' on connection '75'!
[02:05:22.8017570]:[ServerWorld] New connection ID:78
[02:05:22.8017570]:[ServerWorld] Connection disconnected ID:0 Reason:ConnectionClose
[02:05:22.8178400]:[ServerWorld] New connection ID:79
Starting game stream on connection 77!
Starting game stream on connection 76!
'Spawning a Ghost '' for user '77' on connection '77'!
[02:05:22.8500480]:[ServerWorld] Connection disconnected ID:0 Reason:ConnectionClose
'Spawning a Ghost '' for user '74' on connection '76'!
[02:05:22.8662140]:[ServerWorld] Connection disconnected ID:0 Reason:ConnectionClose
Starting game stream on connection 78!
'Spawning a Ghost '' for user '78' on connection '78'!
[02:05:22.8989770]:[ServerWorld] Connection disconnected ID:0 Reason:ConnectionClose
Starting game stream on connection 79!
'Spawning a Ghost '' for user '73' on connection '79'!
[02:05:22.9315250]:[ServerWorld] Connection disconnected ID:0 Reason:ConnectionClose
[02:05:22.9484530]:[ServerWorld] New connection ID:80
Starting game stream on connection 80!
'Spawning a Ghost '' for user '76' on connection '80'!
[02:05:23.0652740]:[ServerWorld] Connection disconnected ID:0 Reason:ConnectionClose
TerrainLogicSystem Tick 7
TerrainLogicSystem Tick 8
TerrainLogicSystem Tick 9
TerrainLogicSystem Tick 10
TerrainLogicSystem Tick 11
TerrainLogicSystem Tick 12
TerrainLogicSystem Tick 13
TerrainLogicSystem Tick 14
TerrainLogicSystem Tick 15
TerrainLogicSystem Tick 16
TerrainLogicSystem Tick 17
TerrainLogicSystem Tick 18
TerrainLogicSystem Tick 19
TerrainLogicSystem Tick 20
TerrainLogicSystem Tick 21
TerrainLogicSystem Tick 22
TerrainLogicSystem Tick 23
TerrainLogicSystem Tick 24
TerrainLogicSystem Tick 25
TerrainLogicSystem Tick 26
TerrainLogicSystem Tick 27
TerrainLogicSystem Tick 28
TerrainLogicSystem Tick 29
TerrainLogicSystem Tick 30
TerrainLogicSystem Tick 31
TerrainLogicSystem Tick 32
TerrainLogicSystem Tick 33
TerrainLogicSystem Tick 34
TerrainLogicSystem Tick 35
TerrainLogicSystem Tick 36
Caught fatal signal - signo:15 code:0 errno:0 addr:0x15020006e051
Obtained 29 stack frames.
#0  0x007fd5f75139c9 in PlayerMain(int, char**)
#1  0x007fd5f75084b7 in (Unknown)
#2  0x007fd5f5270c20 in funlockfile
#3  0x007fd519f132f5 in GC_mark_from
#4  0x007fd519f0f339 in GC_mark_some
#5  0x007fd519f0f107 in GC_collect_a_little_inner
#6  0x007fd519f145f3 in GC_alloc_large
#7  0x007fd519f11454 in GC_generic_malloc
#8  0x007fd519f147da in GC_malloc_kind_global
#9  0x007fd519ee2389 in il2cpp::vm::Object::AllocatePtrFree(unsigned long, Il2CppClass*)
#10 0x007fd519e4f362 in il2cpp::vm::String::NewSize(int)
#11 0x007fd51d417b7a in String_FastAllocateString_m071BD33B9EFB2375443E1550C028861164D0F104
#12 0x007fd51d404589 in String_Concat_m9E3155FB84015C823606188F53B47CB44C444991
#13 0x007fd51d8bd857 in StatisticsWriter_Update_m24123BF001E17A5463E4292E5A6CFD276BBDA76C
#14 0x007fd51d8bd523 in StatisticsWriterInstance_Update_m336F478398EDE3BFB1A5F3FBFF6830892C7A1FF0
#15 0x007fd519e88073 in il2cpp::vm::Runtime::InvokeWithThrow(MethodInfo const*, void*, void**)
#16 0x007fd519e87fdb in il2cpp::vm::Runtime::Invoke(MethodInfo const*, void*, void**, Il2CppException**)
#17 0x007fd5f744cf0b in (Unknown)
#18 0x007fd5f7457cd7 in (Unknown)
#19 0x007fd5f747e9a4 in (Unknown)
#20 0x007fd5f6c81c96 in (Unknown)
#21 0x007fd5f6c81aae in (Unknown)
#22 0x007fd5f6f9f8cd in (Unknown)
#23 0x007fd5f6f8b247 in (Unknown)
#24 0x007fd5f6f8b201 in (Unknown)
#25 0x007fd5f6f8b570 in (Unknown)
#26 0x007fd5f750a077 in PlayerMain(int, char**)
#27 0x007fd5f4ebc493 in __libc_start_main
#28 0x00000000201029 in _start
Setting up 12 worker threads for Enlighten.
Calling DomainUnloadOrPlayModeChangeShutdown!
Writing stats to file
Caught fatal signal - signo:11 code:1 errno:0 addr:0x48
Obtained 25 stack frames.
#0  0x007fd5f75139c9 in PlayerMain(int, char**)
#1  0x007fd5f75084b7 in (Unknown)
#2  0x007fd5f5270c20 in funlockfile
#3  0x007fd5f6ecbff3 in (Unknown)
#4  0x007fd5f6ecc671 in (Unknown)
#5  0x007fd5f6eace7a in (Unknown)
#6  0x007fd5f78a842e in PlayerMain(int, char**)
#7  0x007fd5f685a426 in (Unknown)
#8  0x007fd51ef6d320 in ContentLoadInterface_ContentFile_UnloadAsync_Injected_mBD2F1D561285B0DE37DCDA4DEA75931201B5E680
#9  0x007fd51ef6c78f in ContentLoadInterface_ContentFile_UnloadAsync_m197A3C60564D4E9F9049BAD57B46FB404A8F17BD
#10 0x007fd51ef6c635 in ContentFile_UnloadAsync_mF35518E83FCF4C1701AF2C6CEBF7E507490481D6
#11 0x007fd51e1e456a in RuntimeContentManager_ReleaseFile_m12EDB377B39EF4D01B3268E711303D79747A4F4C
#12 0x007fd51e1e245c in RuntimeContentManager_ReleaseObjectImpl_m84E24B7727CAA367D95ABC97FC529A5594840414
#13 0x007fd51e1e0ae8 in RuntimeContentManager_Cleanup_m6436DF58ED05204D0A7DFACFB212018BD6B813FD
#14 0x007fd51e1e1f38 in RuntimeContentManager_OnShutdown_m09B1F0AD37BE7168472DDB84F55C43F02CD40113
#15 0x007fd519cdde76 in EventHandler_Invoke_m9D3126CBE291A3E7E7C304094E1DA846832F9B96_Multicast(EventHandler_tC6323FD7E6163F965259C33D72612C0E5B9BAB82*, Il2CppObject*, EventArgs_t37273F03EAC87217701DD431B190FBD84AD7C377*, MethodInfo const*)
#16 0x007fd51d64f7b0 in EventHandler_Invoke_m9D3126CBE291A3E7E7C304094E1DA846832F9B96
#17 0x007fd519e88073 in il2cpp::vm::Runtime::InvokeWithThrow(MethodInfo const*, void*, void**)
#18 0x007fd519e87fdb in il2cpp::vm::Runtime::Invoke(MethodInfo const*, void*, void**, Il2CppException**)
#19 0x007fd519e87b1c in il2cpp::vm::Runtime::Shutdown()
#20 0x007fd5f7461f56 in (Unknown)
#21 0x007fd5f6f9d658 in (Unknown)
#22 0x007fd5f7509ee6 in PlayerMain(int, char**)
#23 0x007fd5f4ebc493 in __libc_start_main
#24 0x00000000201029 in _start
